2020-08-19T17:47:10+01:00|reframe 3.0-dev6 (rev: 3f0c45d4)|Gromacs_3000k_8 on alaska:ib-gcc9-openmpi4-ucx using gromacs|jobid=5039|ns_per_day=4.832|ns/day|ref=0 (l=None, u=None)|num_nodes=8,num_procs=256,3000k-atoms
2020-08-19T17:47:10+01:00|reframe 3.0-dev6 (rev: 3f0c45d4)|Gromacs_3000k_8 on alaska:ib-gcc9-openmpi4-ucx using gromacs|jobid=5039|hour_per_ns=4.967|hour/ns|ref=0 (l=None, u=None)|num_nodes=8,num_procs=256,3000k-atoms
2020-08-19T17:47:10+01:00|reframe 3.0-dev6 (rev: 3f0c45d4)|Gromacs_3000k_8 on alaska:ib-gcc9-openmpi4-ucx using gromacs|jobid=5039|core_t=183134.796|s|ref=0 (l=None, u=None)|num_nodes=8,num_procs=256,3000k-atoms
2020-08-19T17:47:10+01:00|reframe 3.0-dev6 (rev: 3f0c45d4)|Gromacs_3000k_8 on alaska:ib-gcc9-openmpi4-ucx using gromacs|jobid=5039|wall_t=357.685|s|ref=0 (l=None, u=None)|num_nodes=8,num_procs=256,3000k-atoms
2020-08-19T17:47:10+01:00|reframe 3.0-dev6 (rev: 3f0c45d4)|Gromacs_3000k_8 on alaska:ib-gcc9-openmpi4-ucx using gromacs|jobid=5039|runtime_real=369.716|s|ref=0 (l=None, u=None)|num_nodes=8,num_procs=256,3000k-atoms
2020-09-08T17:12:21+01:00|reframe 3.0-dev6 (rev: 3f0c45d4)|Gromacs_3000k_8 on alaska:ib-gcc9-openmpi4-ucx using gromacs|jobid=5228|ns_per_day=4.374|ns/day|ref=0 (l=None, u=None)|3000k-atoms,num_procs=256,num_nodes=8
2020-09-08T17:12:21+01:00|reframe 3.0-dev6 (rev: 3f0c45d4)|Gromacs_3000k_8 on alaska:ib-gcc9-openmpi4-ucx using gromacs|jobid=5228|hour_per_ns=5.487|hour/ns|ref=0 (l=None, u=None)|3000k-atoms,num_procs=256,num_nodes=8
2020-09-08T17:12:21+01:00|reframe 3.0-dev6 (rev: 3f0c45d4)|Gromacs_3000k_8 on alaska:ib-gcc9-openmpi4-ucx using gromacs|jobid=5228|core_t=202290.254|s|ref=0 (l=None, u=None)|3000k-atoms,num_procs=256,num_nodes=8
2020-09-08T17:12:21+01:00|reframe 3.0-dev6 (rev: 3f0c45d4)|Gromacs_3000k_8 on alaska:ib-gcc9-openmpi4-ucx using gromacs|jobid=5228|wall_t=395.098|s|ref=0 (l=None, u=None)|3000k-atoms,num_procs=256,num_nodes=8
2020-09-08T17:12:21+01:00|reframe 3.0-dev6 (rev: 3f0c45d4)|Gromacs_3000k_8 on alaska:ib-gcc9-openmpi4-ucx using gromacs|jobid=5228|runtime_real=407.404|s|ref=0 (l=None, u=None)|3000k-atoms,num_procs=256,num_nodes=8
2020-09-09T15:54:40+01:00|reframe 3.0-dev6 (rev: 3f0c45d4)|Gromacs_3000k_8 on alaska:ib-gcc9-openmpi4-ucx using gromacs|jobid=5274|ns_per_day=3.837|ns/day|ref=0 (l=None, u=None)|3000k-atoms,num_procs=256,num_nodes=8
2020-09-09T15:54:40+01:00|reframe 3.0-dev6 (rev: 3f0c45d4)|Gromacs_3000k_8 on alaska:ib-gcc9-openmpi4-ucx using gromacs|jobid=5274|hour_per_ns=6.254|hour/ns|ref=0 (l=None, u=None)|3000k-atoms,num_procs=256,num_nodes=8
2020-09-09T15:54:40+01:00|reframe 3.0-dev6 (rev: 3f0c45d4)|Gromacs_3000k_8 on alaska:ib-gcc9-openmpi4-ucx using gromacs|jobid=5274|core_t=230579.174|s|ref=0 (l=None, u=None)|3000k-atoms,num_procs=256,num_nodes=8
2020-09-09T15:54:40+01:00|reframe 3.0-dev6 (rev: 3f0c45d4)|Gromacs_3000k_8 on alaska:ib-gcc9-openmpi4-ucx using gromacs|jobid=5274|wall_t=450.35|s|ref=0 (l=None, u=None)|3000k-atoms,num_procs=256,num_nodes=8
2020-09-09T15:54:40+01:00|reframe 3.0-dev6 (rev: 3f0c45d4)|Gromacs_3000k_8 on alaska:ib-gcc9-openmpi4-ucx using gromacs|jobid=5274|runtime_real=462.041|s|ref=0 (l=None, u=None)|3000k-atoms,num_procs=256,num_nodes=8
2020-09-10T10:13:16+01:00|reframe 3.0-dev6 (rev: 3f0c45d4)|Gromacs_3000k_8 on alaska:ib-gcc9-openmpi4-ucx using gromacs|jobid=5311|ns_per_day=3.816|ns/day|ref=0 (l=None, u=None)|3000k-atoms,num_nodes=8,num_procs=256
2020-09-10T10:13:16+01:00|reframe 3.0-dev6 (rev: 3f0c45d4)|Gromacs_3000k_8 on alaska:ib-gcc9-openmpi4-ucx using gromacs|jobid=5311|hour_per_ns=6.29|hour/ns|ref=0 (l=None, u=None)|3000k-atoms,num_nodes=8,num_procs=256
2020-09-10T10:13:16+01:00|reframe 3.0-dev6 (rev: 3f0c45d4)|Gromacs_3000k_8 on alaska:ib-gcc9-openmpi4-ucx using gromacs|jobid=5311|core_t=231880.193|s|ref=0 (l=None, u=None)|3000k-atoms,num_nodes=8,num_procs=256
2020-09-10T10:13:16+01:00|reframe 3.0-dev6 (rev: 3f0c45d4)|Gromacs_3000k_8 on alaska:ib-gcc9-openmpi4-ucx using gromacs|jobid=5311|wall_t=452.891|s|ref=0 (l=None, u=None)|3000k-atoms,num_nodes=8,num_procs=256
2020-09-10T10:13:16+01:00|reframe 3.0-dev6 (rev: 3f0c45d4)|Gromacs_3000k_8 on alaska:ib-gcc9-openmpi4-ucx using gromacs|jobid=5311|runtime_real=464.467|s|ref=0 (l=None, u=None)|3000k-atoms,num_nodes=8,num_procs=256
2020-09-10T15:03:03+01:00|reframe 3.0-dev6 (rev: 3f0c45d4)|Gromacs_3000k_8 on alaska:ib-gcc9-openmpi4-ucx using gromacs|jobid=6405|ns_per_day=3.581|ns/day|ref=0 (l=None, u=None)|num_procs=256,3000k-atoms,num_nodes=8
2020-09-10T15:03:03+01:00|reframe 3.0-dev6 (rev: 3f0c45d4)|Gromacs_3000k_8 on alaska:ib-gcc9-openmpi4-ucx using gromacs|jobid=6405|hour_per_ns=6.702|hour/ns|ref=0 (l=None, u=None)|num_procs=256,3000k-atoms,num_nodes=8
2020-09-10T15:03:03+01:00|reframe 3.0-dev6 (rev: 3f0c45d4)|Gromacs_3000k_8 on alaska:ib-gcc9-openmpi4-ucx using gromacs|jobid=6405|core_t=247097.019|s|ref=0 (l=None, u=None)|num_procs=256,3000k-atoms,num_nodes=8
2020-09-10T15:03:03+01:00|reframe 3.0-dev6 (rev: 3f0c45d4)|Gromacs_3000k_8 on alaska:ib-gcc9-openmpi4-ucx using gromacs|jobid=6405|wall_t=482.611|s|ref=0 (l=None, u=None)|num_procs=256,3000k-atoms,num_nodes=8
2020-09-10T15:03:03+01:00|reframe 3.0-dev6 (rev: 3f0c45d4)|Gromacs_3000k_8 on alaska:ib-gcc9-openmpi4-ucx using gromacs|jobid=6405|runtime_real=493.758|s|ref=0 (l=None, u=None)|num_procs=256,3000k-atoms,num_nodes=8
