[0] MPI startup(): I_MPI_OFA_TRANSLATION_CACHE variable has been removed from the product, its value is ignored

#------------------------------------------------------------
#    Intel(R) MPI Benchmarks 2019 Update 6, MPI-1 part    
#------------------------------------------------------------
# Date                  : Thu Oct  1 16:20:15 2020
# Machine               : x86_64
# System                : Linux
# Release               : 3.10.0-1127.19.1.el7.x86_64
# Version               : #1 SMP Tue Aug 25 17:23:54 UTC 2020
# MPI Version           : 3.1
# MPI Thread Environment: 


# Calling sequence was: 

# /usr/local/Cluster-Apps/intel/2020.2/compilers_and_libraries_2020.2.254/linux/mpi/intel64/bin/IMB-MPI1 pingpong 

# Minimum message length in bytes:   0
# Maximum message length in bytes:   4194304
#
# MPI_Datatype                   :   MPI_BYTE 
# MPI_Datatype for reductions    :   MPI_FLOAT 
# MPI_Op                         :   MPI_SUM  
# 
# 

# List of Benchmarks to run:

# PingPong

#---------------------------------------------------
# Benchmarking PingPong 
# #processes = 2 
#---------------------------------------------------
       #bytes #repetitions      t[usec]   Mbytes/sec
            0         1000         1.09         0.00
            1         1000         1.06         0.94
            2         1000         1.06         1.88
            4         1000         1.07         3.73
            8         1000         1.07         7.47
           16         1000         1.06        15.03
           32         1000         1.08        29.68
           64         1000         1.18        54.37
          128         1000         1.23       104.44
          256         1000         1.45       176.78
          512         1000         1.55       331.01
         1024         1000         1.72       595.82
         2048         1000         2.24       913.02
         4096         1000         3.00      1365.51
         8192         1000         3.89      2104.41
        16384         1000         5.50      2977.12
        32768         1000         9.34      3509.52
        65536          640        12.27      5339.78
       131072          320        17.26      7592.52
       262144          160        27.90      9396.24
       524288           80        49.66     10557.52
      1048576           40        92.09     11386.04
      2097152           20       177.04     11845.97
      4194304           10       347.52     12069.36


# All processes entering MPI_Finalize

