Log file opened on Wed Sep 30 15:22:39 2020
Host: cpu-p-176  pid: 55583  rank ID: 0  number of ranks:  448
                      :-) GROMACS - gmx mdrun, 2016.6 (-:

                            GROMACS is written by:
     Emile Apol      Rossen Apostolov  Herman J.C. Berendsen    Par Bjelkmar   
 Aldert van Buuren   Rudi van Drunen     Anton Feenstra    Gerrit Groenhof  
 Christoph Junghans   Anca Hamuraru    Vincent Hindriksen Dimitrios Karkoulis
    Peter Kasson        Jiri Kraus      Carsten Kutzner      Per Larsson    
  Justin A. Lemkul   Magnus Lundborg   Pieter Meulenhoff    Erik Marklund   
   Teemu Murtola       Szilard Pall       Sander Pronk      Roland Schulz   
  Alexey Shvetsov     Michael Shirts     Alfons Sijbers     Peter Tieleman  
  Teemu Virolainen  Christian Wennberg    Maarten Wolf   
                           and the project leaders:
        Mark Abraham, Berk Hess, Erik Lindahl, and David van der Spoel

Copyright (c) 1991-2000, University of Groningen, The Netherlands.
Copyright (c) 2001-2017, The GROMACS development team at
Uppsala University, Stockholm University and
the Royal Institute of Technology, Sweden.
check out http://www.gromacs.org for more information.

GROMACS is free software; you can redistribute it and/or modify it
under the terms of the GNU Lesser General Public License
as published by the Free Software Foundation; either version 2.1
of the License, or (at your option) any later version.

GROMACS:      gmx mdrun, version 2016.6
Executable:   /home/hpcbras1/spack/opt/spack/linux-scientific7-skylake_avx512/gcc-9.1.0/gromacs-2016.6-kgomb677so5w42qytvzkbdmclmzk5mvl/bin/gmx_mpi
Data prefix:  /home/hpcbras1/spack/opt/spack/linux-scientific7-skylake_avx512/gcc-9.1.0/gromacs-2016.6-kgomb677so5w42qytvzkbdmclmzk5mvl
Working dir:  /home/hpcbras1/hpc-tests/stage/csd3/cclake-ib-gcc9-ompi3-ucx/gromacs/Gromacs_HECBioSim_61k_atoms_csd3_cclake_ib_gcc9_ompi3_ucx_448_56
Command line:
  gmx_mpi mdrun -s benchmark.tpr -g 61k-atoms.log -noconfout

GROMACS version:    2016.6
Precision:          single
Memory model:       64 bit
MPI library:        MPI
OpenMP support:     enabled (GMX_OPENMP_MAX_THREADS = 32)
GPU support:        disabled
SIMD instructions:  AVX_512
FFT library:        fftw-3.3.8-sse2-avx-avx2-avx2_128-avx512
RDTSCP usage:       enabled
TNG support:        enabled
Hwloc support:      hwloc-1.11.6
Tracing support:    disabled
Built on:           Thu Sep 17 16:26:13 BST 2020
Built by:           hpcbras1@login-e-16 [CMAKE]
Build OS/arch:      Linux 3.10.0-957.58.2.el7.csd3.x86_64 x86_64
Build CPU vendor:   Unknown
Build CPU brand:    Unknown
Build CPU family:   0   Model: 0   Stepping: 0
Build CPU features: Unknown
C compiler:         /home/hpcbras1/spack/lib/spack/env/gcc/gcc GNU 9.1.0
C compiler flags:    -mavx512f -mfma -pthread    -O2 -g -DNDEBUG -funroll-all-loops -fexcess-precision=fast 
C++ compiler:       /home/hpcbras1/spack/lib/spack/env/gcc/g++ GNU 9.1.0
C++ compiler flags:  -mavx512f -mfma -pthread   -std=c++0x   -O2 -g -DNDEBUG -funroll-all-loops -fexcess-precision=fast 

Note: 56 CPUs configured, but only 1 were detected to be online.

Running on 8 nodes with total 8 cores, 8 logical cores
  Cores per node:            1 - 56
  Logical cores per node:    1 - 56
Hardware detected on host cpu-p-176 (the node of MPI rank 0):
  CPU info:
    Vendor: Intel
    Brand:  Intel(R) Xeon(R) Platinum 8276 CPU @ 2.20GHz
    Family: 6   Model: 85   Stepping: 7
    Features: aes apic avx avx2 avx512f avx512cd avx512bw avx512vl clfsh cmov cx8 cx16 f16c fma hle htt lahf mmx msr nonstop_tsc pcid pclmuldq pdcm pdpe1gb popcnt pse rdrnd rdtscp rtm sse2 sse3 sse4.1 sse4.2 ssse3 tdt x2apic
    SIMD instructions most likely to fit this hardware: AVX_512
    SIMD instructions selected at GROMACS compile time: AVX_512

  Hardware topology: Full, with devices
    Sockets, cores, and logical processors:
      Socket  0: [   0]
    Numa nodes:
      Node  0 (99745538048 bytes mem):   0
      Node  1 (101429641216 bytes mem):
      Latency:
               0     1
         0  1.00  2.10
         1  2.10  1.00
    Caches:
      L1: 32768 bytes, linesize 64 bytes, assoc. 8, shared 1 ways
      L2: 1048576 bytes, linesize 64 bytes, assoc. 16, shared 1 ways
      L3: 40370176 bytes, linesize 64 bytes, assoc. 11, shared 1 ways
    PCI devices:
      0000:00:11.5  Id: 8086:a1d2  Class: 0x0106  Numa: -1
      0000:00:17.0  Id: 8086:a182  Class: 0x0106  Numa: -1
      0000:03:00.0  Id: 102b:0536  Class: 0x0300  Numa: -1
      0000:5e:00.0  Id: 15b3:101b  Class: 0x0207  Numa: -1
      0000:5e:00.1  Id: 15b3:101b  Class: 0x0200  Numa: -1


++++ PLEASE READ AND CITE THE FOLLOWING REFERENCE ++++
M. J. Abraham, T. Murtola, R. Schulz, S. Páll, J. C. Smith, B. Hess, E.
Lindahl
GROMACS: High performance molecular simulations through multi-level
parallelism from laptops to supercomputers
SoftwareX 1 (2015) pp. 19-25
-------- -------- --- Thank You --- -------- --------


++++ PLEASE READ AND CITE THE FOLLOWING REFERENCE ++++
S. Páll, M. J. Abraham, C. Kutzner, B. Hess, E. Lindahl
Tackling Exascale Software Challenges in Molecular Dynamics Simulations with
GROMACS
In S. Markidis & E. Laure (Eds.), Solving Software Challenges for Exascale 8759 (2015) pp. 3-27
-------- -------- --- Thank You --- -------- --------


++++ PLEASE READ AND CITE THE FOLLOWING REFERENCE ++++
S. Pronk, S. Páll, R. Schulz, P. Larsson, P. Bjelkmar, R. Apostolov, M. R.
Shirts, J. C. Smith, P. M. Kasson, D. van der Spoel, B. Hess, and E. Lindahl
GROMACS 4.5: a high-throughput and highly parallel open source molecular
simulation toolkit
Bioinformatics 29 (2013) pp. 845-54
-------- -------- --- Thank You --- -------- --------


++++ PLEASE READ AND CITE THE FOLLOWING REFERENCE ++++
B. Hess and C. Kutzner and D. van der Spoel and E. Lindahl
GROMACS 4: Algorithms for highly efficient, load-balanced, and scalable
molecular simulation
J. Chem. Theory Comput. 4 (2008) pp. 435-447
-------- -------- --- Thank You --- -------- --------


++++ PLEASE READ AND CITE THE FOLLOWING REFERENCE ++++
D. van der Spoel, E. Lindahl, B. Hess, G. Groenhof, A. E. Mark and H. J. C.
Berendsen
GROMACS: Fast, Flexible and Free
J. Comp. Chem. 26 (2005) pp. 1701-1719
-------- -------- --- Thank You --- -------- --------


++++ PLEASE READ AND CITE THE FOLLOWING REFERENCE ++++
E. Lindahl and B. Hess and D. van der Spoel
GROMACS 3.0: A package for molecular simulation and trajectory analysis
J. Mol. Mod. 7 (2001) pp. 306-317
-------- -------- --- Thank You --- -------- --------


++++ PLEASE READ AND CITE THE FOLLOWING REFERENCE ++++
H. J. C. Berendsen, D. van der Spoel and R. van Drunen
GROMACS: A message-passing parallel molecular dynamics implementation
Comp. Phys. Comm. 91 (1995) pp. 43-56
-------- -------- --- Thank You --- -------- --------

Changing nstlist from 10 to 25, rlist from 1.2 to 1.241

Input Parameters:
   integrator                     = md
   tinit                          = 0
   dt                             = 0.002
   nsteps                         = 50000
   init-step                      = 0
   simulation-part                = 1
   comm-mode                      = Linear
   nstcomm                        = 2500
   bd-fric                        = 0
   ld-seed                        = 1215558636
   emtol                          = 10
   emstep                         = 0.01
   niter                          = 20
   fcstep                         = 0
   nstcgsteep                     = 1000
   nbfgscorr                      = 10
   rtpi                           = 0.05
   nstxout                        = 25000
   nstvout                        = 0
   nstfout                        = 0
   nstlog                         = 10000
   nstcalcenergy                  = 100
   nstenergy                      = 10000
   nstxout-compressed             = 0
   compressed-x-precision         = 1000
   cutoff-scheme                  = Verlet
   nstlist                        = 25
   ns-type                        = Grid
   pbc                            = xyz
   periodic-molecules             = false
   verlet-buffer-tolerance        = 0.005
   rlist                          = 1.241
   coulombtype                    = PME
   coulomb-modifier               = None
   rcoulomb-switch                = 0
   rcoulomb                       = 1.2
   epsilon-r                      = 1
   epsilon-rf                     = inf
   vdw-type                       = Cut-off
   vdw-modifier                   = Force-switch
   rvdw-switch                    = 1
   rvdw                           = 1.2
   DispCorr                       = No
   table-extension                = 1
   fourierspacing                 = 0.12
   fourier-nx                     = 80
   fourier-ny                     = 80
   fourier-nz                     = 72
   pme-order                      = 4
   ewald-rtol                     = 1e-05
   ewald-rtol-lj                  = 0.001
   lj-pme-comb-rule               = Geometric
   ewald-geometry                 = 0
   epsilon-surface                = 0
   implicit-solvent               = No
   gb-algorithm                   = Still
   nstgbradii                     = 1
   rgbradii                       = 1
   gb-epsilon-solvent             = 80
   gb-saltconc                    = 0
   gb-obc-alpha                   = 1
   gb-obc-beta                    = 0.8
   gb-obc-gamma                   = 4.85
   gb-dielectric-offset           = 0.009
   sa-algorithm                   = Ace-approximation
   sa-surface-tension             = 2.05016
   tcoupl                         = Berendsen
   nsttcouple                     = 10
   nh-chain-length                = 0
   print-nose-hoover-chain-variables = false
   pcoupl                         = Berendsen
   pcoupltype                     = Isotropic
   nstpcouple                     = 10
   tau-p                          = 5
   compressibility (3x3):
      compressibility[    0]={ 4.50000e-05,  0.00000e+00,  0.00000e+00}
      compressibility[    1]={ 0.00000e+00,  4.50000e-05,  0.00000e+00}
      compressibility[    2]={ 0.00000e+00,  0.00000e+00,  4.50000e-05}
   ref-p (3x3):
      ref-p[    0]={ 1.00000e+00,  0.00000e+00,  0.00000e+00}
      ref-p[    1]={ 0.00000e+00,  1.00000e+00,  0.00000e+00}
      ref-p[    2]={ 0.00000e+00,  0.00000e+00,  1.00000e+00}
   refcoord-scaling               = No
   posres-com (3):
      posres-com[0]= 0.00000e+00
      posres-com[1]= 0.00000e+00
      posres-com[2]= 0.00000e+00
   posres-comB (3):
      posres-comB[0]= 0.00000e+00
      posres-comB[1]= 0.00000e+00
      posres-comB[2]= 0.00000e+00
   QMMM                           = false
   QMconstraints                  = 0
   QMMMscheme                     = 0
   MMChargeScaleFactor            = 1
qm-opts:
   ngQM                           = 0
   constraint-algorithm           = Lincs
   continuation                   = true
   Shake-SOR                      = false
   shake-tol                      = 0.0001
   lincs-order                    = 4
   lincs-iter                     = 1
   lincs-warnangle                = 30
   nwall                          = 0
   wall-type                      = 9-3
   wall-r-linpot                  = -1
   wall-atomtype[0]               = -1
   wall-atomtype[1]               = -1
   wall-density[0]                = 0
   wall-density[1]                = 0
   wall-ewald-zfac                = 3
   pull                           = false
   rotation                       = false
   interactiveMD                  = false
   disre                          = No
   disre-weighting                = Conservative
   disre-mixed                    = false
   dr-fc                          = 1000
   dr-tau                         = 0
   nstdisreout                    = 100
   orire-fc                       = 0
   orire-tau                      = 0
   nstorireout                    = 100
   free-energy                    = no
   cos-acceleration               = 0
   deform (3x3):
      deform[    0]={ 0.00000e+00,  0.00000e+00,  0.00000e+00}
      deform[    1]={ 0.00000e+00,  0.00000e+00,  0.00000e+00}
      deform[    2]={ 0.00000e+00,  0.00000e+00,  0.00000e+00}
   simulated-tempering            = false
   E-x:
      n = 0
   E-xt:
      n = 0
   E-y:
      n = 0
   E-yt:
      n = 0
   E-z:
      n = 0
   E-zt:
      n = 0
   swapcoords                     = no
   userint1                       = 0
   userint2                       = 0
   userint3                       = 0
   userint4                       = 0
   userreal1                      = 0
   userreal2                      = 0
   userreal3                      = 0
   userreal4                      = 0
grpopts:
   nrdf:      141492
   ref-t:         300
   tau-t:           1
annealing:          No
annealing-npoints:           0
   acc:	           0           0           0
   nfreeze:           N           N           N
   energygrp-flags[  0]: 0


Initializing Domain Decomposition on 448 ranks
Dynamic load balancing: auto
Initial maximum inter charge-group distances:
    two-body bonded interactions: 0.431 nm, LJ-14, atoms 1457 1465
  multi-body bonded interactions: 0.492 nm, CMAP Dih., atoms 398 407
Minimum cell size due to bonded interactions: 0.542 nm
Maximum distance for 5 constraints, at 120 deg. angles, all-trans: 0.222 nm
Estimated maximum distance required for P-LINCS: 0.222 nm
Guess for relative PME load: 0.22
Will use 336 particle-particle and 112 PME only ranks
This is a guess, check the performance at the end of the log file
Using 112 separate PME ranks, as guessed by mdrun
Scaling the initial minimum size with 1/0.8 (option -dds) = 1.25
Optimizing the DD grid for 336 cells with a minimum initial size of 0.677 nm
The maximum allowed number of cells is: X 13 Y 13 Z 11
Domain decomposition grid 7 x 8 x 6, separate PME ranks 112
PME domain decomposition: 7 x 16 x 1
Interleaving PP and PME ranks
This rank does only particle-particle work.

Domain decomposition rank 0, coordinates 0 0 0

The initial number of communication pulses is: X 1 Y 2 Z 1
The initial domain decomposition cell size is: X 1.28 nm Y 1.18 nm Z 1.33 nm

The maximum allowed distance for charge groups involved in interactions is:
                 non-bonded interactions           1.241 nm
(the following are initial values, they could change due to box deformation)
            two-body bonded interactions  (-rdd)   1.241 nm
          multi-body bonded interactions  (-rdd)   1.182 nm
  atoms separated by up to 5 constraints  (-rcon)  1.182 nm

When dynamic load balancing gets turned on, these settings will change to:
The maximum number of communication pulses is: X 2 Y 2 Z 2
The minimum size for domain decomposition cells is 0.837 nm
The requested allowed shrink of DD cells (option -dds) is: 0.80
The allowed shrink of domain decomposition cells is: X 0.65 Y 0.71 Z 0.63
The maximum allowed distance for charge groups involved in interactions is:
                 non-bonded interactions           1.241 nm
            two-body bonded interactions  (-rdd)   1.241 nm
          multi-body bonded interactions  (-rdd)   0.837 nm
  atoms separated by up to 5 constraints  (-rcon)  0.837 nm

Using two step summing over 8 groups of on average 42.0 ranks

Using 448 MPI processes
Using 1 OpenMP thread per MPI process

Will do PME sum in reciprocal space for electrostatic interactions.

++++ PLEASE READ AND CITE THE FOLLOWING REFERENCE ++++
U. Essmann, L. Perera, M. L. Berkowitz, T. Darden, H. Lee and L. G. Pedersen 
A smooth particle mesh Ewald method
J. Chem. Phys. 103 (1995) pp. 8577-8592
-------- -------- --- Thank You --- -------- --------

Will do ordinary reciprocal space Ewald sum.
Using a Gaussian width (1/beta) of 0.384195 nm for Ewald
Cut-off's:   NS: 1.241   Coulomb: 1.2   LJ: 1.2
System total charge: 0.000
Generated table with 1120 data points for 1-4 COUL.
Tabscale = 500 points/nm
Generated table with 1120 data points for 1-4 LJ6.
Tabscale = 500 points/nm
Generated table with 1120 data points for 1-4 LJ12.
Tabscale = 500 points/nm
Potential shift: LJ r^-12: -2.648e-01 r^-6: -5.349e-01, Ewald -0.000e+00
Initialized non-bonded Ewald correction tables, spacing: 1.02e-03 size: 1176


Using SIMD 4x8 non-bonded kernels


Non-default thread affinity set probably by the OpenMP library,
disabling internal thread affinity

Initializing Parallel LINear Constraint Solver

++++ PLEASE READ AND CITE THE FOLLOWING REFERENCE ++++
B. Hess
P-LINCS: A Parallel Linear Constraint Solver for molecular simulation
J. Chem. Theory Comput. 4 (2008) pp. 116-122
-------- -------- --- Thank You --- -------- --------

The number of constraints is 1773
There are inter charge-group constraints,
will communicate selected coordinates each lincs iteration

++++ PLEASE READ AND CITE THE FOLLOWING REFERENCE ++++
S. Miyamoto and P. A. Kollman
SETTLE: An Analytical Version of the SHAKE and RATTLE Algorithms for Rigid
Water Models
J. Comp. Chem. 13 (1992) pp. 952-962
-------- -------- --- Thank You --- -------- --------


Linking all bonded interactions to atoms

Intra-simulation communication will occur every 5 steps.
Center of mass motion removal mode is Linear
We have the following groups for center of mass motion removal:
  0:  rest

++++ PLEASE READ AND CITE THE FOLLOWING REFERENCE ++++
H. J. C. Berendsen, J. P. M. Postma, A. DiNola and J. R. Haak
Molecular dynamics with coupling to an external bath
J. Chem. Phys. 81 (1984) pp. 3684-3690
-------- -------- --- Thank You --- -------- --------

There are: 69866 Atoms
Atom distribution over 336 domains: av 207 stddev 21 min 180 max 241

Started mdrun on rank 0 Wed Sep 30 15:22:44 2020
           Step           Time
              0        0.00000

   Energies (kJ/mol)
           Bond            U-B    Proper Dih.  Improper Dih.      CMAP Dih.
    2.86960e+03    8.33823e+03    5.11569e+03    5.45249e+02   -1.38740e+03
          LJ-14     Coulomb-14        LJ (SR)   Coulomb (SR)   Coul. recip.
    2.63927e+03    4.80006e+04    1.36280e+05   -1.11428e+06    3.10540e+03
      Potential    Kinetic En.   Total Energy    Temperature Pressure (bar)
   -9.08772e+05    1.76429e+05   -7.32343e+05    2.99940e+02    9.52392e+02
   Constr. rmsd
    2.95376e-06

DD  step 24 load imb.: force 75.6%  pme mesh/force 2.680

step  100: timed with pme grid 80 80 72, coulomb cutoff 1.200: 28.1 M-cycles
step  150: timed with pme grid 72 72 60, coulomb cutoff 1.330: 34.5 M-cycles
step  200: timed with pme grid 72 72 64, coulomb cutoff 1.313: 36.6 M-cycles
step  250: timed with pme grid 72 80 64, coulomb cutoff 1.247: 30.0 M-cycles
step  300: timed with pme grid 80 80 72, coulomb cutoff 1.200: 28.4 M-cycles
              optimal pme grid 80 80 72, coulomb cutoff 1.200

step 7500 Turning on dynamic load balancing, because the performance loss due to load imbalance is 2.2 %.

DD  step 9999  vol min/aver 0.479  load imb.: force  9.7%  pme mesh/force 1.181

           Step           Time
          10000       20.00000

   Energies (kJ/mol)
           Bond            U-B    Proper Dih.  Improper Dih.      CMAP Dih.
    2.83414e+03    8.13666e+03    5.01195e+03    5.61714e+02   -1.28735e+03
          LJ-14     Coulomb-14        LJ (SR)   Coulomb (SR)   Coul. recip.
    2.65089e+03    4.79694e+04    1.31831e+05   -1.10130e+06    3.39233e+03
      Potential    Kinetic En.   Total Energy    Temperature Pressure (bar)
   -9.00200e+05    1.75772e+05   -7.24428e+05    2.98822e+02    1.17691e+02
   Constr. rmsd
    3.10862e-06

DD  load balancing is limited by minimum cell size in dimension Z
DD  step 19999  vol min/aver 0.443! load imb.: force 10.2%  pme mesh/force 1.168

           Step           Time
          20000       40.00000

   Energies (kJ/mol)
           Bond            U-B    Proper Dih.  Improper Dih.      CMAP Dih.
    2.70952e+03    8.27793e+03    4.97273e+03    5.29804e+02   -1.33955e+03
          LJ-14     Coulomb-14        LJ (SR)   Coulomb (SR)   Coul. recip.
    2.75032e+03    4.84106e+04    1.31200e+05   -1.10066e+06    3.36667e+03
      Potential    Kinetic En.   Total Energy    Temperature Pressure (bar)
   -8.99780e+05    1.75901e+05   -7.23879e+05    2.99042e+02    1.26893e+02
   Constr. rmsd
    3.04742e-06

DD  load balancing is limited by minimum cell size in dimension Y Z
DD  step 29999  vol min/aver 0.448! load imb.: force 12.3%  pme mesh/force 1.160

           Step           Time
          30000       60.00000

   Energies (kJ/mol)
           Bond            U-B    Proper Dih.  Improper Dih.      CMAP Dih.
    2.82400e+03    8.21424e+03    4.98495e+03    5.07120e+02   -1.28150e+03
          LJ-14     Coulomb-14        LJ (SR)   Coulomb (SR)   Coul. recip.
    2.65963e+03    4.81036e+04    1.29561e+05   -1.09821e+06    3.25859e+03
      Potential    Kinetic En.   Total Energy    Temperature Pressure (bar)
   -8.99376e+05    1.75582e+05   -7.23794e+05    2.98499e+02   -7.12051e+01
   Constr. rmsd
    3.33506e-06

DD  step 39999  vol min/aver 0.460  load imb.: force 11.3%  pme mesh/force 1.180

           Step           Time
          40000       80.00000

   Energies (kJ/mol)
           Bond            U-B    Proper Dih.  Improper Dih.      CMAP Dih.
    2.78040e+03    8.24875e+03    5.13689e+03    4.60126e+02   -1.37717e+03
          LJ-14     Coulomb-14        LJ (SR)   Coulomb (SR)   Coul. recip.
    2.65321e+03    4.77509e+04    1.31412e+05   -1.10086e+06    3.33702e+03
      Potential    Kinetic En.   Total Energy    Temperature Pressure (bar)
   -9.00461e+05    1.76559e+05   -7.23902e+05    3.00161e+02    3.92775e+01
   Constr. rmsd
    2.89543e-06

DD  load balancing is limited by minimum cell size in dimension Z
DD  step 49999  vol min/aver 0.477! load imb.: force 10.9%  pme mesh/force 1.151

           Step           Time
          50000      100.00000

   Energies (kJ/mol)
           Bond            U-B    Proper Dih.  Improper Dih.      CMAP Dih.
    2.86963e+03    8.23262e+03    5.13201e+03    5.25879e+02   -1.38261e+03
          LJ-14     Coulomb-14        LJ (SR)   Coulomb (SR)   Coul. recip.
    2.65421e+03    4.76786e+04    1.29485e+05   -1.09852e+06    3.27604e+03
      Potential    Kinetic En.   Total Energy    Temperature Pressure (bar)
   -9.00050e+05    1.75873e+05   -7.24178e+05    2.98994e+02   -8.27395e+01
   Constr. rmsd
    3.01641e-06

	<======  ###############  ==>
	<====  A V E R A G E S  ====>
	<==  ###############  ======>

	Statistics over 50001 steps using 501 frames

   Energies (kJ/mol)
           Bond            U-B    Proper Dih.  Improper Dih.      CMAP Dih.
    2.82892e+03    8.25877e+03    5.05984e+03    5.03686e+02   -1.35176e+03
          LJ-14     Coulomb-14        LJ (SR)   Coulomb (SR)   Coul. recip.
    2.64100e+03    4.80155e+04    1.31084e+05   -1.10138e+06    3.28932e+03
      Potential    Kinetic En.   Total Energy    Temperature Pressure (bar)
   -9.01047e+05    1.76434e+05   -7.24613e+05    2.99948e+02    5.26992e+01
   Constr. rmsd
    0.00000e+00

          Box-X          Box-Y          Box-Z
    9.09491e+00    9.59463e+00    8.09547e+00

   Total Virial (kJ/mol)
    5.78177e+04   -7.65274e+00    6.95467e+00
   -8.40005e+00    5.76766e+04    7.63904e+01
    7.83208e+00    7.65414e+01    5.76437e+04

   Pressure (bar)
    4.90769e+01    2.64378e+00   -7.23137e-01
    2.67913e+00    5.40385e+01   -3.63681e+00
   -7.64929e-01   -3.64452e+00    5.49823e+01


	M E G A - F L O P S   A C C O U N T I N G

 NB=Group-cutoff nonbonded kernels    NxN=N-by-N cluster Verlet kernels
 RF=Reaction-Field  VdW=Van der Waals  QSTab=quadratic-spline table
 W3=SPC/TIP3p  W4=TIP4p (single or pairs)
 V&F=Potential and force  V=Potential only  F=Force only

 Computing:                               M-Number         M-Flops  % Flops
-----------------------------------------------------------------------------
 Pair Search distance check           75637.441776      680736.976     0.3
 NxN Ewald Elec. + LJ [F]           1569608.295008   122429447.011    55.8
 NxN Ewald Elec. + LJ [V&F]           15887.924464     2049542.256     0.9
 NxN LJ [F]                              73.964064        3328.383     0.0
 NxN LJ [V&F]                             0.749696          48.730     0.0
 NxN Ewald Elec. [F]                1361932.435136    83077878.543    37.8
 NxN Ewald Elec. [V&F]                13787.016752     1158109.407     0.5
 1,4 nonbonded interactions             467.059341       42035.341     0.0
 Calc Weights                         10480.109598      377283.946     0.2
 Spread Q Bspline                    223575.671424      447151.343     0.2
 Gather F Bspline                    223575.671424     1341454.029     0.6
 3D-FFT                              866213.224080     6929705.793     3.2
 Solve PME                             5117.644800      327529.267     0.1
 Reset In Box                           139.732000         419.196     0.0
 CG-CoM                                 139.801866         419.406     0.0
 Bonds                                   89.701794        5292.406     0.0
 Propers                                390.407808       89403.388     0.0
 Impropers                               28.150563        5855.317     0.0
 Virial                                 425.014986        7650.270     0.0
 Stop-CM                                  1.467186          14.672     0.0
 P-Coupling                             349.330000        2095.980     0.0
 Calc-Ekin                             1397.459732       37731.413     0.0
 Lincs                                  110.030572        6601.834     0.0
 Lincs-Mat                              638.633052        2554.532     0.0
 Constraint-V                          4190.207375       33521.659     0.0
 Constraint-Vir                         408.089951        9794.159     0.0
 Settle                                1323.382077      427452.411     0.2
 CMAP                                    11.200224       19040.381     0.0
 Urey-Bradley                           323.606472       59219.984     0.0
-----------------------------------------------------------------------------
 Total                                               219571318.031   100.0
-----------------------------------------------------------------------------


    D O M A I N   D E C O M P O S I T I O N   S T A T I S T I C S

 av. #atoms communicated per step for force:  2 x 402837.5
 av. #atoms communicated per step for LINCS:  2 x 14647.1

 Average load imbalance: 10.9 %
 Part of the total run time spent waiting due to load imbalance: 5.4 %
 Steps where the load balancing was limited by -rdd, -rcon and/or -dds: X 0 % Y 2 % Z 3 %
 Average PME mesh/force load: 1.171
 Part of the total run time spent waiting due to PP/PME imbalance: 8.4 %

NOTE: 5.4 % of the available CPU time was lost due to load imbalance
      in the domain decomposition.

NOTE: 8.4 % performance was lost because the PME ranks
      had more work to do than the PP ranks.
      You might want to increase the number of PME ranks
      or increase the cut-off and the grid spacing.


     R E A L   C Y C L E   A N D   T I M E   A C C O U N T I N G

On 336 MPI ranks doing PP, and
on 112 MPI ranks doing PME

 Computing:          Num   Num      Call    Wall time         Giga-Cycles
                     Ranks Threads  Count      (s)         total sum    %
-----------------------------------------------------------------------------
 Domain decomp.       336    1       2000       1.777       1310.156   4.2
 DD comm. load        336    1       1705       0.003          2.362   0.0
 DD comm. bounds      336    1       1701       0.059         43.412   0.1
 Send X to PME        336    1      50001       0.078         57.515   0.2
 Neighbor search      336    1       2001       1.330        980.849   3.2
 Comm. coord.         336    1      48000       1.735       1279.805   4.1
 Force                336    1      50001      14.097      10396.509  33.5
 Wait + Comm. F       336    1      50001       2.854       2104.993   6.8
 PME mesh *           112    1      50001      21.744       5345.233  17.2
 PME wait for PP *                              8.898       2187.449   7.1
 Wait + Recv. PME F   336    1      50001       6.796       5011.567  16.2
 NB X/F buffer ops.   336    1     146001       0.468        344.975   1.1
 Write traj.          336    1          3       0.001          0.706   0.0
 Update               336    1      50001       0.177        130.602   0.4
 Constraints          336    1      50001       1.625       1198.284   3.9
 Comm. energies       336    1      10001       0.668        492.265   1.6
-----------------------------------------------------------------------------
 Total                                         31.543      31016.234 100.0
-----------------------------------------------------------------------------
(*) Note that with separate PME ranks, the walltime column actually sums to
    twice the total reported, but the cycle count total and % are correct.
-----------------------------------------------------------------------------
 Breakdown of PME mesh computation
-----------------------------------------------------------------------------
 PME redist. X/F      112    1     100002       4.665       1146.702   3.7
 PME spread/gather    112    1     100002       6.990       1718.269   5.5
 PME 3D-FFT           112    1     100002       2.933        721.002   2.3
 PME 3D-FFT Comm.     112    1     200004       6.351       1561.114   5.0
 PME solve Elec       112    1      50001       0.775        190.397   0.6
-----------------------------------------------------------------------------

               Core t (s)   Wall t (s)        (%)
       Time:    14131.319       31.543    44800.0
                 (ns/day)    (hour/ns)
Performance:      273.916        0.088
Finished mdrun on rank 0 Wed Sep 30 15:23:16 2020
