[0] MPI startup(): I_MPI_OFA_TRANSLATION_CACHE variable has been removed from the product, its value is ignored

#------------------------------------------------------------
#    Intel(R) MPI Benchmarks 2019 Update 6, MPI-1 part    
#------------------------------------------------------------
# Date                  : Thu Oct  1 16:20:42 2020
# Machine               : x86_64
# System                : Linux
# Release               : 3.10.0-1127.19.1.el7.x86_64
# Version               : #1 SMP Tue Aug 25 17:23:54 UTC 2020
# MPI Version           : 3.1
# MPI Thread Environment: 


# Calling sequence was: 

# /usr/local/Cluster-Apps/intel/2020.2/compilers_and_libraries_2020.2.254/linux/mpi/intel64/bin/IMB-MPI1 uniband -npmin 1 

# Minimum message length in bytes:   0
# Maximum message length in bytes:   4194304
#
# MPI_Datatype                   :   MPI_BYTE 
# MPI_Datatype for reductions    :   MPI_FLOAT 
# MPI_Op                         :   MPI_SUM  
# 
# 

# List of Benchmarks to run:

# Uniband

#---------------------------------------------------
# Benchmarking Uniband 
# #processes = 2 
# ( 2 additional processes waiting in MPI_Barrier)
#---------------------------------------------------
       #bytes #repetitions   Mbytes/sec      Msg/sec
            0         1000         0.00      4004105
            1         1000         4.04      4041717
            2         1000         8.13      4066271
            4         1000        16.24      4059815
            8         1000        32.44      4054768
           16         1000        64.89      4055414
           32         1000       115.64      3613752
           64         1000       230.70      3604649
          128         1000       433.33      3385424
          256         1000       993.48      3880789
          512         1000       876.99      1712868
         1024         1000      1333.45      1302197
         2048         1000      2182.89      1065864
         4096         1000      3108.33       758869
         8192         1000      4113.46       502131
        16384         1000      4435.43       270717
        32768         1000      4646.75       141807
        65536          640      4821.53        73571
       131072          320      4921.56        37549
       262144          160      4966.70        18946
       524288           80      5693.56        10860
      1048576           40      5498.36         5244
      2097152           20      5350.84         2551
      4194304           10      4803.21         1145

#---------------------------------------------------
# Benchmarking Uniband 
# #processes = 4 
#---------------------------------------------------
       #bytes #repetitions   Mbytes/sec      Msg/sec
            0         1000         0.00      8933722
            1         1000         8.93      8933816
            2         1000        17.91      8957500
            4         1000        35.79      8946486
            8         1000        71.74      8968036
           16         1000       143.09      8943381
           32         1000       284.89      8902766
           64         1000       414.72      6479974
          128         1000       688.89      5381986
          256         1000      1272.94      4972413
          512         1000      2378.84      4646166
         1024         1000      4158.06      4060606
         2048         1000      5527.15      2698806
         4096         1000      5647.98      1378902
         8192         1000      5713.46       697444
        16384         1000      5734.72       350020
        32768         1000      5726.52       174759
        65536          640      5725.08        87358
       131072          320      5746.42        43842
       262144          160      5778.57        22044
       524288           80      5781.52        11027
      1048576           40      5783.78         5516
      2097152           20      5785.30         2759
      4194304           10      5786.33         1380


# All processes entering MPI_Finalize

