#------------------------------------------------------------
#    Intel(R) MPI Benchmarks 2019 Update 5, MPI-1 part    
#------------------------------------------------------------
# Date                  : Fri Sep 11 15:04:20 2020
# Machine               : x86_64
# System                : Linux
# Release               : 3.10.0-1127.8.2.el7.x86_64
# Version               : #1 SMP Tue May 12 16:57:42 UTC 2020
# MPI Version           : 3.1
# MPI Thread Environment: 


# Calling sequence was: 

# /alaska/steveb/spack/opt/spack/linux-centos7-broadwell/gcc-9.3.0/intel-mpi-benchmarks-2019.5-dwg5q6jdcxgwtiwi2lj32w4ttotvwqnt/bin/IMB-MPI1 pingpong 

# Minimum message length in bytes:   0
# Maximum message length in bytes:   4194304
#
# MPI_Datatype                   :   MPI_BYTE 
# MPI_Datatype for reductions    :   MPI_FLOAT 
# MPI_Op                         :   MPI_SUM  
# 
# 

# List of Benchmarks to run:

# PingPong

#---------------------------------------------------
# Benchmarking PingPong 
# #processes = 2 
#---------------------------------------------------
       #bytes #repetitions      t[usec]   Mbytes/sec
            0         1000         2.07         0.00
            1         1000         2.07         0.48
            2         1000         2.06         0.97
            4         1000         2.06         1.94
            8         1000         2.07         3.87
           16         1000         2.14         7.49
           32         1000         2.14        14.92
           64         1000         2.18        29.32
          128         1000         2.31        55.39
          256         1000         2.82        90.85
          512         1000         3.05       168.08
         1024         1000         3.58       286.08
         2048         1000         4.50       454.63
         4096         1000         6.70       610.94
         8192         1000         8.82       928.60
        16384         1000        11.46      1430.22
        32768         1000        16.95      1933.59
        65536          640        27.90      2348.61
       131072          320        49.83      2630.42
       262144          160        94.37      2777.95
       524288           80       180.04      2912.01
      1048576           40       351.20      2985.67
      2097152           20       693.56      3023.75
      4194304           10      1378.29      3043.13


# All processes entering MPI_Finalize

