[0] MPI startup(): I_MPI_OFA_TRANSLATION_CACHE variable has been removed from the product, its value is ignored

#------------------------------------------------------------
#    Intel(R) MPI Benchmarks 2019 Update 6, MPI-1 part    
#------------------------------------------------------------
# Date                  : Thu Oct  1 16:21:22 2020
# Machine               : x86_64
# System                : Linux
# Release               : 3.10.0-1127.19.1.el7.x86_64
# Version               : #1 SMP Tue Aug 25 17:23:54 UTC 2020
# MPI Version           : 3.1
# MPI Thread Environment: 


# Calling sequence was: 

# /usr/local/Cluster-Apps/intel/2020.2/compilers_and_libraries_2020.2.254/linux/mpi/intel64/bin/IMB-MPI1 uniband -npmin 1 

# Minimum message length in bytes:   0
# Maximum message length in bytes:   4194304
#
# MPI_Datatype                   :   MPI_BYTE 
# MPI_Datatype for reductions    :   MPI_FLOAT 
# MPI_Op                         :   MPI_SUM  
# 
# 

# List of Benchmarks to run:

# Uniband

#---------------------------------------------------
# Benchmarking Uniband 
# #processes = 2 
# ( 110 additional processes waiting in MPI_Barrier)
#---------------------------------------------------
       #bytes #repetitions   Mbytes/sec      Msg/sec
            0         1000         0.00      3861633
            1         1000         3.89      3894909
            2         1000         7.77      3884313
            4         1000        15.55      3886251
            8         1000        31.02      3877412
           16         1000        61.96      3872613
           32         1000       110.91      3466010
           64         1000       220.34      3442834
          128         1000       420.77      3287252
          256         1000      1267.45      4950982
          512         1000       765.28      1494681
         1024         1000      1268.77      1239037
         2048         1000      2056.18      1003994
         4096         1000      3044.57       743303
         8192         1000      3973.52       485049
        16384         1000      4287.76       261704
        32768         1000      4553.23       138954
        65536          640      4634.49        70717
       131072          320      4756.22        36287
       262144          160      4787.86        18264
       524288           80      5588.71        10660
      1048576           40      5318.71         5072
      2097152           20      5153.50         2457
      4194304           10      4562.14         1088

#---------------------------------------------------
# Benchmarking Uniband 
# #processes = 4 
# ( 108 additional processes waiting in MPI_Barrier)
#---------------------------------------------------
       #bytes #repetitions   Mbytes/sec      Msg/sec
            0         1000         0.00     12345398
            1         1000        11.95     11948807
            2         1000        24.09     12046981
            4         1000        48.31     12077485
            8         1000        96.04     12004567
           16         1000       192.37     12023212
           32         1000       377.05     11782793
           64         1000       756.47     11819884
          128         1000      1499.32     11713430
          256         1000      2931.38     11450706
          512         1000      2688.35      5250689
         1024         1000      4988.60      4871683
         2048         1000      7953.68      3883632
         4096         1000     11106.28      2711495
         8192         1000     14895.76      1818330
        16384         1000     16864.12      1029304
        32768         1000     18719.74       571281
        65536          640     18533.35       282796
       131072          320     18305.02       139656
       262144          160     18668.02        71213
       524288           80     18074.26        34474
      1048576           40     20733.13        19773
      2097152           20     19156.95         9135
      4194304           10      9912.06         2363

#---------------------------------------------------
# Benchmarking Uniband 
# #processes = 8 
# ( 104 additional processes waiting in MPI_Barrier)
#---------------------------------------------------
       #bytes #repetitions   Mbytes/sec      Msg/sec
            0         1000         0.00     24344498
            1         1000        23.95     23954496
            2         1000        47.73     23867461
            4         1000        94.91     23727886
            8         1000       190.83     23854352
           16         1000       383.11     23944125
           32         1000       760.47     23764766
           64         1000      1509.27     23582302
          128         1000      3011.81     23529796
          256         1000      5908.72     23080923
          512         1000      5364.10     10476762
         1024         1000     10024.30      9789359
         2048         1000     15980.46      7802959
         4096         1000     23183.29      5659982
         8192         1000     31268.04      3816899
        16384         1000     35520.45      2167996
        32768         1000     39015.40      1190656
        65536          640     38952.85       594373
       131072          320     39404.64       300634
       262144          160     38391.69       146453
       524288           80     36477.55        69575
      1048576           40     42793.28        40811
      2097152           20     38415.37        18318
      4194304           10     18948.81         4518

#---------------------------------------------------
# Benchmarking Uniband 
# #processes = 16 
# ( 96 additional processes waiting in MPI_Barrier)
#---------------------------------------------------
       #bytes #repetitions   Mbytes/sec      Msg/sec
            0         1000         0.00     48174908
            1         1000        47.42     47417973
            2         1000        94.96     47482191
            4         1000       188.58     47143988
            8         1000       376.60     47075018
           16         1000       750.04     46877534
           32         1000      1503.31     46978337
           64         1000      2996.60     46821885
          128         1000      5953.43     46511159
          256         1000     11697.86     45694762
          512         1000     10592.31     20688096
         1024         1000     19918.91     19452056
         2048         1000     30677.30     14979148
         4096         1000     44307.56     10817276
         8192         1000     57656.58      7038156
        16384         1000     64726.94      3950619
        32768         1000     73473.12      2242222
        65536          640     69355.35      1058279
       131072          320     70257.15       536019
       262144          160     68294.05       260521
       524288           80     65235.31       124426
      1048576           40     77206.27        73630
      2097152           20     69172.47        32984
      4194304           10     34948.22         8332

#---------------------------------------------------
# Benchmarking Uniband 
# #processes = 32 
# ( 80 additional processes waiting in MPI_Barrier)
#---------------------------------------------------
       #bytes #repetitions   Mbytes/sec      Msg/sec
            0         1000         0.00     95139657
            1         1000        93.42     93418788
            2         1000       186.38     93188878
            4         1000       372.98     93244290
            8         1000       745.17     93146674
           16         1000      1493.12     93320041
           32         1000      2951.52     92234977
           64         1000      5878.71     91854841
          128         1000     11737.61     91700066
          256         1000     23030.25     89961904
          512         1000     20738.49     40504856
         1024         1000     39095.99     38179680
         2048         1000     62067.98     30306633
         4096         1000     83376.32     20355547
         8192         1000    105622.57     12893380
        16384         1000    117692.84      7183401
        32768         1000    140414.85      4285121
        65536          640    127823.19      1950427
       131072          320    126157.96       962509
       262144          160    119684.12       456559
       524288           80    117817.70       224719
      1048576           40    144044.40       137371
      2097152           20     92854.53        44276
      4194304           10     55332.71        13192

#---------------------------------------------------
# Benchmarking Uniband 
# #processes = 64 
# ( 48 additional processes waiting in MPI_Barrier)
#---------------------------------------------------
       #bytes #repetitions   Mbytes/sec      Msg/sec
            0         1000         0.00     59315990
            1         1000       137.94    137938154
            2         1000       275.47    137736279
            4         1000       549.95    137487549
            8         1000      1103.65    137955746
           16         1000      2214.13    138383237
           32         1000      4397.42    137419453
           64         1000      5559.46     86866549
          128         1000      9198.92     71866549
          256         1000     17323.67     67670585
          512         1000     31578.23     61676224
         1024         1000     47209.15     46102688
         2048         1000     48750.83     23804118
         4096         1000     48596.62     11864409
         8192         1000     48986.19      5979760
        16384         1000     49164.61      3000770
        32768         1000     49067.36      1497417
        65536          640     49082.37       748937
       131072          320     49322.83       376303
       262144          160     49344.80       188235
       524288           80     49344.65        94117
      1048576           40     49324.84        47040
      2097152           20     49360.92        23537
      4194304           10     49177.00        11725

#---------------------------------------------------
# Benchmarking Uniband 
# #processes = 112 
#---------------------------------------------------
       #bytes #repetitions   Mbytes/sec      Msg/sec
            0         1000         0.00     93782903
            1         1000        93.94     93937085
            2         1000       187.87     93933660
            4         1000       374.86     93715463
            8         1000       753.35     94168667
           16         1000      1487.55     92971720
           32         1000      2600.21     81256520
           64         1000      3920.91     61264284
          128         1000      2199.70     17185163
          256         1000      6890.81     26917224
          512         1000      9131.75     17835444
         1024         1000     10820.68     10567071
         2048         1000     12071.68      5894376
         4096         1000     12099.13      2953890
         8192         1000     12194.25      1488556
        16384         1000     12229.84       746450
        32768         1000     12207.85       372554
        65536          521     12205.05       186234
       131072          262     12287.28        93744
       262144          132     12309.00        46955
       524288           66     12316.59        23492
      1048576           33     12341.15        11769
      2097152           17     12342.92         5886
      4194304            9     12344.23         2943


# All processes entering MPI_Finalize

