#------------------------------------------------------------
#    Intel(R) MPI Benchmarks 2019 Update 5, MPI-1 part    
#------------------------------------------------------------
# Date                  : Wed Oct  7 09:36:51 2020
# Machine               : x86_64
# System                : Linux
# Release               : 3.10.0-1127.8.2.el7.x86_64
# Version               : #1 SMP Tue May 12 16:57:42 UTC 2020
# MPI Version           : 3.1
# MPI Thread Environment: 


# Calling sequence was: 

# /alaska/steveb/spack/opt/spack/linux-centos7-broadwell/gcc-9.3.0/intel-mpi-benchmarks-2019.5-dwg5q6jdcxgwtiwi2lj32w4ttotvwqnt/bin/IMB-MPI1 uniband -npmin 1 

# Minimum message length in bytes:   0
# Maximum message length in bytes:   4194304
#
# MPI_Datatype                   :   MPI_BYTE 
# MPI_Datatype for reductions    :   MPI_FLOAT 
# MPI_Op                         :   MPI_SUM  
# 
# 

# List of Benchmarks to run:

# Uniband

#---------------------------------------------------
# Benchmarking Uniband 
# #processes = 2 
# ( 46 additional processes waiting in MPI_Barrier)
#---------------------------------------------------
       #bytes #repetitions   Mbytes/sec      Msg/sec
            0         1000         0.00      9188473
            1         1000         9.07      9067111
            2         1000        12.39      6194411
            4         1000        29.79      7447401
            8         1000        66.74      8342685
           16         1000       135.31      8456857
           32         1000       180.04      5626374
           64         1000       376.16      5877561
          128         1000       223.17      1743526
          256         1000       403.28      1575312
          512         1000       663.16      1295236
         1024         1000      1377.09      1344816
         2048         1000      1852.77       904674
         4096         1000      2711.37       661956
         8192         1000      3307.84       403789
        16384         1000      5013.34       305990
        32768         1000      8584.30       261972
        65536          640      9808.51       149666
       131072          320      9737.76        74293
       262144          160      9249.53        35284
       524288           80      8952.46        17075
      1048576           40      9152.49         8728
      2097152           20      9267.60         4419
      4194304           10      9229.93         2201

#---------------------------------------------------
# Benchmarking Uniband 
# #processes = 4 
# ( 44 additional processes waiting in MPI_Barrier)
#---------------------------------------------------
       #bytes #repetitions   Mbytes/sec      Msg/sec
            0         1000         0.00     17038340
            1         1000        17.10     17098952
            2         1000        34.68     17339698
            4         1000        67.73     16933322
            8         1000       134.74     16842817
           16         1000       277.08     17317428
           32         1000       488.26     15258112
           64         1000       958.53     14976975
          128         1000       528.57      4129427
          256         1000       806.59      3150756
          512         1000      1466.72      2864691
         1024         1000      2922.34      2853848
         2048         1000      3871.79      1890520
         4096         1000      5277.90      1288551
         8192         1000      6624.22       808621
        16384         1000     11951.85       729483
        32768         1000     16709.61       509937
        65536          640     19921.97       303985
       131072          320     21056.69       160650
       262144          160     19115.47        72920
       524288           80     18292.39        34890
      1048576           40     18690.34        17824
      2097152           20     18825.77         8977
      4194304           10     18608.41         4437

#---------------------------------------------------
# Benchmarking Uniband 
# #processes = 8 
# ( 40 additional processes waiting in MPI_Barrier)
#---------------------------------------------------
       #bytes #repetitions   Mbytes/sec      Msg/sec
            0         1000         0.00     32607403
            1         1000        17.98     17983594
            2         1000        36.07     18033189
            4         1000        72.21     18052416
            8         1000       144.16     18019918
           16         1000       287.84     17989733
           32         1000       559.75     17492235
           64         1000      1121.84     17528687
          128         1000      1014.97      7929481
          256         1000      1639.32      6403605
          512         1000      2462.78      4810113
         1024         1000      5232.00      5109371
         2048         1000      7387.23      3607045
         4096         1000      9741.06      2378190
         8192         1000     11599.16      1415913
        16384         1000     20266.02      1236939
        32768         1000     31132.07       950075
        65536          640     31262.41       477026
       131072          320     32958.98       251457
       262144          160     37247.62       142088
       524288           80     36422.51        69470
      1048576           40     36907.31        35198
      2097152           20     36770.17        17533
      4194304           10     36205.47         8632

#---------------------------------------------------
# Benchmarking Uniband 
# #processes = 16 
# ( 32 additional processes waiting in MPI_Barrier)
#---------------------------------------------------
       #bytes #repetitions   Mbytes/sec      Msg/sec
            0         1000         0.00     64419362
            1         1000        64.08     64084896
            2         1000       128.00     64001184
            4         1000       252.90     63225230
            8         1000       504.77     63096373
           16         1000      1026.12     64132225
           32         1000      1445.04     45157530
           64         1000      3873.68     60526204
          128         1000      1982.25     15486307
          256         1000      3251.97     12703014
          512         1000      4980.05      9726659
         1024         1000     10575.43     10327567
         2048         1000     14513.79      7086813
         4096         1000     19204.55      4688611
         8192         1000     23097.77      2819552
        16384         1000     40744.75      2486862
        32768         1000     66503.18      2029516
        65536          640     61453.56       937707
       131072          320     64221.16       489969
       262144          160     69373.57       264639
       524288           80     70620.68       134698
      1048576           40     71656.07        68337
      2097152           20     70760.14        33741
      4194304           10     56116.82        13379

#---------------------------------------------------
# Benchmarking Uniband 
# #processes = 32 
# ( 16 additional processes waiting in MPI_Barrier)
#---------------------------------------------------
       #bytes #repetitions   Mbytes/sec      Msg/sec
            0         1000         0.00     80556887
            1         1000        80.11     80107620
            2         1000       160.87     80432520
            4         1000       324.21     81051414
            8         1000       639.56     79945262
           16         1000      1272.16     79510155
           32         1000      2407.20     75225049
           64         1000      4296.81     67137688
          128         1000      3859.88     30155337
          256         1000      6153.16     24035794
          512         1000      9491.48     18538052
         1024         1000     15149.51     14794443
         2048         1000     23809.01     11625491
         4096         1000     24371.73      5950130
         8192         1000     24586.70      3001307
        16384         1000     24675.59      1506079
        32768         1000     24652.14       752324
        65536          640     24643.82       376035
       131072          320     24639.65       187986
       262144          160     24772.33        94499
       524288           80     24779.11        47262
      1048576           40     24782.61        23635
      2097152           20     24784.23        11818
      4194304           10     24784.92         5909

#---------------------------------------------------
# Benchmarking Uniband 
# #processes = 48 
#---------------------------------------------------
       #bytes #repetitions   Mbytes/sec      Msg/sec
            0         1000         0.00     87090263
            1         1000        75.96     75961292
            2         1000       176.79     88394148
            4         1000       353.75     88437723
            8         1000       700.09     87511071
           16         1000      1430.05     89377923
           32         1000      1072.52     33516287
           64         1000      2297.93     35905123
          128         1000      4566.67     35677131
          256         1000      7524.68     29393298
          512         1000      9814.15     19168265
         1024         1000     11479.98     11210916
         2048         1000     12237.24      5975214
         4096         1000     12198.27      2978092
         8192         1000     12295.74      1500945
        16384         1000     12335.42       752895
        32768         1000     12322.08       376040
        65536          640     12086.55       184426
       131072          320     11702.70        89284
       262144          160     12386.81        47252
       524288           80     12389.93        23632
      1048576           40     12391.53        11817
      2097152           20     12392.35         5909
      4194304           10     12392.77         2955


# All processes entering MPI_Finalize

