#------------------------------------------------------------
#    Intel(R) MPI Benchmarks 2019 Update 5, MPI-1 part    
#------------------------------------------------------------
# Date                  : Fri Sep 11 15:09:48 2020
# Machine               : x86_64
# System                : Linux
# Release               : 3.10.0-1127.8.2.el7.x86_64
# Version               : #1 SMP Tue May 12 16:57:42 UTC 2020
# MPI Version           : 3.1
# MPI Thread Environment: 


# Calling sequence was: 

# IMB-MPI1 biband -npmin 32 

# Minimum message length in bytes:   0
# Maximum message length in bytes:   4194304
#
# MPI_Datatype                   :   MPI_BYTE 
# MPI_Datatype for reductions    :   MPI_FLOAT 
# MPI_Op                         :   MPI_SUM  
# 
# 

# List of Benchmarks to run:

# Biband

#---------------------------------------------------
# Benchmarking Biband 
# #processes = 32 
#---------------------------------------------------
       #bytes #repetitions   Mbytes/sec      Msg/sec
            0         1000         0.00       710694
            1         1000         1.00       998554
            2         1000         1.41       706827
            4         1000         2.85       713634
            8         1000         5.78       722267
           16         1000        11.47       716696
           32         1000        22.80       712500
           64         1000        50.39       787293
          128         1000      2115.88     16530331
          256         1000      3268.95     12769337
          512         1000      4292.93      8384637
         1024         1000      5089.84      4970544
         2048         1000      5610.25      2739382
         4096         1000      5799.15      1415808
         8192         1000      5957.42       727224
        16384         1000      5988.26       365494
        32768          899      6029.34       184001
        65536          451      6050.22        92319
       131072          226      6060.74        46240
       262144          114      6110.36        23309
       524288           57      6117.02        11667
      1048576           29      6119.47         5836
      2097152           15      6117.24         2917
      4194304            8      6111.04         1457


# All processes entering MPI_Finalize

