#------------------------------------------------------------
#    Intel(R) MPI Benchmarks 2019 Update 6, MPI-1 part    
#------------------------------------------------------------
# Date                  : Thu Oct  1 16:20:56 2020
# Machine               : x86_64
# System                : Linux
# Release               : 3.10.0-1127.19.1.el7.x86_64
# Version               : #1 SMP Tue Aug 25 17:23:54 UTC 2020
# MPI Version           : 3.1
# MPI Thread Environment: 


# Calling sequence was: 

# /home/hpcbras1/spack/opt/spack/linux-scientific7-skylake_avx512/gcc-9.1.0/intel-mpi-benchmarks-2019.6-5tbknirppyjnbofzuo2idr3bqgxprrmf/bin/IMB-MPI1 uniband -npmin 1 

# Minimum message length in bytes:   0
# Maximum message length in bytes:   4194304
#
# MPI_Datatype                   :   MPI_BYTE 
# MPI_Datatype for reductions    :   MPI_FLOAT 
# MPI_Op                         :   MPI_SUM  
# 
# 

# List of Benchmarks to run:

# Uniband

#---------------------------------------------------
# Benchmarking Uniband 
# #processes = 2 
# ( 26 additional processes waiting in MPI_Barrier)
#---------------------------------------------------
       #bytes #repetitions   Mbytes/sec      Msg/sec
            0         1000         0.00     10959013
            1         1000        11.52     11515149
            2         1000        26.60     13300506
            4         1000        51.46     12865954
            8         1000       102.50     12811943
           16         1000       210.65     13165753
           32         1000       395.62     12363132
           64         1000       803.98     12562222
          128         1000       894.81      6990712
          256         1000      1238.84      4839216
          512         1000      2298.23      4488739
         1024         1000      3697.72      3611058
         2048         1000      6492.43      3170131
         4096         1000      8116.08      1981465
         8192         1000     10174.71      1242030
        16384         1000     10247.79       625475
        32768         1000     12456.33       380137
        65536          640     16000.36       244146
       131072          320     19498.07       148758
       262144          160     23000.21        87739
       524288           80     22990.69        43851
      1048576           40     23848.48        22744
      2097152           20     23590.88        11249
      4194304           10     20915.33         4987

#---------------------------------------------------
# Benchmarking Uniband 
# #processes = 4 
# ( 24 additional processes waiting in MPI_Barrier)
#---------------------------------------------------
       #bytes #repetitions   Mbytes/sec      Msg/sec
            0         1000         0.00     19838198
            1         1000        20.91     20908087
            2         1000        38.20     19102425
            4         1000        69.63     17407039
            8         1000       159.65     19956159
           16         1000       328.79     20549576
           32         1000       634.36     19823693
           64         1000      1296.73     20261368
          128         1000       765.65      5981650
          256         1000      1037.41      4052388
          512         1000      1925.41      3760562
         1024         1000      2799.31      2733705
         2048         1000      3787.99      1849604
         4096         1000      4893.42      1194683
         8192         1000      5818.99       710326
        16384         1000     16640.82      1015675
        32768         1000     19933.96       608336
        65536          640     22695.90       346312
       131072          320     24215.06       184746
       262144          160     25018.44        95438
       524288           80     25443.41        48529
      1048576           40     25638.94        24451
      2097152           20     25689.02        12249
      4194304           10     25664.12         6119

#---------------------------------------------------
# Benchmarking Uniband 
# #processes = 8 
# ( 20 additional processes waiting in MPI_Barrier)
#---------------------------------------------------
       #bytes #repetitions   Mbytes/sec      Msg/sec
            0         1000         0.00     37807128
            1         1000        35.04     35040610
            2         1000        74.58     37291566
            4         1000       153.01     38252426
            8         1000       305.62     38202626
           16         1000       533.90     33368548
           32         1000      1034.73     32335252
           64         1000      2500.06     39063412
          128         1000       963.39      7526460
          256         1000      2034.25      7946276
          512         1000      3649.12      7127194
         1024         1000      5483.02      5354508
         2048         1000      7296.01      3562507
         4096         1000      9482.32      2315019
         8192         1000     11377.93      1388907
        16384         1000     20758.90      1267023
        32768         1000     21389.95       652769
        65536          640     23028.64       351389
       131072          320     24363.72       185880
       262144          160     25072.36        95643
       524288           80     25488.42        48615
      1048576           40     25663.88        24475
      2097152           20     25759.70        12283
      4194304           10     25821.40         6156

#---------------------------------------------------
# Benchmarking Uniband 
# #processes = 16 
# ( 12 additional processes waiting in MPI_Barrier)
#---------------------------------------------------
       #bytes #repetitions   Mbytes/sec      Msg/sec
            0         1000         0.00     38702736
            1         1000        38.85     38845620
            2         1000        78.66     39330376
            4         1000       156.69     39171597
            8         1000       312.74     39092448
           16         1000       628.68     39292487
           32         1000      1244.92     38903629
           64         1000      2373.65     37088331
          128         1000      1836.89     14350723
          256         1000      3789.13     14801303
          512         1000      7024.06     13718864
         1024         1000     10171.53      9933132
         2048         1000     14188.85      6928152
         4096         1000     18284.57      4464006
         8192         1000     21891.65      2672321
        16384         1000     18578.50      1133942
        32768         1000     18673.35       569865
        65536          640     19795.26       302052
       131072          320     20356.71       155309
       262144          160     20720.85        79044
       524288           80     21111.20        40266
      1048576           40     21171.26        20190
      2097152           20     21038.01        10032
      4194304           10     21239.19         5064

#---------------------------------------------------
# Benchmarking Uniband 
# #processes = 28 
#---------------------------------------------------
       #bytes #repetitions   Mbytes/sec      Msg/sec
            0         1000         0.00     67786552
            1         1000        67.44     67438222
            2         1000       135.84     67920111
            4         1000       270.30     67574217
            8         1000       540.32     67539463
           16         1000      1095.41     68463340
           32         1000      2015.84     62995129
           64         1000      3745.13     58517587
          128         1000      6231.83     48686156
          256         1000      8099.08     31637026
          512         1000     10342.40     20200003
         1024         1000     11748.26     11472912
         2048         1000     12195.48      5954825
         4096         1000     12149.02      2966070
         8192         1000     12246.39      1494920
        16384         1000     12283.30       749713
        32768         1000     12295.93       375242
        65536          640     12313.01       187882
       131072          320     12327.78        94054
       262144          160     12337.66        47064
       524288           80     12336.66        23530
      1048576           40     12340.59        11769
      2097152           20     12344.56         5886
      4194304           10     12345.46         2943


# All processes entering MPI_Finalize

