#------------------------------------------------------------
#    Intel(R) MPI Benchmarks 2019 Update 5, MPI-1 part    
#------------------------------------------------------------
# Date                  : Fri Sep 11 15:05:00 2020
# Machine               : x86_64
# System                : Linux
# Release               : 3.10.0-1127.8.2.el7.x86_64
# Version               : #1 SMP Tue May 12 16:57:42 UTC 2020
# MPI Version           : 3.1
# MPI Thread Environment: 


# Calling sequence was: 

# IMB-MPI1 uniband -npmin 32 

# Minimum message length in bytes:   0
# Maximum message length in bytes:   4194304
#
# MPI_Datatype                   :   MPI_BYTE 
# MPI_Datatype for reductions    :   MPI_FLOAT 
# MPI_Op                         :   MPI_SUM  
# 
# 

# List of Benchmarks to run:

# Uniband

#---------------------------------------------------
# Benchmarking Uniband 
# #processes = 32 
#---------------------------------------------------
       #bytes #repetitions   Mbytes/sec      Msg/sec
            0         1000         0.00     41016008
            1         1000        40.22     40218436
            2         1000        79.39     39694443
            4         1000       161.02     40255799
            8         1000       293.85     36731437
           16         1000       644.26     40266057
           32         1000      1279.14     39973130
           64         1000      2511.46     39241583
          128         1000      4229.77     33045069
          256         1000      6722.24     26258752
          512         1000      9205.64     17979772
         1024         1000     10988.63     10731082
         2048         1000     11917.76      5819217
         4096         1000     12102.09      2954612
         8192         1000     12248.60      1495190
        16384         1000     12272.28       749040
        32768         1000     12308.63       375630
        65536          640     12327.08       188096
       131072          320     12336.06        94117
       262144          160     12376.00        47211
       524288           80     12379.78        23613
      1048576           40     12375.20        11802
      2097152           20     12371.08         5899
      4194304           10     12356.66         2946


# All processes entering MPI_Finalize

