Log file opened on Thu Sep 10 15:03:23 2020
Host: openhpc-compute-6  pid: 58008  rank ID: 0  number of ranks:  256
                      :-) GROMACS - gmx mdrun, 2016.4 (-:

                            GROMACS is written by:
     Emile Apol      Rossen Apostolov  Herman J.C. Berendsen    Par Bjelkmar   
 Aldert van Buuren   Rudi van Drunen     Anton Feenstra    Gerrit Groenhof  
 Christoph Junghans   Anca Hamuraru    Vincent Hindriksen Dimitrios Karkoulis
    Peter Kasson        Jiri Kraus      Carsten Kutzner      Per Larsson    
  Justin A. Lemkul   Magnus Lundborg   Pieter Meulenhoff    Erik Marklund   
   Teemu Murtola       Szilard Pall       Sander Pronk      Roland Schulz   
  Alexey Shvetsov     Michael Shirts     Alfons Sijbers     Peter Tieleman  
  Teemu Virolainen  Christian Wennberg    Maarten Wolf   
                           and the project leaders:
        Mark Abraham, Berk Hess, Erik Lindahl, and David van der Spoel

Copyright (c) 1991-2000, University of Groningen, The Netherlands.
Copyright (c) 2001-2017, The GROMACS development team at
Uppsala University, Stockholm University and
the Royal Institute of Technology, Sweden.
check out http://www.gromacs.org for more information.

GROMACS is free software; you can redistribute it and/or modify it
under the terms of the GNU Lesser General Public License
as published by the Free Software Foundation; either version 2.1
of the License, or (at your option) any later version.

GROMACS:      gmx mdrun, version 2016.4
Executable:   /alaska/steveb/spack/opt/spack/linux-centos7-broadwell/gcc-9.3.0/gromacs-2016.4-y5sjbs44dv3c5ky2godzmvtt7doh4e7f/bin/gmx_mpi
Data prefix:  /alaska/steveb/spack/opt/spack/linux-centos7-broadwell/gcc-9.3.0/gromacs-2016.4-y5sjbs44dv3c5ky2godzmvtt7doh4e7f
Working dir:  /alaska/steveb/hpc-tests/stage/alaska/roce-gcc9-openmpi4-ucx/gromacs/Gromacs_3000k_8
Command line:
  gmx_mpi mdrun -s benchmark.tpr -g 3000k-atoms.log -noconfout

GROMACS version:    2016.4
Precision:          single
Memory model:       64 bit
MPI library:        MPI
OpenMP support:     enabled (GMX_OPENMP_MAX_THREADS = 32)
GPU support:        disabled
SIMD instructions:  AVX2_256
FFT library:        fftw-3.3.8-sse2-avx-avx2-avx2_128
RDTSCP usage:       enabled
TNG support:        enabled
Hwloc support:      hwloc-1.11.6
Tracing support:    disabled
Built on:           Wed Aug 12 16:57:40 BST 2020
Built by:           steveb@openhpc-login-0 [CMAKE]
Build OS/arch:      Linux 3.10.0-1127.8.2.el7.x86_64 x86_64
Build CPU vendor:   Unknown
Build CPU brand:    Unknown
Build CPU family:   0   Model: 0   Stepping: 0
Build CPU features: Unknown
C compiler:         /alaska/steveb/spack/lib/spack/env/gcc/gcc GNU 9.3.0
C compiler flags:    -march=core-avx2 -pthread    -O2 -g -DNDEBUG -funroll-all-loops -fexcess-precision=fast 
C++ compiler:       /alaska/steveb/spack/lib/spack/env/gcc/g++ GNU 9.3.0
C++ compiler flags:  -march=core-avx2 -pthread   -std=c++0x   -O2 -g -DNDEBUG -funroll-all-loops -fexcess-precision=fast 


Running on 8 nodes with total 256 cores, 512 logical cores
  Cores per node:           32
  Logical cores per node:   64
Hardware detected on host openhpc-compute-6 (the node of MPI rank 0):
  CPU info:
    Vendor: Intel
    Brand:  Intel(R) Xeon(R) CPU E5-2683 v4 @ 2.10GHz
    Family: 6   Model: 79   Stepping: 1
    Features: aes apic avx avx2 clfsh cmov cx8 cx16 f16c fma hle htt lahf mmx msr nonstop_tsc pcid pclmuldq pdcm pdpe1gb popcnt pse rdrnd rdtscp rtm sse2 sse3 sse4.1 sse4.2 ssse3 tdt x2apic
    SIMD instructions most likely to fit this hardware: AVX2_256
    SIMD instructions selected at GROMACS compile time: AVX2_256

  Hardware topology: Full, with devices
    Sockets, cores, and logical processors:
      Socket  0: [   0  32] [   2  34] [   4  36] [   6  38] [   8  40] [  10  42] [  12  44] [  14  46] [  16  48] [  18  50] [  20  52] [  22  54] [  24  56] [  26  58] [  28  60] [  30  62]
      Socket  1: [   1  33] [   3  35] [   5  37] [   7  39] [   9  41] [  11  43] [  13  45] [  15  47] [  17  49] [  19  51] [  21  53] [  23  55] [  25  57] [  27  59] [  29  61] [  31  63]
    Numa nodes:
      Node  0 (67282276352 bytes mem):   0  32   2  34   4  36   6  38   8  40  10  42  12  44  14  46  16  48  18  50  20  52  22  54  24  56  26  58  28  60  30  62
      Node  1 (67640008704 bytes mem):   1  33   3  35   5  37   7  39   9  41  11  43  13  45  15  47  17  49  19  51  21  53  23  55  25  57  27  59  29  61  31  63
      Latency:
               0     1
         0  1.00  2.10
         1  2.10  1.00
    Caches:
      L1: 32768 bytes, linesize 64 bytes, assoc. 8, shared 2 ways
      L2: 262144 bytes, linesize 64 bytes, assoc. 8, shared 2 ways
      L3: 41943040 bytes, linesize 64 bytes, assoc. 20, shared 32 ways
    PCI devices:
      0000:02:00.0  Id: 1000:005d  Class: 0x0104  Numa: 0
      0000:03:00.0  Id: 15b3:1013  Class: 0x0207  Numa: 0
      0000:03:00.1  Id: 15b3:1013  Class: 0x0200  Numa: 0
      0000:01:00.0  Id: 8086:10fb  Class: 0x0200  Numa: 0
      0000:01:00.1  Id: 8086:10fb  Class: 0x0200  Numa: 0
      0000:00:11.4  Id: 8086:8d62  Class: 0x0106  Numa: 0
      0000:06:00.0  Id: 8086:1521  Class: 0x0200  Numa: 0
      0000:06:00.1  Id: 8086:1521  Class: 0x0200  Numa: 0
      0000:0a:00.0  Id: 102b:0534  Class: 0x0300  Numa: 0
      0000:00:1f.2  Id: 8086:8d02  Class: 0x0106  Numa: 0


++++ PLEASE READ AND CITE THE FOLLOWING REFERENCE ++++
M. J. Abraham, T. Murtola, R. Schulz, S. Páll, J. C. Smith, B. Hess, E.
Lindahl
GROMACS: High performance molecular simulations through multi-level
parallelism from laptops to supercomputers
SoftwareX 1 (2015) pp. 19-25
-------- -------- --- Thank You --- -------- --------


++++ PLEASE READ AND CITE THE FOLLOWING REFERENCE ++++
S. Páll, M. J. Abraham, C. Kutzner, B. Hess, E. Lindahl
Tackling Exascale Software Challenges in Molecular Dynamics Simulations with
GROMACS
In S. Markidis & E. Laure (Eds.), Solving Software Challenges for Exascale 8759 (2015) pp. 3-27
-------- -------- --- Thank You --- -------- --------


++++ PLEASE READ AND CITE THE FOLLOWING REFERENCE ++++
S. Pronk, S. Páll, R. Schulz, P. Larsson, P. Bjelkmar, R. Apostolov, M. R.
Shirts, J. C. Smith, P. M. Kasson, D. van der Spoel, B. Hess, and E. Lindahl
GROMACS 4.5: a high-throughput and highly parallel open source molecular
simulation toolkit
Bioinformatics 29 (2013) pp. 845-54
-------- -------- --- Thank You --- -------- --------


++++ PLEASE READ AND CITE THE FOLLOWING REFERENCE ++++
B. Hess and C. Kutzner and D. van der Spoel and E. Lindahl
GROMACS 4: Algorithms for highly efficient, load-balanced, and scalable
molecular simulation
J. Chem. Theory Comput. 4 (2008) pp. 435-447
-------- -------- --- Thank You --- -------- --------


++++ PLEASE READ AND CITE THE FOLLOWING REFERENCE ++++
D. van der Spoel, E. Lindahl, B. Hess, G. Groenhof, A. E. Mark and H. J. C.
Berendsen
GROMACS: Fast, Flexible and Free
J. Comp. Chem. 26 (2005) pp. 1701-1719
-------- -------- --- Thank You --- -------- --------


++++ PLEASE READ AND CITE THE FOLLOWING REFERENCE ++++
E. Lindahl and B. Hess and D. van der Spoel
GROMACS 3.0: A package for molecular simulation and trajectory analysis
J. Mol. Mod. 7 (2001) pp. 306-317
-------- -------- --- Thank You --- -------- --------


++++ PLEASE READ AND CITE THE FOLLOWING REFERENCE ++++
H. J. C. Berendsen, D. van der Spoel and R. van Drunen
GROMACS: A message-passing parallel molecular dynamics implementation
Comp. Phys. Comm. 91 (1995) pp. 43-56
-------- -------- --- Thank You --- -------- --------

Changing nstlist from 10 to 25, rlist from 1.2 to 1.223

Input Parameters:
   integrator                     = md
   tinit                          = 0
   dt                             = 0.002
   nsteps                         = 10000
   init-step                      = 0
   simulation-part                = 1
   comm-mode                      = Linear
   nstcomm                        = 5000
   bd-fric                        = 0
   ld-seed                        = 3448832404
   emtol                          = 10
   emstep                         = 0.01
   niter                          = 20
   fcstep                         = 0
   nstcgsteep                     = 1000
   nbfgscorr                      = 10
   rtpi                           = 0.05
   nstxout                        = 5000
   nstvout                        = 0
   nstfout                        = 0
   nstlog                         = 5000
   nstcalcenergy                  = 100
   nstenergy                      = 5000
   nstxout-compressed             = 0
   compressed-x-precision         = 1000
   cutoff-scheme                  = Verlet
   nstlist                        = 25
   ns-type                        = Grid
   pbc                            = xyz
   periodic-molecules             = false
   verlet-buffer-tolerance        = 0.005
   rlist                          = 1.223
   coulombtype                    = PME
   coulomb-modifier               = None
   rcoulomb-switch                = 0
   rcoulomb                       = 1.2
   epsilon-r                      = 1
   epsilon-rf                     = inf
   vdw-type                       = Cut-off
   vdw-modifier                   = Force-switch
   rvdw-switch                    = 1
   rvdw                           = 1.2
   DispCorr                       = No
   table-extension                = 1
   fourierspacing                 = 0.12
   fourier-nx                     = 384
   fourier-ny                     = 384
   fourier-nz                     = 128
   pme-order                      = 4
   ewald-rtol                     = 1e-05
   ewald-rtol-lj                  = 0.001
   lj-pme-comb-rule               = Geometric
   ewald-geometry                 = 0
   epsilon-surface                = 0
   implicit-solvent               = No
   gb-algorithm                   = Still
   nstgbradii                     = 1
   rgbradii                       = 1
   gb-epsilon-solvent             = 80
   gb-saltconc                    = 0
   gb-obc-alpha                   = 1
   gb-obc-beta                    = 0.8
   gb-obc-gamma                   = 4.85
   gb-dielectric-offset           = 0.009
   sa-algorithm                   = Ace-approximation
   sa-surface-tension             = 2.05016
   tcoupl                         = Berendsen
   nsttcouple                     = 10
   nh-chain-length                = 0
   print-nose-hoover-chain-variables = false
   pcoupl                         = Berendsen
   pcoupltype                     = Semiisotropic
   nstpcouple                     = 10
   tau-p                          = 5
   compressibility (3x3):
      compressibility[    0]={ 0.00000e+00,  0.00000e+00,  0.00000e+00}
      compressibility[    1]={ 0.00000e+00,  0.00000e+00,  0.00000e+00}
      compressibility[    2]={ 0.00000e+00,  0.00000e+00,  4.50000e-05}
   ref-p (3x3):
      ref-p[    0]={ 0.00000e+00,  0.00000e+00,  0.00000e+00}
      ref-p[    1]={ 0.00000e+00,  0.00000e+00,  0.00000e+00}
      ref-p[    2]={ 0.00000e+00,  0.00000e+00,  1.00000e+00}
   refcoord-scaling               = No
   posres-com (3):
      posres-com[0]= 0.00000e+00
      posres-com[1]= 0.00000e+00
      posres-com[2]= 0.00000e+00
   posres-comB (3):
      posres-comB[0]= 0.00000e+00
      posres-comB[1]= 0.00000e+00
      posres-comB[2]= 0.00000e+00
   QMMM                           = false
   QMconstraints                  = 0
   QMMMscheme                     = 0
   MMChargeScaleFactor            = 1
qm-opts:
   ngQM                           = 0
   constraint-algorithm           = Lincs
   continuation                   = true
   Shake-SOR                      = false
   shake-tol                      = 0.0001
   lincs-order                    = 4
   lincs-iter                     = 1
   lincs-warnangle                = 30
   nwall                          = 0
   wall-type                      = 9-3
   wall-r-linpot                  = -1
   wall-atomtype[0]               = -1
   wall-atomtype[1]               = -1
   wall-density[0]                = 0
   wall-density[1]                = 0
   wall-ewald-zfac                = 3
   pull                           = false
   rotation                       = false
   interactiveMD                  = false
   disre                          = No
   disre-weighting                = Conservative
   disre-mixed                    = false
   dr-fc                          = 1000
   dr-tau                         = 0
   nstdisreout                    = 100
   orire-fc                       = 0
   orire-tau                      = 0
   nstorireout                    = 100
   free-energy                    = no
   cos-acceleration               = 0
   deform (3x3):
      deform[    0]={ 0.00000e+00,  0.00000e+00,  0.00000e+00}
      deform[    1]={ 0.00000e+00,  0.00000e+00,  0.00000e+00}
      deform[    2]={ 0.00000e+00,  0.00000e+00,  0.00000e+00}
   simulated-tempering            = false
   E-x:
      n = 0
   E-xt:
      n = 0
   E-y:
      n = 0
   E-yt:
      n = 0
   E-z:
      n = 0
   E-zt:
      n = 0
   swapcoords                     = no
   userint1                       = 0
   userint2                       = 0
   userint3                       = 0
   userint4                       = 0
   userreal1                      = 0
   userreal2                      = 0
   userreal3                      = 0
   userreal4                      = 0
grpopts:
   nrdf:  6.37861e+06
   ref-t:         300
   tau-t:           1
annealing:          No
annealing-npoints:           0
   acc:	           0           0           0
   nfreeze:           N           N           N
   energygrp-flags[  0]: 0


Initializing Domain Decomposition on 256 ranks
Dynamic load balancing: auto
Initial maximum inter charge-group distances:
    two-body bonded interactions: 0.463 nm, LJ-14, atoms 3653 4056
  multi-body bonded interactions: 0.504 nm, CMAP Dih., atoms 72708 72725
Minimum cell size due to bonded interactions: 0.555 nm
Maximum distance for 5 constraints, at 120 deg. angles, all-trans: 0.222 nm
Estimated maximum distance required for P-LINCS: 0.222 nm
Guess for relative PME load: 0.17
Will use 192 particle-particle and 64 PME only ranks
This is a guess, check the performance at the end of the log file
Using 64 separate PME ranks, as guessed by mdrun
Scaling the initial minimum size with 1/0.8 (option -dds) = 1.25
Optimizing the DD grid for 192 cells with a minimum initial size of 0.694 nm
The maximum allowed number of cells is: X 62 Y 64 Z 21
Domain decomposition grid 8 x 8 x 3, separate PME ranks 64
PME domain decomposition: 8 x 8 x 1
Interleaving PP and PME ranks
This rank does only particle-particle work.

Domain decomposition rank 0, coordinates 0 0 0

The initial number of communication pulses is: X 1 Y 1 Z 1
The initial domain decomposition cell size is: X 5.45 nm Y 5.62 nm Z 5.00 nm

The maximum allowed distance for charge groups involved in interactions is:
                 non-bonded interactions           1.223 nm
(the following are initial values, they could change due to box deformation)
            two-body bonded interactions  (-rdd)   1.223 nm
          multi-body bonded interactions  (-rdd)   1.223 nm
  atoms separated by up to 5 constraints  (-rcon)  5.004 nm

When dynamic load balancing gets turned on, these settings will change to:
The maximum number of communication pulses is: X 1 Y 1 Z 1
The minimum size for domain decomposition cells is 1.223 nm
The requested allowed shrink of DD cells (option -dds) is: 0.80
The allowed shrink of domain decomposition cells is: X 0.22 Y 0.22 Z 0.24
The maximum allowed distance for charge groups involved in interactions is:
                 non-bonded interactions           1.223 nm
            two-body bonded interactions  (-rdd)   1.223 nm
          multi-body bonded interactions  (-rdd)   1.223 nm
  atoms separated by up to 5 constraints  (-rcon)  1.223 nm

Using two step summing over 8 groups of on average 24.0 ranks

Using 256 MPI processes
Using 2 OpenMP threads per MPI process

Will do PME sum in reciprocal space for electrostatic interactions.

++++ PLEASE READ AND CITE THE FOLLOWING REFERENCE ++++
U. Essmann, L. Perera, M. L. Berkowitz, T. Darden, H. Lee and L. G. Pedersen 
A smooth particle mesh Ewald method
J. Chem. Phys. 103 (1995) pp. 8577-8592
-------- -------- --- Thank You --- -------- --------

Will do ordinary reciprocal space Ewald sum.
Using a Gaussian width (1/beta) of 0.384195 nm for Ewald
Cut-off's:   NS: 1.223   Coulomb: 1.2   LJ: 1.2
System total charge: 0.001
Generated table with 1111 data points for 1-4 COUL.
Tabscale = 500 points/nm
Generated table with 1111 data points for 1-4 LJ6.
Tabscale = 500 points/nm
Generated table with 1111 data points for 1-4 LJ12.
Tabscale = 500 points/nm
Potential shift: LJ r^-12: -2.648e-01 r^-6: -5.349e-01, Ewald -0.000e+00
Initialized non-bonded Ewald correction tables, spacing: 1.02e-03 size: 1176


Using SIMD 4x8 non-bonded kernels

Pinning threads with an auto-selected logical core stride of 1

Initializing Parallel LINear Constraint Solver

++++ PLEASE READ AND CITE THE FOLLOWING REFERENCE ++++
B. Hess
P-LINCS: A Parallel Linear Constraint Solver for molecular simulation
J. Chem. Theory Comput. 4 (2008) pp. 116-122
-------- -------- --- Thank You --- -------- --------

The number of constraints is 573928
There are inter charge-group constraints,
will communicate selected coordinates each lincs iteration

++++ PLEASE READ AND CITE THE FOLLOWING REFERENCE ++++
S. Miyamoto and P. A. Kollman
SETTLE: An Analytical Version of the SHAKE and RATTLE Algorithms for Rigid
Water Models
J. Comp. Chem. 13 (1992) pp. 952-962
-------- -------- --- Thank You --- -------- --------


Linking all bonded interactions to atoms

Intra-simulation communication will occur every 5 steps.
Center of mass motion removal mode is Linear
We have the following groups for center of mass motion removal:
  0:  rest

++++ PLEASE READ AND CITE THE FOLLOWING REFERENCE ++++
H. J. C. Berendsen, J. P. M. Postma, A. DiNola and J. R. Haak
Molecular dynamics with coupling to an external bath
J. Chem. Phys. 81 (1984) pp. 3684-3690
-------- -------- --- Thank You --- -------- --------

There are: 2997924 Atoms
Atom distribution over 192 domains: av 15614 stddev 606 min 14949 max 16797

Started mdrun on rank 0 Thu Sep 10 15:03:30 2020
           Step           Time
              0        0.00000

   Energies (kJ/mol)
           Bond            U-B    Proper Dih.  Improper Dih.      CMAP Dih.
    4.39630e+05    2.30394e+06    1.04149e+06    2.71773e+04   -2.47970e+04
          LJ-14     Coulomb-14        LJ (SR)   Coulomb (SR)   Coul. recip.
    3.07430e+05   -3.34243e+06    2.45026e+06   -3.22735e+07    1.36504e+05
      Potential    Kinetic En.   Total Energy    Temperature Pressure (bar)
   -2.89343e+07    7.96082e+06   -2.09735e+07    3.00212e+02    1.14193e+01
   Constr. rmsd
    9.79735e-06

DD  step 24 load imb.: force 33.5%  pme mesh/force 0.918


step 75 Turning on dynamic load balancing, because the performance loss due to load imbalance is 14.2 %.

step  175: timed with pme grid 384 384 128, coulomb cutoff 1.200: 1939.3 M-cycles
step  225: timed with pme grid 324 336 112, coulomb cutoff 1.346: 2154.0 M-cycles
step  275: timed with pme grid 300 300 100, coulomb cutoff 1.501: 2598.9 M-cycles
step  325: timed with pme grid 300 320 104, coulomb cutoff 1.453: 2456.8 M-cycles
step  375: timed with pme grid 320 320 104, coulomb cutoff 1.443: 2382.6 M-cycles
step  425: timed with pme grid 320 320 108, coulomb cutoff 1.406: 2341.2 M-cycles
step  475: timed with pme grid 320 324 112, coulomb cutoff 1.389: 2339.5 M-cycles

step 500 Turning off dynamic load balancing, because it is degrading performance.

Atom distribution over 192 domains: av 15614 stddev 598 min 14906 max 16858
step  525: timed with pme grid 320 336 112, coulomb cutoff 1.363: 2781.1 M-cycles
step  575: timed with pme grid 324 336 112, coulomb cutoff 1.346: 2081.8 M-cycles
step  625: timed with pme grid 336 384 120, coulomb cutoff 1.298: 2044.5 M-cycles
step  675: timed with pme grid 384 384 120, coulomb cutoff 1.251: 2061.4 M-cycles
step  725: timed with pme grid 384 384 128, coulomb cutoff 1.200: 1863.1 M-cycles
step  775: timed with pme grid 324 336 112, coulomb cutoff 1.346: 2164.3 M-cycles
step  825: timed with pme grid 336 384 120, coulomb cutoff 1.298: 2208.4 M-cycles
step  875: timed with pme grid 384 384 120, coulomb cutoff 1.251: 1943.1 M-cycles
step  925: timed with pme grid 384 384 128, coulomb cutoff 1.200: 2034.8 M-cycles
step  975: timed with pme grid 324 336 112, coulomb cutoff 1.346: 2136.2 M-cycles
step 1025: timed with pme grid 336 384 120, coulomb cutoff 1.298: 2122.9 M-cycles
step 1075: timed with pme grid 384 384 120, coulomb cutoff 1.251: 2097.3 M-cycles
step 1125: timed with pme grid 384 384 128, coulomb cutoff 1.200: 2035.1 M-cycles
              optimal pme grid 384 384 128, coulomb cutoff 1.200
DD  step 4999 load imb.: force 32.7%  pme mesh/force 1.051

           Step           Time
           5000       10.00000

   Energies (kJ/mol)
           Bond            U-B    Proper Dih.  Improper Dih.      CMAP Dih.
    4.38999e+05    2.30651e+06    1.04109e+06    2.66797e+04   -2.49423e+04
          LJ-14     Coulomb-14        LJ (SR)   Coulomb (SR)   Coul. recip.
    3.06276e+05   -3.34216e+06    2.45528e+06   -3.22841e+07    1.36209e+05
      Potential    Kinetic En.   Total Energy    Temperature Pressure (bar)
   -2.89402e+07    7.95711e+06   -2.09831e+07    3.00072e+02    1.94887e+01
   Constr. rmsd
    9.78157e-06

DD  step 9999 load imb.: force 30.4%  pme mesh/force 0.879


step 10000 Turning on dynamic load balancing, because the performance loss due to load imbalance is 4.4 %.

           Step           Time
          10000       20.00000

   Energies (kJ/mol)
           Bond            U-B    Proper Dih.  Improper Dih.      CMAP Dih.
    4.38716e+05    2.30435e+06    1.04198e+06    2.68033e+04   -2.48519e+04
          LJ-14     Coulomb-14        LJ (SR)   Coulomb (SR)   Coul. recip.
    3.06378e+05   -3.34143e+06    2.46096e+06   -3.22872e+07    1.36316e+05
      Potential    Kinetic En.   Total Energy    Temperature Pressure (bar)
   -2.89379e+07    7.95478e+06   -2.09832e+07    2.99984e+02    1.40607e+01
   Constr. rmsd
    9.78871e-06

	<======  ###############  ==>
	<====  A V E R A G E S  ====>
	<==  ###############  ======>

	Statistics over 10001 steps using 101 frames

   Energies (kJ/mol)
           Bond            U-B    Proper Dih.  Improper Dih.      CMAP Dih.
    4.39658e+05    2.30555e+06    1.04019e+06    2.68318e+04   -2.49243e+04
          LJ-14     Coulomb-14        LJ (SR)   Coulomb (SR)   Coul. recip.
    3.07155e+05   -3.34054e+06    2.45835e+06   -3.22830e+07    1.33542e+05
      Potential    Kinetic En.   Total Energy    Temperature Pressure (bar)
   -2.89372e+07    7.95668e+06   -2.09805e+07    3.00056e+02    1.55681e+01
   Constr. rmsd
    0.00000e+00

          Box-X          Box-Y          Box-Z
    4.36018e+01    4.49954e+01    1.50132e+01

   Total Virial (kJ/mol)
    2.58605e+06   -9.46111e+02   -5.22782e+01
   -2.06649e+03    2.59348e+06    2.40114e+03
   -1.78825e+02    2.56077e+03    2.73573e+06

   Pressure (bar)
    2.53722e+01    9.75758e-01   -6.11619e-01
    2.23903e+00    1.70929e+01   -2.62817e+00
   -4.68934e-01   -2.80815e+00    4.23906e+00


	M E G A - F L O P S   A C C O U N T I N G

 NB=Group-cutoff nonbonded kernels    NxN=N-by-N cluster Verlet kernels
 RF=Reaction-Field  VdW=Van der Waals  QSTab=quadratic-spline table
 W3=SPC/TIP3p  W4=TIP4p (single or pairs)
 V&F=Potential and force  V=Potential only  F=Force only

 Computing:                               M-Number         M-Flops  % Flops
-----------------------------------------------------------------------------
 NB VdW [V&F]                         18173.217140       18173.217     0.0
 Pair Search distance check          621165.518100     5590489.663     0.3
 NxN Ewald Elec. + LJ [F]          15722579.261408  1226361182.390    66.6
 NxN Ewald Elec. + LJ [V&F]          159874.250992    20623778.378     1.1
 NxN LJ [F]                              34.860480        1568.722     0.0
 NxN LJ [V&F]                             0.327616          21.295     0.0
 NxN Ewald Elec. [F]                7833697.790848   477855565.242    26.0
 NxN Ewald Elec. [V&F]                79659.286480     6691380.064     0.4
 1,4 nonbonded interactions           25358.295576     2282246.602     0.1
 Calc Weights                         89946.713772     3238081.696     0.2
 Spread Q Bspline                   1918863.227136     3837726.454     0.2
 Gather F Bspline                   1918863.227136    11513179.363     0.6
 3D-FFT                             8898720.313072    71189762.505     3.9
 Solve PME                            11600.699648      742444.777     0.0
 Reset In Box                          1196.171676        3588.515     0.0
 CG-CoM                                1202.167524        3606.503     0.0
 Bonds                                 3754.935456      221541.192     0.0
 Propers                              27709.930716     6345574.134     0.3
 Impropers                              282.628260       58786.678     0.0
 Virial                                3009.570564       54172.270     0.0
 Stop-CM                                  8.993772          89.938     0.0
 P-Coupling                            2997.924000       17987.544     0.0
 Calc-Ekin                            11997.691848      323937.680     0.0
 Lincs                                 6052.543282      363152.597     0.0
 Lincs-Mat                            41173.131900      164692.528     0.0
 Constraint-V                         33553.731650      268429.853     0.0
 Constraint-Vir                        2752.590158       66062.164     0.0
 Settle                                7149.548362     2309304.121     0.1
 (null)                                  56.685668           0.000     0.0
-----------------------------------------------------------------------------
 Total                                              1840146526.083   100.0
-----------------------------------------------------------------------------


    D O M A I N   D E C O M P O S I T I O N   S T A T I S T I C S

 av. #atoms communicated per step for force:  2 x 2479785.1
 av. #atoms communicated per step for LINCS:  2 x 150410.5

 Average load imbalance: 10.8 %
 Part of the total run time spent waiting due to load imbalance: 4.4 %
 Steps where the load balancing was limited by -rdd, -rcon and/or -dds: X 0 % Y 0 % Z 0 %
 Average PME mesh/force load: 0.946
 Part of the total run time spent waiting due to PP/PME imbalance: 0.9 %


     R E A L   C Y C L E   A N D   T I M E   A C C O U N T I N G

On 192 MPI ranks doing PP, each using 2 OpenMP threads, and
on 64 MPI ranks doing PME, each using 2 OpenMP threads

 Computing:          Num   Num      Call    Wall time         Giga-Cycles
                     Ranks Threads  Count      (s)         total sum    %
-----------------------------------------------------------------------------
 Domain decomp.       192    2        400      27.316      22027.707   4.0
 DD comm. load        192    2         23       0.002          1.408   0.0
 DD comm. bounds      192    2         18       0.017         13.319   0.0
 Send X to PME        192    2      10001       1.006        811.279   0.1
 Neighbor search      192    2        401      10.294       8301.098   1.5
 Comm. coord.         192    2       9600      15.802      12742.992   2.3
 Force                192    2      10001     277.720     223952.242  40.5
 Wait + Comm. F       192    2      10001      65.777      53042.337   9.6
 PME mesh *            64    2      10001     369.325      99274.126  17.9
 PME wait for PP *                            145.481      39105.045   7.1
 Wait + Recv. PME F   192    2      10001      47.038      37931.404   6.9
 NB X/F buffer ops.   192    2      29201       2.713       2187.394   0.4
 Write traj.          192    2          3       0.029         23.579   0.0
 Update               192    2      10001       1.962       1582.431   0.3
 Constraints          192    2      10001      48.967      39486.841   7.1
 Comm. energies       192    2       2001      15.079      12159.803   2.2
 Rest                                           1.084        874.211   0.2
-----------------------------------------------------------------------------
 Total                                        514.806     553517.393 100.0
-----------------------------------------------------------------------------
(*) Note that with separate PME ranks, the walltime column actually sums to
    twice the total reported, but the cycle count total and % are correct.
-----------------------------------------------------------------------------
 Breakdown of PME mesh computation
-----------------------------------------------------------------------------
 PME redist. X/F       64    2      20002      93.183      25047.511   4.5
 PME spread/gather     64    2      20002      84.386      22682.873   4.1
 PME 3D-FFT            64    2      20002      40.103      10779.650   1.9
 PME 3D-FFT Comm.      64    2      40004     143.468      38564.091   7.0
 PME solve Elec        64    2      10001       8.118       2182.132   0.4
-----------------------------------------------------------------------------

               Core t (s)   Wall t (s)        (%)
       Time:   263580.803      514.806    51200.0
                 (ns/day)    (hour/ns)
Performance:        3.357        7.149
Finished mdrun on rank 0 Thu Sep 10 15:12:05 2020
