#------------------------------------------------------------
#    Intel(R) MPI Benchmarks 2019 Update 5, MPI-1 part    
#------------------------------------------------------------
# Date                  : Wed Oct  7 09:34:41 2020
# Machine               : x86_64
# System                : Linux
# Release               : 3.10.0-1127.8.2.el7.x86_64
# Version               : #1 SMP Tue May 12 16:57:42 UTC 2020
# MPI Version           : 3.1
# MPI Thread Environment: 


# Calling sequence was: 

# IMB-MPI1 uniband -npmin 1 

# Minimum message length in bytes:   0
# Maximum message length in bytes:   4194304
#
# MPI_Datatype                   :   MPI_BYTE 
# MPI_Datatype for reductions    :   MPI_FLOAT 
# MPI_Op                         :   MPI_SUM  
# 
# 

# List of Benchmarks to run:

# Uniband

#---------------------------------------------------
# Benchmarking Uniband 
# #processes = 2 
#---------------------------------------------------
       #bytes #repetitions   Mbytes/sec      Msg/sec
            0         1000         0.00      3494039
            1         1000         3.49      3489625
            2         1000         6.99      3494399
            4         1000        13.96      3490473
            8         1000        27.92      3490610
           16         1000        55.79      3487072
           32         1000       111.39      3480948
           64         1000       220.63      3447412
          128         1000       426.17      3329468
          256         1000       787.95      3077926
          512         1000      1540.14      3008079
         1024         1000      2162.35      2111672
         2048         1000      2522.86      1231866
         4096         1000      2695.81       658157
         8192         1000      2854.56       348457
        16384         1000      2927.53       178682
        32768         1000      2988.47        91201
        65536          640      3019.39        46072
       131072          320      3035.50        23159
       262144          160      2706.99        10326
       524288           80      2799.90         5340
      1048576           40      2843.67         2712
      2097152           20      2862.75         1365
      4194304           10      2873.43          685


# All processes entering MPI_Finalize

