#------------------------------------------------------------
#    Intel(R) MPI Benchmarks 2019 Update 5, MPI-1 part    
#------------------------------------------------------------
# Date                  : Fri Sep 11 15:04:25 2020
# Machine               : x86_64
# System                : Linux
# Release               : 3.10.0-1127.8.2.el7.x86_64
# Version               : #1 SMP Tue May 12 16:57:42 UTC 2020
# MPI Version           : 3.1
# MPI Thread Environment: 


# Calling sequence was: 

# IMB-MPI1 uniband -npmin 4 

# Minimum message length in bytes:   0
# Maximum message length in bytes:   4194304
#
# MPI_Datatype                   :   MPI_BYTE 
# MPI_Datatype for reductions    :   MPI_FLOAT 
# MPI_Op                         :   MPI_SUM  
# 
# 

# List of Benchmarks to run:

# Uniband

#---------------------------------------------------
# Benchmarking Uniband 
# #processes = 4 
#---------------------------------------------------
       #bytes #repetitions   Mbytes/sec      Msg/sec
            0         1000         0.00      5271955
            1         1000         5.10      5097241
            2         1000        10.53      5266668
            4         1000        21.03      5257835
            8         1000        42.17      5271295
           16         1000        83.94      5246301
           32         1000       168.01      5250167
           64         1000       328.14      5127205
          128         1000       650.45      5081630
          256         1000      1066.55      4166199
          512         1000      1928.18      3765977
         1024         1000      2730.70      2666697
         2048         1000      2914.86      1423271
         4096         1000      2959.09       722435
         8192         1000      3010.44       367485
        16384         1000      3025.32       184651
        32768         1000      3038.60        92731
        65536          640      3045.27        46467
       131072          320      3048.60        23259
       262144          160      3039.83        11596
       524288           80      3048.95         5815
      1048576           40      3052.29         2911
      2097152           20      3055.39         1457
      4194304           10      3049.39          727


# All processes entering MPI_Finalize

