[0] MPI startup(): I_MPI_OFA_TRANSLATION_CACHE variable has been removed from the product, its value is ignored

#------------------------------------------------------------
#    Intel(R) MPI Benchmarks 2019 Update 6, MPI-1 part    
#------------------------------------------------------------
# Date                  : Thu Oct  1 16:22:32 2020
# Machine               : x86_64
# System                : Linux
# Release               : 3.10.0-1127.19.1.el7.x86_64
# Version               : #1 SMP Tue Aug 25 17:23:54 UTC 2020
# MPI Version           : 3.1
# MPI Thread Environment: 


# Calling sequence was: 

# /usr/local/Cluster-Apps/intel/2020.2/compilers_and_libraries_2020.2.254/linux/mpi/intel64/bin/IMB-MPI1 biband -npmin 1 

# Minimum message length in bytes:   0
# Maximum message length in bytes:   4194304
#
# MPI_Datatype                   :   MPI_BYTE 
# MPI_Datatype for reductions    :   MPI_FLOAT 
# MPI_Op                         :   MPI_SUM  
# 
# 

# List of Benchmarks to run:

# Biband

#---------------------------------------------------
# Benchmarking Biband 
# #processes = 2 
# ( 82 additional processes waiting in MPI_Barrier)
#---------------------------------------------------
       #bytes #repetitions   Mbytes/sec      Msg/sec
            0         1000         0.00      4538839
            1         1000         4.38      4382520
            2         1000         9.07      4535250
            4         1000        18.16      4540369
            8         1000        36.11      4513734
           16         1000        72.18      4510972
           32         1000       143.90      4496860
           64         1000       286.87      4482406
          128         1000       591.33      4619736
          256         1000      1445.17      5645200
          512         1000       933.60      1823445
         1024         1000      1666.74      1627679
         2048         1000      2727.60      1331835
         4096         1000      3911.37       954924
         8192         1000      4985.53       608586
        16384         1000      6067.14       370309
        32768         1000      6303.80       192377
        65536          640      6320.11        96437
       131072          320      6385.67        48719
       262144          160      6435.55        24550
       524288           80      6591.34        12572
      1048576           40      6142.69         5858
      2097152           20      6143.11         2929
      4194304           10      4974.96         1186

#---------------------------------------------------
# Benchmarking Biband 
# #processes = 4 
# ( 80 additional processes waiting in MPI_Barrier)
#---------------------------------------------------
       #bytes #repetitions   Mbytes/sec      Msg/sec
            0         1000         0.00     15299649
            1         1000        15.32     15324080
            2         1000        30.53     15266426
            4         1000        60.34     15083772
            8         1000       121.97     15245836
           16         1000       243.46     15216240
           32         1000       476.11     14878413
           64         1000       950.30     14848395
          128         1000      1889.05     14758199
          256         1000      3800.37     14845193
          512         1000      3188.25      6227060
         1024         1000      5444.29      5316691
         2048         1000      9226.18      4504973
         4096         1000     14715.02      3592533
         8192         1000     20332.20      2481958
        16384         1000     23873.58      1457128
        32768         1000     24700.27       753793
        65536          640     25996.13       396670
       131072          320     26317.40       200786
       262144          160     23749.54        90597
       524288           80     15709.11        29963
      1048576           40     23440.12        22354
      2097152           20     23524.42        11217
      4194304           10     13173.70         3141

#---------------------------------------------------
# Benchmarking Biband 
# #processes = 8 
# ( 76 additional processes waiting in MPI_Barrier)
#---------------------------------------------------
       #bytes #repetitions   Mbytes/sec      Msg/sec
            0         1000         0.00     16568324
            1         1000        16.46     16456039
            2         1000        32.94     16469189
            4         1000        65.80     16448830
            8         1000       131.63     16454361
           16         1000       260.72     16294936
           32         1000       560.79     17524575
           64         1000      1118.86     17482171
          128         1000      2183.40     17057802
          256         1000      4073.56     15912348
          512         1000      3467.85      6773153
         1024         1000      6287.62      6140256
         2048         1000     10037.09      4900921
         4096         1000     14102.39      3442966
         8192         1000     18249.01      2227663
        16384         1000     21796.86      1330375
        32768         1000     22171.54       676622
        65536          640     22931.19       349902
       131072          320     23249.59       177380
       262144          160     24409.73        93116
       524288           80     24294.35        46338
      1048576           40     22755.59        21701
      2097152           20     22562.17        10758
      4194304           10     18757.19         4472

#---------------------------------------------------
# Benchmarking Biband 
# #processes = 16 
# ( 68 additional processes waiting in MPI_Barrier)
#---------------------------------------------------
       #bytes #repetitions   Mbytes/sec      Msg/sec
            0         1000         0.00     33432319
            1         1000        33.21     33211365
            2         1000        66.53     33264734
            4         1000       133.11     33277483
            8         1000       266.37     33296388
           16         1000       527.81     32988151
           32         1000      1126.50     35203056
           64         1000      2239.29     34988975
          128         1000      4442.20     34704678
          256         1000      8467.15     33074803
          512         1000      7086.23     13840299
         1024         1000     12801.40     12501371
         2048         1000     20508.09     10013714
         4096         1000     29078.24      7099180
         8192         1000     37879.86      4624006
        16384         1000     40331.18      2461620
        32768         1000     46611.95      1422484
        65536          640     48123.65       734309
       131072          320     47506.98       362450
       262144          160     46549.23       177571
       524288           80     46215.60        88149
      1048576           40     42282.80        40324
      2097152           20     36414.91        17364
      4194304           10     34038.54         8115

#---------------------------------------------------
# Benchmarking Biband 
# #processes = 32 
# ( 52 additional processes waiting in MPI_Barrier)
#---------------------------------------------------
       #bytes #repetitions   Mbytes/sec      Msg/sec
            0         1000         0.00     65811323
            1         1000        65.66     65664586
            2         1000       130.95     65476732
            4         1000       262.16     65539811
            8         1000       523.95     65494328
           16         1000      1048.31     65519160
           32         1000      2169.08     67783797
           64         1000      4325.13     67580172
          128         1000      8398.95     65616766
          256         1000     16280.66     63596344
          512         1000     12391.38     24201906
         1024         1000     21508.97     21004855
         2048         1000     33309.67     16264490
         4096         1000     46255.93     11292953
         8192         1000     54661.28      6672520
        16384         1000     58241.83      3554799
        32768         1000     69518.96      2121550
        65536          640     78345.12      1195452
       131072          320     73487.28       560663
       262144          160     64583.61       246367
       524288           80     61458.59       117223
      1048576           40     60473.16        57672
      2097152           20     44357.26        21151
      4194304           10     42384.40        10105

#---------------------------------------------------
# Benchmarking Biband 
# #processes = 64 
# ( 20 additional processes waiting in MPI_Barrier)
#---------------------------------------------------
       #bytes #repetitions   Mbytes/sec      Msg/sec
            0         1000         0.00    130194278
            1         1000       130.41    130413527
            2         1000       261.12    130558158
            4         1000       525.06    131263851
            8         1000      1045.54    130692941
           16         1000      2095.17    130948384
           32         1000      4326.88    135215096
           64         1000      7425.69    116026431
          128         1000     12454.78     97303008
          256         1000     19512.98     76222559
          512         1000     24116.46     47102457
         1024         1000     30960.26     30234629
         2048         1000     33086.79     16155661
         4096         1000     33909.69      8278732
         8192         1000     34438.17      4203878
        16384         1000     34277.01      2092103
        32768         1000     34626.95      1056731
        65536          640     34538.73       527019
       131072          320     35073.25       267588
       262144          160     35001.70       133521
       524288           80     34678.24        66143
      1048576           40     35644.10        33993
      2097152           20     35573.63        16963
      4194304           10     35467.51         8456

#---------------------------------------------------
# Benchmarking Biband 
# #processes = 84 
#---------------------------------------------------
       #bytes #repetitions   Mbytes/sec      Msg/sec
            0         1000         0.00    152588479
            1         1000       152.59    152590328
            2         1000       305.34    152668788
            4         1000       611.43    152858078
            8         1000      1219.03    152378887
           16         1000      2439.14    152446005
           32         1000      4504.88    140777392
           64         1000      6935.96    108374448
          128         1000      6702.61     52364113
          256         1000     12473.42     48724288
          512         1000     16328.55     31891701
         1024         1000     20267.88     19792856
         2048         1000     22844.97     11154771
         4096         1000     23123.83      5645466
         8192         1000     23804.59      2905834
        16384         1000     24062.81      1468677
        32768         1000     24009.00       732697
        65536          640     24044.28       366887
       131072          320     24318.08       185532
       262144          160     24367.71        92955
       524288           80     24401.01        46541
      1048576           40     24429.26        23298
      2097152           20     24480.81        11673
      4194304           10     24512.39         5844


# All processes entering MPI_Finalize

