Number of Heterogeneous data entries for HPL.dat=0
================================================================================
HPLinpack 2.3  --  High-Performance Linpack benchmark  --   December 2, 2018
Written by A. Petitet and R. Clint Whaley,  Innovative Computing Laboratory, UTK
Modified by Piotr Luszczek, Innovative Computing Laboratory, UTK
Modified by Julien Langou, University of Colorado Denver
================================================================================

An explanation of the input/output parameters follows:
T/V    : Wall time / encoded variant.
N      : The order of the coefficient matrix A.
NB     : The partitioning blocking factor.
P      : The number of process rows.
Q      : The number of process columns.
Time   : Time in seconds to solve the linear system.
Gflops : Rate of execution for solving the linear system.

The following parameter values will be used:

N        :  419328 
NB       :     192 
PMAP     : Row-major process mapping
P        :       4 
Q        :       4 
PFACT    :   Right 
NBMIN    :       4 
NDIV     :       2 
RFACT    :   Crout 
BCAST    :  1ringM 
DEPTH    :       1 
SWAP     : Mix (threshold = 64)
L1       : transposed form
U        : transposed form
EQUIL    : yes
ALIGN    :    8 double precision words

--------------------------------------------------------------------------------

- The matrix A is randomly generated for each test.
- The following scaled residual check will be computed:
      ||Ax-b||_oo / ( eps * ( || x ||_oo * || A ||_oo + || b ||_oo ) * N )
- The relative machine precision (eps) is taken to be               1.110223e-16
- Computational tests pass if scaled residuals are less than                16.0

openhpc-compute-5 : Column=002112 Fraction=0.005 Kernel=   30.20 Mflops=18381609.94
openhpc-compute-0 : Column=004224 Fraction=0.010 Kernel=16059248.24 Mflops=16914049.85
openhpc-compute-15 : Column=006336 Fraction=0.015 Kernel=16138192.83 Mflops=16730817.08
openhpc-compute-10 : Column=008448 Fraction=0.020 Kernel=16136145.40 Mflops=16672919.00
openhpc-compute-5 : Column=010560 Fraction=0.025 Kernel=16156734.51 Mflops=16621939.79
openhpc-compute-0 : Column=012672 Fraction=0.030 Kernel=16085040.91 Mflops=16365864.14
openhpc-compute-15 : Column=014784 Fraction=0.035 Kernel=16103689.50 Mflops=16376845.71
openhpc-compute-10 : Column=016896 Fraction=0.040 Kernel=16091560.45 Mflops=16398184.44
openhpc-compute-5 : Column=019008 Fraction=0.045 Kernel=16110254.58 Mflops=16399586.65
openhpc-compute-0 : Column=021120 Fraction=0.050 Kernel=16093973.06 Mflops=16273180.03
openhpc-compute-15 : Column=023232 Fraction=0.055 Kernel=16102678.58 Mflops=16272849.02
openhpc-compute-10 : Column=025344 Fraction=0.060 Kernel=16097133.20 Mflops=16302434.23
openhpc-compute-0 : Column=027264 Fraction=0.065 Kernel=16074044.43 Mflops=16246950.57
openhpc-compute-15 : Column=029376 Fraction=0.070 Kernel=16204022.60 Mflops=16252166.14
openhpc-compute-10 : Column=031488 Fraction=0.075 Kernel=16206509.09 Mflops=16271532.01
openhpc-compute-5 : Column=033600 Fraction=0.080 Kernel=16150110.32 Mflops=16283229.98
openhpc-compute-0 : Column=035712 Fraction=0.085 Kernel=16163538.80 Mflops=16225021.03
openhpc-compute-15 : Column=037824 Fraction=0.090 Kernel=16179751.10 Mflops=16227322.32
openhpc-compute-10 : Column=039936 Fraction=0.095 Kernel=16179824.18 Mflops=16242238.00
openhpc-compute-5 : Column=042048 Fraction=0.100 Kernel=16156152.88 Mflops=16257328.16
openhpc-compute-0 : Column=044160 Fraction=0.105 Kernel=16160985.87 Mflops=16213485.99
openhpc-compute-15 : Column=046272 Fraction=0.110 Kernel=16145358.46 Mflops=16213589.66
openhpc-compute-10 : Column=048384 Fraction=0.115 Kernel=16141586.65 Mflops=16224615.80
openhpc-compute-5 : Column=050496 Fraction=0.120 Kernel=16152739.43 Mflops=16239102.72
openhpc-compute-0 : Column=052608 Fraction=0.125 Kernel=16150402.30 Mflops=16203153.89
openhpc-compute-10 : Column=054528 Fraction=0.130 Kernel=16139830.07 Mflops=16217254.15
openhpc-compute-5 : Column=056640 Fraction=0.135 Kernel=16144653.18 Mflops=16229860.70
openhpc-compute-0 : Column=058752 Fraction=0.140 Kernel=16131771.02 Mflops=16199490.61
openhpc-compute-15 : Column=060864 Fraction=0.145 Kernel=16159571.88 Mflops=16199313.91
openhpc-compute-10 : Column=062976 Fraction=0.150 Kernel=16098377.50 Mflops=16208004.74
openhpc-compute-5 : Column=065088 Fraction=0.155 Kernel=16171730.31 Mflops=16219312.71
openhpc-compute-0 : Column=067200 Fraction=0.160 Kernel=16156943.76 Mflops=16195609.13
openhpc-compute-15 : Column=069312 Fraction=0.165 Kernel=16104384.92 Mflops=16192710.36
openhpc-compute-10 : Column=071424 Fraction=0.170 Kernel=16159801.91 Mflops=16200556.35
openhpc-compute-5 : Column=073536 Fraction=0.175 Kernel=16173716.15 Mflops=16211517.03
openhpc-compute-0 : Column=075648 Fraction=0.180 Kernel=16146116.63 Mflops=16190906.98
openhpc-compute-15 : Column=077760 Fraction=0.185 Kernel=16202904.41 Mflops=16191869.73
openhpc-compute-5 : Column=079680 Fraction=0.190 Kernel=16161303.68 Mflops=16207116.02
openhpc-compute-0 : Column=081792 Fraction=0.195 Kernel=16165899.24 Mflops=16187634.89
openhpc-compute-15 : Column=083904 Fraction=0.200 Kernel=16123159.49 Mflops=16188971.19
openhpc-compute-10 : Column=086016 Fraction=0.205 Kernel=16162938.85 Mflops=16193984.93
openhpc-compute-5 : Column=088128 Fraction=0.210 Kernel=16162339.36 Mflops=16202441.41
openhpc-compute-0 : Column=090240 Fraction=0.215 Kernel=16190379.56 Mflops=16186199.27
openhpc-compute-15 : Column=092352 Fraction=0.220 Kernel=16117632.08 Mflops=16186644.53
openhpc-compute-10 : Column=094464 Fraction=0.225 Kernel=16141329.72 Mflops=16191527.66
openhpc-compute-5 : Column=096576 Fraction=0.230 Kernel=16142526.02 Mflops=16199257.25
openhpc-compute-0 : Column=098688 Fraction=0.235 Kernel=16114586.56 Mflops=16184205.47
openhpc-compute-15 : Column=100800 Fraction=0.240 Kernel=16117718.61 Mflops=16184771.48
openhpc-compute-10 : Column=102912 Fraction=0.245 Kernel=16154399.32 Mflops=16189227.65
openhpc-compute-5 : Column=105024 Fraction=0.250 Kernel=16162196.59 Mflops=16196126.33
openhpc-compute-15 : Column=106944 Fraction=0.255 Kernel=16125354.09 Mflops=16183029.33
openhpc-compute-10 : Column=109056 Fraction=0.260 Kernel=16108459.79 Mflops=16187516.72
openhpc-compute-5 : Column=111168 Fraction=0.265 Kernel=16109590.78 Mflops=16192987.89
openhpc-compute-0 : Column=113280 Fraction=0.270 Kernel=16106856.19 Mflops=16180099.49
openhpc-compute-15 : Column=115392 Fraction=0.275 Kernel=16134487.36 Mflops=16179956.55
openhpc-compute-10 : Column=117504 Fraction=0.280 Kernel=16165223.18 Mflops=16184663.05
openhpc-compute-5 : Column=119616 Fraction=0.285 Kernel=16175927.62 Mflops=16189628.89
openhpc-compute-0 : Column=121728 Fraction=0.290 Kernel=16072600.98 Mflops=16177543.12
openhpc-compute-15 : Column=123840 Fraction=0.295 Kernel=16134875.50 Mflops=16176577.76
openhpc-compute-10 : Column=125952 Fraction=0.300 Kernel=16086081.55 Mflops=16181557.66
openhpc-compute-5 : Column=128064 Fraction=0.305 Kernel=16172069.46 Mflops=16185714.32
openhpc-compute-0 : Column=130176 Fraction=0.310 Kernel=16138117.07 Mflops=16174391.83
openhpc-compute-10 : Column=132096 Fraction=0.315 Kernel=16049047.37 Mflops=16178791.59
openhpc-compute-5 : Column=134208 Fraction=0.320 Kernel=16100366.33 Mflops=16182176.62
openhpc-compute-0 : Column=136320 Fraction=0.325 Kernel=16076186.52 Mflops=16171644.19
openhpc-compute-15 : Column=138432 Fraction=0.330 Kernel=16154673.61 Mflops=16170833.60
openhpc-compute-10 : Column=140544 Fraction=0.335 Kernel=16094584.88 Mflops=16175583.15
openhpc-compute-5 : Column=142656 Fraction=0.340 Kernel=16126018.78 Mflops=16178368.22
openhpc-compute-0 : Column=144768 Fraction=0.345 Kernel=16029470.22 Mflops=16168211.55
openhpc-compute-15 : Column=146880 Fraction=0.350 Kernel=16047236.68 Mflops=16168048.27
openhpc-compute-10 : Column=148992 Fraction=0.355 Kernel=16097056.22 Mflops=16172182.36
openhpc-compute-5 : Column=151104 Fraction=0.360 Kernel=16091710.61 Mflops=16174060.47
openhpc-compute-0 : Column=153216 Fraction=0.365 Kernel=16073124.03 Mflops=16165252.81
openhpc-compute-15 : Column=155328 Fraction=0.370 Kernel=16103862.32 Mflops=16164674.62
openhpc-compute-10 : Column=157440 Fraction=0.375 Kernel=16103319.48 Mflops=16168841.37
openhpc-compute-0 : Column=159360 Fraction=0.380 Kernel=16000682.43 Mflops=16163396.00
openhpc-compute-15 : Column=161472 Fraction=0.385 Kernel=16099592.49 Mflops=16163092.45
openhpc-compute-10 : Column=163584 Fraction=0.390 Kernel=16059050.17 Mflops=16166431.24
openhpc-compute-5 : Column=165696 Fraction=0.395 Kernel=16097118.31 Mflops=16168598.83
openhpc-compute-0 : Column=167808 Fraction=0.400 Kernel=16104291.27 Mflops=16161137.08
openhpc-compute-15 : Column=169920 Fraction=0.405 Kernel=16103141.70 Mflops=16160842.11
openhpc-compute-10 : Column=172032 Fraction=0.410 Kernel=16120576.26 Mflops=16164035.54
openhpc-compute-5 : Column=174144 Fraction=0.415 Kernel=16057611.24 Mflops=16165564.67
openhpc-compute-0 : Column=176256 Fraction=0.420 Kernel=16049284.80 Mflops=16159344.08
openhpc-compute-15 : Column=178368 Fraction=0.425 Kernel=16052068.12 Mflops=16158671.48
openhpc-compute-10 : Column=180480 Fraction=0.430 Kernel=16084301.05 Mflops=16161400.13
openhpc-compute-5 : Column=182592 Fraction=0.435 Kernel=16080865.82 Mflops=16163307.49
openhpc-compute-15 : Column=184512 Fraction=0.440 Kernel=16045088.71 Mflops=16157372.70
openhpc-compute-10 : Column=186624 Fraction=0.445 Kernel=16106506.32 Mflops=16159840.58
openhpc-compute-5 : Column=188736 Fraction=0.450 Kernel=16030044.93 Mflops=16160833.65
openhpc-compute-0 : Column=190848 Fraction=0.455 Kernel=16011550.17 Mflops=16154584.60
openhpc-compute-15 : Column=192960 Fraction=0.460 Kernel=16020027.55 Mflops=16154702.86
openhpc-compute-10 : Column=195072 Fraction=0.465 Kernel=16070003.95 Mflops=16157360.75
openhpc-compute-5 : Column=197184 Fraction=0.470 Kernel=16077826.78 Mflops=16157952.76
openhpc-compute-0 : Column=199296 Fraction=0.475 Kernel=15957553.31 Mflops=16152449.00
openhpc-compute-15 : Column=201408 Fraction=0.480 Kernel=16005023.46 Mflops=16152622.56
openhpc-compute-10 : Column=203520 Fraction=0.485 Kernel=16060266.82 Mflops=16154868.31
openhpc-compute-5 : Column=205632 Fraction=0.490 Kernel=16078820.84 Mflops=16155508.25
openhpc-compute-0 : Column=207744 Fraction=0.495 Kernel=16065925.99 Mflops=16151021.84
openhpc-compute-15 : Column=216000 Fraction=0.515 Kernel=16040772.79 Mflops=16149513.99
openhpc-compute-15 : Column=224448 Fraction=0.535 Kernel=16046431.52 Mflops=16147942.53
openhpc-compute-15 : Column=232896 Fraction=0.555 Kernel=16000626.58 Mflops=16145905.91
openhpc-compute-10 : Column=241152 Fraction=0.575 Kernel=16000754.34 Mflops=16146173.98
openhpc-compute-10 : Column=249600 Fraction=0.595 Kernel=15978590.18 Mflops=16144287.43
openhpc-compute-10 : Column=258048 Fraction=0.615 Kernel=15981828.66 Mflops=16142648.89
openhpc-compute-5 : Column=266304 Fraction=0.635 Kernel=15990491.45 Mflops=16141288.52
openhpc-compute-5 : Column=274752 Fraction=0.655 Kernel=15910205.56 Mflops=16139427.75
openhpc-compute-5 : Column=283200 Fraction=0.675 Kernel=15924143.06 Mflops=16137897.71
openhpc-compute-0 : Column=291456 Fraction=0.695 Kernel=15889196.08 Mflops=16135362.79
openhpc-compute-15 : Column=333504 Fraction=0.795 Kernel=15782322.43 Mflops=16128073.52
openhpc-compute-5 : Column=375360 Fraction=0.895 Kernel=14730080.23 Mflops=16116616.64
openhpc-compute-0 : Column=417408 Fraction=0.995 Kernel=7956473.52 Mflops=16097334.93
================================================================================
T/V                N    NB     P     Q               Time                 Gflops
--------------------------------------------------------------------------------
WR11C2R4      419328   192     4     4            3054.87            1.60909e+04
HPL_pdgesv() start time Thu Oct 22 11:35:15 2020

HPL_pdgesv() end time   Thu Oct 22 12:26:10 2020

--------------------------------------------------------------------------------
||Ax-b||_oo/(eps*(||A||_oo*||x||_oo+||b||_oo)*N)=   3.00946778e-03 ...... PASSED
================================================================================

Finished      1 tests with the following results:
              1 tests completed and passed residual checks,
              0 tests completed and failed residual checks,
              0 tests skipped because of illegal input values.
--------------------------------------------------------------------------------

End of Tests.
================================================================================
