#------------------------------------------------------------
#    Intel(R) MPI Benchmarks 2019 Update 6, MPI-1 part    
#------------------------------------------------------------
# Date                  : Thu Oct  1 16:22:29 2020
# Machine               : x86_64
# System                : Linux
# Release               : 3.10.0-1127.19.1.el7.x86_64
# Version               : #1 SMP Tue Aug 25 17:23:54 UTC 2020
# MPI Version           : 3.1
# MPI Thread Environment: 


# Calling sequence was: 

# /home/hpcbras1/spack/opt/spack/linux-scientific7-skylake_avx512/gcc-9.1.0/intel-mpi-benchmarks-2019.6-5tbknirppyjnbofzuo2idr3bqgxprrmf/bin/IMB-MPI1 biband -npmin 1 

# Minimum message length in bytes:   0
# Maximum message length in bytes:   4194304
#
# MPI_Datatype                   :   MPI_BYTE 
# MPI_Datatype for reductions    :   MPI_FLOAT 
# MPI_Op                         :   MPI_SUM  
# 
# 

# List of Benchmarks to run:

# Biband

#---------------------------------------------------
# Benchmarking Biband 
# #processes = 2 
# ( 54 additional processes waiting in MPI_Barrier)
#---------------------------------------------------
       #bytes #repetitions   Mbytes/sec      Msg/sec
            0         1000         0.00      8723304
            1         1000         9.34      9342449
            2         1000        18.98      9488995
            4         1000        35.51      8877750
            8         1000        75.21      9401407
           16         1000       152.20      9512454
           32         1000       252.67      7895855
           64         1000       724.11     11314209
          128         1000       316.71      2474322
          256         1000       500.21      1953960
          512         1000       981.87      1917721
         1024         1000      1364.68      1332693
         2048         1000      2409.68      1176600
         4096         1000      9899.49      2416867
         8192         1000     11197.20      1366845
        16384         1000     13391.66       817362
        32768         1000     18183.00       554901
        65536          640     21666.42       330603
       131072          320     23502.82       179312
       262144          160     24511.97        93506
       524288           80     25092.99        47861
      1048576           40     25423.68        24246
      2097152           20     25422.76        12123
      4194304           10     25652.78         6116

#---------------------------------------------------
# Benchmarking Biband 
# #processes = 4 
# ( 52 additional processes waiting in MPI_Barrier)
#---------------------------------------------------
       #bytes #repetitions   Mbytes/sec      Msg/sec
            0         1000         0.00     20305242
            1         1000        20.43     20431417
            2         1000        40.61     20307026
            4         1000        78.42     19605157
            8         1000       153.37     19171547
           16         1000       318.83     19927005
           32         1000       651.53     20360210
           64         1000      1238.82     19356495
          128         1000       623.64      4872210
          256         1000      1037.38      4052250
          512         1000      1880.47      3672790
         1024         1000      2738.53      2674350
         2048         1000      4711.37      2300473
         4096         1000      6677.03      1630133
         8192         1000      8342.85      1018415
        16384         1000     19833.25      1210526
        32768         1000     21188.15       646611
        65536          640     23012.95       351150
       131072          320     24222.53       184803
       262144          160     24861.36        94839
       524288           80     25367.66        48385
      1048576           40     25548.74        24365
      2097152           20     25724.67        12266
      4194304           10     25773.60         6145

#---------------------------------------------------
# Benchmarking Biband 
# #processes = 8 
# ( 48 additional processes waiting in MPI_Barrier)
#---------------------------------------------------
       #bytes #repetitions   Mbytes/sec      Msg/sec
            0         1000         0.00     37775696
            1         1000        37.42     37421153
            2         1000        68.15     34074423
            4         1000       156.75     39187628
            8         1000       310.38     38797490
           16         1000       583.72     36482206
           32         1000      1188.44     37138664
           64         1000      2697.68     42151286
          128         1000      1336.37     10440411
          256         1000      2137.54      8349758
          512         1000      3911.38      7639417
         1024         1000      6541.37      6388055
         2048         1000      9625.24      4699825
         4096         1000     13193.34      3221031
         8192         1000     16452.34      2008343
        16384         1000     21103.66      1288065
        32768         1000     21331.39       650982
        65536          640     22975.40       350577
       131072          320     24263.56       185116
       262144          160     24967.87        95245
       524288           80     25382.40        48413
      1048576           40     25575.46        24391
      2097152           20     25723.41        12266
      4194304           10     25832.16         6159

#---------------------------------------------------
# Benchmarking Biband 
# #processes = 16 
# ( 40 additional processes waiting in MPI_Barrier)
#---------------------------------------------------
       #bytes #repetitions   Mbytes/sec      Msg/sec
            0         1000         0.00     77996216
            1         1000        76.85     76851791
            2         1000       154.97     77485710
            4         1000       299.13     74781513
            8         1000       588.31     73538378
           16         1000      1292.09     80755569
           32         1000      2409.85     75307823
           64         1000      5169.44     80772469
          128         1000      2629.89     20545995
          256         1000      4159.40     16247642
          512         1000      7642.88     14927497
         1024         1000     12067.76     11784917
         2048         1000     17555.10      8571825
         4096         1000     22819.27      5571110
         8192         1000     27398.64      3344561
        16384         1000     21150.44      1290921
        32768         1000     21265.12       648960
        65536          640     22965.71       350429
       131072          320     24328.67       185613
       262144          160     25035.45        95503
       524288           80     25437.60        48518
      1048576           40     25647.57        24459
      2097152           20     25768.92        12288
      4194304           10     25846.63         6162

#---------------------------------------------------
# Benchmarking Biband 
# #processes = 32 
# ( 24 additional processes waiting in MPI_Barrier)
#---------------------------------------------------
       #bytes #repetitions   Mbytes/sec      Msg/sec
            0         1000         0.00    123225482
            1         1000       127.41    127414308
            2         1000       257.90    128952410
            4         1000       503.10    125775750
            8         1000      1036.47    129558442
           16         1000      2050.99    128186937
           32         1000      2508.36     78386158
           64         1000      4873.66     76150888
          128         1000      5026.99     39273355
          256         1000      7922.12     30945780
          512         1000     14613.16     28541331
         1024         1000     20940.55     20449755
         2048         1000     32905.31     16067044
         4096         1000     40701.86      9936977
         8192         1000     47781.83      5832743
        16384         1000     19926.99      1216247
        32768         1000     21376.53       652360
        65536          640     22406.87       341902
       131072          320     22965.40       175212
       262144          160     23441.05        89421
       524288           80     23665.66        45139
      1048576           40     23830.51        22727
      2097152           20     23917.12        11405
      4194304           10     23923.74         5704

#---------------------------------------------------
# Benchmarking Biband 
# #processes = 56 
#---------------------------------------------------
       #bytes #repetitions   Mbytes/sec      Msg/sec
            0         1000         0.00    152178797
            1         1000       152.75    152746023
            2         1000       303.94    151969233
            4         1000       613.35    153337985
            8         1000      1241.61    155200944
           16         1000      2373.52    148345138
           32         1000      3677.34    114916977
           64         1000      7213.87    112716677
          128         1000      7278.00     56859362
          256         1000     13655.54     53341942
          512         1000     17375.06     33935665
         1024         1000     21127.00     20631832
         2048         1000     23512.04     11480490
         4096         1000     23512.64      5740390
         8192         1000     23980.51      2927308
        16384         1000     24217.75      1478134
        32768         1000     24200.55       738542
        65536          640     24368.70       371837
       131072          320     24443.13       186486
       262144          160     24473.18        93358
       524288           80     24448.79        46632
      1048576           40     24448.17        23316
      2097152           20     24498.19        11682
      4194304           10     24603.13         5866


# All processes entering MPI_Finalize

