#------------------------------------------------------------
#    Intel(R) MPI Benchmarks 2019 Update 5, MPI-1 part    
#------------------------------------------------------------
# Date                  : Wed Oct  7 09:38:16 2020
# Machine               : x86_64
# System                : Linux
# Release               : 3.10.0-1127.8.2.el7.x86_64
# Version               : #1 SMP Tue May 12 16:57:42 UTC 2020
# MPI Version           : 3.1
# MPI Thread Environment: 


# Calling sequence was: 

# /alaska/steveb/spack/opt/spack/linux-centos7-broadwell/gcc-9.3.0/intel-mpi-benchmarks-2019.5-dwg5q6jdcxgwtiwi2lj32w4ttotvwqnt/bin/IMB-MPI1 uniband -npmin 1 

# Minimum message length in bytes:   0
# Maximum message length in bytes:   4194304
#
# MPI_Datatype                   :   MPI_BYTE 
# MPI_Datatype for reductions    :   MPI_FLOAT 
# MPI_Op                         :   MPI_SUM  
# 
# 

# List of Benchmarks to run:

# Uniband

#---------------------------------------------------
# Benchmarking Uniband 
# #processes = 2 
# ( 62 additional processes waiting in MPI_Barrier)
#---------------------------------------------------
       #bytes #repetitions   Mbytes/sec      Msg/sec
            0         1000         0.00      8233389
            1         1000         7.96      7956541
            2         1000        16.07      8034626
            4         1000        31.49      7873413
            8         1000        35.12      4390335
           16         1000       123.85      7740779
           32         1000       239.86      7495643
           64         1000       488.41      7631446
          128         1000       279.62      2184544
          256         1000       476.32      1860628
          512         1000       806.49      1575183
         1024         1000      1441.29      1407510
         2048         1000      1948.25       951294
         4096         1000      2631.34       642418
         8192         1000      3292.04       401861
        16384         1000      5349.14       326485
        32768         1000      7146.12       218082
        65536          640      8991.89       137205
       131072          320     10589.02        80788
       262144          160      8652.15        33005
       524288           80      8849.68        16879
      1048576           40      8862.29         8452
      2097152           20      9213.28         4393
      4194304           10      9115.28         2173

#---------------------------------------------------
# Benchmarking Uniband 
# #processes = 4 
# ( 60 additional processes waiting in MPI_Barrier)
#---------------------------------------------------
       #bytes #repetitions   Mbytes/sec      Msg/sec
            0         1000         0.00     17374836
            1         1000        17.24     17236856
            2         1000        34.18     17088216
            4         1000        68.16     17040728
            8         1000       136.81     17101611
           16         1000       273.65     17102975
           32         1000       512.40     16012434
           64         1000      1065.92     16654924
          128         1000      1212.27      9470876
          256         1000      2142.53      8369271
          512         1000      3102.89      6060340
         1024         1000      6231.27      6085224
         2048         1000     10421.44      5088596
         4096         1000     14333.39      3499364
         8192         1000     17804.26      2173371
        16384         1000     12754.28       778459
        32768         1000     12464.59       380389
        65536          640     20402.66       311320
       131072          320     20783.59       158566
       262144          160     18562.79        70811
       524288           80     18255.40        34819
      1048576           40     18606.27        17744
      2097152           20     18870.05         8998
      4194304           10     18711.90         4461

#---------------------------------------------------
# Benchmarking Uniband 
# #processes = 8 
# ( 56 additional processes waiting in MPI_Barrier)
#---------------------------------------------------
       #bytes #repetitions   Mbytes/sec      Msg/sec
            0         1000         0.00     18469502
            1         1000        18.45     18448149
            2         1000        36.99     18494813
            4         1000        73.93     18483189
            8         1000       146.67     18334084
           16         1000       546.84     34177308
           32         1000      1064.82     33275742
           64         1000      2236.25     34941455
          128         1000      2403.29     18775723
          256         1000      1573.45      6146278
          512         1000      2409.82      4706671
         1024         1000      5207.44      5085387
         2048         1000      7416.57      3621371
         4096         1000     10575.92      2582011
         8192         1000     13112.61      1600660
        16384         1000     17494.48      1067778
        32768         1000     30657.48       935592
        65536          640     32770.30       500035
       131072          320     41063.22       313288
       262144          160     35579.20       135724
       524288           80     35015.63        66787
      1048576           40     35668.08        34016
      2097152           20     36239.57        17280
      4194304           10     35783.06         8531

#---------------------------------------------------
# Benchmarking Uniband 
# #processes = 16 
# ( 48 additional processes waiting in MPI_Barrier)
#---------------------------------------------------
       #bytes #repetitions   Mbytes/sec      Msg/sec
            0         1000         0.00     66294099
            1         1000        67.25     67251810
            2         1000       132.18     66091473
            4         1000       263.25     65813685
            8         1000       507.80     63475486
           16         1000      1062.84     66427390
           32         1000      1916.77     59899000
           64         1000      2809.63     43900482
          128         1000      1902.05     14859746
          256         1000      3280.03     12812628
          512         1000      4709.84      9198905
         1024         1000      9986.28      9752222
         2048         1000     14733.84      7194260
         4096         1000     19780.07      4829120
         8192         1000     23634.72      2885098
        16384         1000     48336.61      2950233
        32768         1000     64610.72      1971763
        65536          640     53756.39       820257
       131072          320     62445.17       476419
       262144          160     73007.24       278501
       524288           80     70467.03       134405
      1048576           40     71546.11        68232
      2097152           20     71870.06        34270
      4194304           10     46857.14        11172

#---------------------------------------------------
# Benchmarking Uniband 
# #processes = 32 
# ( 32 additional processes waiting in MPI_Barrier)
#---------------------------------------------------
       #bytes #repetitions   Mbytes/sec      Msg/sec
            0         1000         0.00    125333943
            1         1000       121.17    121165264
            2         1000       239.06    119528800
            4         1000       477.39    119348265
            8         1000       826.11    103264333
           16         1000      1923.04    120190304
           32         1000      2632.45     82264041
           64         1000      4910.41     76725126
          128         1000      3602.53     28144748
          256         1000      5721.60     22350019
          512         1000      8616.30     16828718
         1024         1000     12451.77     12159928
         2048         1000     20738.03     10125989
         4096         1000     22824.22      5572319
         8192         1000     23722.33      2895793
        16384         1000     91982.04      5614138
        32768         1000    112562.79      3435144
        65536          640    122455.70      1868526
       131072          320    127454.64       972402
       262144          160    138515.99       528397
       524288           80    138928.42       264985
      1048576           40    142891.70       136272
      2097152           20    108007.78        51502
      4194304           10     45602.92        10873

#---------------------------------------------------
# Benchmarking Uniband 
# #processes = 64 
#---------------------------------------------------
       #bytes #repetitions   Mbytes/sec      Msg/sec
            0         1000         0.00     32771613
            1         1000        32.77     32770714
            2         1000        65.46     32729459
            4         1000       125.79     31447473
            8         1000       241.86     30232813
           16         1000       449.01     28063000
           32         1000       784.78     24524410
           64         1000      1233.34     19270893
          128         1000      1337.41     10448494
          256         1000      2276.86      8893991
          512         1000      2634.39      5145286
         1024         1000      2858.80      2791795
         2048         1000      2985.97      1457995
         4096         1000      2995.29       731272
         8192         1000      3029.10       369763
        16384          907      3040.49       185577
        32768          453      3033.89        92587
        65536          228      3052.94        46584
       131072          114      3058.29        23333
       262144           58      3060.94        11677
       524288           29      3062.30         5841
      1048576           15      3062.98         2921
      2097152            8      3063.32         1461
      4194304            4      3063.49          730


# All processes entering MPI_Finalize

