#------------------------------------------------------------
#    Intel(R) MPI Benchmarks 2019 Update 5, MPI-1 part    
#------------------------------------------------------------
# Date                  : Fri Sep 11 15:05:02 2020
# Machine               : x86_64
# System                : Linux
# Release               : 3.10.0-1127.8.2.el7.x86_64
# Version               : #1 SMP Tue May 12 16:57:42 UTC 2020
# MPI Version           : 3.1
# MPI Thread Environment: 


# Calling sequence was: 

# IMB-MPI1 uniband -npmin 32 

# Minimum message length in bytes:   0
# Maximum message length in bytes:   4194304
#
# MPI_Datatype                   :   MPI_BYTE 
# MPI_Datatype for reductions    :   MPI_FLOAT 
# MPI_Op                         :   MPI_SUM  
# 
# 

# List of Benchmarks to run:

# Uniband

#---------------------------------------------------
# Benchmarking Uniband 
# #processes = 32 
#---------------------------------------------------
       #bytes #repetitions   Mbytes/sec      Msg/sec
            0         1000         0.00     21138790
            1         1000        20.54     20536382
            2         1000        41.15     20573874
            4         1000        82.34     20585587
            8         1000       160.36     20045096
           16         1000       305.11     19069674
           32         1000       556.44     17388639
           64         1000       945.39     14771717
          128         1000      1452.42     11347066
          256         1000      1982.70      7744918
          512         1000      2426.40      4739059
         1024         1000      2731.83      2667805
         2048         1000      2915.23      1423451
         4096         1000      2959.22       722466
         8192         1000      3010.56       367500
        16384         1000      3025.39       184655
        32768          906      3038.62        92731
        65536          454      3045.28        46467
       131072          228      3048.62        23259
       262144          114      3059.97        11673
       524288           57      3061.36         5839
      1048576           29      3061.91         2920
      2097152           15      3061.61         1460
      4194304            8      3060.73          730


# All processes entering MPI_Finalize

