[0] MPI startup(): I_MPI_OFA_TRANSLATION_CACHE variable has been removed from the product, its value is ignored

src,dst,lat(us),bandwidth((Mbytes/sec)
0,1,1.04,12030.406798 
0,2,1.04,12034.410752 
0,3,1.04,12026.090785 
0,4,1.03,12036.782877 
0,5,1.03,12032.365847 
0,6,1.04,12026.651194 
0,7,1.03,12032.709831 
0,8,1.02,12028.800179 
0,9,1.03,12034.901183 
0,10,1.04,12029.282120 
0,11,1.03,12031.832228 
0,12,1.03,12027.219685 
0,13,1.03,12028.042004 
0,14,1.03,12030.957967 
0,15,1.03,12026.766815 
0,16,1.04,12030.834231 
0,17,1.03,12036.625242 
0,18,1.03,12032.010631 
0,19,1.03,12031.972057 
0,20,1.03,12026.593385 
0,21,1.03,12033.298186 
0,22,1.03,12023.992527 
0,23,1.03,12030.649435 
0,24,1.03,12025.692590 
0,25,1.03,12035.115055 
0,26,1.03,12023.352118 
0,27,1.04,12028.520671 
0,28,1.03,12043.737381 
0,29,1.04,12032.309590 
0,30,1.03,12033.410719 
0,31,1.04,12032.357810 
0,32,1.08,12031.152415 
0,33,1.04,12026.745939 
0,34,1.03,12026.957916 
0,35,1.04,12033.806211 
0,36,1.04,12033.923577 
0,37,1.03,12032.381920 
0,38,1.04,12034.828821 
0,39,1.04,12024.064758 
0,40,1.03,12038.732740 
0,41,1.04,12031.359726 
0,42,1.04,12038.492995 
0,43,1.03,12022.246410 
0,44,1.04,12023.901036 
0,45,1.04,12021.022183 
0,46,1.03,12030.101507 
0,47,1.03,12033.592385 
0,48,1.03,12030.834231 
0,49,1.03,12024.774271 
0,50,1.03,12023.525455 
0,51,1.03,12030.099901 
0,52,1.03,12035.319286 
0,53,1.03,12026.938645 
0,54,1.03,12031.734189 
0,55,1.03,12034.685710 
1,0,1.04,12013.685261 
1,2,1.02,12033.700101 
1,3,1.03,12037.789905 
1,4,1.03,12027.185959 
1,5,1.02,12030.316816 
1,6,1.03,12014.694839 
1,7,1.02,12026.945068 
1,8,1.02,12021.516336 
1,9,1.02,12034.753245 
1,10,1.02,12031.317941 
1,11,1.03,12022.904354 
1,12,1.02,12029.068455 
1,13,1.02,12026.362152 
1,14,1.03,12026.145379 
1,15,1.02,12018.160744 
1,16,1.02,12023.692377 
1,17,1.03,12029.368873 
1,18,1.02,12020.746245 
1,19,1.02,12035.377180 
1,20,1.02,12027.083178 
1,21,1.02,12030.329670 
1,22,1.03,12022.775969 
1,23,1.03,12029.584155 
1,24,1.02,12029.145566 
1,25,1.02,12029.188941 
1,26,1.02,12021.811564 
1,27,1.03,12036.266559 
1,28,1.03,12028.785721 
1,29,1.02,12020.067684 
1,30,1.02,12023.114590 
1,31,1.03,12029.473300 
1,32,1.02,12029.084519 
1,33,1.03,12031.234374 
1,34,1.03,12028.739136 
1,35,1.03,12023.052000 
1,36,1.02,12025.520796 
1,37,1.02,12031.444902 
1,38,1.03,12019.685927 
1,39,1.03,12026.416748 
1,40,1.02,12030.708890 
1,41,1.04,12030.398764 
1,42,1.03,12021.325409 
1,43,1.02,12022.087551 
1,44,1.03,12029.311037 
1,45,1.02,12027.132963 
1,46,1.02,12032.105461 
1,47,1.03,12024.644241 
1,48,1.02,12029.706259 
1,49,1.02,12031.100990 
1,50,1.02,12027.012517 
1,51,1.03,12030.773167 
1,52,1.03,12014.252527 
1,53,1.02,12028.305427 
1,54,1.02,12038.922611 
1,55,1.03,12026.036193 
2,0,1.03,12028.241176 
2,1,1.03,12038.192120 
2,3,1.03,12042.333279 
2,4,1.02,12036.232782 
2,5,1.02,12042.001624 
2,6,1.03,12032.505688 
2,7,1.02,12034.222630 
2,8,1.02,12038.396456 
2,9,1.02,12040.559298 
2,10,1.02,12031.793655 
2,11,1.03,12047.904918 
2,12,1.02,12037.127114 
2,13,1.02,12042.821136 
2,14,1.03,12039.421456 
2,15,1.01,12036.065512 
2,16,1.02,12044.570014 
2,17,1.03,12038.473687 
2,18,1.02,12040.506183 
2,19,1.03,12037.205937 
2,20,1.02,12041.819705 
2,21,1.02,12046.158294 
2,22,1.02,12035.250136 
2,23,1.02,12042.117541 
2,24,1.02,12041.626522 
2,25,1.02,12034.502403 
2,26,1.02,12035.129528 
2,27,1.03,12036.758749 
2,28,1.02,12036.097679 
2,29,1.03,12043.803408 
2,30,1.02,12041.985525 
2,31,1.02,12039.052951 
2,32,1.03,12043.877488 
2,33,1.02,12038.673205 
2,34,1.02,12041.443004 
2,35,1.02,12041.697355 
2,36,1.03,12035.999570 
2,37,1.02,12040.654262 
2,38,1.03,12049.793906 
2,39,1.02,12036.704059 
2,40,1.02,12039.178465 
2,41,1.03,12045.789376 
2,42,1.02,12035.742243 
2,43,1.02,12044.177036 
2,44,1.02,12039.904248 
2,45,1.03,12034.798269 
2,46,1.02,12040.142440 
2,47,1.02,12037.633853 
2,48,1.02,12040.710597 
2,49,1.02,12039.265361 
2,50,1.02,12036.091246 
2,51,1.03,12035.365922 
2,52,1.02,12032.637496 
2,53,1.02,12030.244510 
2,54,1.02,12044.020818 
2,55,1.02,12027.187565 
3,0,1.03,12036.330895 
3,1,1.03,12037.743250 
3,2,1.02,12041.932398 
3,4,1.02,12039.474561 
3,5,1.02,12039.583992 
3,6,1.02,12038.941921 
3,7,1.02,12040.195551 
3,8,1.02,12042.257609 
3,9,1.02,12039.244442 
3,10,1.03,12047.569733 
3,11,1.02,12040.903751 
3,12,1.02,12040.744398 
3,13,1.02,12041.568568 
3,14,1.02,12049.194265 
3,15,1.02,12043.900034 
3,16,1.03,12042.299469 
3,17,1.02,12035.216366 
3,18,1.03,12044.924360 
3,19,1.02,12040.097376 
3,20,1.02,12051.193298 
3,21,1.02,12044.397680 
3,22,1.02,12036.221524 
3,23,1.02,12042.082121 
3,24,1.02,12045.844148 
3,25,1.02,12042.249559 
3,26,1.02,12041.209590 
3,27,1.03,12043.953178 
3,28,1.02,12042.098221 
3,29,1.03,12034.433263 
3,30,1.02,12036.917995 
3,31,1.02,12034.899575 
3,32,1.02,12038.132591 
3,33,1.02,12041.291686 
3,34,1.03,12033.282110 
3,35,1.02,12044.433113 
3,36,1.03,12046.263012 
3,37,1.02,12044.445997 
3,38,1.03,12037.244545 
3,39,1.02,12031.899731 
3,40,1.02,12046.292012 
3,41,1.03,12033.394643 
3,42,1.03,12039.152718 
3,43,1.02,12032.226008 
3,44,1.02,12038.602407 
3,45,1.02,12042.642411 
3,46,1.02,12045.596066 
3,47,1.03,12041.539591 
3,48,1.02,12044.574846 
3,49,1.02,12038.999849 
3,50,1.02,12039.149500 
3,51,1.02,12038.612061 
3,52,1.02,12038.626543 
3,53,1.02,12032.684112 
3,54,1.02,12031.708474 
3,55,1.02,12036.612374 
4,0,1.03,12009.675868 
4,1,1.03,12037.151243 
4,2,1.03,12001.557962 
4,3,1.02,12034.360907 
4,5,1.03,12040.391907 
4,6,1.03,12035.940062 
4,7,1.02,12044.665041 
4,8,1.02,12041.962986 
4,9,1.03,12042.235069 
4,10,1.02,12050.348465 
4,11,1.03,12040.115079 
4,12,1.02,12043.170549 
4,13,1.03,12034.184042 
4,14,1.02,12034.579584 
4,15,1.02,12042.988594 
4,16,1.02,12045.499413 
4,17,1.02,12036.893867 
4,18,1.02,12038.789057 
4,19,1.03,12040.554469 
4,20,1.02,12037.381282 
4,21,1.02,12043.160887 
4,22,1.02,12045.950473 
4,23,1.02,12042.993424 
4,24,1.02,12036.667063 
4,25,1.02,12028.189776 
4,26,1.02,12049.150745 
4,27,1.02,12044.727857 
4,28,1.02,12036.573771 
4,29,1.02,12037.025771 
4,30,1.02,12039.081915 
4,31,1.02,12045.399540 
4,32,1.02,12030.795664 
4,33,1.02,11998.189528 
4,34,1.02,12040.356498 
4,35,1.02,12033.658300 
4,36,1.03,12042.867830 
4,37,1.02,12036.338937 
4,38,1.02,12045.285171 
4,39,1.02,12026.179099 
4,40,1.02,12035.256569 
4,41,1.03,12029.214646 
4,42,1.02,12044.553908 
4,43,1.02,12039.793202 
4,44,1.02,12044.876039 
4,45,1.02,12047.924257 
4,46,1.02,12046.382233 
4,47,1.02,12036.116979 
4,48,1.02,12036.141105 
4,49,1.02,12042.344550 
4,50,1.02,12042.165840 
4,51,1.02,12040.836146 
4,52,1.02,12045.492969 
4,53,1.02,12047.863019 
4,54,1.02,12037.900914 
4,55,1.02,12041.560519 
5,0,1.02,12038.496213 
5,1,1.02,12049.073377 
5,2,1.02,12036.694408 
5,3,1.02,12043.547358 
5,4,1.02,12032.814316 
5,6,1.02,12042.605379 
5,7,1.02,12032.817531 
5,8,1.09,12030.753884 
5,9,1.02,12037.685334 
5,10,1.02,12047.332859 
5,11,1.02,12050.190475 
5,12,1.02,12052.331754 
5,13,1.02,12041.108178 
5,14,1.02,12044.808390 
5,15,1.02,12053.660761 
5,16,1.02,12042.317179 
5,17,1.02,12041.211199 
5,18,1.02,12047.010596 
5,19,1.02,12044.861543 
5,20,1.02,12048.549557 
5,21,1.02,12042.739018 
5,22,1.01,12041.737601 
5,23,1.02,12039.857576 
5,24,1.02,12043.395987 
5,25,1.02,12041.961376 
5,26,1.02,12048.565674 
5,27,1.02,12039.419847 
5,28,1.02,12038.415763 
5,29,1.02,12037.582373 
5,30,1.03,12037.968485 
5,31,1.02,12048.543111 
5,32,1.02,12040.720255 
5,33,1.02,12040.285681 
5,34,1.02,12041.161298 
5,35,1.02,12038.573445 
5,36,1.02,12045.032279 
5,37,1.02,12043.278436 
5,38,1.02,12048.335207 
5,39,1.02,12043.458789 
5,40,1.02,12039.435939 
5,41,1.03,12043.067494 
5,42,1.02,12037.312109 
5,43,1.02,12032.976673 
5,44,1.02,12041.269150 
5,45,1.02,12040.771762 
5,46,1.02,12046.359678 
5,47,1.02,12039.139845 
5,48,1.02,12045.006507 
5,49,1.02,12044.381574 
5,50,1.02,12038.570227 
5,51,1.02,12037.749685 
5,52,1.02,12047.531059 
5,53,1.02,12047.502054 
5,54,1.02,12039.448813 
5,55,1.02,12049.611750 
6,0,1.03,12051.086881 
6,1,1.02,12046.080964 
6,2,1.03,12040.615632 
6,3,1.02,12042.487843 
6,4,1.02,12041.311003 
6,5,1.02,12033.708139 
6,7,1.02,12045.650836 
6,8,1.09,12039.984717 
6,9,1.02,12047.310300 
6,10,1.02,12042.664953 
6,11,1.02,12041.473590 
6,12,1.02,12045.728160 
6,13,1.02,12041.489688 
6,14,1.01,12043.178600 
6,15,1.02,12044.363858 
6,16,1.02,12050.364586 
6,17,1.02,12046.274290 
6,18,1.01,12052.712362 
6,19,1.02,12041.607204 
6,20,1.02,12038.772966 
6,21,1.02,12046.087408 
6,22,1.01,12052.807518 
6,23,1.02,12039.043296 
6,24,1.02,12043.062663 
6,25,1.02,12031.721331 
6,26,1.02,12034.549033 
6,27,1.02,12043.386325 
6,28,1.02,12041.470370 
6,29,1.02,12054.412490 
6,30,1.01,12047.015430 
6,31,1.02,12042.914525 
6,32,1.02,12042.104661 
6,33,1.02,12043.024018 
6,34,1.02,12047.068602 
6,35,1.02,12044.558740 
6,36,1.02,12035.086109 
6,37,1.02,12041.032523 
6,38,1.02,12048.390003 
6,39,1.02,12044.442776 
6,40,1.01,12052.381748 
6,41,1.02,12041.552470 
6,42,1.02,12044.320373 
6,43,1.02,12046.983205 
6,44,1.01,12041.735991 
6,45,1.02,12048.272354 
6,46,1.01,12046.383844 
6,47,1.02,12040.438583 
6,48,1.02,12043.611772 
6,49,1.02,12042.784102 
6,50,1.01,12043.658472 
6,51,1.02,12038.674814 
6,52,1.02,12044.966239 
6,53,1.02,12052.712362 
6,54,1.02,12044.768123 
6,55,1.02,12046.337122 
7,0,1.02,12029.360840 
7,1,1.02,12034.735557 
7,2,1.02,12031.089741 
7,3,1.02,12029.110223 
7,4,1.02,12035.137568 
7,5,1.02,12034.121337 
7,6,1.02,12030.038844 
7,8,1.09,12020.855335 
7,9,1.01,12030.445362 
7,10,1.02,12033.973418 
7,11,1.02,12034.212983 
7,12,1.01,12028.519065 
7,13,1.02,12027.324075 
7,14,1.02,12033.320693 
7,15,1.02,12026.949886 
7,16,1.02,12036.576988 
7,17,1.02,12028.943151 
7,18,1.01,12038.126155 
7,19,1.01,12036.194181 
7,20,1.01,12032.005810 
7,21,1.01,12026.824626 
7,22,1.01,12032.275836 
7,23,1.01,12033.675985 
7,24,1.02,12027.258229 
7,25,1.01,12024.563977 
7,26,1.01,12040.916628 
7,27,1.02,12032.303160 
7,28,1.02,12032.796634 
7,29,1.02,12040.239007 
7,30,1.01,12025.944670 
7,31,1.02,12032.743588 
7,32,1.02,12032.631067 
7,33,1.02,12022.373179 
7,34,1.02,12035.763151 
7,35,1.01,12020.115806 
7,36,1.02,12018.327517 
7,37,1.01,12033.692062 
7,38,1.02,12031.747046 
7,39,1.02,12041.700574 
7,40,1.02,12033.701709 
7,41,1.02,12033.825504 
7,42,1.02,12013.903187 
7,43,1.01,12026.922586 
7,44,1.02,12033.995927 
7,45,1.02,12023.364958 
7,46,1.02,12030.313602 
7,47,1.02,12040.737960 
7,48,1.01,12038.008707 
7,49,1.01,12035.436682 
7,50,1.01,12028.724679 
7,51,1.01,12032.952561 
7,52,1.02,12022.629934 
7,53,1.02,12031.073671 
7,54,1.01,12029.802659 
7,55,1.01,12026.940251 
8,0,1.09,12017.815988 
8,1,1.09,12026.664844 
8,2,1.09,12030.458217 
8,3,1.09,12031.845889 
8,4,1.08,12031.150004 
8,5,1.09,12023.721268 
8,6,1.09,12022.285724 
8,7,1.08,12035.365118 
8,9,1.08,12030.556235 
8,10,1.08,12023.843253 
8,11,1.09,12037.228458 
8,12,1.08,12029.846039 
8,13,1.09,12027.377876 
8,14,1.09,12025.445336 
8,15,1.08,12026.187127 
8,16,1.08,12034.356084 
8,17,1.08,12023.126627 
8,18,1.08,12023.183601 
8,19,1.08,12022.339480 
8,20,1.08,12019.808632 
8,21,1.08,12020.891432 
8,22,1.08,12029.197777 
8,23,1.08,12022.533650 
8,24,1.09,12027.638861 
8,25,1.08,12032.568377 
8,26,1.08,12026.330840 
8,27,1.09,12027.041424 
8,28,1.08,12033.069107 
8,29,1.09,12034.239513 
8,30,1.08,12029.779362 
8,31,1.09,12024.565582 
8,32,1.09,12024.632201 
8,33,1.08,12023.227736 
8,34,1.09,12022.069098 
8,35,1.08,12031.427224 
8,36,1.09,12028.918251 
8,37,1.08,12029.634764 
8,38,1.09,12028.776083 
8,39,1.09,12038.000663 
8,40,1.09,12025.222175 
8,41,1.09,12036.423379 
8,42,1.09,12022.542476 
8,43,1.15,12016.193493 
8,44,1.09,12019.155838 
8,45,1.09,12028.471678 
8,46,1.08,12024.543911 
8,47,1.09,12023.114590 
8,48,1.08,12034.710634 
8,49,1.08,12027.324075 
8,50,1.08,12023.890603 
8,51,1.09,12023.460453 
8,52,1.08,12028.754397 
8,53,1.08,12029.354414 
8,54,1.08,12026.391055 
8,55,1.08,12024.361716 
9,0,1.02,12041.397125 
9,1,1.02,12040.710597 
9,2,1.02,12039.063410 
9,3,1.02,12039.435939 
9,4,1.03,12039.548587 
9,5,1.02,12024.477293 
9,6,1.01,12045.960139 
9,7,1.02,12038.270153 
9,8,1.10,12022.639563 
9,10,1.02,12036.557686 
9,11,1.02,12038.707799 
9,12,1.01,12044.292994 
9,13,1.02,12039.010309 
9,14,1.01,12039.630661 
9,15,1.01,12037.444826 
9,16,1.02,11971.539089 
9,17,1.02,12041.523493 
9,18,1.01,12037.634657 
9,19,1.01,12050.789408 
9,20,1.01,12043.309836 
9,21,1.02,12039.082720 
9,22,1.01,12035.509854 
9,23,1.02,12040.524693 
9,24,1.01,12036.702450 
9,25,1.02,12044.826108 
9,26,1.02,12045.273896 
9,27,1.02,12034.196905 
9,28,1.02,12042.783297 
9,29,1.02,12037.838974 
9,30,1.01,12036.718536 
9,31,1.02,12036.932473 
9,32,1.02,12043.313057 
9,33,1.02,12036.466808 
9,34,1.02,12043.741407 
9,35,1.01,12039.299959 
9,36,1.02,12043.955594 
9,37,1.02,12037.143200 
9,38,1.02,12040.329137 
9,39,1.02,12043.751070 
9,40,1.01,12043.029654 
9,41,1.02,12038.037667 
9,42,1.02,12036.712102 
9,43,1.09,12028.945560 
9,44,1.02,12042.254389 
9,45,1.02,12036.075966 
9,46,1.01,12034.792641 
9,47,1.02,12033.341592 
9,48,1.01,12033.556212 
9,49,1.02,12030.803699 
9,50,1.01,12044.690812 
9,51,1.02,12036.649370 
9,52,1.02,12042.031408 
9,53,1.02,12040.160143 
9,54,1.01,12041.747260 
9,55,1.02,12036.570554 
10,0,1.02,12043.036900 
10,1,1.02,12037.842996 
10,2,1.03,12035.292752 
10,3,1.02,12032.710635 
10,4,1.02,12040.387079 
10,5,1.02,12040.589074 
10,6,1.02,12033.207357 
10,7,1.02,12041.606399 
10,8,1.09,12027.887008 
10,9,1.02,12037.502740 
10,11,1.02,12041.165323 
10,12,1.02,12045.484915 
10,13,1.02,12030.165778 
10,14,1.02,12039.640317 
10,15,1.02,12047.486746 
10,16,1.02,12040.569760 
10,17,1.02,12040.390298 
10,18,1.02,12029.330316 
10,19,1.01,12048.392420 
10,20,1.01,12042.941898 
10,21,1.02,12046.658544 
10,22,1.01,12044.634439 
10,23,1.02,12038.412545 
10,24,1.02,12036.907540 
10,25,1.02,12044.076379 
10,26,1.01,12035.308833 
10,27,1.02,12034.780581 
10,28,1.02,12044.810806 
10,29,1.02,12035.994745 
10,30,1.01,12039.221913 
10,31,1.02,12045.217518 
10,32,1.02,12040.147268 
10,33,1.02,12035.752697 
10,34,1.02,12033.332750 
10,35,1.02,12040.285681 
10,36,1.02,12036.042191 
10,37,1.01,12044.050612 
10,38,1.02,12040.604365 
10,39,1.02,12035.053948 
10,40,1.02,12036.612374 
10,41,1.03,12043.325939 
10,42,1.02,12042.471743 
10,43,1.08,12033.993516 
10,44,1.02,12039.162373 
10,45,1.02,12038.532415 
10,46,1.02,12037.053117 
10,47,1.02,12040.128759 
10,48,1.02,12035.104602 
10,49,1.02,12035.048319 
10,50,1.01,12038.573445 
10,51,1.02,12044.357416 
10,52,1.02,12046.607792 
10,53,1.02,12047.219259 
10,54,1.02,12034.442910 
10,55,1.01,12032.760466 
11,0,1.03,12028.209854 
11,1,1.02,12030.442148 
11,2,1.02,12037.205937 
11,3,1.02,12034.782993 
11,4,1.02,12037.904936 
11,5,1.02,12038.192120 
11,6,1.01,12030.901723 
11,7,1.01,12039.168006 
11,8,1.08,12025.617931 
11,9,1.01,12035.764759 
11,10,1.02,12037.411043 
11,12,1.01,12042.932237 
11,13,1.02,12037.710270 
11,14,1.01,12040.103009 
11,15,1.01,12042.333279 
11,16,1.01,12040.216474 
11,17,1.01,12034.294984 
11,18,1.01,12033.332750 
11,19,1.01,12041.463931 
11,20,1.01,12039.089157 
11,21,1.01,12046.941312 
11,22,1.01,12039.489849 
11,23,1.01,12042.153765 
11,24,1.01,12032.770111 
11,25,1.02,12035.062792 
11,26,1.01,12035.702037 
11,27,1.01,12035.425425 
11,28,1.01,12044.148046 
11,29,1.01,12043.772810 
11,30,1.01,12023.864921 
11,31,1.01,12045.995580 
11,32,1.01,12016.664004 
11,33,1.02,12039.798030 
11,34,1.02,12027.446133 
11,35,1.01,12028.800982 
11,36,1.02,12032.294320 
11,37,1.02,12043.222077 
11,38,1.02,12034.773345 
11,39,1.02,12040.216474 
11,40,1.01,12036.466808 
11,41,1.02,12024.439570 
11,42,1.01,12029.847646 
11,43,1.09,12030.561859 
11,44,1.01,12034.901987 
11,45,1.01,12031.838657 
11,46,1.01,12041.592715 
11,47,1.01,12043.086816 
11,48,1.01,12035.271042 
11,49,1.01,12033.212983 
11,50,1.01,12032.867363 
11,51,1.01,12032.065279 
11,52,1.01,12035.717315 
11,53,1.01,12035.213953 
11,54,1.01,12037.580764 
11,55,1.01,12033.599620 
12,0,1.03,12031.890892 
12,1,1.02,12028.161667 
12,2,1.02,12029.044357 
12,3,1.02,12034.901183 
12,4,1.02,12036.864913 
12,5,1.02,12036.817460 
12,6,1.02,12028.745562 
12,7,1.02,12028.394576 
12,8,1.09,12025.342585 
12,9,1.02,12035.461609 
12,10,1.02,12025.332952 
12,11,1.02,12025.144311 
12,13,1.02,12039.235591 
12,14,1.02,12034.136611 
12,15,1.01,12038.360254 
12,16,1.02,12048.976669 
12,17,1.02,12026.527546 
12,18,1.01,12032.868971 
12,19,1.01,12040.696916 
12,20,1.02,12029.006606 
12,21,1.02,12035.026611 
12,22,1.02,12038.813998 
12,23,1.02,12024.859354 
12,24,1.02,12026.665647 
12,25,1.02,12034.347240 
12,26,1.02,12031.192591 
12,27,1.02,12035.410951 
12,28,1.02,12035.162494 
12,29,1.02,12040.721864 
12,30,1.02,12031.120274 
12,31,1.02,12030.516064 
12,32,1.03,12026.713019 
12,33,1.02,12030.987696 
12,34,1.03,12023.868934 
12,35,1.02,12040.262344 
12,36,1.02,12032.258155 
12,37,1.02,12033.050620 
12,38,1.02,12030.566680 
12,39,1.03,12033.176813 
12,40,1.02,12025.986417 
12,41,1.02,12027.526435 
12,42,1.02,12036.465199 
12,43,1.10,12028.834717 
12,44,1.02,12035.605543 
12,45,1.02,12037.913785 
12,46,1.01,12030.818161 
12,47,1.03,12041.613643 
12,48,1.02,12037.863106 
12,49,1.02,12038.762507 
12,50,1.02,12033.378567 
12,51,1.02,12035.042691 
12,52,1.02,12031.123488 
12,53,1.02,12036.301139 
12,54,1.02,12040.828903 
12,55,1.02,12042.539366 
13,0,1.02,12036.059883 
13,1,1.02,12041.232931 
13,2,1.02,11990.362468 
13,3,1.02,12044.056248 
13,4,1.02,12039.060192 
13,5,1.02,12035.676305 
13,6,1.02,12029.598615 
13,7,1.02,12040.010467 
13,8,1.09,12026.939448 
13,9,1.02,12038.813998 
13,10,1.02,12033.596404 
13,11,1.02,12040.946406 
13,12,1.02,12033.429207 
13,14,1.02,12049.267605 
13,15,1.02,12045.344771 
13,16,1.02,12038.678836 
13,17,1.02,12036.034953 
13,18,1.02,12038.672400 
13,19,1.01,12042.146520 
13,20,1.01,12035.389241 
13,21,1.02,12039.834241 
13,22,1.02,12040.549641 
13,23,1.02,12034.908419 
13,24,1.02,12038.767334 
13,25,1.02,12033.174402 
13,26,1.02,12039.286281 
13,27,1.02,12032.651963 
13,28,1.01,12040.656676 
13,29,1.02,12040.562517 
13,30,1.02,12044.153683 
13,31,1.02,12030.453396 
13,32,1.02,12038.203383 
13,33,1.02,12042.197234 
13,34,1.02,12033.217806 
13,35,1.02,12043.173769 
13,36,1.02,12039.336971 
13,37,1.02,12022.789610 
13,38,1.02,12035.669872 
13,39,1.03,12037.268675 
13,40,1.02,12027.108873 
13,41,1.02,12030.532936 
13,42,1.02,12042.092586 
13,43,1.09,12034.106062 
13,44,1.02,12032.913177 
13,45,1.01,12038.534024 
13,46,1.02,12033.985477 
13,47,1.02,12045.207047 
13,48,1.02,12031.233571 
13,49,1.01,12034.256395 
13,50,1.02,12035.867689 
13,51,1.02,12039.186511 
13,52,1.02,12042.455642 
13,53,1.02,12043.123047 
13,54,1.02,12036.280230 
13,55,1.02,12033.004805 
14,0,1.03,12035.848389 
14,1,1.02,12037.809211 
14,2,1.02,12036.861696 
14,3,1.02,12037.897696 
14,4,1.01,12047.081493 
14,5,1.01,12051.008682 
14,6,1.01,12038.373126 
14,7,1.01,12042.231044 
14,8,1.09,12028.054854 
14,9,1.01,12050.727335 
14,10,1.01,12042.571567 
14,11,1.01,12045.079796 
14,12,1.02,12052.696234 
14,13,1.01,12043.646395 
14,15,1.01,12048.100720 
14,16,1.01,12049.124956 
14,17,1.01,12041.260296 
14,18,1.01,12031.544544 
14,19,1.01,12045.209464 
14,20,1.02,12040.451459 
14,21,1.01,12047.444850 
14,22,1.01,12051.506916 
14,23,1.01,12038.341751 
14,24,1.01,12038.432658 
14,25,1.01,12040.655871 
14,26,1.01,12043.958010 
14,27,1.01,12047.315134 
14,28,1.01,12045.508273 
14,29,1.02,12036.487717 
14,30,1.01,12038.996631 
14,31,1.01,12047.211203 
14,32,1.02,12037.649136 
14,33,1.02,12043.982972 
14,34,1.02,12042.983763 
14,35,1.02,12043.976530 
14,36,1.02,12046.577180 
14,37,1.01,12035.259785 
14,38,1.02,12046.255763 
14,39,1.02,12042.927406 
14,40,1.01,12038.672400 
14,41,1.02,12051.399688 
14,42,1.02,12041.717478 
14,43,1.09,12025.302448 
14,44,1.01,12048.617248 
14,45,1.02,12043.970088 
14,46,1.01,12041.866392 
14,47,1.02,12037.816451 
14,48,1.02,12046.035050 
14,49,1.02,12045.382626 
14,50,1.01,12044.313931 
14,51,1.02,12044.623165 
14,52,1.02,12046.817247 
14,53,1.02,12043.957205 
14,54,1.02,12045.845759 
14,55,1.02,12045.389069 
15,0,1.02,12042.288199 
15,1,1.03,12039.352259 
15,2,1.03,12046.656932 
15,3,1.03,12044.868791 
15,4,1.02,12045.263425 
15,5,1.03,12041.364930 
15,6,1.02,12044.288967 
15,7,1.02,12047.889609 
15,8,1.09,12032.676878 
15,9,1.02,12047.945206 
15,10,1.02,12042.363870 
15,11,1.02,12034.583604 
15,12,1.02,12041.909859 
15,13,1.02,12041.097715 
15,14,1.02,12047.097605 
15,16,1.02,12051.204585 
15,17,1.02,12051.715736 
15,18,1.01,12041.887320 
15,19,1.02,12045.937585 
15,20,1.02,12052.722039 
15,21,1.02,12044.938052 
15,22,1.01,12052.128558 
15,23,1.02,12045.855425 
15,24,1.02,12042.187574 
15,25,1.02,12040.039437 
15,26,1.02,12046.545762 
15,27,1.03,12049.415900 
15,28,1.02,12046.855110 
15,29,1.02,12043.831590 
15,30,1.02,12046.473261 
15,31,1.03,12044.017597 
15,32,1.02,12041.292491 
15,33,1.03,12049.040335 
15,34,1.03,12049.951885 
15,35,1.02,12039.176856 
15,36,1.02,12045.057246 
15,37,1.02,12049.124956 
15,38,1.03,12045.101542 
15,39,1.03,12044.355805 
15,40,1.02,12045.156308 
15,41,1.03,11994.914832 
15,42,1.04,12031.412760 
15,43,1.11,12033.102061 
15,44,1.02,12041.241784 
15,45,1.02,12039.264557 
15,46,1.02,12040.574589 
15,47,1.02,12045.395513 
15,48,1.02,12046.199375 
15,49,1.02,12046.523206 
15,50,1.02,12056.014663 
15,51,1.02,12045.004091 
15,52,1.02,12042.568347 
15,53,1.02,12051.926981 
15,54,1.02,12048.844503 
15,55,1.02,12043.838837 
16,0,1.03,12032.167342 
16,1,1.02,12035.820244 
16,2,1.03,12027.589875 
16,3,1.02,12034.098827 
16,4,1.02,12029.242760 
16,5,1.02,12022.801646 
16,6,1.02,12029.793019 
16,7,1.01,12032.623029 
16,8,1.09,12018.036469 
16,9,1.01,12032.438178 
16,10,1.02,12026.301133 
16,11,1.02,12040.910994 
16,12,1.02,12033.822288 
16,13,1.02,12032.661608 
16,14,1.02,12040.731522 
16,15,1.02,12033.416346 
16,17,1.02,12028.177730 
16,18,1.01,12032.783774 
16,19,1.01,12039.257315 
16,20,1.01,12030.126412 
16,21,1.02,12033.897853 
16,22,1.01,12036.376735 
16,23,1.01,12036.478067 
16,24,1.02,12030.525705 
16,25,1.01,12028.859616 
16,26,1.01,12035.565337 
16,27,1.02,12035.473670 
16,28,1.01,12037.844605 
16,29,1.02,12035.366726 
16,30,1.01,12036.371105 
16,31,1.02,12036.050233 
16,32,1.02,12028.803392 
16,33,1.02,12028.645966 
16,34,1.02,12007.530509 
16,35,1.01,12043.333185 
16,36,1.02,12032.758858 
16,37,1.02,12033.334357 
16,38,1.02,12042.400901 
16,39,1.02,11640.054438 
16,40,1.02,12036.802179 
16,41,1.03,12029.528728 
16,42,1.03,12035.205913 
16,43,1.09,12019.885624 
16,44,1.02,12029.551220 
16,45,1.02,12034.929323 
16,46,1.02,12028.152030 
16,47,1.02,12037.645919 
16,48,1.02,12030.610066 
16,49,1.02,12023.982896 
16,50,1.03,12024.632201 
16,51,1.02,12031.993755 
16,52,1.03,12027.951254 
16,53,1.02,12036.741859 
16,54,1.02,12034.246748 
16,55,1.02,12025.204515 
17,0,1.03,12042.944313 
17,1,1.02,12043.659278 
17,2,1.02,12039.960576 
17,3,1.02,12039.287086 
17,4,1.02,12036.679931 
17,5,1.02,12041.963791 
17,6,1.02,12045.650836 
17,7,1.02,12043.980556 
17,8,1.08,12035.373963 
17,9,1.01,12038.209818 
17,10,1.02,12044.062690 
17,11,1.01,12039.676526 
17,12,1.02,12042.685079 
17,13,1.02,12041.863172 
17,14,1.02,12045.660502 
17,15,1.02,12038.188098 
17,16,1.02,12037.517219 
17,18,1.01,12043.107749 
17,19,1.01,12050.101002 
17,20,1.01,12045.468001 
17,21,1.01,12036.255300 
17,22,1.01,12033.639812 
17,23,1.01,12040.121517 
17,24,1.01,12039.730438 
17,25,1.01,12040.817636 
17,26,1.02,12040.931115 
17,27,1.02,12045.165167 
17,28,1.01,12034.147062 
17,29,1.02,12038.449552 
17,30,1.01,12043.608551 
17,31,1.02,12037.196285 
17,32,1.02,12038.408523 
17,33,1.02,12041.047010 
17,34,1.02,12041.258686 
17,35,1.01,12042.140885 
17,36,1.02,12033.884991 
17,37,1.02,12044.809196 
17,38,1.02,12042.974907 
17,39,1.02,12035.099778 
17,40,1.01,12045.518743 
17,41,1.02,12037.781057 
17,42,1.02,12042.610209 
17,43,1.09,12032.639907 
17,44,1.01,12043.157667 
17,45,1.01,12032.466307 
17,46,1.01,12035.175359 
17,47,1.02,12046.309734 
17,48,1.02,12032.189844 
17,49,1.02,12040.275220 
17,50,1.02,12035.147217 
17,51,1.02,12050.340404 
17,52,1.01,12049.091107 
17,53,1.02,12039.853553 
17,54,1.02,12045.563042 
17,55,1.01,12036.462786 
18,0,1.02,12025.833882 
18,1,1.02,12019.936151 
18,2,1.03,12028.876484 
18,3,1.02,12026.374998 
18,4,1.02,12029.695816 
18,5,1.02,12021.308562 
18,6,1.02,12024.202801 
18,7,1.02,12029.420283 
18,8,1.10,12015.499418 
18,9,1.02,12023.612928 
18,10,1.02,12029.614681 
18,11,1.01,12033.149484 
18,12,1.02,12033.885795 
18,13,1.02,12025.353020 
18,14,1.02,12026.321205 
18,15,1.02,12024.527056 
18,16,1.02,12028.209854 
18,17,1.02,12027.112888 
18,19,1.02,12019.120554 
18,20,1.02,12032.026704 
18,21,1.01,12031.605615 
18,22,1.01,12030.882439 
18,23,1.02,12035.090934 
18,24,1.02,12026.004079 
18,25,1.02,12036.994403 
18,26,1.03,12034.524914 
18,27,1.02,12018.514340 
18,28,1.01,12038.342556 
18,29,1.02,12022.092365 
18,30,1.02,12029.177696 
18,31,1.03,12025.971966 
18,32,1.02,12032.082959 
18,33,1.02,12030.495174 
18,34,1.02,12031.530079 
18,35,1.02,12028.388954 
18,36,1.02,12023.326439 
18,37,1.02,12029.609058 
18,38,1.02,12027.348165 
18,39,1.01,12029.608255 
18,40,1.01,12024.523845 
18,41,1.03,12035.550863 
18,42,1.02,12034.540190 
18,43,1.09,12016.769813 
18,44,1.01,12023.637806 
18,45,1.01,12035.644944 
18,46,1.02,12039.453641 
18,47,1.02,12033.442068 
18,48,1.01,12024.011788 
18,49,1.02,12022.259247 
18,50,1.02,12035.191440 
18,51,1.01,12038.833307 
18,52,1.03,12023.486935 
18,53,1.02,12034.480696 
18,54,1.02,11999.214886 
18,55,1.03,12028.533522 
19,0,1.02,12034.439694 
19,1,1.02,12033.373744 
19,2,1.02,12035.651377 
19,3,1.02,12034.750833 
19,4,1.01,12035.453568 
19,5,1.03,12035.887792 
19,6,1.02,12034.808721 
19,7,1.01,12040.654262 
19,8,1.09,12028.304624 
19,9,1.02,12038.922611 
19,10,1.01,12037.171351 
19,11,1.01,12035.692387 
19,12,1.02,12041.312613 
19,13,1.02,12038.481732 
19,14,1.01,12039.410191 
19,15,1.02,12039.240419 
19,16,1.02,12039.690205 
19,17,1.01,12040.395931 
19,18,1.02,12036.712102 
19,20,1.01,12048.000804 
19,21,1.01,12036.636502 
19,22,1.01,12037.115049 
19,23,1.01,12048.315868 
19,24,1.01,12040.323504 
19,25,1.02,12036.095266 
19,26,1.02,12039.867233 
19,27,1.02,12041.583861 
19,28,1.01,12040.242225 
19,29,1.01,12037.115049 
19,30,1.02,12038.279807 
19,31,1.02,12037.177786 
19,32,1.01,12043.019993 
19,33,1.02,12032.838428 
19,34,1.02,12040.581831 
19,35,1.02,12039.161569 
19,36,1.01,12042.824356 
19,37,1.01,12044.283331 
19,38,1.02,12038.490581 
19,39,1.02,12034.248356 
19,40,1.01,12037.445631 
19,41,1.02,12032.967832 
19,42,1.02,12032.033937 
19,43,1.08,12024.339243 
19,44,1.02,12033.839170 
19,45,1.02,12042.387215 
19,46,1.01,12042.651267 
19,47,1.02,12043.118216 
19,48,1.01,12038.333706 
19,49,1.01,12035.566946 
19,50,1.02,12038.805148 
19,51,1.01,12043.036095 
19,52,1.01,12037.332217 
19,53,1.02,12037.593634 
19,54,1.01,12048.313450 
19,55,1.01,12037.240523 
20,0,1.03,12035.965795 
20,1,1.03,12036.157993 
20,2,1.03,12006.085225 
20,3,1.02,12040.748422 
20,4,1.02,12036.796549 
20,5,1.02,12039.831827 
20,6,1.02,12041.211199 
20,7,1.01,12041.299735 
20,8,1.10,12030.737011 
20,9,1.02,12037.936308 
20,10,1.02,12037.630636 
20,11,1.02,12039.010309 
20,12,1.02,12036.507019 
20,13,1.01,12038.851811 
20,14,1.01,12035.273454 
20,15,1.02,12032.913177 
20,16,1.02,12039.674112 
20,17,1.02,12041.797166 
20,18,1.02,12034.269258 
20,19,1.01,12047.416650 
20,21,1.02,12035.827482 
20,22,1.01,12031.309103 
20,23,1.01,12043.511125 
20,24,1.02,12039.662042 
20,25,1.02,12045.134562 
20,26,1.02,12032.888260 
20,27,1.02,12041.599155 
20,28,1.02,12037.048291 
20,29,1.02,12043.114190 
20,30,1.02,12031.027068 
20,31,1.02,12037.325783 
20,32,1.02,12039.378811 
20,33,1.02,12003.683591 
20,34,1.02,12039.614568 
20,35,1.02,12039.227545 
20,36,1.02,12047.259543 
20,37,1.02,12035.991529 
20,38,1.02,12046.663377 
20,39,1.02,12041.570178 
20,40,1.02,12039.831827 
20,41,1.02,12035.260589 
20,42,1.02,12033.303813 
20,43,1.09,12043.567487 
20,44,1.01,12035.695604 
20,45,1.02,12039.359500 
20,46,1.01,12042.679444 
20,47,1.02,12048.760692 
20,48,1.02,12035.796120 
20,49,1.01,12037.429543 
20,50,1.02,12032.221990 
20,51,1.02,12043.212415 
20,52,1.02,12040.550445 
20,53,1.02,12035.534781 
20,54,1.01,12047.227316 
20,55,1.01,12045.191745 
21,0,1.02,12017.783918 
21,1,1.02,12031.051976 
21,2,1.02,12027.487087 
21,3,1.03,12019.362735 
21,4,1.02,12029.150385 
21,5,1.02,12033.990300 
21,6,1.02,12027.703908 
21,7,1.01,12026.101222 
21,8,1.09,12021.688016 
21,9,1.02,12028.017911 
21,10,1.02,12027.505557 
21,11,1.02,12032.250118 
21,12,1.02,12024.389005 
21,13,1.02,12026.943462 
21,14,1.01,12028.926283 
21,15,1.02,12028.276514 
21,16,1.02,12036.642131 
21,17,1.01,12028.976886 
21,18,1.01,12031.177324 
21,19,1.01,12029.168860 
21,20,1.01,12012.896947 
21,22,1.01,12023.337674 
21,23,1.02,12024.008578 
21,24,1.02,12025.450956 
21,25,1.02,12024.546319 
21,26,1.02,12023.651449 
21,27,1.02,12025.683759 
21,28,1.01,12033.404289 
21,29,1.02,12023.763802 
21,30,1.02,12029.841219 
21,31,1.02,12023.233353 
21,32,1.01,12029.860499 
21,33,1.02,12022.696532 
21,34,1.02,12024.241326 
21,35,1.01,12037.057943 
21,36,1.02,12035.050732 
21,37,1.02,12020.071694 
21,38,1.02,12028.687732 
21,39,1.02,12024.441977 
21,40,1.01,11992.272571 
21,41,1.02,12019.289759 
21,42,1.02,12027.022152 
21,43,1.08,12024.860960 
21,44,1.01,12024.954874 
21,45,1.01,12022.962930 
21,46,1.02,12035.000077 
21,47,1.02,12029.875763 
21,48,1.01,12028.851584 
21,49,1.01,12028.948773 
21,50,1.01,12024.819221 
21,51,1.01,12025.692590 
21,52,1.02,12024.222866 
21,53,1.02,12018.970598 
21,54,1.01,12033.046601 
21,55,1.02,12028.382528 
22,0,1.03,12033.838366 
22,1,1.02,12041.059888 
22,2,1.02,12034.631039 
22,3,1.02,12046.262207 
22,4,1.02,12035.248528 
22,5,1.02,12033.844797 
22,6,1.03,12040.508597 
22,7,1.01,12037.929873 
22,8,1.09,12019.386794 
22,9,1.02,12042.310739 
22,10,1.02,12026.299528 
22,11,1.01,12033.407504 
22,12,1.02,12030.938683 
22,13,1.02,12032.715457 
22,14,1.01,12044.072353 
22,15,1.02,12042.518435 
22,16,1.02,12033.568270 
22,17,1.01,12037.709465 
22,18,1.01,12042.764781 
22,19,1.01,12041.176591 
22,20,1.01,12033.425992 
22,21,1.01,12027.022152 
22,23,1.02,12034.581192 
22,24,1.01,12033.360883 
22,25,1.01,12038.682054 
22,26,1.02,12031.888481 
22,27,1.01,12038.798711 
22,28,1.01,12036.704863 
22,29,1.02,12038.430244 
22,30,1.02,12031.375797 
22,31,1.02,12034.827213 
22,32,1.01,12032.769307 
22,33,1.02,12033.911519 
22,34,1.02,12041.847878 
22,35,1.01,12040.401564 
22,36,1.02,12043.713225 
22,37,1.02,12040.140026 
22,38,1.02,12040.704159 
22,39,1.02,12037.656376 
22,40,1.01,12038.090760 
22,41,1.02,12045.578346 
22,42,1.01,12037.763360 
22,43,1.08,12028.062082 
22,44,1.01,12039.932412 
22,45,1.02,12035.707666 
22,46,1.01,12037.785079 
22,47,1.02,12026.515503 
22,48,1.01,12035.462413 
22,49,1.02,12043.631096 
22,50,1.01,12034.770129 
22,51,1.01,12045.979470 
22,52,1.02,12044.393654 
22,53,1.02,12031.224732 
22,54,1.01,12045.216712 
22,55,1.01,12036.975904 
23,0,1.03,12034.921283 
23,1,1.03,12041.261906 
23,2,1.03,12032.514529 
23,3,1.02,12034.877062 
23,4,1.02,12038.723085 
23,5,1.02,12035.358686 
23,6,1.03,12026.012910 
23,7,1.02,12031.212679 
23,8,1.10,12026.880832 
23,9,1.03,12030.857532 
23,10,1.02,12039.142259 
23,11,1.03,12038.604016 
23,12,1.02,12041.331125 
23,13,1.02,12032.807082 
23,14,1.01,12028.323096 
23,15,1.02,12034.191277 
23,16,1.03,12033.228256 
23,17,1.02,12035.100582 
23,18,1.02,12036.097679 
23,19,1.02,12035.169730 
23,20,1.02,12037.964463 
23,21,1.02,12039.435939 
23,22,1.02,12041.100935 
23,24,1.02,12038.569422 
23,25,1.02,12028.756806 
23,26,1.02,12041.683671 
23,27,1.03,12040.446631 
23,28,1.02,12032.360221 
23,29,1.02,12040.893288 
23,30,1.02,12039.907467 
23,31,1.02,12033.259604 
23,32,1.02,12040.049898 
23,33,1.02,12029.205810 
23,34,1.02,12037.291196 
23,35,1.02,12039.602498 
23,36,1.03,12035.449547 
23,37,1.02,12033.694474 
23,38,1.03,12041.694135 
23,39,1.03,12036.863304 
23,40,1.02,12041.653084 
23,41,1.02,12038.254064 
23,42,1.02,12043.404039 
23,43,1.09,12027.201216 
23,44,1.02,12039.497895 
23,45,1.02,12042.370310 
23,46,1.02,12032.611777 
23,47,1.03,12036.957406 
23,48,1.02,12034.156709 
23,49,1.02,12040.906165 
23,50,1.02,12033.971007 
23,51,1.02,12044.308294 
23,52,1.02,12034.323926 
23,53,1.02,12027.565784 
23,54,1.02,12031.587133 
23,55,1.02,12037.603287 
24,0,1.03,12054.420556 
24,1,1.02,12052.452707 
24,2,1.02,12040.905360 
24,3,1.02,12045.153086 
24,4,1.02,12047.917811 
24,5,1.02,12048.317479 
24,6,1.02,12037.966877 
24,7,1.02,12050.612866 
24,8,1.09,12044.156099 
24,9,1.02,12046.337122 
24,10,1.02,12046.495011 
24,11,1.01,12039.405363 
24,12,1.02,12045.045165 
24,13,1.02,12037.466544 
24,14,1.02,12045.451087 
24,15,1.02,12043.534475 
24,16,1.03,12039.056169 
24,17,1.02,12020.632344 
24,18,1.03,12043.753485 
24,19,1.02,12050.306549 
24,20,1.02,12047.089549 
24,21,1.02,12043.193092 
24,22,1.01,12046.095463 
24,23,1.02,12046.640015 
24,25,1.02,12045.082213 
24,26,1.02,12034.270866 
24,27,1.03,12040.718645 
24,28,1.03,12037.717509 
24,29,1.02,12043.639148 
24,30,1.02,12032.277443 
24,31,1.02,12043.434634 
24,32,1.03,12047.943595 
24,33,1.03,12039.297546 
24,34,1.02,12048.462527 
24,35,1.02,12040.208427 
24,36,1.03,12044.663431 
24,37,1.02,12042.502334 
24,38,1.02,12040.649433 
24,39,1.03,12050.682192 
24,40,1.01,12042.943508 
24,41,1.02,12041.373783 
24,42,1.02,12041.571788 
24,43,1.09,12032.139214 
24,44,1.02,12041.618473 
24,45,1.02,12038.681250 
24,46,1.02,12043.490996 
24,47,1.03,12038.740785 
24,48,1.02,12047.305466 
24,49,1.02,12045.858647 
24,50,1.01,12040.665529 
24,51,1.02,12050.437134 
24,52,1.02,12037.527676 
24,53,1.02,12047.784056 
24,54,1.02,12043.919359 
24,55,1.02,12048.120865 
25,0,1.02,12018.000390 
25,1,1.02,12027.828383 
25,2,1.02,12034.976761 
25,3,1.02,12034.894750 
25,4,1.02,12035.542822 
25,5,1.02,12037.318543 
25,6,1.02,12033.110099 
25,7,1.01,12025.663690 
25,8,1.08,12023.148293 
25,9,1.02,12031.843479 
25,10,1.02,12034.148670 
25,11,1.02,12022.562535 
25,12,1.02,12029.789806 
25,13,1.02,12034.368947 
25,14,1.01,12032.070100 
25,15,1.02,12024.963703 
25,16,1.02,12023.372982 
25,17,1.01,12032.415675 
25,18,1.01,12026.471344 
25,19,1.02,12037.495501 
25,20,1.02,12028.631509 
25,21,1.02,12035.341800 
25,22,1.01,12025.355429 
25,23,1.02,12023.535085 
25,24,1.02,12025.236624 
25,26,1.02,12021.920674 
25,27,1.02,12032.695364 
25,28,1.02,12027.706317 
25,29,1.02,12026.068306 
25,30,1.01,12033.494317 
25,31,1.02,12034.164748 
25,32,1.02,12027.968119 
25,33,1.02,12027.802685 
25,34,1.02,12029.338349 
25,35,1.02,12030.922614 
25,36,1.03,12031.084920 
25,37,1.02,12028.768051 
25,38,1.02,12027.128145 
25,39,1.02,12036.753923 
25,40,1.02,12037.075638 
25,41,1.02,12030.509636 
25,42,1.02,12027.177930 
25,43,1.08,12022.453414 
25,44,1.02,12028.522278 
25,45,1.02,12035.388437 
25,46,1.02,12028.111071 
25,47,1.02,12029.752852 
25,48,1.02,12035.272650 
25,49,1.02,12034.880278 
25,50,1.01,12029.494186 
25,51,1.02,12019.191924 
25,52,1.02,12026.990034 
25,53,1.02,12025.788925 
25,54,1.01,12034.198513 
25,55,1.03,12025.125849 
26,0,1.02,12045.612175 
26,1,1.03,12019.345895 
26,2,1.03,12046.145405 
26,3,1.02,12050.719274 
26,4,1.03,12051.298105 
26,5,1.02,12052.260796 
26,6,1.02,12052.096305 
26,7,1.02,12055.745184 
26,8,1.10,12038.000663 
26,9,1.03,12049.390915 
26,10,1.02,12047.908141 
26,11,1.02,12048.373886 
26,12,1.03,12041.034133 
26,13,1.02,12051.227159 
26,14,1.02,12041.291686 
26,15,1.03,12046.602958 
26,16,1.02,12046.066465 
26,17,1.02,12038.782621 
26,18,1.03,12042.785712 
26,19,1.02,12048.320703 
26,20,1.02,12048.499595 
26,21,1.02,12053.242996 
26,22,1.02,12047.737324 
26,23,1.02,12041.776238 
26,24,1.03,12048.415789 
26,25,1.02,12046.741520 
26,27,1.02,12042.238289 
26,28,1.02,12047.690591 
26,29,1.02,12054.852924 
26,30,1.02,12044.455661 
26,31,1.03,12049.839042 
26,32,1.03,12046.696406 
26,33,1.03,12046.419288 
26,34,1.03,12053.612370 
26,35,1.02,12056.258334 
26,36,1.02,12047.840458 
26,37,1.02,12045.911809 
26,38,1.04,12048.431906 
26,39,1.02,12041.172566 
26,40,1.03,12036.562511 
26,41,1.02,12044.321984 
26,42,1.03,12046.101907 
26,43,1.09,12035.870905 
26,44,1.02,12051.148152 
26,45,1.02,12047.461769 
26,46,1.02,12044.985568 
26,47,1.03,12044.149657 
26,48,1.03,12052.309176 
26,49,1.02,12049.207160 
26,50,1.02,12049.039529 
26,51,1.03,12050.906300 
26,52,1.02,12042.088561 
26,53,1.02,12049.289365 
26,54,1.02,12044.752017 
26,55,1.02,12035.800141 
27,0,1.04,12038.192120 
27,1,1.02,12029.574516 
27,2,1.02,12044.539412 
27,3,1.02,12039.580773 
27,4,1.02,12039.244442 
27,5,1.02,12051.856027 
27,6,1.02,12041.404369 
27,7,1.02,12048.460915 
27,8,1.09,12033.193693 
27,9,1.02,12042.222189 
27,10,1.02,12036.218307 
27,11,1.01,12044.934025 
27,12,1.02,12043.871046 
27,13,1.02,12046.010079 
27,14,1.01,12044.457272 
27,15,1.02,12045.027447 
27,16,1.02,12043.152836 
27,17,1.02,12045.066105 
27,18,1.02,12037.587199 
27,19,1.02,12042.386410 
27,20,1.02,12018.338742 
27,21,1.02,12041.526713 
27,22,1.01,12044.111005 
27,23,1.02,12042.922576 
27,24,1.02,12039.460078 
27,25,1.02,12040.910189 
27,26,1.02,12036.086421 
27,28,1.02,12044.428281 
27,29,1.02,12030.340918 
27,30,1.01,12039.083524 
27,31,1.02,12039.810905 
27,32,1.02,12042.808254 
27,33,1.02,12035.895030 
27,34,1.02,12033.410719 
27,35,1.02,12043.006306 
27,36,1.02,12042.929017 
27,37,1.02,12043.268774 
27,38,1.02,12045.124092 
27,39,1.02,12036.622025 
27,40,1.02,12039.558243 
27,41,1.02,12036.173272 
27,42,1.02,12039.929998 
27,43,1.09,12034.024868 
27,44,1.01,12043.518371 
27,45,1.02,12040.226131 
27,46,1.02,12038.106848 
27,47,1.02,12042.132030 
27,48,1.02,12036.084812 
27,49,1.01,12038.808366 
27,50,1.01,12039.163983 
27,51,1.02,12046.512734 
27,52,1.02,12033.544155 
27,53,1.02,12036.895475 
27,54,1.02,12043.666524 
27,55,1.02,12049.445720 
28,0,1.03,12034.404321 
28,1,1.03,12039.514793 
28,2,1.02,12030.786023 
28,3,1.02,12032.074922 
28,4,1.02,12029.704653 
28,5,1.02,12041.562129 
28,6,1.02,12030.848693 
28,7,1.02,12037.213980 
28,8,1.09,12036.417750 
28,9,1.02,12041.575007 
28,10,1.02,12027.409194 
28,11,1.02,12048.030618 
28,12,1.02,12034.323926 
28,13,1.02,12041.417247 
28,14,1.01,12037.587199 
28,15,1.03,12035.637707 
28,16,1.02,12038.441507 
28,17,1.02,12036.605940 
28,18,1.02,12027.776987 
28,19,1.02,12034.796661 
28,20,1.02,12039.859186 
28,21,1.02,12034.632647 
28,22,1.02,12036.839176 
28,23,1.02,12037.622592 
28,24,1.02,12038.388411 
28,25,1.02,12036.675106 
28,26,1.02,12040.152096 
28,27,1.02,12034.389849 
28,29,1.02,12040.277634 
28,30,1.02,12034.741989 
28,31,1.02,12044.747185 
28,32,1.02,12035.385220 
28,33,1.02,12042.780882 
28,34,1.02,12032.968636 
28,35,1.02,12033.790134 
28,36,1.03,12035.267826 
28,37,1.02,12040.548031 
28,38,1.03,12037.875173 
28,39,1.02,12029.185728 
28,40,1.02,12029.004196 
28,41,1.02,12036.448310 
28,42,1.02,12031.660259 
28,43,1.10,12028.687732 
28,44,1.02,12031.324370 
28,45,1.02,12039.104443 
28,46,1.02,12038.188902 
28,47,1.02,12034.407536 
28,48,1.03,12033.188870 
28,49,1.02,12037.257414 
28,50,1.01,12040.066797 
28,51,1.09,12031.276158 
28,52,1.02,12036.864913 
28,53,1.02,12042.447592 
28,54,1.02,12041.014817 
28,55,1.03,12041.953327 
29,0,1.02,12053.754319 
29,1,1.02,12047.871077 
29,2,1.02,12049.361901 
29,3,1.02,12047.993552 
29,4,1.03,12047.909753 
29,5,1.02,12051.270694 
29,6,1.01,12048.428682 
29,7,1.02,12045.700775 
29,8,1.10,12043.656862 
29,9,1.01,12055.535418 
29,10,1.02,12048.438352 
29,11,1.01,12049.387691 
29,12,1.02,12046.984816 
29,13,1.02,12054.172120 
29,14,1.01,12051.886666 
29,15,1.03,12045.415648 
29,16,1.02,12044.481430 
29,17,1.02,12045.554183 
29,18,1.02,12051.019163 
29,19,1.02,12046.905864 
29,20,1.02,12042.333279 
29,21,1.03,12051.024000 
29,22,1.02,12056.258334 
29,23,1.02,12058.011117 
29,24,1.03,12051.267469 
29,25,1.02,12041.932398 
29,26,1.02,12049.929316 
29,27,1.03,12048.854173 
29,28,1.02,12052.302725 
29,30,1.02,12048.979892 
29,31,1.02,12051.117516 
29,32,1.02,12049.916420 
29,33,1.03,12046.503067 
29,34,1.03,12048.112807 
29,35,1.02,12046.640015 
29,36,1.03,12039.992764 
29,37,1.02,12049.924480 
29,38,1.03,12046.572346 
29,39,1.03,12044.800337 
29,40,1.02,12044.550686 
29,41,1.02,12045.133757 
29,42,1.02,12051.501273 
29,43,1.10,12040.253492 
29,44,1.02,12050.254960 
29,45,1.02,12049.674617 
29,46,1.02,12049.971230 
29,47,1.02,12051.396463 
29,48,1.03,12055.257894 
29,49,1.02,12054.417330 
29,50,1.02,12046.503067 
29,51,1.09,12041.639400 
29,52,1.03,12049.684289 
29,53,1.02,12051.012713 
29,54,1.02,12047.999998 
29,55,1.02,12045.368934 
30,0,1.02,12032.848073 
30,1,1.02,12041.523493 
30,2,1.02,12049.872895 
30,3,1.02,12032.578022 
30,4,1.02,12037.514806 
30,5,1.02,12036.067120 
30,6,1.02,12044.863154 
30,7,1.02,12039.328121 
30,8,1.08,12029.966542 
30,9,1.02,12035.229230 
30,10,1.02,12034.259611 
30,11,1.01,12042.396071 
30,12,1.02,12032.860933 
30,13,1.02,12034.026476 
30,14,1.01,12037.955615 
30,15,1.02,12036.340545 
30,16,1.01,12031.800084 
30,17,1.02,12031.579901 
30,18,1.02,12031.092955 
30,19,1.01,12034.870630 
30,20,1.01,12046.203403 
30,21,1.02,12038.848593 
30,22,1.01,12039.756188 
30,23,1.02,12037.583982 
30,24,1.02,12036.649370 
30,25,1.02,12033.910715 
30,26,1.01,12044.731078 
30,27,1.02,12037.439196 
30,28,1.01,12033.143858 
30,29,1.02,12040.631728 
30,31,1.01,12038.266131 
30,32,1.01,12042.985373 
30,33,1.02,12038.600798 
30,34,1.02,12044.365469 
30,35,1.01,12038.053755 
30,36,1.02,12032.174574 
30,37,1.01,12038.279002 
30,38,1.02,12043.181820 
30,39,1.02,12038.307963 
30,40,1.02,12043.434634 
30,41,1.02,12039.416628 
30,42,1.02,12037.791514 
30,43,1.08,12030.514457 
30,44,1.02,12030.986893 
30,45,1.02,12032.772522 
30,46,1.01,12040.921457 
30,47,1.02,12034.627823 
30,48,1.02,12039.136627 
30,49,1.02,12032.033133 
30,50,1.01,12042.114321 
30,51,1.08,12037.439196 
30,52,1.01,12039.305592 
30,53,1.01,12043.600499 
30,54,1.01,12032.422105 
30,55,1.01,12043.912917 
31,0,1.03,11991.882998 
31,1,1.02,12043.666524 
31,2,1.02,12044.318763 
31,3,1.02,12048.699446 
31,4,1.02,12045.882811 
31,5,1.02,12045.480082 
31,6,1.02,12046.456344 
31,7,1.02,12049.864835 
31,8,1.09,12038.399674 
31,9,1.02,12051.439999 
31,10,1.02,12050.566111 
31,11,1.01,12049.742321 
31,12,1.02,12048.889632 
31,13,1.02,12047.450489 
31,14,1.01,12037.704639 
31,15,1.03,12048.667211 
31,16,1.02,12048.220783 
31,17,1.02,12045.512300 
31,18,1.02,12033.079556 
31,19,1.01,12051.594797 
31,20,1.02,12047.629356 
31,21,1.02,12046.076131 
31,22,1.02,12041.108178 
31,23,1.02,12051.528685 
31,24,1.03,12046.416066 
31,25,1.02,12041.383442 
31,26,1.02,12048.103138 
31,27,1.02,12046.428955 
31,28,1.02,12054.091462 
31,29,1.02,12051.446449 
31,30,1.01,12048.156319 
31,32,1.02,12048.244957 
31,33,1.02,12047.822732 
31,34,1.03,12042.750289 
31,35,1.02,12052.373684 
31,36,1.02,12041.235345 
31,37,1.02,12046.071298 
31,38,1.03,12047.866242 
31,39,1.02,12043.856552 
31,40,1.03,12045.111206 
31,41,1.02,12046.166349 
31,42,1.02,12049.184594 
31,43,1.08,12035.816224 
31,44,1.02,12048.386779 
31,45,1.02,12048.535052 
31,46,1.02,12049.211996 
31,47,1.02,12041.789117 
31,48,1.02,12036.631676 
31,49,1.01,12047.456935 
31,50,1.01,12050.549989 
31,51,1.08,12042.943508 
31,52,1.02,12053.797872 
31,53,1.02,12048.422236 
31,54,1.01,12048.699446 
31,55,1.02,12048.991175 
32,0,1.03,12033.362491 
32,1,1.02,12022.312201 
32,2,1.02,12033.910715 
32,3,1.03,12034.212983 
32,4,1.02,12026.360546 
32,5,1.02,12032.793419 
32,6,1.02,12033.891422 
32,7,1.03,12042.206089 
32,8,1.09,12032.287087 
32,9,1.02,12034.003966 
32,10,1.02,12032.356203 
32,11,1.02,12044.065911 
32,12,1.02,12031.305085 
32,13,1.02,12032.047599 
32,14,1.01,12035.605543 
32,15,1.03,12028.576893 
32,16,1.02,12036.406491 
32,17,1.02,12028.466056 
32,18,1.02,12038.184076 
32,19,1.02,12035.607151 
32,20,1.02,12021.593351 
32,21,1.02,12036.166839 
32,22,1.02,12036.449919 
32,23,1.02,12038.213036 
32,24,1.03,12014.972102 
32,25,1.02,12029.303005 
32,26,1.02,12040.342013 
32,27,1.02,12044.455661 
32,28,1.02,12038.341751 
32,29,1.02,12040.214865 
32,30,1.02,12040.317871 
32,31,1.02,12031.698831 
32,33,1.02,12021.203475 
32,34,1.03,12031.991344 
32,35,1.02,12035.552472 
32,36,1.02,12032.899513 
32,37,1.02,12028.960822 
32,38,1.03,12031.608829 
32,39,1.03,12037.321761 
32,40,1.02,12040.527107 
32,41,1.02,12033.240312 
32,42,1.02,12036.757140 
32,43,1.09,12026.464921 
32,44,1.02,12033.346414 
32,45,1.02,12038.279002 
32,46,1.02,12033.034544 
32,47,1.02,12027.903872 
32,48,1.02,12036.580205 
32,49,1.02,12031.737403 
32,50,1.02,12042.278539 
32,51,1.09,12023.504590 
32,52,1.02,12034.941384 
32,53,1.02,12039.336167 
32,54,1.02,12033.684024 
32,55,1.02,12036.522299 
33,0,1.03,12037.503545 
33,1,1.02,12034.592448 
33,2,1.02,12036.477262 
33,3,1.02,12043.441076 
33,4,1.02,12043.859773 
33,5,1.02,12046.416066 
33,6,1.02,12040.572174 
33,7,1.02,12031.298657 
33,8,1.10,12040.050703 
33,9,1.02,12051.502885 
33,10,1.02,12042.536146 
33,11,1.02,12037.329804 
33,12,1.02,12034.592448 
33,13,1.02,12045.710440 
33,14,1.01,12049.220055 
33,15,1.02,12051.436774 
33,16,1.02,12046.008468 
33,17,1.02,12044.723025 
33,18,1.02,12033.111707 
33,19,1.02,12044.470156 
33,20,1.02,12044.845436 
33,21,1.02,12044.884093 
33,22,1.02,12042.375140 
33,23,1.02,12048.343265 
33,24,1.03,12036.345371 
33,25,1.02,12050.493561 
33,26,1.02,12041.818095 
33,27,1.02,12039.273407 
33,28,1.02,12049.995411 
33,29,1.03,12044.611890 
33,30,1.02,12051.024000 
33,31,1.02,12047.092772 
33,32,1.02,12037.542154 
33,34,1.02,12037.049900 
33,35,1.02,12045.322220 
33,36,1.03,12040.239007 
33,37,1.02,12044.429892 
33,38,1.02,12052.610757 
33,39,1.03,12051.818938 
33,40,1.02,12052.538182 
33,41,1.03,12047.058935 
33,42,1.02,12042.120760 
33,43,1.09,12036.429009 
33,44,1.03,12041.216029 
33,45,1.02,12048.634977 
33,46,1.02,12051.430324 
33,47,1.02,12051.206197 
33,48,1.02,12040.577003 
33,49,1.02,12041.272369 
33,50,1.02,12045.164362 
33,51,1.09,12037.072420 
33,52,1.02,12045.114428 
33,53,1.02,12040.528716 
33,54,1.02,12055.572530 
33,55,1.02,12047.674477 
34,0,1.03,12038.303136 
34,1,1.03,12040.744398 
34,2,1.03,12032.352988 
34,3,1.03,12041.954936 
34,4,1.03,12041.934008 
34,5,1.02,12040.889264 
34,6,1.02,12040.477211 
34,7,1.03,12041.027694 
34,8,1.09,12032.523370 
34,9,1.02,12035.930412 
34,10,1.02,12036.506215 
34,11,1.02,12045.536463 
34,12,1.02,12044.753627 
34,13,1.02,12039.947701 
34,14,1.01,12043.368612 
34,15,1.02,12041.813265 
34,16,1.02,12035.190636 
34,17,1.03,12043.024018 
34,18,1.02,12049.095943 
34,19,1.02,12039.299155 
34,20,1.02,12039.384443 
34,21,1.02,12043.342847 
34,22,1.02,12042.576398 
34,23,1.03,12034.121337 
34,24,1.03,12033.079556 
34,25,1.02,12044.044975 
34,26,1.02,12049.252292 
34,27,1.02,12043.024018 
34,28,1.02,12038.142244 
34,29,1.03,12038.319226 
34,30,1.02,12040.642995 
34,31,1.02,12046.718963 
34,32,1.02,12042.779272 
34,33,1.02,12039.480998 
34,35,1.02,12040.876387 
34,36,1.02,12046.881696 
34,37,1.02,12043.399208 
34,38,1.02,12041.034133 
34,39,1.03,12044.613501 
34,40,1.02,12039.030423 
34,41,1.03,12043.611772 
34,42,1.02,12035.710078 
34,43,1.09,12025.999262 
34,44,1.02,12040.969746 
34,45,1.02,12042.761560 
34,46,1.02,12045.702386 
34,47,1.02,12035.615192 
34,48,1.02,12039.846311 
34,49,1.03,12039.875279 
34,50,1.02,12045.931141 
34,51,1.09,12036.311594 
34,52,1.02,12040.820050 
34,53,1.02,12041.434955 
34,54,1.02,12047.447267 
34,55,1.02,12036.068729 
35,0,1.02,12027.285531 
35,1,1.02,12033.503963 
35,2,1.02,12035.177771 
35,3,1.02,12031.928662 
35,4,1.02,12024.438767 
35,5,1.02,12033.105276 
35,6,1.02,12039.310419 
35,7,1.01,12032.407638 
35,8,1.09,12029.707866 
35,9,1.02,12034.730733 
35,10,1.02,12038.465642 
35,11,1.02,12036.475654 
35,12,1.02,12033.774056 
35,13,1.01,12037.019336 
35,14,1.01,12034.442910 
35,15,1.02,12036.142713 
35,16,1.01,12028.700583 
35,17,1.01,12029.470087 
35,18,1.01,12029.919947 
35,19,1.01,12033.934832 
35,20,1.02,12036.440268 
35,21,1.01,12043.400818 
35,22,1.01,12039.487435 
35,23,1.02,12034.373770 
35,24,1.02,12040.422488 
35,25,1.02,12028.833914 
35,26,1.02,12034.233885 
35,27,1.02,12030.805306 
35,28,1.01,12033.552193 
35,29,1.02,12032.743588 
35,30,1.01,12042.199649 
35,31,1.01,12038.200165 
35,32,1.02,12028.106252 
35,33,1.02,12026.794115 
35,34,1.02,12031.983308 
35,36,1.02,12037.904132 
35,37,1.01,12031.592758 
35,38,1.02,12035.960970 
35,39,1.02,12039.762625 
35,40,1.02,12033.515217 
35,41,1.02,12035.936846 
35,42,1.02,12031.051173 
35,43,1.08,12029.857286 
35,44,1.02,12035.153649 
35,45,1.02,12037.593634 
35,46,1.02,12028.858010 
35,47,1.02,12031.303478 
35,48,1.01,12038.624934 
35,49,1.02,12033.113314 
35,50,1.01,12032.724298 
35,51,1.09,12024.703637 
35,52,1.01,12026.312374 
35,53,1.02,12027.836414 
35,54,1.02,12035.071637 
35,55,1.02,12034.010398 
36,0,1.03,12028.114284 
36,1,1.02,12033.031329 
36,2,1.02,12025.967149 
36,3,1.02,12038.793884 
36,4,1.02,12036.895475 
36,5,1.02,12044.054638 
36,6,1.02,12038.447943 
36,7,1.02,12041.026084 
36,8,1.09,12025.182039 
36,9,1.02,12043.083596 
36,10,1.02,12041.003549 
36,11,1.02,12045.117649 
36,12,1.02,12042.742239 
36,13,1.02,12031.996166 
36,14,1.01,12040.263149 
36,15,1.02,12036.065512 
36,16,1.02,12045.148254 
36,17,1.02,12040.528716 
36,18,1.02,12043.400818 
36,19,1.01,12043.379884 
36,20,1.02,12037.049900 
36,21,1.02,12035.372355 
36,22,1.02,12041.001939 
36,23,1.02,12044.080406 
36,24,1.02,12046.802746 
36,25,1.02,12032.949346 
36,26,1.02,12043.379884 
36,27,1.02,12033.791741 
36,28,1.02,12046.765688 
36,29,1.02,12037.550198 
36,30,1.02,12046.166349 
36,31,1.02,12044.473378 
36,32,1.02,12038.951575 
36,33,1.02,12043.468451 
36,34,1.02,12034.066671 
36,35,1.02,12035.306421 
36,37,1.02,12041.924348 
36,38,1.02,12043.557020 
36,39,1.03,12041.103349 
36,40,1.02,12035.996354 
36,41,1.03,12034.063455 
36,42,1.02,12025.271944 
36,43,1.09,12027.386709 
36,44,1.02,12033.301401 
36,45,1.02,12050.978854 
36,46,1.02,12047.115330 
36,47,1.03,12036.375931 
36,48,1.02,12034.934951 
36,49,1.02,12037.435978 
36,50,1.02,12035.367531 
36,51,1.09,12032.179396 
36,52,1.02,12036.633285 
36,53,1.02,12041.447833 
36,54,1.02,12041.884100 
36,55,1.02,12025.914163 
37,0,1.02,12029.259628 
37,1,1.03,12043.474892 
37,2,1.02,12038.106848 
37,3,1.02,12035.695604 
37,4,1.02,12044.826108 
37,5,1.02,12039.489044 
37,6,1.02,12043.545747 
37,7,1.02,12043.044951 
37,8,1.09,12028.800179 
37,9,1.03,12040.483650 
37,10,1.03,12043.383105 
37,11,1.03,12042.695545 
37,12,1.03,12038.127764 
37,13,1.02,12046.138961 
37,14,1.02,12043.800187 
37,15,1.03,12038.631370 
37,16,1.02,12051.723798 
37,17,1.02,12046.760854 
37,18,1.02,12045.963361 
37,19,1.02,12046.677072 
37,20,1.03,12038.550919 
37,21,1.03,12042.864610 
37,22,1.02,12048.285247 
37,23,1.02,12042.768001 
37,24,1.02,12042.072462 
37,25,1.03,12040.071625 
37,26,1.03,12037.731988 
37,27,1.02,12040.304995 
37,28,1.02,12047.964545 
37,29,1.03,12053.022027 
37,30,1.02,12051.064308 
37,31,1.03,12046.648071 
37,32,1.03,12051.059471 
37,33,1.03,12039.450422 
37,34,1.03,12039.151109 
37,35,1.02,12033.804603 
37,36,1.03,12045.492969 
37,38,1.03,12047.018653 
37,39,1.03,12042.421831 
37,40,1.03,12051.312616 
37,41,1.03,12039.608131 
37,42,1.03,12036.353413 
37,43,1.09,12025.379511 
37,44,1.02,12044.094900 
37,45,1.02,12050.946608 
37,46,1.02,12044.917918 
37,47,1.03,12040.915018 
37,48,1.03,12045.695942 
37,49,1.03,12050.616090 
37,50,1.02,12042.471743 
37,51,1.09,12031.256873 
37,52,1.02,12044.405733 
37,53,1.02,12039.271798 
37,54,1.03,12039.929998 
37,55,1.02,12040.121517 
38,0,1.03,12039.601694 
38,1,1.03,12038.311181 
38,2,1.03,12044.444387 
38,3,1.02,12046.259790 
38,4,1.02,12042.043483 
38,5,1.02,12041.248223 
38,6,1.02,12043.634317 
38,7,1.02,12045.992358 
38,8,1.09,12031.943127 
38,9,1.02,12037.965268 
38,10,1.02,12039.376397 
38,11,1.02,12044.339700 
38,12,1.02,12033.238705 
38,13,1.02,12029.926374 
38,14,1.02,12045.412427 
38,15,1.02,12034.042554 
38,16,1.02,12051.356152 
38,17,1.02,12049.811638 
38,18,1.02,12047.070214 
38,19,1.01,12040.443412 
38,20,1.02,12042.685884 
38,21,1.02,12044.772955 
38,22,1.02,12045.642782 
38,23,1.02,12047.556842 
38,24,1.02,12040.591489 
38,25,1.02,12039.511574 
38,26,1.02,12041.174176 
38,27,1.02,12043.874267 
38,28,1.02,12043.991829 
38,29,1.02,12039.670894 
38,30,1.02,12040.684844 
38,31,1.02,12037.945961 
38,32,1.02,12045.459141 
38,33,1.02,12043.294539 
38,34,1.02,12038.192120 
38,35,1.02,12048.533441 
38,36,1.02,12040.490088 
38,37,1.02,12043.367002 
38,39,1.02,12045.336717 
38,40,1.02,12048.101526 
38,41,1.02,12047.692203 
38,42,1.03,12038.087542 
38,43,1.09,12032.145643 
38,44,1.02,12043.099698 
38,45,1.02,12042.853339 
38,46,1.02,12037.310500 
38,47,1.02,12036.425792 
38,48,1.02,12048.154708 
38,49,1.03,12043.193092 
38,50,1.02,12038.999849 
38,51,1.09,12041.905029 
38,52,1.02,12040.707378 
38,53,1.03,12045.364101 
38,54,1.02,12048.217560 
38,55,1.02,12048.198221 
39,0,1.03,12044.373522 
39,1,1.02,12050.242063 
39,2,1.02,12047.015430 
39,3,1.03,12046.962258 
39,4,1.02,12038.575054 
39,5,1.03,12043.730940 
39,6,1.02,12045.351215 
39,7,1.02,12044.755238 
39,8,1.10,12044.093290 
39,9,1.02,12039.044905 
39,10,1.02,12045.426924 
39,11,1.02,12043.573123 
39,12,1.03,12039.217086 
39,13,1.02,12042.280149 
39,14,1.02,12040.921457 
39,15,1.02,12044.763291 
39,16,1.02,12038.735958 
39,17,1.02,12046.187293 
39,18,1.02,12040.697720 
39,19,1.02,12045.426924 
39,20,1.02,12043.384715 
39,21,1.02,12048.593073 
39,22,1.02,12043.792135 
39,23,1.02,12051.677035 
39,24,1.02,12044.758459 
39,25,1.02,12045.931141 
39,26,1.02,12041.534762 
39,27,1.02,12044.059469 
39,28,1.02,12043.511930 
39,29,1.02,12051.709285 
39,30,1.02,12046.026190 
39,31,1.03,12045.840926 
39,32,1.02,12041.665158 
39,33,1.03,12038.351405 
39,34,1.03,12046.501456 
39,35,1.02,12048.564062 
39,36,1.02,12049.203936 
39,37,1.03,12042.890372 
39,38,1.02,12047.825955 
39,40,1.02,12039.204212 
39,41,1.02,12045.713662 
39,42,1.03,12051.659297 
39,43,1.09,12040.511012 
39,44,1.02,12043.598889 
39,45,1.02,12047.663197 
39,46,1.02,12040.118298 
39,47,1.02,12047.677700 
39,48,1.02,12042.959610 
39,49,1.02,12047.104051 
39,50,1.02,12051.535135 
39,51,1.09,12039.056169 
39,52,1.02,12042.495894 
39,53,1.02,12047.993552 
39,54,1.03,12046.092241 
39,55,1.03,12048.066072 
40,0,1.02,12015.501020 
40,1,1.02,12021.842853 
40,2,1.02,12029.068455 
40,3,1.02,12027.827580 
40,4,1.09,12026.296316 
40,5,1.02,12031.493115 
40,6,1.01,12030.137659 
40,7,1.02,12026.331642 
40,8,1.09,12019.708382 
40,9,1.02,12026.937842 
40,10,1.02,12034.475069 
40,11,1.01,12030.766739 
40,12,1.02,11986.118201 
40,13,1.02,12024.986981 
40,14,1.01,12025.451759 
40,15,1.02,12026.965945 
40,16,1.02,12027.110479 
40,17,1.01,12023.588853 
40,18,1.01,12034.223434 
40,19,1.01,12029.427513 
40,20,1.02,12024.755008 
40,21,1.01,12030.700856 
40,22,1.01,12032.508903 
40,23,1.02,12030.609262 
40,24,1.02,12027.657331 
40,25,1.02,12030.395550 
40,26,1.02,12032.257351 
40,27,1.02,12027.717560 
40,28,1.01,12025.860375 
40,29,1.02,12023.388230 
40,30,1.01,12023.077678 
40,31,1.02,12032.446215 
40,32,1.02,12015.852056 
40,33,1.02,12039.102030 
40,34,1.02,12017.094469 
40,35,1.01,12030.615690 
40,36,1.02,12032.452645 
40,37,1.02,12025.417240 
40,38,1.02,12023.183601 
40,39,1.02,12027.862112 
40,41,1.02,12036.520691 
40,42,1.02,12031.936698 
40,43,1.08,12018.214464 
40,44,1.01,12028.462040 
40,45,1.02,12032.930859 
40,46,1.01,12027.164279 
40,47,1.02,12024.148226 
40,48,1.02,12029.943244 
40,49,1.02,12021.864514 
40,50,1.01,12022.272886 
40,51,1.08,12021.962392 
40,52,1.01,12012.026236 
40,53,1.02,12026.676888 
40,54,1.02,12030.549808 
40,55,1.03,12031.144380 
41,0,1.03,12029.613878 
41,1,1.02,12037.135961 
41,2,1.02,12039.720782 
41,3,1.02,12035.351449 
41,4,1.08,12029.777756 
41,5,1.02,12033.580327 
41,6,1.02,12034.549033 
41,7,1.02,12036.915583 
41,8,1.08,12021.734547 
41,9,1.02,12040.231764 
41,10,1.02,12040.492502 
41,11,1.01,12036.757944 
41,12,1.02,12032.913177 
41,13,1.02,12021.429696 
41,14,1.01,12037.267870 
41,15,1.02,12039.704689 
41,16,1.02,12033.010431 
41,17,1.01,12034.775757 
41,18,1.02,12039.855967 
41,19,1.02,12039.969428 
41,20,1.02,12029.906290 
41,21,1.02,12030.696035 
41,22,1.01,12032.466307 
41,23,1.02,12012.619780 
41,24,1.02,12042.653682 
41,25,1.02,12039.248465 
41,26,1.02,12038.385193 
41,27,1.02,12039.283063 
41,28,1.02,12034.052200 
41,29,1.02,12033.759587 
41,30,1.01,12034.381810 
41,31,1.02,12037.066790 
41,32,1.02,12030.679966 
41,33,1.02,12041.925958 
41,34,1.02,12034.734753 
41,35,1.01,12028.120708 
41,36,1.02,12033.923577 
41,37,1.02,12039.261338 
41,38,1.02,12034.237101 
41,39,1.02,12037.642701 
41,40,1.01,12043.526423 
41,42,1.02,12026.998866 
41,43,1.08,12026.125308 
41,44,1.02,12039.069042 
41,45,1.02,12039.340190 
41,46,1.01,12040.133588 
41,47,1.02,12046.936478 
41,48,1.02,12038.587122 
41,49,1.02,12040.741179 
41,50,1.01,12040.133588 
41,51,1.08,12027.621194 
41,52,1.01,12042.057972 
41,53,1.02,12035.804966 
41,54,1.01,12045.795014 
41,55,1.02,12037.201915 
42,0,1.02,12015.425687 
42,1,1.02,12032.326467 
42,2,1.03,12033.531293 
42,3,1.02,12026.164647 
42,4,1.09,12023.918692 
42,5,1.02,12028.128740 
42,6,1.02,12036.640523 
42,7,1.02,12030.694428 
42,8,1.09,12029.559253 
42,9,1.02,12031.137952 
42,10,1.03,12034.226650 
42,11,1.02,12031.989737 
42,12,1.02,12043.664109 
42,13,1.02,12033.411523 
42,14,1.02,12036.460374 
42,15,1.02,12021.990473 
42,16,1.02,12034.742793 
42,17,1.02,12033.732255 
42,18,1.02,12033.335965 
42,19,1.02,12037.525262 
42,20,1.02,12036.438660 
42,21,1.02,12035.113447 
42,22,1.02,12035.221190 
42,23,1.02,12032.427730 
42,24,1.02,12037.357956 
42,25,1.02,12038.935484 
42,26,1.02,12032.977477 
42,27,1.02,12033.380174 
42,28,1.02,12030.024384 
42,29,1.02,12028.813834 
42,30,1.02,12038.488168 
42,31,1.02,12028.792147 
42,32,1.02,12029.886206 
42,33,1.03,12031.244820 
42,34,1.02,12034.075514 
42,35,1.02,12025.489488 
42,36,1.02,12030.518474 
42,37,1.03,12034.381006 
42,38,1.02,12036.860087 
42,39,1.02,12022.326643 
42,40,1.02,12035.749480 
42,41,1.02,12034.524914 
42,43,1.09,12024.263798 
42,44,1.02,12032.819942 
42,45,1.02,12033.225844 
42,46,1.02,12036.520691 
42,47,1.02,12033.553801 
42,48,1.02,12029.710276 
42,49,1.02,12033.352041 
42,50,1.02,12036.073554 
42,51,1.09,12033.031329 
42,52,1.02,12034.629431 
42,53,1.02,12028.625084 
42,54,1.02,12037.351521 
42,55,1.02,12041.486468 
43,0,1.09,12025.208529 
43,1,1.09,12022.537661 
43,2,1.09,12026.540393 
43,3,1.09,12024.096058 
43,4,1.15,12019.994699 
43,5,1.09,12020.883410 
43,6,1.09,12018.633012 
43,7,1.08,12032.016257 
43,8,1.15,12016.935746 
43,9,1.08,12023.222921 
43,10,1.09,12027.680620 
43,11,1.08,12028.265270 
43,12,1.09,12031.956788 
43,13,1.08,12014.557815 
43,14,1.08,12027.068725 
43,15,1.09,12015.279029 
43,16,1.08,12027.545708 
43,17,1.08,12029.303005 
43,18,1.08,12031.148397 
43,19,1.08,12029.661273 
43,20,1.08,12025.851544 
43,21,1.08,12018.713999 
43,22,1.08,12029.834792 
43,23,1.09,12022.930834 
43,24,1.08,12021.112026 
43,25,1.08,12025.506346 
43,26,1.09,12023.210082 
43,27,1.09,12026.172676 
43,28,1.08,12021.326211 
43,29,1.09,12034.127768 
43,30,1.08,12028.036382 
43,31,1.08,12019.574452 
43,32,1.09,12032.396387 
43,33,1.09,12024.840090 
43,34,1.09,12026.313979 
43,35,1.08,12025.035143 
43,36,1.09,12030.975644 
43,37,1.09,12027.199610 
43,38,1.09,12021.056676 
43,39,1.10,12022.990213 
43,40,1.09,12024.083217 
43,41,1.08,12026.706596 
43,42,1.09,12024.661097 
43,44,1.08,12026.182310 
43,45,1.08,12029.532744 
43,46,1.08,12030.446969 
43,47,1.09,12020.638761 
43,48,1.08,12024.234102 
43,49,1.08,12026.857547 
43,50,1.08,12012.062280 
43,51,1.15,12023.231748 
43,52,1.08,12018.096602 
43,53,1.09,12024.099268 
43,54,1.08,12024.987784 
43,55,1.09,12030.604442 
44,0,1.02,12023.828807 
44,1,1.02,12033.343199 
44,2,1.02,12030.104721 
44,3,1.02,12040.406393 
44,4,1.08,12029.065242 
44,5,1.02,12030.671931 
44,6,1.02,12028.425899 
44,7,1.02,12036.712102 
44,8,1.09,12020.163929 
44,9,1.02,12033.167971 
44,10,1.02,12028.327915 
44,11,1.01,12034.010398 
44,12,1.02,12032.076530 
44,13,1.02,12029.752852 
44,14,1.01,12035.061988 
44,15,1.02,12036.374322 
44,16,1.02,12035.745460 
44,17,1.01,12025.230202 
44,18,1.01,12028.655604 
44,19,1.01,12037.452065 
44,20,1.01,12033.507178 
44,21,1.01,12030.620511 
44,22,1.01,12034.348044 
44,23,1.01,12034.885102 
44,24,1.02,12031.992952 
44,25,1.01,12028.522278 
44,26,1.02,12029.683766 
44,27,1.01,12033.637400 
44,28,1.02,12027.243775 
44,29,1.02,12034.528130 
44,30,1.01,12031.902946 
44,31,1.02,12026.538787 
44,32,1.02,12031.215089 
44,33,1.02,12024.708453 
44,34,1.02,12024.684374 
44,35,1.01,12033.444480 
44,36,1.02,12024.393820 
44,37,1.02,12030.713711 
44,38,1.02,12037.378065 
44,39,1.02,12036.067120 
44,40,1.01,12030.149710 
44,41,1.02,12030.541773 
44,42,1.02,12025.739152 
44,43,1.08,12031.922233 
44,45,1.02,12031.692402 
44,46,1.01,12032.844858 
44,47,1.01,12034.561897 
44,48,1.02,12032.139214 
44,49,1.01,12030.029204 
44,50,1.02,12022.790412 
44,51,1.08,12024.225274 
44,52,1.01,12036.831133 
44,53,1.01,12031.902946 
44,54,1.01,12031.983308 
44,55,1.01,12034.902791 
45,0,1.02,12040.037827 
45,1,1.03,12040.774981 
45,2,1.02,12040.626899 
45,3,1.02,12040.264758 
45,4,1.09,12037.316935 
45,5,1.02,12036.285859 
45,6,1.02,12048.462527 
45,7,1.02,12038.344969 
45,8,1.10,12024.859354 
45,9,1.02,12038.612061 
45,10,1.02,12050.395218 
45,11,1.03,12039.065824 
45,12,1.02,11985.635725 
45,13,1.02,12038.575054 
45,14,1.01,12044.785841 
45,15,1.02,12039.801249 
45,16,1.02,12043.850110 
45,17,1.02,12041.991965 
45,18,1.02,12034.388242 
45,19,1.01,12040.707378 
45,20,1.02,12043.859773 
45,21,1.02,12043.805018 
45,22,1.01,12034.819173 
45,23,1.02,12043.787304 
45,24,1.02,12035.851606 
45,25,1.02,12049.600467 
45,26,1.02,12030.903330 
45,27,1.02,12045.945640 
45,28,1.02,12043.148005 
45,29,1.02,12037.888043 
45,30,1.02,12047.154001 
45,31,1.02,12033.457341 
45,32,1.02,12041.396320 
45,33,1.02,12040.206817 
45,34,1.02,12037.410239 
45,35,1.02,12043.566682 
45,36,1.02,12039.458469 
45,37,1.03,12037.545372 
45,38,1.02,12039.099616 
45,39,1.02,12038.270958 
45,40,1.02,12032.727513 
45,41,1.02,12032.756447 
45,42,1.02,12035.523524 
45,43,1.09,12026.702581 
45,44,1.02,12044.698865 
45,46,1.01,12040.913408 
45,47,1.02,12036.506215 
45,48,1.02,12043.698732 
45,49,1.02,12042.706816 
45,50,1.02,12041.333539 
45,51,1.09,12026.436017 
45,52,1.02,12041.525103 
45,53,1.02,12041.827754 
45,54,1.01,12037.859084 
45,55,1.02,12032.200291 
46,0,1.02,12032.454252 
46,1,1.02,12042.170670 
46,2,1.02,12044.723025 
46,3,1.02,12044.837383 
46,4,1.08,12042.080511 
46,5,1.01,12036.493347 
46,6,1.01,12044.330036 
46,7,1.01,12042.589278 
46,8,1.08,12039.730438 
46,9,1.01,12043.209195 
46,10,1.02,12046.163127 
46,11,1.01,12041.058278 
46,12,1.02,12043.991829 
46,13,1.02,12043.724498 
46,14,1.01,12044.454050 
46,15,1.02,12044.634439 
46,16,1.02,12040.488478 
46,17,1.01,12040.708987 
46,18,1.01,12040.523888 
46,19,1.01,12042.328449 
46,20,1.01,12044.502368 
46,21,1.01,12040.037827 
46,22,1.01,12039.268580 
46,23,1.01,12038.404501 
46,24,1.01,12046.089019 
46,25,1.01,12045.761990 
46,26,1.02,12042.684274 
46,27,1.01,12044.584509 
46,28,1.01,12044.371911 
46,29,1.02,12044.388017 
46,30,1.01,12037.865520 
46,31,1.02,12042.529705 
46,32,1.02,12040.913408 
46,33,1.02,12038.401283 
46,34,1.02,12042.186769 
46,35,1.01,12048.136980 
46,36,1.02,12041.610423 
46,37,1.02,12048.020948 
46,38,1.02,12038.407719 
46,39,1.02,12045.760379 
46,40,1.02,12038.687686 
46,41,1.01,12034.881886 
46,42,1.01,12042.560297 
46,43,1.09,12029.211433 
46,44,1.02,12043.988608 
46,45,1.01,12040.807173 
46,47,1.02,12040.119908 
46,48,1.02,12035.711686 
46,49,1.01,12033.510394 
46,50,1.01,12041.666768 
46,51,1.08,12037.598460 
46,52,1.01,12046.846249 
46,53,1.01,12041.521884 
46,54,1.01,12045.019393 
46,55,1.02,12048.427071 
47,0,1.02,12021.396003 
47,1,1.02,12034.565113 
47,2,1.02,12027.847657 
47,3,1.02,12026.305951 
47,4,1.08,12023.356933 
47,5,1.02,12030.467858 
47,6,1.02,12029.627534 
47,7,1.02,12036.589855 
47,8,1.09,12027.502344 
47,9,1.01,12031.425617 
47,10,1.02,12037.649941 
47,11,1.01,12031.996166 
47,12,1.02,12032.717868 
47,13,1.01,12031.600794 
47,14,1.01,12026.949886 
47,15,1.02,12027.829989 
47,16,1.01,12026.686523 
47,17,1.01,12031.583115 
47,18,1.02,12027.499132 
47,19,1.01,12034.187258 
47,20,1.02,12033.978242 
47,21,1.01,12033.458949 
47,22,1.01,12027.958482 
47,23,1.02,12026.395873 
47,24,1.02,12025.501530 
47,25,1.01,12035.135960 
47,26,1.02,12026.980398 
47,27,1.02,12025.185250 
47,28,1.01,12018.035667 
47,29,1.02,12035.512267 
47,30,1.02,12028.753594 
47,31,1.02,12036.596289 
47,32,1.12,12010.156278 
47,33,1.02,12031.584722 
47,34,1.02,12032.476755 
47,35,1.02,12027.140992 
47,36,1.02,12033.524863 
47,37,1.02,12038.333706 
47,38,1.02,12034.389849 
47,39,1.02,12027.974544 
47,40,1.02,12032.950953 
47,41,1.02,12038.755266 
47,42,1.02,12031.530079 
47,43,1.09,12026.750756 
47,44,1.01,12029.094158 
47,45,1.02,12030.713711 
47,46,1.01,12030.678359 
47,48,1.02,12032.891475 
47,49,1.02,12028.053247 
47,50,1.01,12019.491849 
47,51,1.09,12023.538295 
47,52,1.01,12035.258177 
47,53,1.02,12033.251566 
47,54,1.01,12026.079546 
47,55,1.02,12028.493364 
48,0,1.02,12043.503878 
48,1,1.02,12045.542906 
48,2,1.02,12042.930627 
48,3,1.02,12042.690715 
48,4,1.08,12027.096026 
48,5,1.02,12043.708394 
48,6,1.02,12042.310739 
48,7,1.01,12039.405363 
48,8,1.08,12032.402816 
48,9,1.01,12045.668556 
48,10,1.02,12048.103138 
48,11,1.01,12043.566682 
48,12,1.02,12041.341588 
48,13,1.02,12042.479793 
48,14,1.01,12042.376750 
48,15,1.02,12038.167987 
48,16,1.01,12038.250041 
48,17,1.02,12045.694331 
48,18,1.02,12045.228793 
48,19,1.01,12044.474988 
48,20,1.02,12047.661585 
48,21,1.01,12036.194181 
48,22,1.01,12043.912917 
48,23,1.02,12040.350060 
48,24,1.01,12039.081915 
48,25,1.01,12050.561274 
48,26,1.02,12038.595971 
48,27,1.02,12041.827754 
48,28,1.02,12039.537322 
48,29,1.02,12044.235014 
48,30,1.01,12042.322009 
48,31,1.02,12036.911561 
48,32,1.09,12036.157188 
48,33,1.02,12034.176003 
48,34,1.02,12038.517130 
48,35,1.02,12043.381494 
48,36,1.02,12043.399208 
48,37,1.02,12043.445907 
48,38,1.02,12043.780862 
48,39,1.02,12044.436334 
48,40,1.02,12034.455774 
48,41,1.01,12046.192126 
48,42,1.02,12037.207546 
48,43,1.08,12029.693406 
48,44,1.01,12038.961230 
48,45,1.02,12042.624700 
48,46,1.01,12038.578272 
48,47,1.01,12039.896201 
48,49,1.02,12044.872818 
48,50,1.02,12039.786765 
48,51,1.09,12040.218084 
48,52,1.02,12043.668135 
48,53,1.02,12049.131403 
48,54,1.01,12053.862396 
48,55,1.02,12045.848981 
49,0,1.03,12017.692522 
49,1,1.02,12031.816156 
49,2,1.02,12021.716897 
49,3,1.02,12037.111027 
49,4,1.08,12026.627107 
49,5,1.02,12042.336500 
49,6,1.02,12030.879225 
49,7,1.02,12031.579901 
49,8,1.09,12025.583412 
49,9,1.02,12040.916628 
49,10,1.02,12033.246743 
49,11,1.02,12026.497036 
49,12,1.02,12042.919356 
49,13,1.02,12042.513605 
49,14,1.01,12044.292994 
49,15,1.02,12043.181820 
49,16,1.02,12038.657114 
49,17,1.02,12034.537778 
49,18,1.02,12039.590429 
49,19,1.01,12046.251735 
49,20,1.02,12034.087572 
49,21,1.02,12029.105404 
49,22,1.01,12036.400057 
49,23,1.02,12042.875881 
49,24,1.02,12047.118552 
49,25,1.01,12032.446215 
49,26,1.02,12032.134392 
49,27,1.02,12046.370955 
49,28,1.02,12039.577554 
49,29,1.02,12034.761285 
49,30,1.01,12032.901120 
49,31,1.02,12031.714903 
49,32,1.08,12025.121033 
49,33,1.02,12039.778718 
49,34,1.02,12026.418353 
49,35,1.01,12042.199649 
49,36,1.02,12028.890138 
49,37,1.02,12035.314462 
49,38,1.02,12034.708222 
49,39,1.02,12039.073870 
49,40,1.02,12044.276888 
49,41,1.02,12039.873670 
49,42,1.02,12035.740635 
49,43,1.08,12032.362632 
49,44,1.01,12033.610070 
49,45,1.02,12039.347431 
49,46,1.01,12026.374998 
49,47,1.02,12037.826908 
49,48,1.01,12035.764759 
49,50,1.01,12031.663473 
49,51,1.09,12028.082159 
49,52,1.02,12035.293556 
49,53,1.01,12031.171699 
49,54,1.01,12039.432721 
49,55,1.01,12033.166364 
50,0,1.02,12047.271628 
50,1,1.02,12052.973641 
50,2,1.02,12050.090524 
50,3,1.02,12043.784083 
50,4,1.08,12032.987926 
50,5,1.02,12038.980540 
50,6,1.02,12048.963774 
50,7,1.01,12049.524705 
50,8,1.08,12044.695643 
50,9,1.01,12047.257126 
50,10,1.02,12047.466603 
50,11,1.01,12051.235221 
50,12,1.01,12045.952084 
50,13,1.02,12045.977859 
50,14,1.01,12047.469826 
50,15,1.02,12046.314567 
50,16,1.01,12048.430294 
50,17,1.01,12052.538182 
50,18,1.01,12045.615396 
50,19,1.01,12054.678683 
50,20,1.01,12054.949727 
50,21,1.01,12053.694636 
50,22,1.01,12044.133552 
50,23,1.01,12050.936934 
50,24,1.01,12041.760139 
50,25,1.02,12047.964545 
50,26,1.01,12042.447592 
50,27,1.01,12053.718832 
50,28,1.01,12048.485090 
50,29,1.01,12045.391486 
50,30,1.01,12044.379964 
50,31,1.02,12054.325375 
50,32,1.08,12038.882384 
50,33,1.02,12047.771164 
50,34,1.02,12050.406503 
50,35,1.01,12045.446254 
50,36,1.02,12053.015575 
50,37,1.02,12046.791467 
50,38,1.01,12052.797841 
50,39,1.02,12056.573022 
50,40,1.01,12047.039599 
50,41,1.01,12053.699475 
50,42,1.02,12046.267846 
50,43,1.08,12044.044975 
50,44,1.02,12045.336717 
50,45,1.01,12056.790893 
50,46,1.01,12048.876738 
50,47,1.01,12046.037467 
50,48,1.01,12054.988449 
50,49,1.01,12050.635437 
50,51,1.08,12043.408869 
50,52,1.01,12054.365706 
50,53,1.01,12055.833933 
50,54,1.01,12050.575784 
50,55,1.02,12053.055898 
51,0,1.09,12037.672464 
51,1,1.03,12040.424097 
51,2,1.02,12034.521698 
51,3,1.02,12037.530893 
51,4,1.08,12035.513875 
51,5,1.02,12045.860258 
51,6,1.01,12039.357087 
51,7,1.01,12039.754578 
51,8,1.08,12038.486559 
51,9,1.02,12044.502368 
51,10,1.01,12042.112711 
51,11,1.01,12044.239846 
51,12,1.02,12041.019646 
51,13,1.02,12042.606989 
51,14,1.01,12030.578732 
51,15,1.02,12036.975904 
51,16,1.02,12046.437011 
51,17,1.01,12039.984717 
51,18,1.02,12041.502566 
51,19,1.01,12039.278235 
51,20,1.02,12039.791593 
51,21,1.01,12042.497504 
51,22,1.01,12046.097074 
51,23,1.01,12037.178590 
51,24,1.01,12031.857944 
51,25,1.01,12046.159905 
51,26,1.02,12046.187293 
51,27,1.01,12042.038653 
51,28,1.02,12029.873353 
51,29,1.02,12039.847920 
51,30,1.01,12043.489385 
51,31,1.02,12043.611772 
51,32,1.08,12030.665504 
51,33,1.02,12041.684476 
51,34,1.02,12048.203055 
51,35,1.02,12037.805993 
51,36,1.02,12031.293835 
51,37,1.02,12034.245140 
51,38,1.02,12036.330895 
51,39,1.02,12041.987135 
51,40,1.01,12040.361327 
51,41,1.01,12041.098520 
51,42,1.02,12045.431757 
51,43,1.09,12033.283718 
51,44,1.01,12035.192244 
51,45,1.02,12044.223741 
51,46,1.01,12046.701240 
51,47,1.01,12046.184070 
51,48,1.01,12039.178465 
51,49,1.01,12045.003286 
51,50,1.01,12034.415576 
51,52,1.01,12044.067522 
51,53,1.01,12040.370984 
51,54,1.01,12049.149133 
51,55,1.01,12047.738935 
52,0,1.02,12027.426860 
52,1,1.02,12034.005574 
52,2,1.02,12023.934743 
52,3,1.03,12022.353922 
52,4,1.09,12018.877580 
52,5,1.02,12034.278906 
52,6,1.02,12029.802659 
52,7,1.02,12030.787629 
52,8,1.10,12021.941533 
52,9,1.02,12027.325681 
52,10,1.02,12030.519277 
52,11,1.01,12031.931876 
52,12,1.02,12026.320402 
52,13,1.02,12027.923146 
52,14,1.01,12028.629903 
52,15,1.02,12032.316019 
52,16,1.02,12024.183539 
52,17,1.02,12032.414068 
52,18,1.01,12025.692590 
52,19,1.01,12036.039779 
52,20,1.02,12030.786023 
52,21,1.02,12027.910297 
52,22,1.02,12032.219579 
52,23,1.02,12034.208160 
52,24,1.02,12030.847086 
52,25,1.02,12038.288656 
52,26,1.02,12035.092542 
52,27,1.02,12026.553239 
52,28,1.01,12030.565877 
52,29,1.02,12040.800735 
52,30,1.01,12030.922614 
52,31,1.02,12024.084020 
52,32,1.09,12028.599382 
52,33,1.02,12018.285823 
52,34,1.02,12035.788883 
52,35,1.02,12021.259628 
52,36,1.02,12031.425617 
52,37,1.02,12032.057242 
52,38,1.02,12028.912628 
52,39,1.02,12030.496781 
52,40,1.02,12030.831017 
52,41,1.02,12029.723932 
52,42,1.02,12020.080517 
52,43,1.09,12020.770309 
52,44,1.02,12030.213981 
52,45,1.02,12032.015453 
52,46,1.01,12035.579811 
52,47,1.02,12027.577830 
52,48,1.02,12031.793655 
52,49,1.02,12030.098294 
52,50,1.01,12026.077940 
52,51,1.01,12021.399212 
52,53,1.02,12031.832228 
52,54,1.01,12033.783703 
52,55,1.02,12041.296515 
53,0,1.02,12036.850436 
53,1,1.02,12032.507296 
53,2,1.02,12034.357692 
53,3,1.02,12039.170419 
53,4,1.08,12038.019969 
53,5,1.02,12036.477262 
53,6,1.02,12035.081285 
53,7,1.02,12042.067632 
53,8,1.08,12034.095611 
53,9,1.01,12042.547416 
53,10,1.02,12039.233177 
53,11,1.01,12038.911348 
53,12,1.02,12032.913980 
53,13,1.02,12036.168447 
53,14,1.01,12032.245296 
53,15,1.02,12039.947701 
53,16,1.01,12035.472062 
53,17,1.01,12036.713710 
53,18,1.01,12036.252083 
53,19,1.01,12043.879098 
53,20,1.02,12043.576344 
53,21,1.01,12050.849869 
53,22,1.01,12042.505554 
53,23,1.02,12031.885266 
53,24,1.02,12047.661585 
53,25,1.02,12037.276718 
53,26,1.02,12035.542822 
53,27,1.02,12039.146282 
53,28,1.01,12028.501395 
53,29,1.02,12037.344282 
53,30,1.01,12039.749750 
53,31,1.02,12035.886988 
53,32,1.08,12020.467111 
53,33,1.02,12038.761703 
53,34,1.02,12038.227516 
53,35,1.02,12034.843294 
53,36,1.02,12041.993575 
53,37,1.02,12036.943733 
53,38,1.02,12033.346414 
53,39,1.02,12046.079353 
53,40,1.02,12045.874757 
53,41,1.02,12041.843853 
53,42,1.02,12039.901029 
53,43,1.08,12025.174012 
53,44,1.01,12032.126355 
53,45,1.02,12038.779402 
53,46,1.01,12047.498831 
53,47,1.02,12051.627047 
53,48,1.01,12034.542602 
53,49,1.02,12035.864472 
53,50,1.01,12041.069546 
53,51,1.01,12037.683725 
53,52,1.02,12042.735798 
53,54,1.01,12042.043483 
53,55,1.01,12036.412925 
54,0,1.02,12020.872982 
54,1,1.02,12026.334854 
54,2,1.02,12018.229698 
54,3,1.02,12032.840036 
54,4,1.09,12014.486499 
54,5,1.02,12031.766333 
54,6,1.02,12019.275324 
54,7,1.01,12032.672860 
54,8,1.09,12015.895335 
54,9,1.02,12023.960425 
54,10,1.02,12028.618658 
54,11,1.01,12032.081351 
54,12,1.02,12020.473528 
54,13,1.01,12029.261235 
54,14,1.01,12023.894615 
54,15,1.02,12029.810692 
54,16,1.01,12028.506214 
54,17,1.01,12032.761270 
54,18,1.01,12025.718279 
54,19,1.01,12024.840090 
54,20,1.02,12026.151802 
54,21,1.01,12020.690096 
54,22,1.01,12022.763130 
54,23,1.02,12027.966513 
54,24,1.02,12031.305085 
54,25,1.02,12031.125095 
54,26,1.02,12028.996164 
54,27,1.02,12015.452935 
54,28,1.01,12023.377797 
54,29,1.02,12012.107134 
54,30,1.01,12027.494314 
54,31,1.02,12020.760683 
54,32,1.09,12013.255841 
54,33,1.02,12029.031506 
54,34,1.02,12020.351612 
54,35,1.02,12028.851584 
54,36,1.02,12032.666430 
54,37,1.02,12025.429281 
54,38,1.02,12025.888473 
54,39,1.02,12030.819768 
54,40,1.02,12021.214705 
54,41,1.02,12027.547314 
54,42,1.02,12025.878839 
54,43,1.08,12017.062403 
54,44,1.01,12028.975280 
54,45,1.02,12024.443583 
54,46,1.01,12033.053835 
54,47,1.02,12018.989844 
54,48,1.01,12026.954704 
54,49,1.02,12020.314716 
54,50,1.01,12023.981291 
54,51,1.01,12022.769550 
54,52,1.02,12025.718279 
54,53,1.02,12026.203184 
54,55,1.01,12026.819809 
55,0,1.09,12036.182922 
55,1,1.02,12038.896866 
55,2,1.02,12032.822353 
55,3,1.02,12038.307963 
55,4,1.08,12036.277817 
55,5,1.02,12032.745195 
55,6,1.02,12036.541601 
55,7,1.01,12037.445631 
55,8,1.09,12039.608131 
55,9,1.02,12039.640317 
55,10,1.02,12047.514945 
55,11,1.02,12037.643506 
55,12,1.02,12038.119720 
55,13,1.02,12040.107032 
55,14,1.01,12041.375393 
55,15,1.02,12039.250879 
55,16,1.01,12045.393096 
55,17,1.01,12044.156099 
55,18,1.01,12043.278436 
55,19,1.01,12049.516645 
55,20,1.02,12043.011136 
55,21,1.02,12044.560350 
55,22,1.01,12041.855122 
55,23,1.02,12042.109491 
55,24,1.02,12044.270446 
55,25,1.02,12042.185159 
55,26,1.02,12044.549076 
55,27,1.02,12045.755546 
55,28,1.01,12048.950880 
55,29,1.02,12043.117411 
55,30,1.01,12041.864782 
55,31,1.02,12040.055531 
55,32,1.09,12036.149147 
55,33,1.02,12041.681256 
55,34,1.02,12040.061968 
55,35,1.02,12043.215636 
55,36,1.02,12038.903302 
55,37,1.02,12037.870346 
55,38,1.02,12038.623325 
55,39,1.02,12039.788374 
55,40,1.02,12041.195102 
55,41,1.02,12042.948339 
55,42,1.02,12041.381832 
55,43,1.09,12033.876952 
55,44,1.02,12037.807602 
55,45,1.02,12038.978931 
55,46,1.02,12043.416921 
55,47,1.02,12044.035312 
55,48,1.02,12044.117447 
55,49,1.02,12040.773371 
55,50,1.02,12045.475250 
55,51,1.02,12042.004844 
55,52,1.03,12043.853331 
55,53,1.03,12049.631094 
55,54,1.02,12041.905029 
