#------------------------------------------------------------
#    Intel(R) MPI Benchmarks 2019 Update 6, MPI-1 part    
#------------------------------------------------------------
# Date                  : Thu Oct  1 16:20:29 2020
# Machine               : x86_64
# System                : Linux
# Release               : 3.10.0-1127.19.1.el7.x86_64
# Version               : #1 SMP Tue Aug 25 17:23:54 UTC 2020
# MPI Version           : 3.1
# MPI Thread Environment: 


# Calling sequence was: 

# /home/hpcbras1/spack/opt/spack/linux-scientific7-skylake_avx512/gcc-9.1.0/intel-mpi-benchmarks-2019.6-5tbknirppyjnbofzuo2idr3bqgxprrmf/bin/IMB-MPI1 uniband -npmin 1 

# Minimum message length in bytes:   0
# Maximum message length in bytes:   4194304
#
# MPI_Datatype                   :   MPI_BYTE 
# MPI_Datatype for reductions    :   MPI_FLOAT 
# MPI_Op                         :   MPI_SUM  
# 
# 

# List of Benchmarks to run:

# Uniband

#---------------------------------------------------
# Benchmarking Uniband 
# #processes = 2 
#---------------------------------------------------
       #bytes #repetitions   Mbytes/sec      Msg/sec
            0         1000         0.00      6798208
            1         1000         6.82      6823526
            2         1000        13.45      6722545
            4         1000        27.03      6758201
            8         1000        54.24      6780382
           16         1000       107.88      6742648
           32         1000       216.27      6758547
           64         1000       400.98      6265361
          128         1000       784.37      6127873
          256         1000      1485.42      5802424
          512         1000      2808.44      5485232
         1024         1000      4685.81      4575990
         2048         1000      6489.53      3168718
         4096         1000      8866.32      2164630
         8192         1000     10365.78      1265354
        16384         1000     11006.80       671802
        32768         1000      8773.08       267733
        65536          640     10756.11       164125
       131072          320     11953.56        91198
       262144          160     12066.30        46029
       524288           80     12272.55        23408
      1048576           40     12264.09        11696
      2097152           20     12310.23         5870
      4194304           10     12326.18         2939


# All processes entering MPI_Finalize

