#------------------------------------------------------------
#    Intel(R) MPI Benchmarks 2019 Update 5, MPI-1 part    
#------------------------------------------------------------
# Date                  : Fri Sep 11 15:05:32 2020
# Machine               : x86_64
# System                : Linux
# Release               : 3.10.0-1127.8.2.el7.x86_64
# Version               : #1 SMP Tue May 12 16:57:42 UTC 2020
# MPI Version           : 3.1
# MPI Thread Environment: 


# Calling sequence was: 

# IMB-MPI1 uniband -npmin 64 

# Minimum message length in bytes:   0
# Maximum message length in bytes:   4194304
#
# MPI_Datatype                   :   MPI_BYTE 
# MPI_Datatype for reductions    :   MPI_FLOAT 
# MPI_Op                         :   MPI_SUM  
# 
# 

# List of Benchmarks to run:

# Uniband

#---------------------------------------------------
# Benchmarking Uniband 
# #processes = 64 
#---------------------------------------------------
       #bytes #repetitions   Mbytes/sec      Msg/sec
            0         1000         0.00     21180373
            1         1000        20.51     20505472
            2         1000        41.23     20614597
            4         1000        82.43     20607250
            8         1000       160.73     20090857
           16         1000       305.59     19099458
           32         1000       557.21     17412832
           64         1000       945.06     14766542
          128         1000      1450.85     11334798
          256         1000      1983.21      7746911
          512         1000      2426.62      4739492
         1024         1000      2731.90      2667867
         2048         1000      2915.26      1423469
         4096         1000      2959.30       722486
         8192         1000      3010.59       367504
        16384          902      3025.42       184657
        32768          453      3038.65        92732
        65536          227      3045.30        46468
       131072          114      3048.64        23259
       262144           57      3059.77        11672
       524288           29      3061.48         5839
      1048576           15      3061.74         2920
      2097152            8      3061.35         1460
      4194304            4      3060.62          730


# All processes entering MPI_Finalize

