2020-08-19T17:20:01+01:00|reframe 3.0-dev6 (rev: 3f0c45d4)|Gromacs_61k_1 on alaska:roce-gcc9-openmpi4-ucx using gromacs|jobid=5033|ns_per_day=30.719|ns/day|ref=0 (l=None, u=None)|61k-atoms,num_nodes=1,num_procs=32
2020-08-19T17:20:01+01:00|reframe 3.0-dev6 (rev: 3f0c45d4)|Gromacs_61k_1 on alaska:roce-gcc9-openmpi4-ucx using gromacs|jobid=5033|hour_per_ns=0.781|hour/ns|ref=0 (l=None, u=None)|61k-atoms,num_nodes=1,num_procs=32
2020-08-19T17:20:01+01:00|reframe 3.0-dev6 (rev: 3f0c45d4)|Gromacs_61k_1 on alaska:roce-gcc9-openmpi4-ucx using gromacs|jobid=5033|core_t=18001.061|s|ref=0 (l=None, u=None)|61k-atoms,num_nodes=1,num_procs=32
2020-08-19T17:20:01+01:00|reframe 3.0-dev6 (rev: 3f0c45d4)|Gromacs_61k_1 on alaska:roce-gcc9-openmpi4-ucx using gromacs|jobid=5033|wall_t=281.267|s|ref=0 (l=None, u=None)|61k-atoms,num_nodes=1,num_procs=32
2020-08-19T17:20:01+01:00|reframe 3.0-dev6 (rev: 3f0c45d4)|Gromacs_61k_1 on alaska:roce-gcc9-openmpi4-ucx using gromacs|jobid=5033|runtime_real=289.634|s|ref=0 (l=None, u=None)|61k-atoms,num_nodes=1,num_procs=32
2020-09-08T16:54:23+01:00|reframe 3.0-dev6 (rev: 3f0c45d4)|Gromacs_61k_1 on alaska:roce-gcc9-openmpi4-ucx using gromacs|jobid=5222|ns_per_day=30.945|ns/day|ref=0 (l=None, u=None)|61k-atoms,num_nodes=1,num_procs=32
2020-09-08T16:54:23+01:00|reframe 3.0-dev6 (rev: 3f0c45d4)|Gromacs_61k_1 on alaska:roce-gcc9-openmpi4-ucx using gromacs|jobid=5222|hour_per_ns=0.776|hour/ns|ref=0 (l=None, u=None)|61k-atoms,num_nodes=1,num_procs=32
2020-09-08T16:54:23+01:00|reframe 3.0-dev6 (rev: 3f0c45d4)|Gromacs_61k_1 on alaska:roce-gcc9-openmpi4-ucx using gromacs|jobid=5222|core_t=17869.683|s|ref=0 (l=None, u=None)|61k-atoms,num_nodes=1,num_procs=32
2020-09-08T16:54:23+01:00|reframe 3.0-dev6 (rev: 3f0c45d4)|Gromacs_61k_1 on alaska:roce-gcc9-openmpi4-ucx using gromacs|jobid=5222|wall_t=279.214|s|ref=0 (l=None, u=None)|61k-atoms,num_nodes=1,num_procs=32
2020-09-08T16:54:23+01:00|reframe 3.0-dev6 (rev: 3f0c45d4)|Gromacs_61k_1 on alaska:roce-gcc9-openmpi4-ucx using gromacs|jobid=5222|runtime_real=288.689|s|ref=0 (l=None, u=None)|61k-atoms,num_nodes=1,num_procs=32
2020-09-09T13:39:38+01:00|reframe 3.0-dev6 (rev: 3f0c45d4)|Gromacs_61k_1 on alaska:roce-gcc9-openmpi4-ucx using gromacs|jobid=5252|ns_per_day=25.769|ns/day|ref=0 (l=None, u=None)|num_procs=32,num_nodes=1,61k-atoms
2020-09-09T13:39:38+01:00|reframe 3.0-dev6 (rev: 3f0c45d4)|Gromacs_61k_1 on alaska:roce-gcc9-openmpi4-ucx using gromacs|jobid=5252|hour_per_ns=0.931|hour/ns|ref=0 (l=None, u=None)|num_procs=32,num_nodes=1,61k-atoms
2020-09-09T13:39:38+01:00|reframe 3.0-dev6 (rev: 3f0c45d4)|Gromacs_61k_1 on alaska:roce-gcc9-openmpi4-ucx using gromacs|jobid=5252|core_t=21458.462|s|ref=0 (l=None, u=None)|num_procs=32,num_nodes=1,61k-atoms
2020-09-09T13:39:38+01:00|reframe 3.0-dev6 (rev: 3f0c45d4)|Gromacs_61k_1 on alaska:roce-gcc9-openmpi4-ucx using gromacs|jobid=5252|wall_t=335.288|s|ref=0 (l=None, u=None)|num_procs=32,num_nodes=1,61k-atoms
2020-09-09T13:39:38+01:00|reframe 3.0-dev6 (rev: 3f0c45d4)|Gromacs_61k_1 on alaska:roce-gcc9-openmpi4-ucx using gromacs|jobid=5252|runtime_real=345.071|s|ref=0 (l=None, u=None)|num_procs=32,num_nodes=1,61k-atoms
2020-09-10T09:54:10+01:00|reframe 3.0-dev6 (rev: 3f0c45d4)|Gromacs_61k_1 on alaska:roce-gcc9-openmpi4-ucx using gromacs|jobid=5305|ns_per_day=24.044|ns/day|ref=0 (l=None, u=None)|num_nodes=1,num_procs=32,61k-atoms
2020-09-10T09:54:10+01:00|reframe 3.0-dev6 (rev: 3f0c45d4)|Gromacs_61k_1 on alaska:roce-gcc9-openmpi4-ucx using gromacs|jobid=5305|hour_per_ns=0.998|hour/ns|ref=0 (l=None, u=None)|num_nodes=1,num_procs=32,61k-atoms
2020-09-10T09:54:10+01:00|reframe 3.0-dev6 (rev: 3f0c45d4)|Gromacs_61k_1 on alaska:roce-gcc9-openmpi4-ucx using gromacs|jobid=5305|core_t=22997.953|s|ref=0 (l=None, u=None)|num_nodes=1,num_procs=32,61k-atoms
2020-09-10T09:54:10+01:00|reframe 3.0-dev6 (rev: 3f0c45d4)|Gromacs_61k_1 on alaska:roce-gcc9-openmpi4-ucx using gromacs|jobid=5305|wall_t=359.343|s|ref=0 (l=None, u=None)|num_nodes=1,num_procs=32,61k-atoms
2020-09-10T09:54:10+01:00|reframe 3.0-dev6 (rev: 3f0c45d4)|Gromacs_61k_1 on alaska:roce-gcc9-openmpi4-ucx using gromacs|jobid=5305|runtime_real=368.629|s|ref=0 (l=None, u=None)|num_nodes=1,num_procs=32,61k-atoms
2020-09-10T14:43:21+01:00|reframe 3.0-dev6 (rev: 3f0c45d4)|Gromacs_61k_1 on alaska:roce-gcc9-openmpi4-ucx using gromacs|jobid=6399|ns_per_day=26.783|ns/day|ref=0 (l=None, u=None)|61k-atoms,num_nodes=1,num_procs=32
2020-09-10T14:43:21+01:00|reframe 3.0-dev6 (rev: 3f0c45d4)|Gromacs_61k_1 on alaska:roce-gcc9-openmpi4-ucx using gromacs|jobid=6399|hour_per_ns=0.896|hour/ns|ref=0 (l=None, u=None)|61k-atoms,num_nodes=1,num_procs=32
2020-09-10T14:43:21+01:00|reframe 3.0-dev6 (rev: 3f0c45d4)|Gromacs_61k_1 on alaska:roce-gcc9-openmpi4-ucx using gromacs|jobid=6399|core_t=20646.542|s|ref=0 (l=None, u=None)|61k-atoms,num_nodes=1,num_procs=32
2020-09-10T14:43:21+01:00|reframe 3.0-dev6 (rev: 3f0c45d4)|Gromacs_61k_1 on alaska:roce-gcc9-openmpi4-ucx using gromacs|jobid=6399|wall_t=322.602|s|ref=0 (l=None, u=None)|61k-atoms,num_nodes=1,num_procs=32
2020-09-10T14:43:21+01:00|reframe 3.0-dev6 (rev: 3f0c45d4)|Gromacs_61k_1 on alaska:roce-gcc9-openmpi4-ucx using gromacs|jobid=6399|runtime_real=332.361|s|ref=0 (l=None, u=None)|61k-atoms,num_nodes=1,num_procs=32
