#------------------------------------------------------------
#    Intel(R) MPI Benchmarks 2019 Update 6, MPI-1 part    
#------------------------------------------------------------
# Date                  : Thu Oct  1 16:22:25 2020
# Machine               : x86_64
# System                : Linux
# Release               : 3.10.0-1127.19.1.el7.x86_64
# Version               : #1 SMP Tue Aug 25 17:23:54 UTC 2020
# MPI Version           : 3.1
# MPI Thread Environment: 


# Calling sequence was: 

# /home/hpcbras1/spack/opt/spack/linux-scientific7-skylake_avx512/gcc-9.1.0/intel-mpi-benchmarks-2019.6-5tbknirppyjnbofzuo2idr3bqgxprrmf/bin/IMB-MPI1 biband -npmin 1 

# Minimum message length in bytes:   0
# Maximum message length in bytes:   4194304
#
# MPI_Datatype                   :   MPI_BYTE 
# MPI_Datatype for reductions    :   MPI_FLOAT 
# MPI_Op                         :   MPI_SUM  
# 
# 

# List of Benchmarks to run:

# Biband

#---------------------------------------------------
# Benchmarking Biband 
# #processes = 2 
# ( 54 additional processes waiting in MPI_Barrier)
#---------------------------------------------------
       #bytes #repetitions   Mbytes/sec      Msg/sec
            0         1000         0.00     12216253
            1         1000        11.85     11852621
            2         1000        24.75     12376487
            4         1000        48.11     12027709
            8         1000        97.71     12214359
           16         1000       199.63     12476569
           32         1000       376.88     11777449
           64         1000       785.50     12273486
          128         1000       862.38      6737332
          256         1000      1416.34      5532582
          512         1000      2675.61      5225806
         1024         1000      4214.14      4115372
         2048         1000      6805.50      3322996
         4096         1000      9709.43      2370467
         8192         1000     12465.51      1521669
        16384         1000     11100.27       677507
        32768         1000     19523.25       595802
        65536          640     22361.68       341212
       131072          320     23683.08       180688
       262144          160     23828.78        90900
       524288           80     24533.02        46793
      1048576           40     24609.25        23469
      2097152           20     23810.20        11354
      4194304           10     24361.67         5808

#---------------------------------------------------
# Benchmarking Biband 
# #processes = 4 
# ( 52 additional processes waiting in MPI_Barrier)
#---------------------------------------------------
       #bytes #repetitions   Mbytes/sec      Msg/sec
            0         1000         0.00     19789849
            1         1000        20.00     20000767
            2         1000        40.89     20443343
            4         1000        81.01     20253536
            8         1000       165.57     20696007
           16         1000       330.91     20682027
           32         1000       485.78     15180730
           64         1000      1266.16     19783721
          128         1000       627.04      4898732
          256         1000       990.23      3868071
          512         1000      1907.60      3725780
         1024         1000      3039.84      2968597
         2048         1000     13948.01      6810554
         4096         1000     19429.30      4743482
         8192         1000     22422.62      2737136
        16384         1000     20009.64      1221291
        32768         1000     23125.73       705741
        65536          640     24017.12       366472
       131072          320     24214.98       184746
       262144          160     24561.32        93694
       524288           80     24692.84        47098
      1048576           40     24847.92        23697
      2097152           20     24778.23        11815
      4194304           10     24810.10         5915

#---------------------------------------------------
# Benchmarking Biband 
# #processes = 8 
# ( 48 additional processes waiting in MPI_Barrier)
#---------------------------------------------------
       #bytes #repetitions   Mbytes/sec      Msg/sec
            0         1000         0.00     38631555
            1         1000        39.14     39143043
            2         1000        76.83     38413424
            4         1000       157.97     39493413
            8         1000       316.68     39584524
           16         1000       608.03     38001617
           32         1000      1192.91     37278463
           64         1000      2543.41     39740738
          128         1000      1445.79     11295263
          256         1000      2187.59      8545287
          512         1000      4012.02      7835969
         1024         1000      5919.30      5780568
         2048         1000      9496.84      4637129
         4096         1000     12944.65      3160314
         8192         1000     16619.90      2028796
        16384         1000     21445.71      1308942
        32768         1000     23144.84       706324
        65536          640     24193.64       369166
       131072          320     24197.15       184610
       262144          160     24556.20        93674
       524288           80     24670.26        47055
      1048576           40     24748.00        23602
      2097152           20     24833.40        11841
      4194304           10     24771.66         5906

#---------------------------------------------------
# Benchmarking Biband 
# #processes = 16 
# ( 40 additional processes waiting in MPI_Barrier)
#---------------------------------------------------
       #bytes #repetitions   Mbytes/sec      Msg/sec
            0         1000         0.00     74131818
            1         1000        70.90     70895795
            2         1000       136.48     68237520
            4         1000       293.25     73311562
            8         1000       574.41     71801805
           16         1000      1182.75     73921664
           32         1000      2269.73     70929139
           64         1000      4755.72     74308077
          128         1000      2766.19     21610855
          256         1000      4255.84     16624375
          512         1000      7784.01     15203145
         1024         1000     12070.26     11787361
         2048         1000     18472.01      9019538
         4096         1000     24836.48      6063593
         8192         1000     31252.59      3815013
        16384         1000     21384.96      1305234
        32768         1000     23107.99       705200
        65536          640     24149.44       368491
       131072          320     24195.76       184599
       262144          160     24541.35        93618
       524288           80     24671.96        47058
      1048576           40     24771.39        23624
      2097152           20     24866.39        11857
      4194304           10     24758.64         5903

#---------------------------------------------------
# Benchmarking Biband 
# #processes = 32 
# ( 24 additional processes waiting in MPI_Barrier)
#---------------------------------------------------
       #bytes #repetitions   Mbytes/sec      Msg/sec
            0         1000         0.00    106900573
            1         1000       119.03    119029152
            2         1000       239.09    119547129
            4         1000       466.26    116565587
            8         1000       920.50    115062681
           16         1000      1772.68    110792210
           32         1000      2265.22     70788037
           64         1000      4526.10     70720323
          128         1000      4862.06     37984859
          256         1000      8045.92     31429390
          512         1000     14523.56     28366335
         1024         1000     21503.18     20999195
         2048         1000     33983.38     16593449
         4096         1000     44182.81     10786820
         8192         1000     45135.82      5509743
        16384         1000     17839.74      1088852
        32768         1000     18682.70       570151
        65536          640     19691.79       300473
       131072          320     19405.92       148055
       262144          160     19450.68        74198
       524288           80     19525.31        37242
      1048576           40     19576.51        18670
      2097152           20     19633.72         9362
      4194304           10     19566.07         4665

#---------------------------------------------------
# Benchmarking Biband 
# #processes = 56 
#---------------------------------------------------
       #bytes #repetitions   Mbytes/sec      Msg/sec
            0         1000         0.00    113893504
            1         1000       114.67    114669705
            2         1000       229.09    114546362
            4         1000       443.34    110833944
            8         1000       857.51    107189002
           16         1000      1587.99     99249541
           32         1000      2761.47     86295931
           64         1000      4533.82     70840959
          128         1000      6537.48     51074043
          256         1000      8196.66     32018209
          512         1000      9876.57     19290184
         1024         1000     10137.06      9899472
         2048         1000     10681.71      5215681
         4096         1000     11007.40      2687353
         8192         1000     11262.64      1374834
        16384         1000     11316.92       690730
        32768          958     11273.26       344033
        65536          486     11425.01       174332
       131072          244     11471.19        87518
       262144          123     11501.65        43875
       524288           62     11512.25        21958
      1048576           31     11511.40        10978
      2097152           16     11523.31         5495
      4194304            8     11569.60         2758


# All processes entering MPI_Finalize

