#------------------------------------------------------------
#    Intel(R) MPI Benchmarks 2019 Update 5, MPI-1 part    
#------------------------------------------------------------
# Date                  : Fri Sep 11 15:05:26 2020
# Machine               : x86_64
# System                : Linux
# Release               : 3.10.0-1127.8.2.el7.x86_64
# Version               : #1 SMP Tue May 12 16:57:42 UTC 2020
# MPI Version           : 3.1
# MPI Thread Environment: 


# Calling sequence was: 

# /alaska/steveb/spack/opt/spack/linux-centos7-broadwell/gcc-9.3.0/intel-mpi-benchmarks-2019.5-dwg5q6jdcxgwtiwi2lj32w4ttotvwqnt/bin/IMB-MPI1 uniband -npmin 32 

# Minimum message length in bytes:   0
# Maximum message length in bytes:   4194304
#
# MPI_Datatype                   :   MPI_BYTE 
# MPI_Datatype for reductions    :   MPI_FLOAT 
# MPI_Op                         :   MPI_SUM  
# 
# 

# List of Benchmarks to run:

# Uniband

#---------------------------------------------------
# Benchmarking Uniband 
# #processes = 32 
#---------------------------------------------------
       #bytes #repetitions   Mbytes/sec      Msg/sec
            0         1000         0.00     32769676
            1         1000        32.57     32568950
            2         1000        65.53     32764730
            4         1000       125.72     31430287
            8         1000       241.83     30228277
           16         1000       449.00     28062312
           32         1000       785.15     24535916
           64         1000      1255.09     19610789
          128         1000      1789.47     13980245
          256         1000      2276.25      8891592
          512         1000      2633.92      5144369
         1024         1000      2858.83      2791826
         2048         1000      2986.02      1458018
         4096         1000      2995.35       731287
         8192         1000      3029.15       369769
        16384         1000      3040.55       185580
        32768          905      3033.94        92589
        65536          455      3052.71        46581
       131072          228      3058.23        23332
       262144          115      3060.97        11677
       524288           58      3062.34         5841
      1048576           29      3063.03         2921
      2097152           15      3063.37         1461
      4194304            8      3063.55          730


# All processes entering MPI_Finalize

