#------------------------------------------------------------
#    Intel(R) MPI Benchmarks 2019 Update 6, MPI-1 part    
#------------------------------------------------------------
# Date                  : Thu Oct  1 16:20:50 2020
# Machine               : x86_64
# System                : Linux
# Release               : 3.10.0-1127.19.1.el7.x86_64
# Version               : #1 SMP Tue Aug 25 17:23:54 UTC 2020
# MPI Version           : 3.1
# MPI Thread Environment: 


# Calling sequence was: 

# /home/hpcbras1/spack/opt/spack/linux-scientific7-skylake_avx512/gcc-9.1.0/intel-mpi-benchmarks-2019.6-5tbknirppyjnbofzuo2idr3bqgxprrmf/bin/IMB-MPI1 uniband -npmin 1 

# Minimum message length in bytes:   0
# Maximum message length in bytes:   4194304
#
# MPI_Datatype                   :   MPI_BYTE 
# MPI_Datatype for reductions    :   MPI_FLOAT 
# MPI_Op                         :   MPI_SUM  
# 
# 

# List of Benchmarks to run:

# Uniband

#---------------------------------------------------
# Benchmarking Uniband 
# #processes = 2 
# ( 2 additional processes waiting in MPI_Barrier)
#---------------------------------------------------
       #bytes #repetitions   Mbytes/sec      Msg/sec
            0         1000         0.00      9184957
            1         1000        11.00     10997357
            2         1000        20.06     10029917
            4         1000        40.00      9999550
            8         1000        58.02      7251937
           16         1000       169.70     10606373
           32         1000       272.68      8521395
           64         1000       684.78     10699621
          128         1000       411.91      3218055
          256         1000       520.65      2033805
          512         1000       967.46      1889562
         1024         1000      1612.28      1574494
         2048         1000      1895.30       925438
         4096         1000      2467.16       602334
         8192         1000      2971.60       362744
        16384         1000      7013.77       428086
        32768         1000     11762.21       358954
        65536          640     15149.39       231161
       131072          320     15686.72       119680
       262144          160     14861.16        56691
       524288           80     16238.68        30973
      1048576           40     16250.96        15498
      2097152           20     15900.04         7582
      4194304           10     15589.78         3717

#---------------------------------------------------
# Benchmarking Uniband 
# #processes = 4 
#---------------------------------------------------
       #bytes #repetitions   Mbytes/sec      Msg/sec
            0         1000         0.00      8837856
            1         1000         8.84      8835083
            2         1000        17.73      8863182
            4         1000        35.50      8875027
            8         1000        70.82      8852463
           16         1000       141.74      8858798
           32         1000       250.58      7830767
           64         1000       494.30      7723388
          128         1000       866.67      6770832
          256         1000      1448.54      5658356
          512         1000      2739.15      5349906
         1024         1000      4664.49      4555168
         2048         1000      5524.30      2697411
         4096         1000      5661.16      1382118
         8192         1000      5722.89       698595
        16384         1000      5741.69       350445
        32768         1000      5729.53       174851
        65536          640      5759.75        87887
       131072          320      5772.69        44042
       262144          160      5778.69        22044
       524288           80      5778.66        11022
      1048576           40      5781.99         5514
      2097152           20      5783.68         2758
      4194304           10      5786.22         1380


# All processes entering MPI_Finalize

