#------------------------------------------------------------
#    Intel(R) MPI Benchmarks 2019 Update 6, MPI-1 part    
#------------------------------------------------------------
# Date                  : Thu Oct  1 16:21:40 2020
# Machine               : x86_64
# System                : Linux
# Release               : 3.10.0-1127.19.1.el7.x86_64
# Version               : #1 SMP Tue Aug 25 17:23:54 UTC 2020
# MPI Version           : 3.1
# MPI Thread Environment: 


# Calling sequence was: 

# /home/hpcbras1/spack/opt/spack/linux-scientific7-skylake_avx512/gcc-9.1.0/intel-mpi-benchmarks-2019.6-5tbknirppyjnbofzuo2idr3bqgxprrmf/bin/IMB-MPI1 uniband -npmin 1 

# Minimum message length in bytes:   0
# Maximum message length in bytes:   4194304
#
# MPI_Datatype                   :   MPI_BYTE 
# MPI_Datatype for reductions    :   MPI_FLOAT 
# MPI_Op                         :   MPI_SUM  
# 
# 

# List of Benchmarks to run:

# Uniband

#---------------------------------------------------
# Benchmarking Uniband 
# #processes = 2 
# ( 110 additional processes waiting in MPI_Barrier)
#---------------------------------------------------
       #bytes #repetitions   Mbytes/sec      Msg/sec
            0         1000         0.00      8569389
            1         1000         8.01      8010603
            2         1000        16.31      8152865
            4         1000        32.69      8173470
            8         1000        63.58      7948119
           16         1000       132.90      8305984
           32         1000       217.65      6801639
           64         1000       504.38      7880940
          128         1000       337.35      2635583
          256         1000       456.19      1781976
          512         1000       878.95      1716706
         1024         1000      1363.62      1331658
         2048         1000      1771.88       865174
         4096         1000      2302.81       562211
         8192         1000      2784.09       339855
        16384         1000      5388.33       328878
        32768         1000      8718.47       266066
        65536          640     14498.27       221226
       131072          320     14969.71       114210
       262144          160     14977.19        57133
       524288           80     16112.20        30732
      1048576           40     15800.54        15069
      2097152           20     15815.19         7541
      4194304           10     15443.55         3682

#---------------------------------------------------
# Benchmarking Uniband 
# #processes = 4 
# ( 108 additional processes waiting in MPI_Barrier)
#---------------------------------------------------
       #bytes #repetitions   Mbytes/sec      Msg/sec
            0         1000         0.00     18682008
            1         1000        19.25     19254762
            2         1000        38.02     19010040
            4         1000        77.21     19302556
            8         1000       151.19     18898233
           16         1000       299.87     18741804
           32         1000       586.11     18315784
           64         1000      1236.82     19325273
          128         1000      1376.07     10750548
          256         1000      2037.54      7959124
          512         1000      3709.50      7245122
         1024         1000      6342.72      6194062
         2048         1000     10903.40      5323928
         4096         1000     14394.22      3514213
         8192         1000     16711.33      2039957
        16384         1000     11398.97       695738
        32768         1000     19082.63       582356
        65536          640     23329.71       355983
       131072          320     24027.93       183319
       262144          160     24213.88        92369
       524288           80     24646.30        47009
      1048576           40     24625.35        23485
      2097152           20     24563.35        11713
      4194304           10     24758.53         5903

#---------------------------------------------------
# Benchmarking Uniband 
# #processes = 8 
# ( 104 additional processes waiting in MPI_Barrier)
#---------------------------------------------------
       #bytes #repetitions   Mbytes/sec      Msg/sec
            0         1000         0.00     40254484
            1         1000        39.43     39425442
            2         1000        78.84     39422406
            4         1000       158.02     39504528
            8         1000       313.62     39202625
           16         1000       640.81     40050671
           32         1000      1214.07     37939771
           64         1000      2544.45     39756985
          128         1000      2999.69     23435109
          256         1000      4304.86     16815854
          512         1000      7938.65     15505166
         1024         1000     12676.28     12379177
         2048         1000     22567.29     11019182
         4096         1000     30456.35      7435631
         8192         1000     35896.81      4381935
        16384         1000     21487.25      1311478
        32768         1000     23348.62       712543
        65536          640     23648.77       360852
       131072          320     24499.95       186920
       262144          160     24684.62        94164
       524288           80     24527.20        46782
      1048576           40     24820.38        23671
      2097152           20     24838.91        11844
      4194304           10     24562.99         5856

#---------------------------------------------------
# Benchmarking Uniband 
# #processes = 16 
# ( 96 additional processes waiting in MPI_Barrier)
#---------------------------------------------------
       #bytes #repetitions   Mbytes/sec      Msg/sec
            0         1000         0.00     75554002
            1         1000        77.64     77638325
            2         1000       154.31     77154436
            4         1000       301.52     75381139
            8         1000       613.53     76691367
           16         1000      1223.51     76469304
           32         1000      2468.70     77146787
           64         1000      4908.90     76701545
          128         1000      5718.33     44674421
          256         1000      8498.24     33196239
          512         1000     15692.02     30648479
         1024         1000     25525.76     24927496
         2048         1000     44198.80     21581444
         4096         1000     57006.88     13917694
         8192         1000     65630.85      8011579
        16384         1000     21421.43      1307460
        32768         1000     23279.04       710420
        65536          640     24160.45       368659
       131072          320     24469.47       186687
       262144          160     24660.96        94074
       524288           80     24598.05        46917
      1048576           40     24800.90        23652
      2097152           20     24828.13        11839
      4194304           10     24560.13         5856

#---------------------------------------------------
# Benchmarking Uniband 
# #processes = 32 
# ( 80 additional processes waiting in MPI_Barrier)
#---------------------------------------------------
       #bytes #repetitions   Mbytes/sec      Msg/sec
            0         1000         0.00    151986829
            1         1000       152.30    152297102
            2         1000       300.93    150467131
            4         1000       603.90    150975906
            8         1000      1059.02    132377918
           16         1000      2471.56    154472675
           32         1000      4473.99    139812231
           64         1000      9536.22    149003476
          128         1000     11449.48     89449033
          256         1000     16996.19     66391358
          512         1000     31044.27     60633348
         1024         1000     50384.76     49203863
         2048         1000     87146.19     42551851
         4096         1000    107274.07     26189957
         8192         1000    126834.28     15482700
        16384         1000     21615.49      1319305
        32768         1000     22788.49       695449
        65536          640     23836.46       363715
       131072          320     24409.86       186232
       262144          160     24460.39        93309
       524288           80     24714.41        47139
      1048576           40     24766.00        23619
      2097152           20     24515.99        11690
      4194304           10     24761.95         5904

#---------------------------------------------------
# Benchmarking Uniband 
# #processes = 64 
# ( 48 additional processes waiting in MPI_Barrier)
#---------------------------------------------------
       #bytes #repetitions   Mbytes/sec      Msg/sec
            0         1000         0.00     81502203
            1         1000        81.36     81356818
            2         1000       164.20     82098528
            4         1000       325.38     81346240
            8         1000       654.84     81854808
           16         1000      1289.59     80599465
           32         1000      2570.34     80323279
           64         1000      5001.11     78142381
          128         1000      8709.61     68043835
          256         1000     14871.02     58089940
          512         1000     20016.54     39094812
         1024         1000     20381.88     19904179
         2048         1000     21497.24     10496700
         4096         1000     22080.75      5390807
         8192         1000     22381.19      2732079
        16384         1000     15032.01       917481
        32768         1000     15275.72       466178
        65536          640     15967.68       243647
       131072          320     15989.56       121991
       262144          160     16064.48        61281
       524288           80     16074.39        30659
      1048576           40     16145.17        15397
      2097152           20     16112.32         7683
      4194304           10     16139.19         3848

#---------------------------------------------------
# Benchmarking Uniband 
# #processes = 112 
#---------------------------------------------------
       #bytes #repetitions   Mbytes/sec      Msg/sec
            0         1000         0.00     32296817
            1         1000        32.54     32539344
            2         1000        64.90     32452496
            4         1000       137.13     34282474
            8         1000       255.52     31940078
           16         1000       485.82     30363941
           32         1000       952.30     29759442
           64         1000      1124.21     17565730
          128         1000      1482.85     11584781
          256         1000      4120.26     16094784
          512         1000      4952.24      9672351
         1024         1000      5101.10      4981542
         2048         1000      5386.24      2630001
         4096         1000      5534.22      1351127
         8192         1000      5605.60       684278
        16384          957      5631.40       343714
        32768          477      5618.42       171461
        65536          241      5659.53        86358
       131072          121      5670.58        43263
       262144           61      5675.74        21651
       524288           31      5678.96        10832
      1048576           16      5680.92         5418
      2097152            8      5682.38         2710
      4194304            4      5683.44         1355


# All processes entering MPI_Finalize

