#------------------------------------------------------------
#    Intel(R) MPI Benchmarks 2019 Update 5, MPI-1 part    
#------------------------------------------------------------
# Date                  : Fri Sep 11 15:09:10 2020
# Machine               : x86_64
# System                : Linux
# Release               : 3.10.0-1127.8.2.el7.x86_64
# Version               : #1 SMP Tue May 12 16:57:42 UTC 2020
# MPI Version           : 3.1
# MPI Thread Environment: 


# Calling sequence was: 

# /alaska/steveb/spack/opt/spack/linux-centos7-broadwell/gcc-9.3.0/intel-mpi-benchmarks-2019.5-dwg5q6jdcxgwtiwi2lj32w4ttotvwqnt/bin/IMB-MPI1 biband -npmin 64 

# Minimum message length in bytes:   0
# Maximum message length in bytes:   4194304
#
# MPI_Datatype                   :   MPI_BYTE 
# MPI_Datatype for reductions    :   MPI_FLOAT 
# MPI_Op                         :   MPI_SUM  
# 
# 

# List of Benchmarks to run:

# Biband

#---------------------------------------------------
# Benchmarking Biband 
# #processes = 64 
#---------------------------------------------------
       #bytes #repetitions   Mbytes/sec      Msg/sec
            0         1000         0.00    106283098
            1         1000        79.55     79554512
            2         1000       215.25    107626779
            4         1000       419.81    104952567
            8         1000       840.45    105055792
           16         1000      1527.64     95477502
           32         1000      3081.40     96293746
           64         1000      2229.40     34834362
          128         1000      5321.13     41571303
          256         1000      8698.37     33977989
          512         1000     11369.43     22205926
         1024         1000     11667.22     11393772
         2048         1000     12275.25      5993773
         4096         1000     12225.96      2984853
         8192         1000     12117.75      1479217
        16384         1000     12224.06       746097
        32768          909     12198.35       372264
        65536          448     12766.51       194801
       131072          229     12863.76        98143
       262144          153     12781.23        48757
       524288           58     12904.75        24614
      1048576           30     14203.36        13545
      2097152           20     20666.80         9855
      4194304           10     20796.50         4958


# All processes entering MPI_Finalize

