#------------------------------------------------------------
#    Intel(R) MPI Benchmarks 2019 Update 6, MPI-1 part    
#------------------------------------------------------------
# Date                  : Thu Oct  1 16:22:42 2020
# Machine               : x86_64
# System                : Linux
# Release               : 3.10.0-1127.19.1.el7.x86_64
# Version               : #1 SMP Tue Aug 25 17:23:54 UTC 2020
# MPI Version           : 3.1
# MPI Thread Environment: 


# Calling sequence was: 

# /home/hpcbras1/spack/opt/spack/linux-scientific7-skylake_avx512/gcc-9.1.0/intel-mpi-benchmarks-2019.6-5tbknirppyjnbofzuo2idr3bqgxprrmf/bin/IMB-MPI1 biband -npmin 1 

# Minimum message length in bytes:   0
# Maximum message length in bytes:   4194304
#
# MPI_Datatype                   :   MPI_BYTE 
# MPI_Datatype for reductions    :   MPI_FLOAT 
# MPI_Op                         :   MPI_SUM  
# 
# 

# List of Benchmarks to run:

# Biband

#---------------------------------------------------
# Benchmarking Biband 
# #processes = 2 
# ( 82 additional processes waiting in MPI_Barrier)
#---------------------------------------------------
       #bytes #repetitions   Mbytes/sec      Msg/sec
            0         1000         0.00     11976521
            1         1000        12.57     12566013
            2         1000        24.81     12405673
            4         1000        49.04     12258788
            8         1000       101.91     12739011
           16         1000       193.66     12103449
           32         1000       389.49     12171501
           64         1000       770.84     12044390
          128         1000       877.80      6857790
          256         1000      1440.86      5628348
          512         1000      2700.86      5275123
         1024         1000      4207.24      4108628
         2048         1000      6855.96      3347637
         4096         1000      9811.22      2395317
         8192         1000     12746.09      1555919
        16384         1000     11189.23       682936
        32768         1000     18427.40       562360
        65536          640     22590.03       344696
       131072          320     23413.66       178632
       262144          160     23949.27        91359
       524288           80     24364.66        46472
      1048576           40     24241.48        23118
      2097152           20     23761.75        11330
      4194304           10     24710.90         5892

#---------------------------------------------------
# Benchmarking Biband 
# #processes = 4 
# ( 80 additional processes waiting in MPI_Barrier)
#---------------------------------------------------
       #bytes #repetitions   Mbytes/sec      Msg/sec
            0         1000         0.00     19136079
            1         1000        18.42     18420329
            2         1000        37.64     18818220
            4         1000        74.77     18693659
            8         1000       145.41     18176057
           16         1000       287.07     17941662
           32         1000       512.99     16031081
           64         1000      1256.71     19636154
          128         1000       669.30      5228870
          256         1000      1063.48      4154217
          512         1000      1959.04      3826257
         1024         1000      2979.72      2909879
         2048         1000      4656.45      2273656
         4096         1000      6525.24      1593076
         8192         1000      8174.63       997880
        16384         1000     18413.94      1123897
        32768         1000     23178.21       707343
        65536          640     24036.12       366762
       131072          320     23994.14       183061
       262144          160     24667.79        94100
       524288           80     24666.77        47048
      1048576           40     24556.41        23419
      2097152           20     24790.78        11821
      4194304           10     24605.75         5866

#---------------------------------------------------
# Benchmarking Biband 
# #processes = 8 
# ( 76 additional processes waiting in MPI_Barrier)
#---------------------------------------------------
       #bytes #repetitions   Mbytes/sec      Msg/sec
            0         1000         0.00     38084672
            1         1000        36.75     36749712
            2         1000        72.06     36031938
            4         1000       136.63     34157410
            8         1000       285.28     35659602
           16         1000       571.37     35710836
           32         1000      1073.53     33547878
           64         1000      1998.88     31232525
          128         1000      1218.93      9522875
          256         1000      1969.11      7691852
          512         1000      3467.89      6773219
         1024         1000      5592.64      5461562
         2048         1000      8928.25      4359497
         4096         1000     12517.88      3056122
         8192         1000     15109.30      1844397
        16384         1000     21615.73      1319319
        32768         1000     23356.48       712783
        65536          640     23977.49       365867
       131072          320     24378.45       185993
       262144          160     24592.11        93811
       524288           80     24591.25        46904
      1048576           40     24679.87        23537
      2097152           20     24656.79        11757
      4194304           10     24749.26         5901

#---------------------------------------------------
# Benchmarking Biband 
# #processes = 16 
# ( 68 additional processes waiting in MPI_Barrier)
#---------------------------------------------------
       #bytes #repetitions   Mbytes/sec      Msg/sec
            0         1000         0.00     70114094
            1         1000        70.76     70762292
            2         1000       139.97     69983014
            4         1000       272.01     68001362
            8         1000       570.36     71295435
           16         1000      1089.94     68121454
           32         1000      1886.20     58943614
           64         1000      4687.20     73237558
          128         1000      2531.96     19780914
          256         1000      3919.62     15311024
          512         1000      7362.94     14380740
         1024         1000     11131.18     10870288
         2048         1000     17224.41      8410356
         4096         1000     24064.73      5875179
         8192         1000     29759.76      3632783
        16384         1000     21703.20      1324658
        32768         1000     23026.74       702720
        65536          640     23925.77       365078
       131072          320     24283.51       185268
       262144          160     24509.16        93495
       524288           80     24528.93        46785
      1048576           40     24662.62        23520
      2097152           20     24562.72        11712
      4194304           10     24646.42         5876

#---------------------------------------------------
# Benchmarking Biband 
# #processes = 32 
# ( 52 additional processes waiting in MPI_Barrier)
#---------------------------------------------------
       #bytes #repetitions   Mbytes/sec      Msg/sec
            0         1000         0.00    131026943
            1         1000       136.29    136288187
            2         1000       270.40    135199482
            4         1000       541.06    135264901
            8         1000      1055.37    131921304
           16         1000      2180.59    136286881
           32         1000      3657.02    114282015
           64         1000      7796.05    121813235
          128         1000      4584.17     35813809
          256         1000      7663.71     29936355
          512         1000     14150.39     27637484
         1024         1000     21294.21     20795124
         2048         1000     33222.95     16222143
         4096         1000     44587.58     10885640
         8192         1000     46953.51      5731629
        16384         1000     20578.55      1256015
        32768         1000     22691.56       692492
        65536          640     23618.82       360395
       131072          320     24255.90       185058
       262144          160     24507.32        93488
       524288           80     24490.99        46713
      1048576           40     24623.25        23483
      2097152           20     24671.99        11765
      4194304           10     24356.13         5807

#---------------------------------------------------
# Benchmarking Biband 
# #processes = 64 
# ( 20 additional processes waiting in MPI_Barrier)
#---------------------------------------------------
       #bytes #repetitions   Mbytes/sec      Msg/sec
            0         1000         0.00    106554144
            1         1000       106.94    106942924
            2         1000       211.99    105994134
            4         1000       419.18    104794011
            8         1000       821.85    102730855
           16         1000      1571.71     98231684
           32         1000      2894.42     90450679
           64         1000      4524.04     70688186
          128         1000      6992.27     54627106
          256         1000      9745.43     38068094
          512         1000     12730.49     24864238
         1024         1000     13613.87     13294796
         2048         1000     14861.09      7256392
         4096         1000     15583.52      3804571
         8192         1000     15988.07      1951669
        16384         1000     15994.66       976237
        32768         1000     15553.71       474662
        65536          598     16126.96       246078
       131072          304     16268.86       124122
       262144          152     16308.41        62212
       524288           77     16330.05        31147
      1048576           38     16334.04        15577
      2097152           19     16395.64         7818
      4194304           10     16416.07         3914

#---------------------------------------------------
# Benchmarking Biband 
# #processes = 84 
#---------------------------------------------------
       #bytes #repetitions   Mbytes/sec      Msg/sec
            0         1000         0.00     78615147
            1         1000        78.90     78903232
            2         1000       157.78     78888382
            4         1000       314.72     78679414
            8         1000       628.31     78538514
           16         1000      1229.14     76821161
           32         1000      2200.70     68771726
           64         1000      3256.78     50887128
          128         1000      4713.45     36823796
          256         1000      7798.63     30463408
          512         1000      9609.23     18768030
         1024         1000      9930.67      9697923
         2048         1000     10544.79      5148823
         4096         1000     10848.34      2648521
         8192         1000     11027.86      1346174
        16384         1000     11088.34       676778
        32768          628     11066.99       337738
        65536          318     11199.84       170896
       131072          160     11244.67        85790
       262144           80     11277.60        43021
       524288           41     11260.86        21478
      1048576           20     11285.98        10763
      2097152           11     11302.57         5389
      4194304            6     11329.52         2701


# All processes entering MPI_Finalize

