Number of Heterogeneous data entries for HPL.dat=0
================================================================================
HPLinpack 2.3  --  High-Performance Linpack benchmark  --   December 2, 2018
Written by A. Petitet and R. Clint Whaley,  Innovative Computing Laboratory, UTK
Modified by Piotr Luszczek, Innovative Computing Laboratory, UTK
Modified by Julien Langou, University of Colorado Denver
================================================================================

An explanation of the input/output parameters follows:
T/V    : Wall time / encoded variant.
N      : The order of the coefficient matrix A.
NB     : The partitioning blocking factor.
P      : The number of process rows.
Q      : The number of process columns.
Time   : Time in seconds to solve the linear system.
Gflops : Rate of execution for solving the linear system.

The following parameter values will be used:

N        :  115584 
NB       :     192 
PMAP     : Row-major process mapping
P        :       1 
Q        :       1 
PFACT    :   Right 
NBMIN    :       4 
NDIV     :       2 
RFACT    :   Crout 
BCAST    :  1ringM 
DEPTH    :       1 
SWAP     : Mix (threshold = 64)
L1       : transposed form
U        : transposed form
EQUIL    : yes
ALIGN    :    8 double precision words

--------------------------------------------------------------------------------

- The matrix A is randomly generated for each test.
- The following scaled residual check will be computed:
      ||Ax-b||_oo / ( eps * ( || x ||_oo * || A ||_oo + || b ||_oo ) * N )
- The relative machine precision (eps) is taken to be               1.110223e-16
- Computational tests pass if scaled residuals are less than                16.0

openhpc-compute-0 : Column=000768 Fraction=0.005 Kernel=    0.63 Mflops=1411275.12
openhpc-compute-0 : Column=001344 Fraction=0.010 Kernel=1044688.99 Mflops=1227854.68
openhpc-compute-0 : Column=001920 Fraction=0.015 Kernel=1025267.09 Mflops=1159902.68
openhpc-compute-0 : Column=002496 Fraction=0.020 Kernel=1025794.76 Mflops=1126486.43
openhpc-compute-0 : Column=003072 Fraction=0.025 Kernel=1023737.60 Mflops=1106124.86
openhpc-compute-0 : Column=003648 Fraction=0.030 Kernel=1014016.71 Mflops=1090899.71
openhpc-compute-0 : Column=004224 Fraction=0.035 Kernel=1022000.91 Mflops=1081277.58
openhpc-compute-0 : Column=004800 Fraction=0.040 Kernel=1014519.93 Mflops=1073118.44
openhpc-compute-0 : Column=005376 Fraction=0.045 Kernel=1017849.58 Mflops=1067172.10
openhpc-compute-0 : Column=005952 Fraction=0.050 Kernel=1022105.63 Mflops=1062851.89
openhpc-compute-0 : Column=006528 Fraction=0.055 Kernel=1016364.58 Mflops=1058803.37
openhpc-compute-0 : Column=007104 Fraction=0.060 Kernel=1013418.91 Mflops=1055193.07
openhpc-compute-0 : Column=007680 Fraction=0.065 Kernel=1018221.46 Mflops=1052507.20
openhpc-compute-0 : Column=008256 Fraction=0.070 Kernel=1013207.67 Mflops=1049859.78
openhpc-compute-0 : Column=008832 Fraction=0.075 Kernel=1018211.49 Mflops=1047891.46
openhpc-compute-0 : Column=009408 Fraction=0.080 Kernel=1018878.49 Mflops=1046210.90
openhpc-compute-0 : Column=009984 Fraction=0.085 Kernel=1017376.97 Mflops=1044646.09
openhpc-compute-0 : Column=010560 Fraction=0.090 Kernel=1010963.56 Mflops=1042919.77
openhpc-compute-0 : Column=011136 Fraction=0.095 Kernel=1015882.62 Mflops=1041621.30
openhpc-compute-0 : Column=011712 Fraction=0.100 Kernel=1020138.00 Mflops=1040651.03
openhpc-compute-0 : Column=012288 Fraction=0.105 Kernel=1019492.91 Mflops=1039745.84
openhpc-compute-0 : Column=012864 Fraction=0.110 Kernel=1011972.77 Mflops=1038610.48
openhpc-compute-0 : Column=013440 Fraction=0.115 Kernel=1014244.80 Mflops=1037665.84
openhpc-compute-0 : Column=014016 Fraction=0.120 Kernel=1011956.78 Mflops=1036714.60
openhpc-compute-0 : Column=014592 Fraction=0.125 Kernel=1020662.24 Mflops=1036152.76
openhpc-compute-0 : Column=015168 Fraction=0.130 Kernel=1015607.59 Mflops=1035462.28
openhpc-compute-0 : Column=015744 Fraction=0.135 Kernel=1015513.54 Mflops=1034820.76
openhpc-compute-0 : Column=016320 Fraction=0.140 Kernel=1019474.57 Mflops=1034349.72
openhpc-compute-0 : Column=016896 Fraction=0.145 Kernel=1017822.20 Mflops=1033862.27
openhpc-compute-0 : Column=017472 Fraction=0.150 Kernel=1011560.40 Mflops=1033226.77
openhpc-compute-0 : Column=018048 Fraction=0.155 Kernel=1017027.92 Mflops=1032785.38
openhpc-compute-0 : Column=018624 Fraction=0.160 Kernel=1014410.12 Mflops=1032302.33
openhpc-compute-0 : Column=019200 Fraction=0.165 Kernel=1012450.96 Mflops=1031798.75
openhpc-compute-0 : Column=019776 Fraction=0.170 Kernel=1020319.39 Mflops=1031520.16
openhpc-compute-0 : Column=020352 Fraction=0.175 Kernel=1010796.25 Mflops=1031030.39
openhpc-compute-0 : Column=020928 Fraction=0.180 Kernel=1017622.03 Mflops=1030726.47
openhpc-compute-0 : Column=021504 Fraction=0.185 Kernel=1015199.74 Mflops=1030385.61
openhpc-compute-0 : Column=022080 Fraction=0.190 Kernel=1007739.83 Mflops=1029901.46
openhpc-compute-0 : Column=022656 Fraction=0.195 Kernel=1014904.92 Mflops=1029593.46
openhpc-compute-0 : Column=023232 Fraction=0.200 Kernel=1020334.47 Mflops=1029410.34
openhpc-compute-0 : Column=023808 Fraction=0.205 Kernel=1012857.91 Mflops=1029090.92
openhpc-compute-0 : Column=024384 Fraction=0.210 Kernel=1019909.26 Mflops=1028920.39
openhpc-compute-0 : Column=024960 Fraction=0.215 Kernel=1010385.84 Mflops=1028583.50
openhpc-compute-0 : Column=025536 Fraction=0.220 Kernel=1014217.33 Mflops=1028331.16
openhpc-compute-0 : Column=026112 Fraction=0.225 Kernel=1011672.96 Mflops=1028046.50
openhpc-compute-0 : Column=026688 Fraction=0.230 Kernel=1016185.60 Mflops=1027850.59
openhpc-compute-0 : Column=027264 Fraction=0.235 Kernel=1014677.38 Mflops=1027638.94
openhpc-compute-0 : Column=027840 Fraction=0.240 Kernel=1013208.38 Mflops=1027413.35
openhpc-compute-0 : Column=028416 Fraction=0.245 Kernel=1012786.17 Mflops=1027191.00
openhpc-compute-0 : Column=028992 Fraction=0.250 Kernel=1014949.42 Mflops=1027010.46
openhpc-compute-0 : Column=029568 Fraction=0.255 Kernel=1010150.87 Mflops=1026767.48
openhpc-compute-0 : Column=030144 Fraction=0.260 Kernel=1024449.96 Mflops=1026735.43
openhpc-compute-0 : Column=030720 Fraction=0.265 Kernel=1012239.69 Mflops=1026538.01
openhpc-compute-0 : Column=031296 Fraction=0.270 Kernel=1009724.82 Mflops=1026314.56
openhpc-compute-0 : Column=031872 Fraction=0.275 Kernel=1012713.88 Mflops=1026139.08
openhpc-compute-0 : Column=032448 Fraction=0.280 Kernel=1007717.96 Mflops=1025906.47
openhpc-compute-0 : Column=033024 Fraction=0.285 Kernel=1010502.71 Mflops=1025717.50
openhpc-compute-0 : Column=033600 Fraction=0.290 Kernel=1009017.45 Mflops=1025517.61
openhpc-compute-0 : Column=034176 Fraction=0.295 Kernel=1013156.19 Mflops=1025373.99
openhpc-compute-0 : Column=034752 Fraction=0.300 Kernel=1007721.13 Mflops=1025173.00
openhpc-compute-0 : Column=035328 Fraction=0.305 Kernel=1012814.12 Mflops=1025036.50
openhpc-compute-0 : Column=035904 Fraction=0.310 Kernel=1013296.45 Mflops=1024910.12
openhpc-compute-0 : Column=036480 Fraction=0.315 Kernel=1016001.78 Mflops=1024816.84
openhpc-compute-0 : Column=037056 Fraction=0.320 Kernel=1012210.68 Mflops=1024687.59
openhpc-compute-0 : Column=037632 Fraction=0.325 Kernel=1003823.98 Mflops=1024477.19
openhpc-compute-0 : Column=038208 Fraction=0.330 Kernel=1030984.49 Mflops=1024539.54
openhpc-compute-0 : Column=038784 Fraction=0.335 Kernel=1002817.59 Mflops=1024330.74
openhpc-compute-0 : Column=039360 Fraction=0.340 Kernel=1012746.88 Mflops=1024223.13
openhpc-compute-0 : Column=039936 Fraction=0.345 Kernel=1010213.46 Mflops=1024095.78
openhpc-compute-0 : Column=040512 Fraction=0.350 Kernel=1014144.67 Mflops=1024007.83
openhpc-compute-0 : Column=041088 Fraction=0.355 Kernel=1005695.32 Mflops=1023848.49
openhpc-compute-0 : Column=041664 Fraction=0.360 Kernel=1014011.74 Mflops=1023765.61
openhpc-compute-0 : Column=042240 Fraction=0.365 Kernel=1013655.65 Mflops=1023682.40
openhpc-compute-0 : Column=042816 Fraction=0.370 Kernel=1005081.30 Mflops=1023531.65
openhpc-compute-0 : Column=043392 Fraction=0.375 Kernel=1012463.03 Mflops=1023444.68
openhpc-compute-0 : Column=043968 Fraction=0.380 Kernel=1006961.94 Mflops=1023317.52
openhpc-compute-0 : Column=044544 Fraction=0.385 Kernel=1015503.31 Mflops=1023259.14
openhpc-compute-0 : Column=045120 Fraction=0.390 Kernel=1018095.13 Mflops=1023221.55
openhpc-compute-0 : Column=045696 Fraction=0.395 Kernel=1003256.50 Mflops=1023077.50
openhpc-compute-0 : Column=046272 Fraction=0.400 Kernel=1015775.32 Mflops=1023026.67
openhpc-compute-0 : Column=046848 Fraction=0.405 Kernel=1005393.41 Mflops=1022905.55
openhpc-compute-0 : Column=047424 Fraction=0.410 Kernel=1013650.96 Mflops=1022843.96
openhpc-compute-0 : Column=048000 Fraction=0.415 Kernel=1011176.74 Mflops=1022767.92
openhpc-compute-0 : Column=048576 Fraction=0.420 Kernel=1002721.66 Mflops=1022639.24
openhpc-compute-0 : Column=049152 Fraction=0.425 Kernel=1005166.96 Mflops=1022529.95
openhpc-compute-0 : Column=049728 Fraction=0.430 Kernel=1014072.66 Mflops=1022478.72
openhpc-compute-0 : Column=050304 Fraction=0.435 Kernel=1010500.14 Mflops=1022407.60
openhpc-compute-0 : Column=050880 Fraction=0.440 Kernel=1006911.12 Mflops=1022317.41
openhpc-compute-0 : Column=051456 Fraction=0.445 Kernel=1009034.28 Mflops=1022242.05
openhpc-compute-0 : Column=052032 Fraction=0.450 Kernel=1002837.51 Mflops=1022133.87
openhpc-compute-0 : Column=052608 Fraction=0.455 Kernel=1005719.94 Mflops=1022044.74
openhpc-compute-0 : Column=053184 Fraction=0.460 Kernel=1006878.63 Mflops=1021964.41
openhpc-compute-0 : Column=053760 Fraction=0.465 Kernel=1007381.90 Mflops=1021889.00
openhpc-compute-0 : Column=054336 Fraction=0.470 Kernel=1001060.95 Mflops=1021783.17
openhpc-compute-0 : Column=054912 Fraction=0.475 Kernel=1011843.62 Mflops=1021734.37
openhpc-compute-0 : Column=055488 Fraction=0.480 Kernel=1010415.14 Mflops=1021680.04
openhpc-compute-0 : Column=056064 Fraction=0.485 Kernel=1008139.83 Mflops=1021616.43
openhpc-compute-0 : Column=056640 Fraction=0.490 Kernel=1006772.90 Mflops=1021548.25
openhpc-compute-0 : Column=057216 Fraction=0.495 Kernel=1009385.84 Mflops=1021493.86
openhpc-compute-0 : Column=059712 Fraction=0.515 Kernel=1004166.10 Mflops=1021179.51
openhpc-compute-0 : Column=062016 Fraction=0.535 Kernel=1006664.89 Mflops=1020960.36
openhpc-compute-0 : Column=064320 Fraction=0.555 Kernel=1002157.93 Mflops=1020702.30
openhpc-compute-0 : Column=066624 Fraction=0.575 Kernel=1004720.58 Mflops=1020504.79
openhpc-compute-0 : Column=068928 Fraction=0.595 Kernel=998560.90 Mflops=1020259.21
openhpc-compute-0 : Column=071232 Fraction=0.615 Kernel=996840.37 Mflops=1020023.75
openhpc-compute-0 : Column=073536 Fraction=0.635 Kernel=997988.22 Mflops=1019826.08
openhpc-compute-0 : Column=075840 Fraction=0.655 Kernel=990672.04 Mflops=1019591.87
openhpc-compute-0 : Column=078144 Fraction=0.675 Kernel=987282.05 Mflops=1019361.58
openhpc-compute-0 : Column=080448 Fraction=0.695 Kernel=988081.55 Mflops=1019165.84
openhpc-compute-0 : Column=091968 Fraction=0.795 Kernel=971565.19 Mflops=1018181.65
openhpc-compute-0 : Column=103488 Fraction=0.895 Kernel=986284.24 Mflops=1017938.30
openhpc-compute-0 : Column=115008 Fraction=0.995 Kernel=774201.01 Mflops=1017571.17
================================================================================
T/V                N    NB     P     Q               Time                 Gflops
--------------------------------------------------------------------------------
WR11C2R4      115584   192     1     1            1012.71            1.01654e+03
HPL_pdgesv() start time Thu Oct 22 11:08:23 2020

HPL_pdgesv() end time   Thu Oct 22 11:25:16 2020

--------------------------------------------------------------------------------
||Ax-b||_oo/(eps*(||A||_oo*||x||_oo+||b||_oo)*N)=   3.92439165e-03 ...... PASSED
================================================================================

Finished      1 tests with the following results:
              1 tests completed and passed residual checks,
              0 tests completed and failed residual checks,
              0 tests skipped because of illegal input values.
--------------------------------------------------------------------------------

End of Tests.
================================================================================
