[0] MPI startup(): I_MPI_OFA_TRANSLATION_CACHE variable has been removed from the product, its value is ignored

#------------------------------------------------------------
#    Intel(R) MPI Benchmarks 2019 Update 6, MPI-1 part    
#------------------------------------------------------------
# Date                  : Thu Oct  1 16:22:02 2020
# Machine               : x86_64
# System                : Linux
# Release               : 3.10.0-1127.19.1.el7.x86_64
# Version               : #1 SMP Tue Aug 25 17:23:54 UTC 2020
# MPI Version           : 3.1
# MPI Thread Environment: 


# Calling sequence was: 

# /usr/local/Cluster-Apps/intel/2020.2/compilers_and_libraries_2020.2.254/linux/mpi/intel64/bin/IMB-MPI1 biband -npmin 1 

# Minimum message length in bytes:   0
# Maximum message length in bytes:   4194304
#
# MPI_Datatype                   :   MPI_BYTE 
# MPI_Datatype for reductions    :   MPI_FLOAT 
# MPI_Op                         :   MPI_SUM  
# 
# 

# List of Benchmarks to run:

# Biband

#---------------------------------------------------
# Benchmarking Biband 
# #processes = 2 
# ( 26 additional processes waiting in MPI_Barrier)
#---------------------------------------------------
       #bytes #repetitions   Mbytes/sec      Msg/sec
            0         1000         0.00      8186760
            1         1000         8.18      8179787
            2         1000        16.39      8195809
            4         1000        32.55      8137061
            8         1000        65.10      8138061
           16         1000       131.26      8203461
           32         1000       258.47      8077149
           64         1000       553.69      8651342
          128         1000      1099.13      8586944
          256         1000      2280.40      8907799
          512         1000      1814.81      3544543
         1024         1000      3083.18      3010919
         2048         1000      5033.13      2457585
         4096         1000      7788.43      1901472
         8192         1000     11171.98      1363767
        16384         1000     13051.31       796589
        32768         1000      5996.51       182999
        65536          640     10620.24       162052
       131072          320      7102.70        54189
       262144          160      6620.69        25256
       524288           80      6531.05        12457
      1048576           40     11628.19        11090
      2097152           20     12601.29         6009
      4194304           10      4929.08         1175

#---------------------------------------------------
# Benchmarking Biband 
# #processes = 4 
# ( 24 additional processes waiting in MPI_Barrier)
#---------------------------------------------------
       #bytes #repetitions   Mbytes/sec      Msg/sec
            0         1000         0.00      8771722
            1         1000         8.74      8741835
            2         1000        17.59      8796678
            4         1000        35.10      8773998
            8         1000        69.99      8748261
           16         1000       140.69      8792845
           32         1000       298.82      9338219
           64         1000       598.04      9344315
          128         1000      1172.26      9158278
          256         1000      2229.92      8710642
          512         1000      1713.14      3345983
         1024         1000      3099.55      3026904
         2048         1000      4987.83      2435462
         4096         1000      7003.22      1709770
         8192         1000      9079.94      1108391
        16384         1000     10755.29       656451
        32768         1000     10052.94       306791
        65536          640     11166.98       170395
       131072          320     12571.20        95911
       262144          160     11990.95        45742
       524288           80     12826.32        24464
      1048576           40     11391.87        10864
      2097152           20     11482.95         5475
      4194304           10      9744.82         2323

#---------------------------------------------------
# Benchmarking Biband 
# #processes = 8 
# ( 20 additional processes waiting in MPI_Barrier)
#---------------------------------------------------
       #bytes #repetitions   Mbytes/sec      Msg/sec
            0         1000         0.00     17517348
            1         1000        17.46     17460298
            2         1000        35.12     17560228
            4         1000        70.00     17500378
            8         1000       140.19     17523144
           16         1000       280.71     17544205
           32         1000       600.00     18749936
           64         1000      1198.70     18729693
          128         1000      2359.00     18429661
          256         1000      4530.25     17696298
          512         1000      3510.52      6856479
         1024         1000      6291.44      6143988
         2048         1000     10187.68      4974452
         4096         1000     14309.69      3493576
         8192         1000     18559.27      2265536
        16384         1000     23120.63      1411171
        32768         1000     23877.93       728697
        65536          640     24453.60       373132
       131072          320     25595.48       195278
       262144          160     25362.03        96748
       524288           80     25354.90        48361
      1048576           40     24510.19        23375
      2097152           20     23444.29        11179
      4194304           10     19370.13         4618

#---------------------------------------------------
# Benchmarking Biband 
# #processes = 16 
# ( 12 additional processes waiting in MPI_Barrier)
#---------------------------------------------------
       #bytes #repetitions   Mbytes/sec      Msg/sec
            0         1000         0.00     34674501
            1         1000        34.93     34930435
            2         1000        69.99     34997176
            4         1000       139.49     34872557
            8         1000       279.42     34926983
           16         1000       559.20     34949726
           32         1000      1184.03     37000997
           64         1000      2216.62     34634665
          128         1000      3879.43     30308038
          256         1000      6714.77     26229575
          512         1000      6925.06     13525509
         1024         1000     12092.68     11809256
         2048         1000     18975.16      9265216
         4096         1000     26710.45      6521106
         8192         1000     33921.60      4140820
        16384         1000     39822.17      2430553
        32768         1000     43022.59      1312945
        65536          640     44680.17       681765
       131072          320     39812.39       303744
       262144          160     38876.01       148300
       524288           80     46174.29        88070
      1048576           40     44131.87        42087
      2097152           20     43506.62        20746
      4194304           10     35913.80         8563

#---------------------------------------------------
# Benchmarking Biband 
# #processes = 28 
#---------------------------------------------------
       #bytes #repetitions   Mbytes/sec      Msg/sec
            0         1000         0.00     70908455
            1         1000        70.85     70850594
            2         1000       141.58     70789311
            4         1000       278.00     69500895
            8         1000       546.16     68269425
           16         1000      1050.21     65638049
           32         1000      1964.77     61399112
           64         1000      3457.74     54027122
          128         1000      5426.43     42394016
          256         1000      7328.26     28626002
          512         1000      9241.22     18049260
         1024         1000      9939.27      9706317
         2048         1000     10684.17      5216882
         4096         1000     11092.16      2708047
         8192         1000     11325.33      1382487
        16384         1000     11366.35       693747
        32768         1000     11342.58       346148
        65536          640     11336.63       172983
       131072          320     11268.95        85975
       262144          160     11225.47        42822
       524288           80     11561.44        22052
      1048576           40     11567.21        11031
      2097152           20     11570.18         5517
      4194304           10     11571.68         2759


# All processes entering MPI_Finalize

