[0] MPI startup(): I_MPI_OFA_TRANSLATION_CACHE variable has been removed from the product, its value is ignored

#------------------------------------------------------------
#    Intel(R) MPI Benchmarks 2019 Update 6, MPI-1 part    
#------------------------------------------------------------
# Date                  : Thu Oct  1 16:21:51 2020
# Machine               : x86_64
# System                : Linux
# Release               : 3.10.0-1127.19.1.el7.x86_64
# Version               : #1 SMP Tue Aug 25 17:23:54 UTC 2020
# MPI Version           : 3.1
# MPI Thread Environment: 


# Calling sequence was: 

# /usr/local/Cluster-Apps/intel/2020.2/compilers_and_libraries_2020.2.254/linux/mpi/intel64/bin/IMB-MPI1 biband -npmin 1 

# Minimum message length in bytes:   0
# Maximum message length in bytes:   4194304
#
# MPI_Datatype                   :   MPI_BYTE 
# MPI_Datatype for reductions    :   MPI_FLOAT 
# MPI_Op                         :   MPI_SUM  
# 
# 

# List of Benchmarks to run:

# Biband

#---------------------------------------------------
# Benchmarking Biband 
# #processes = 2 
# ( 2 additional processes waiting in MPI_Barrier)
#---------------------------------------------------
       #bytes #repetitions   Mbytes/sec      Msg/sec
            0         1000         0.00      4954058
            1         1000         4.95      4948956
            2         1000         9.93      4963542
            4         1000        19.99      4997171
            8         1000        39.85      4981837
           16         1000        79.97      4997990
           32         1000       161.64      5051222
           64         1000       321.34      5020962
          128         1000       644.62      5036061
          256         1000      1501.69      5865969
          512         1000       947.59      1850763
         1024         1000      1785.67      1743819
         2048         1000      2855.97      1394516
         4096         1000      4055.77       990179
         8192         1000      5149.40       628589
        16384         1000      6208.32       378926
        32768         1000      6364.11       194217
        65536          640      6187.62        94416
       131072          320      6340.78        48376
       262144          160      6478.65        24714
       524288           80      6621.49        12629
      1048576           40      6110.51         5827
      2097152           20      6124.84         2921
      4194304           10      5010.58         1195

#---------------------------------------------------
# Benchmarking Biband 
# #processes = 4 
#---------------------------------------------------
       #bytes #repetitions   Mbytes/sec      Msg/sec
            0         1000         0.00     12145331
            1         1000        12.39     12386748
            2         1000        24.36     12180490
            4         1000        49.47     12366664
            8         1000        97.04     12129758
           16         1000       198.32     12395262
           32         1000       389.30     12165604
           64         1000       532.45      8319585
          128         1000       933.65      7294119
          256         1000      1628.12      6359858
          512         1000      2978.12      5816632
         1024         1000      5720.65      5586574
         2048         1000     10039.01      4901858
         4096         1000     14137.11      3451444
         8192         1000     22242.43      2715141
        16384         1000     23532.90      1436334
        32768         1000     23960.74       731224
        65536          640     24038.97       366806
       131072          320     24434.32       186419
       262144          160     24329.43        92809
       524288           80     24574.19        46872
      1048576           40     24620.35        23480
      2097152           20     24629.69        11744
      4194304           10     24630.22         5872


# All processes entering MPI_Finalize

