#------------------------------------------------------------
#    Intel(R) MPI Benchmarks 2019 Update 5, MPI-1 part    
#------------------------------------------------------------
# Date                  : Wed Oct  7 09:34:47 2020
# Machine               : x86_64
# System                : Linux
# Release               : 3.10.0-1127.8.2.el7.x86_64
# Version               : #1 SMP Tue May 12 16:57:42 UTC 2020
# MPI Version           : 3.1
# MPI Thread Environment: 


# Calling sequence was: 

# /alaska/steveb/spack/opt/spack/linux-centos7-broadwell/gcc-9.3.0/intel-mpi-benchmarks-2019.5-dwg5q6jdcxgwtiwi2lj32w4ttotvwqnt/bin/IMB-MPI1 uniband -npmin 1 

# Minimum message length in bytes:   0
# Maximum message length in bytes:   4194304
#
# MPI_Datatype                   :   MPI_BYTE 
# MPI_Datatype for reductions    :   MPI_FLOAT 
# MPI_Op                         :   MPI_SUM  
# 
# 

# List of Benchmarks to run:

# Uniband

#---------------------------------------------------
# Benchmarking Uniband 
# #processes = 2 
# ( 2 additional processes waiting in MPI_Barrier)
#---------------------------------------------------
       #bytes #repetitions   Mbytes/sec      Msg/sec
            0         1000         0.00      9056138
            1         1000         9.02      9015735
            2         1000        18.25      9125257
            4         1000        36.60      9150220
            8         1000        72.84      9105319
           16         1000       145.11      9069368
           32         1000       271.33      8479123
           64         1000       571.21      8925227
          128         1000       633.56      4949704
          256         1000      1093.26      4270533
          512         1000      1910.59      3731621
         1024         1000      2796.12      2730589
         2048         1000      5266.52      2571545
         4096         1000      7204.53      1758919
         8192         1000      8871.40      1082935
        16384         1000      6302.73       384688
        32768         1000      8420.76       256981
        65536          640     10151.68       154902
       131072          320     10086.47        76954
       262144          160      9321.95        35560
       524288           80      9183.11        17515
      1048576           40      9388.66         8954
      2097152           20      9404.95         4485
      4194304           10      9439.16         2250

#---------------------------------------------------
# Benchmarking Uniband 
# #processes = 4 
#---------------------------------------------------
       #bytes #repetitions   Mbytes/sec      Msg/sec
            0         1000         0.00     12182648
            1         1000        12.40     12396159
            2         1000        24.66     12332109
            4         1000        49.73     12431306
            8         1000        99.45     12430742
           16         1000       195.66     12228988
           32         1000       327.69     10240228
           64         1000       636.02      9937887
          128         1000       938.39      7331179
          256         1000      1731.26      6762746
          512         1000      3243.23      6334435
         1024         1000      4908.75      4793699
         2048         1000      7111.44      3472384
         4096         1000      9427.38      2301606
         8192         1000     11289.20      1378076
        16384         1000     11636.12       710212
        32768         1000     11881.64       362599
        65536          640     12096.68       184581
       131072          320     11528.43        87955
       262144          160     10328.50        39400
       524288           80     10312.68        19670
      1048576           40     12391.10        11817
      2097152           20     12392.22         5909
      4194304           10     12392.17         2955


# All processes entering MPI_Finalize

