#------------------------------------------------------------
#    Intel(R) MPI Benchmarks 2019 Update 6, MPI-1 part    
#------------------------------------------------------------
# Date                  : Thu Oct  1 16:21:46 2020
# Machine               : x86_64
# System                : Linux
# Release               : 3.10.0-1127.19.1.el7.x86_64
# Version               : #1 SMP Tue Aug 25 17:23:54 UTC 2020
# MPI Version           : 3.1
# MPI Thread Environment: 


# Calling sequence was: 

# /home/hpcbras1/spack/opt/spack/linux-scientific7-skylake_avx512/gcc-9.1.0/intel-mpi-benchmarks-2019.6-5tbknirppyjnbofzuo2idr3bqgxprrmf/bin/IMB-MPI1 biband -npmin 1 

# Minimum message length in bytes:   0
# Maximum message length in bytes:   4194304
#
# MPI_Datatype                   :   MPI_BYTE 
# MPI_Datatype for reductions    :   MPI_FLOAT 
# MPI_Op                         :   MPI_SUM  
# 
# 

# List of Benchmarks to run:

# Biband

#---------------------------------------------------
# Benchmarking Biband 
# #processes = 2 
#---------------------------------------------------
       #bytes #repetitions   Mbytes/sec      Msg/sec
            0         1000         0.00      8855925
            1         1000        10.59     10585228
            2         1000        20.00     10000270
            4         1000        38.00      9500288
            8         1000        75.02      9377609
           16         1000       144.05      9002850
           32         1000       311.35      9729756
           64         1000       506.88      7919933
          128         1000      1072.43      8378374
          256         1000      1823.35      7122471
          512         1000      2862.45      5590714
         1024         1000      4841.39      4727916
         2048         1000      9602.80      4688868
         4096         1000     14844.52      3624151
         8192         1000     19461.58      2375682
        16384         1000     21352.52      1303254
        32768         1000     15755.97       480834
        65536          640     21279.22       324695
       131072          320     23735.16       181085
       262144          160     24110.51        91974
       524288           80     24348.96        46442
      1048576           40     24398.10        23268
      2097152           20     24491.15        11678
      4194304           10     24532.56         5849


# All processes entering MPI_Finalize

