2020-08-19T17:56:30+01:00|reframe 3.0-dev6 (rev: 3f0c45d4)|Gromacs_61k_8 on alaska:roce-gcc9-openmpi4-ucx using gromacs|jobid=5050|ns_per_day=60.79|ns/day|ref=0 (l=None, u=None)|num_nodes=8,num_procs=256,61k-atoms
2020-08-19T17:56:30+01:00|reframe 3.0-dev6 (rev: 3f0c45d4)|Gromacs_61k_8 on alaska:roce-gcc9-openmpi4-ucx using gromacs|jobid=5050|hour_per_ns=0.395|hour/ns|ref=0 (l=None, u=None)|num_nodes=8,num_procs=256,61k-atoms
2020-08-19T17:56:30+01:00|reframe 3.0-dev6 (rev: 3f0c45d4)|Gromacs_61k_8 on alaska:roce-gcc9-openmpi4-ucx using gromacs|jobid=5050|core_t=72771.534|s|ref=0 (l=None, u=None)|num_nodes=8,num_procs=256,61k-atoms
2020-08-19T17:56:30+01:00|reframe 3.0-dev6 (rev: 3f0c45d4)|Gromacs_61k_8 on alaska:roce-gcc9-openmpi4-ucx using gromacs|jobid=5050|wall_t=142.132|s|ref=0 (l=None, u=None)|num_nodes=8,num_procs=256,61k-atoms
2020-08-19T17:56:30+01:00|reframe 3.0-dev6 (rev: 3f0c45d4)|Gromacs_61k_8 on alaska:roce-gcc9-openmpi4-ucx using gromacs|jobid=5050|runtime_real=150.27|s|ref=0 (l=None, u=None)|num_nodes=8,num_procs=256,61k-atoms
2020-09-08T17:25:50+01:00|reframe 3.0-dev6 (rev: 3f0c45d4)|Gromacs_61k_8 on alaska:roce-gcc9-openmpi4-ucx using gromacs|jobid=5240|ns_per_day=54.849|ns/day|ref=0 (l=None, u=None)|61k-atoms,num_procs=256,num_nodes=8
2020-09-08T17:25:50+01:00|reframe 3.0-dev6 (rev: 3f0c45d4)|Gromacs_61k_8 on alaska:roce-gcc9-openmpi4-ucx using gromacs|jobid=5240|hour_per_ns=0.438|hour/ns|ref=0 (l=None, u=None)|61k-atoms,num_procs=256,num_nodes=8
2020-09-08T17:25:50+01:00|reframe 3.0-dev6 (rev: 3f0c45d4)|Gromacs_61k_8 on alaska:roce-gcc9-openmpi4-ucx using gromacs|jobid=5240|core_t=80654.191|s|ref=0 (l=None, u=None)|61k-atoms,num_procs=256,num_nodes=8
2020-09-08T17:25:50+01:00|reframe 3.0-dev6 (rev: 3f0c45d4)|Gromacs_61k_8 on alaska:roce-gcc9-openmpi4-ucx using gromacs|jobid=5240|wall_t=157.528|s|ref=0 (l=None, u=None)|61k-atoms,num_procs=256,num_nodes=8
2020-09-08T17:25:50+01:00|reframe 3.0-dev6 (rev: 3f0c45d4)|Gromacs_61k_8 on alaska:roce-gcc9-openmpi4-ucx using gromacs|jobid=5240|runtime_real=165.81900000000002|s|ref=0 (l=None, u=None)|61k-atoms,num_procs=256,num_nodes=8
2020-09-09T13:45:17+01:00|reframe 3.0-dev6 (rev: 3f0c45d4)|Gromacs_61k_8 on alaska:roce-gcc9-openmpi4-ucx using gromacs|jobid=5258|ns_per_day=26.233|ns/day|ref=0 (l=None, u=None)|num_procs=256,num_nodes=8,61k-atoms
2020-09-09T13:45:17+01:00|reframe 3.0-dev6 (rev: 3f0c45d4)|Gromacs_61k_8 on alaska:roce-gcc9-openmpi4-ucx using gromacs|jobid=5258|hour_per_ns=0.915|hour/ns|ref=0 (l=None, u=None)|num_procs=256,num_nodes=8,61k-atoms
2020-09-09T13:45:17+01:00|reframe 3.0-dev6 (rev: 3f0c45d4)|Gromacs_61k_8 on alaska:roce-gcc9-openmpi4-ucx using gromacs|jobid=5258|core_t=168631.234|s|ref=0 (l=None, u=None)|num_procs=256,num_nodes=8,61k-atoms
2020-09-09T13:45:17+01:00|reframe 3.0-dev6 (rev: 3f0c45d4)|Gromacs_61k_8 on alaska:roce-gcc9-openmpi4-ucx using gromacs|jobid=5258|wall_t=329.358|s|ref=0 (l=None, u=None)|num_procs=256,num_nodes=8,61k-atoms
2020-09-09T13:45:17+01:00|reframe 3.0-dev6 (rev: 3f0c45d4)|Gromacs_61k_8 on alaska:roce-gcc9-openmpi4-ucx using gromacs|jobid=5258|runtime_real=337.822|s|ref=0 (l=None, u=None)|num_procs=256,num_nodes=8,61k-atoms
2020-09-10T10:37:30+01:00|reframe 3.0-dev6 (rev: 3f0c45d4)|Gromacs_61k_8 on alaska:roce-gcc9-openmpi4-ucx using gromacs|jobid=5323|ns_per_day=24.689|ns/day|ref=0 (l=None, u=None)|num_nodes=8,num_procs=256,61k-atoms
2020-09-10T10:37:30+01:00|reframe 3.0-dev6 (rev: 3f0c45d4)|Gromacs_61k_8 on alaska:roce-gcc9-openmpi4-ucx using gromacs|jobid=5323|hour_per_ns=0.972|hour/ns|ref=0 (l=None, u=None)|num_nodes=8,num_procs=256,61k-atoms
2020-09-10T10:37:30+01:00|reframe 3.0-dev6 (rev: 3f0c45d4)|Gromacs_61k_8 on alaska:roce-gcc9-openmpi4-ucx using gromacs|jobid=5323|core_t=179182.886|s|ref=0 (l=None, u=None)|num_nodes=8,num_procs=256,61k-atoms
2020-09-10T10:37:30+01:00|reframe 3.0-dev6 (rev: 3f0c45d4)|Gromacs_61k_8 on alaska:roce-gcc9-openmpi4-ucx using gromacs|jobid=5323|wall_t=349.967|s|ref=0 (l=None, u=None)|num_nodes=8,num_procs=256,61k-atoms
2020-09-10T10:37:30+01:00|reframe 3.0-dev6 (rev: 3f0c45d4)|Gromacs_61k_8 on alaska:roce-gcc9-openmpi4-ucx using gromacs|jobid=5323|runtime_real=358.493|s|ref=0 (l=None, u=None)|num_nodes=8,num_procs=256,61k-atoms
2020-09-10T15:27:20+01:00|reframe 3.0-dev6 (rev: 3f0c45d4)|Gromacs_61k_8 on alaska:roce-gcc9-openmpi4-ucx using gromacs|jobid=6417|ns_per_day=26.78|ns/day|ref=0 (l=None, u=None)|num_procs=256,61k-atoms,num_nodes=8
2020-09-10T15:27:20+01:00|reframe 3.0-dev6 (rev: 3f0c45d4)|Gromacs_61k_8 on alaska:roce-gcc9-openmpi4-ucx using gromacs|jobid=6417|hour_per_ns=0.896|hour/ns|ref=0 (l=None, u=None)|num_procs=256,61k-atoms,num_nodes=8
2020-09-10T15:27:20+01:00|reframe 3.0-dev6 (rev: 3f0c45d4)|Gromacs_61k_8 on alaska:roce-gcc9-openmpi4-ucx using gromacs|jobid=6417|core_t=165189.379|s|ref=0 (l=None, u=None)|num_procs=256,61k-atoms,num_nodes=8
2020-09-10T15:27:20+01:00|reframe 3.0-dev6 (rev: 3f0c45d4)|Gromacs_61k_8 on alaska:roce-gcc9-openmpi4-ucx using gromacs|jobid=6417|wall_t=322.636|s|ref=0 (l=None, u=None)|num_procs=256,61k-atoms,num_nodes=8
2020-09-10T15:27:20+01:00|reframe 3.0-dev6 (rev: 3f0c45d4)|Gromacs_61k_8 on alaska:roce-gcc9-openmpi4-ucx using gromacs|jobid=6417|runtime_real=330.762|s|ref=0 (l=None, u=None)|num_procs=256,61k-atoms,num_nodes=8
