Log file opened on Thu Sep 10 15:41:18 2020
Host: openhpc-compute-0  pid: 58569  rank ID: 0  number of ranks:  512
                      :-) GROMACS - gmx mdrun, 2016.4 (-:

                            GROMACS is written by:
     Emile Apol      Rossen Apostolov  Herman J.C. Berendsen    Par Bjelkmar   
 Aldert van Buuren   Rudi van Drunen     Anton Feenstra    Gerrit Groenhof  
 Christoph Junghans   Anca Hamuraru    Vincent Hindriksen Dimitrios Karkoulis
    Peter Kasson        Jiri Kraus      Carsten Kutzner      Per Larsson    
  Justin A. Lemkul   Magnus Lundborg   Pieter Meulenhoff    Erik Marklund   
   Teemu Murtola       Szilard Pall       Sander Pronk      Roland Schulz   
  Alexey Shvetsov     Michael Shirts     Alfons Sijbers     Peter Tieleman  
  Teemu Virolainen  Christian Wennberg    Maarten Wolf   
                           and the project leaders:
        Mark Abraham, Berk Hess, Erik Lindahl, and David van der Spoel

Copyright (c) 1991-2000, University of Groningen, The Netherlands.
Copyright (c) 2001-2017, The GROMACS development team at
Uppsala University, Stockholm University and
the Royal Institute of Technology, Sweden.
check out http://www.gromacs.org for more information.

GROMACS is free software; you can redistribute it and/or modify it
under the terms of the GNU Lesser General Public License
as published by the Free Software Foundation; either version 2.1
of the License, or (at your option) any later version.

GROMACS:      gmx mdrun, version 2016.4
Executable:   /alaska/steveb/spack/opt/spack/linux-centos7-broadwell/gcc-9.3.0/gromacs-2016.4-y5sjbs44dv3c5ky2godzmvtt7doh4e7f/bin/gmx_mpi
Data prefix:  /alaska/steveb/spack/opt/spack/linux-centos7-broadwell/gcc-9.3.0/gromacs-2016.4-y5sjbs44dv3c5ky2godzmvtt7doh4e7f
Working dir:  /alaska/steveb/hpc-tests/stage/alaska/ib-gcc9-openmpi4-ucx/gromacs/Gromacs_1400k_16
Command line:
  gmx_mpi mdrun -s benchmark.tpr -g 1400k-atoms.log -noconfout

GROMACS version:    2016.4
Precision:          single
Memory model:       64 bit
MPI library:        MPI
OpenMP support:     enabled (GMX_OPENMP_MAX_THREADS = 32)
GPU support:        disabled
SIMD instructions:  AVX2_256
FFT library:        fftw-3.3.8-sse2-avx-avx2-avx2_128
RDTSCP usage:       enabled
TNG support:        enabled
Hwloc support:      hwloc-1.11.6
Tracing support:    disabled
Built on:           Wed Aug 12 16:57:40 BST 2020
Built by:           steveb@openhpc-login-0 [CMAKE]
Build OS/arch:      Linux 3.10.0-1127.8.2.el7.x86_64 x86_64
Build CPU vendor:   Unknown
Build CPU brand:    Unknown
Build CPU family:   0   Model: 0   Stepping: 0
Build CPU features: Unknown
C compiler:         /alaska/steveb/spack/lib/spack/env/gcc/gcc GNU 9.3.0
C compiler flags:    -march=core-avx2 -pthread    -O2 -g -DNDEBUG -funroll-all-loops -fexcess-precision=fast 
C++ compiler:       /alaska/steveb/spack/lib/spack/env/gcc/g++ GNU 9.3.0
C++ compiler flags:  -march=core-avx2 -pthread   -std=c++0x   -O2 -g -DNDEBUG -funroll-all-loops -fexcess-precision=fast 


Running on 16 nodes with total 512 cores, 1024 logical cores
  Cores per node:           32
  Logical cores per node:   64
Hardware detected on host openhpc-compute-0 (the node of MPI rank 0):
  CPU info:
    Vendor: Intel
    Brand:  Intel(R) Xeon(R) CPU E5-2683 v4 @ 2.10GHz
    Family: 6   Model: 79   Stepping: 1
    Features: aes apic avx avx2 clfsh cmov cx8 cx16 f16c fma hle htt lahf mmx msr nonstop_tsc pcid pclmuldq pdcm pdpe1gb popcnt pse rdrnd rdtscp rtm sse2 sse3 sse4.1 sse4.2 ssse3 tdt x2apic
    SIMD instructions most likely to fit this hardware: AVX2_256
    SIMD instructions selected at GROMACS compile time: AVX2_256

  Hardware topology: Full, with devices
    Sockets, cores, and logical processors:
      Socket  0: [   0  32] [   2  34] [   4  36] [   6  38] [   8  40] [  10  42] [  12  44] [  14  46] [  16  48] [  18  50] [  20  52] [  22  54] [  24  56] [  26  58] [  28  60] [  30  62]
      Socket  1: [   1  33] [   3  35] [   5  37] [   7  39] [   9  41] [  11  43] [  13  45] [  15  47] [  17  49] [  19  51] [  21  53] [  23  55] [  25  57] [  27  59] [  29  61] [  31  63]
    Numa nodes:
      Node  0 (67282276352 bytes mem):   0  32   2  34   4  36   6  38   8  40  10  42  12  44  14  46  16  48  18  50  20  52  22  54  24  56  26  58  28  60  30  62
      Node  1 (67640008704 bytes mem):   1  33   3  35   5  37   7  39   9  41  11  43  13  45  15  47  17  49  19  51  21  53  23  55  25  57  27  59  29  61  31  63
      Latency:
               0     1
         0  1.00  2.10
         1  2.10  1.00
    Caches:
      L1: 32768 bytes, linesize 64 bytes, assoc. 8, shared 2 ways
      L2: 262144 bytes, linesize 64 bytes, assoc. 8, shared 2 ways
      L3: 41943040 bytes, linesize 64 bytes, assoc. 20, shared 32 ways
    PCI devices:
      0000:02:00.0  Id: 1000:005d  Class: 0x0104  Numa: 0
      0000:03:00.0  Id: 15b3:1013  Class: 0x0207  Numa: 0
      0000:03:00.1  Id: 15b3:1013  Class: 0x0200  Numa: 0
      0000:01:00.0  Id: 8086:10fb  Class: 0x0200  Numa: 0
      0000:01:00.1  Id: 8086:10fb  Class: 0x0200  Numa: 0
      0000:00:11.4  Id: 8086:8d62  Class: 0x0106  Numa: 0
      0000:06:00.0  Id: 8086:1521  Class: 0x0200  Numa: 0
      0000:06:00.1  Id: 8086:1521  Class: 0x0200  Numa: 0
      0000:0a:00.0  Id: 102b:0534  Class: 0x0300  Numa: 0
      0000:00:1f.2  Id: 8086:8d02  Class: 0x0106  Numa: 0


++++ PLEASE READ AND CITE THE FOLLOWING REFERENCE ++++
M. J. Abraham, T. Murtola, R. Schulz, S. Páll, J. C. Smith, B. Hess, E.
Lindahl
GROMACS: High performance molecular simulations through multi-level
parallelism from laptops to supercomputers
SoftwareX 1 (2015) pp. 19-25
-------- -------- --- Thank You --- -------- --------


++++ PLEASE READ AND CITE THE FOLLOWING REFERENCE ++++
S. Páll, M. J. Abraham, C. Kutzner, B. Hess, E. Lindahl
Tackling Exascale Software Challenges in Molecular Dynamics Simulations with
GROMACS
In S. Markidis & E. Laure (Eds.), Solving Software Challenges for Exascale 8759 (2015) pp. 3-27
-------- -------- --- Thank You --- -------- --------


++++ PLEASE READ AND CITE THE FOLLOWING REFERENCE ++++
S. Pronk, S. Páll, R. Schulz, P. Larsson, P. Bjelkmar, R. Apostolov, M. R.
Shirts, J. C. Smith, P. M. Kasson, D. van der Spoel, B. Hess, and E. Lindahl
GROMACS 4.5: a high-throughput and highly parallel open source molecular
simulation toolkit
Bioinformatics 29 (2013) pp. 845-54
-------- -------- --- Thank You --- -------- --------


++++ PLEASE READ AND CITE THE FOLLOWING REFERENCE ++++
B. Hess and C. Kutzner and D. van der Spoel and E. Lindahl
GROMACS 4: Algorithms for highly efficient, load-balanced, and scalable
molecular simulation
J. Chem. Theory Comput. 4 (2008) pp. 435-447
-------- -------- --- Thank You --- -------- --------


++++ PLEASE READ AND CITE THE FOLLOWING REFERENCE ++++
D. van der Spoel, E. Lindahl, B. Hess, G. Groenhof, A. E. Mark and H. J. C.
Berendsen
GROMACS: Fast, Flexible and Free
J. Comp. Chem. 26 (2005) pp. 1701-1719
-------- -------- --- Thank You --- -------- --------


++++ PLEASE READ AND CITE THE FOLLOWING REFERENCE ++++
E. Lindahl and B. Hess and D. van der Spoel
GROMACS 3.0: A package for molecular simulation and trajectory analysis
J. Mol. Mod. 7 (2001) pp. 306-317
-------- -------- --- Thank You --- -------- --------


++++ PLEASE READ AND CITE THE FOLLOWING REFERENCE ++++
H. J. C. Berendsen, D. van der Spoel and R. van Drunen
GROMACS: A message-passing parallel molecular dynamics implementation
Comp. Phys. Comm. 91 (1995) pp. 43-56
-------- -------- --- Thank You --- -------- --------

Changing nstlist from 10 to 25, rlist from 1.2 to 1.23

Input Parameters:
   integrator                     = md
   tinit                          = 0
   dt                             = 0.002
   nsteps                         = 10000
   init-step                      = 0
   simulation-part                = 1
   comm-mode                      = Linear
   nstcomm                        = 5000
   bd-fric                        = 0
   ld-seed                        = 1271384452
   emtol                          = 10
   emstep                         = 0.01
   niter                          = 20
   fcstep                         = 0
   nstcgsteep                     = 1000
   nbfgscorr                      = 10
   rtpi                           = 0.05
   nstxout                        = 5000
   nstvout                        = 0
   nstfout                        = 0
   nstlog                         = 5000
   nstcalcenergy                  = 100
   nstenergy                      = 5000
   nstxout-compressed             = 0
   compressed-x-precision         = 1000
   cutoff-scheme                  = Verlet
   nstlist                        = 25
   ns-type                        = Grid
   pbc                            = xyz
   periodic-molecules             = false
   verlet-buffer-tolerance        = 0.005
   rlist                          = 1.23
   coulombtype                    = PME
   coulomb-modifier               = None
   rcoulomb-switch                = 0
   rcoulomb                       = 1.2
   epsilon-r                      = 1
   epsilon-rf                     = inf
   vdw-type                       = Cut-off
   vdw-modifier                   = Force-switch
   rvdw-switch                    = 1
   rvdw                           = 1.2
   DispCorr                       = No
   table-extension                = 1
   fourierspacing                 = 0.12
   fourier-nx                     = 160
   fourier-ny                     = 280
   fourier-nz                     = 208
   pme-order                      = 4
   ewald-rtol                     = 1e-05
   ewald-rtol-lj                  = 0.001
   lj-pme-comb-rule               = Geometric
   ewald-geometry                 = 0
   epsilon-surface                = 0
   implicit-solvent               = No
   gb-algorithm                   = Still
   nstgbradii                     = 1
   rgbradii                       = 1
   gb-epsilon-solvent             = 80
   gb-saltconc                    = 0
   gb-obc-alpha                   = 1
   gb-obc-beta                    = 0.8
   gb-obc-gamma                   = 4.85
   gb-dielectric-offset           = 0.009
   sa-algorithm                   = Ace-approximation
   sa-surface-tension             = 2.05016
   tcoupl                         = Berendsen
   nsttcouple                     = 10
   nh-chain-length                = 0
   print-nose-hoover-chain-variables = false
   pcoupl                         = Berendsen
   pcoupltype                     = Semiisotropic
   nstpcouple                     = 10
   tau-p                          = 1
   compressibility (3x3):
      compressibility[    0]={ 0.00000e+00,  0.00000e+00,  0.00000e+00}
      compressibility[    1]={ 0.00000e+00,  0.00000e+00,  0.00000e+00}
      compressibility[    2]={ 0.00000e+00,  0.00000e+00,  4.50000e-05}
   ref-p (3x3):
      ref-p[    0]={ 5.00000e+00,  0.00000e+00,  0.00000e+00}
      ref-p[    1]={ 0.00000e+00,  5.00000e+00,  0.00000e+00}
      ref-p[    2]={ 0.00000e+00,  0.00000e+00,  1.00000e+00}
   refcoord-scaling               = No
   posres-com (3):
      posres-com[0]= 0.00000e+00
      posres-com[1]= 0.00000e+00
      posres-com[2]= 0.00000e+00
   posres-comB (3):
      posres-comB[0]= 0.00000e+00
      posres-comB[1]= 0.00000e+00
      posres-comB[2]= 0.00000e+00
   QMMM                           = false
   QMconstraints                  = 0
   QMMMscheme                     = 0
   MMChargeScaleFactor            = 1
qm-opts:
   ngQM                           = 0
   constraint-algorithm           = Lincs
   continuation                   = true
   Shake-SOR                      = false
   shake-tol                      = 0.0001
   lincs-order                    = 4
   lincs-iter                     = 1
   lincs-warnangle                = 30
   nwall                          = 0
   wall-type                      = 9-3
   wall-r-linpot                  = -1
   wall-atomtype[0]               = -1
   wall-atomtype[1]               = -1
   wall-density[0]                = 0
   wall-density[1]                = 0
   wall-ewald-zfac                = 3
   pull                           = false
   rotation                       = false
   interactiveMD                  = false
   disre                          = No
   disre-weighting                = Conservative
   disre-mixed                    = false
   dr-fc                          = 1000
   dr-tau                         = 0
   nstdisreout                    = 100
   orire-fc                       = 0
   orire-tau                      = 0
   nstorireout                    = 100
   free-energy                    = no
   cos-acceleration               = 0
   deform (3x3):
      deform[    0]={ 0.00000e+00,  0.00000e+00,  0.00000e+00}
      deform[    1]={ 0.00000e+00,  0.00000e+00,  0.00000e+00}
      deform[    2]={ 0.00000e+00,  0.00000e+00,  0.00000e+00}
   simulated-tempering            = false
   E-x:
      n = 0
   E-xt:
      n = 0
   E-y:
      n = 0
   E-yt:
      n = 0
   E-z:
      n = 0
   E-zt:
      n = 0
   swapcoords                     = no
   userint1                       = 0
   userint2                       = 0
   userint3                       = 0
   userint4                       = 0
   userreal1                      = 0
   userreal2                      = 0
   userreal3                      = 0
   userreal4                      = 0
grpopts:
   nrdf:  2.9207e+06
   ref-t:         300
   tau-t:           1
annealing:          No
annealing-npoints:           0
   acc:	           0           0           0
   nfreeze:           N           N           N
   energygrp-flags[  0]: 0


Initializing Domain Decomposition on 512 ranks
Dynamic load balancing: auto
Initial maximum inter charge-group distances:
    two-body bonded interactions: 0.468 nm, LJ-14, atoms 34984 35084
  multi-body bonded interactions: 0.498 nm, CMAP Dih., atoms 4926 4939
Minimum cell size due to bonded interactions: 0.548 nm
Maximum distance for 5 constraints, at 120 deg. angles, all-trans: 0.222 nm
Estimated maximum distance required for P-LINCS: 0.222 nm
Guess for relative PME load: 0.18
Will use 384 particle-particle and 128 PME only ranks
This is a guess, check the performance at the end of the log file
Using 128 separate PME ranks, as guessed by mdrun
Scaling the initial minimum size with 1/0.8 (option -dds) = 1.25
Optimizing the DD grid for 384 cells with a minimum initial size of 0.685 nm
The maximum allowed number of cells is: X 26 Y 46 Z 35
Domain decomposition grid 8 x 16 x 3, separate PME ranks 128
PME domain decomposition: 8 x 16 x 1
Interleaving PP and PME ranks
This rank does only particle-particle work.

Domain decomposition rank 0, coordinates 0 0 0

The initial number of communication pulses is: X 1 Y 1 Z 1
The initial domain decomposition cell size is: X 2.28 nm Y 2.00 nm Z 8.02 nm

The maximum allowed distance for charge groups involved in interactions is:
                 non-bonded interactions           1.230 nm
(the following are initial values, they could change due to box deformation)
            two-body bonded interactions  (-rdd)   1.230 nm
          multi-body bonded interactions  (-rdd)   1.230 nm
  atoms separated by up to 5 constraints  (-rcon)  2.000 nm

When dynamic load balancing gets turned on, these settings will change to:
The maximum number of communication pulses is: X 1 Y 1 Z 1
The minimum size for domain decomposition cells is 1.230 nm
The requested allowed shrink of DD cells (option -dds) is: 0.80
The allowed shrink of domain decomposition cells is: X 0.54 Y 0.62 Z 0.15
The maximum allowed distance for charge groups involved in interactions is:
                 non-bonded interactions           1.230 nm
            two-body bonded interactions  (-rdd)   1.230 nm
          multi-body bonded interactions  (-rdd)   1.230 nm
  atoms separated by up to 5 constraints  (-rcon)  1.230 nm

Using two step summing over 16 groups of on average 24.0 ranks

Using 512 MPI processes
Using 2 OpenMP threads per MPI process

Will do PME sum in reciprocal space for electrostatic interactions.

++++ PLEASE READ AND CITE THE FOLLOWING REFERENCE ++++
U. Essmann, L. Perera, M. L. Berkowitz, T. Darden, H. Lee and L. G. Pedersen 
A smooth particle mesh Ewald method
J. Chem. Phys. 103 (1995) pp. 8577-8592
-------- -------- --- Thank You --- -------- --------

Will do ordinary reciprocal space Ewald sum.
Using a Gaussian width (1/beta) of 0.384195 nm for Ewald
Cut-off's:   NS: 1.23   Coulomb: 1.2   LJ: 1.2
System total charge: 0.000
Generated table with 1115 data points for 1-4 COUL.
Tabscale = 500 points/nm
Generated table with 1115 data points for 1-4 LJ6.
Tabscale = 500 points/nm
Generated table with 1115 data points for 1-4 LJ12.
Tabscale = 500 points/nm
Potential shift: LJ r^-12: -2.648e-01 r^-6: -5.349e-01, Ewald -0.000e+00
Initialized non-bonded Ewald correction tables, spacing: 1.02e-03 size: 1176


Using SIMD 4x8 non-bonded kernels

Pinning threads with an auto-selected logical core stride of 1

Initializing Parallel LINear Constraint Solver

++++ PLEASE READ AND CITE THE FOLLOWING REFERENCE ++++
B. Hess
P-LINCS: A Parallel Linear Constraint Solver for molecular simulation
J. Chem. Theory Comput. 4 (2008) pp. 116-122
-------- -------- --- Thank You --- -------- --------

The number of constraints is 165440
There are inter charge-group constraints,
will communicate selected coordinates each lincs iteration

++++ PLEASE READ AND CITE THE FOLLOWING REFERENCE ++++
S. Miyamoto and P. A. Kollman
SETTLE: An Analytical Version of the SHAKE and RATTLE Algorithms for Rigid
Water Models
J. Comp. Chem. 13 (1992) pp. 952-962
-------- -------- --- Thank You --- -------- --------


Linking all bonded interactions to atoms

Intra-simulation communication will occur every 5 steps.
Center of mass motion removal mode is Linear
We have the following groups for center of mass motion removal:
  0:  rest

++++ PLEASE READ AND CITE THE FOLLOWING REFERENCE ++++
H. J. C. Berendsen, J. P. M. Postma, A. DiNola and J. R. Haak
Molecular dynamics with coupling to an external bath
J. Chem. Phys. 81 (1984) pp. 3684-3690
-------- -------- --- Thank You --- -------- --------

There are: 1403180 Atoms
Atom distribution over 384 domains: av 3654 stddev 67 min 3511 max 3838

Started mdrun on rank 0 Thu Sep 10 15:41:24 2020
           Step           Time
              0        0.00000

   Energies (kJ/mol)
           Bond            U-B    Proper Dih.  Improper Dih.      CMAP Dih.
    1.36790e+05    6.73804e+05    3.13009e+05    1.00469e+04   -1.64137e+04
          LJ-14     Coulomb-14        LJ (SR)   Coulomb (SR)   Coul. recip.
    9.50523e+04   -6.85144e+05    1.84027e+06   -1.81459e+07    6.45530e+04
      Potential    Kinetic En.   Total Energy    Temperature Pressure (bar)
   -1.57139e+07    3.64376e+06   -1.20702e+07    3.00094e+02   -1.21192e+01
   Constr. rmsd
    6.01482e-06

DD  step 24 load imb.: force 23.0%  pme mesh/force 1.697

step  100: timed with pme grid 160 280 208, coulomb cutoff 1.200: 732.8 M-cycles
step  150: timed with pme grid 144 256 192, coulomb cutoff 1.264: 892.6 M-cycles
step  200: timed with pme grid 160 256 192, coulomb cutoff 1.254: 961.8 M-cycles
step  250: timed with pme grid 160 256 200, coulomb cutoff 1.250: 814.4 M-cycles
step  300: timed with pme grid 160 280 200, coulomb cutoff 1.204: 932.1 M-cycles
step  350: timed with pme grid 160 280 208, coulomb cutoff 1.200: 878.9 M-cycles
              optimal pme grid 160 280 208, coulomb cutoff 1.200
DD  step 4999 load imb.: force 25.5%  pme mesh/force 1.464

           Step           Time
           5000       10.00000

   Energies (kJ/mol)
           Bond            U-B    Proper Dih.  Improper Dih.      CMAP Dih.
    1.36618e+05    6.72729e+05    3.12692e+05    1.02464e+04   -1.64653e+04
          LJ-14     Coulomb-14        LJ (SR)   Coulomb (SR)   Coul. recip.
    9.46257e+04   -6.84739e+05    1.84388e+06   -1.81498e+07    6.44634e+04
      Potential    Kinetic En.   Total Energy    Temperature Pressure (bar)
   -1.57158e+07    3.64515e+06   -1.20706e+07    3.00209e+02    5.31414e+00
   Constr. rmsd
    6.03567e-06

DD  step 9999 load imb.: force 27.9%  pme mesh/force 1.709

           Step           Time
          10000       20.00000

   Energies (kJ/mol)
           Bond            U-B    Proper Dih.  Improper Dih.      CMAP Dih.
    1.36035e+05    6.71892e+05    3.12346e+05    1.02183e+04   -1.63923e+04
          LJ-14     Coulomb-14        LJ (SR)   Coulomb (SR)   Coul. recip.
    9.46713e+04   -6.85760e+05    1.83926e+06   -1.81394e+07    6.45821e+04
      Potential    Kinetic En.   Total Energy    Temperature Pressure (bar)
   -1.57126e+07    3.64349e+06   -1.20691e+07    3.00072e+02    9.97003e+00
   Constr. rmsd
    6.05637e-06

	<======  ###############  ==>
	<====  A V E R A G E S  ====>
	<==  ###############  ======>

	Statistics over 10001 steps using 101 frames

   Energies (kJ/mol)
           Bond            U-B    Proper Dih.  Improper Dih.      CMAP Dih.
    1.35935e+05    6.73031e+05    3.12690e+05    1.01495e+04   -1.65137e+04
          LJ-14     Coulomb-14        LJ (SR)   Coulomb (SR)   Coul. recip.
    9.46073e+04   -6.85164e+05    1.84085e+06   -1.81434e+07    6.44464e+04
      Potential    Kinetic En.   Total Energy    Temperature Pressure (bar)
   -1.57133e+07    3.64293e+06   -1.20704e+07    3.00026e+02   -6.96198e+00
   Constr. rmsd
    0.00000e+00

          Box-X          Box-Y          Box-Z
    1.82000e+01    3.20000e+01    2.40823e+01

   Total Virial (kJ/mol)
    1.21294e+06   -2.11106e+03    7.35856e+02
   -2.24648e+03    1.21158e+06    2.21236e+03
    7.04593e+02    2.30709e+03    1.22723e+06

   Pressure (bar)
   -1.44519e+01    5.08355e+00   -2.96866e+00
    5.40424e+00   -1.01988e+01   -5.09160e+00
   -2.89463e+00   -5.31596e+00    3.76474e+00


	M E G A - F L O P S   A C C O U N T I N G

 NB=Group-cutoff nonbonded kernels    NxN=N-by-N cluster Verlet kernels
 RF=Reaction-Field  VdW=Van der Waals  QSTab=quadratic-spline table
 W3=SPC/TIP3p  W4=TIP4p (single or pairs)
 V&F=Potential and force  V=Potential only  F=Force only

 Computing:                               M-Number         M-Flops  % Flops
-----------------------------------------------------------------------------
 NB VdW [V&F]                          5292.309178        5292.309     0.0
 Pair Search distance check          288929.808288     2600368.275     0.3
 NxN Ewald Elec. + LJ [F]           6577516.392304   513046278.600    61.7
 NxN Ewald Elec. + LJ [V&F]           67134.466240     8660346.145     1.0
 NxN LJ [F]                               4.505216         202.735     0.0
 NxN LJ [V&F]                             0.049984           3.249     0.0
 NxN Ewald Elec. [F]                4181952.585456   255099107.713    30.7
 NxN Ewald Elec. [V&F]                42688.823136     3585861.143     0.4
 1,4 nonbonded interactions            7402.700196      666243.018     0.1
 Calc Weights                         42099.609540     1515585.943     0.2
 Spread Q Bspline                    898125.003520     1796250.007     0.2
 Gather F Bspline                    898125.003520     5388750.021     0.6
 3D-FFT                             4302490.502144    34419924.017     4.1
 Solve PME                             7156.224000      457998.336     0.1
 Reset In Box                           561.272000        1683.816     0.0
 CG-CoM                                 562.675180        1688.026     0.0
 Bonds                                 1121.572146       66172.757     0.0
 Propers                               7956.015522     1821927.555     0.2
 Impropers                              111.671166       23227.603     0.0
 Virial                                1421.880460       25593.848     0.0
 Stop-CM                                  4.209540          42.095     0.0
 P-Coupling                            1403.180000        8419.080     0.0
 Calc-Ekin                             5615.526360      151619.212     0.0
 Lincs                                 1855.934158      111356.049     0.0
 Lincs-Mat                            12444.075108       49776.300     0.0
 Constraint-V                         15939.848687      127518.789     0.0
 Constraint-Vir                        1409.659945       33831.839     0.0
 Settle                                4075.993457     1316545.887     0.2
 (null)                                  28.342834           0.000     0.0
-----------------------------------------------------------------------------
 Total                                               830981614.366   100.0
-----------------------------------------------------------------------------


    D O M A I N   D E C O M P O S I T I O N   S T A T I S T I C S

 av. #atoms communicated per step for force:  2 x 2434661.3
 av. #atoms communicated per step for LINCS:  2 x 130954.9

 Average load imbalance: 24.2 %
 Part of the total run time spent waiting due to load imbalance: 6.3 %
 Average PME mesh/force load: 1.666
 Part of the total run time spent waiting due to PP/PME imbalance: 24.6 %

NOTE: 6.3 % of the available CPU time was lost due to load imbalance
      in the domain decomposition.
      You might want to use dynamic load balancing (option -dlb.)

NOTE: 24.6 % performance was lost because the PME ranks
      had more work to do than the PP ranks.
      You might want to increase the number of PME ranks
      or increase the cut-off and the grid spacing.


     R E A L   C Y C L E   A N D   T I M E   A C C O U N T I N G

On 384 MPI ranks doing PP, each using 2 OpenMP threads, and
on 128 MPI ranks doing PME, each using 2 OpenMP threads

 Computing:          Num   Num      Call    Wall time         Giga-Cycles
                     Ranks Threads  Count      (s)         total sum    %
-----------------------------------------------------------------------------
 Domain decomp.       384    2        400      16.937      27315.768   5.6
 DD comm. load        384    2          6       0.001          1.430   0.0
 Send X to PME        384    2      10001       0.368        593.611   0.1
 Neighbor search      384    2        401       2.644       4264.860   0.9
 Comm. coord.         384    2       9600       8.617      13897.032   2.9
 Force                384    2      10001      61.812      99690.524  20.5
 Wait + Comm. F       384    2      10001      18.636      30056.333   6.2
 PME mesh *           128    2      10001     168.193      90419.977  18.6
 PME wait for PP *                             58.005      31183.359   6.4
 Wait + Recv. PME F   384    2      10001      81.506     131451.739  27.0
 NB X/F buffer ops.   384    2      29201       0.976       1574.276   0.3
 Write traj.          384    2          3       0.004          5.964   0.0
 Update               384    2      10001       0.505        813.981   0.2
 Constraints          384    2      10001      17.009      27431.678   5.6
 Comm. energies       384    2       2001      16.800      27094.384   5.6
 Rest                                           0.384        619.116   0.1
-----------------------------------------------------------------------------
 Total                                        226.198     486414.258 100.0
-----------------------------------------------------------------------------
(*) Note that with separate PME ranks, the walltime column actually sums to
    twice the total reported, but the cycle count total and % are correct.
-----------------------------------------------------------------------------
 Breakdown of PME mesh computation
-----------------------------------------------------------------------------
 PME redist. X/F      128    2      20002      54.765      29441.399   6.1
 PME spread/gather    128    2      20002      25.655      13792.068   2.8
 PME 3D-FFT           128    2      20002       9.284       4991.091   1.0
 PME 3D-FFT Comm.     128    2      40004      76.401      41073.038   8.4
 PME solve Elec       128    2      10001       2.050       1101.895   0.2
-----------------------------------------------------------------------------

NOTE: 6 % of the run time was spent communicating energies,
      you might want to use the -gcom option of mdrun


               Core t (s)   Wall t (s)        (%)
       Time:   231626.793      226.198   102400.0
                 (ns/day)    (hour/ns)
Performance:        7.640        3.141
Finished mdrun on rank 0 Thu Sep 10 15:45:11 2020
