#------------------------------------------------------------
#    Intel(R) MPI Benchmarks 2019 Update 5, MPI-1 part    
#------------------------------------------------------------
# Date                  : Fri Sep 11 15:04:25 2020
# Machine               : x86_64
# System                : Linux
# Release               : 3.10.0-1127.8.2.el7.x86_64
# Version               : #1 SMP Tue May 12 16:57:42 UTC 2020
# MPI Version           : 3.1
# MPI Thread Environment: 


# Calling sequence was: 

# IMB-MPI1 uniband -npmin 4 

# Minimum message length in bytes:   0
# Maximum message length in bytes:   4194304
#
# MPI_Datatype                   :   MPI_BYTE 
# MPI_Datatype for reductions    :   MPI_FLOAT 
# MPI_Op                         :   MPI_SUM  
# 
# 

# List of Benchmarks to run:

# Uniband

#---------------------------------------------------
# Benchmarking Uniband 
# #processes = 4 
#---------------------------------------------------
       #bytes #repetitions   Mbytes/sec      Msg/sec
            0         1000         0.00      5225342
            1         1000         4.37      4370076
            2         1000        10.35      5175985
            4         1000        20.74      5184194
            8         1000        41.43      5178808
           16         1000        82.83      5176836
           32         1000       164.98      5155687
           64         1000       325.35      5083564
          128         1000       545.56      4262170
          256         1000      1089.79      4256998
          512         1000      2275.98      4445266
         1024         1000      3967.79      3874795
         2048         1000      6237.28      3045549
         4096         1000      8977.76      2191835
         8192         1000     11042.32      1347939
        16384         1000     11267.95       687741
        32768         1000     11828.14       360966
        65536          640     11969.46       182639
       131072          320     11681.93        89126
       262144          160     11468.90        43750
       524288           80     11449.74        21839
      1048576           40     11527.53        10994
      2097152           20     11507.24         5487
      4194304           10     11521.28         2747


# All processes entering MPI_Finalize

