#------------------------------------------------------------
#    Intel(R) MPI Benchmarks 2019 Update 5, MPI-1 part    
#------------------------------------------------------------
# Date                  : Wed Oct  7 09:34:44 2020
# Machine               : x86_64
# System                : Linux
# Release               : 3.10.0-1127.8.2.el7.x86_64
# Version               : #1 SMP Tue May 12 16:57:42 UTC 2020
# MPI Version           : 3.1
# MPI Thread Environment: 


# Calling sequence was: 

# /alaska/steveb/spack/opt/spack/linux-centos7-broadwell/gcc-9.3.0/intel-mpi-benchmarks-2019.5-dwg5q6jdcxgwtiwi2lj32w4ttotvwqnt/bin/IMB-MPI1 uniband -npmin 1 

# Minimum message length in bytes:   0
# Maximum message length in bytes:   4194304
#
# MPI_Datatype                   :   MPI_BYTE 
# MPI_Datatype for reductions    :   MPI_FLOAT 
# MPI_Op                         :   MPI_SUM  
# 
# 

# List of Benchmarks to run:

# Uniband

#---------------------------------------------------
# Benchmarking Uniband 
# #processes = 2 
#---------------------------------------------------
       #bytes #repetitions   Mbytes/sec      Msg/sec
            0         1000         0.00      6281117
            1         1000         6.26      6256695
            2         1000        12.58      6287924
            4         1000        24.99      6248678
            8         1000        49.63      6203801
           16         1000       100.41      6275736
           32         1000       197.91      6184656
           64         1000       367.21      5737681
          128         1000       708.63      5536144
          256         1000      1127.00      4402357
          512         1000      1760.19      3437872
         1024         1000      2237.48      2185035
         2048         1000      2585.73      1262564
         4096         1000      2737.68       668378
         8192         1000      2881.31       351722
        16384         1000      2960.77       180711
        32768         1000      2992.65        91328
        65536          640      3009.08        45915
       131072          320      3017.96        23025
       262144          160      3022.56        11530
       524288           80      3025.03         5770
      1048576           40      3061.37         2920
      2097152           20      3062.49         1460
      4194304           10      3063.07          730


# All processes entering MPI_Finalize

