#------------------------------------------------------------
#    Intel(R) MPI Benchmarks 2019 Update 5, MPI-1 part    
#------------------------------------------------------------
# Date                  : Wed Oct  7 09:34:47 2020
# Machine               : x86_64
# System                : Linux
# Release               : 3.10.0-1127.8.2.el7.x86_64
# Version               : #1 SMP Tue May 12 16:57:42 UTC 2020
# MPI Version           : 3.1
# MPI Thread Environment: 


# Calling sequence was: 

# /alaska/steveb/spack/opt/spack/linux-centos7-broadwell/gcc-9.3.0/intel-mpi-benchmarks-2019.5-dwg5q6jdcxgwtiwi2lj32w4ttotvwqnt/bin/IMB-MPI1 uniband -npmin 1 

# Minimum message length in bytes:   0
# Maximum message length in bytes:   4194304
#
# MPI_Datatype                   :   MPI_BYTE 
# MPI_Datatype for reductions    :   MPI_FLOAT 
# MPI_Op                         :   MPI_SUM  
# 
# 

# List of Benchmarks to run:

# Uniband

#---------------------------------------------------
# Benchmarking Uniband 
# #processes = 2 
# ( 2 additional processes waiting in MPI_Barrier)
#---------------------------------------------------
       #bytes #repetitions   Mbytes/sec      Msg/sec
            0         1000         0.00      9202526
            1         1000         9.21      9206054
            2         1000        18.31      9156850
            4         1000        36.88      9220842
            8         1000        73.11      9138600
           16         1000       146.53      9158436
           32         1000       278.34      8698264
           64         1000       582.28      9098195
          128         1000       622.93      4866619
          256         1000      1062.76      4151425
          512         1000      1839.60      3592975
         1024         1000      3178.67      3104167
         2048         1000      5025.41      2453812
         4096         1000      6922.26      1690004
         8192         1000      8550.16      1043720
        16384         1000      6384.42       389674
        32768         1000      8261.55       252122
        65536          640     10113.94       154327
       131072          320     10713.52        81738
       262144          160      9293.36        35451
       524288           80      8977.04        17122
      1048576           40      9140.57         8717
      2097152           20      9210.82         4392
      4194304           10      8750.81         2086

#---------------------------------------------------
# Benchmarking Uniband 
# #processes = 4 
#---------------------------------------------------
       #bytes #repetitions   Mbytes/sec      Msg/sec
            0         1000         0.00      8534054
            1         1000         8.56      8557250
            2         1000        17.14      8572320
            4         1000        34.31      8577422
            8         1000        68.70      8587991
           16         1000       136.80      8550147
           32         1000       266.28      8321341
           64         1000       518.53      8102014
          128         1000       828.41      6471928
          256         1000      1479.22      5778193
          512         1000      2403.68      4694684
         1024         1000      2858.32      2791323
         2048         1000      2985.27      1457650
         4096         1000      2995.09       731222
         8192         1000      3029.01       369753
        16384         1000      3040.44       185574
        32768         1000      3033.89        92587
        65536          640      3030.63        46244
       131072          320      3029.00        23109
       262144          160      3028.18        11552
       524288           80      3062.29         5841
      1048576           40      3062.95         2921
      2097152           20      3063.32         1461
      4194304           10      3063.50          730


# All processes entering MPI_Finalize

