#------------------------------------------------------------
#    Intel(R) MPI Benchmarks 2019 Update 6, MPI-1 part    
#------------------------------------------------------------
# Date                  : Thu Oct  1 16:21:02 2020
# Machine               : x86_64
# System                : Linux
# Release               : 3.10.0-1127.19.1.el7.x86_64
# Version               : #1 SMP Tue Aug 25 17:23:54 UTC 2020
# MPI Version           : 3.1
# MPI Thread Environment: 


# Calling sequence was: 

# /home/hpcbras1/spack/opt/spack/linux-scientific7-skylake_avx512/gcc-9.1.0/intel-mpi-benchmarks-2019.6-5tbknirppyjnbofzuo2idr3bqgxprrmf/bin/IMB-MPI1 uniband -npmin 1 

# Minimum message length in bytes:   0
# Maximum message length in bytes:   4194304
#
# MPI_Datatype                   :   MPI_BYTE 
# MPI_Datatype for reductions    :   MPI_FLOAT 
# MPI_Op                         :   MPI_SUM  
# 
# 

# List of Benchmarks to run:

# Uniband

#---------------------------------------------------
# Benchmarking Uniband 
# #processes = 2 
# ( 26 additional processes waiting in MPI_Barrier)
#---------------------------------------------------
       #bytes #repetitions   Mbytes/sec      Msg/sec
            0         1000         0.00     10819020
            1         1000        11.83     11833512
            2         1000        23.06     11528073
            4         1000        47.02     11755589
            8         1000       100.76     12594969
           16         1000       203.86     12741407
           32         1000       385.96     12061292
           64         1000       782.95     12233545
          128         1000       857.57      6699764
          256         1000      1268.94      4956794
          512         1000      2297.66      4487608
         1024         1000      3680.31      3594053
         2048         1000      6578.75      3212278
         4096         1000      8554.65      2088537
         8192         1000     10519.39      1284105
        16384         1000      7863.92       479976
        32768         1000     13192.01       402588
        65536          640     15505.34       236593
       131072          320     15361.12       117196
       262144          160     14900.39        56840
       524288           80     16240.98        30977
      1048576           40     16254.42        15501
      2097152           20     15896.54         7580
      4194304           10     15575.00         3713

#---------------------------------------------------
# Benchmarking Uniband 
# #processes = 4 
# ( 24 additional processes waiting in MPI_Barrier)
#---------------------------------------------------
       #bytes #repetitions   Mbytes/sec      Msg/sec
            0         1000         0.00     19929614
            1         1000        25.79     25791481
            2         1000        52.31     26156399
            4         1000       101.57     25392206
            8         1000       206.42     25801937
           16         1000       415.99     25999509
           32         1000       762.15     23817193
           64         1000      1660.01     25937688
          128         1000      1772.22     13845481
          256         1000      2507.51      9794950
          512         1000      1745.76      3409683
         1024         1000      3434.21      3353720
         2048         1000     12342.02      6026377
         4096         1000     14726.53      3595344
         8192         1000     14156.13      1728043
        16384         1000     12680.05       773929
        32768         1000     22438.58       684771
        65536          640     23800.02       363160
       131072          320     24240.79       184943
       262144          160     23763.63        90651
       524288           80     24765.58        47237
      1048576           40     24729.49        23584
      2097152           20     23853.38        11374
      4194304           10     24820.79         5918

#---------------------------------------------------
# Benchmarking Uniband 
# #processes = 8 
# ( 20 additional processes waiting in MPI_Barrier)
#---------------------------------------------------
       #bytes #repetitions   Mbytes/sec      Msg/sec
            0         1000         0.00     36147675
            1         1000        39.85     39848538
            2         1000        73.34     36668989
            4         1000       140.87     35217865
            8         1000       314.22     39277316
           16         1000       581.08     36317723
           32         1000       965.83     30182247
           64         1000      2104.40     32881318
          128         1000       916.69      7161661
          256         1000      1854.29      7243322
          512         1000      3736.62      7298079
         1024         1000      4934.91      4819246
         2048         1000      7307.37      3568050
         4096         1000      9450.55      2307263
         8192         1000     11429.23      1395170
        16384         1000     21505.72      1312605
        32768         1000     23405.02       714265
        65536          640     24251.81       370053
       131072          320     24364.69       185888
       262144          160     23853.50        90994
       524288           80     24905.93        47504
      1048576           40     24871.86        23720
      2097152           20     23914.09        11403
      4194304           10     24811.02         5915

#---------------------------------------------------
# Benchmarking Uniband 
# #processes = 16 
# ( 12 additional processes waiting in MPI_Barrier)
#---------------------------------------------------
       #bytes #repetitions   Mbytes/sec      Msg/sec
            0         1000         0.00     34111793
            1         1000        34.14     34138220
            2         1000        68.70     34348202
            4         1000       137.65     34412885
            8         1000       274.92     34365133
           16         1000       551.35     34459444
           32         1000      1067.50     33359256
           64         1000      2071.74     32370906
          128         1000      1818.31     14205529
          256         1000      3765.92     14710635
          512         1000      6883.17     13443699
         1024         1000      9604.72      9379611
         2048         1000     14350.80      7007226
         4096         1000     18292.24      4465878
         8192         1000     21747.39      2654711
        16384         1000     16359.72       998518
        32768         1000     16156.24       493049
        65536          640     16246.24       247898
       131072          320     16188.44       123508
       262144          160     16148.01        61600
       524288           80     16758.51        31964
      1048576           40     16544.37        15778
      2097152           20     16187.64         7719
      4194304           10     16741.79         3992

#---------------------------------------------------
# Benchmarking Uniband 
# #processes = 28 
#---------------------------------------------------
       #bytes #repetitions   Mbytes/sec      Msg/sec
            0         1000         0.00     56243538
            1         1000        56.34     56342580
            2         1000       113.37     56684325
            4         1000       222.15     55538396
            8         1000       432.71     54088430
           16         1000       830.01     51875388
           32         1000      1480.30     46259279
           64         1000      2417.02     37766007
          128         1000      3556.17     27782581
          256         1000      4537.45     17724403
          512         1000      5267.35     10287791
         1024         1000      5327.21      5202354
         2048         1000      5542.12      2706114
         4096         1000      5663.13      1382599
         8192         1000      5724.88       698838
        16384         1000      5743.78       350573
        32768         1000      5731.43       174909
        65536          640      5766.87        87995
       131072          320      5774.75        44058
       262144          160      5776.57        22036
       524288           80      5783.68        11031
      1048576           40      5785.37         5517
      2097152           20      5785.97         2759
      4194304           10      5786.28         1380


# All processes entering MPI_Finalize

