#------------------------------------------------------------
#    Intel(R) MPI Benchmarks 2019 Update 5, MPI-1 part    
#------------------------------------------------------------
# Date                  : Wed Oct  7 10:04:40 2020
# Machine               : x86_64
# System                : Linux
# Release               : 3.10.0-1127.8.2.el7.x86_64
# Version               : #1 SMP Tue May 12 16:57:42 UTC 2020
# MPI Version           : 3.1
# MPI Thread Environment: 


# Calling sequence was: 

# /alaska/steveb/spack/opt/spack/linux-centos7-broadwell/gcc-9.3.0/intel-mpi-benchmarks-2019.5-dwg5q6jdcxgwtiwi2lj32w4ttotvwqnt/bin/IMB-MPI1 biband -npmin 1 

# Minimum message length in bytes:   0
# Maximum message length in bytes:   4194304
#
# MPI_Datatype                   :   MPI_BYTE 
# MPI_Datatype for reductions    :   MPI_FLOAT 
# MPI_Op                         :   MPI_SUM  
# 
# 

# List of Benchmarks to run:

# Biband

#---------------------------------------------------
# Benchmarking Biband 
# #processes = 2 
# ( 2 additional processes waiting in MPI_Barrier)
#---------------------------------------------------
       #bytes #repetitions   Mbytes/sec      Msg/sec
            0         1000         0.00     10623056
            1         1000         9.96      9963712
            2         1000        21.35     10676664
            4         1000        41.20     10300400
            8         1000        81.92     10240126
           16         1000       165.10     10318581
           32         1000       318.95      9967123
           64         1000       638.50      9976509
          128         1000       616.97      4820040
          256         1000      1044.65      4080648
          512         1000      1776.52      3469766
         1024         1000      3281.88      3204961
         2048         1000      5495.65      2683421
         4096         1000      7654.49      1868772
         8192         1000      9789.17      1194967
        16384         1000     10500.67       640910
        32768         1000     14076.00       429565
        65536          640     17444.47       266181
       131072          320     18875.01       144005
       262144          160     17775.23        67807
       524288           80     17217.01        32839
      1048576           40     17597.00        16782
      2097152           20     17659.71         8421
      4194304           10     17400.55         4149

#---------------------------------------------------
# Benchmarking Biband 
# #processes = 4 
#---------------------------------------------------
       #bytes #repetitions   Mbytes/sec      Msg/sec
            0         1000         0.00     14649747
            1         1000        13.77     13773988
            2         1000        25.30     12650653
            4         1000        48.27     12066532
            8         1000        92.26     11532359
           16         1000       228.21     14263288
           32         1000       341.16     10661243
           64         1000       688.49     10757583
          128         1000      1101.37      8604436
          256         1000      1866.07      7289345
          512         1000      3906.25      7629399
         1024         1000      5347.32      5221988
         2048         1000      5763.81      2814362
         4096         1000      5872.81      1433791
         8192         1000      5993.93       731681
        16384         1000      6017.60       367285
        32768         1000      6003.60       183215
        65536          640      5997.78        91519
       131072          320      5355.05        40856
       262144          160      5308.35        20250
       524288           80      6119.55        11672
      1048576           40      6122.97         5839
      2097152           20      6125.29         2921
      4194304           10      6126.27         1461


# All processes entering MPI_Finalize

