#------------------------------------------------------------
#    Intel(R) MPI Benchmarks 2019 Update 5, MPI-1 part    
#------------------------------------------------------------
# Date                  : Fri Sep 11 15:07:11 2020
# Machine               : x86_64
# System                : Linux
# Release               : 3.10.0-1127.8.2.el7.x86_64
# Version               : #1 SMP Tue May 12 16:57:42 UTC 2020
# MPI Version           : 3.1
# MPI Thread Environment: 


# Calling sequence was: 

# IMB-MPI1 biband -npmin 4 

# Minimum message length in bytes:   0
# Maximum message length in bytes:   4194304
#
# MPI_Datatype                   :   MPI_BYTE 
# MPI_Datatype for reductions    :   MPI_FLOAT 
# MPI_Op                         :   MPI_SUM  
# 
# 

# List of Benchmarks to run:

# Biband

#---------------------------------------------------
# Benchmarking Biband 
# #processes = 4 
#---------------------------------------------------
       #bytes #repetitions   Mbytes/sec      Msg/sec
            0         1000         0.00       121858
            1         1000         0.12       121882
            2         1000         0.24       121882
            4         1000         0.49       121882
            8         1000         0.98       121882
           16         1000         1.95       121880
           32         1000         3.91       122125
           64         1000         7.82       122124
          128         1000        15.65       122244
          256         1000        31.42       122739
          512         1000        62.78       122615
         1024         1000      2518.96      2459924
         2048         1000      5619.52      2743907
         4096         1000      5801.82      1416460
         8192         1000      5955.96       727046
        16384         1000      5987.67       365459
        32768         1000      6030.47       184035
        65536          640      6051.14        92333
       131072          320      6060.93        46241
       262144          160      5670.41        21631
       524288           80      6069.09        11576
      1048576           40      5940.43         5665
      2097152           20      5721.86         2728
      4194304           10      5845.98         1394


# All processes entering MPI_Finalize

