[0] MPI startup(): I_MPI_OFA_TRANSLATION_CACHE variable has been removed from the product, its value is ignored

#------------------------------------------------------------
#    Intel(R) MPI Benchmarks 2019 Update 6, MPI-1 part    
#------------------------------------------------------------
# Date                  : Thu Oct  1 16:22:39 2020
# Machine               : x86_64
# System                : Linux
# Release               : 3.10.0-1127.19.1.el7.x86_64
# Version               : #1 SMP Tue Aug 25 17:23:54 UTC 2020
# MPI Version           : 3.1
# MPI Thread Environment: 


# Calling sequence was: 

# /usr/local/Cluster-Apps/intel/2020.2/compilers_and_libraries_2020.2.254/linux/mpi/intel64/bin/IMB-MPI1 biband -npmin 1 

# Minimum message length in bytes:   0
# Maximum message length in bytes:   4194304
#
# MPI_Datatype                   :   MPI_BYTE 
# MPI_Datatype for reductions    :   MPI_FLOAT 
# MPI_Op                         :   MPI_SUM  
# 
# 

# List of Benchmarks to run:

# Biband

#---------------------------------------------------
# Benchmarking Biband 
# #processes = 2 
# ( 82 additional processes waiting in MPI_Barrier)
#---------------------------------------------------
       #bytes #repetitions   Mbytes/sec      Msg/sec
            0         1000         0.00      4606986
            1         1000         4.57      4572730
            2         1000         9.08      4541688
            4         1000        18.24      4558783
            8         1000        36.42      4552949
           16         1000        72.97      4560505
           32         1000       144.38      4511954
           64         1000       289.09      4517095
          128         1000       582.35      4549611
          256         1000      1185.89      4632380
          512         1000       893.90      1745894
         1024         1000      1662.16      1623207
         2048         1000      2678.18      1307704
         4096         1000      3796.58       926899
         8192         1000      5078.62       619949
        16384         1000      6071.03       370546
        32768         1000      6249.56       190721
        65536          640      8980.81       137036
       131072          320      6239.28        47602
       262144          160      6320.04        24109
       524288           80      6534.17        12463
      1048576           40      6051.63         5771
      2097152           20      6051.27         2885
      4194304           10      4925.10         1174

#---------------------------------------------------
# Benchmarking Biband 
# #processes = 4 
# ( 80 additional processes waiting in MPI_Barrier)
#---------------------------------------------------
       #bytes #repetitions   Mbytes/sec      Msg/sec
            0         1000         0.00      9167456
            1         1000         9.11      9107810
            2         1000        18.35      9172677
            4         1000        36.77      9191446
            8         1000        72.97      9121499
           16         1000       147.29      9205689
           32         1000       289.93      9060165
           64         1000       583.56      9118132
          128         1000      1186.57      9270065
          256         1000      2556.36      9985773
          512         1000      1768.96      3454996
         1024         1000      3151.46      3077598
         2048         1000      5285.49      2580806
         4096         1000      7365.77      1798283
         8192         1000      9536.00      1164063
        16384         1000     11522.26       703263
        32768         1000     11343.14       346165
        65536          640     11803.56       180108
       131072          320     12017.13        91683
       262144          160     12400.60        47305
       524288           80     12567.13        23970
      1048576           40     11845.29        11297
      2097152           20     11838.74         5645
      4194304           10      9683.37         2309

#---------------------------------------------------
# Benchmarking Biband 
# #processes = 8 
# ( 76 additional processes waiting in MPI_Barrier)
#---------------------------------------------------
       #bytes #repetitions   Mbytes/sec      Msg/sec
            0         1000         0.00     18092283
            1         1000        18.03     18032049
            2         1000        36.19     18095767
            4         1000        72.24     18059717
            8         1000       144.38     18047110
           16         1000       288.47     18029503
           32         1000       582.85     18214053
           64         1000      1167.84     18247509
          128         1000      2363.53     18465061
          256         1000      5791.56     22623263
          512         1000      3544.77      6923373
         1024         1000      6473.69      6321959
         2048         1000     10488.66      5121416
         4096         1000     14852.01      3625980
         8192         1000     19013.21      2320949
        16384         1000     22787.88      1390862
        32768         1000     22599.21       689673
        65536          640     23407.72       357173
       131072          320     23932.59       182591
       262144          160     24888.90        94944
       524288           80     24752.09        47211
      1048576           40     23628.51        22534
      2097152           20     23538.06        11224
      4194304           10     19093.47         4552

#---------------------------------------------------
# Benchmarking Biband 
# #processes = 16 
# ( 68 additional processes waiting in MPI_Barrier)
#---------------------------------------------------
       #bytes #repetitions   Mbytes/sec      Msg/sec
            0         1000         0.00     33606511
            1         1000        33.61     33608068
            2         1000        67.31     33653820
            4         1000       135.40     33851022
            8         1000       270.28     33784900
           16         1000       542.13     33883303
           32         1000      1109.58     34674482
           64         1000      2217.05     34641440
          128         1000      4375.34     34182342
          256         1000      8615.23     33653246
          512         1000      6720.91     13126785
         1024         1000     11894.12     11615355
         2048         1000     18736.40      9148633
         4096         1000     26406.99      6447020
         8192         1000     33031.55      4032171
        16384         1000     38502.78      2350023
        32768         1000     40657.16      1240758
        65536          640     43484.50       663521
       131072          320     46375.18       353815
       262144          160     45336.70       172946
       524288           80     43724.12        83397
      1048576           40     42288.96        40330
      2097152           20     39350.02        18764
      4194304           10     34087.57         8127

#---------------------------------------------------
# Benchmarking Biband 
# #processes = 32 
# ( 52 additional processes waiting in MPI_Barrier)
#---------------------------------------------------
       #bytes #repetitions   Mbytes/sec      Msg/sec
            0         1000         0.00     65958558
            1         1000        65.93     65926936
            2         1000       133.30     66648356
            4         1000       265.43     66356499
            8         1000       533.01     66625856
           16         1000      1063.05     66440865
           32         1000      2122.81     66337713
           64         1000      4251.64     66431892
          128         1000      8261.60     64543712
          256         1000     16865.17     65879565
          512         1000     12119.79     23671465
         1024         1000     19820.05     19355516
         2048         1000     26973.59     13170700
         4096         1000     38930.29      9504466
         8192         1000     43191.36      5272383
        16384         1000     44596.68      2721966
        32768         1000     65264.29      1991708
        65536          640     66298.02      1011628
       131072          320     64530.64       492330
       262144          160     58997.67       225058
       524288           80     56840.65       108415
      1048576           40     58725.95        56005
      2097152           20     47818.31        22802
      4194304           10     44807.80        10683

#---------------------------------------------------
# Benchmarking Biband 
# #processes = 64 
# ( 20 additional processes waiting in MPI_Barrier)
#---------------------------------------------------
       #bytes #repetitions   Mbytes/sec      Msg/sec
            0         1000         0.00    132251677
            1         1000       131.96    131957886
            2         1000       263.98    131989148
            4         1000       518.97    129743738
            8         1000      1005.23    125653206
           16         1000      1931.86    120741164
           32         1000      3520.82    110025615
           64         1000      5734.80     89606246
          128         1000      8906.09     69578849
          256         1000     11083.07     43293258
          512         1000     13837.56     27026480
         1024         1000     14389.75     14052493
         2048         1000     15483.93      7560511
         4096         1000     16069.64      3923252
         8192         1000     16383.28      1999912
        16384         1000     16451.00      1004089
        32768         1000     16426.88       501309
        65536          613     16477.21       251422
       131072          312     16763.21       127893
       262144          157     16796.78        64075
       524288           79     16803.40        32050
      1048576           40     16821.72        16042
      2097152           20     16824.64         8023
      4194304           10     16828.09         4012

#---------------------------------------------------
# Benchmarking Biband 
# #processes = 84 
#---------------------------------------------------
       #bytes #repetitions   Mbytes/sec      Msg/sec
            0         1000         0.00    120053389
            1         1000       119.89    119887813
            2         1000       239.61    119804107
            4         1000       462.78    115695939
            8         1000       890.61    111326187
           16         1000      1664.99    104061962
           32         1000      2944.98     92030479
           64         1000      4714.91     73670418
          128         1000      6397.82     49982952
          256         1000      8800.43     34376665
          512         1000     10291.80     20101175
         1024         1000     10459.86     10214707
         2048         1000     10862.80      5304099
         4096         1000     11151.35      2722499
         8192         1000     11289.60      1378125
        16384         1000     11325.83       691274
        32768          643     11302.15       344914
        65536          323     11291.49       172294
       131072          164     11491.98        87677
       262144           82     11515.34        43928
       524288           41     11519.94        21973
      1048576           21     11534.83        11000
      2097152           11     11537.92         5502
      4194304            6     11536.13         2750


# All processes entering MPI_Finalize

