2020-08-19T17:20:54+01:00|reframe 3.0-dev6 (rev: 3f0c45d4)|Gromacs_61k_4 on alaska:roce-gcc9-openmpi4-ucx using gromacs|jobid=5037|ns_per_day=55.732|ns/day|ref=0 (l=None, u=None)|num_procs=128,61k-atoms,num_nodes=4
2020-08-19T17:20:54+01:00|reframe 3.0-dev6 (rev: 3f0c45d4)|Gromacs_61k_4 on alaska:roce-gcc9-openmpi4-ucx using gromacs|jobid=5037|hour_per_ns=0.431|hour/ns|ref=0 (l=None, u=None)|num_procs=128,61k-atoms,num_nodes=4
2020-08-19T17:20:54+01:00|reframe 3.0-dev6 (rev: 3f0c45d4)|Gromacs_61k_4 on alaska:roce-gcc9-openmpi4-ucx using gromacs|jobid=5037|core_t=39687.867|s|ref=0 (l=None, u=None)|num_procs=128,61k-atoms,num_nodes=4
2020-08-19T17:20:54+01:00|reframe 3.0-dev6 (rev: 3f0c45d4)|Gromacs_61k_4 on alaska:roce-gcc9-openmpi4-ucx using gromacs|jobid=5037|wall_t=155.031|s|ref=0 (l=None, u=None)|num_procs=128,61k-atoms,num_nodes=4
2020-08-19T17:20:54+01:00|reframe 3.0-dev6 (rev: 3f0c45d4)|Gromacs_61k_4 on alaska:roce-gcc9-openmpi4-ucx using gromacs|jobid=5037|runtime_real=162.676|s|ref=0 (l=None, u=None)|num_procs=128,61k-atoms,num_nodes=4
2020-09-08T17:01:28+01:00|reframe 3.0-dev6 (rev: 3f0c45d4)|Gromacs_61k_4 on alaska:roce-gcc9-openmpi4-ucx using gromacs|jobid=5226|ns_per_day=63.523|ns/day|ref=0 (l=None, u=None)|61k-atoms,num_nodes=4,num_procs=128
2020-09-08T17:01:28+01:00|reframe 3.0-dev6 (rev: 3f0c45d4)|Gromacs_61k_4 on alaska:roce-gcc9-openmpi4-ucx using gromacs|jobid=5226|hour_per_ns=0.378|hour/ns|ref=0 (l=None, u=None)|61k-atoms,num_nodes=4,num_procs=128
2020-09-08T17:01:28+01:00|reframe 3.0-dev6 (rev: 3f0c45d4)|Gromacs_61k_4 on alaska:roce-gcc9-openmpi4-ucx using gromacs|jobid=5226|core_t=34820.479|s|ref=0 (l=None, u=None)|61k-atoms,num_nodes=4,num_procs=128
2020-09-08T17:01:28+01:00|reframe 3.0-dev6 (rev: 3f0c45d4)|Gromacs_61k_4 on alaska:roce-gcc9-openmpi4-ucx using gromacs|jobid=5226|wall_t=136.018|s|ref=0 (l=None, u=None)|61k-atoms,num_nodes=4,num_procs=128
2020-09-08T17:01:28+01:00|reframe 3.0-dev6 (rev: 3f0c45d4)|Gromacs_61k_4 on alaska:roce-gcc9-openmpi4-ucx using gromacs|jobid=5226|runtime_real=143.711|s|ref=0 (l=None, u=None)|61k-atoms,num_nodes=4,num_procs=128
2020-09-09T13:38:49+01:00|reframe 3.0-dev6 (rev: 3f0c45d4)|Gromacs_61k_4 on alaska:roce-gcc9-openmpi4-ucx using gromacs|jobid=5256|ns_per_day=31.11|ns/day|ref=0 (l=None, u=None)|num_procs=128,num_nodes=4,61k-atoms
2020-09-09T13:38:49+01:00|reframe 3.0-dev6 (rev: 3f0c45d4)|Gromacs_61k_4 on alaska:roce-gcc9-openmpi4-ucx using gromacs|jobid=5256|hour_per_ns=0.771|hour/ns|ref=0 (l=None, u=None)|num_procs=128,num_nodes=4,61k-atoms
2020-09-09T13:38:49+01:00|reframe 3.0-dev6 (rev: 3f0c45d4)|Gromacs_61k_4 on alaska:roce-gcc9-openmpi4-ucx using gromacs|jobid=5256|core_t=71098.57|s|ref=0 (l=None, u=None)|num_procs=128,num_nodes=4,61k-atoms
2020-09-09T13:38:49+01:00|reframe 3.0-dev6 (rev: 3f0c45d4)|Gromacs_61k_4 on alaska:roce-gcc9-openmpi4-ucx using gromacs|jobid=5256|wall_t=277.729|s|ref=0 (l=None, u=None)|num_procs=128,num_nodes=4,61k-atoms
2020-09-09T13:38:49+01:00|reframe 3.0-dev6 (rev: 3f0c45d4)|Gromacs_61k_4 on alaska:roce-gcc9-openmpi4-ucx using gromacs|jobid=5256|runtime_real=287.116|s|ref=0 (l=None, u=None)|num_procs=128,num_nodes=4,61k-atoms
2020-09-10T10:07:58+01:00|reframe 3.0-dev6 (rev: 3f0c45d4)|Gromacs_61k_4 on alaska:roce-gcc9-openmpi4-ucx using gromacs|jobid=5309|ns_per_day=33.378|ns/day|ref=0 (l=None, u=None)|num_nodes=4,num_procs=128,61k-atoms
2020-09-10T10:07:58+01:00|reframe 3.0-dev6 (rev: 3f0c45d4)|Gromacs_61k_4 on alaska:roce-gcc9-openmpi4-ucx using gromacs|jobid=5309|hour_per_ns=0.719|hour/ns|ref=0 (l=None, u=None)|num_nodes=4,num_procs=128,61k-atoms
2020-09-10T10:07:58+01:00|reframe 3.0-dev6 (rev: 3f0c45d4)|Gromacs_61k_4 on alaska:roce-gcc9-openmpi4-ucx using gromacs|jobid=5309|core_t=66268.283|s|ref=0 (l=None, u=None)|num_nodes=4,num_procs=128,61k-atoms
2020-09-10T10:07:58+01:00|reframe 3.0-dev6 (rev: 3f0c45d4)|Gromacs_61k_4 on alaska:roce-gcc9-openmpi4-ucx using gromacs|jobid=5309|wall_t=258.86|s|ref=0 (l=None, u=None)|num_nodes=4,num_procs=128,61k-atoms
2020-09-10T10:07:58+01:00|reframe 3.0-dev6 (rev: 3f0c45d4)|Gromacs_61k_4 on alaska:roce-gcc9-openmpi4-ucx using gromacs|jobid=5309|runtime_real=266.663|s|ref=0 (l=None, u=None)|num_nodes=4,num_procs=128,61k-atoms
2020-09-10T14:56:09+01:00|reframe 3.0-dev6 (rev: 3f0c45d4)|Gromacs_61k_4 on alaska:roce-gcc9-openmpi4-ucx using gromacs|jobid=6403|ns_per_day=38.909|ns/day|ref=0 (l=None, u=None)|num_procs=128,num_nodes=4,61k-atoms
2020-09-10T14:56:09+01:00|reframe 3.0-dev6 (rev: 3f0c45d4)|Gromacs_61k_4 on alaska:roce-gcc9-openmpi4-ucx using gromacs|jobid=6403|hour_per_ns=0.617|hour/ns|ref=0 (l=None, u=None)|num_procs=128,num_nodes=4,61k-atoms
2020-09-10T14:56:09+01:00|reframe 3.0-dev6 (rev: 3f0c45d4)|Gromacs_61k_4 on alaska:roce-gcc9-openmpi4-ucx using gromacs|jobid=6403|core_t=56847.988|s|ref=0 (l=None, u=None)|num_procs=128,num_nodes=4,61k-atoms
2020-09-10T14:56:09+01:00|reframe 3.0-dev6 (rev: 3f0c45d4)|Gromacs_61k_4 on alaska:roce-gcc9-openmpi4-ucx using gromacs|jobid=6403|wall_t=222.062|s|ref=0 (l=None, u=None)|num_procs=128,num_nodes=4,61k-atoms
2020-09-10T14:56:09+01:00|reframe 3.0-dev6 (rev: 3f0c45d4)|Gromacs_61k_4 on alaska:roce-gcc9-openmpi4-ucx using gromacs|jobid=6403|runtime_real=229.898|s|ref=0 (l=None, u=None)|num_procs=128,num_nodes=4,61k-atoms
