2020-08-19T17:41:00+01:00|reframe 3.0-dev6 (rev: 3f0c45d4)|Gromacs_1400k_8 on alaska:roce-gcc9-openmpi4-ucx using gromacs|jobid=5029|ns_per_day=7.656|ns/day|ref=0 (l=None, u=None)|num_nodes=8,num_procs=256,1400k-atoms
2020-08-19T17:41:00+01:00|reframe 3.0-dev6 (rev: 3f0c45d4)|Gromacs_1400k_8 on alaska:roce-gcc9-openmpi4-ucx using gromacs|jobid=5029|hour_per_ns=3.135|hour/ns|ref=0 (l=None, u=None)|num_nodes=8,num_procs=256,1400k-atoms
2020-08-19T17:41:00+01:00|reframe 3.0-dev6 (rev: 3f0c45d4)|Gromacs_1400k_8 on alaska:roce-gcc9-openmpi4-ucx using gromacs|jobid=5029|core_t=115578.856|s|ref=0 (l=None, u=None)|num_nodes=8,num_procs=256,1400k-atoms
2020-08-19T17:41:00+01:00|reframe 3.0-dev6 (rev: 3f0c45d4)|Gromacs_1400k_8 on alaska:roce-gcc9-openmpi4-ucx using gromacs|jobid=5029|wall_t=225.74|s|ref=0 (l=None, u=None)|num_nodes=8,num_procs=256,1400k-atoms
2020-08-19T17:41:00+01:00|reframe 3.0-dev6 (rev: 3f0c45d4)|Gromacs_1400k_8 on alaska:roce-gcc9-openmpi4-ucx using gromacs|jobid=5029|runtime_real=236.63|s|ref=0 (l=None, u=None)|num_nodes=8,num_procs=256,1400k-atoms
2020-09-08T17:05:29+01:00|reframe 3.0-dev6 (rev: 3f0c45d4)|Gromacs_1400k_8 on alaska:roce-gcc9-openmpi4-ucx using gromacs|jobid=5218|ns_per_day=7.612|ns/day|ref=0 (l=None, u=None)|1400k-atoms,num_procs=256,num_nodes=8
2020-09-08T17:05:29+01:00|reframe 3.0-dev6 (rev: 3f0c45d4)|Gromacs_1400k_8 on alaska:roce-gcc9-openmpi4-ucx using gromacs|jobid=5218|hour_per_ns=3.153|hour/ns|ref=0 (l=None, u=None)|1400k-atoms,num_procs=256,num_nodes=8
2020-09-08T17:05:29+01:00|reframe 3.0-dev6 (rev: 3f0c45d4)|Gromacs_1400k_8 on alaska:roce-gcc9-openmpi4-ucx using gromacs|jobid=5218|core_t=116243.996|s|ref=0 (l=None, u=None)|1400k-atoms,num_procs=256,num_nodes=8
2020-09-08T17:05:29+01:00|reframe 3.0-dev6 (rev: 3f0c45d4)|Gromacs_1400k_8 on alaska:roce-gcc9-openmpi4-ucx using gromacs|jobid=5218|wall_t=227.039|s|ref=0 (l=None, u=None)|1400k-atoms,num_procs=256,num_nodes=8
2020-09-08T17:05:29+01:00|reframe 3.0-dev6 (rev: 3f0c45d4)|Gromacs_1400k_8 on alaska:roce-gcc9-openmpi4-ucx using gromacs|jobid=5218|runtime_real=238.099|s|ref=0 (l=None, u=None)|1400k-atoms,num_procs=256,num_nodes=8
2020-09-09T14:41:11+01:00|reframe 3.0-dev6 (rev: 3f0c45d4)|Gromacs_1400k_8 on alaska:roce-gcc9-openmpi4-ucx using gromacs|jobid=5268|ns_per_day=5.882|ns/day|ref=0 (l=None, u=None)|num_procs=256,num_nodes=8,1400k-atoms
2020-09-09T14:41:11+01:00|reframe 3.0-dev6 (rev: 3f0c45d4)|Gromacs_1400k_8 on alaska:roce-gcc9-openmpi4-ucx using gromacs|jobid=5268|hour_per_ns=4.08|hour/ns|ref=0 (l=None, u=None)|num_procs=256,num_nodes=8,1400k-atoms
2020-09-09T14:41:11+01:00|reframe 3.0-dev6 (rev: 3f0c45d4)|Gromacs_1400k_8 on alaska:roce-gcc9-openmpi4-ucx using gromacs|jobid=5268|core_t=150424.186|s|ref=0 (l=None, u=None)|num_procs=256,num_nodes=8,1400k-atoms
2020-09-09T14:41:11+01:00|reframe 3.0-dev6 (rev: 3f0c45d4)|Gromacs_1400k_8 on alaska:roce-gcc9-openmpi4-ucx using gromacs|jobid=5268|wall_t=293.797|s|ref=0 (l=None, u=None)|num_procs=256,num_nodes=8,1400k-atoms
2020-09-09T14:41:11+01:00|reframe 3.0-dev6 (rev: 3f0c45d4)|Gromacs_1400k_8 on alaska:roce-gcc9-openmpi4-ucx using gromacs|jobid=5268|runtime_real=305.081|s|ref=0 (l=None, u=None)|num_procs=256,num_nodes=8,1400k-atoms
2020-09-10T10:05:07+01:00|reframe 3.0-dev6 (rev: 3f0c45d4)|Gromacs_1400k_8 on alaska:roce-gcc9-openmpi4-ucx using gromacs|jobid=5301|ns_per_day=5.734|ns/day|ref=0 (l=None, u=None)|num_nodes=8,1400k-atoms,num_procs=256
2020-09-10T10:05:07+01:00|reframe 3.0-dev6 (rev: 3f0c45d4)|Gromacs_1400k_8 on alaska:roce-gcc9-openmpi4-ucx using gromacs|jobid=5301|hour_per_ns=4.185|hour/ns|ref=0 (l=None, u=None)|num_nodes=8,1400k-atoms,num_procs=256
2020-09-10T10:05:07+01:00|reframe 3.0-dev6 (rev: 3f0c45d4)|Gromacs_1400k_8 on alaska:roce-gcc9-openmpi4-ucx using gromacs|jobid=5301|core_t=154308.742|s|ref=0 (l=None, u=None)|num_nodes=8,1400k-atoms,num_procs=256
2020-09-10T10:05:07+01:00|reframe 3.0-dev6 (rev: 3f0c45d4)|Gromacs_1400k_8 on alaska:roce-gcc9-openmpi4-ucx using gromacs|jobid=5301|wall_t=301.384|s|ref=0 (l=None, u=None)|num_nodes=8,1400k-atoms,num_procs=256
2020-09-10T10:05:07+01:00|reframe 3.0-dev6 (rev: 3f0c45d4)|Gromacs_1400k_8 on alaska:roce-gcc9-openmpi4-ucx using gromacs|jobid=5301|runtime_real=312.833|s|ref=0 (l=None, u=None)|num_nodes=8,1400k-atoms,num_procs=256
2020-09-10T14:54:31+01:00|reframe 3.0-dev6 (rev: 3f0c45d4)|Gromacs_1400k_8 on alaska:roce-gcc9-openmpi4-ucx using gromacs|jobid=6395|ns_per_day=5.721|ns/day|ref=0 (l=None, u=None)|num_procs=256,num_nodes=8,1400k-atoms
2020-09-10T14:54:31+01:00|reframe 3.0-dev6 (rev: 3f0c45d4)|Gromacs_1400k_8 on alaska:roce-gcc9-openmpi4-ucx using gromacs|jobid=6395|hour_per_ns=4.195|hour/ns|ref=0 (l=None, u=None)|num_procs=256,num_nodes=8,1400k-atoms
2020-09-10T14:54:31+01:00|reframe 3.0-dev6 (rev: 3f0c45d4)|Gromacs_1400k_8 on alaska:roce-gcc9-openmpi4-ucx using gromacs|jobid=6395|core_t=154673.304|s|ref=0 (l=None, u=None)|num_procs=256,num_nodes=8,1400k-atoms
2020-09-10T14:54:31+01:00|reframe 3.0-dev6 (rev: 3f0c45d4)|Gromacs_1400k_8 on alaska:roce-gcc9-openmpi4-ucx using gromacs|jobid=6395|wall_t=302.096|s|ref=0 (l=None, u=None)|num_procs=256,num_nodes=8,1400k-atoms
2020-09-10T14:54:31+01:00|reframe 3.0-dev6 (rev: 3f0c45d4)|Gromacs_1400k_8 on alaska:roce-gcc9-openmpi4-ucx using gromacs|jobid=6395|runtime_real=313.495|s|ref=0 (l=None, u=None)|num_procs=256,num_nodes=8,1400k-atoms
