#------------------------------------------------------------
#    Intel(R) MPI Benchmarks 2019 Update 5, MPI-1 part    
#------------------------------------------------------------
# Date                  : Fri Sep 11 15:04:46 2020
# Machine               : x86_64
# System                : Linux
# Release               : 3.10.0-1127.8.2.el7.x86_64
# Version               : #1 SMP Tue May 12 16:57:42 UTC 2020
# MPI Version           : 3.1
# MPI Thread Environment: 


# Calling sequence was: 

# IMB-MPI1 uniband -npmin 16 

# Minimum message length in bytes:   0
# Maximum message length in bytes:   4194304
#
# MPI_Datatype                   :   MPI_BYTE 
# MPI_Datatype for reductions    :   MPI_FLOAT 
# MPI_Op                         :   MPI_SUM  
# 
# 

# List of Benchmarks to run:

# Uniband

#---------------------------------------------------
# Benchmarking Uniband 
# #processes = 16 
#---------------------------------------------------
       #bytes #repetitions   Mbytes/sec      Msg/sec
            0         1000         0.00     19137115
            1         1000        18.80     18803496
            2         1000        37.85     18923493
            4         1000        75.48     18870573
            8         1000       148.64     18580239
           16         1000       286.87     17929182
           32         1000       535.32     16728721
           64         1000       928.89     14513909
          128         1000      1435.07     11211464
          256         1000      1980.61      7736773
          512         1000      2425.80      4737884
         1024         1000      2731.78      2667758
         2048         1000      2915.22      1423447
         4096         1000      2959.24       722470
         8192         1000      3010.57       367501
        16384         1000      3025.41       184656
        32768         1000      3038.65        92732
        65536          640      3045.30        46468
       131072          320      3048.65        23259
       262144          160      3059.96        11673
       524288           80      3061.16         5839
      1048576           40      3061.40         2920
      2097152           20      3060.91         1460
      4194304           10      3059.37          729


# All processes entering MPI_Finalize

