#------------------------------------------------------------
#    Intel(R) MPI Benchmarks 2019 Update 5, MPI-1 part    
#------------------------------------------------------------
# Date                  : Wed Oct  7 10:04:38 2020
# Machine               : x86_64
# System                : Linux
# Release               : 3.10.0-1127.8.2.el7.x86_64
# Version               : #1 SMP Tue May 12 16:57:42 UTC 2020
# MPI Version           : 3.1
# MPI Thread Environment: 


# Calling sequence was: 

# /alaska/steveb/spack/opt/spack/linux-centos7-broadwell/gcc-9.3.0/intel-mpi-benchmarks-2019.5-dwg5q6jdcxgwtiwi2lj32w4ttotvwqnt/bin/IMB-MPI1 biband -npmin 1 

# Minimum message length in bytes:   0
# Maximum message length in bytes:   4194304
#
# MPI_Datatype                   :   MPI_BYTE 
# MPI_Datatype for reductions    :   MPI_FLOAT 
# MPI_Op                         :   MPI_SUM  
# 
# 

# List of Benchmarks to run:

# Biband

#---------------------------------------------------
# Benchmarking Biband 
# #processes = 2 
#---------------------------------------------------
       #bytes #repetitions   Mbytes/sec      Msg/sec
            0         1000         0.00      7423238
            1         1000         9.43      9433557
            2         1000        17.60      8800227
            4         1000        32.91      8226752
            8         1000        60.36      7544485
           16         1000       116.25      7265342
           32         1000       273.03      8532313
           64         1000       428.87      6701128
          128         1000       954.50      7457047
          256         1000      1515.37      5919407
          512         1000      2534.60      4950382
         1024         1000      4016.94      3922791
         2048         1000      7313.88      3571231
         4096         1000     12990.70      3171557
         8192         1000     17263.06      2107307
        16384         1000     18178.46      1109525
        32768         1000     17237.61       526050
        65536          640     19513.32       297750
       131072          320     19947.46       152187
       262144          160     20467.18        78076
       524288           80     20398.01        38906
      1048576           40     20945.53        19975
      2097152           20     20918.39         9975
      4194304           10     20957.52         4997


# All processes entering MPI_Finalize

