#------------------------------------------------------------
#    Intel(R) MPI Benchmarks 2019 Update 6, MPI-1 part    
#------------------------------------------------------------
# Date                  : Thu Oct  1 16:21:03 2020
# Machine               : x86_64
# System                : Linux
# Release               : 3.10.0-1127.19.1.el7.x86_64
# Version               : #1 SMP Tue Aug 25 17:23:54 UTC 2020
# MPI Version           : 3.1
# MPI Thread Environment: 


# Calling sequence was: 

# /home/hpcbras1/spack/opt/spack/linux-scientific7-skylake_avx512/gcc-9.1.0/intel-mpi-benchmarks-2019.6-5tbknirppyjnbofzuo2idr3bqgxprrmf/bin/IMB-MPI1 uniband -npmin 1 

# Minimum message length in bytes:   0
# Maximum message length in bytes:   4194304
#
# MPI_Datatype                   :   MPI_BYTE 
# MPI_Datatype for reductions    :   MPI_FLOAT 
# MPI_Op                         :   MPI_SUM  
# 
# 

# List of Benchmarks to run:

# Uniband

#---------------------------------------------------
# Benchmarking Uniband 
# #processes = 2 
# ( 54 additional processes waiting in MPI_Barrier)
#---------------------------------------------------
       #bytes #repetitions   Mbytes/sec      Msg/sec
            0         1000         0.00     12416581
            1         1000        12.96     12964979
            2         1000        25.81     12903988
            4         1000        50.48     12620887
            8         1000       104.05     13006816
           16         1000       206.55     12909204
           32         1000       368.77     11524086
           64         1000       832.66     13010306
          128         1000       878.39      6862407
          256         1000      1281.52      5005934
          512         1000      2398.92      4685383
         1024         1000      3805.46      3716269
         2048         1000      6497.80      3172753
         4096         1000      8426.67      2057291
         8192         1000     10678.39      1303515
        16384         1000      9400.17       573741
        32768         1000     13120.97       400420
        65536          640     16419.24       250538
       131072          320     19219.27       146631
       262144          160     22481.15        85759
       524288           80     23264.90        44374
      1048576           40     23173.17        22100
      2097152           20     22904.49        10922
      4194304           10     20926.14         4989

#---------------------------------------------------
# Benchmarking Uniband 
# #processes = 4 
# ( 52 additional processes waiting in MPI_Barrier)
#---------------------------------------------------
       #bytes #repetitions   Mbytes/sec      Msg/sec
            0         1000         0.00     17966947
            1         1000        15.03     15028394
            2         1000        35.05     17526866
            4         1000        66.82     16705910
            8         1000       144.41     18050783
           16         1000       294.86     18429000
           32         1000       341.60     10674928
           64         1000      1173.08     18329399
          128         1000       726.62      5676692
          256         1000       963.53      3763776
          512         1000      1792.36      3500706
         1024         1000      2643.10      2581155
         2048         1000      3647.89      1781197
         4096         1000      4745.37      1158539
         8192         1000      5724.34       698772
        16384         1000     16977.73      1036238
        32768         1000     19858.06       606020
        65536          640     22577.35       344503
       131072          320     24049.88       183486
       262144          160     24845.51        94778
       524288           80     25312.64        48280
      1048576           40     25546.74        24363
      2097152           20     25588.61        12202
      4194304           10     25658.13         6117

#---------------------------------------------------
# Benchmarking Uniband 
# #processes = 8 
# ( 48 additional processes waiting in MPI_Barrier)
#---------------------------------------------------
       #bytes #repetitions   Mbytes/sec      Msg/sec
            0         1000         0.00     31985143
            1         1000        28.96     28957036
            2         1000        73.88     36938811
            4         1000       124.79     31196731
            8         1000       258.24     32279651
           16         1000       541.17     33823425
           32         1000       804.95     25154739
           64         1000      1991.19     31112398
          128         1000      1393.93     10890114
          256         1000      1906.92      7448918
          512         1000      3655.99      7140600
         1024         1000      5282.40      5158590
         2048         1000      7332.44      3580295
         4096         1000      9477.76      2313907
         8192         1000     11462.27      1399203
        16384         1000     20687.45      1262662
        32768         1000     21237.97       648131
        65536          640     22874.09       349031
       131072          320     24221.52       184796
       262144          160     25015.08        95425
       524288           80     25397.58        48442
      1048576           40     25578.93        24394
      2097152           20     25743.51        12275
      4194304           10     25739.51         6137

#---------------------------------------------------
# Benchmarking Uniband 
# #processes = 16 
# ( 40 additional processes waiting in MPI_Barrier)
#---------------------------------------------------
       #bytes #repetitions   Mbytes/sec      Msg/sec
            0         1000         0.00     58517028
            1         1000        56.91     56913381
            2         1000       116.84     58419206
            4         1000       267.35     66836882
            8         1000       532.72     66590435
           16         1000      1041.15     65071930
           32         1000      1913.83     59807145
           64         1000      3223.10     50360961
          128         1000      2750.22     21486127
          256         1000      3730.17     14570992
          512         1000      6863.76     13405774
         1024         1000     10576.69     10328801
         2048         1000     14319.74      6992060
         4096         1000     18614.40      4544530
         8192         1000     22456.61      2741286
        16384         1000     21061.98      1285521
        32768         1000     21279.33       649394
        65536          640     22871.78       348996
       131072          320     24253.56       185040
       262144          160     24963.61        95229
       524288           80     25387.95        48424
      1048576           40     25606.97        24421
      2097152           20     25679.55        12245
      4194304           10     25776.70         6146

#---------------------------------------------------
# Benchmarking Uniband 
# #processes = 32 
# ( 24 additional processes waiting in MPI_Barrier)
#---------------------------------------------------
       #bytes #repetitions   Mbytes/sec      Msg/sec
            0         1000         0.00     75261174
            1         1000        75.75     75752112
            2         1000       154.12     77059541
            4         1000       304.84     76210000
            8         1000       617.37     77171525
           16         1000      1217.94     76121152
           32         1000      2095.61     65487675
           64         1000      4084.70     63823428
          128         1000      3744.71     29255529
          256         1000      7639.44     29841553
          512         1000     14168.87     27673567
         1024         1000     19917.49     19450677
         2048         1000     27906.15     13626052
         4096         1000     35755.02      8729253
         8192         1000     42186.66      5149738
        16384         1000     18395.21      1122755
        32768         1000     18580.51       567032
        65536          640     19621.03       299393
       131072          320     20181.38       153972
       262144          160     20536.57        78341
       524288           80     20928.09        39917
      1048576           40     20948.75        19978
      2097152           20     20787.06         9912
      4194304           10     21090.68         5028

#---------------------------------------------------
# Benchmarking Uniband 
# #processes = 56 
#---------------------------------------------------
       #bytes #repetitions   Mbytes/sec      Msg/sec
            0         1000         0.00     94132113
            1         1000        95.04     95037923
            2         1000       191.49     95742969
            4         1000       383.35     95837036
            8         1000       759.82     94977236
           16         1000      1521.00     95062213
           32         1000      2341.29     73165428
           64         1000      4507.09     70423271
          128         1000      5044.15     39407405
          256         1000      7827.07     30574510
          512         1000     10118.29     19762279
         1024         1000     11475.69     11206726
         2048         1000     12047.27      5882458
         4096         1000     12067.92      2946270
         8192         1000     12188.02      1487796
        16384         1000     12152.16       741709
        32768         1000     12195.25       372170
        65536          640     12233.91       186675
       131072          320     12231.71        93321
       262144          160     12236.53        46679
       524288           80     12231.10        23329
      1048576           40     12237.50        11671
      2097152           20     12265.08         5848
      4194304           10     12297.48         2932


# All processes entering MPI_Finalize

