#------------------------------------------------------------
#    Intel(R) MPI Benchmarks 2019 Update 5, MPI-1 part    
#------------------------------------------------------------
# Date                  : Fri Sep 11 15:05:27 2020
# Machine               : x86_64
# System                : Linux
# Release               : 3.10.0-1127.8.2.el7.x86_64
# Version               : #1 SMP Tue May 12 16:57:42 UTC 2020
# MPI Version           : 3.1
# MPI Thread Environment: 


# Calling sequence was: 

# IMB-MPI1 uniband -npmin 64 

# Minimum message length in bytes:   0
# Maximum message length in bytes:   4194304
#
# MPI_Datatype                   :   MPI_BYTE 
# MPI_Datatype for reductions    :   MPI_FLOAT 
# MPI_Op                         :   MPI_SUM  
# 
# 

# List of Benchmarks to run:

# Uniband

#---------------------------------------------------
# Benchmarking Uniband 
# #processes = 64 
#---------------------------------------------------
       #bytes #repetitions   Mbytes/sec      Msg/sec
            0         1000         0.00     38352545
            1         1000        39.28     39279154
            2         1000        82.77     41385514
            4         1000       166.83     41707959
            8         1000       332.34     41542772
           16         1000       667.59     41724614
           32         1000      1234.58     38580636
           64         1000      3009.80     47028145
          128         1000      4504.62     35192350
          256         1000      6274.11     24508250
          512         1000      8678.48     16950161
         1024         1000     10747.59     10495692
         2048         1000     11893.17      5807210
         4096         1000     12096.75      2953308
         8192         1000     12247.86      1495100
        16384         1000     12184.93       743709
        32768         1000     12286.25       374947
        65536          640     12326.70       188091
       131072          320     12335.68        94114
       262144          160     12376.51        47213
       524288           80     12380.67        23614
      1048576           40     12380.29        11807
      2097152           20     12373.66         5900
      4194304           10     12362.63         2947


# All processes entering MPI_Finalize

