#------------------------------------------------------------
#    Intel(R) MPI Benchmarks 2019 Update 6, MPI-1 part    
#------------------------------------------------------------
# Date                  : Thu Oct  1 16:21:03 2020
# Machine               : x86_64
# System                : Linux
# Release               : 3.10.0-1127.19.1.el7.x86_64
# Version               : #1 SMP Tue Aug 25 17:23:54 UTC 2020
# MPI Version           : 3.1
# MPI Thread Environment: 


# Calling sequence was: 

# /home/hpcbras1/spack/opt/spack/linux-scientific7-skylake_avx512/gcc-9.1.0/intel-mpi-benchmarks-2019.6-5tbknirppyjnbofzuo2idr3bqgxprrmf/bin/IMB-MPI1 uniband -npmin 1 

# Minimum message length in bytes:   0
# Maximum message length in bytes:   4194304
#
# MPI_Datatype                   :   MPI_BYTE 
# MPI_Datatype for reductions    :   MPI_FLOAT 
# MPI_Op                         :   MPI_SUM  
# 
# 

# List of Benchmarks to run:

# Uniband

#---------------------------------------------------
# Benchmarking Uniband 
# #processes = 2 
# ( 54 additional processes waiting in MPI_Barrier)
#---------------------------------------------------
       #bytes #repetitions   Mbytes/sec      Msg/sec
            0         1000         0.00     10110497
            1         1000        10.44     10435632
            2         1000        18.92      9457650
            4         1000        40.91     10227720
            8         1000        81.09     10135844
           16         1000       168.91     10556680
           32         1000       334.76     10461186
           64         1000       670.89     10482728
          128         1000       745.05      5820739
          256         1000      1112.31      4344957
          512         1000      2061.72      4026787
         1024         1000      3352.97      3274388
         2048         1000      6017.07      2938021
         4096         1000      8316.36      2030361
         8192         1000     10430.00      1273193
        16384         1000      6659.16       406443
        32768         1000     11395.81       347772
        65536          640     15432.76       235485
       131072          320     15284.91       116615
       262144          160     14864.93        56705
       524288           80     16238.58        30973
      1048576           40     16171.29        15422
      2097152           20     15816.44         7542
      4194304           10     15592.95         3718

#---------------------------------------------------
# Benchmarking Uniband 
# #processes = 4 
# ( 52 additional processes waiting in MPI_Barrier)
#---------------------------------------------------
       #bytes #repetitions   Mbytes/sec      Msg/sec
            0         1000         0.00     19337293
            1         1000        18.59     18586980
            2         1000        39.37     19684152
            4         1000        76.18     19044017
            8         1000       157.69     19711768
           16         1000       307.67     19229374
           32         1000       607.75     18992107
           64         1000      1274.91     19920536
          128         1000       761.79      5951486
          256         1000      1015.44      3966549
          512         1000      1885.51      3682642
         1024         1000      2798.90      2733305
         2048         1000      3809.21      1859963
         4096         1000      4902.97      1197014
         8192         1000      5788.67       706625
        16384         1000     13548.28       826921
        32768         1000     22285.55       680101
        65536          640     23692.46       361518
       131072          320     24111.29       183955
       262144          160     23574.04        89928
       524288           80     24565.12        46854
      1048576           40     24621.87        23481
      2097152           20     23737.17        11319
      4194304           10     24812.13         5916

#---------------------------------------------------
# Benchmarking Uniband 
# #processes = 8 
# ( 48 additional processes waiting in MPI_Barrier)
#---------------------------------------------------
       #bytes #repetitions   Mbytes/sec      Msg/sec
            0         1000         0.00     35425436
            1         1000        36.93     36926083
            2         1000        81.28     40639185
            4         1000       144.31     36077415
            8         1000       320.89     40111220
           16         1000       640.28     40017339
           32         1000      1054.57     32955288
           64         1000      1416.22     22128388
          128         1000       961.55      7512071
          256         1000      2000.65      7815057
          512         1000      3569.74      6972157
         1024         1000      5273.58      5149978
         2048         1000      7778.52      3798104
         4096         1000     11484.57      2803849
         8192         1000     39593.70      4833215
        16384         1000     21482.39      1311181
        32768         1000     23265.29       710000
        65536          640     24123.97       368103
       131072          320     24229.14       184854
       262144          160     23729.70        90522
       524288           80     24799.56        47301
      1048576           40     24760.51        23613
      2097152           20     23763.47        11331
      4194304           10     24924.64         5942

#---------------------------------------------------
# Benchmarking Uniband 
# #processes = 16 
# ( 40 additional processes waiting in MPI_Barrier)
#---------------------------------------------------
       #bytes #repetitions   Mbytes/sec      Msg/sec
            0         1000         0.00     74621558
            1         1000        81.75     81745445
            2         1000       166.66     83329074
            4         1000       309.82     77454178
            8         1000       582.63     72828467
           16         1000      1270.17     79385680
           32         1000      2287.91     71497136
           64         1000      4899.28     76551235
          128         1000      2151.20     16806285
          256         1000      4069.16     15895168
          512         1000      7514.27     14676305
         1024         1000     10719.18     10467948
         2048         1000     16224.88      7922304
         4096         1000     23074.60      5633447
         8192         1000     30577.35      3732587
        16384         1000     21346.84      1302908
        32768         1000     23316.88       711575
        65536          640     24116.68       367991
       131072          320     24191.93       184570
       262144          160     23755.13        90619
       524288           80     24687.75        47088
      1048576           40     24633.32        23492
      2097152           20     23826.20        11361
      4194304           10     24843.05         5923

#---------------------------------------------------
# Benchmarking Uniband 
# #processes = 32 
# ( 24 additional processes waiting in MPI_Barrier)
#---------------------------------------------------
       #bytes #repetitions   Mbytes/sec      Msg/sec
            0         1000         0.00     67134334
            1         1000        67.13     67134880
            2         1000       136.10     68052212
            4         1000       270.07     67516322
            8         1000       544.22     68027911
           16         1000      1085.56     67847590
           32         1000      1942.02     60688012
           64         1000      3843.24     60050558
          128         1000      3671.49     28683538
          256         1000      7349.07     28707304
          512         1000     13336.74     26048315
         1024         1000     18695.53     18257351
         2048         1000     22103.56     10792756
         4096         1000     22607.63      5519441
         8192         1000     22823.05      2786017
        16384         1000     15407.91       940424
        32768         1000     15713.17       479528
        65536          640     16198.62       247171
       131072          320     15964.77       121802
       262144          160     16098.53        61411
       524288           80     16645.23        31748
      1048576           40     16437.84        15676
      2097152           20     16112.41         7683
      4194304           10     16633.05         3966

#---------------------------------------------------
# Benchmarking Uniband 
# #processes = 56 
#---------------------------------------------------
       #bytes #repetitions   Mbytes/sec      Msg/sec
            0         1000         0.00     63569032
            1         1000        63.87     63873148
            2         1000       126.49     63246497
            4         1000       245.89     61473070
            8         1000       472.04     59005547
           16         1000       888.53     55532963
           32         1000      1563.92     48872447
           64         1000      2504.04     39125657
          128         1000      3566.66     27864564
          256         1000      4552.40     17782820
          512         1000      5234.78     10224181
         1024         1000      5280.20      5156445
         2048         1000      5526.26      2698368
         4096         1000      5642.69      1377609
         8192         1000      5702.60       696118
        16384         1000      5720.80       349170
        32768          975      5712.23       174323
        65536          490      5741.81        87613
       131072          246      5745.84        43837
       262144          123      5753.28        21947
       524288           62      5766.53        10999
      1048576           31      5769.01         5502
      2097152           16      5777.32         2755
      4194304            8      5786.26         1380


# All processes entering MPI_Finalize

