#------------------------------------------------------------
#    Intel(R) MPI Benchmarks 2019 Update 5, MPI-1 part    
#------------------------------------------------------------
# Date                  : Wed Oct  7 09:34:44 2020
# Machine               : x86_64
# System                : Linux
# Release               : 3.10.0-1127.8.2.el7.x86_64
# Version               : #1 SMP Tue May 12 16:57:42 UTC 2020
# MPI Version           : 3.1
# MPI Thread Environment: 


# Calling sequence was: 

# IMB-MPI1 uniband -npmin 1 

# Minimum message length in bytes:   0
# Maximum message length in bytes:   4194304
#
# MPI_Datatype                   :   MPI_BYTE 
# MPI_Datatype for reductions    :   MPI_FLOAT 
# MPI_Op                         :   MPI_SUM  
# 
# 

# List of Benchmarks to run:

# Uniband

#---------------------------------------------------
# Benchmarking Uniband 
# #processes = 2 
# ( 2 additional processes waiting in MPI_Barrier)
#---------------------------------------------------
       #bytes #repetitions   Mbytes/sec      Msg/sec
            0         1000         0.00      4201161
            1         1000         4.12      4120757
            2         1000         8.23      4116328
            4         1000        16.46      4114580
            8         1000        32.88      4110286
           16         1000        65.83      4114572
           32         1000       126.62      3956816
           64         1000       252.30      3942142
          128         1000       491.06      3836419
          256         1000      1033.21      4035995
          512         1000       919.44      1795778
         1024         1000      1640.77      1602315
         2048         1000      2735.69      1335788
         4096         1000      4006.08       978048
         8192         1000      5493.14       670549
        16384         1000      6317.21       385572
        32768         1000      6515.90       198849
        65536          640      6626.62       101114
       131072          320      6189.44        47222
       262144          160      5772.03        22019
       524288           80      5859.72        11177
      1048576           40      6176.96         5891
      2097152           20      6025.12         2873
      4194304           10      8210.62         1958

#---------------------------------------------------
# Benchmarking Uniband 
# #processes = 4 
#---------------------------------------------------
       #bytes #repetitions   Mbytes/sec      Msg/sec
            0         1000         0.00      5317525
            1         1000         5.27      5266210
            2         1000        10.54      5271527
            4         1000        21.06      5265322
            8         1000        42.12      5264577
           16         1000        84.09      5255552
           32         1000       168.06      5252002
           64         1000       330.22      5159683
          128         1000       558.33      4361988
          256         1000      1113.15      4348234
          512         1000      2318.59      4528490
         1024         1000      4049.68      3954768
         2048         1000      6365.79      3108294
         4096         1000      9120.31      2226637
         8192         1000     11230.98      1370969
        16384         1000     11365.11       693671
        32768         1000     11875.34       362407
        65536          640     11971.43       182669
       131072          320     12005.74        91597
       262144          160     11808.54        45046
       524288           80     11524.92        21982
      1048576           40     11575.91        11040
      2097152           20     11479.95         5474
      4194304           10     11440.12         2728


# All processes entering MPI_Finalize

