 starting wrf task          118  of          448
 starting wrf task           92  of          448
 starting wrf task           34  of          448
 starting wrf task           52  of          448
 starting wrf task            6  of          448
 starting wrf task           35  of          448
 starting wrf task           37  of          448
 starting wrf task           36  of          448
 starting wrf task          128  of          448
 starting wrf task           40  of          448
 starting wrf task          116  of          448
 starting wrf task          134  of          448
 starting wrf task           26  of          448
 starting wrf task          126  of          448
 starting wrf task          136  of          448
 starting wrf task          135  of          448
 starting wrf task          160  of          448
 starting wrf task          132  of          448
 starting wrf task          130  of          448
 starting wrf task          122  of          448
 starting wrf task          140  of          448
 starting wrf task          112  of          448
 starting wrf task          124  of          448
 starting wrf task          146  of          448
 starting wrf task          131  of          448
 starting wrf task          152  of          448
 starting wrf task          129  of          448
 starting wrf task          166  of          448
 starting wrf task          156  of          448
 starting wrf task          148  of          448
 starting wrf task          127  of          448
 starting wrf task          158  of          448
 starting wrf task          119  of          448
 starting wrf task          133  of          448
 starting wrf task          115  of          448
 starting wrf task          147  of          448
 starting wrf task           42  of          448
 starting wrf task           55  of          448
 starting wrf task           14  of          448
 starting wrf task           18  of          448
 starting wrf task           27  of          448
 starting wrf task           44  of          448
 starting wrf task           48  of          448
 starting wrf task           54  of          448
 starting wrf task            2  of          448
 starting wrf task           11  of          448
 starting wrf task           25  of          448
 starting wrf task           31  of          448
 starting wrf task           47  of          448
 starting wrf task           30  of          448
 starting wrf task           66  of          448
 starting wrf task           74  of          448
 starting wrf task          106  of          448
 starting wrf task           68  of          448
 starting wrf task           84  of          448
 starting wrf task           90  of          448
 starting wrf task           33  of          448
 starting wrf task           67  of          448
 starting wrf task           56  of          448
 starting wrf task          164  of          448
 starting wrf task           60  of          448
 starting wrf task          120  of          448
 starting wrf task           59  of          448
 starting wrf task          145  of          448
 starting wrf task          100  of          448
 starting wrf task          125  of          448
 starting wrf task           97  of          448
 starting wrf task          139  of          448
 starting wrf task          105  of          448
 starting wrf task            0  of          448
 starting wrf task          161  of          448
 starting wrf task           76  of          448
 starting wrf task          117  of          448
 starting wrf task           58  of          448
 starting wrf task          137  of          448
 starting wrf task           73  of          448
 starting wrf task          150  of          448
 starting wrf task           81  of          448
 starting wrf task            8  of          448
 starting wrf task          121  of          448
 starting wrf task          101  of          448
 starting wrf task          138  of          448
 starting wrf task           78  of          448
 starting wrf task          113  of          448
 starting wrf task          107  of          448
 starting wrf task          114  of          448
 starting wrf task           72  of          448
 starting wrf task          123  of          448
 starting wrf task           88  of          448
 starting wrf task          142  of          448
 starting wrf task           96  of          448
 starting wrf task           39  of          448
 starting wrf task          144  of          448
 starting wrf task           57  of          448
 starting wrf task          149  of          448
 starting wrf task           69  of          448
 starting wrf task          153  of          448
 starting wrf task          154  of          448
 starting wrf task          157  of          448
 starting wrf task           12  of          448
 starting wrf task          163  of          448
 starting wrf task          167  of          448
 starting wrf task          141  of          448
 starting wrf task          143  of          448
 starting wrf task          151  of          448
 starting wrf task           38  of          448
 starting wrf task           45  of          448
 starting wrf task           28  of          448
 starting wrf task           29  of          448
 starting wrf task           41  of          448
 starting wrf task           15  of          448
 starting wrf task          330  of          448
 starting wrf task           53  of          448
 starting wrf task           10  of          448
 starting wrf task           22  of          448
 starting wrf task            9  of          448
 starting wrf task           49  of          448
 starting wrf task           17  of          448
 starting wrf task           19  of          448
 starting wrf task           51  of          448
 starting wrf task          361  of          448
 starting wrf task            4  of          448
 starting wrf task           20  of          448
 starting wrf task            1  of          448
 starting wrf task           13  of          448
 starting wrf task            3  of          448
 starting wrf task           79  of          448
 starting wrf task           85  of          448
 starting wrf task           62  of          448
 starting wrf task           24  of          448
 starting wrf task           82  of          448
 starting wrf task           86  of          448
 starting wrf task           94  of          448
 starting wrf task          104  of          448
 starting wrf task          111  of          448
 starting wrf task           61  of          448
 starting wrf task           43  of          448
 starting wrf task           99  of          448
 starting wrf task           70  of          448
 starting wrf task          108  of          448
 starting wrf task           65  of          448
 starting wrf task           75  of          448
 starting wrf task           46  of          448
 starting wrf task           77  of          448
 starting wrf task           89  of          448
 starting wrf task           91  of          448
 starting wrf task           98  of          448
 starting wrf task          102  of          448
 starting wrf task           50  of          448
 starting wrf task           63  of          448
 starting wrf task           95  of          448
 starting wrf task           80  of          448
 starting wrf task           87  of          448
 starting wrf task           93  of          448
 starting wrf task           23  of          448
 starting wrf task          103  of          448
 starting wrf task          427  of          448
 starting wrf task            5  of          448
 starting wrf task            7  of          448
 starting wrf task           21  of          448
 starting wrf task           32  of          448
 starting wrf task           16  of          448
 starting wrf task          267  of          448
 starting wrf task          284  of          448
 starting wrf task          318  of          448
 starting wrf task          326  of          448
 starting wrf task          281  of          448
 starting wrf task          333  of          448
 starting wrf task          297  of          448
 starting wrf task          320  of          448
 starting wrf task          332  of          448
 starting wrf task          306  of          448
 starting wrf task          328  of          448
 starting wrf task          288  of          448
 starting wrf task          280  of          448
 starting wrf task          331  of          448
 starting wrf task          292  of          448
 starting wrf task          316  of          448
 starting wrf task          286  of          448
 starting wrf task          295  of          448
 starting wrf task          307  of          448
 starting wrf task          325  of          448
 starting wrf task          285  of          448
 starting wrf task          282  of          448
 starting wrf task          310  of          448
 starting wrf task          314  of          448
 starting wrf task          302  of          448
 starting wrf task          308  of          448
 starting wrf task          373  of          448
 starting wrf task          391  of          448
 starting wrf task          337  of          448
 starting wrf task          357  of          448
 starting wrf task          336  of          448
 starting wrf task          354  of          448
 starting wrf task          356  of          448
 starting wrf task          372  of          448
 starting wrf task          366  of          448
 starting wrf task          371  of          448
 starting wrf task          370  of          448
 starting wrf task          345  of          448
 starting wrf task          347  of          448
 starting wrf task          339  of          448
 starting wrf task          342  of          448
 starting wrf task          355  of          448
 starting wrf task          365  of          448
 starting wrf task          340  of          448
 starting wrf task          390  of          448
 starting wrf task          338  of          448
 starting wrf task          350  of          448
 starting wrf task          374  of          448
 starting wrf task          343  of          448
 starting wrf task          346  of          448
 starting wrf task          353  of          448
 starting wrf task          397  of          448
 starting wrf task          423  of          448
 starting wrf task          425  of          448
 starting wrf task          435  of          448
 starting wrf task          445  of          448
 starting wrf task          428  of          448
 starting wrf task          422  of          448
 starting wrf task          404  of          448
 starting wrf task          405  of          448
 starting wrf task          403  of          448
 starting wrf task          417  of          448
 starting wrf task          421  of          448
 starting wrf task          429  of          448
 starting wrf task          395  of          448
 starting wrf task          396  of          448
 starting wrf task          420  of          448
 starting wrf task          433  of          448
 starting wrf task          243  of          448
 starting wrf task          444  of          448
 starting wrf task          269  of          448
 starting wrf task          400  of          448
 starting wrf task          279  of          448
 starting wrf task          411  of          448
 starting wrf task          225  of          448
 starting wrf task          447  of          448
 starting wrf task          236  of          448
 starting wrf task          398  of          448
 starting wrf task          257  of          448
 starting wrf task          426  of          448
 starting wrf task          235  of          448
 starting wrf task          441  of          448
 starting wrf task          255  of          448
 starting wrf task          443  of          448
 starting wrf task          263  of          448
 starting wrf task          265  of          448
 starting wrf task          275  of          448
 starting wrf task          239  of          448
 starting wrf task          233  of          448
 starting wrf task          260  of          448
 starting wrf task          229  of          448
 starting wrf task          252  of          448
 starting wrf task          253  of          448
 starting wrf task          271  of          448
 starting wrf task          273  of          448
 starting wrf task          226  of          448
 starting wrf task          231  of          448
 starting wrf task          249  of          448
 starting wrf task          224  of          448
 starting wrf task          237  of          448
 starting wrf task          228  of          448
 starting wrf task          289  of          448
 starting wrf task          304  of          448
 starting wrf task          315  of          448
 starting wrf task          323  of          448
 starting wrf task          291  of          448
 starting wrf task          303  of          448
 starting wrf task          305  of          448
 starting wrf task          321  of          448
 starting wrf task          335  of          448
 starting wrf task          299  of          448
 starting wrf task          309  of          448
 starting wrf task          311  of          448
 starting wrf task          313  of          448
 starting wrf task          317  of          448
 starting wrf task          329  of          448
 starting wrf task          294  of          448
 starting wrf task          324  of          448
 starting wrf task          334  of          448
 starting wrf task          293  of          448
 starting wrf task          301  of          448
 starting wrf task          312  of          448
 starting wrf task          322  of          448
 starting wrf task          300  of          448
 starting wrf task          290  of          448
 starting wrf task          327  of          448
 starting wrf task          367  of          448
 starting wrf task          352  of          448
 starting wrf task          360  of          448
 starting wrf task          348  of          448
 starting wrf task          344  of          448
 starting wrf task          369  of          448
 starting wrf task          377  of          448
 starting wrf task          375  of          448
 starting wrf task          378  of          448
 starting wrf task          364  of          448
 starting wrf task          380  of          448
 starting wrf task          382  of          448
 starting wrf task          386  of          448
 starting wrf task          379  of          448
 starting wrf task          341  of          448
 starting wrf task          362  of          448
 starting wrf task          388  of          448
 starting wrf task          351  of          448
 starting wrf task          359  of          448
 starting wrf task          381  of          448
 starting wrf task          358  of          448
 starting wrf task          363  of          448
 starting wrf task          387  of          448
 starting wrf task          389  of          448
 starting wrf task          349  of          448
 starting wrf task          415  of          448
 starting wrf task          446  of          448
 starting wrf task          424  of          448
 starting wrf task          392  of          448
 starting wrf task          406  of          448
 starting wrf task          438  of          448
 starting wrf task          431  of          448
 starting wrf task          430  of          448
 starting wrf task          436  of          448
 starting wrf task          399  of          448
 starting wrf task          401  of          448
 starting wrf task          437  of          448
 starting wrf task          402  of          448
 starting wrf task          418  of          448
 starting wrf task          407  of          448
 starting wrf task          412  of          448
 starting wrf task          414  of          448
 starting wrf task          416  of          448
 starting wrf task          439  of          448
 starting wrf task          434  of          448
 starting wrf task          442  of          448
 starting wrf task          409  of          448
 starting wrf task          393  of          448
 starting wrf task          440  of          448
 starting wrf task          168  of          448
 starting wrf task          394  of          448
 starting wrf task          248  of          448
 starting wrf task          238  of          448
 starting wrf task          268  of          448
 starting wrf task          227  of          448
 starting wrf task          242  of          448
 starting wrf task          270  of          448
 starting wrf task          277  of          448
 starting wrf task          230  of          448
 starting wrf task          234  of          448
 starting wrf task          250  of          448
 starting wrf task          254  of          448
 starting wrf task          274  of          448
 starting wrf task          256  of          448
 starting wrf task          259  of          448
 starting wrf task          261  of          448
 starting wrf task          246  of          448
 starting wrf task          258  of          448
 starting wrf task          266  of          448
 starting wrf task          272  of          448
 starting wrf task          244  of          448
 starting wrf task          247  of          448
 starting wrf task          278  of          448
 starting wrf task          241  of          448
 starting wrf task          251  of          448
 starting wrf task          262  of          448
 starting wrf task          170  of          448
 starting wrf task          194  of          448
 starting wrf task          195  of          448
 starting wrf task          169  of          448
 starting wrf task          179  of          448
 starting wrf task          181  of          448
 starting wrf task          183  of          448
 starting wrf task          189  of          448
 starting wrf task          214  of          448
 starting wrf task          171  of          448
 starting wrf task          173  of          448
 starting wrf task          193  of          448
 starting wrf task          209  of          448
 starting wrf task          211  of          448
 starting wrf task          180  of          448
 starting wrf task          196  of          448
 starting wrf task          198  of          448
 starting wrf task          185  of          448
 starting wrf task          188  of          448
 starting wrf task          222  of          448
 starting wrf task          177  of          448
 starting wrf task          215  of          448
 starting wrf task          212  of          448
 starting wrf task          207  of          448
 starting wrf task          218  of          448
 starting wrf task          221  of          448
 starting wrf task          172  of          448
 starting wrf task          187  of          448
 starting wrf task          191  of          448
 starting wrf task          192  of          448
 starting wrf task          197  of          448
 starting wrf task          204  of          448
 starting wrf task          205  of          448
 starting wrf task          223  of          448
 starting wrf task          184  of          448
 starting wrf task          220  of          448
 starting wrf task          201  of          448
 starting wrf task          208  of          448
 starting wrf task          175  of          448
 starting wrf task          190  of          448
 starting wrf task          199  of          448
 starting wrf task          216  of          448
 starting wrf task          219  of          448
 starting wrf task          217  of          448
 starting wrf task          213  of          448
 starting wrf task          174  of          448
 starting wrf task          200  of          448
 starting wrf task          202  of          448
 starting wrf task          210  of          448
 starting wrf task          182  of          448
 starting wrf task          203  of          448
 starting wrf task          206  of          448
 starting wrf task          186  of          448
 starting wrf task          155  of          448
 starting wrf task          159  of          448
 starting wrf task          165  of          448
 starting wrf task          162  of          448
 starting wrf task           64  of          448
 starting wrf task          109  of          448
 starting wrf task           71  of          448
 starting wrf task           83  of          448
 starting wrf task          110  of          448
 starting wrf task          384  of          448
 starting wrf task          376  of          448
 starting wrf task          383  of          448
 starting wrf task          385  of          448
 starting wrf task          368  of          448
 starting wrf task          283  of          448
 starting wrf task          287  of          448
 starting wrf task          296  of          448
 starting wrf task          298  of          448
 starting wrf task          319  of          448
 starting wrf task          410  of          448
 starting wrf task          413  of          448
 starting wrf task          432  of          448
 starting wrf task          264  of          448
 starting wrf task          408  of          448
 starting wrf task          240  of          448
 starting wrf task          419  of          448
 starting wrf task          276  of          448
 starting wrf task          245  of          448
 starting wrf task          232  of          448
 starting wrf task          178  of          448
 starting wrf task          176  of          448

real	1m27.581s
user	0m0.030s
sys	0m0.044s
