[0] MPI startup(): I_MPI_OFA_TRANSLATION_CACHE variable has been removed from the product, its value is ignored

#------------------------------------------------------------
#    Intel(R) MPI Benchmarks 2019 Update 6, MPI-1 part    
#------------------------------------------------------------
# Date                  : Thu Oct  1 16:22:48 2020
# Machine               : x86_64
# System                : Linux
# Release               : 3.10.0-1127.19.1.el7.x86_64
# Version               : #1 SMP Tue Aug 25 17:23:54 UTC 2020
# MPI Version           : 3.1
# MPI Thread Environment: 


# Calling sequence was: 

# /usr/local/Cluster-Apps/intel/2020.2/compilers_and_libraries_2020.2.254/linux/mpi/intel64/bin/IMB-MPI1 biband -npmin 1 

# Minimum message length in bytes:   0
# Maximum message length in bytes:   4194304
#
# MPI_Datatype                   :   MPI_BYTE 
# MPI_Datatype for reductions    :   MPI_FLOAT 
# MPI_Op                         :   MPI_SUM  
# 
# 

# List of Benchmarks to run:

# Biband

#---------------------------------------------------
# Benchmarking Biband 
# #processes = 2 
# ( 110 additional processes waiting in MPI_Barrier)
#---------------------------------------------------
       #bytes #repetitions   Mbytes/sec      Msg/sec
            0         1000         0.00      4515813
            1         1000         4.49      4487134
            2         1000         8.96      4477737
            4         1000        17.99      4497552
            8         1000        35.95      4493936
           16         1000        71.72      4482414
           32         1000       141.39      4418381
           64         1000       282.45      4413268
          128         1000       573.03      4476807
          256         1000      1412.64      5518136
          512         1000       917.73      1792445
         1024         1000      1641.92      1603440
         2048         1000      2648.53      1293230
         4096         1000      3709.40       905615
         8192         1000      4950.11       604262
        16384         1000      5986.84       365407
        32768         1000      6139.82       187372
        65536          640      6053.33        92366
       131072          320      6228.43        47519
       262144          160      6429.97        24528
       524288           80      6277.37        11973
      1048576           40      5950.01         5674
      2097152           20      5954.08         2839
      4194304           10      4864.29         1160

#---------------------------------------------------
# Benchmarking Biband 
# #processes = 4 
# ( 108 additional processes waiting in MPI_Barrier)
#---------------------------------------------------
       #bytes #repetitions   Mbytes/sec      Msg/sec
            0         1000         0.00     14656718
            1         1000        14.54     14542620
            2         1000        29.16     14579934
            4         1000        58.01     14503441
            8         1000       115.94     14493041
           16         1000       231.79     14487087
           32         1000       454.55     14204698
           64         1000       907.65     14181982
          128         1000      1798.98     14054557
          256         1000      3575.17     13965512
          512         1000      3070.18      5996446
         1024         1000      5279.02      5155290
         2048         1000      8873.86      4332941
         4096         1000     14139.93      3452131
         8192         1000     19518.87      2382675
        16384         1000     22752.37      1388694
        32768         1000     23331.18       712011
        65536          640     24586.36       375158
       131072          320     25017.33       190867
       262144          160     23430.87        89382
       524288           80     18132.46        34585
      1048576           40     22227.27        21198
      2097152           20     22443.32        10702
      4194304           10     12842.90         3062

#---------------------------------------------------
# Benchmarking Biband 
# #processes = 8 
# ( 104 additional processes waiting in MPI_Barrier)
#---------------------------------------------------
       #bytes #repetitions   Mbytes/sec      Msg/sec
            0         1000         0.00     29344538
            1         1000        29.20     29199513
            2         1000        58.42     29212212
            4         1000       115.95     28988702
            8         1000       232.34     29041899
           16         1000       465.51     29094091
           32         1000       908.39     28387267
           64         1000      1816.05     28375817
          128         1000      3576.54     27941752
          256         1000      7137.80     27882027
          512         1000      6210.99     12130831
         1024         1000     10573.52     10325707
         2048         1000     17787.87      8685484
         4096         1000     28054.78      6849311
         8192         1000     39008.30      4761756
        16384         1000     46111.93      2814449
        32768         1000     48211.27      1471291
        65536          640     50901.19       776691
       131072          320     49152.23       375002
       262144          160     36482.99       139172
       524288           80     28965.20        55247
      1048576           40     44997.77        42913
      2097152           20     45218.27        21562
      4194304           10     24489.56         5839

#---------------------------------------------------
# Benchmarking Biband 
# #processes = 16 
# ( 96 additional processes waiting in MPI_Barrier)
#---------------------------------------------------
       #bytes #repetitions   Mbytes/sec      Msg/sec
            0         1000         0.00     59055675
            1         1000        58.64     58636443
            2         1000       116.85     58423191
            4         1000       234.12     58529608
            8         1000       467.43     58428430
           16         1000       934.16     58384929
           32         1000      1819.76     56867540
           64         1000      3640.21     56878290
          128         1000      7168.56     56004352
          256         1000     14267.32     55731730
          512         1000     12162.52     23754932
         1024         1000     20926.35     20435893
         2048         1000     35088.38     17132997
         4096         1000     56088.01     13693362
         8192         1000     77987.96      9520015
        16384         1000     91684.47      5595976
        32768         1000     97619.62      2979114
        65536          640     99443.60      1517389
       131072          320     81603.38       622584
       262144          160     59686.90       227687
       524288           80     51651.01        98516
      1048576           40     78720.83        75074
      2097152           20     56198.98        26798
      4194304           10     43481.53        10367

#---------------------------------------------------
# Benchmarking Biband 
# #processes = 32 
# ( 80 additional processes waiting in MPI_Barrier)
#---------------------------------------------------
       #bytes #repetitions   Mbytes/sec      Msg/sec
            0         1000         0.00    117692100
            1         1000       116.56    116564278
            2         1000       233.49    116742540
            4         1000       459.06    114766209
            8         1000       927.98    115997779
           16         1000      1856.64    116039941
           32         1000      3621.58    113174219
           64         1000      7214.49    112726447
          128         1000     14165.82    110670463
          256         1000     28264.43    110407925
          512         1000     23731.59     46350760
         1024         1000     39955.43     39018975
         2048         1000     66680.53     32558853
         4096         1000    107029.32     26130205
         8192         1000    148928.73     18179777
        16384         1000    173596.47     10595488
        32768         1000    187422.19      5719671
        65536          640    173417.25      2646137
       131072          320    107209.23       817942
       262144          160     82925.83       316337
       524288           80     74256.79       141634
      1048576           40     82531.68        78708
      2097152           20     53234.53        25384
      4194304           10     54937.77        13098

#---------------------------------------------------
# Benchmarking Biband 
# #processes = 64 
# ( 48 additional processes waiting in MPI_Barrier)
#---------------------------------------------------
       #bytes #repetitions   Mbytes/sec      Msg/sec
            0         1000         0.00    158786753
            1         1000       158.48    158479706
            2         1000       315.65    157823095
            4         1000       635.15    158787885
            8         1000      1239.82    154977933
           16         1000      2538.67    158666781
           32         1000      4972.47    155389578
           64         1000      7334.65    114603880
          128         1000     12788.16     99907484
          256         1000     22009.42     85974308
          512         1000     40502.37     79106198
         1024         1000     64859.17     63339037
         2048         1000     93925.56     45862092
         4096         1000     95373.02     23284429
         8192         1000     96797.60     11816114
        16384         1000     97169.54      5930758
        32768         1000     97059.51      2962021
        65536          640     94120.59      1436166
       131072          320     93425.26       712778
       262144          160     92849.19       354192
       524288           80     87813.07       167490
      1048576           40     72793.85        69422
      2097152           20     55323.53        26380
      4194304           10     59700.50        14234

#---------------------------------------------------
# Benchmarking Biband 
# #processes = 112 
#---------------------------------------------------
       #bytes #repetitions   Mbytes/sec      Msg/sec
            0         1000         0.00    158800584
            1         1000       154.63    154634821
            2         1000       316.90    158447855
            4         1000       639.85    159962693
            8         1000      1275.53    159441365
           16         1000      2556.13    159758202
           32         1000      4587.08    143346272
           64         1000      7160.94    111889654
          128         1000      6680.07     52188068
          256         1000     12173.23     47551685
          512         1000     16042.75     31333500
         1024         1000     20178.89     19705948
         2048         1000     22941.41     11201862
         4096         1000     23802.82      5811235
         8192         1000     23979.48      2927182
        16384         1000     24254.50      1480377
        32768         1000     24198.28       738473
        65536          513     24186.68       369059
       131072          261     24491.80       186858
       262144          131     24545.13        93632
       524288           66     24592.16        46906
      1048576           33     24619.60        23479
      2097152           17     24630.99        11745
      4194304            9     24637.71         5874


# All processes entering MPI_Finalize

