#------------------------------------------------------------
#    Intel(R) MPI Benchmarks 2019 Update 5, MPI-1 part    
#------------------------------------------------------------
# Date                  : Wed Oct  7 10:06:07 2020
# Machine               : x86_64
# System                : Linux
# Release               : 3.10.0-1127.8.2.el7.x86_64
# Version               : #1 SMP Tue May 12 16:57:42 UTC 2020
# MPI Version           : 3.1
# MPI Thread Environment: 


# Calling sequence was: 

# /alaska/steveb/spack/opt/spack/linux-centos7-broadwell/gcc-9.3.0/intel-mpi-benchmarks-2019.5-dwg5q6jdcxgwtiwi2lj32w4ttotvwqnt/bin/IMB-MPI1 biband -npmin 1 

# Minimum message length in bytes:   0
# Maximum message length in bytes:   4194304
#
# MPI_Datatype                   :   MPI_BYTE 
# MPI_Datatype for reductions    :   MPI_FLOAT 
# MPI_Op                         :   MPI_SUM  
# 
# 

# List of Benchmarks to run:

# Biband

#---------------------------------------------------
# Benchmarking Biband 
# #processes = 2 
# ( 30 additional processes waiting in MPI_Barrier)
#---------------------------------------------------
       #bytes #repetitions   Mbytes/sec      Msg/sec
            0         1000         0.00      5527339
            1         1000         5.65      5650735
            2         1000        11.51      5756213
            4         1000        22.28      5569387
            8         1000        45.41      5676058
           16         1000        87.43      5464318
           32         1000       177.37      5542831
           64         1000       358.80      5606257
          128         1000       538.21      4204794
          256         1000      1014.69      3963638
          512         1000      1883.95      3679599
         1024         1000      3171.94      3097602
         2048         1000      5657.64      2762519
         4096         1000      7787.59      1901268
         8192         1000     10043.34      1225993
        16384         1000      9860.80       601856
        32768         1000     13522.10       412662
        65536          640     16602.84       253339
       131072          320     18372.16       140168
       262144          160     17260.95        65845
       524288           80     17861.41        34068
      1048576           40     18014.05        17180
      2097152           20     18173.12         8666
      4194304           10     18226.10         4345

#---------------------------------------------------
# Benchmarking Biband 
# #processes = 4 
# ( 28 additional processes waiting in MPI_Barrier)
#---------------------------------------------------
       #bytes #repetitions   Mbytes/sec      Msg/sec
            0         1000         0.00     17301128
            1         1000        17.70     17696863
            2         1000        35.18     17587946
            4         1000        71.32     17829314
            8         1000       140.85     17606220
           16         1000       285.41     17838226
           32         1000       525.21     16412804
           64         1000      1050.44     16413098
          128         1000       673.10      5258617
          256         1000      1121.04      4379053
          512         1000      2101.58      4104658
         1024         1000      3285.86      3208852
         2048         1000      5312.74      2594113
         4096         1000      6920.56      1689590
         8192         1000      8616.91      1051869
        16384         1000     17512.84      1068899
        32768         1000     25944.67       791768
        65536          640     33875.04       516892
       131072          320     38040.70       290228
       262144          160     34622.91       132076
       524288           80     34431.42        65673
      1048576           40     35305.48        33670
      2097152           20     35562.51        16958
      4194304           10     34817.47         8301

#---------------------------------------------------
# Benchmarking Biband 
# #processes = 8 
# ( 24 additional processes waiting in MPI_Barrier)
#---------------------------------------------------
       #bytes #repetitions   Mbytes/sec      Msg/sec
            0         1000         0.00     33909724
            1         1000        33.66     33664386
            2         1000        67.76     33881304
            4         1000       135.21     33803329
            8         1000       268.87     33608682
           16         1000       540.98     33811062
           32         1000      1069.30     33415565
           64         1000      2180.23     34066048
          128         1000      1327.45     10370701
          256         1000      2194.26      8571329
          512         1000      3444.90      6728314
         1024         1000      6203.75      6058350
         2048         1000      9965.33      4865883
         4096         1000     12771.00      3117920
         8192         1000     15297.07      1867319
        16384         1000     34993.87      2135856
        32768         1000     46053.64      1405446
        65536          640     62856.83       959119
       131072          320     71552.40       545902
       262144          160     69812.53       266314
       524288           80     69143.93       131882
      1048576           40     70919.37        67634
      2097152           20     71607.28        34145
      4194304           10     47162.63        11244

#---------------------------------------------------
# Benchmarking Biband 
# #processes = 16 
# ( 16 additional processes waiting in MPI_Barrier)
#---------------------------------------------------
       #bytes #repetitions   Mbytes/sec      Msg/sec
            0         1000         0.00     66545235
            1         1000        67.56     67558643
            2         1000       131.03     65512646
            4         1000       262.85     65711278
            8         1000       537.54     67192769
           16         1000      1076.50     67281190
           32         1000      2019.20     63099884
           64         1000      4205.46     65710270
          128         1000      2594.26     20267653
          256         1000      4283.81     16733651
          512         1000      6841.89     13363072
         1024         1000     11007.00     10749019
         2048         1000     17060.65      8330394
         4096         1000     19339.05      4721448
         8192         1000     20365.54      2486028
        16384         1000     70099.09      4278509
        32768         1000     94292.27      2877572
        65536          640    104202.54      1590005
       131072          320    119437.98       911239
       262144          160    120470.05       459557
       524288           80    136383.39       260131
      1048576           40    139914.53       133433
      2097152           20    113462.58        54103
      4194304           10     47181.56        11249

#---------------------------------------------------
# Benchmarking Biband 
# #processes = 32 
#---------------------------------------------------
       #bytes #repetitions   Mbytes/sec      Msg/sec
            0         1000         0.00     94610924
            1         1000       115.42    115424104
            2         1000       227.66    113828988
            4         1000       397.91     99476698
            8         1000       795.77     99470847
           16         1000      1517.98     94874006
           32         1000      2391.14     74723096
           64         1000      4741.71     74089295
          128         1000      8255.86     64498897
          256         1000     12790.75     49963855
          512         1000     16444.15     32117483
         1024         1000     18228.02     17800804
         2048         1000     19802.88      9669375
         4096         1000     20386.97      4977287
         8192         1000     20602.04      2514898
        16384         1000     20676.94      1262020
        32768         1000     20700.81       631738
        65536          640     19930.51       304115
       131072          320     20417.19       155771
       262144          160     20596.80        78571
       524288           80     20721.47        39523
      1048576           40     20569.42        19617
      2097152           20     20441.03         9747
      4194304           10     20427.08         4870


# All processes entering MPI_Finalize

