2020-08-19T17:58:23+01:00|reframe 3.0-dev6 (rev: 3f0c45d4)|Gromacs_61k_8 on alaska:ib-gcc9-openmpi4-ucx using gromacs|jobid=5051|ns_per_day=83.755|ns/day|ref=0 (l=None, u=None)|num_nodes=8,num_procs=256,61k-atoms
2020-08-19T17:58:23+01:00|reframe 3.0-dev6 (rev: 3f0c45d4)|Gromacs_61k_8 on alaska:ib-gcc9-openmpi4-ucx using gromacs|jobid=5051|hour_per_ns=0.287|hour/ns|ref=0 (l=None, u=None)|num_nodes=8,num_procs=256,61k-atoms
2020-08-19T17:58:23+01:00|reframe 3.0-dev6 (rev: 3f0c45d4)|Gromacs_61k_8 on alaska:ib-gcc9-openmpi4-ucx using gromacs|jobid=5051|core_t=52818.21|s|ref=0 (l=None, u=None)|num_nodes=8,num_procs=256,61k-atoms
2020-08-19T17:58:23+01:00|reframe 3.0-dev6 (rev: 3f0c45d4)|Gromacs_61k_8 on alaska:ib-gcc9-openmpi4-ucx using gromacs|jobid=5051|wall_t=103.161|s|ref=0 (l=None, u=None)|num_nodes=8,num_procs=256,61k-atoms
2020-08-19T17:58:23+01:00|reframe 3.0-dev6 (rev: 3f0c45d4)|Gromacs_61k_8 on alaska:ib-gcc9-openmpi4-ucx using gromacs|jobid=5051|runtime_real=112.093|s|ref=0 (l=None, u=None)|num_nodes=8,num_procs=256,61k-atoms
2020-09-08T17:22:50+01:00|reframe 3.0-dev6 (rev: 3f0c45d4)|Gromacs_61k_8 on alaska:ib-gcc9-openmpi4-ucx using gromacs|jobid=5239|ns_per_day=68.056|ns/day|ref=0 (l=None, u=None)|61k-atoms,num_procs=256,num_nodes=8
2020-09-08T17:22:50+01:00|reframe 3.0-dev6 (rev: 3f0c45d4)|Gromacs_61k_8 on alaska:ib-gcc9-openmpi4-ucx using gromacs|jobid=5239|hour_per_ns=0.353|hour/ns|ref=0 (l=None, u=None)|61k-atoms,num_procs=256,num_nodes=8
2020-09-08T17:22:50+01:00|reframe 3.0-dev6 (rev: 3f0c45d4)|Gromacs_61k_8 on alaska:ib-gcc9-openmpi4-ucx using gromacs|jobid=5239|core_t=65002.277|s|ref=0 (l=None, u=None)|61k-atoms,num_procs=256,num_nodes=8
2020-09-08T17:22:50+01:00|reframe 3.0-dev6 (rev: 3f0c45d4)|Gromacs_61k_8 on alaska:ib-gcc9-openmpi4-ucx using gromacs|jobid=5239|wall_t=126.958|s|ref=0 (l=None, u=None)|61k-atoms,num_procs=256,num_nodes=8
2020-09-08T17:22:50+01:00|reframe 3.0-dev6 (rev: 3f0c45d4)|Gromacs_61k_8 on alaska:ib-gcc9-openmpi4-ucx using gromacs|jobid=5239|runtime_real=135.635|s|ref=0 (l=None, u=None)|61k-atoms,num_procs=256,num_nodes=8
2020-09-09T13:42:53+01:00|reframe 3.0-dev6 (rev: 3f0c45d4)|Gromacs_61k_8 on alaska:ib-gcc9-openmpi4-ucx using gromacs|jobid=5257|ns_per_day=30.764|ns/day|ref=0 (l=None, u=None)|num_procs=256,num_nodes=8,61k-atoms
2020-09-09T13:42:53+01:00|reframe 3.0-dev6 (rev: 3f0c45d4)|Gromacs_61k_8 on alaska:ib-gcc9-openmpi4-ucx using gromacs|jobid=5257|hour_per_ns=0.78|hour/ns|ref=0 (l=None, u=None)|num_procs=256,num_nodes=8,61k-atoms
2020-09-09T13:42:53+01:00|reframe 3.0-dev6 (rev: 3f0c45d4)|Gromacs_61k_8 on alaska:ib-gcc9-openmpi4-ucx using gromacs|jobid=5257|core_t=143798.341|s|ref=0 (l=None, u=None)|num_procs=256,num_nodes=8,61k-atoms
2020-09-09T13:42:53+01:00|reframe 3.0-dev6 (rev: 3f0c45d4)|Gromacs_61k_8 on alaska:ib-gcc9-openmpi4-ucx using gromacs|jobid=5257|wall_t=280.856|s|ref=0 (l=None, u=None)|num_procs=256,num_nodes=8,61k-atoms
2020-09-09T13:42:53+01:00|reframe 3.0-dev6 (rev: 3f0c45d4)|Gromacs_61k_8 on alaska:ib-gcc9-openmpi4-ucx using gromacs|jobid=5257|runtime_real=290.224|s|ref=0 (l=None, u=None)|num_procs=256,num_nodes=8,61k-atoms
2020-09-10T10:31:18+01:00|reframe 3.0-dev6 (rev: 3f0c45d4)|Gromacs_61k_8 on alaska:ib-gcc9-openmpi4-ucx using gromacs|jobid=5321|ns_per_day=28.072|ns/day|ref=0 (l=None, u=None)|num_nodes=8,num_procs=256,61k-atoms
2020-09-10T10:31:18+01:00|reframe 3.0-dev6 (rev: 3f0c45d4)|Gromacs_61k_8 on alaska:ib-gcc9-openmpi4-ucx using gromacs|jobid=5321|hour_per_ns=0.855|hour/ns|ref=0 (l=None, u=None)|num_nodes=8,num_procs=256,61k-atoms
2020-09-10T10:31:18+01:00|reframe 3.0-dev6 (rev: 3f0c45d4)|Gromacs_61k_8 on alaska:ib-gcc9-openmpi4-ucx using gromacs|jobid=5321|core_t=157584.046|s|ref=0 (l=None, u=None)|num_nodes=8,num_procs=256,61k-atoms
2020-09-10T10:31:18+01:00|reframe 3.0-dev6 (rev: 3f0c45d4)|Gromacs_61k_8 on alaska:ib-gcc9-openmpi4-ucx using gromacs|jobid=5321|wall_t=307.781|s|ref=0 (l=None, u=None)|num_nodes=8,num_procs=256,61k-atoms
2020-09-10T10:31:18+01:00|reframe 3.0-dev6 (rev: 3f0c45d4)|Gromacs_61k_8 on alaska:ib-gcc9-openmpi4-ucx using gromacs|jobid=5321|runtime_real=316.067|s|ref=0 (l=None, u=None)|num_nodes=8,num_procs=256,61k-atoms
2020-09-10T15:21:38+01:00|reframe 3.0-dev6 (rev: 3f0c45d4)|Gromacs_61k_8 on alaska:ib-gcc9-openmpi4-ucx using gromacs|jobid=6415|ns_per_day=27.717|ns/day|ref=0 (l=None, u=None)|num_procs=256,61k-atoms,num_nodes=8
2020-09-10T15:21:38+01:00|reframe 3.0-dev6 (rev: 3f0c45d4)|Gromacs_61k_8 on alaska:ib-gcc9-openmpi4-ucx using gromacs|jobid=6415|hour_per_ns=0.866|hour/ns|ref=0 (l=None, u=None)|num_procs=256,61k-atoms,num_nodes=8
2020-09-10T15:21:38+01:00|reframe 3.0-dev6 (rev: 3f0c45d4)|Gromacs_61k_8 on alaska:ib-gcc9-openmpi4-ucx using gromacs|jobid=6415|core_t=159607.241|s|ref=0 (l=None, u=None)|num_procs=256,61k-atoms,num_nodes=8
2020-09-10T15:21:38+01:00|reframe 3.0-dev6 (rev: 3f0c45d4)|Gromacs_61k_8 on alaska:ib-gcc9-openmpi4-ucx using gromacs|jobid=6415|wall_t=311.733|s|ref=0 (l=None, u=None)|num_procs=256,61k-atoms,num_nodes=8
2020-09-10T15:21:38+01:00|reframe 3.0-dev6 (rev: 3f0c45d4)|Gromacs_61k_8 on alaska:ib-gcc9-openmpi4-ucx using gromacs|jobid=6415|runtime_real=319.622|s|ref=0 (l=None, u=None)|num_procs=256,61k-atoms,num_nodes=8
