#------------------------------------------------------------
#    Intel(R) MPI Benchmarks 2019 Update 5, MPI-1 part    
#------------------------------------------------------------
# Date                  : Fri Sep 11 15:07:59 2020
# Machine               : x86_64
# System                : Linux
# Release               : 3.10.0-1127.8.2.el7.x86_64
# Version               : #1 SMP Tue May 12 16:57:42 UTC 2020
# MPI Version           : 3.1
# MPI Thread Environment: 


# Calling sequence was: 

# IMB-MPI1 biband -npmin 16 

# Minimum message length in bytes:   0
# Maximum message length in bytes:   4194304
#
# MPI_Datatype                   :   MPI_BYTE 
# MPI_Datatype for reductions    :   MPI_FLOAT 
# MPI_Op                         :   MPI_SUM  
# 
# 

# List of Benchmarks to run:

# Biband

#---------------------------------------------------
# Benchmarking Biband 
# #processes = 16 
#---------------------------------------------------
       #bytes #repetitions   Mbytes/sec      Msg/sec
            0         1000         0.00       487746
            1         1000         0.49       487751
            2         1000         0.98       487747
            4         1000         1.95       487274
            8         1000         3.90       487518
           16         1000         7.80       487269
           32         1000        15.60       487517
           64         1000        31.22       487743
          128         1000        62.37       487296
          256         1000       124.93       488017
          512         1000       249.86       488016
         1024         1000       507.59       495696
         2048         1000     17517.52      8553476
         4096         1000     19613.83      4788532
         8192         1000     19995.44      2440850
        16384         1000     20018.00      1221801
        32768         1000     20180.75       615867
        65536          640     20235.79       308774
       131072          320     20269.36       154643
       262144          160     18382.12        70122
       524288           80     19879.59        37917
      1048576           40     20438.51        19492
      2097152           20     20306.38         9683
      4194304           10     20081.69         4788


# All processes entering MPI_Finalize

