#------------------------------------------------------------
#    Intel(R) MPI Benchmarks 2019 Update 5, MPI-1 part    
#------------------------------------------------------------
# Date                  : Fri Sep 11 15:09:51 2020
# Machine               : x86_64
# System                : Linux
# Release               : 3.10.0-1127.8.2.el7.x86_64
# Version               : #1 SMP Tue May 12 16:57:42 UTC 2020
# MPI Version           : 3.1
# MPI Thread Environment: 


# Calling sequence was: 

# /alaska/steveb/spack/opt/spack/linux-centos7-broadwell/gcc-9.3.0/intel-mpi-benchmarks-2019.5-dwg5q6jdcxgwtiwi2lj32w4ttotvwqnt/bin/IMB-MPI1 biband -npmin 32 

# Minimum message length in bytes:   0
# Maximum message length in bytes:   4194304
#
# MPI_Datatype                   :   MPI_BYTE 
# MPI_Datatype for reductions    :   MPI_FLOAT 
# MPI_Op                         :   MPI_SUM  
# 
# 

# List of Benchmarks to run:

# Biband

#---------------------------------------------------
# Benchmarking Biband 
# #processes = 32 
#---------------------------------------------------
       #bytes #repetitions   Mbytes/sec      Msg/sec
            0         1000         0.00     60616815
            1         1000        61.86     61860353
            2         1000       123.80     61901817
            4         1000       238.87     59716422
            8         1000       460.77     57596610
           16         1000       856.42     53526415
           32         1000      1509.16     47161375
           64         1000      2442.31     38161106
          128         1000      3525.40     27542165
          256         1000      3658.33     14290342
          512         1000      4614.58      9012856
         1024         1000      5309.62      5185172
         2048         1000      5741.45      2803440
         4096         1000      5868.89      1432835
         8192         1000      5994.08       731699
        16384         1000      6016.72       367231
        32768          895      6003.20       183203
        65536          451      6066.36        92565
       131072          228      6099.47        46535
       262144          114      6110.86        23311
       524288           57      6118.93        11671
      1048576           29      6122.22         5839
      2097152           15      6124.63         2920
      4194304            8      6125.50         1460


# All processes entering MPI_Finalize

