[0] MPI startup(): I_MPI_OFA_TRANSLATION_CACHE variable has been removed from the product, its value is ignored

#------------------------------------------------------------
#    Intel(R) MPI Benchmarks 2019 Update 6, MPI-1 part    
#------------------------------------------------------------
# Date                  : Thu Oct  1 16:20:59 2020
# Machine               : x86_64
# System                : Linux
# Release               : 3.10.0-1127.19.1.el7.x86_64
# Version               : #1 SMP Tue Aug 25 17:23:54 UTC 2020
# MPI Version           : 3.1
# MPI Thread Environment: 


# Calling sequence was: 

# /usr/local/Cluster-Apps/intel/2020.2/compilers_and_libraries_2020.2.254/linux/mpi/intel64/bin/IMB-MPI1 uniband -npmin 1 

# Minimum message length in bytes:   0
# Maximum message length in bytes:   4194304
#
# MPI_Datatype                   :   MPI_BYTE 
# MPI_Datatype for reductions    :   MPI_FLOAT 
# MPI_Op                         :   MPI_SUM  
# 
# 

# List of Benchmarks to run:

# Uniband

#---------------------------------------------------
# Benchmarking Uniband 
# #processes = 2 
# ( 54 additional processes waiting in MPI_Barrier)
#---------------------------------------------------
       #bytes #repetitions   Mbytes/sec      Msg/sec
            0         1000         0.00      6134576
            1         1000         6.11      6111602
            2         1000        12.23      6113815
            4         1000        24.39      6096765
            8         1000        48.71      6088616
           16         1000        97.61      6100321
           32         1000       195.88      6121155
           64         1000       389.76      6089986
          128         1000       779.38      6088879
          256         1000      1528.09      5969099
          512         1000      1377.66      2690750
         1024         1000      2674.44      2611762
         2048         1000      4356.41      2127154
         4096         1000      6278.34      1532799
         8192         1000      8647.12      1055557
        16384         1000      9950.93       607357
        32768         1000     10874.05       331850
        65536          640      8192.38       125006
       131072          320      5821.50        44415
       262144          160      4222.54        16108
       524288           80     11172.95        21311
      1048576           40     11471.58        10940
      2097152           20     10704.35         5104
      4194304           10      5326.34         1270

#---------------------------------------------------
# Benchmarking Uniband 
# #processes = 4 
# ( 52 additional processes waiting in MPI_Barrier)
#---------------------------------------------------
       #bytes #repetitions   Mbytes/sec      Msg/sec
            0         1000         0.00      8003214
            1         1000         8.06      8059530
            2         1000        16.08      8040845
            4         1000        32.14      8034689
            8         1000        64.55      8069325
           16         1000       129.24      8077799
           32         1000       229.80      7181252
           64         1000       459.21      7175097
          128         1000       878.51      6863370
          256         1000      2240.21      8750823
          512         1000      1639.88      3202881
         1024         1000      2596.70      2535843
         2048         1000      4164.58      2033487
         4096         1000      6046.41      1476175
         8192         1000      7975.97       973629
        16384         1000      8616.31       525898
        32768         1000      7323.86       223507
        65536          640      8148.79       124341
       131072          320      8835.53        67410
       262144          160      8297.89        31654
       524288           80     10353.21        19747
      1048576           40     10765.97        10267
      2097152           20     10588.55         5049
      4194304           10      9117.59         2174

#---------------------------------------------------
# Benchmarking Uniband 
# #processes = 8 
# ( 48 additional processes waiting in MPI_Barrier)
#---------------------------------------------------
       #bytes #repetitions   Mbytes/sec      Msg/sec
            0         1000         0.00     15500547
            1         1000        15.68     15675916
            2         1000        31.50     15748180
            4         1000        63.11     15777710
            8         1000       128.66     16082327
           16         1000       257.32     16082581
           32         1000       467.38     14605754
           64         1000       931.12     14548717
          128         1000      1681.14     13133872
          256         1000      4156.10     16234758
          512         1000      2965.88      5792731
         1024         1000      5323.98      5199196
         2048         1000      8560.95      4180150
         4096         1000     10927.91      2667947
         8192         1000     12560.20      1533227
        16384         1000     13132.45       801541
        32768         1000     14589.84       445247
        65536          640     16117.46       245933
       131072          320     18048.44       137699
       262144          160     19035.86        72616
       524288           80     22163.31        42273
      1048576           40     20893.81        19926
      2097152           20     20343.53         9701
      4194304           10     17550.84         4184

#---------------------------------------------------
# Benchmarking Uniband 
# #processes = 16 
# ( 40 additional processes waiting in MPI_Barrier)
#---------------------------------------------------
       #bytes #repetitions   Mbytes/sec      Msg/sec
            0         1000         0.00     31552651
            1         1000        31.86     31863712
            2         1000        63.83     31912590
            4         1000       127.25     31811398
            8         1000       254.26     31781966
           16         1000       506.50     31656197
           32         1000       881.84     27557393
           64         1000      1770.38     27662210
          128         1000      3334.20     26048471
          256         1000      8097.47     31630749
          512         1000      5605.98     10949178
         1024         1000     10173.27      9934832
         2048         1000     16643.43      8126673
         4096         1000     23895.92      5833966
         8192         1000     30372.85      3707624
        16384         1000     33809.23      2063552
        32768         1000     35561.64      1085255
        65536          640     36611.71       558650
       131072          320     37640.38       287173
       262144          160     32552.49       124178
       524288           80     41071.20        78337
      1048576           40     39898.76        38050
      2097152           20     39435.94        18805
      4194304           10     32305.21         7702

#---------------------------------------------------
# Benchmarking Uniband 
# #processes = 32 
# ( 24 additional processes waiting in MPI_Barrier)
#---------------------------------------------------
       #bytes #repetitions   Mbytes/sec      Msg/sec
            0         1000         0.00     62762513
            1         1000        63.37     63368563
            2         1000       127.50     63751300
            4         1000       254.68     63670946
            8         1000       510.17     63771650
           16         1000      1021.65     63853058
           32         1000      1782.23     55694752
           64         1000      3551.88     55498146
          128         1000      5784.06     45187946
          256         1000     10984.34     42907563
          512         1000     11462.54     22387771
         1024         1000     20139.24     19667223
         2048         1000     32605.35     15920580
         4096         1000     45991.35     11228357
         8192         1000     48929.58      5972849
        16384         1000     49099.95      2996823
        32768         1000     49056.64      1497090
        65536          640     49034.86       748213
       131072          320     49023.49       374020
       262144          160     49358.87       188289
       524288           80     49371.13        94168
      1048576           40     49375.83        47088
      2097152           20     49379.50        23546
      4194304           10     49371.22        11771

#---------------------------------------------------
# Benchmarking Uniband 
# #processes = 56 
#---------------------------------------------------
       #bytes #repetitions   Mbytes/sec      Msg/sec
            0         1000         0.00     97047384
            1         1000        97.02     97015743
            2         1000       194.23     97114521
            4         1000       390.39     97598670
            8         1000       777.28     97159939
           16         1000      1550.78     96923772
           32         1000      2630.31     82197287
           64         1000      3742.49     58476455
          128         1000      4512.14     35251090
          256         1000      7876.62     30768047
          512         1000     10179.15     19881156
         1024         1000     11594.04     11322304
         2048         1000     12106.40      5911326
         4096         1000     12070.08      2946796
         8192         1000     12168.19      1485375
        16384         1000     12210.95       745297
        32768         1000     12187.83       371943
        65536          640     12209.61       186304
       131072          320     12162.09        92789
       262144          160     12318.77        46992
       524288           80     12329.92        23517
      1048576           40     12338.86        11767
      2097152           20     12344.51         5886
      4194304           10     12345.31         2943


# All processes entering MPI_Finalize

