#------------------------------------------------------------
#    Intel(R) MPI Benchmarks 2019 Update 5, MPI-1 part    
#------------------------------------------------------------
# Date                  : Wed Oct  7 10:04:48 2020
# Machine               : x86_64
# System                : Linux
# Release               : 3.10.0-1127.8.2.el7.x86_64
# Version               : #1 SMP Tue May 12 16:57:42 UTC 2020
# MPI Version           : 3.1
# MPI Thread Environment: 


# Calling sequence was: 

# IMB-MPI1 biband -npmin 1 

# Minimum message length in bytes:   0
# Maximum message length in bytes:   4194304
#
# MPI_Datatype                   :   MPI_BYTE 
# MPI_Datatype for reductions    :   MPI_FLOAT 
# MPI_Op                         :   MPI_SUM  
# 
# 

# List of Benchmarks to run:

# Biband

#---------------------------------------------------
# Benchmarking Biband 
# #processes = 2 
# ( 14 additional processes waiting in MPI_Barrier)
#---------------------------------------------------
       #bytes #repetitions   Mbytes/sec      Msg/sec
            0         1000         0.00      5565933
            1         1000         5.26      5257353
            2         1000        11.00      5501867
            4         1000        21.88      5469007
            8         1000        43.95      5494063
           16         1000        87.85      5490443
           32         1000       167.73      5241543
           64         1000       334.94      5233394
          128         1000       668.97      5226339
          256         1000      1416.46      5533039
          512         1000      1391.53      2717832
         1024         1000      2529.67      2470381
         2048         1000      4257.60      2078904
         4096         1000      6641.85      1621545
         8192         1000      9661.00      1179322
        16384         1000     10552.80       644092
        32768         1000     10492.05       320192
        65536          640     10590.81       161603
       131072          320     10136.40        77335
       262144          160      9645.47        36795
       524288           80      8050.81        15356
      1048576           40      9562.66         9120
      2097152           20      9595.42         4575
      4194304           10      9880.54         2356

#---------------------------------------------------
# Benchmarking Biband 
# #processes = 4 
# ( 12 additional processes waiting in MPI_Barrier)
#---------------------------------------------------
       #bytes #repetitions   Mbytes/sec      Msg/sec
            0         1000         0.00     11070421
            1         1000        10.94     10935608
            2         1000        21.79     10892903
            4         1000        43.75     10937262
            8         1000        87.53     10940650
           16         1000       174.92     10932434
           32         1000       337.14     10535702
           64         1000       672.33     10505208
          128         1000      1336.25     10439451
          256         1000      2810.88     10979998
          512         1000      2694.59      5262870
         1024         1000      4864.89      4750872
         2048         1000      8257.14      4031806
         4096         1000     13053.23      3186823
         8192         1000     18940.08      2312021
        16384         1000     20712.41      1264185
        32768         1000     19953.93       608946
        65536          640     20382.23       311008
       131072          320     19620.40       149692
       262144          160     16226.27        61898
       524288           80     11632.87        22188
      1048576           40     18889.02        18014
      2097152           20     18878.11         9002
      4194304           10     19392.08         4623

#---------------------------------------------------
# Benchmarking Biband 
# #processes = 8 
# ( 8 additional processes waiting in MPI_Barrier)
#---------------------------------------------------
       #bytes #repetitions   Mbytes/sec      Msg/sec
            0         1000         0.00     17649028
            1         1000        17.40     17398598
            2         1000        34.89     17444407
            4         1000        69.88     17469616
            8         1000       139.66     17456976
           16         1000       279.74     17484046
           32         1000       526.75     16460889
           64         1000      1043.30     16301542
          128         1000      2115.81     16529789
          256         1000      5091.39     19888228
          512         1000      3260.39      6367959
         1024         1000      5871.77      5734150
         2048         1000      9972.27      4869275
         4096         1000     15820.50      3862428
         8192         1000     21297.92      2599844
        16384         1000     24967.24      1523879
        32768         1000     25573.71       780448
        65536          640     26319.40       401602
       131072          320     25325.23       193216
       262144          160     23854.44        90997
       524288           80     23058.19        43980
      1048576           40     21387.50        20397
      2097152           20     22559.23        10757
      4194304           10     24407.07         5819

#---------------------------------------------------
# Benchmarking Biband 
# #processes = 16 
#---------------------------------------------------
       #bytes #repetitions   Mbytes/sec      Msg/sec
            0         1000         0.00       487292
            1         1000         0.49       487275
            2         1000         0.98       487813
            4         1000         1.95       487751
            8         1000         3.90       487273
           16         1000         7.80       487277
           32         1000        15.61       487743
           64         1000        31.22       487753
          128         1000        62.37       487276
          256         1000       124.94       488028
          512         1000       249.86       488016
         1024         1000       521.38       509159
         2048         1000     15479.56      7558379
         4096         1000     19483.12      4756620
         8192         1000     19961.64      2436724
        16384         1000     20015.22      1221632
        32768         1000     20094.03       613221
        65536          640     20175.21       307849
       131072          320     20061.03       153054
       262144          160     19815.57        75590
       524288           80     20355.75        38826
      1048576           40     20531.03        19580
      2097152           20     20446.21         9750
      4194304           10     20305.10         4841


# All processes entering MPI_Finalize

