#------------------------------------------------------------
#    Intel(R) MPI Benchmarks 2019 Update 5, MPI-1 part    
#------------------------------------------------------------
# Date                  : Fri Sep 11 15:04:33 2020
# Machine               : x86_64
# System                : Linux
# Release               : 3.10.0-1127.8.2.el7.x86_64
# Version               : #1 SMP Tue May 12 16:57:42 UTC 2020
# MPI Version           : 3.1
# MPI Thread Environment: 


# Calling sequence was: 

# IMB-MPI1 uniband -npmin 8 

# Minimum message length in bytes:   0
# Maximum message length in bytes:   4194304
#
# MPI_Datatype                   :   MPI_BYTE 
# MPI_Datatype for reductions    :   MPI_FLOAT 
# MPI_Op                         :   MPI_SUM  
# 
# 

# List of Benchmarks to run:

# Uniband

#---------------------------------------------------
# Benchmarking Uniband 
# #processes = 8 
#---------------------------------------------------
       #bytes #repetitions   Mbytes/sec      Msg/sec
            0         1000         0.00     10426909
            1         1000        10.37     10373414
            2         1000        20.75     10374506
            4         1000        41.49     10372482
            8         1000        61.91      7738264
           16         1000       135.69      8480357
           32         1000       330.71     10334696
           64         1000       651.17     10174502
          128         1000      1096.90      8569496
          256         1000      1859.49      7263617
          512         1000      2423.21      4732825
         1024         1000      2731.68      2667660
         2048         1000      2915.21      1423445
         4096         1000      2959.13       722445
         8192         1000      3010.56       367499
        16384         1000      3025.43       184658
        32768         1000      3038.67        92733
        65536          640      3045.33        46468
       131072          320      3048.67        23260
       262144          160      3057.86        11665
       524288           80      3057.77         5832
      1048576           40      3056.15         2915
      2097152           20      3052.98         1456
      4194304           10      3035.64          724


# All processes entering MPI_Finalize

