#------------------------------------------------------------
#    Intel(R) MPI Benchmarks 2019 Update 6, MPI-1 part    
#------------------------------------------------------------
# Date                  : Thu Oct  1 16:22:12 2020
# Machine               : x86_64
# System                : Linux
# Release               : 3.10.0-1127.19.1.el7.x86_64
# Version               : #1 SMP Tue Aug 25 17:23:54 UTC 2020
# MPI Version           : 3.1
# MPI Thread Environment: 


# Calling sequence was: 

# /home/hpcbras1/spack/opt/spack/linux-scientific7-skylake_avx512/gcc-9.1.0/intel-mpi-benchmarks-2019.6-5tbknirppyjnbofzuo2idr3bqgxprrmf/bin/IMB-MPI1 biband -npmin 1 

# Minimum message length in bytes:   0
# Maximum message length in bytes:   4194304
#
# MPI_Datatype                   :   MPI_BYTE 
# MPI_Datatype for reductions    :   MPI_FLOAT 
# MPI_Op                         :   MPI_SUM  
# 
# 

# List of Benchmarks to run:

# Biband

#---------------------------------------------------
# Benchmarking Biband 
# #processes = 2 
# ( 26 additional processes waiting in MPI_Barrier)
#---------------------------------------------------
       #bytes #repetitions   Mbytes/sec      Msg/sec
            0         1000         0.00     13024298
            1         1000        14.36     14357666
            2         1000        28.02     14007621
            4         1000        57.12     14278925
            8         1000       113.85     14231030
           16         1000       233.04     14564973
           32         1000       445.35     13917134
           64         1000       919.82     14372164
          128         1000       995.68      7778723
          256         1000      1602.90      6261314
          512         1000      2961.09      5783378
         1024         1000      4617.05      4508835
         2048         1000      7223.24      3526972
         4096         1000      9860.50      2407348
         8192         1000     12517.86      1528059
        16384         1000     12389.07       756169
        32768         1000     21214.63       647419
        65536          640     23136.30       353032
       131072          320     23781.78       181441
       262144          160     23876.46        91081
       524288           80     24676.01        47066
      1048576           40     24699.51        23555
      2097152           20     23854.78        11375
      4194304           10     24782.13         5909

#---------------------------------------------------
# Benchmarking Biband 
# #processes = 4 
# ( 24 additional processes waiting in MPI_Barrier)
#---------------------------------------------------
       #bytes #repetitions   Mbytes/sec      Msg/sec
            0         1000         0.00     20902251
            1         1000        20.80     20797947
            2         1000        41.04     20520504
            4         1000        84.94     21234074
            8         1000       169.61     21201113
           16         1000       318.82     19925982
           32         1000       635.20     19850001
           64         1000      1226.83     19169238
          128         1000       666.80      5209407
          256         1000      1069.52      4177826
          512         1000      1993.88      3894307
         1024         1000      3039.07      2967840
         2048         1000      4938.39      2411324
         4096         1000      6939.55      1694227
         8192         1000      8546.17      1043234
        16384         1000     18618.22      1136366
        32768         1000     22987.01       701508
        65536          640     23775.86       362791
       131072          320     24336.04       185669
       262144          160     24585.66        93787
       524288           80     24809.57        47320
      1048576           40     24866.20        23714
      2097152           20     24824.84        11837
      4194304           10     24828.88         5920

#---------------------------------------------------
# Benchmarking Biband 
# #processes = 8 
# ( 20 additional processes waiting in MPI_Barrier)
#---------------------------------------------------
       #bytes #repetitions   Mbytes/sec      Msg/sec
            0         1000         0.00     39746822
            1         1000        36.51     36507842
            2         1000        75.59     37796285
            4         1000       154.69     38672953
            8         1000       302.68     37835362
           16         1000       644.70     40293479
           32         1000      1220.30     38134240
           64         1000      2653.88     41466895
          128         1000      1351.38     10557664
          256         1000      2124.55      8299010
          512         1000      3910.21      7637126
         1024         1000      6075.80      5933396
         2048         1000      9495.27      4636364
         4096         1000     13105.36      3199552
         8192         1000     15701.21      1916652
        16384         1000     21538.45      1314603
        32768         1000     23327.20       711890
        65536          640     24322.84       371137
       131072          320     24380.37       186007
       262144          160     24712.68        94271
       524288           80     24851.25        47400
      1048576           40     24864.74        23713
      2097152           20     24886.94        11867
      4194304           10     24777.83         5907

#---------------------------------------------------
# Benchmarking Biband 
# #processes = 16 
# ( 12 additional processes waiting in MPI_Barrier)
#---------------------------------------------------
       #bytes #repetitions   Mbytes/sec      Msg/sec
            0         1000         0.00     50937311
            1         1000        57.47     57467678
            2         1000       113.87     56935789
            4         1000       217.30     54325204
            8         1000       418.76     52344620
           16         1000       834.68     52167722
           32         1000      1350.86     42214497
           64         1000      2527.28     39488735
          128         1000      2577.45     20136292
          256         1000      4204.26     16422891
          512         1000      7883.80     15398048
         1024         1000     12142.22     11857636
         2048         1000     18744.84      9152753
         4096         1000     25872.55      6316541
         8192         1000     31765.69      3877648
        16384         1000     18351.43      1120082
        32768         1000     19110.55       583208
        65536          640     19450.71       296794
       131072          320     19489.93       148696
       262144          160     19607.38        74796
       524288           80     19720.87        37615
      1048576           40     19799.98        18883
      2097152           20     19835.77         9458
      4194304           10     19740.82         4707

#---------------------------------------------------
# Benchmarking Biband 
# #processes = 28 
#---------------------------------------------------
       #bytes #repetitions   Mbytes/sec      Msg/sec
            0         1000         0.00     78348721
            1         1000        78.42     78420698
            2         1000       156.31     78157422
            4         1000       306.16     76540258
            8         1000       598.99     74873679
           16         1000      1149.42     71838694
           32         1000      2098.52     65578702
           64         1000      3552.09     55501436
          128         1000      5478.96     42804348
          256         1000      7330.35     28634183
          512         1000      9232.80     18032810
         1024         1000      9930.56      9697815
         2048         1000     10680.29      5214984
         4096         1000     11088.20      2707081
         8192         1000     11330.16      1383076
        16384         1000     11365.33       693685
        32768         1000     11344.58       346209
        65536          640     11472.06       175050
       131072          320     11518.41        87878
       262144          160     11545.96        44044
       524288           80     11553.27        22036
      1048576           40     11562.04        11026
      2097152           20     11568.10         5516
      4194304           10     11570.36         2759


# All processes entering MPI_Finalize

