#------------------------------------------------------------
#    Intel(R) MPI Benchmarks 2019 Update 5, MPI-1 part    
#------------------------------------------------------------
# Date                  : Fri Sep 11 15:04:22 2020
# Machine               : x86_64
# System                : Linux
# Release               : 3.10.0-1127.8.2.el7.x86_64
# Version               : #1 SMP Tue May 12 16:57:42 UTC 2020
# MPI Version           : 3.1
# MPI Thread Environment: 


# Calling sequence was: 

# /alaska/steveb/spack/opt/spack/linux-centos7-broadwell/gcc-9.3.0/intel-mpi-benchmarks-2019.5-dwg5q6jdcxgwtiwi2lj32w4ttotvwqnt/bin/IMB-MPI1 uniband -npmin 2 

# Minimum message length in bytes:   0
# Maximum message length in bytes:   4194304
#
# MPI_Datatype                   :   MPI_BYTE 
# MPI_Datatype for reductions    :   MPI_FLOAT 
# MPI_Op                         :   MPI_SUM  
# 
# 

# List of Benchmarks to run:

# Uniband

#---------------------------------------------------
# Benchmarking Uniband 
# #processes = 2 
#---------------------------------------------------
       #bytes #repetitions   Mbytes/sec      Msg/sec
            0         1000         0.00      7884473
            1         1000         7.89      7892555
            2         1000        15.78      7890966
            4         1000        31.64      7909297
            8         1000        62.74      7841912
           16         1000       125.95      7871727
           32         1000       250.69      7834134
           64         1000       485.74      7589649
          128         1000       787.18      6149872
          256         1000      1371.22      5356326
          512         1000      2346.83      4583650
         1024         1000      3615.35      3530616
         2048         1000      7276.48      3552967
         4096         1000      9527.13      2325960
         8192         1000     10854.85      1325055
        16384         1000     11475.53       700411
        32768         1000     10352.71       315940
        65536          640     11531.54       175957
       131072          320     11925.63        90985
       262144          160     12049.39        45965
       524288           80     12115.20        23108
      1048576           40     12149.68        11587
      2097152           20     12131.10         5785
      4194304           10     12131.83         2892


# All processes entering MPI_Finalize

