[0] MPI startup(): I_MPI_OFA_TRANSLATION_CACHE variable has been removed from the product, its value is ignored

#------------------------------------------------------------
#    Intel(R) MPI Benchmarks 2019 Update 6, MPI-1 part    
#------------------------------------------------------------
# Date                  : Thu Oct  1 16:21:22 2020
# Machine               : x86_64
# System                : Linux
# Release               : 3.10.0-1127.19.1.el7.x86_64
# Version               : #1 SMP Tue Aug 25 17:23:54 UTC 2020
# MPI Version           : 3.1
# MPI Thread Environment: 


# Calling sequence was: 

# /usr/local/Cluster-Apps/intel/2020.2/compilers_and_libraries_2020.2.254/linux/mpi/intel64/bin/IMB-MPI1 uniband -npmin 1 

# Minimum message length in bytes:   0
# Maximum message length in bytes:   4194304
#
# MPI_Datatype                   :   MPI_BYTE 
# MPI_Datatype for reductions    :   MPI_FLOAT 
# MPI_Op                         :   MPI_SUM  
# 
# 

# List of Benchmarks to run:

# Uniband

#---------------------------------------------------
# Benchmarking Uniband 
# #processes = 2 
# ( 110 additional processes waiting in MPI_Barrier)
#---------------------------------------------------
       #bytes #repetitions   Mbytes/sec      Msg/sec
            0         1000         0.00      3735374
            1         1000         3.71      3707112
            2         1000         7.43      3713628
            4         1000        14.79      3698050
            8         1000        29.60      3699661
           16         1000        59.55      3721748
           32         1000       111.26      3476921
           64         1000       223.28      3488726
          128         1000       416.95      3257458
          256         1000      1260.21      4922677
          512         1000       757.88      1480242
         1024         1000      1243.70      1214549
         2048         1000      2032.00       992189
         4096         1000      3003.93       733382
         8192         1000      3820.90       466419
        16384         1000      4231.49       258270
        32768         1000      4510.96       137663
        65536          640      4616.73        70446
       131072          320      4724.08        36042
       262144          160      4757.63        18149
       524288           80      5490.97        10473
      1048576           40      5326.51         5080
      2097152           20      5219.41         2489
      4194304           10      4561.27         1087

#---------------------------------------------------
# Benchmarking Uniband 
# #processes = 4 
# ( 108 additional processes waiting in MPI_Barrier)
#---------------------------------------------------
       #bytes #repetitions   Mbytes/sec      Msg/sec
            0         1000         0.00     12379589
            1         1000        12.13     12130084
            2         1000        24.30     12147545
            4         1000        48.46     12115563
            8         1000        96.77     12095901
           16         1000       193.79     12112001
           32         1000       387.97     12123999
           64         1000       769.33     12020847
          128         1000      1541.34     12041735
          256         1000      3036.84     11862637
          512         1000      2733.69      5339242
         1024         1000      5032.57      4914615
         2048         1000      7899.57      3857214
         4096         1000     11271.50      2751831
         8192         1000     14992.05      1830084
        16384         1000     16989.67      1036967
        32768         1000     18429.61       562427
        65536          640     18620.94       284133
       131072          320     17799.00       135796
       262144          160     18555.91        70785
       524288           80     17734.15        33825
      1048576           40     19984.95        19059
      2097152           20     18723.51         8928
      4194304           10      9909.96         2363

#---------------------------------------------------
# Benchmarking Uniband 
# #processes = 8 
# ( 104 additional processes waiting in MPI_Barrier)
#---------------------------------------------------
       #bytes #repetitions   Mbytes/sec      Msg/sec
            0         1000         0.00     24251032
            1         1000        23.97     23967693
            2         1000        47.91     23954234
            4         1000        95.38     23844654
            8         1000       191.10     23887089
           16         1000       380.61     23788236
           32         1000       755.92     23622351
           64         1000      1503.65     23494487
          128         1000      2984.71     23318008
          256         1000      5896.32     23032481
          512         1000      5371.79     10491785
         1024         1000     10103.77      9866967
         2048         1000     16069.54      7846456
         4096         1000     23263.69      5679612
         8192         1000     30652.85      3741803
        16384         1000     34861.73      2127791
        32768         1000     38466.02      1173890
        65536          640     38817.29       592305
       131072          320     39306.06       299881
       262144          160     38743.27       147794
       524288           80     35203.36        67145
      1048576           40     40186.67        38325
      2097152           20     37126.02        17703
      4194304           10     18966.08         4522

#---------------------------------------------------
# Benchmarking Uniband 
# #processes = 16 
# ( 96 additional processes waiting in MPI_Barrier)
#---------------------------------------------------
       #bytes #repetitions   Mbytes/sec      Msg/sec
            0         1000         0.00     47718094
            1         1000        46.68     46676895
            2         1000        93.01     46503054
            4         1000       186.40     46600133
            8         1000       371.98     46498059
           16         1000       742.77     46422873
           32         1000      1492.17     46630444
           64         1000      2967.49     46366961
          128         1000      5912.39     46190536
          256         1000     11592.52     45283293
          512         1000     10496.87     20501692
         1024         1000     19936.32     19469065
         2048         1000     31662.23     15460075
         4096         1000     44521.14     10869418
         8192         1000     58438.26      7133577
        16384         1000     64639.25      3945267
        32768         1000     73927.48      2256088
        65536          640     70823.56      1080682
       131072          320     70992.38       541629
       262144          160     68899.21       262830
       524288           80     66537.62       126910
      1048576           40     77784.34        74181
      2097152           20     70390.45        33565
      4194304           10     34923.34         8326

#---------------------------------------------------
# Benchmarking Uniband 
# #processes = 32 
# ( 80 additional processes waiting in MPI_Barrier)
#---------------------------------------------------
       #bytes #repetitions   Mbytes/sec      Msg/sec
            0         1000         0.00     96723550
            1         1000        94.93     94927662
            2         1000       190.04     95019889
            4         1000       378.41     94603671
            8         1000       755.75     94468125
           16         1000      1421.79     88861928
           32         1000      3007.47     93983492
           64         1000      6017.15     94017990
          128         1000     11980.49     93597545
          256         1000     23438.73     91557555
          512         1000     20564.06     40164172
         1024         1000     39672.24     38742422
         2048         1000     61487.42     30023152
         4096         1000     85884.77     20967962
         8192         1000    110191.92     13451162
        16384         1000    120549.22      7357740
        32768         1000    141848.35      4328868
        65536          640    128996.99      1968338
       131072          320    126892.64       968114
       262144          160    121051.98       461777
       524288           80    118051.78       225166
      1048576           40    145547.86       138805
      2097152           20     89070.77        42472
      4194304           10     52899.51        12612

#---------------------------------------------------
# Benchmarking Uniband 
# #processes = 64 
# ( 48 additional processes waiting in MPI_Barrier)
#---------------------------------------------------
       #bytes #repetitions   Mbytes/sec      Msg/sec
            0         1000         0.00    128321966
            1         1000       127.88    127884051
            2         1000       256.68    128340624
            4         1000       513.27    128317801
            8         1000      1024.13    128016456
           16         1000      2043.02    127688646
           32         1000      4058.59    126831092
           64         1000      5551.66     86744729
          128         1000      9307.77     72716942
          256         1000     16679.72     65155163
          512         1000     21006.46     41028237
         1024         1000     21296.22     20797089
         2048         1000     22188.26     10834111
         4096         1000     22657.00      5531494
         8192         1000     22899.29      2795324
        16384         1000     22978.23      1402480
        32768         1000     22919.53       699449
        65536          640     22902.44       349464
       131072          320     23101.31       176249
       262144          160     23122.99        88207
       524288           80     23132.01        44121
      1048576           40     23137.13        22065
      2097152           20     23117.79        11023
      4194304           10     23141.09         5517

#---------------------------------------------------
# Benchmarking Uniband 
# #processes = 112 
#---------------------------------------------------
       #bytes #repetitions   Mbytes/sec      Msg/sec
            0         1000         0.00     64167207
            1         1000        64.21     64205091
            2         1000       128.43     64216252
            4         1000       247.20     61801214
            8         1000       473.48     59185375
           16         1000       883.20     55200264
           32         1000      1524.42     47638189
           64         1000       107.50      1679700
          128         1000      2986.48     23331876
          256         1000      4522.89     17667556
          512         1000      5242.56     10239383
         1024         1000      5299.28      5175077
         2048         1000      5523.80      2697166
         4096         1000      5642.40      1377540
         8192         1000      5703.89       696276
        16384          976      5727.91       349604
        32768          487      5720.84       174586
        65536          244      5718.58        87259
       131072          123      5768.16        44008
       262144           62      5776.50        22036
       524288           31      5781.21        11027
      1048576           16      5785.14         5517
      2097152            8      5785.78         2759
      4194304            4      5786.16         1380


# All processes entering MPI_Finalize

