Log file opened on Thu Sep 10 14:37:07 2020
Host: openhpc-compute-0  pid: 34850  rank ID: 0  number of ranks:  32
                      :-) GROMACS - gmx mdrun, 2016.4 (-:

                            GROMACS is written by:
     Emile Apol      Rossen Apostolov  Herman J.C. Berendsen    Par Bjelkmar   
 Aldert van Buuren   Rudi van Drunen     Anton Feenstra    Gerrit Groenhof  
 Christoph Junghans   Anca Hamuraru    Vincent Hindriksen Dimitrios Karkoulis
    Peter Kasson        Jiri Kraus      Carsten Kutzner      Per Larsson    
  Justin A. Lemkul   Magnus Lundborg   Pieter Meulenhoff    Erik Marklund   
   Teemu Murtola       Szilard Pall       Sander Pronk      Roland Schulz   
  Alexey Shvetsov     Michael Shirts     Alfons Sijbers     Peter Tieleman  
  Teemu Virolainen  Christian Wennberg    Maarten Wolf   
                           and the project leaders:
        Mark Abraham, Berk Hess, Erik Lindahl, and David van der Spoel

Copyright (c) 1991-2000, University of Groningen, The Netherlands.
Copyright (c) 2001-2017, The GROMACS development team at
Uppsala University, Stockholm University and
the Royal Institute of Technology, Sweden.
check out http://www.gromacs.org for more information.

GROMACS is free software; you can redistribute it and/or modify it
under the terms of the GNU Lesser General Public License
as published by the Free Software Foundation; either version 2.1
of the License, or (at your option) any later version.

GROMACS:      gmx mdrun, version 2016.4
Executable:   /alaska/steveb/spack/opt/spack/linux-centos7-broadwell/gcc-9.3.0/gromacs-2016.4-y5sjbs44dv3c5ky2godzmvtt7doh4e7f/bin/gmx_mpi
Data prefix:  /alaska/steveb/spack/opt/spack/linux-centos7-broadwell/gcc-9.3.0/gromacs-2016.4-y5sjbs44dv3c5ky2godzmvtt7doh4e7f
Working dir:  /alaska/steveb/hpc-tests/stage/alaska/ib-gcc9-openmpi4-ucx/gromacs/Gromacs_1400k_1
Command line:
  gmx_mpi mdrun -s benchmark.tpr -g 1400k-atoms.log -noconfout

GROMACS version:    2016.4
Precision:          single
Memory model:       64 bit
MPI library:        MPI
OpenMP support:     enabled (GMX_OPENMP_MAX_THREADS = 32)
GPU support:        disabled
SIMD instructions:  AVX2_256
FFT library:        fftw-3.3.8-sse2-avx-avx2-avx2_128
RDTSCP usage:       enabled
TNG support:        enabled
Hwloc support:      hwloc-1.11.6
Tracing support:    disabled
Built on:           Wed Aug 12 16:57:40 BST 2020
Built by:           steveb@openhpc-login-0 [CMAKE]
Build OS/arch:      Linux 3.10.0-1127.8.2.el7.x86_64 x86_64
Build CPU vendor:   Unknown
Build CPU brand:    Unknown
Build CPU family:   0   Model: 0   Stepping: 0
Build CPU features: Unknown
C compiler:         /alaska/steveb/spack/lib/spack/env/gcc/gcc GNU 9.3.0
C compiler flags:    -march=core-avx2 -pthread    -O2 -g -DNDEBUG -funroll-all-loops -fexcess-precision=fast 
C++ compiler:       /alaska/steveb/spack/lib/spack/env/gcc/g++ GNU 9.3.0
C++ compiler flags:  -march=core-avx2 -pthread   -std=c++0x   -O2 -g -DNDEBUG -funroll-all-loops -fexcess-precision=fast 


Running on 1 node with total 32 cores, 64 logical cores
Hardware detected on host openhpc-compute-0 (the node of MPI rank 0):
  CPU info:
    Vendor: Intel
    Brand:  Intel(R) Xeon(R) CPU E5-2683 v4 @ 2.10GHz
    Family: 6   Model: 79   Stepping: 1
    Features: aes apic avx avx2 clfsh cmov cx8 cx16 f16c fma hle htt lahf mmx msr nonstop_tsc pcid pclmuldq pdcm pdpe1gb popcnt pse rdrnd rdtscp rtm sse2 sse3 sse4.1 sse4.2 ssse3 tdt x2apic
    SIMD instructions most likely to fit this hardware: AVX2_256
    SIMD instructions selected at GROMACS compile time: AVX2_256

  Hardware topology: Full, with devices
    Sockets, cores, and logical processors:
      Socket  0: [   0  32] [   2  34] [   4  36] [   6  38] [   8  40] [  10  42] [  12  44] [  14  46] [  16  48] [  18  50] [  20  52] [  22  54] [  24  56] [  26  58] [  28  60] [  30  62]
      Socket  1: [   1  33] [   3  35] [   5  37] [   7  39] [   9  41] [  11  43] [  13  45] [  15  47] [  17  49] [  19  51] [  21  53] [  23  55] [  25  57] [  27  59] [  29  61] [  31  63]
    Numa nodes:
      Node  0 (67282276352 bytes mem):   0  32   2  34   4  36   6  38   8  40  10  42  12  44  14  46  16  48  18  50  20  52  22  54  24  56  26  58  28  60  30  62
      Node  1 (67640008704 bytes mem):   1  33   3  35   5  37   7  39   9  41  11  43  13  45  15  47  17  49  19  51  21  53  23  55  25  57  27  59  29  61  31  63
      Latency:
               0     1
         0  1.00  2.10
         1  2.10  1.00
    Caches:
      L1: 32768 bytes, linesize 64 bytes, assoc. 8, shared 2 ways
      L2: 262144 bytes, linesize 64 bytes, assoc. 8, shared 2 ways
      L3: 41943040 bytes, linesize 64 bytes, assoc. 20, shared 32 ways
    PCI devices:
      0000:02:00.0  Id: 1000:005d  Class: 0x0104  Numa: 0
      0000:03:00.0  Id: 15b3:1013  Class: 0x0207  Numa: 0
      0000:03:00.1  Id: 15b3:1013  Class: 0x0200  Numa: 0
      0000:01:00.0  Id: 8086:10fb  Class: 0x0200  Numa: 0
      0000:01:00.1  Id: 8086:10fb  Class: 0x0200  Numa: 0
      0000:00:11.4  Id: 8086:8d62  Class: 0x0106  Numa: 0
      0000:06:00.0  Id: 8086:1521  Class: 0x0200  Numa: 0
      0000:06:00.1  Id: 8086:1521  Class: 0x0200  Numa: 0
      0000:0a:00.0  Id: 102b:0534  Class: 0x0300  Numa: 0
      0000:00:1f.2  Id: 8086:8d02  Class: 0x0106  Numa: 0


++++ PLEASE READ AND CITE THE FOLLOWING REFERENCE ++++
M. J. Abraham, T. Murtola, R. Schulz, S. Páll, J. C. Smith, B. Hess, E.
Lindahl
GROMACS: High performance molecular simulations through multi-level
parallelism from laptops to supercomputers
SoftwareX 1 (2015) pp. 19-25
-------- -------- --- Thank You --- -------- --------


++++ PLEASE READ AND CITE THE FOLLOWING REFERENCE ++++
S. Páll, M. J. Abraham, C. Kutzner, B. Hess, E. Lindahl
Tackling Exascale Software Challenges in Molecular Dynamics Simulations with
GROMACS
In S. Markidis & E. Laure (Eds.), Solving Software Challenges for Exascale 8759 (2015) pp. 3-27
-------- -------- --- Thank You --- -------- --------


++++ PLEASE READ AND CITE THE FOLLOWING REFERENCE ++++
S. Pronk, S. Páll, R. Schulz, P. Larsson, P. Bjelkmar, R. Apostolov, M. R.
Shirts, J. C. Smith, P. M. Kasson, D. van der Spoel, B. Hess, and E. Lindahl
GROMACS 4.5: a high-throughput and highly parallel open source molecular
simulation toolkit
Bioinformatics 29 (2013) pp. 845-54
-------- -------- --- Thank You --- -------- --------


++++ PLEASE READ AND CITE THE FOLLOWING REFERENCE ++++
B. Hess and C. Kutzner and D. van der Spoel and E. Lindahl
GROMACS 4: Algorithms for highly efficient, load-balanced, and scalable
molecular simulation
J. Chem. Theory Comput. 4 (2008) pp. 435-447
-------- -------- --- Thank You --- -------- --------


++++ PLEASE READ AND CITE THE FOLLOWING REFERENCE ++++
D. van der Spoel, E. Lindahl, B. Hess, G. Groenhof, A. E. Mark and H. J. C.
Berendsen
GROMACS: Fast, Flexible and Free
J. Comp. Chem. 26 (2005) pp. 1701-1719
-------- -------- --- Thank You --- -------- --------


++++ PLEASE READ AND CITE THE FOLLOWING REFERENCE ++++
E. Lindahl and B. Hess and D. van der Spoel
GROMACS 3.0: A package for molecular simulation and trajectory analysis
J. Mol. Mod. 7 (2001) pp. 306-317
-------- -------- --- Thank You --- -------- --------


++++ PLEASE READ AND CITE THE FOLLOWING REFERENCE ++++
H. J. C. Berendsen, D. van der Spoel and R. van Drunen
GROMACS: A message-passing parallel molecular dynamics implementation
Comp. Phys. Comm. 91 (1995) pp. 43-56
-------- -------- --- Thank You --- -------- --------

Changing nstlist from 10 to 25, rlist from 1.2 to 1.23

Input Parameters:
   integrator                     = md
   tinit                          = 0
   dt                             = 0.002
   nsteps                         = 10000
   init-step                      = 0
   simulation-part                = 1
   comm-mode                      = Linear
   nstcomm                        = 5000
   bd-fric                        = 0
   ld-seed                        = 1271384452
   emtol                          = 10
   emstep                         = 0.01
   niter                          = 20
   fcstep                         = 0
   nstcgsteep                     = 1000
   nbfgscorr                      = 10
   rtpi                           = 0.05
   nstxout                        = 5000
   nstvout                        = 0
   nstfout                        = 0
   nstlog                         = 5000
   nstcalcenergy                  = 100
   nstenergy                      = 5000
   nstxout-compressed             = 0
   compressed-x-precision         = 1000
   cutoff-scheme                  = Verlet
   nstlist                        = 25
   ns-type                        = Grid
   pbc                            = xyz
   periodic-molecules             = false
   verlet-buffer-tolerance        = 0.005
   rlist                          = 1.23
   coulombtype                    = PME
   coulomb-modifier               = None
   rcoulomb-switch                = 0
   rcoulomb                       = 1.2
   epsilon-r                      = 1
   epsilon-rf                     = inf
   vdw-type                       = Cut-off
   vdw-modifier                   = Force-switch
   rvdw-switch                    = 1
   rvdw                           = 1.2
   DispCorr                       = No
   table-extension                = 1
   fourierspacing                 = 0.12
   fourier-nx                     = 160
   fourier-ny                     = 280
   fourier-nz                     = 208
   pme-order                      = 4
   ewald-rtol                     = 1e-05
   ewald-rtol-lj                  = 0.001
   lj-pme-comb-rule               = Geometric
   ewald-geometry                 = 0
   epsilon-surface                = 0
   implicit-solvent               = No
   gb-algorithm                   = Still
   nstgbradii                     = 1
   rgbradii                       = 1
   gb-epsilon-solvent             = 80
   gb-saltconc                    = 0
   gb-obc-alpha                   = 1
   gb-obc-beta                    = 0.8
   gb-obc-gamma                   = 4.85
   gb-dielectric-offset           = 0.009
   sa-algorithm                   = Ace-approximation
   sa-surface-tension             = 2.05016
   tcoupl                         = Berendsen
   nsttcouple                     = 10
   nh-chain-length                = 0
   print-nose-hoover-chain-variables = false
   pcoupl                         = Berendsen
   pcoupltype                     = Semiisotropic
   nstpcouple                     = 10
   tau-p                          = 1
   compressibility (3x3):
      compressibility[    0]={ 0.00000e+00,  0.00000e+00,  0.00000e+00}
      compressibility[    1]={ 0.00000e+00,  0.00000e+00,  0.00000e+00}
      compressibility[    2]={ 0.00000e+00,  0.00000e+00,  4.50000e-05}
   ref-p (3x3):
      ref-p[    0]={ 5.00000e+00,  0.00000e+00,  0.00000e+00}
      ref-p[    1]={ 0.00000e+00,  5.00000e+00,  0.00000e+00}
      ref-p[    2]={ 0.00000e+00,  0.00000e+00,  1.00000e+00}
   refcoord-scaling               = No
   posres-com (3):
      posres-com[0]= 0.00000e+00
      posres-com[1]= 0.00000e+00
      posres-com[2]= 0.00000e+00
   posres-comB (3):
      posres-comB[0]= 0.00000e+00
      posres-comB[1]= 0.00000e+00
      posres-comB[2]= 0.00000e+00
   QMMM                           = false
   QMconstraints                  = 0
   QMMMscheme                     = 0
   MMChargeScaleFactor            = 1
qm-opts:
   ngQM                           = 0
   constraint-algorithm           = Lincs
   continuation                   = true
   Shake-SOR                      = false
   shake-tol                      = 0.0001
   lincs-order                    = 4
   lincs-iter                     = 1
   lincs-warnangle                = 30
   nwall                          = 0
   wall-type                      = 9-3
   wall-r-linpot                  = -1
   wall-atomtype[0]               = -1
   wall-atomtype[1]               = -1
   wall-density[0]                = 0
   wall-density[1]                = 0
   wall-ewald-zfac                = 3
   pull                           = false
   rotation                       = false
   interactiveMD                  = false
   disre                          = No
   disre-weighting                = Conservative
   disre-mixed                    = false
   dr-fc                          = 1000
   dr-tau                         = 0
   nstdisreout                    = 100
   orire-fc                       = 0
   orire-tau                      = 0
   nstorireout                    = 100
   free-energy                    = no
   cos-acceleration               = 0
   deform (3x3):
      deform[    0]={ 0.00000e+00,  0.00000e+00,  0.00000e+00}
      deform[    1]={ 0.00000e+00,  0.00000e+00,  0.00000e+00}
      deform[    2]={ 0.00000e+00,  0.00000e+00,  0.00000e+00}
   simulated-tempering            = false
   E-x:
      n = 0
   E-xt:
      n = 0
   E-y:
      n = 0
   E-yt:
      n = 0
   E-z:
      n = 0
   E-zt:
      n = 0
   swapcoords                     = no
   userint1                       = 0
   userint2                       = 0
   userint3                       = 0
   userint4                       = 0
   userreal1                      = 0
   userreal2                      = 0
   userreal3                      = 0
   userreal4                      = 0
grpopts:
   nrdf:  2.9207e+06
   ref-t:         300
   tau-t:           1
annealing:          No
annealing-npoints:           0
   acc:	           0           0           0
   nfreeze:           N           N           N
   energygrp-flags[  0]: 0


Initializing Domain Decomposition on 32 ranks
Dynamic load balancing: auto
Initial maximum inter charge-group distances:
    two-body bonded interactions: 0.468 nm, LJ-14, atoms 34984 35084
  multi-body bonded interactions: 0.498 nm, CMAP Dih., atoms 4926 4939
Minimum cell size due to bonded interactions: 0.548 nm
Maximum distance for 5 constraints, at 120 deg. angles, all-trans: 0.222 nm
Estimated maximum distance required for P-LINCS: 0.222 nm
Guess for relative PME load: 0.18
Will use 24 particle-particle and 8 PME only ranks
This is a guess, check the performance at the end of the log file
Using 8 separate PME ranks, as guessed by mdrun
Scaling the initial minimum size with 1/0.8 (option -dds) = 1.25
Optimizing the DD grid for 24 cells with a minimum initial size of 0.685 nm
The maximum allowed number of cells is: X 26 Y 46 Z 35
Domain decomposition grid 1 x 8 x 3, separate PME ranks 8
PME domain decomposition: 1 x 8 x 1
Interleaving PP and PME ranks
This rank does only particle-particle work.

Domain decomposition rank 0, coordinates 0 0 0

The initial number of communication pulses is: Y 1 Z 1
The initial domain decomposition cell size is: Y 4.00 nm Z 8.02 nm

The maximum allowed distance for charge groups involved in interactions is:
                 non-bonded interactions           1.230 nm
(the following are initial values, they could change due to box deformation)
            two-body bonded interactions  (-rdd)   1.230 nm
          multi-body bonded interactions  (-rdd)   1.230 nm
  atoms separated by up to 5 constraints  (-rcon)  4.000 nm

When dynamic load balancing gets turned on, these settings will change to:
The maximum number of communication pulses is: Y 1 Z 1
The minimum size for domain decomposition cells is 1.230 nm
The requested allowed shrink of DD cells (option -dds) is: 0.80
The allowed shrink of domain decomposition cells is: Y 0.31 Z 0.15
The maximum allowed distance for charge groups involved in interactions is:
                 non-bonded interactions           1.230 nm
            two-body bonded interactions  (-rdd)   1.230 nm
          multi-body bonded interactions  (-rdd)   1.230 nm
  atoms separated by up to 5 constraints  (-rcon)  1.230 nm

Using 32 MPI processes
Using 2 OpenMP threads per MPI process

Will do PME sum in reciprocal space for electrostatic interactions.

++++ PLEASE READ AND CITE THE FOLLOWING REFERENCE ++++
U. Essmann, L. Perera, M. L. Berkowitz, T. Darden, H. Lee and L. G. Pedersen 
A smooth particle mesh Ewald method
J. Chem. Phys. 103 (1995) pp. 8577-8592
-------- -------- --- Thank You --- -------- --------

Will do ordinary reciprocal space Ewald sum.
Using a Gaussian width (1/beta) of 0.384195 nm for Ewald
Cut-off's:   NS: 1.23   Coulomb: 1.2   LJ: 1.2
System total charge: 0.000
Generated table with 1115 data points for 1-4 COUL.
Tabscale = 500 points/nm
Generated table with 1115 data points for 1-4 LJ6.
Tabscale = 500 points/nm
Generated table with 1115 data points for 1-4 LJ12.
Tabscale = 500 points/nm
Potential shift: LJ r^-12: -2.648e-01 r^-6: -5.349e-01, Ewald -0.000e+00
Initialized non-bonded Ewald correction tables, spacing: 1.02e-03 size: 1176


Using SIMD 4x8 non-bonded kernels

Pinning threads with an auto-selected logical core stride of 1

Initializing Parallel LINear Constraint Solver

++++ PLEASE READ AND CITE THE FOLLOWING REFERENCE ++++
B. Hess
P-LINCS: A Parallel Linear Constraint Solver for molecular simulation
J. Chem. Theory Comput. 4 (2008) pp. 116-122
-------- -------- --- Thank You --- -------- --------

The number of constraints is 165440
There are inter charge-group constraints,
will communicate selected coordinates each lincs iteration

++++ PLEASE READ AND CITE THE FOLLOWING REFERENCE ++++
S. Miyamoto and P. A. Kollman
SETTLE: An Analytical Version of the SHAKE and RATTLE Algorithms for Rigid
Water Models
J. Comp. Chem. 13 (1992) pp. 952-962
-------- -------- --- Thank You --- -------- --------


Linking all bonded interactions to atoms

Intra-simulation communication will occur every 5 steps.
Center of mass motion removal mode is Linear
We have the following groups for center of mass motion removal:
  0:  rest

++++ PLEASE READ AND CITE THE FOLLOWING REFERENCE ++++
H. J. C. Berendsen, J. P. M. Postma, A. DiNola and J. R. Haak
Molecular dynamics with coupling to an external bath
J. Chem. Phys. 81 (1984) pp. 3684-3690
-------- -------- --- Thank You --- -------- --------

There are: 1403180 Atoms
Atom distribution over 24 domains: av 58465 stddev 683 min 57333 max 59324

Started mdrun on rank 0 Thu Sep 10 14:37:13 2020
           Step           Time
              0        0.00000

   Energies (kJ/mol)
           Bond            U-B    Proper Dih.  Improper Dih.      CMAP Dih.
    1.36790e+05    6.73801e+05    3.13008e+05    1.00469e+04   -1.64137e+04
          LJ-14     Coulomb-14        LJ (SR)   Coulomb (SR)   Coul. recip.
    9.50522e+04   -6.85143e+05    1.84027e+06   -1.81441e+07    6.45433e+04
      Potential    Kinetic En.   Total Energy    Temperature Pressure (bar)
   -1.57121e+07    3.64375e+06   -1.20684e+07    3.00093e+02   -1.21287e+01
   Constr. rmsd
    6.01937e-06

DD  step 24 load imb.: force  9.2%  pme mesh/force 0.682


step 75 Turning on dynamic load balancing, because the performance loss due to load imbalance is 6.8 %.

DD  step 4999  vol min/aver 0.896  load imb.: force  0.7%  pme mesh/force 0.714

           Step           Time
           5000       10.00000

   Energies (kJ/mol)
           Bond            U-B    Proper Dih.  Improper Dih.      CMAP Dih.
    1.36088e+05    6.72491e+05    3.12520e+05    1.00581e+04   -1.66066e+04
          LJ-14     Coulomb-14        LJ (SR)   Coulomb (SR)   Coul. recip.
    9.42675e+04   -6.85661e+05    1.83955e+06   -1.81363e+07    6.47114e+04
      Potential    Kinetic En.   Total Energy    Temperature Pressure (bar)
   -1.57089e+07    3.64072e+06   -1.20681e+07    2.99844e+02   -2.96047e+01
   Constr. rmsd
    6.05289e-06

Writing checkpoint, step 7900 at Thu Sep 10 14:52:16 2020


DD  step 9999  vol min/aver 0.897  load imb.: force  0.9%  pme mesh/force 0.688

           Step           Time
          10000       20.00000

   Energies (kJ/mol)
           Bond            U-B    Proper Dih.  Improper Dih.      CMAP Dih.
    1.35925e+05    6.75652e+05    3.12604e+05    1.00171e+04   -1.66285e+04
          LJ-14     Coulomb-14        LJ (SR)   Coulomb (SR)   Coul. recip.
    9.46777e+04   -6.84844e+05    1.84108e+06   -1.81406e+07    6.45120e+04
      Potential    Kinetic En.   Total Energy    Temperature Pressure (bar)
   -1.57076e+07    3.64064e+06   -1.20670e+07    2.99838e+02   -2.19273e+01
   Constr. rmsd
    6.00955e-06

	<======  ###############  ==>
	<====  A V E R A G E S  ====>
	<==  ###############  ======>

	Statistics over 10001 steps using 101 frames

   Energies (kJ/mol)
           Bond            U-B    Proper Dih.  Improper Dih.      CMAP Dih.
    1.36187e+05    6.72892e+05    3.12640e+05    1.01186e+04   -1.65575e+04
          LJ-14     Coulomb-14        LJ (SR)   Coulomb (SR)   Coul. recip.
    9.46036e+04   -6.84484e+05    1.84164e+06   -1.81424e+07    6.46160e+04
      Potential    Kinetic En.   Total Energy    Temperature Pressure (bar)
   -1.57108e+07    3.64257e+06   -1.20682e+07    2.99996e+02   -5.03867e+00
   Constr. rmsd
    0.00000e+00

          Box-X          Box-Y          Box-Z
    1.82000e+01    3.20000e+01    2.40833e+01

   Total Virial (kJ/mol)
    1.21361e+06   -1.45838e+03   -2.04415e+03
   -1.65570e+03    1.21059e+06   -1.03800e+03
   -2.05735e+03   -8.87220e+02    1.22475e+06

   Pressure (bar)
   -1.60161e+01    3.27295e+00    3.55636e+00
    3.74010e+00   -8.43655e+00    3.10191e+00
    3.58766e+00    2.74501e+00    9.33659e+00


	M E G A - F L O P S   A C C O U N T I N G

 NB=Group-cutoff nonbonded kernels    NxN=N-by-N cluster Verlet kernels
 RF=Reaction-Field  VdW=Van der Waals  QSTab=quadratic-spline table
 W3=SPC/TIP3p  W4=TIP4p (single or pairs)
 V&F=Potential and force  V=Potential only  F=Force only

 Computing:                               M-Number         M-Flops  % Flops
-----------------------------------------------------------------------------
 NB VdW [V&F]                          5292.309178        5292.309     0.0
 Pair Search distance check          292737.935568     2634641.420     0.3
 NxN Ewald Elec. + LJ [F]           6448008.188352   502944638.691    61.5
 NxN Ewald Elec. + LJ [V&F]           65783.896064     8486122.592     1.0
 NxN LJ [F]                               2.975328         133.890     0.0
 NxN LJ [V&F]                             0.025472           1.656     0.0
 NxN Ewald Elec. [F]                4137746.680832   252402547.531    30.9
 NxN Ewald Elec. [V&F]                42212.578592     3545856.602     0.4
 1,4 nonbonded interactions            7402.700196      666243.018     0.1
 Calc Weights                         42099.609540     1515585.943     0.2
 Spread Q Bspline                    898125.003520     1796250.007     0.2
 Gather F Bspline                    898125.003520     5388750.021     0.7
 3D-FFT                             4315157.912644    34521263.301     4.2
 Solve PME                             3584.358400      229398.938     0.0
 Reset In Box                           561.272000        1683.816     0.0
 CG-CoM                                 562.675180        1688.026     0.0
 Bonds                                 1121.572146       66172.757     0.0
 Propers                               7956.015522     1821927.555     0.2
 Impropers                              111.671166       23227.603     0.0
 Virial                                1405.664260       25301.957     0.0
 Stop-CM                                  4.209540          42.095     0.0
 P-Coupling                            1403.180000        8419.080     0.0
 Calc-Ekin                             5615.526360      151619.212     0.0
 Lincs                                 1734.099908      104045.994     0.0
 Lincs-Mat                            11567.621688       46270.487     0.0
 Constraint-V                         15037.494316      120299.955     0.0
 Constraint-Vir                        1331.536068       31956.866     0.0
 Settle                                3856.431500     1245627.374     0.2
 (null)                                  28.342834           0.000     0.0
-----------------------------------------------------------------------------
 Total                                               817785008.694   100.0
-----------------------------------------------------------------------------


    D O M A I N   D E C O M P O S I T I O N   S T A T I S T I C S

 av. #atoms communicated per step for force:  2 x 706976.9
 av. #atoms communicated per step for LINCS:  2 x 45682.7

 Average load imbalance: 1.2 %
 Part of the total run time spent waiting due to load imbalance: 1.0 %
 Steps where the load balancing was limited by -rdd, -rcon and/or -dds: Y 0 % Z 0 %
 Average PME mesh/force load: 0.707
 Part of the total run time spent waiting due to PP/PME imbalance: 6.5 %

NOTE: 6.5 % performance was lost because the PME ranks
      had less work to do than the PP ranks.
      You might want to decrease the number of PME ranks
      or decrease the cut-off and the grid spacing.


     R E A L   C Y C L E   A N D   T I M E   A C C O U N T I N G

On 24 MPI ranks doing PP, each using 2 OpenMP threads, and
on 8 MPI ranks doing PME, each using 2 OpenMP threads

 Computing:          Num   Num      Call    Wall time         Giga-Cycles
                     Ranks Threads  Count      (s)         total sum    %
-----------------------------------------------------------------------------
 Domain decomp.        24    2        400      17.529       1766.940   1.2
 DD comm. load         24    2        399       0.080          8.104   0.0
 DD comm. bounds       24    2        398       0.741         74.702   0.0
 Send X to PME         24    2      10001       3.238        326.425   0.2
 Neighbor search       24    2        401      37.040       3733.569   2.4
 Comm. coord.          24    2       9600      13.112       1321.701   0.9
 Force                 24    2      10001     972.950      98072.222  63.9
 Wait + Comm. F        24    2      10001      25.814       2602.027   1.7
 PME mesh *             8    2      10001     709.038      23823.414  15.5
 PME wait for PP *                            433.655      14570.651   9.5
 Wait + Recv. PME F    24    2      10001       9.024        909.616   0.6
 NB X/F buffer ops.    24    2      29201       8.129        819.391   0.5
 Write traj.           24    2          4       0.119         11.992   0.0
 Update                24    2      10001       7.090        714.665   0.5
 Constraints           24    2      10001      39.556       3987.162   2.6
 Comm. energies        24    2       2001       5.922        596.975   0.4
 Rest                                           2.349        236.820   0.2
-----------------------------------------------------------------------------
 Total                                       1142.695     153576.414 100.0
-----------------------------------------------------------------------------
(*) Note that with separate PME ranks, the walltime column actually sums to
    twice the total reported, but the cycle count total and % are correct.
-----------------------------------------------------------------------------
 Breakdown of PME mesh computation
-----------------------------------------------------------------------------
 PME redist. X/F        8    2      20002      66.018       2218.194   1.4
 PME spread/gather      8    2      20002     300.294      10089.750   6.6
 PME 3D-FFT             8    2      20002     192.437       6465.808   4.2
 PME 3D-FFT Comm.       8    2      20002     116.764       3923.237   2.6
 PME solve Elec         8    2      10001      33.405       1122.395   0.7
-----------------------------------------------------------------------------

               Core t (s)   Wall t (s)        (%)
       Time:    73132.479     1142.695     6400.0
                 (ns/day)    (hour/ns)
Performance:        1.512       15.869
Finished mdrun on rank 0 Thu Sep 10 14:56:16 2020
