#------------------------------------------------------------
#    Intel(R) MPI Benchmarks 2019 Update 5, MPI-1 part    
#------------------------------------------------------------
# Date                  : Wed Oct  7 10:09:06 2020
# Machine               : x86_64
# System                : Linux
# Release               : 3.10.0-1127.8.2.el7.x86_64
# Version               : #1 SMP Tue May 12 16:57:42 UTC 2020
# MPI Version           : 3.1
# MPI Thread Environment: 


# Calling sequence was: 

# /alaska/steveb/spack/opt/spack/linux-centos7-broadwell/gcc-9.3.0/intel-mpi-benchmarks-2019.5-dwg5q6jdcxgwtiwi2lj32w4ttotvwqnt/bin/IMB-MPI1 biband -npmin 1 

# Minimum message length in bytes:   0
# Maximum message length in bytes:   4194304
#
# MPI_Datatype                   :   MPI_BYTE 
# MPI_Datatype for reductions    :   MPI_FLOAT 
# MPI_Op                         :   MPI_SUM  
# 
# 

# List of Benchmarks to run:

# Biband

#---------------------------------------------------
# Benchmarking Biband 
# #processes = 2 
# ( 62 additional processes waiting in MPI_Barrier)
#---------------------------------------------------
       #bytes #repetitions   Mbytes/sec      Msg/sec
            0         1000         0.00      5481923
            1         1000         6.10      6104942
            2         1000        12.42      6211444
            4         1000        21.89      5472802
            8         1000        44.82      5601971
           16         1000        91.12      5695286
           32         1000       180.32      5634979
           64         1000       348.61      5446955
          128         1000       436.87      3413044
          256         1000       777.95      3038885
          512         1000      1417.58      2768715
         1024         1000      2539.78      2480255
         2048         1000      3850.73      1880239
         4096         1000      6538.27      1596256
         8192         1000      8678.62      1059402
        16384         1000      6637.19       405102
        32768         1000     10514.46       320876
        65536          640     13090.50       199745
       131072          320     14033.43       107067
       262144          160     15577.89        59425
       524288           80     18436.21        35164
      1048576           40     19021.21        18140
      2097152           20     19135.83         9125
      4194304           10     17986.49         4288

#---------------------------------------------------
# Benchmarking Biband 
# #processes = 4 
# ( 60 additional processes waiting in MPI_Barrier)
#---------------------------------------------------
       #bytes #repetitions   Mbytes/sec      Msg/sec
            0         1000         0.00     16202892
            1         1000        17.91     17914277
            2         1000        35.68     17840206
            4         1000        71.01     17752477
            8         1000       143.15     17894113
           16         1000       284.27     17767108
           32         1000       530.25     16570238
           64         1000      1100.21     17190851
          128         1000       676.92      5288476
          256         1000      1128.36      4407668
          512         1000      1985.98      3878865
         1024         1000      3271.64      3194958
         2048         1000      5265.01      2570804
         4096         1000      6973.43      1702498
         8192         1000      8650.20      1055932
        16384         1000     17319.97      1057127
        32768         1000     25900.62       790424
        65536          640     33153.90       505888
       131072          320     37572.67       286657
       262144          160     36295.91       138458
       524288           80     37080.07        70725
      1048576           40     37899.06        36143
      2097152           20     37394.26        17831
      4194304           10     37686.11         8985

#---------------------------------------------------
# Benchmarking Biband 
# #processes = 8 
# ( 56 additional processes waiting in MPI_Barrier)
#---------------------------------------------------
       #bytes #repetitions   Mbytes/sec      Msg/sec
            0         1000         0.00     22977276
            1         1000        24.12     24120639
            2         1000        48.57     24286532
            4         1000        97.08     24270895
            8         1000       181.89     22736367
           16         1000       387.72     24232482
           32         1000      1046.65     32707966
           64         1000      2144.22     33503510
          128         1000      1201.41      9386014
          256         1000      2202.79      8604659
          512         1000      3086.93      6029157
         1024         1000      6319.95      6171830
         2048         1000      9858.13      4813540
         4096         1000     12141.32      2964190
         8192         1000     14718.85      1796734
        16384         1000     32607.22      1990187
        32768         1000     48915.19      1492773
        65536          640     65711.33      1002675
       131072          320     72938.05       556473
       262144          160     69804.95       266285
       524288           80     70386.71       134252
      1048576           40     71239.72        67939
      2097152           20     72360.75        34504
      4194304           10     61297.41        14614

#---------------------------------------------------
# Benchmarking Biband 
# #processes = 16 
# ( 48 additional processes waiting in MPI_Barrier)
#---------------------------------------------------
       #bytes #repetitions   Mbytes/sec      Msg/sec
            0         1000         0.00     65660412
            1         1000        65.85     65851328
            2         1000       133.33     66665109
            4         1000       265.70     66424059
            8         1000       520.62     65078009
           16         1000      1043.58     65223769
           32         1000      2043.18     63849371
           64         1000      4058.16     63408816
          128         1000      2570.68     20083440
          256         1000      4333.87     16929181
          512         1000      6320.39     12344516
         1024         1000     11757.35     11481789
         2048         1000     18305.93      8938442
         4096         1000     21900.77      5346868
         8192         1000     23707.17      2893942
        16384         1000     67098.43      4095363
        32768         1000    103192.81      3149195
        65536          640    124201.79      1895169
       131072          320    122582.42       935230
       262144          160    136247.05       519741
       524288           80    136243.11       259863
      1048576           40    140705.95       134188
      2097152           20     96963.85        46236
      4194304           10     45438.22        10833

#---------------------------------------------------
# Benchmarking Biband 
# #processes = 32 
# ( 32 additional processes waiting in MPI_Barrier)
#---------------------------------------------------
       #bytes #repetitions   Mbytes/sec      Msg/sec
            0         1000         0.00     91047238
            1         1000       116.19    116187283
            2         1000       252.08    126039433
            4         1000       516.68    129170071
            8         1000      1053.03    131629232
           16         1000      2084.06    130253516
           32         1000      2982.33     93197692
           64         1000      7564.71    118198521
          128         1000      5103.82     39873599
          256         1000      8327.57     32529588
          512         1000     12777.12     24955316
         1024         1000     14194.80     13862105
         2048         1000     22156.10     10818408
         4096         1000     23511.25      5740051
         8192         1000     24010.32      2930947
        16384         1000    134136.86      8187064
        32768         1000    173392.19      5291510
        65536          640    202437.60      3088953
       131072          320    250493.01      1911110
       262144          160    212710.90       811428
       524288           80    260657.27       497164
      1048576           40    209624.34       199913
      2097152           20     59151.46        28206
      4194304           10     49300.32        11754

#---------------------------------------------------
# Benchmarking Biband 
# #processes = 64 
#---------------------------------------------------
       #bytes #repetitions   Mbytes/sec      Msg/sec
            0         1000         0.00     85555337
            1         1000        89.71     89710047
            2         1000       182.06     91029672
            4         1000       352.58     88145035
            8         1000       684.35     85544023
           16         1000      1437.54     89846209
           32         1000      2819.35     88104599
           64         1000      3968.30     62004627
          128         1000      4609.03     36008038
          256         1000      9355.53     36545053
          512         1000     12494.60     24403509
         1024         1000     17071.25     16671144
         2048         1000     19041.83      9297766
         4096         1000     20060.62      4897613
         8192         1000     20451.04      2496465
        16384         1000     20490.41      1250635
        32768         1000     20044.04       611696
        65536          640     19683.56       300347
       131072          320     20663.19       157648
       262144          160     20689.65        78925
       524288           80     20529.26        39156
      1048576           40     20536.54        19585
      2097152           20     20694.43         9868
      4194304           10     20668.38         4928


# All processes entering MPI_Finalize

