#------------------------------------------------------------
#    Intel(R) MPI Benchmarks 2019 Update 5, MPI-1 part    
#------------------------------------------------------------
# Date                  : Fri Sep 11 15:04:18 2020
# Machine               : x86_64
# System                : Linux
# Release               : 3.10.0-1127.8.2.el7.x86_64
# Version               : #1 SMP Tue May 12 16:57:42 UTC 2020
# MPI Version           : 3.1
# MPI Thread Environment: 


# Calling sequence was: 

# IMB-MPI1 pingpong 

# Minimum message length in bytes:   0
# Maximum message length in bytes:   4194304
#
# MPI_Datatype                   :   MPI_BYTE 
# MPI_Datatype for reductions    :   MPI_FLOAT 
# MPI_Op                         :   MPI_SUM  
# 
# 

# List of Benchmarks to run:

# PingPong

#---------------------------------------------------
# Benchmarking PingPong 
# #processes = 2 
#---------------------------------------------------
       #bytes #repetitions      t[usec]   Mbytes/sec
            0         1000         1.12         0.00
            1         1000         1.12         0.89
            2         1000         1.12         1.78
            4         1000         1.12         3.56
            8         1000         1.13         7.11
           16         1000         1.12        14.27
           32         1000         1.12        28.45
           64         1000         1.16        55.08
          128         1000         1.20       106.43
          256         1000         1.62       158.22
          512         1000         1.71       299.71
         1024         1000         1.89       541.84
         2048         1000         2.27       901.18
         4096         1000         3.08      1331.01
         8192         1000         4.59      1783.93
        16384         1000         7.41      2211.78
        32768         1000         9.89      3312.90
        65536          640        14.21      4612.67
       131072          320        23.29      5628.98
       262144          160        76.60      3422.21
       524288           80       115.71      4531.23
      1048576           40       200.20      5237.77
      2097152           20       360.73      5813.71
      4194304           10       672.03      6241.24


# All processes entering MPI_Finalize

