[0] MPI startup(): I_MPI_OFA_TRANSLATION_CACHE variable has been removed from the product, its value is ignored

#------------------------------------------------------------
#    Intel(R) MPI Benchmarks 2019 Update 6, MPI-1 part    
#------------------------------------------------------------
# Date                  : Thu Oct  1 16:21:37 2020
# Machine               : x86_64
# System                : Linux
# Release               : 3.10.0-1127.19.1.el7.x86_64
# Version               : #1 SMP Tue Aug 25 17:23:54 UTC 2020
# MPI Version           : 3.1
# MPI Thread Environment: 


# Calling sequence was: 

# /usr/local/Cluster-Apps/intel/2020.2/compilers_and_libraries_2020.2.254/linux/mpi/intel64/bin/IMB-MPI1 biband -npmin 1 

# Minimum message length in bytes:   0
# Maximum message length in bytes:   4194304
#
# MPI_Datatype                   :   MPI_BYTE 
# MPI_Datatype for reductions    :   MPI_FLOAT 
# MPI_Op                         :   MPI_SUM  
# 
# 

# List of Benchmarks to run:

# Biband

#---------------------------------------------------
# Benchmarking Biband 
# #processes = 2 
#---------------------------------------------------
       #bytes #repetitions   Mbytes/sec      Msg/sec
            0         1000         0.00      7610215
            1         1000         7.38      7380312
            2         1000        15.42      7709831
            4         1000        30.43      7606519
            8         1000        60.44      7555578
           16         1000       120.40      7525279
           32         1000       246.61      7706585
           64         1000       449.49      7023359
          128         1000       879.49      6871042
          256         1000      1358.43      5306376
          512         1000      2533.90      4949023
         1024         1000      3856.04      3765664
         2048         1000      7085.05      3459495
         4096         1000      9285.94      2267075
         8192         1000     10278.90      1254748
        16384         1000     10729.34       654867
        32768         1000     10980.78       335107
        65536          640     11146.60       170084
       131072          320     11365.24        86710
       262144          160     11460.67        43719
       524288           80     11516.47        21966
      1048576           40     11545.45        11011
      2097152           20     11559.64         5512
      4194304           10     11566.42         2758


# All processes entering MPI_Finalize

