2020-08-19T17:37:02+01:00|reframe 3.0-dev6 (rev: 3f0c45d4)|Gromacs_1400k_8 on alaska:ib-gcc9-openmpi4-ucx using gromacs|jobid=5028|ns_per_day=8.278|ns/day|ref=0 (l=None, u=None)|num_nodes=8,num_procs=256,1400k-atoms
2020-08-19T17:37:02+01:00|reframe 3.0-dev6 (rev: 3f0c45d4)|Gromacs_1400k_8 on alaska:ib-gcc9-openmpi4-ucx using gromacs|jobid=5028|hour_per_ns=2.899|hour/ns|ref=0 (l=None, u=None)|num_nodes=8,num_procs=256,1400k-atoms
2020-08-19T17:37:02+01:00|reframe 3.0-dev6 (rev: 3f0c45d4)|Gromacs_1400k_8 on alaska:ib-gcc9-openmpi4-ucx using gromacs|jobid=5028|core_t=106887.484|s|ref=0 (l=None, u=None)|num_nodes=8,num_procs=256,1400k-atoms
2020-08-19T17:37:02+01:00|reframe 3.0-dev6 (rev: 3f0c45d4)|Gromacs_1400k_8 on alaska:ib-gcc9-openmpi4-ucx using gromacs|jobid=5028|wall_t=208.765|s|ref=0 (l=None, u=None)|num_nodes=8,num_procs=256,1400k-atoms
2020-08-19T17:37:02+01:00|reframe 3.0-dev6 (rev: 3f0c45d4)|Gromacs_1400k_8 on alaska:ib-gcc9-openmpi4-ucx using gromacs|jobid=5028|runtime_real=220.211|s|ref=0 (l=None, u=None)|num_nodes=8,num_procs=256,1400k-atoms
2020-09-08T17:01:30+01:00|reframe 3.0-dev6 (rev: 3f0c45d4)|Gromacs_1400k_8 on alaska:ib-gcc9-openmpi4-ucx using gromacs|jobid=5217|ns_per_day=7.678|ns/day|ref=0 (l=None, u=None)|1400k-atoms,num_procs=256,num_nodes=8
2020-09-08T17:01:30+01:00|reframe 3.0-dev6 (rev: 3f0c45d4)|Gromacs_1400k_8 on alaska:ib-gcc9-openmpi4-ucx using gromacs|jobid=5217|hour_per_ns=3.126|hour/ns|ref=0 (l=None, u=None)|1400k-atoms,num_procs=256,num_nodes=8
2020-09-08T17:01:30+01:00|reframe 3.0-dev6 (rev: 3f0c45d4)|Gromacs_1400k_8 on alaska:ib-gcc9-openmpi4-ucx using gromacs|jobid=5217|core_t=115240.595|s|ref=0 (l=None, u=None)|1400k-atoms,num_procs=256,num_nodes=8
2020-09-08T17:01:30+01:00|reframe 3.0-dev6 (rev: 3f0c45d4)|Gromacs_1400k_8 on alaska:ib-gcc9-openmpi4-ucx using gromacs|jobid=5217|wall_t=225.079|s|ref=0 (l=None, u=None)|1400k-atoms,num_procs=256,num_nodes=8
2020-09-08T17:01:30+01:00|reframe 3.0-dev6 (rev: 3f0c45d4)|Gromacs_1400k_8 on alaska:ib-gcc9-openmpi4-ucx using gromacs|jobid=5217|runtime_real=236.59300000000002|s|ref=0 (l=None, u=None)|1400k-atoms,num_procs=256,num_nodes=8
2020-09-09T14:36:05+01:00|reframe 3.0-dev6 (rev: 3f0c45d4)|Gromacs_1400k_8 on alaska:ib-gcc9-openmpi4-ucx using gromacs|jobid=5267|ns_per_day=6.249|ns/day|ref=0 (l=None, u=None)|num_procs=256,num_nodes=8,1400k-atoms
2020-09-09T14:36:05+01:00|reframe 3.0-dev6 (rev: 3f0c45d4)|Gromacs_1400k_8 on alaska:ib-gcc9-openmpi4-ucx using gromacs|jobid=5267|hour_per_ns=3.84|hour/ns|ref=0 (l=None, u=None)|num_procs=256,num_nodes=8,1400k-atoms
2020-09-09T14:36:05+01:00|reframe 3.0-dev6 (rev: 3f0c45d4)|Gromacs_1400k_8 on alaska:ib-gcc9-openmpi4-ucx using gromacs|jobid=5267|core_t=141585.765|s|ref=0 (l=None, u=None)|num_procs=256,num_nodes=8,1400k-atoms
2020-09-09T14:36:05+01:00|reframe 3.0-dev6 (rev: 3f0c45d4)|Gromacs_1400k_8 on alaska:ib-gcc9-openmpi4-ucx using gromacs|jobid=5267|wall_t=276.535|s|ref=0 (l=None, u=None)|num_procs=256,num_nodes=8,1400k-atoms
2020-09-09T14:36:05+01:00|reframe 3.0-dev6 (rev: 3f0c45d4)|Gromacs_1400k_8 on alaska:ib-gcc9-openmpi4-ucx using gromacs|jobid=5267|runtime_real=287.548|s|ref=0 (l=None, u=None)|num_procs=256,num_nodes=8,1400k-atoms
2020-09-10T09:59:54+01:00|reframe 3.0-dev6 (rev: 3f0c45d4)|Gromacs_1400k_8 on alaska:ib-gcc9-openmpi4-ucx using gromacs|jobid=5300|ns_per_day=5.737|ns/day|ref=0 (l=None, u=None)|num_nodes=8,1400k-atoms,num_procs=256
2020-09-10T09:59:54+01:00|reframe 3.0-dev6 (rev: 3f0c45d4)|Gromacs_1400k_8 on alaska:ib-gcc9-openmpi4-ucx using gromacs|jobid=5300|hour_per_ns=4.183|hour/ns|ref=0 (l=None, u=None)|num_nodes=8,1400k-atoms,num_procs=256
2020-09-10T09:59:54+01:00|reframe 3.0-dev6 (rev: 3f0c45d4)|Gromacs_1400k_8 on alaska:ib-gcc9-openmpi4-ucx using gromacs|jobid=5300|core_t=154218.31|s|ref=0 (l=None, u=None)|num_nodes=8,1400k-atoms,num_procs=256
2020-09-10T09:59:54+01:00|reframe 3.0-dev6 (rev: 3f0c45d4)|Gromacs_1400k_8 on alaska:ib-gcc9-openmpi4-ucx using gromacs|jobid=5300|wall_t=301.208|s|ref=0 (l=None, u=None)|num_nodes=8,1400k-atoms,num_procs=256
2020-09-10T09:59:54+01:00|reframe 3.0-dev6 (rev: 3f0c45d4)|Gromacs_1400k_8 on alaska:ib-gcc9-openmpi4-ucx using gromacs|jobid=5300|runtime_real=312.661|s|ref=0 (l=None, u=None)|num_nodes=8,1400k-atoms,num_procs=256
2020-09-10T14:49:17+01:00|reframe 3.0-dev6 (rev: 3f0c45d4)|Gromacs_1400k_8 on alaska:ib-gcc9-openmpi4-ucx using gromacs|jobid=6394|ns_per_day=5.975|ns/day|ref=0 (l=None, u=None)|num_procs=256,num_nodes=8,1400k-atoms
2020-09-10T14:49:17+01:00|reframe 3.0-dev6 (rev: 3f0c45d4)|Gromacs_1400k_8 on alaska:ib-gcc9-openmpi4-ucx using gromacs|jobid=6394|hour_per_ns=4.017|hour/ns|ref=0 (l=None, u=None)|num_procs=256,num_nodes=8,1400k-atoms
2020-09-10T14:49:17+01:00|reframe 3.0-dev6 (rev: 3f0c45d4)|Gromacs_1400k_8 on alaska:ib-gcc9-openmpi4-ucx using gromacs|jobid=6394|core_t=148096.112|s|ref=0 (l=None, u=None)|num_procs=256,num_nodes=8,1400k-atoms
2020-09-10T14:49:17+01:00|reframe 3.0-dev6 (rev: 3f0c45d4)|Gromacs_1400k_8 on alaska:ib-gcc9-openmpi4-ucx using gromacs|jobid=6394|wall_t=289.25|s|ref=0 (l=None, u=None)|num_procs=256,num_nodes=8,1400k-atoms
2020-09-10T14:49:17+01:00|reframe 3.0-dev6 (rev: 3f0c45d4)|Gromacs_1400k_8 on alaska:ib-gcc9-openmpi4-ucx using gromacs|jobid=6394|runtime_real=300.081|s|ref=0 (l=None, u=None)|num_procs=256,num_nodes=8,1400k-atoms
