#------------------------------------------------------------
#    Intel(R) MPI Benchmarks 2019 Update 5, MPI-1 part    
#------------------------------------------------------------
# Date                  : Wed Oct  7 10:04:38 2020
# Machine               : x86_64
# System                : Linux
# Release               : 3.10.0-1127.8.2.el7.x86_64
# Version               : #1 SMP Tue May 12 16:57:42 UTC 2020
# MPI Version           : 3.1
# MPI Thread Environment: 


# Calling sequence was: 

# IMB-MPI1 biband -npmin 1 

# Minimum message length in bytes:   0
# Maximum message length in bytes:   4194304
#
# MPI_Datatype                   :   MPI_BYTE 
# MPI_Datatype for reductions    :   MPI_FLOAT 
# MPI_Op                         :   MPI_SUM  
# 
# 

# List of Benchmarks to run:

# Biband

#---------------------------------------------------
# Benchmarking Biband 
# #processes = 2 
#---------------------------------------------------
       #bytes #repetitions   Mbytes/sec      Msg/sec
            0         1000         0.00        61064
            1         1000         0.06        61064
            2         1000         0.12        61064
            4         1000         0.24        60942
            8         1000         0.49        61125
           16         1000         0.98        61248
           32         1000         1.95        61002
           64         1000         3.90        60942
          128         1000         7.82        61063
          256         1000        15.74        61495
          512         1000        37.65        73530
         1024         1000      2533.23      2473857
         2048         1000      4388.72      2142929
         4096         1000      4981.81      1216261
         8192         1000      5436.19       663597
        16384         1000      5679.18       346630
        32768         1000      5848.88       178494
        65536          640      5968.80        91077
       131072          320      6018.50        45918
       262144          160      4178.66        15940
       524288           80      4708.93         8982
      1048576           40      5099.00         4863
      2097152           20      5252.99         2505
      4194304           10      5224.65         1246


# All processes entering MPI_Finalize

