2020-08-19T17:43:53+01:00|reframe 3.0-dev6 (rev: 3f0c45d4)|Gromacs_3000k_2 on alaska:roce-gcc9-openmpi4-ucx using gromacs|jobid=5046|ns_per_day=1.34|ns/day|ref=0 (l=None, u=None)|num_procs=64,num_nodes=2,3000k-atoms
2020-08-19T17:43:53+01:00|reframe 3.0-dev6 (rev: 3f0c45d4)|Gromacs_3000k_2 on alaska:roce-gcc9-openmpi4-ucx using gromacs|jobid=5046|hour_per_ns=17.907|hour/ns|ref=0 (l=None, u=None)|num_procs=64,num_nodes=2,3000k-atoms
2020-08-19T17:43:53+01:00|reframe 3.0-dev6 (rev: 3f0c45d4)|Gromacs_3000k_2 on alaska:roce-gcc9-openmpi4-ucx using gromacs|jobid=5046|core_t=165045.616|s|ref=0 (l=None, u=None)|num_procs=64,num_nodes=2,3000k-atoms
2020-08-19T17:43:53+01:00|reframe 3.0-dev6 (rev: 3f0c45d4)|Gromacs_3000k_2 on alaska:roce-gcc9-openmpi4-ucx using gromacs|jobid=5046|wall_t=1289.419|s|ref=0 (l=None, u=None)|num_procs=64,num_nodes=2,3000k-atoms
2020-08-19T17:43:53+01:00|reframe 3.0-dev6 (rev: 3f0c45d4)|Gromacs_3000k_2 on alaska:roce-gcc9-openmpi4-ucx using gromacs|jobid=5046|runtime_real=1300.7|s|ref=0 (l=None, u=None)|num_procs=64,num_nodes=2,3000k-atoms
2020-09-08T17:41:43+01:00|reframe 3.0-dev6 (rev: 3f0c45d4)|Gromacs_3000k_2 on alaska:roce-gcc9-openmpi4-ucx using gromacs|jobid=5235|ns_per_day=1.342|ns/day|ref=0 (l=None, u=None)|3000k-atoms,num_procs=64,num_nodes=2
2020-09-08T17:41:43+01:00|reframe 3.0-dev6 (rev: 3f0c45d4)|Gromacs_3000k_2 on alaska:roce-gcc9-openmpi4-ucx using gromacs|jobid=5235|hour_per_ns=17.882|hour/ns|ref=0 (l=None, u=None)|3000k-atoms,num_procs=64,num_nodes=2
2020-09-08T17:41:43+01:00|reframe 3.0-dev6 (rev: 3f0c45d4)|Gromacs_3000k_2 on alaska:roce-gcc9-openmpi4-ucx using gromacs|jobid=5235|core_t=164819.089|s|ref=0 (l=None, u=None)|3000k-atoms,num_procs=64,num_nodes=2
2020-09-08T17:41:43+01:00|reframe 3.0-dev6 (rev: 3f0c45d4)|Gromacs_3000k_2 on alaska:roce-gcc9-openmpi4-ucx using gromacs|jobid=5235|wall_t=1287.649|s|ref=0 (l=None, u=None)|3000k-atoms,num_procs=64,num_nodes=2
2020-09-08T17:41:43+01:00|reframe 3.0-dev6 (rev: 3f0c45d4)|Gromacs_3000k_2 on alaska:roce-gcc9-openmpi4-ucx using gromacs|jobid=5235|runtime_real=1299.122|s|ref=0 (l=None, u=None)|3000k-atoms,num_procs=64,num_nodes=2
2020-09-10T10:44:23+01:00|reframe 3.0-dev6 (rev: 3f0c45d4)|Gromacs_3000k_2 on alaska:roce-gcc9-openmpi4-ucx using gromacs|jobid=5318|ns_per_day=1.3|ns/day|ref=0 (l=None, u=None)|3000k-atoms,num_nodes=2,num_procs=64
2020-09-10T10:44:23+01:00|reframe 3.0-dev6 (rev: 3f0c45d4)|Gromacs_3000k_2 on alaska:roce-gcc9-openmpi4-ucx using gromacs|jobid=5318|hour_per_ns=18.467|hour/ns|ref=0 (l=None, u=None)|3000k-atoms,num_nodes=2,num_procs=64
2020-09-10T10:44:23+01:00|reframe 3.0-dev6 (rev: 3f0c45d4)|Gromacs_3000k_2 on alaska:roce-gcc9-openmpi4-ucx using gromacs|jobid=5318|core_t=170211.283|s|ref=0 (l=None, u=None)|3000k-atoms,num_nodes=2,num_procs=64
2020-09-10T10:44:23+01:00|reframe 3.0-dev6 (rev: 3f0c45d4)|Gromacs_3000k_2 on alaska:roce-gcc9-openmpi4-ucx using gromacs|jobid=5318|wall_t=1329.776|s|ref=0 (l=None, u=None)|3000k-atoms,num_nodes=2,num_procs=64
2020-09-10T10:44:23+01:00|reframe 3.0-dev6 (rev: 3f0c45d4)|Gromacs_3000k_2 on alaska:roce-gcc9-openmpi4-ucx using gromacs|jobid=5318|runtime_real=1341.64|s|ref=0 (l=None, u=None)|3000k-atoms,num_nodes=2,num_procs=64
2020-09-10T15:34:59+01:00|reframe 3.0-dev6 (rev: 3f0c45d4)|Gromacs_3000k_2 on alaska:roce-gcc9-openmpi4-ucx using gromacs|jobid=6413|ns_per_day=1.281|ns/day|ref=0 (l=None, u=None)|3000k-atoms,num_nodes=2,num_procs=64
2020-09-10T15:34:59+01:00|reframe 3.0-dev6 (rev: 3f0c45d4)|Gromacs_3000k_2 on alaska:roce-gcc9-openmpi4-ucx using gromacs|jobid=6413|hour_per_ns=18.73|hour/ns|ref=0 (l=None, u=None)|3000k-atoms,num_nodes=2,num_procs=64
2020-09-10T15:34:59+01:00|reframe 3.0-dev6 (rev: 3f0c45d4)|Gromacs_3000k_2 on alaska:roce-gcc9-openmpi4-ucx using gromacs|jobid=6413|core_t=172634.202|s|ref=0 (l=None, u=None)|3000k-atoms,num_nodes=2,num_procs=64
2020-09-10T15:34:59+01:00|reframe 3.0-dev6 (rev: 3f0c45d4)|Gromacs_3000k_2 on alaska:roce-gcc9-openmpi4-ucx using gromacs|jobid=6413|wall_t=1348.705|s|ref=0 (l=None, u=None)|3000k-atoms,num_nodes=2,num_procs=64
2020-09-10T15:34:59+01:00|reframe 3.0-dev6 (rev: 3f0c45d4)|Gromacs_3000k_2 on alaska:roce-gcc9-openmpi4-ucx using gromacs|jobid=6413|runtime_real=1360.47|s|ref=0 (l=None, u=None)|3000k-atoms,num_nodes=2,num_procs=64
