#------------------------------------------------------------
#    Intel(R) MPI Benchmarks 2019 Update 5, MPI-1 part    
#------------------------------------------------------------
# Date                  : Wed Oct  7 09:35:30 2020
# Machine               : x86_64
# System                : Linux
# Release               : 3.10.0-1127.8.2.el7.x86_64
# Version               : #1 SMP Tue May 12 16:57:42 UTC 2020
# MPI Version           : 3.1
# MPI Thread Environment: 


# Calling sequence was: 

# /alaska/steveb/spack/opt/spack/linux-centos7-broadwell/gcc-9.3.0/intel-mpi-benchmarks-2019.5-dwg5q6jdcxgwtiwi2lj32w4ttotvwqnt/bin/IMB-MPI1 uniband -npmin 1 

# Minimum message length in bytes:   0
# Maximum message length in bytes:   4194304
#
# MPI_Datatype                   :   MPI_BYTE 
# MPI_Datatype for reductions    :   MPI_FLOAT 
# MPI_Op                         :   MPI_SUM  
# 
# 

# List of Benchmarks to run:

# Uniband

#---------------------------------------------------
# Benchmarking Uniband 
# #processes = 2 
# ( 30 additional processes waiting in MPI_Barrier)
#---------------------------------------------------
       #bytes #repetitions   Mbytes/sec      Msg/sec
            0         1000         0.00      9224111
            1         1000         9.17      9170289
            2         1000        18.36      9181710
            4         1000        36.78      9194711
            8         1000        73.68      9209814
           16         1000       147.88      9242585
           32         1000       149.12      4659990
           64         1000       297.16      4643077
          128         1000       476.35      3721472
          256         1000      1086.36      4243591
          512         1000      1526.20      2980863
         1024         1000      2899.22      2831268
         2048         1000      5179.53      2529066
         4096         1000      6883.92      1680644
         8192         1000      8722.78      1064793
        16384         1000      6493.42       396327
        32768         1000      8735.21       266577
        65536          640     10382.29       158421
       131072          320     10503.64        80136
       262144          160      9212.19        35142
       524288           80      8841.09        16863
      1048576           40      8977.28         8561
      2097152           20      8906.06         4247
      4194304           10      8886.96         2119

#---------------------------------------------------
# Benchmarking Uniband 
# #processes = 4 
# ( 28 additional processes waiting in MPI_Barrier)
#---------------------------------------------------
       #bytes #repetitions   Mbytes/sec      Msg/sec
            0         1000         0.00     18431738
            1         1000        18.24     18240345
            2         1000        36.58     18292485
            4         1000        73.23     18306296
            8         1000       146.32     18290065
           16         1000       293.19     18324308
           32         1000       559.48     17483723
           64         1000      1105.14     17267786
          128         1000      1251.84      9779968
          256         1000      2231.43      8716523
          512         1000      3189.58      6229644
         1024         1000      6337.90      6189355
         2048         1000     10410.34      5083173
         4096         1000     14393.03      3513924
         8192         1000     17700.66      2160725
        16384         1000     12739.83       777577
        32768         1000     17135.13       522923
        65536          640     20409.83       311429
       131072          320     21001.73       160230
       262144          160     19207.84        73272
       524288           80     18493.04        35273
      1048576           40     18866.59        17993
      2097152           20     18969.50         9045
      4194304           10     18900.61         4506

#---------------------------------------------------
# Benchmarking Uniband 
# #processes = 8 
# ( 24 additional processes waiting in MPI_Barrier)
#---------------------------------------------------
       #bytes #repetitions   Mbytes/sec      Msg/sec
            0         1000         0.00     31300864
            1         1000        32.19     32185562
            2         1000        64.23     32117288
            4         1000       125.68     31419493
            8         1000       258.30     32286910
           16         1000       511.04     31940120
           32         1000       744.61     23269027
           64         1000      1279.12     19986264
          128         1000      1077.07      8414634
          256         1000      1571.60      6139054
          512         1000      2461.40      4807413
         1024         1000      5079.70      4960649
         2048         1000      7369.69      3598483
         4096         1000      9784.43      2388778
         8192         1000     11710.93      1429556
        16384         1000     24228.52      1478791
        32768         1000     31721.99       968078
        65536          640     38914.40       593787
       131072          320     39211.13       299157
       262144          160     35996.89       137317
       524288           80     35012.15        66780
      1048576           40     35650.29        33999
      2097152           20     35869.38        17104
      4194304           10     34431.86         8209

#---------------------------------------------------
# Benchmarking Uniband 
# #processes = 16 
# ( 16 additional processes waiting in MPI_Barrier)
#---------------------------------------------------
       #bytes #repetitions   Mbytes/sec      Msg/sec
            0         1000         0.00     68257156
            1         1000        68.30     68296007
            2         1000       135.28     67640156
            4         1000       250.92     62728832
            8         1000       539.68     67460540
           16         1000      1092.38     68273540
           32         1000      1965.86     61433147
           64         1000      2933.63     45837934
          128         1000      2047.82     15998567
          256         1000      3338.51     13041055
          512         1000      5389.38     10526138
         1024         1000     11509.04     11239294
         2048         1000     15062.44      7354706
         4096         1000     20491.65      5002845
         8192         1000     25429.55      3104193
        16384         1000     48807.73      2978987
        32768         1000     65489.91      1998593
        65536          640     55573.25       847981
       131072          320     63976.52       488102
       262144          160     73435.71       280135
       524288           80     70251.70       133994
      1048576           40     71849.52        68521
      2097152           20     72248.46        34451
      4194304           10     59212.35        14117

#---------------------------------------------------
# Benchmarking Uniband 
# #processes = 32 
#---------------------------------------------------
       #bytes #repetitions   Mbytes/sec      Msg/sec
            0         1000         0.00     32742126
            1         1000        32.72     32717756
            2         1000        65.49     32744253
            4         1000       125.77     31443611
            8         1000       241.88     30234877
           16         1000       449.01     28062954
           32         1000       785.07     24533356
           64         1000      1255.04     19610048
          128         1000      1790.50     13988312
          256         1000      2276.71      8893409
          512         1000      2633.03      5142636
         1024         1000      2858.78      2791778
         2048         1000      2985.96      1457990
         4096         1000      2995.28       731271
         8192         1000      3029.09       369762
        16384         1000      3040.49       185577
        32768          905      3033.89        92587
        65536          455      3052.65        46580
       131072          228      3058.20        23332
       262144          115      3060.92        11676
       524288           58      3062.29         5841
      1048576           29      3062.98         2921
      2097152           15      3063.32         1461
      4194304            8      3063.49          730


# All processes entering MPI_Finalize

