#------------------------------------------------------------
#    Intel(R) MPI Benchmarks 2019 Update 5, MPI-1 part    
#------------------------------------------------------------
# Date                  : Fri Sep 11 15:08:39 2020
# Machine               : x86_64
# System                : Linux
# Release               : 3.10.0-1127.8.2.el7.x86_64
# Version               : #1 SMP Tue May 12 16:57:42 UTC 2020
# MPI Version           : 3.1
# MPI Thread Environment: 


# Calling sequence was: 

# IMB-MPI1 biband -npmin 64 

# Minimum message length in bytes:   0
# Maximum message length in bytes:   4194304
#
# MPI_Datatype                   :   MPI_BYTE 
# MPI_Datatype for reductions    :   MPI_FLOAT 
# MPI_Op                         :   MPI_SUM  
# 
# 

# List of Benchmarks to run:

# Biband

#---------------------------------------------------
# Benchmarking Biband 
# #processes = 64 
#---------------------------------------------------
       #bytes #repetitions   Mbytes/sec      Msg/sec
            0         1000         0.00       884614
            1         1000         0.90       897227
            2         1000         1.77       885021
            4         1000         3.55       887435
            8         1000         7.14       893120
           16         1000        14.57       910849
           32         1000        28.12       878633
           64         1000        56.68       885604
          128         1000       112.59       879627
          256         1000      4649.55     18162308
          512         1000     12888.58     25173015
         1024         1000     15106.61     14752550
         2048         1000     18629.47      9096421
         4096         1000     19301.96      4712393
         8192         1000     20049.62      2447463
        16384         1000     20134.94      1228939
        32768         1000     20311.82       619868
        65536          640     20341.67       310389
       131072          320     20310.96       154960
       262144          160     20783.13        79281
       524288           80     20781.96        39638
      1048576           40     20787.37        19824
      2097152           20     20940.58         9985
      4194304           10     20816.43         4963


# All processes entering MPI_Finalize

