#------------------------------------------------------------
#    Intel(R) MPI Benchmarks 2019 Update 5, MPI-1 part    
#------------------------------------------------------------
# Date                  : Wed Oct  7 10:07:49 2020
# Machine               : x86_64
# System                : Linux
# Release               : 3.10.0-1127.8.2.el7.x86_64
# Version               : #1 SMP Tue May 12 16:57:42 UTC 2020
# MPI Version           : 3.1
# MPI Thread Environment: 


# Calling sequence was: 

# /alaska/steveb/spack/opt/spack/linux-centos7-broadwell/gcc-9.3.0/intel-mpi-benchmarks-2019.5-dwg5q6jdcxgwtiwi2lj32w4ttotvwqnt/bin/IMB-MPI1 biband -npmin 1 

# Minimum message length in bytes:   0
# Maximum message length in bytes:   4194304
#
# MPI_Datatype                   :   MPI_BYTE 
# MPI_Datatype for reductions    :   MPI_FLOAT 
# MPI_Op                         :   MPI_SUM  
# 
# 

# List of Benchmarks to run:

# Biband

#---------------------------------------------------
# Benchmarking Biband 
# #processes = 2 
# ( 46 additional processes waiting in MPI_Barrier)
#---------------------------------------------------
       #bytes #repetitions   Mbytes/sec      Msg/sec
            0         1000         0.00      5711893
            1         1000         6.05      6053482
            2         1000        12.25      6125865
            4         1000        23.05      5763407
            8         1000        48.72      6090282
           16         1000        83.12      5194929
           32         1000       175.95      5498308
           64         1000       459.15      7174271
          128         1000       289.22      2259553
          256         1000       489.22      1911017
          512         1000       822.11      1605688
         1024         1000      1353.01      1321295
         2048         1000      2666.34      1301924
         4096         1000      3456.18       843795
         8192         1000      4347.50       530701
        16384         1000      7647.79       466784
        32768         1000     13572.49       414199
        65536          640     13390.97       204330
       131072          320     14634.59       111653
       262144          160     17522.61        66843
       524288           80     17209.50        32825
      1048576           40     17611.84        16796
      2097152           20     17819.58         8497
      4194304           10     17994.07         4290

#---------------------------------------------------
# Benchmarking Biband 
# #processes = 4 
# ( 44 additional processes waiting in MPI_Barrier)
#---------------------------------------------------
       #bytes #repetitions   Mbytes/sec      Msg/sec
            0         1000         0.00     21027856
            1         1000        21.04     21036420
            2         1000        40.59     20297049
            4         1000        80.40     20100046
            8         1000       163.60     20450009
           16         1000       331.71     20732091
           32         1000       626.38     19574335
           64         1000      1273.32     19895619
          128         1000      1262.86      9866108
          256         1000      2131.29      8325367
          512         1000      3783.89      7390411
         1024         1000      6077.87      5935416
         2048         1000     11458.62      5595031
         4096         1000     15744.41      3843849
         8192         1000     20181.17      2463522
        16384         1000     20774.79      1267993
        32768         1000     29439.05       898408
        65536          640     37597.60       573694
       131072          320     38103.28       290705
       262144          160     36538.55       139384
       524288           80     33654.52        64191
      1048576           40     34182.46        32599
      2097152           20     34870.12        16627
      4194304           10     35003.74         8346

#---------------------------------------------------
# Benchmarking Biband 
# #processes = 8 
# ( 40 additional processes waiting in MPI_Barrier)
#---------------------------------------------------
       #bytes #repetitions   Mbytes/sec      Msg/sec
            0         1000         0.00     33005617
            1         1000        33.51     33512549
            2         1000        68.39     34196026
            4         1000       134.04     33509621
            8         1000       267.66     33457973
           16         1000       514.20     32137539
           32         1000      1032.34     32260713
           64         1000      2092.79     32699813
          128         1000      1341.72     10482195
          256         1000      2229.50      8708984
          512         1000      3431.38      6701911
         1024         1000      6593.46      6438927
         2048         1000     10139.97      4951158
         4096         1000     13177.15      3217079
         8192         1000     15909.64      1942094
        16384         1000     35255.48      2151824
        32768         1000     53972.33      1647105
        65536          640     64160.39       979010
       131072          320     72553.87       553542
       262144          160     69455.95       264953
       524288           80     66219.29       126303
      1048576           40     66462.26        63383
      2097152           20     65920.26        31433
      4194304           10     45481.49        10844

#---------------------------------------------------
# Benchmarking Biband 
# #processes = 16 
# ( 32 additional processes waiting in MPI_Barrier)
#---------------------------------------------------
       #bytes #repetitions   Mbytes/sec      Msg/sec
            0         1000         0.00     68383776
            1         1000        67.03     67033027
            2         1000       133.41     66702780
            4         1000       257.06     64264565
            8         1000       544.92     68114753
           16         1000       744.87     46554230
           32         1000      2014.68     62958656
           64         1000      4143.91     64748529
          128         1000      2628.14     20532312
          256         1000      4371.55     17076354
          512         1000      6938.77     13552282
         1024         1000     11944.96     11664996
         2048         1000     17757.71      8670759
         4096         1000     20516.68      5008955
         8192         1000     21973.27      2682284
        16384         1000     67263.29      4105425
        32768         1000    105083.86      3206905
        65536          640    108803.58      1660211
       131072          320    119613.04       912575
       262144          160    126200.07       481415
       524288           80    128927.09       245909
      1048576           40    133389.87       127210
      2097152           20    107266.25        51149
      4194304           10     47541.58        11335

#---------------------------------------------------
# Benchmarking Biband 
# #processes = 32 
# ( 16 additional processes waiting in MPI_Barrier)
#---------------------------------------------------
       #bytes #repetitions   Mbytes/sec      Msg/sec
            0         1000         0.00     99431531
            1         1000       100.06    100055314
            2         1000       201.01    100505733
            4         1000       393.88     98469676
            8         1000       662.67     82834285
           16         1000      1338.46     83653816
           32         1000      2707.43     84607129
           64         1000      4590.95     71733534
          128         1000      5316.80     41537534
          256         1000      7390.54     28869299
          512         1000      9263.68     18093135
         1024         1000     10620.46     10371542
         2048         1000     11482.95      5606907
         4096         1000     11739.56      2866103
         8192         1000     11988.38      1463425
        16384         1000     12034.58       734533
        32768         1000     12009.33       366496
        65536          640     12136.26       185185
       131072          320     12195.39        93043
       262144          160     12224.65        46633
       524288           80     12238.84        23344
      1048576           40     12243.12        11676
      2097152           20     12248.71         5841
      4194304           10     12250.31         2921

#---------------------------------------------------
# Benchmarking Biband 
# #processes = 48 
#---------------------------------------------------
       #bytes #repetitions   Mbytes/sec      Msg/sec
            0         1000         0.00     63478739
            1         1000        63.29     63287951
            2         1000       127.03     63513158
            4         1000       244.28     61071076
            8         1000       470.64     58829651
           16         1000       875.98     54748863
           32         1000      1536.62     48019274
           64         1000      2454.94     38358510
          128         1000      3496.85     27319178
          256         1000      4088.78     15971778
          512         1000      4961.69      9690791
         1024         1000      5547.72      5417696
         2048         1000      5882.31      2872221
         4096         1000      5905.82      1441851
         8192         1000      5996.11       731947
        16384         1000      6028.50       367950
        32768          598      6011.16       183446
        65536          302      6070.02        92621
       131072          152      6099.47        46535
       262144           76      6113.88        23323
       524288           39      6120.51        11674
      1048576           20      6123.98         5840
      2097152           10      6125.64         2921
      4194304            5      6126.47         1461


# All processes entering MPI_Finalize

