1,0,1.48,5726.845528 
1,2,1.51,5723.854776 
1,3,1.40,5730.716889 
1,4,1.41,5731.926554 
1,5,1.50,5724.417169 
1,6,1.41,5730.563027 
1,7,1.42,5730.671313 
1,8,1.41,5731.279536 
1,9,1.50,5725.051721 
1,10,1.42,5731.060371 
1,11,1.50,5725.947392 
1,12,1.41,5727.344048 
1,13,1.41,5730.548079 
1,14,1.41,5730.789082 
1,15,1.41,5730.987442 
1,16,1.43,5730.750797 
1,17,1.42,5730.605320 
1,18,1.44,5731.117258 
1,19,1.42,5730.977961 
1,20,1.43,5729.556207 
1,21,1.44,5730.006717 
1,22,1.43,5730.588184 
1,23,1.43,5730.153622 
1,24,1.49,5727.376825 
1,25,1.42,5730.357041 
1,26,1.43,5729.255906 
1,27,1.43,5730.913055 
1,28,1.42,5717.962126 
1,29,1.43,5723.843864 
1,30,1.44,5730.338449 
1,31,1.43,5730.984889 
1,32,1.42,5729.615615 
1,33,1.58,5724.332039 
1,34,1.42,5730.556829 
1,35,1.42,5729.940011 
1,36,1.42,5730.790905 
1,37,1.40,5726.197473 
1,38,1.41,5729.948759 
1,39,1.42,5730.833931 
1,40,1.41,5730.478444 
1,41,1.40,5731.164300 
1,42,1.41,5730.913785 
1,43,1.41,5729.936001 
1,44,1.42,5730.492662 
52,0,1.51,5727.121907 
52,1,1.44,5728.486710 
52,2,1.44,5728.464122 
52,3,1.43,5728.963288 
52,4,1.43,5728.855796 
52,5,1.43,5729.679762 
52,6,1.43,5726.102098 
52,7,1.50,5721.263596 
52,8,1.42,5728.607669 
52,9,1.42,5729.950946 
52,10,1.42,5728.616049 
52,11,1.42,5729.847062 
52,12,1.43,5729.173547 
52,13,1.43,5729.439581 
52,14,1.43,5728.713695 
52,15,1.43,5728.025875 
52,16,1.45,5728.107837 
52,17,1.44,5729.309112 
52,18,1.46,5728.163572 
52,19,1.43,5729.312028 
52,20,1.45,5728.011669 
52,21,1.44,5729.468737 
52,22,1.44,5728.606212 
52,23,1.44,5726.758141 
52,24,1.46,5727.573491 
52,25,1.45,5727.917326 
52,26,1.45,5729.022684 
52,27,1.46,5726.639081 
52,28,1.44,5729.299637 
52,29,1.44,5729.642585 
52,30,1.44,5729.345920 
52,31,1.44,5725.671491 
52,32,1.43,5725.439289 
52,33,1.43,5728.402188 
52,34,1.43,5729.552562 
52,35,1.43,5729.265745 
52,36,1.42,5730.505058 
52,37,1.43,5729.151682 
52,38,1.44,5728.927214 
52,39,1.45,5729.254812 
52,40,1.44,5728.833570 
52,41,1.42,5729.425003 
52,42,1.43,5729.586093 
38,0,1.49,5728.296539 
38,1,1.41,5728.678352 
38,2,1.42,5729.308383 
38,3,1.41,5730.365062 
38,4,1.40,5731.317099 
38,5,1.41,5731.692385 
38,6,1.40,5731.678161 
38,7,1.47,5729.371795 
38,8,1.40,5731.712446 
38,9,1.40,5727.507570 
38,10,1.41,5731.533366 
38,11,1.42,5732.162931 
38,12,1.42,5731.334239 
38,13,1.40,5731.146431 
38,14,1.40,5730.971762 
38,15,1.41,5730.907586 
38,16,1.43,5723.572166 
38,17,1.42,5731.457142 
38,18,1.43,5731.091367 
38,19,1.41,5730.975773 
38,20,1.42,5731.870016 
38,21,1.43,5730.750433 
38,22,1.42,5730.023849 
38,23,1.42,5729.261372 
38,24,1.43,5730.111336 
38,25,1.43,5731.362320 
38,26,1.43,5730.781425 
38,27,1.43,5730.374176 
38,28,1.43,5730.956812 
38,29,1.42,5731.503460 
38,30,1.43,5731.022812 
38,31,1.43,5730.920713 
38,32,1.41,5731.619804 
38,33,1.41,5730.862372 
38,34,1.41,5718.436592 
38,35,1.40,5731.853602 
38,36,1.40,5731.633664 
38,37,1.40,5730.866018 
38,39,1.49,5728.274681 
38,40,1.49,5728.344263 
38,41,1.41,5731.534095 
38,42,1.41,5731.193473 
38,43,1.41,5731.761321 
26,0,1.50,5724.577249 
26,1,1.44,5728.480517 
26,2,1.43,5729.364142 
26,3,1.43,5727.734112 
26,4,1.44,5728.949077 
26,5,1.43,5729.308383 
26,6,1.43,5728.381058 
26,7,1.50,5726.676583 
26,8,1.42,5729.109411 
26,9,1.42,5728.916283 
26,10,1.42,5728.955636 
26,11,1.44,5728.909360 
26,12,1.43,5729.157149 
26,13,1.43,5729.719855 
26,14,1.45,5717.430398 
26,15,1.43,5729.783275 
26,16,1.44,5729.982294 
26,17,1.44,5729.603223 
26,18,1.46,5730.343188 
26,19,1.43,5729.589008 
26,20,1.45,5728.235337 
26,21,1.44,5729.616708 
26,22,1.45,5729.639305 
26,23,1.44,5729.973546 
26,24,1.46,5725.778864 
26,25,1.46,5730.129198 
26,27,1.53,5727.226420 
26,28,1.54,5726.728285 
26,29,1.44,5729.434843 
26,30,1.45,5729.575159 
26,31,1.45,5729.417714 
26,32,1.45,5729.658622 
26,33,1.44,5730.174036 
26,34,1.51,5727.284323 
26,35,1.44,5720.751601 
26,36,1.44,5728.730091 
26,37,1.44,5729.685229 
26,38,1.51,5726.674398 
26,39,1.45,5730.204658 
26,40,1.49,5705.160662 
26,41,1.49,5727.049805 
26,42,1.43,5730.269547 
26,43,1.51,5725.404351 
20,0,1.50,5727.548725 
20,1,1.43,5728.845776 
20,2,1.43,5728.507113 
20,3,1.43,5729.696346 
20,4,1.42,5729.259914 
20,5,1.43,5728.870189 
20,6,1.43,5729.331707 
20,7,1.50,5725.924642 
20,8,1.42,5729.972817 
20,9,1.43,5728.469587 
20,10,1.43,5728.719889 
20,11,1.44,5729.116699 
20,12,1.43,5729.047645 
20,13,1.43,5729.914860 
20,14,1.43,5729.709831 
20,15,1.43,5726.841705 
20,16,1.43,5728.625158 
20,17,1.43,5729.870208 
20,18,1.45,5729.165894 
20,19,1.43,5728.475781 
20,21,1.52,5726.704983 
20,22,1.44,5729.634567 
20,23,1.51,5722.537260 
20,24,1.54,5726.965325 
20,25,1.45,5729.869479 
20,26,1.52,5726.267005 
20,27,1.46,5729.015761 
20,28,1.51,5726.462685 
20,29,1.43,5730.624279 
20,30,1.45,5728.908267 
20,31,1.44,5729.358493 
20,32,1.43,5729.327880 
20,33,1.43,5729.593929 
20,34,1.50,5725.679316 
20,35,1.43,5729.296539 
20,36,1.51,5726.487623 
20,37,1.49,5727.220229 
20,38,1.44,5726.553339 
20,39,1.51,5726.556434 
20,40,1.43,5730.006353 
20,41,1.43,5730.020569 
20,42,1.43,5729.979014 
20,43,1.49,5726.578279 
4,0,1.50,5728.139165 
4,1,1.42,5731.198943 
4,2,1.41,5729.613428 
4,3,1.40,5730.955353 
4,5,1.49,5720.764318 
4,6,1.50,5726.418815 
4,7,1.48,5726.034026 
4,8,1.47,5729.309112 
4,9,1.42,5730.904304 
4,10,1.48,5724.225812 
4,11,1.42,5730.026766 
4,12,1.48,5727.572763 
4,13,1.49,5724.376786 
4,14,1.49,5724.444454 
4,15,1.41,5731.454224 
4,16,1.48,5727.714808 
4,17,1.41,5730.995829 
4,18,1.44,5730.413549 
4,19,1.41,5730.689908 
4,20,1.52,5726.205482 
4,21,1.49,5727.180900 
4,22,1.42,5730.508339 
4,23,1.49,5727.520681 
4,24,1.45,5728.942154 
4,25,1.44,5730.145967 
4,26,1.49,5727.318556 
4,27,1.44,5730.510892 
4,28,1.42,5730.786165 
4,29,1.42,5731.027917 
4,30,1.42,5730.860548 
4,31,1.50,5723.552527 
4,32,1.41,5722.804133 
4,33,1.42,5723.834771 
4,34,1.50,5725.081924 
4,35,1.41,5730.891177 
4,36,1.50,5724.754075 
4,37,1.46,5727.912590 
4,38,1.49,5721.184374 
4,39,1.50,5725.302451 
4,40,1.47,5723.694736 
4,41,1.46,5728.915919 
4,42,1.40,5731.534825 
4,43,1.41,5730.658552 
4,44,1.49,5729.112691 
2,0,1.50,5725.057907 
2,1,1.42,5731.151172 
2,3,1.41,5731.259114 
2,4,1.48,5728.956365 
2,5,1.42,5730.610789 
2,6,1.48,5722.440552 
2,7,1.48,5728.158107 
2,8,1.47,5722.671784 
2,9,1.43,5730.857996 
2,10,1.49,5728.636817 
2,11,1.43,5730.711055 
2,12,1.48,5727.860138 
2,13,1.48,5729.039082 
2,14,1.48,5727.138658 
2,15,1.41,5730.192263 
2,16,1.49,5727.341499 
2,17,1.42,5730.301628 
2,18,1.43,5602.121616 
2,19,1.42,5730.419018 
2,20,1.52,5727.962493 
2,21,1.51,5727.834277 
2,22,1.43,5729.992501 
2,23,1.53,5728.016404 
2,24,1.45,5730.102587 
2,25,1.43,5729.946936 
2,26,1.44,5730.409539 
2,27,1.50,5717.363258 
2,28,1.51,5726.880120 
2,29,1.42,5720.111826 
2,30,1.52,5727.632494 
2,31,1.52,5723.563438 
2,32,1.43,5730.537142 
2,33,1.43,5726.113018 
2,34,1.51,5727.832456 
2,35,1.42,5731.003121 
2,36,1.49,5728.237887 
2,37,1.48,5727.745039 
2,38,1.48,5727.584053 
2,39,1.49,5727.612826 
2,40,1.47,5726.921266 
2,41,1.47,5728.361021 
2,42,1.41,5731.509660 
2,43,1.48,5727.965772 
2,44,1.49,5727.891100 
8,0,1.50,5724.543049 
8,1,1.42,5729.572061 
8,2,1.42,5729.148585 
8,3,1.41,5730.134848 
8,4,1.40,5731.110329 
8,5,1.41,5727.656714 
8,6,1.40,5728.880392 
8,7,1.46,5727.645059 
8,9,1.47,5713.548511 
8,10,1.50,5720.226437 
8,11,1.40,5731.287559 
8,12,1.48,5724.111768 
8,13,1.42,5730.874769 
8,14,1.51,5725.400166 
8,15,1.41,5731.636582 
8,16,1.50,5727.141207 
8,17,1.41,5725.152520 
8,18,1.44,5730.990723 
8,19,1.41,5730.700117 
8,20,1.50,5727.767804 
8,21,1.43,5730.783066 
8,22,1.42,5731.353932 
8,23,1.43,5727.420527 
8,24,1.51,5727.403228 
8,25,1.42,5731.985282 
8,26,1.51,5721.089347 
8,27,1.44,5731.019713 
8,28,1.43,5730.465137 
8,29,1.41,5731.036851 
8,30,1.42,5730.083996 
8,31,1.42,5731.303059 
8,32,1.47,5727.346051 
8,33,1.50,5728.368489 
8,34,1.49,5728.191622 
8,35,1.40,5731.489418 
8,36,1.47,5727.825535 
8,37,1.41,5731.260026 
8,38,1.48,5727.787290 
8,39,1.43,5731.569473 
8,40,1.48,5728.950717 
8,41,1.48,5728.636088 
8,42,1.42,5727.918783 
8,43,1.43,5730.984342 
8,44,1.50,5726.916714 
32,0,1.41,5726.434469 
32,1,1.48,5726.816763 
32,2,1.50,5726.273921 
32,3,1.48,5727.707523 
32,4,1.50,5723.228489 
32,5,1.47,5726.744306 
32,6,1.48,5727.230426 
32,7,1.58,5723.706375 
32,8,1.48,5727.426718 
32,9,1.48,5727.537070 
32,10,1.49,5727.214039 
32,11,1.49,5726.036574 
32,12,1.49,5727.971236 
32,13,1.50,5725.991073 
32,14,1.49,5727.876530 
32,15,1.49,5725.805070 
32,16,1.49,5726.102826 
32,17,1.49,5726.520390 
32,18,1.52,5726.686049 
32,19,1.49,5727.198380 
32,20,1.51,5725.580137 
32,21,1.51,5726.141412 
32,22,1.50,5727.357159 
32,23,1.51,5726.694788 
32,24,1.51,5726.694788 
32,25,1.50,5726.499274 
32,26,1.51,5726.159978 
32,27,1.50,5727.203114 
32,28,1.49,5726.672214 
32,29,1.49,5726.535317 
32,30,1.50,5725.072827 
32,31,1.49,5727.704974 
32,33,1.49,5726.055139 
32,34,1.56,5723.119758 
32,35,1.42,5729.788014 
32,36,1.48,5726.604129 
32,37,1.50,5722.923034 
32,38,1.43,5728.379601 
32,39,1.43,5730.235644 
32,40,1.48,5726.595391 
32,41,1.47,5726.551701 
32,42,1.41,5730.367249 
32,43,1.42,5729.915589 
48,0,1.50,5726.554249 
48,1,1.43,5729.809883 
48,2,1.44,5729.424274 
48,3,1.42,5729.913037 
48,4,1.42,5729.443590 
48,5,1.42,5730.428497 
48,6,1.42,5729.654249 
48,7,1.48,5726.857544 
48,8,1.43,5729.321867 
48,9,1.42,5731.058913 
48,10,1.44,5730.018746 
48,11,1.43,5729.556571 
48,12,1.43,5729.795668 
48,13,1.43,5730.449642 
48,14,1.43,5730.252414 
48,15,1.43,5729.412977 
48,16,1.43,5729.499716 
48,17,1.43,5729.071149 
48,18,1.45,5729.852894 
48,19,1.43,5730.040253 
48,20,1.44,5729.262830 
48,21,1.45,5729.760677 
48,22,1.44,5729.269389 
48,23,1.44,5721.596497 
48,24,1.45,5729.710743 
48,25,1.44,5730.156538 
48,26,1.44,5729.831753 
48,27,1.44,5729.133826 
48,28,1.44,5728.458658 
48,29,1.43,5729.862371 
48,30,1.44,5729.424274 
48,31,1.44,5729.511743 
48,32,1.43,5729.324783 
48,33,1.42,5730.117533 
48,34,1.43,5728.986609 
48,35,1.43,5729.504089 
48,36,1.43,5730.279755 
48,37,1.42,5729.729331 
48,38,1.42,5729.516481 
48,39,1.43,5729.837221 
48,40,1.42,5729.212175 
48,41,1.41,5729.128360 
48,42,1.42,5729.835763 
14,0,1.49,5725.897342 
14,1,1.42,5728.892780 
14,2,1.42,5730.296160 
14,3,1.41,5729.691790 
14,4,1.42,5730.113888 
14,5,1.42,5730.089464 
14,6,1.41,5730.629748 
14,7,1.51,5727.554916 
14,8,1.42,5722.565437 
14,9,1.41,5730.254601 
14,10,1.41,5726.378222 
14,11,1.41,5730.015830 
14,12,1.41,5722.108099 
14,13,1.41,5729.922697 
14,15,1.42,5729.241875 
14,16,1.43,5730.754991 
14,17,1.42,5729.582266 
14,18,1.45,5730.014190 
14,19,1.43,5730.766841 
14,20,1.50,5726.455585 
14,21,1.44,5729.707462 
14,22,1.43,5729.540717 
14,23,1.44,5722.979395 
14,24,1.53,5726.261726 
14,25,1.43,5721.140040 
14,26,1.52,5721.514904 
14,27,1.44,5730.264808 
14,28,1.50,5727.572945 
14,29,1.42,5728.491447 
14,30,1.42,5729.806238 
14,31,1.43,5730.036243 
14,32,1.42,5729.752841 
14,33,1.42,5726.079528 
14,34,1.43,5730.410451 
14,35,1.42,5730.177135 
14,36,1.48,5727.084945 
14,37,1.47,5727.606634 
14,38,1.50,5726.364206 
14,39,1.44,5726.285935 
14,40,1.49,5727.891282 
14,41,1.42,5729.826468 
14,42,1.41,5729.462541 
14,43,1.43,5719.267912 
16,0,1.52,5726.070974 
16,1,1.43,5730.593653 
16,2,1.44,5730.018928 
16,3,1.41,5730.718894 
16,4,1.42,5723.557982 
16,5,1.41,5724.023555 
16,6,1.42,5730.711784 
16,7,1.48,5727.298526 
16,8,1.42,5714.500588 
16,9,1.41,5731.563090 
16,10,1.42,5725.966138 
16,11,1.42,5723.714923 
16,12,1.41,5731.448754 
16,13,1.43,5722.833221 
16,14,1.42,5730.493392 
16,15,1.43,5729.627642 
16,17,1.43,5730.739312 
16,18,1.45,5730.342277 
16,19,1.42,5730.974132 
16,20,1.50,5728.114211 
16,21,1.45,5722.011951 
16,22,1.44,5730.528756 
16,23,1.50,5727.508116 
16,24,1.53,5714.775413 
16,25,1.45,5729.849249 
16,26,1.53,5726.648730 
16,27,1.45,5729.099390 
16,28,1.50,5727.666184 
16,29,1.44,5729.751383 
16,30,1.44,5728.631352 
16,31,1.45,5728.052467 
16,32,1.42,5730.800385 
16,33,1.43,5726.709534 
16,34,1.43,5729.752841 
16,35,1.42,5730.812053 
16,36,1.49,5721.102793 
16,37,1.48,5727.584053 
16,38,1.43,5726.397699 
16,39,1.50,5728.261384 
16,40,1.43,5730.676599 
16,41,1.48,5728.320036 
16,42,1.42,5729.784187 
16,43,1.43,5720.160140 
44,0,1.48,5725.273702 
44,1,1.43,5730.337720 
44,2,1.43,5730.381467 
44,3,1.42,5722.250055 
44,4,1.40,5731.266408 
44,5,1.42,5730.568496 
44,6,1.43,5731.100484 
44,7,1.48,5728.385794 
44,8,1.42,5731.654818 
44,9,1.40,5731.600109 
44,10,1.41,5730.710326 
44,11,1.41,5731.488142 
44,12,1.42,5730.560840 
44,13,1.42,5731.003851 
44,14,1.44,5731.429060 
44,15,1.42,5730.934204 
44,16,1.43,5730.098577 
44,17,1.43,5730.698658 
44,18,1.44,5731.259114 
44,19,1.42,5731.729224 
44,20,1.43,5730.870758 
44,21,1.42,5730.750797 
44,22,1.43,5730.617716 
44,23,1.44,5730.766111 
44,24,1.44,5731.279901 
44,25,1.44,5731.328039 
44,26,1.45,5730.673500 
44,27,1.43,5730.672042 
44,28,1.43,5730.939674 
44,29,1.43,5731.756579 
44,30,1.44,5731.063289 
44,31,1.45,5731.375814 
44,32,1.42,5731.226294 
44,33,1.42,5730.893365 
44,34,1.43,5730.028224 
44,35,1.41,5731.632570 
44,36,1.41,5731.813115 
44,37,1.41,5731.612510 
44,38,1.42,5731.353203 
44,39,1.43,5731.806549 
44,40,1.42,5731.235046 
44,41,1.42,5731.191650 
44,42,1.42,5731.276619 
36,0,1.49,5726.675855 
36,1,1.42,5728.538445 
36,2,1.42,5728.628437 
36,3,1.41,5728.197815 
36,4,1.41,5729.453066 
36,5,1.40,5729.487689 
36,6,1.40,5725.323559 
36,7,1.48,5726.291032 
36,8,1.40,5729.230761 
36,9,1.41,5729.083174 
36,10,1.41,5721.851650 
36,11,1.42,5729.731883 
36,12,1.40,5729.723864 
36,13,1.41,5728.087801 
36,14,1.42,5729.080623 
36,15,1.42,5728.793125 
36,16,1.44,5720.294552 
36,17,1.43,5727.347690 
36,18,1.44,5720.866782 
36,19,1.42,5729.862371 
36,20,1.42,5718.574553 
36,21,1.43,5724.099218 
36,22,1.42,5729.642585 
36,23,1.42,5729.685594 
36,24,1.44,5726.830964 
36,25,1.43,5728.820817 
36,26,1.44,5721.658284 
36,27,1.44,5727.248270 
36,28,1.42,5729.148767 
36,29,1.43,5725.955036 
36,30,1.44,5719.519771 
36,31,1.42,5728.411660 
36,32,1.42,5727.005744 
36,33,1.41,5729.937459 
36,34,1.41,5730.044992 
36,35,1.41,5728.905352 
36,37,1.47,5726.526579 
36,38,1.50,5726.639809 
36,39,1.43,5729.459261 
36,40,1.49,5722.164989 
36,41,1.42,5729.624362 
36,42,1.40,5728.557755 
36,43,1.42,5727.388478 
50,0,1.42,5730.444174 
50,1,1.42,5731.563637 
50,2,1.42,5730.220333 
50,3,1.42,5731.852143 
50,4,1.43,5731.757309 
50,5,1.43,5731.111059 
50,6,1.42,5731.858344 
50,7,1.50,5728.410932 
50,8,1.42,5731.617251 
50,9,1.44,5730.247674 
50,10,1.42,5730.758090 
50,11,1.43,5731.405719 
50,12,1.42,5731.592815 
50,13,1.42,5731.173052 
50,14,1.43,5731.171593 
50,15,1.43,5731.198943 
50,16,1.44,5728.436434 
50,17,1.43,5732.184453 
50,18,1.45,5731.137314 
50,19,1.43,5731.733601 
50,20,1.44,5731.261302 
50,21,1.44,5730.784707 
50,22,1.45,5730.421570 
50,23,1.44,5730.939674 
50,24,1.46,5730.203200 
50,25,1.44,5730.970303 
50,26,1.44,5730.808042 
50,27,1.44,5731.016613 
50,28,1.45,5730.491933 
50,29,1.43,5731.705881 
50,30,1.44,5730.242206 
50,31,1.45,5731.738707 
50,32,1.43,5731.077510 
50,33,1.43,5731.719741 
50,34,1.43,5730.677511 
50,35,1.42,5727.457310 
50,36,1.42,5731.333510 
50,37,1.43,5731.988564 
50,38,1.42,5731.746366 
50,39,1.43,5731.198943 
50,40,1.42,5731.078969 
50,41,1.42,5732.150528 
50,42,1.42,5731.772263 
42,0,1.41,5730.217052 
42,1,1.41,5730.993823 
42,2,1.41,5730.577064 
42,3,1.41,5731.098660 
42,4,1.41,5730.455111 
42,5,1.41,5727.308723 
42,6,1.42,5730.637587 
42,7,1.49,5727.480073 
42,8,1.41,5730.521647 
42,9,1.42,5731.193473 
42,10,1.41,5730.905216 
42,11,1.41,5731.913970 
42,12,1.42,5730.621909 
42,13,1.41,5730.682980 
42,14,1.41,5730.736942 
42,15,1.41,5730.565397 
42,16,1.42,5729.888251 
42,17,1.41,5731.426142 
42,18,1.43,5730.765017 
42,19,1.42,5730.881697 
42,20,1.43,5729.992501 
42,21,1.42,5730.971033 
42,22,1.43,5730.213042 
42,23,1.44,5729.494431 
42,24,1.44,5729.703453 
42,25,1.42,5730.224890 
42,26,1.43,5730.423757 
42,27,1.43,5728.931951 
42,28,1.43,5730.140316 
42,29,1.42,5731.267867 
42,30,1.42,5730.357224 
42,31,1.42,5727.849029 
42,32,1.41,5730.966292 
42,33,1.42,5729.907205 
42,34,1.42,5730.920166 
42,35,1.41,5730.333709 
42,36,1.40,5730.466048 
42,37,1.41,5730.796557 
42,38,1.40,5728.616413 
42,39,1.41,5731.243616 
42,40,1.41,5727.645788 
42,41,1.40,5731.210613 
42,43,1.47,5727.666002 
6,0,1.51,5726.751952 
6,1,1.42,5728.432062 
6,2,1.41,5729.763593 
6,3,1.40,5730.163829 
6,4,1.40,5730.068321 
6,5,1.39,5730.534225 
6,7,1.49,5728.616049 
6,8,1.47,5727.456582 
6,9,1.41,5725.976876 
6,10,1.48,5727.888914 
6,11,1.41,5729.613428 
6,12,1.48,5727.627030 
6,13,1.41,5726.797829 
6,14,1.48,5727.280681 
6,15,1.40,5730.020569 
6,16,1.48,5725.931012 
6,17,1.42,5730.721264 
6,18,1.43,5729.690332 
6,19,1.42,5730.275745 
6,20,1.51,5725.468040 
6,21,1.43,5729.157149 
6,22,1.42,5729.896634 
6,23,1.51,5724.736974 
6,24,1.44,5729.508463 
6,25,1.43,5729.576981 
6,26,1.49,5726.095909 
6,27,1.43,5729.251897 
6,28,1.42,5729.559851 
6,29,1.42,5729.641856 
6,30,1.50,5727.581504 
6,31,1.52,5726.027110 
6,32,1.43,5717.637270 
6,33,1.49,5718.314247 
6,34,1.50,5727.028685 
6,35,1.40,5730.007082 
6,36,1.49,5727.281046 
6,37,1.42,5730.476985 
6,38,1.49,5726.984260 
6,39,1.51,5728.682725 
6,40,1.49,5727.070926 
6,41,1.47,5727.745039 
6,42,1.41,5730.122637 
6,43,1.41,5730.808407 
6,44,1.51,5723.514338 
34,0,1.49,5725.021154 
34,1,1.43,5728.117308 
34,2,1.42,5728.990618 
34,3,1.42,5729.321503 
34,4,1.41,5729.463270 
34,5,1.42,5730.799656 
34,6,1.41,5729.596298 
34,7,1.48,5726.610318 
34,8,1.42,5730.373811 
34,9,1.42,5730.020569 
34,10,1.41,5730.147060 
34,11,1.41,5729.998698 
34,12,1.42,5729.888251 
34,13,1.41,5730.157632 
34,14,1.42,5729.412977 
34,15,1.42,5729.954591 
34,16,1.43,5728.746487 
34,17,1.42,5729.468737 
34,18,1.44,5730.261527 
34,19,1.43,5730.262256 
34,20,1.44,5728.006569 
34,21,1.45,5730.504694 
34,22,1.43,5729.408239 
34,23,1.45,5730.276474 
34,24,1.45,5728.754138 
34,25,1.44,5729.199421 
34,26,1.44,5728.987338 
34,27,1.44,5729.144759 
34,28,1.44,5729.414070 
34,29,1.42,5729.534339 
34,30,1.43,5728.717702 
34,31,1.42,5729.888251 
34,32,1.42,5729.392568 
34,33,1.42,5729.176827 
34,35,1.42,5729.700537 
34,36,1.51,5724.952381 
34,37,1.42,5730.111336 
34,38,1.47,5726.272465 
34,39,1.44,5728.554112 
34,40,1.49,5727.261744 
34,41,1.43,5729.474204 
34,42,1.41,5729.360497 
34,43,1.42,5729.537619 
22,0,1.44,5729.165166 
22,1,1.43,5731.185633 
22,2,1.43,5730.365791 
22,3,1.42,5730.336808 
22,4,1.42,5730.592924 
22,5,1.42,5730.491933 
22,6,1.42,5730.188071 
22,7,1.48,5727.986717 
22,8,1.42,5730.556100 
22,9,1.42,5730.591283 
22,10,1.44,5730.501230 
22,11,1.42,5729.495342 
22,12,1.43,5730.909227 
22,13,1.44,5730.071420 
22,14,1.43,5730.187160 
22,15,1.43,5730.234186 
22,16,1.44,5730.767387 
22,17,1.43,5730.946784 
22,18,1.45,5729.722406 
22,19,1.43,5730.336808 
22,20,1.44,5728.970212 
22,21,1.44,5730.500319 
22,23,1.52,5726.632346 
22,24,1.52,5726.561895 
22,25,1.44,5728.892780 
22,26,1.52,5727.011388 
22,27,1.45,5729.557118 
22,28,1.52,5726.851172 
22,29,1.43,5730.092563 
22,30,1.44,5729.941469 
22,31,1.45,5729.127631 
22,32,1.43,5730.624826 
22,33,1.43,5729.669010 
22,34,1.52,5725.648925 
22,35,1.43,5730.835571 
22,36,1.51,5727.206937 
22,37,1.43,5730.690090 
22,38,1.49,5727.726281 
22,39,1.50,5724.959476 
22,40,1.43,5729.121254 
22,41,1.44,5730.401883 
22,42,1.43,5730.240566 
22,43,1.51,5725.457304 
24,0,1.51,5726.185096 
24,1,1.44,5729.536890 
24,2,1.44,5729.631287 
24,3,1.43,5729.763229 
24,4,1.43,5730.277932 
24,5,1.43,5730.543704 
24,6,1.43,5730.483548 
24,7,1.50,5727.276675 
24,8,1.43,5730.589643 
24,9,1.43,5729.786556 
24,10,1.43,5729.911579 
24,11,1.44,5729.692883 
24,12,1.43,5730.430684 
24,13,1.43,5729.420994 
24,14,1.44,5729.601765 
24,15,1.44,5729.122165 
24,16,1.44,5727.952294 
24,17,1.44,5729.062403 
24,18,1.46,5729.536161 
24,19,1.44,5730.539694 
24,20,1.45,5730.203929 
24,21,1.46,5727.680206 
24,22,1.45,5728.554840 
24,23,1.44,5727.240623 
24,25,1.46,5729.490604 
24,26,1.54,5723.309586 
24,27,1.47,5728.918834 
24,28,1.53,5725.999809 
24,29,1.45,5730.198096 
24,30,1.44,5729.371795 
24,31,1.46,5717.329145 
24,32,1.44,5730.170026 
24,33,1.45,5726.502550 
24,34,1.45,5729.183022 
24,35,1.43,5729.845240 
24,36,1.50,5725.926280 
24,37,1.44,5728.153372 
24,38,1.50,5727.708616 
24,39,1.45,5729.375439 
24,40,1.51,5724.042107 
24,41,1.43,5730.831378 
24,42,1.43,5729.786556 
24,43,1.51,5727.372819 
54,0,1.51,5725.680226 
54,1,1.43,5730.774497 
54,2,1.44,5729.619259 
54,3,1.43,5730.677146 
54,4,1.42,5730.822992 
54,5,1.44,5729.876587 
54,6,1.43,5730.451830 
54,7,1.50,5722.677602 
54,8,1.43,5729.108682 
54,9,1.42,5730.915608 
54,10,1.43,5728.064488 
54,11,1.44,5729.119614 
54,12,1.44,5729.805874 
54,13,1.44,5730.287775 
54,14,1.43,5730.321679 
54,15,1.43,5729.790930 
54,16,1.45,5729.546002 
54,17,1.44,5730.555371 
54,18,1.45,5730.001249 
54,19,1.44,5730.070509 
54,20,1.45,5730.500683 
54,21,1.46,5728.893691 
54,22,1.45,5729.369608 
54,23,1.45,5729.099208 
54,24,1.46,5729.376533 
54,25,1.45,5729.328791 
54,26,1.45,5730.002707 
54,27,1.45,5729.466186 
54,28,1.44,5729.633109 
54,29,1.44,5729.867839 
54,30,1.45,5729.917047 
54,31,1.45,5730.332251 
54,32,1.43,5730.357041 
54,33,1.44,5730.002343 
54,34,1.44,5729.256635 
54,35,1.43,5730.525475 
54,36,1.43,5730.671313 
54,37,1.44,5730.536412 
54,38,1.43,5729.732612 
54,39,1.44,5731.153724 
54,40,1.43,5730.575059 
54,41,1.43,5729.062768 
54,42,1.44,5730.122272 
28,0,1.52,5723.906063 
28,1,1.43,5728.443720 
28,2,1.43,5728.859805 
28,3,1.42,5729.627642 
28,4,1.42,5730.155445 
28,5,1.43,5730.371259 
28,6,1.42,5730.488652 
28,7,1.49,5726.302317 
28,8,1.43,5729.035438 
28,9,1.41,5730.103316 
28,10,1.43,5730.178775 
28,11,1.42,5729.070420 
28,12,1.42,5729.885335 
28,13,1.42,5729.472017 
28,14,1.44,5729.904653 
28,15,1.42,5730.086183 
28,16,1.44,5729.667734 
28,17,1.42,5730.594382 
28,18,1.44,5730.674959 
28,19,1.42,5729.012481 
28,20,1.44,5725.492425 
28,21,1.44,5729.249711 
28,22,1.44,5729.808425 
28,23,1.45,5726.422819 
28,24,1.45,5727.980706 
28,25,1.44,5729.861642 
28,26,1.44,5729.180835 
28,27,1.44,5728.896606 
28,29,1.44,5729.567141 
28,30,1.44,5730.196638 
28,31,1.44,5730.223979 
28,32,1.43,5729.717668 
28,33,1.44,5726.974065 
28,34,1.45,5729.163344 
28,35,1.43,5729.751929 
28,36,1.54,5721.854922 
28,37,1.43,5729.511014 
28,38,1.51,5726.704983 
28,39,1.44,5729.864923 
28,40,1.49,5721.490735 
28,41,1.50,5724.816294 
28,42,1.42,5729.735163 
28,43,1.42,5730.220333 
30,0,1.44,5728.063395 
30,1,1.43,5729.767238 
30,2,1.44,5729.528872 
30,3,1.43,5729.360133 
30,4,1.41,5730.962281 
30,5,1.43,5729.262830 
30,6,1.42,5728.363935 
30,7,1.49,5726.948939 
30,8,1.42,5728.810615 
30,9,1.41,5728.625158 
30,10,1.42,5729.876587 
30,11,1.42,5730.862372 
30,12,1.43,5728.639367 
30,13,1.43,5727.858681 
30,14,1.42,5727.180536 
30,15,1.42,5730.137947 
30,16,1.44,5728.358471 
30,17,1.42,5729.271576 
30,18,1.44,5727.938452 
30,19,1.43,5729.014667 
30,20,1.44,5728.380329 
30,21,1.45,5729.180107 
30,22,1.44,5729.037260 
30,23,1.44,5729.683407 
30,24,1.44,5729.186302 
30,25,1.43,5728.717702 
30,26,1.45,5729.130547 
30,27,1.44,5724.809381 
30,28,1.44,5727.753781 
30,29,1.43,5729.282144 
30,31,1.51,5726.395151 
30,32,1.43,5729.017218 
30,33,1.42,5729.829566 
30,34,1.50,5721.219624 
30,35,1.43,5728.546096 
30,36,1.49,5727.625938 
30,37,1.48,5726.251351 
30,38,1.50,5726.388234 
30,39,1.45,5720.425337 
30,40,1.49,5726.428280 
30,41,1.48,5726.612139 
30,42,1.42,5729.142208 
30,43,1.43,5729.568963 
53,0,1.48,5725.809074 
53,1,1.45,5729.344098 
53,2,1.43,5729.416257 
53,3,1.43,5730.913055 
53,4,1.45,5730.043169 
53,5,1.42,5731.893361 
53,6,1.42,5731.049432 
53,7,1.51,5721.682636 
53,8,1.43,5730.323502 
53,9,1.41,5731.693844 
53,10,1.42,5730.743141 
53,11,1.43,5731.817492 
53,12,1.44,5730.822263 
53,13,1.42,5730.334439 
53,14,1.44,5729.452337 
53,15,1.43,5729.992501 
53,16,1.45,5729.976827 
53,17,1.43,5729.149496 
53,18,1.47,5729.657529 
53,19,1.43,5730.702304 
53,20,1.46,5729.829566 
53,21,1.44,5718.121846 
53,22,1.45,5728.715152 
53,23,1.44,5729.435208 
53,24,1.45,5729.958601 
53,25,1.45,5728.055745 
53,26,1.46,5729.214362 
53,27,1.45,5729.757397 
53,28,1.45,5728.925392 
53,29,1.44,5730.344646 
53,30,1.44,5730.415372 
53,31,1.45,5729.853988 
53,32,1.43,5730.382196 
53,33,1.44,5731.204413 
53,34,1.43,5729.209260 
53,35,1.43,5729.984481 
53,36,1.42,5730.825544 
53,37,1.42,5729.133098 
53,38,1.44,5730.339178 
53,39,1.44,5729.706733 
53,40,1.44,5730.661468 
53,41,1.43,5730.387665 
53,42,1.44,5730.356312 
31,0,1.50,5725.898980 
31,1,1.43,5729.150225 
31,2,1.45,5728.514764 
31,3,1.42,5731.568743 
31,4,1.43,5732.055683 
31,5,1.41,5732.530301 
31,6,1.42,5731.759497 
31,7,1.48,5728.507113 
31,8,1.42,5732.205612 
31,9,1.42,5731.717552 
31,10,1.42,5731.350650 
31,11,1.43,5731.735424 
31,12,1.42,5731.311629 
31,13,1.42,5731.119081 
31,14,1.43,5731.364144 
31,15,1.42,5731.936767 
31,16,1.43,5732.039268 
31,17,1.42,5731.112882 
31,18,1.45,5731.558531 
31,19,1.42,5731.366332 
31,20,1.43,5731.080792 
31,21,1.45,5730.875498 
31,22,1.44,5731.254009 
31,23,1.43,5731.445471 
31,24,1.44,5730.743141 
31,25,1.44,5731.524613 
31,26,1.45,5731.632205 
31,27,1.44,5730.711784 
31,28,1.44,5727.421255 
31,29,1.44,5731.256926 
31,30,1.43,5731.340804 
31,32,1.43,5730.428497 
31,33,1.43,5730.559382 
31,34,1.49,5728.520229 
31,35,1.43,5730.755902 
31,36,1.43,5730.928005 
31,37,1.42,5731.527166 
31,38,1.50,5728.567592 
31,39,1.49,5728.751223 
31,40,1.43,5726.463959 
31,41,1.43,5730.620269 
31,42,1.42,5731.921812 
31,43,1.48,5724.588891 
35,0,1.42,5729.279593 
35,1,1.41,5729.626184 
35,2,1.43,5730.140134 
35,3,1.40,5730.514537 
35,4,1.41,5730.329699 
35,5,1.41,5726.423548 
35,6,1.40,5730.699387 
35,7,1.46,5727.612098 
35,8,1.40,5730.227989 
35,9,1.40,5730.425216 
35,10,1.41,5730.857267 
35,11,1.41,5729.931992 
35,12,1.42,5730.626467 
35,13,1.41,5730.560840 
35,14,1.43,5730.082174 
35,15,1.41,5730.008904 
35,16,1.42,5729.841959 
35,17,1.42,5730.488652 
35,18,1.43,5730.798927 
35,19,1.41,5730.497402 
35,20,1.43,5730.199554 
35,21,1.44,5729.860184 
35,22,1.43,5728.784745 
35,23,1.44,5728.685275 
35,24,1.43,5729.152776 
35,25,1.43,5729.980472 
35,26,1.44,5729.410790 
35,27,1.43,5730.356312 
35,28,1.43,5730.084725 
35,29,1.42,5731.101213 
35,30,1.42,5730.040253 
35,31,1.42,5730.758090 
35,32,1.41,5729.414799 
35,33,1.41,5730.532402 
35,34,1.41,5728.030611 
35,36,1.48,5727.166333 
35,37,1.49,5727.629216 
35,38,1.51,5727.585510 
35,39,1.49,5727.461317 
35,40,1.41,5730.044992 
35,41,1.48,5727.370633 
35,42,1.41,5729.778537 
35,43,1.48,5727.597165 
33,0,1.42,5729.528143 
33,1,1.41,5730.273558 
33,2,1.44,5729.943291 
33,3,1.41,5731.146796 
33,4,1.43,5730.023120 
33,5,1.40,5731.188732 
33,6,1.42,5730.755173 
33,7,1.48,5727.963951 
33,8,1.41,5731.035210 
33,9,1.40,5731.446565 
33,10,1.41,5731.096472 
33,11,1.41,5730.555006 
33,12,1.42,5730.336626 
33,13,1.41,5730.809136 
33,14,1.42,5730.724181 
33,15,1.41,5729.723135 
33,16,1.42,5730.324231 
33,17,1.40,5731.411189 
33,18,1.44,5729.277771 
33,19,1.41,5729.946207 
33,20,1.42,5729.675388 
33,21,1.43,5730.571778 
33,22,1.43,5730.783613 
33,23,1.42,5730.925818 
33,24,1.44,5729.509191 
33,25,1.43,5730.296889 
33,26,1.43,5728.036075 
33,27,1.43,5729.599213 
33,28,1.42,5730.308555 
33,29,1.42,5729.244973 
33,30,1.43,5730.205387 
33,31,1.42,5727.817158 
33,32,1.42,5729.283966 
33,34,1.48,5726.873201 
33,35,1.41,5731.209883 
33,36,1.42,5730.905398 
33,37,1.46,5727.908584 
33,38,1.48,5727.491181 
33,39,1.49,5727.145212 
33,40,1.43,5730.160548 
33,41,1.50,5726.542235 
33,42,1.42,5731.159194 
33,43,1.48,5727.958122 
55,0,1.50,5723.708921 
55,1,1.44,5730.302357 
55,2,1.44,5730.423028 
55,3,1.43,5729.758126 
55,4,1.42,5730.137947 
55,5,1.44,5730.630477 
55,6,1.43,5730.048637 
55,7,1.50,5723.093212 
55,8,1.43,5729.552562 
55,9,1.43,5730.854350 
55,10,1.42,5730.923265 
55,11,1.43,5730.764288 
55,12,1.44,5730.756631 
55,13,1.43,5729.504089 
55,14,1.43,5731.205872 
55,15,1.42,5729.244609 
55,16,1.45,5730.732931 
55,17,1.43,5730.292150 
55,18,1.45,5729.723864 
55,19,1.44,5730.385478 
55,20,1.44,5730.484277 
55,21,1.44,5730.171484 
55,22,1.44,5724.129774 
55,23,1.44,5729.582448 
55,24,1.45,5729.650968 
55,25,1.44,5731.028282 
55,26,1.44,5729.717668 
55,27,1.45,5729.468737 
55,28,1.44,5730.319856 
55,29,1.44,5730.090193 
55,30,1.44,5729.807696 
55,31,1.44,5727.566571 
55,32,1.44,5729.521219 
55,33,1.43,5730.961917 
55,34,1.44,5728.010940 
55,35,1.43,5730.887896 
55,36,1.42,5730.362510 
55,37,1.42,5730.672042 
55,38,1.42,5730.837212 
55,39,1.44,5728.892598 
55,40,1.44,5730.512350 
55,41,1.43,5730.478444 
55,42,1.43,5730.405164 
37,0,1.46,5725.662028 
37,1,1.41,5730.924724 
37,2,1.41,5729.939282 
37,3,1.41,5730.336991 
37,4,1.41,5730.700846 
37,5,1.40,5730.996922 
37,6,1.41,5730.453288 
37,7,1.47,5727.619382 
37,8,1.39,5731.275525 
37,9,1.39,5730.456569 
37,10,1.41,5730.862372 
37,11,1.41,5730.297254 
37,12,1.45,5730.626467 
37,13,1.39,5731.228117 
37,14,1.42,5730.638134 
37,15,1.42,5729.825921 
37,16,1.41,5730.089464 
37,17,1.42,5731.010414 
37,18,1.43,5729.618530 
37,19,1.42,5731.599015 
37,20,1.42,5731.394778 
37,21,1.41,5730.320221 
37,22,1.42,5731.382014 
37,23,1.42,5729.662996 
37,24,1.44,5726.750495 
37,25,1.42,5730.367249 
37,26,1.44,5728.164300 
37,27,1.42,5730.195909 
37,28,1.44,5726.003813 
37,29,1.42,5730.653083 
37,30,1.43,5730.533860 
37,31,1.42,5728.102008 
37,32,1.41,5729.852894 
37,33,1.40,5730.753350 
37,34,1.42,5730.992911 
37,35,1.40,5730.705586 
37,36,1.40,5730.835025 
37,38,1.49,5727.076388 
37,39,1.48,5727.298526 
37,40,1.41,5731.245257 
37,41,1.48,5727.786562 
37,42,1.40,5731.142784 
37,43,1.47,5728.586173 
47,0,1.43,5729.758855 
47,1,1.41,5730.670219 
47,2,1.43,5730.232728 
47,3,1.41,5730.352667 
47,4,1.40,5731.535554 
47,5,1.40,5731.380555 
47,6,1.42,5731.158100 
47,7,1.49,5727.580775 
47,8,1.41,5731.234316 
47,9,1.41,5731.418119 
47,10,1.41,5730.278297 
47,11,1.42,5729.958601 
47,12,1.42,5730.743141 
47,13,1.41,5731.472459 
47,14,1.41,5730.254601 
47,15,1.41,5731.045785 
47,16,1.43,5730.303816 
47,17,1.41,5731.112882 
47,18,1.44,5730.654541 
47,19,1.42,5730.043169 
47,20,1.43,5730.852162 
47,21,1.43,5730.287411 
47,22,1.43,5730.559746 
47,23,1.43,5731.024271 
47,24,1.43,5730.200648 
47,25,1.43,5730.331158 
47,26,1.44,5730.572507 
47,27,1.43,5730.848151 
47,28,1.43,5729.924337 
47,29,1.42,5722.346756 
47,30,1.43,5722.726323 
47,31,1.42,5722.403106 
47,32,1.42,5729.909392 
47,33,1.41,5731.372896 
47,34,1.42,5730.335168 
47,35,1.41,5731.707704 
47,36,1.41,5731.004580 
47,37,1.40,5731.265679 
47,38,1.41,5731.593544 
47,39,1.42,5730.971762 
47,40,1.41,5723.019758 
47,41,1.40,5731.881688 
47,42,1.41,5731.415566 
23,0,1.49,5721.500003 
23,1,1.44,5728.850513 
23,2,1.43,5730.433236 
23,3,1.43,5730.741500 
23,4,1.42,5731.035210 
23,5,1.42,5731.698586 
23,6,1.43,5731.849772 
23,7,1.51,5728.445906 
23,8,1.43,5731.885883 
23,9,1.42,5730.721993 
23,10,1.43,5730.839582 
23,11,1.44,5731.723023 
23,12,1.45,5730.379098 
23,13,1.43,5731.513124 
23,14,1.45,5729.574430 
23,15,1.42,5730.912326 
23,16,1.45,5730.659463 
23,17,1.44,5720.913111 
23,18,1.45,5731.023542 
23,19,1.43,5731.231034 
23,20,1.45,5729.496982 
23,21,1.44,5730.763559 
23,22,1.44,5730.647796 
23,24,1.54,5727.268846 
23,25,1.45,5730.362510 
23,26,1.45,5730.190441 
23,27,1.53,5727.006837 
23,28,1.45,5730.496673 
23,29,1.44,5731.160471 
23,30,1.43,5730.480814 
23,31,1.51,5728.205829 
23,32,1.43,5730.664021 
23,33,1.43,5730.605320 
23,34,1.50,5727.529968 
23,35,1.42,5731.377455 
23,36,1.43,5731.043962 
23,37,1.49,5728.197997 
23,38,1.44,5727.763797 
23,39,1.50,5719.322568 
23,40,1.52,5727.619928 
23,41,1.49,5728.197997 
23,42,1.43,5731.155912 
23,43,1.43,5731.513854 
39,0,1.48,5726.258632 
39,1,1.42,5731.924730 
39,2,1.43,5731.505283 
39,3,1.42,5732.112954 
39,4,1.41,5732.357737 
39,5,1.41,5732.466090 
39,6,1.41,5731.218271 
39,7,1.48,5728.574514 
39,8,1.41,5732.063344 
39,9,1.40,5731.929472 
39,10,1.42,5730.932746 
39,11,1.43,5731.942968 
39,12,1.43,5731.507836 
39,13,1.42,5730.907586 
39,14,1.43,5731.414107 
39,15,1.41,5721.293032 
39,16,1.44,5731.250727 
39,17,1.42,5719.562627 
39,18,1.44,5731.452765 
39,19,1.42,5731.699315 
39,20,1.44,5731.637676 
39,21,1.43,5731.269690 
39,22,1.43,5731.779923 
39,23,1.43,5731.821504 
39,24,1.45,5730.372718 
39,25,1.43,5730.112065 
39,26,1.44,5731.004945 
39,27,1.44,5730.939674 
39,28,1.44,5731.558531 
39,29,1.42,5731.478659 
39,30,1.43,5731.140232 
39,31,1.43,5731.519142 
39,32,1.42,5732.011910 
39,33,1.42,5731.921083 
39,34,1.43,5728.349727 
39,35,1.42,5731.724482 
39,36,1.41,5732.203788 
39,37,1.41,5732.297543 
39,38,1.41,5732.709079 
39,40,1.49,5729.329520 
39,41,1.52,5729.456346 
39,42,1.42,5731.320381 
39,43,1.49,5729.161157 
5,0,1.48,5726.763603 
5,1,1.41,5729.663725 
5,2,1.41,5729.396941 
5,3,1.40,5730.394592 
5,4,1.39,5729.328063 
5,6,1.49,5727.423076 
5,7,1.49,5727.585510 
5,8,1.40,5730.341365 
5,9,1.46,5724.962569 
5,10,1.42,5730.990723 
5,11,1.46,5727.931167 
5,12,1.41,5730.083996 
5,13,1.48,5727.236617 
5,14,1.41,5726.113746 
5,15,1.40,5730.062854 
5,16,1.42,5730.343188 
5,17,1.42,5730.466048 
5,18,1.43,5730.537142 
5,19,1.40,5730.352302 
5,20,1.43,5729.763229 
5,21,1.48,5727.180172 
5,22,1.41,5730.001614 
5,23,1.42,5730.050460 
5,24,1.52,5722.556893 
5,25,1.43,5730.171484 
5,26,1.44,5730.069051 
5,27,1.48,5727.761429 
5,28,1.48,5727.195102 
5,29,1.48,5727.156865 
5,30,1.43,5730.621727 
5,31,1.42,5729.987033 
5,32,1.41,5729.734070 
5,33,1.47,5727.861595 
5,34,1.41,5730.419018 
5,35,1.40,5730.028224 
5,36,1.41,5731.012602 
5,37,1.48,5721.196367 
5,38,1.41,5730.672042 
5,39,1.42,5729.746098 
5,40,1.41,5729.564954 
5,41,1.41,5729.824099 
5,42,1.40,5729.908663 
5,43,1.46,5728.549375 
5,44,1.47,5727.169611 
29,0,1.43,5729.568234 
29,1,1.42,5721.139313 
29,2,1.43,5730.000156 
29,3,1.42,5731.105589 
29,4,1.41,5730.446361 
29,5,1.42,5726.671486 
29,6,1.41,5727.260652 
29,7,1.49,5727.285416 
29,8,1.42,5722.201705 
29,9,1.42,5730.252049 
29,10,1.42,5731.204413 
29,11,1.41,5726.940564 
29,12,1.43,5730.429955 
29,13,1.43,5729.775621 
29,14,1.43,5728.840857 
29,15,1.42,5718.946720 
29,16,1.43,5723.621266 
29,17,1.43,5730.182056 
29,18,1.44,5730.375270 
29,19,1.43,5730.314388 
29,20,1.44,5729.991407 
29,21,1.44,5719.848836 
29,22,1.44,5731.111059 
29,23,1.45,5730.001978 
29,24,1.44,5727.971236 
29,25,1.44,5730.702669 
29,26,1.44,5729.163708 
29,27,1.44,5729.894812 
29,28,1.43,5730.218875 
29,30,1.43,5725.238402 
29,31,1.51,5727.376825 
29,32,1.43,5722.272594 
29,33,1.42,5730.116075 
29,34,1.52,5727.638685 
29,35,1.43,5730.665114 
29,36,1.44,5730.595112 
29,37,1.49,5728.079059 
29,38,1.44,5730.062124 
29,39,1.49,5727.616468 
29,40,1.43,5722.260234 
29,41,1.42,5730.112794 
29,42,1.42,5729.867110 
29,43,1.50,5721.148762 
25,0,1.44,5729.710378 
25,1,1.42,5730.797833 
25,2,1.43,5730.401154 
25,3,1.42,5731.054902 
25,4,1.43,5731.193473 
25,5,1.42,5731.097202 
25,6,1.43,5731.336792 
25,7,1.49,5728.441899 
25,8,1.42,5731.040680 
25,9,1.41,5728.328597 
25,10,1.43,5730.697564 
25,11,1.42,5731.596827 
25,12,1.44,5730.845599 
25,13,1.42,5730.122272 
25,14,1.44,5730.610789 
25,15,1.43,5730.598028 
25,16,1.44,5729.934179 
25,17,1.43,5731.481577 
25,18,1.45,5730.809866 
25,19,1.43,5731.128562 
25,20,1.44,5730.982701 
25,21,1.44,5731.063653 
25,22,1.44,5730.502142 
25,23,1.44,5730.190441 
25,24,1.45,5730.567038 
25,26,1.52,5725.505891 
25,27,1.53,5727.582596 
25,28,1.44,5730.312565 
25,29,1.44,5730.963740 
25,30,1.44,5730.545892 
25,31,1.51,5727.611369 
25,32,1.44,5730.266267 
25,33,1.43,5730.707044 
25,34,1.50,5727.119357 
25,35,1.43,5730.780696 
25,36,1.52,5728.402917 
25,37,1.49,5728.627708 
25,38,1.44,5731.020260 
25,39,1.50,5728.719889 
25,40,1.44,5731.377637 
25,41,1.51,5726.474517 
25,42,1.42,5731.120540 
25,43,1.43,5723.593625 
13,0,1.51,5727.095141 
13,1,1.41,5730.045539 
13,2,1.42,5729.507005 
13,3,1.40,5730.798927 
13,4,1.41,5730.139405 
13,5,1.40,5730.468418 
13,6,1.41,5730.397144 
13,7,1.47,5726.236607 
13,8,1.42,5730.357041 
13,9,1.40,5729.908481 
13,10,1.42,5730.388576 
13,11,1.41,5730.466048 
13,12,1.41,5730.058115 
13,14,1.48,5720.585376 
13,15,1.41,5730.000885 
13,16,1.43,5729.107954 
13,17,1.42,5729.837403 
13,18,1.44,5728.921020 
13,19,1.41,5727.160871 
13,20,1.44,5726.304683 
13,21,1.49,5725.247136 
13,22,1.43,5729.529783 
13,23,1.49,5727.343138 
13,24,1.44,5728.528244 
13,25,1.42,5728.893691 
13,26,1.44,5729.257546 
13,27,1.52,5723.740747 
13,28,1.43,5729.945478 
13,29,1.42,5698.342095 
13,30,1.43,5729.620717 
13,31,1.49,5727.057634 
13,32,1.42,5728.729362 
13,33,1.41,5729.710560 
13,34,1.48,5721.148762 
13,35,1.41,5730.257882 
13,36,1.42,5729.059306 
13,37,1.40,5728.014219 
13,38,1.42,5727.836645 
13,39,1.48,5721.681727 
13,40,1.43,5729.489875 
13,41,1.47,5726.181092 
13,42,1.41,5729.304374 
13,43,1.47,5727.320376 
7,0,1.48,5727.339314 
7,1,1.41,5728.083794 
7,2,1.43,5727.809144 
7,3,1.41,5729.414070 
7,4,1.40,5729.081352 
7,5,1.39,5729.356124 
7,6,1.39,5728.784016 
7,8,1.46,5728.622607 
7,9,1.45,5728.297632 
7,10,1.41,5730.513808 
7,11,1.46,5728.251001 
7,12,1.42,5731.260938 
7,13,1.50,5722.734322 
7,14,1.42,5731.852143 
7,15,1.40,5730.842682 
7,16,1.42,5730.138676 
7,17,1.40,5731.256562 
7,18,1.43,5730.679699 
7,19,1.42,5731.419213 
7,20,1.43,5730.062124 
7,21,1.49,5723.856958 
7,22,1.42,5730.498860 
7,23,1.51,5727.928982 
7,24,1.52,5727.533064 
7,25,1.43,5730.222521 
7,26,1.45,5731.516224 
7,27,1.49,5727.265750 
7,28,1.48,5725.302451 
7,29,1.42,5729.058395 
7,30,1.42,5727.232611 
7,31,1.49,5727.395398 
7,32,1.41,5730.291421 
7,33,1.42,5729.429741 
7,34,1.42,5730.636676 
7,35,1.41,5731.404990 
7,36,1.41,5731.448024 
7,37,1.47,5728.621879 
7,38,1.41,5728.389073 
7,39,1.50,5727.081850 
7,40,1.41,5731.098660 
7,41,1.41,5731.023542 
7,42,1.40,5731.242704 
7,43,1.47,5728.376322 
7,44,1.42,5730.162371 
43,0,1.47,5727.054357 
43,1,1.42,5726.849716 
43,2,1.41,5726.207666 
43,3,1.40,5728.749584 
43,4,1.41,5728.081609 
43,5,1.40,5727.694958 
43,6,1.41,5727.964133 
43,7,1.47,5725.668215 
43,8,1.41,5728.229144 
43,9,1.39,5729.247160 
43,10,1.42,5729.092284 
43,11,1.40,5729.090644 
43,12,1.42,5728.600929 
43,13,1.40,5728.863813 
43,14,1.43,5727.425990 
43,15,1.41,5728.838853 
43,16,1.44,5728.402917 
43,17,1.41,5727.999284 
43,18,1.44,5728.483432 
43,19,1.41,5729.459444 
43,20,1.43,5728.565588 
43,21,1.43,5728.411660 
43,22,1.42,5729.080623 
43,23,1.44,5728.833205 
43,24,1.43,5729.301277 
43,25,1.43,5729.578986 
43,26,1.43,5728.170493 
43,27,1.42,5728.289617 
43,28,1.43,5729.266110 
43,29,1.42,5729.003189 
43,30,1.44,5729.090098 
43,31,1.42,5729.455435 
43,32,1.42,5728.540631 
43,33,1.41,5725.809074 
43,34,1.43,5727.228059 
43,35,1.41,5729.772341 
43,36,1.41,5730.108237 
43,37,1.40,5725.290806 
43,38,1.41,5729.456346 
43,39,1.42,5729.396577 
43,40,1.42,5729.918869 
43,41,1.40,5730.282671 
43,42,1.40,5729.410972 
9,0,1.48,5728.212204 
9,1,1.43,5727.310908 
9,2,1.43,5730.299988 
9,3,1.40,5722.317127 
9,4,1.41,5729.886064 
9,5,1.39,5731.396966 
9,6,1.42,5730.479355 
9,7,1.46,5727.602628 
9,8,1.40,5726.507101 
9,10,1.49,5727.389207 
9,11,1.47,5724.575066 
9,12,1.42,5730.480814 
9,13,1.49,5726.825502 
9,14,1.41,5730.693736 
9,15,1.40,5731.065841 
9,16,1.41,5730.585814 
9,17,1.41,5730.469147 
9,18,1.43,5728.226958 
9,19,1.41,5726.401704 
9,20,1.43,5708.146013 
9,21,1.52,5721.096434 
9,22,1.43,5721.827842 
9,23,1.51,5726.484529 
9,24,1.44,5729.573701 
9,25,1.42,5729.068051 
9,26,1.45,5729.438123 
9,27,1.49,5726.848077 
9,28,1.50,5716.289602 
9,29,1.41,5730.377457 
9,30,1.42,5730.770487 
9,31,1.51,5715.753469 
9,32,1.41,5730.139587 
9,33,1.47,5720.170311 
9,34,1.43,5729.604863 
9,35,1.40,5730.825362 
9,36,1.41,5727.362621 
9,37,1.40,5729.518121 
9,38,1.42,5730.689178 
9,39,1.48,5722.858310 
9,40,1.41,5727.648883 
9,41,1.46,5727.308723 
9,42,1.41,5731.096290 
9,43,1.47,5727.579318 
9,44,1.43,5730.334439 
45,0,1.48,5727.510483 
45,1,1.42,5729.310570 
45,2,1.42,5729.028879 
45,3,1.42,5730.650530 
45,4,1.41,5729.980107 
45,5,1.41,5730.409539 
45,6,1.42,5719.203090 
45,7,1.50,5727.551639 
45,8,1.42,5730.327877 
45,9,1.40,5730.858361 
45,10,1.42,5729.712930 
45,11,1.41,5730.225072 
45,12,1.43,5729.699079 
45,13,1.41,5730.238196 
45,14,1.42,5729.141479 
45,15,1.41,5729.522676 
45,16,1.44,5729.899186 
45,17,1.42,5730.290692 
45,18,1.44,5728.244808 
45,19,1.43,5730.960823 
45,20,1.43,5729.315307 
45,21,1.42,5730.077799 
45,22,1.44,5728.870736 
45,23,1.43,5729.632380 
45,24,1.46,5729.825557 
45,25,1.44,5730.171120 
45,26,1.43,5729.779995 
45,27,1.44,5729.957872 
45,28,1.44,5729.647324 
45,29,1.42,5729.114877 
45,30,1.44,5730.431049 
45,31,1.43,5730.061395 
45,32,1.43,5730.427403 
45,33,1.41,5730.617716 
45,34,1.44,5730.273558 
45,35,1.41,5730.513808 
45,36,1.42,5730.662562 
45,37,1.40,5726.952945 
45,38,1.41,5729.712201 
45,39,1.42,5730.202471 
45,40,1.42,5731.171593 
45,41,1.40,5730.214501 
45,42,1.42,5730.498131 
11,0,1.47,5716.079925 
11,1,1.42,5727.120086 
11,2,1.43,5729.571332 
11,3,1.41,5731.042321 
11,4,1.42,5725.872226 
11,5,1.40,5730.278114 
11,6,1.41,5729.353026 
11,7,1.46,5728.129147 
11,8,1.42,5722.593432 
11,9,1.40,5729.294170 
11,10,1.40,5730.934204 
11,12,1.48,5728.000923 
11,13,1.48,5722.845038 
11,14,1.42,5729.652062 
11,15,1.41,5730.114435 
11,16,1.42,5729.740995 
11,17,1.41,5726.481434 
11,18,1.44,5729.997969 
11,19,1.42,5730.910685 
11,20,1.43,5725.822360 
11,21,1.51,5727.188911 
11,22,1.43,5730.107508 
11,23,1.49,5721.923076 
11,24,1.44,5729.123441 
11,25,1.42,5730.462038 
11,26,1.43,5729.589373 
11,27,1.50,5727.299983 
11,28,1.49,5726.906701 
11,29,1.42,5730.923447 
11,30,1.42,5729.954044 
11,31,1.49,5726.630707 
11,32,1.41,5730.213954 
11,33,1.49,5727.207666 
11,34,1.48,5722.361662 
11,35,1.41,5730.851250 
11,36,1.48,5726.866829 
11,37,1.47,5727.929710 
11,38,1.41,5729.395119 
11,39,1.48,5722.008134 
11,40,1.41,5726.040396 
11,41,1.47,5725.206378 
11,42,1.41,5729.769972 
11,43,1.48,5726.456313 
51,0,1.48,5727.643420 
51,1,1.43,5729.375439 
51,2,1.43,5730.834295 
51,3,1.42,5731.719741 
51,4,1.42,5731.051620 
51,5,1.41,5731.479024 
51,6,1.43,5722.917579 
51,7,1.49,5723.613992 
51,8,1.43,5731.286830 
51,9,1.41,5731.172322 
51,10,1.44,5730.930922 
51,11,1.42,5731.740895 
51,12,1.42,5732.106023 
51,13,1.42,5731.510389 
51,14,1.42,5731.682902 
51,15,1.43,5731.023542 
51,16,1.44,5731.449483 
51,17,1.42,5731.545037 
51,18,1.46,5731.439271 
51,19,1.42,5731.574943 
51,20,1.46,5730.819710 
51,21,1.44,5731.325851 
51,22,1.45,5730.486465 
51,23,1.45,5730.894459 
51,24,1.46,5730.309284 
51,25,1.44,5730.663291 
51,26,1.46,5730.876957 
51,27,1.44,5730.889719 
51,28,1.43,5731.015884 
51,29,1.44,5731.891172 
51,30,1.43,5731.573120 
51,31,1.44,5731.635852 
51,32,1.43,5730.827732 
51,33,1.44,5732.065168 
51,34,1.44,5730.681886 
51,35,1.42,5731.205142 
51,36,1.43,5731.932025 
51,37,1.43,5732.016652 
51,38,1.43,5731.743813 
51,39,1.43,5731.688373 
51,40,1.43,5732.291706 
51,41,1.42,5731.190920 
51,42,1.43,5731.949169 
49,0,1.50,5725.924096 
49,1,1.43,5729.504089 
49,2,1.42,5728.320583 
49,3,1.41,5728.880938 
49,4,1.41,5729.569692 
49,5,1.41,5729.615250 
49,6,1.41,5729.809154 
49,7,1.48,5726.806568 
49,8,1.42,5730.035514 
49,9,1.40,5730.156174 
49,10,1.42,5728.730819 
49,11,1.42,5727.902756 
49,12,1.42,5729.785827 
49,13,1.42,5729.435937 
49,14,1.43,5720.824270 
49,15,1.42,5729.452337 
49,16,1.44,5728.520957 
49,17,1.42,5728.988067 
49,18,1.45,5729.089369 
49,19,1.42,5729.781817 
49,20,1.43,5729.079166 
49,21,1.43,5729.582448 
49,22,1.43,5729.291984 
49,23,1.43,5728.892598 
49,24,1.44,5729.124352 
49,25,1.44,5729.340089 
49,26,1.45,5728.787659 
49,27,1.44,5729.477484 
49,28,1.43,5729.521219 
49,29,1.43,5729.136013 
49,30,1.43,5728.636817 
49,31,1.43,5729.258457 
49,32,1.42,5729.068234 
49,33,1.42,5729.731883 
49,34,1.43,5729.808425 
49,35,1.42,5730.068321 
49,36,1.41,5729.642221 
49,37,1.42,5729.793846 
49,38,1.42,5727.210033 
49,39,1.43,5728.881303 
49,40,1.42,5730.208303 
49,41,1.41,5729.798949 
49,42,1.42,5729.753752 
19,0,1.43,5728.860715 
19,1,1.42,5729.798220 
19,2,1.42,5729.438123 
19,3,1.41,5730.318945 
19,4,1.42,5722.232060 
19,5,1.41,5731.386025 
19,6,1.41,5722.951214 
19,7,1.48,5723.800943 
19,8,1.42,5730.769757 
19,9,1.41,5721.427316 
19,10,1.43,5723.266674 
19,11,1.41,5714.695102 
19,12,1.42,5730.205934 
19,13,1.41,5730.717435 
19,14,1.43,5729.763046 
19,15,1.42,5722.515446 
19,16,1.42,5727.161599 
19,17,1.42,5719.781095 
19,18,1.44,5723.439237 
19,20,1.50,5718.940366 
19,21,1.51,5719.799801 
19,22,1.44,5729.817720 
19,23,1.49,5726.682226 
19,24,1.46,5728.873286 
19,25,1.44,5729.411701 
19,26,1.45,5729.215091 
19,27,1.51,5726.496179 
19,28,1.44,5730.442351 
19,29,1.43,5729.892260 
19,30,1.44,5724.686036 
19,31,1.50,5727.044343 
19,32,1.43,5719.117207 
19,33,1.42,5729.984481 
19,34,1.43,5722.147904 
19,35,1.42,5730.259340 
19,36,1.43,5722.881763 
19,37,1.43,5729.653337 
19,38,1.49,5719.899689 
19,39,1.44,5725.625450 
19,40,1.48,5724.359324 
19,41,1.48,5723.661093 
19,42,1.42,5722.378748 
19,43,1.41,5728.196540 
27,0,1.52,5726.515657 
27,1,1.44,5729.535432 
27,2,1.44,5730.244393 
27,3,1.42,5729.927982 
27,4,1.43,5729.727873 
27,5,1.42,5729.523770 
27,6,1.43,5730.250591 
27,7,1.50,5726.758870 
27,8,1.43,5728.751223 
27,9,1.42,5730.640686 
27,10,1.42,5730.070509 
27,11,1.42,5730.710326 
27,12,1.43,5729.843782 
27,13,1.42,5729.895905 
27,14,1.43,5730.343917 
27,15,1.42,5730.981972 
27,16,1.44,5729.953862 
27,17,1.43,5717.752327 
27,18,1.45,5730.240383 
27,19,1.43,5730.245852 
27,20,1.45,5729.796762 
27,21,1.44,5729.350657 
27,22,1.44,5729.570421 
27,23,1.44,5729.362319 
27,24,1.44,5729.040175 
27,25,1.44,5729.056937 
27,26,1.44,5713.943404 
27,28,1.50,5726.125031 
27,29,1.44,5729.738079 
27,30,1.44,5729.280687 
27,31,1.51,5726.674762 
27,32,1.43,5730.184973 
27,33,1.43,5730.016559 
27,34,1.50,5727.451848 
27,35,1.43,5729.981930 
27,36,1.49,5727.004652 
27,37,1.49,5727.285051 
27,38,1.43,5722.507084 
27,39,1.51,5725.224573 
27,40,1.49,5726.804019 
27,41,1.44,5729.922150 
27,42,1.43,5730.069051 
27,43,1.49,5727.036332 
3,0,1.42,5730.299076 
3,1,1.41,5730.711055 
3,2,1.41,5730.088735 
3,4,1.48,5727.727920 
3,5,1.48,5728.295810 
3,6,1.41,5730.820804 
3,7,1.47,5728.502377 
3,8,1.41,5730.955353 
3,9,1.48,5728.499098 
3,10,1.41,5729.968078 
3,11,1.49,5728.198543 
3,12,1.42,5730.928735 
3,13,1.41,5730.506517 
3,14,1.42,5729.278865 
3,15,1.41,5730.381467 
3,16,1.43,5730.571778 
3,17,1.41,5731.059642 
3,18,1.43,5731.092461 
3,19,1.41,5731.195661 
3,20,1.50,5724.534317 
3,21,1.43,5729.460355 
3,22,1.43,5730.375270 
3,23,1.43,5710.528001 
3,24,1.50,5726.531312 
3,25,1.43,5730.186431 
3,26,1.50,5727.125184 
3,27,1.52,5725.198372 
3,28,1.43,5730.334439 
3,29,1.43,5730.372718 
3,30,1.43,5729.587915 
3,31,1.43,5728.996083 
3,32,1.41,5730.170391 
3,33,1.48,5728.162843 
3,34,1.42,5730.397873 
3,35,1.41,5731.495071 
3,36,1.42,5730.662562 
3,37,1.41,5730.703763 
3,38,1.42,5731.192379 
3,39,1.43,5730.158361 
3,40,1.41,5730.639957 
3,41,1.41,5730.697564 
3,42,1.41,5730.973950 
3,43,1.52,5726.125031 
3,44,1.43,5730.009633 
17,0,1.43,5728.820817 
17,1,1.41,5730.395503 
17,2,1.43,5729.409150 
17,3,1.41,5729.538348 
17,4,1.42,5728.795676 
17,5,1.41,5730.070691 
17,6,1.41,5729.378901 
17,7,1.49,5726.769065 
17,8,1.41,5729.579897 
17,9,1.40,5729.808425 
17,10,1.42,5729.883512 
17,11,1.42,5730.061942 
17,12,1.43,5728.870007 
17,13,1.42,5729.991772 
17,14,1.42,5729.439035 
17,15,1.42,5729.715299 
17,16,1.43,5729.509556 
17,18,1.45,5729.868021 
17,19,1.42,5729.837403 
17,20,1.44,5729.946936 
17,21,1.52,5726.053683 
17,22,1.44,5729.484409 
17,23,1.44,5729.162615 
17,24,1.46,5720.202279 
17,25,1.43,5729.500809 
17,26,1.45,5728.866910 
17,27,1.50,5726.183458 
17,28,1.44,5729.216730 
17,29,1.43,5729.580808 
17,30,1.43,5729.251897 
17,31,1.49,5727.044343 
17,32,1.43,5729.150954 
17,33,1.42,5729.724593 
17,34,1.49,5727.588788 
17,35,1.42,5730.263168 
17,36,1.43,5729.166623 
17,37,1.42,5729.511014 
17,38,1.47,5727.507934 
17,39,1.43,5730.588184 
17,40,1.50,5725.369778 
17,41,1.48,5726.699521 
17,42,1.41,5729.547824 
17,43,1.47,5727.642510 
21,0,1.49,5727.024862 
21,1,1.44,5727.582414 
21,2,1.43,5727.473699 
21,3,1.43,5727.609002 
21,4,1.42,5730.145055 
21,5,1.42,5729.503178 
21,6,1.43,5729.949306 
21,7,1.49,5726.979344 
21,8,1.43,5730.315664 
21,9,1.43,5729.835763 
21,10,1.43,5730.930193 
21,11,1.42,5722.206249 
21,12,1.47,5729.499898 
21,13,1.42,5723.586169 
21,14,1.44,5728.532798 
21,15,1.43,5729.846698 
21,16,1.45,5728.486710 
21,17,1.43,5729.881143 
21,18,1.44,5729.286335 
21,19,1.43,5730.105868 
21,20,1.44,5729.930534 
21,22,1.44,5729.626002 
21,23,1.50,5726.939654 
21,24,1.46,5721.624846 
21,25,1.44,5729.593929 
21,26,1.45,5728.340437 
21,27,1.53,5716.314452 
21,28,1.45,5719.129735 
21,29,1.43,5730.523834 
21,30,1.43,5730.037701 
21,31,1.51,5726.471240 
21,32,1.43,5729.415528 
21,33,1.43,5722.476363 
21,34,1.44,5729.785645 
21,35,1.42,5730.240566 
21,36,1.43,5729.968990 
21,37,1.49,5725.347214 
21,38,1.49,5726.542417 
21,39,1.45,5729.679215 
21,40,1.52,5727.262473 
21,41,1.49,5727.358069 
21,42,1.42,5729.946936 
21,43,1.43,5730.522376 
15,0,1.42,5730.105868 
15,1,1.41,5730.318033 
15,2,1.42,5729.244973 
15,3,1.41,5730.844140 
15,4,1.42,5729.829566 
15,5,1.40,5730.799474 
15,6,1.42,5731.057272 
15,7,1.47,5726.882304 
15,8,1.41,5730.359411 
15,9,1.40,5730.710326 
15,10,1.41,5729.879685 
15,11,1.41,5729.529783 
15,12,1.42,5730.280484 
15,13,1.41,5727.013027 
15,14,1.41,5729.794392 
15,16,1.51,5726.894867 
15,17,1.42,5726.341452 
15,18,1.45,5728.722075 
15,19,1.43,5730.370530 
15,20,1.45,5725.149427 
15,21,1.50,5727.047438 
15,22,1.44,5729.854717 
15,23,1.50,5726.682226 
15,24,1.51,5726.423366 
15,25,1.44,5729.085178 
15,26,1.44,5720.722715 
15,27,1.51,5726.196745 
15,28,1.44,5725.602702 
15,29,1.43,5730.188800 
15,30,1.44,5729.824828 
15,31,1.53,5727.387750 
15,32,1.44,5717.361625 
15,33,1.42,5727.137383 
15,34,1.49,5726.579007 
15,35,1.42,5730.538965 
15,36,1.43,5730.120085 
15,37,1.42,5722.403833 
15,38,1.48,5727.224235 
15,39,1.43,5729.511014 
15,40,1.42,5729.433568 
15,41,1.48,5726.738662 
15,42,1.41,5728.338798 
15,43,1.48,5727.081122 
41,0,1.49,5726.201477 
41,1,1.41,5730.199007 
41,2,1.42,5731.213165 
41,3,1.39,5729.467826 
41,4,1.40,5731.215353 
41,5,1.41,5730.480996 
41,6,1.41,5730.599122 
41,7,1.48,5727.453304 
41,8,1.41,5730.583445 
41,9,1.39,5730.664021 
41,10,1.40,5730.790905 
41,11,1.39,5730.757178 
41,12,1.40,5722.443643 
41,13,1.40,5730.635946 
41,14,1.40,5730.658005 
41,15,1.40,5730.498860 
41,16,1.41,5730.845052 
41,17,1.41,5730.997834 
41,18,1.42,5726.834059 
41,19,1.41,5727.054539 
41,20,1.42,5731.135491 
41,21,1.42,5730.573965 
41,22,1.42,5729.510103 
41,23,1.43,5729.549464 
41,24,1.42,5729.952404 
41,25,1.42,5730.496491 
41,26,1.42,5730.328241 
41,27,1.42,5723.256491 
41,28,1.41,5731.289748 
41,29,1.41,5730.873857 
41,30,1.41,5731.317099 
41,31,1.41,5731.117623 
41,32,1.41,5730.596752 
41,33,1.40,5731.239786 
41,34,1.41,5731.147343 
41,35,1.40,5729.654978 
41,36,1.40,5730.976502 
41,37,1.39,5731.142602 
41,38,1.40,5731.505283 
41,39,1.40,5730.548079 
41,40,1.40,5730.386936 
41,42,1.40,5730.097119 
41,43,1.48,5727.947559 
52,43,1.43,5728.660864 
52,44,1.44,5729.450150 
52,45,1.44,5726.750859 
52,46,1.44,5729.148767 
52,47,1.43,5729.107954 
52,48,1.45,5728.212751 
52,49,1.43,5725.624540 
52,50,1.44,5728.181057 
52,51,1.44,5723.176851 
52,53,1.51,5726.081348 
52,54,1.53,5724.428811 
52,55,1.45,5723.219762 
38,44,1.49,5728.222951 
38,45,1.42,5730.800385 
38,46,1.41,5730.885708 
38,47,1.42,5731.577132 
38,48,1.49,5727.859410 
38,49,1.43,5730.485006 
38,50,1.42,5730.816064 
38,51,1.43,5731.030470 
38,52,1.50,5726.749039 
38,53,1.43,5730.588913 
38,54,1.52,5726.978798 
38,55,1.50,5728.436798 
26,44,1.45,5729.848885 
26,45,1.50,5727.852125 
26,46,1.44,5730.073789 
26,47,1.44,5728.328597 
26,48,1.54,5722.495450 
26,49,1.45,5718.737575 
26,50,1.52,5725.640918 
26,51,1.46,5730.631207 
26,52,1.52,5723.628177 
26,53,1.46,5729.160428 
26,54,1.52,5726.056959 
26,55,1.46,5729.224565 
20,44,1.43,5729.295082 
20,45,1.50,5723.766571 
20,46,1.44,5728.302003 
20,47,1.43,5730.400243 
20,48,1.46,5728.432791 
20,49,1.51,5726.745580 
20,50,1.46,5729.298908 
20,51,1.45,5720.452040 
20,52,1.52,5722.699053 
20,53,1.45,5728.039171 
20,54,1.46,5729.065683 
20,55,1.53,5726.180363 
4,45,1.48,5727.953751 
4,46,1.42,5730.635946 
4,47,1.41,5731.297041 
4,48,1.45,5731.020260 
4,49,1.49,5726.168350 
4,50,1.51,5725.435286 
4,51,1.44,5730.466048 
4,52,1.61,5721.895632 
4,53,1.44,5720.646960 
4,54,1.44,5729.740266 
4,55,1.49,5727.762522 
2,45,1.48,5729.113420 
2,46,1.43,5730.605320 
2,47,1.43,5721.187645 
2,48,1.51,5726.567356 
2,49,1.50,5728.524236 
2,50,1.45,5730.853620 
2,51,1.50,5728.288160 
2,52,1.50,5728.023690 
2,53,1.42,5730.766476 
2,54,1.50,5725.970688 
2,55,1.43,5730.734390 
18,0,1.46,5729.073517 
18,1,1.43,5731.658648 
18,2,1.43,5728.184700 
18,3,1.44,5719.304410 
18,4,1.45,5732.154358 
18,5,1.45,5732.034708 
18,6,1.45,5731.444195 
18,7,1.52,5728.647929 
18,8,1.43,5731.459695 
18,9,1.43,5731.799619 
18,10,1.43,5732.764721 
18,11,1.43,5731.951540 
18,12,1.43,5731.530995 
18,13,1.43,5731.655365 
18,14,1.44,5732.088696 
18,15,1.43,5732.080124 
18,16,1.44,5731.871658 
18,17,1.44,5731.578044 
18,19,1.44,5731.353932 
18,20,1.52,5728.584534 
18,21,1.46,5727.181992 
18,22,1.46,5731.036851 
18,23,1.54,5728.225319 
18,24,1.55,5728.251183 
18,25,1.46,5731.500359 
18,26,1.56,5728.065034 
18,27,1.46,5728.589999 
18,28,1.52,5727.939909 
18,29,1.45,5731.579502 
18,30,1.46,5730.649983 
18,31,1.46,5731.730683 
18,32,1.45,5731.183992 
18,33,1.44,5731.316370 
18,34,1.51,5726.870835 
18,35,1.43,5731.406448 
18,36,1.53,5720.728892 
18,37,1.50,5728.889683 
18,38,1.44,5731.689285 
18,39,1.51,5729.003918 
18,40,1.44,5732.055866 
18,41,1.43,5731.276437 
18,42,1.43,5727.490999 
18,43,1.44,5731.925824 
8,45,1.42,5728.571235 
8,46,1.41,5716.827105 
8,47,1.41,5731.665030 
8,48,1.57,5723.399414 
8,49,1.43,5731.674331 
8,50,1.51,5725.541012 
8,51,1.43,5730.931834 
8,52,1.50,5728.731548 
8,53,1.45,5730.177864 
8,54,1.50,5723.059757 
8,55,1.43,5731.253644 
46,0,1.42,5730.243664 
46,1,1.42,5730.498860 
46,2,1.43,5730.421935 
46,3,1.42,5727.865602 
46,4,1.41,5730.983066 
46,5,1.41,5725.991073 
46,6,1.41,5730.777050 
46,7,1.48,5728.700213 
46,8,1.41,5723.277584 
46,9,1.42,5729.864194 
46,10,1.42,5723.707830 
46,11,1.42,5729.648053 
46,12,1.44,5729.989220 
46,13,1.42,5731.104859 
46,14,1.42,5730.600945 
46,15,1.42,5730.534225 
46,16,1.44,5730.644697 
46,17,1.42,5730.220333 
46,18,1.45,5730.488652 
46,19,1.42,5730.785436 
46,20,1.44,5730.180233 
46,21,1.44,5730.455840 
46,22,1.43,5730.730744 
46,23,1.44,5730.416831 
46,24,1.44,5730.166381 
46,25,1.44,5729.952404 
46,26,1.44,5730.440892 
46,27,1.44,5730.072331 
46,28,1.43,5730.798562 
46,29,1.43,5731.370708 
46,30,1.42,5730.693189 
46,31,1.44,5731.379826 
46,32,1.42,5730.661833 
46,33,1.42,5731.310899 
46,34,1.43,5730.868570 
46,35,1.41,5730.822992 
46,36,1.41,5731.062924 
46,37,1.42,5731.669407 
46,38,1.41,5730.942955 
46,39,1.43,5730.723452 
46,40,1.41,5730.682980 
46,41,1.41,5731.541390 
46,42,1.41,5731.444012 
53,43,1.43,5730.201741 
53,44,1.44,5729.528508 
53,45,1.43,5730.667302 
53,46,1.44,5730.487923 
53,47,1.42,5730.907586 
53,48,1.44,5729.618166 
53,49,1.44,5729.677940 
53,50,1.44,5729.546731 
53,51,1.44,5730.043898 
53,52,1.45,5729.274491 
53,54,1.53,5726.571361 
53,55,1.53,5725.872408 
31,44,1.44,5728.967297 
31,45,1.49,5728.809521 
31,46,1.43,5731.363414 
31,47,1.42,5730.086912 
31,48,1.53,5720.993960 
31,49,1.43,5731.786123 
31,50,1.43,5730.791999 
31,51,1.45,5731.913423 
31,52,1.50,5728.042996 
31,53,1.45,5731.643876 
31,54,1.52,5723.787849 
31,55,1.44,5731.306158 
35,44,1.42,5730.378915 
35,45,1.48,5727.135744 
35,46,1.42,5729.793846 
35,47,1.43,5726.964597 
35,48,1.43,5726.266276 
35,49,1.51,5726.564444 
35,50,1.42,5728.524965 
35,51,1.50,5725.736278 
35,52,1.50,5725.898980 
35,53,1.44,5730.249133 
35,54,1.50,5726.305957 
35,55,1.44,5729.336809 
33,44,1.43,5728.206558 
33,45,1.48,5727.409601 
33,46,1.42,5730.746422 
33,47,1.42,5730.769757 
33,48,1.44,5730.483912 
33,49,1.50,5726.811301 
33,50,1.44,5729.928711 
33,51,1.44,5730.524017 
33,52,1.50,5727.029413 
33,53,1.45,5729.869661 
33,54,1.51,5724.824299 
33,55,1.44,5730.572507 
55,43,1.43,5729.847062 
55,44,1.44,5729.873306 
55,45,1.43,5730.519277 
55,46,1.44,5730.782519 
55,47,1.43,5730.565215 
55,48,1.44,5729.586457 
55,49,1.43,5723.523067 
55,50,1.44,5729.445048 
55,51,1.44,5729.379448 
55,52,1.44,5729.525956 
55,53,1.45,5729.630922 
55,54,1.45,5728.839764 
37,44,1.42,5729.152776 
37,45,1.47,5727.293792 
37,46,1.41,5720.206275 
37,47,1.41,5730.416831 
37,48,1.44,5729.942562 
37,49,1.49,5726.982440 
37,50,1.42,5729.856904 
37,51,1.48,5727.719543 
37,52,1.43,5726.986445 
37,53,1.49,5726.251715 
37,54,1.49,5727.085127 
37,55,1.43,5726.619056 
47,43,1.41,5730.934204 
47,44,1.42,5730.440163 
47,45,1.41,5731.015884 
47,46,1.41,5731.406448 
47,48,1.50,5727.597893 
47,49,1.52,5727.860138 
47,50,1.43,5730.518183 
47,51,1.49,5727.762886 
47,52,1.44,5729.683407 
47,53,1.50,5727.584417 
47,54,1.45,5730.012914 
47,55,1.51,5721.688815 
23,44,1.50,5727.276493 
23,45,1.49,5727.946102 
23,46,1.43,5730.232728 
23,47,1.43,5731.371985 
23,48,1.51,5723.744566 
23,49,1.44,5731.733053 
23,50,1.44,5730.590554 
23,51,1.51,5727.914047 
23,52,1.45,5730.372171 
23,53,1.52,5727.321833 
23,54,1.46,5730.166199 
23,55,1.52,5727.191278 
39,44,1.44,5727.884179 
39,45,1.48,5728.782923 
39,46,1.42,5731.850684 
39,47,1.43,5731.481577 
39,48,1.50,5728.421133 
39,49,1.50,5727.076388 
39,50,1.43,5731.294488 
39,51,1.52,5725.463673 
39,52,1.45,5730.277203 
39,53,1.51,5727.949380 
39,54,1.46,5731.167582 
39,55,1.52,5726.823317 
5,45,1.49,5724.104674 
5,46,1.40,5730.147425 
5,47,1.40,5731.241245 
5,48,1.48,5726.347095 
5,49,1.50,5718.928565 
5,50,1.43,5729.789107 
5,51,1.48,5727.552003 
5,52,1.43,5729.305832 
5,53,1.42,5730.664021 
5,54,1.49,5725.990345 
5,55,1.43,5729.490604 
29,44,1.44,5729.123623 
29,45,1.49,5726.288847 
29,46,1.43,5729.480400 
29,47,1.43,5721.745879 
29,48,1.53,5726.604129 
29,49,1.51,5726.170171 
29,50,1.44,5730.142686 
29,51,1.44,5730.255330 
29,52,1.51,5726.399519 
29,53,1.44,5728.980415 
29,54,1.45,5728.597832 
29,55,1.53,5727.986899 
25,44,1.50,5727.823350 
25,45,1.44,5726.925999 
25,46,1.44,5730.178775 
25,47,1.43,5730.866747 
25,48,1.46,5729.327698 
25,49,1.51,5727.433638 
25,50,1.45,5730.516725 
25,51,1.51,5726.933282 
25,52,1.46,5730.275745 
25,53,1.51,5727.735569 
25,54,1.45,5730.268454 
25,55,1.55,5727.283595 
13,44,1.43,5728.532980 
13,45,1.50,5726.347641 
13,46,1.42,5728.881849 
13,47,1.42,5729.061674 
13,48,1.50,5720.592279 
13,49,1.43,5729.381088 
13,50,1.43,5729.940011 
13,51,1.43,5729.207984 
13,52,1.50,5721.542707 
13,53,1.50,5725.781776 
13,54,1.45,5729.092284 
13,55,1.51,5719.885523 
18,44,1.51,5728.586902 
18,45,1.51,5727.249181 
18,46,1.45,5731.907586 
18,47,1.45,5730.726733 
18,48,1.53,5727.902209 
18,49,1.47,5731.185633 
18,50,1.45,5732.007897 
18,51,1.46,5728.662685 
18,52,1.47,5729.180835 
18,53,1.46,5731.400249 
18,54,1.47,5730.641233 
18,55,1.54,5728.441352 
40,0,1.48,5728.595464 
40,1,1.42,5731.928195 
40,2,1.41,5730.365062 
40,3,1.41,5728.348999 
40,4,1.40,5731.467536 
40,5,1.41,5731.099390 
40,6,1.42,5730.984342 
40,7,1.47,5727.773996 
40,8,1.41,5731.901568 
40,9,1.39,5731.667948 
40,10,1.41,5728.503105 
40,11,1.40,5731.029741 
40,12,1.41,5731.270237 
40,13,1.42,5730.721264 
40,14,1.41,5731.313270 
40,15,1.41,5730.783978 
40,16,1.42,5728.850513 
40,17,1.42,5731.313270 
40,18,1.44,5731.454224 
40,19,1.41,5731.373443 
40,20,1.42,5731.127651 
40,21,1.42,5731.236504 
40,22,1.42,5730.383837 
40,23,1.43,5729.176827 
40,24,1.42,5730.881879 
40,25,1.43,5731.050890 
40,26,1.44,5730.512168 
40,27,1.43,5730.564668 
40,28,1.42,5730.772127 
40,29,1.42,5730.770487 
40,30,1.42,5730.307826 
40,31,1.42,5730.838853 
40,32,1.41,5729.968807 
40,33,1.41,5729.549464 
40,34,1.42,5730.053376 
40,35,1.40,5731.897555 
40,36,1.41,5730.898288 
40,37,1.41,5731.879500 
40,38,1.40,5730.404982 
40,39,1.42,5732.029237 
40,41,1.48,5728.724625 
40,42,1.41,5730.453470 
40,43,1.42,5731.351562 
12,0,1.49,5724.284382 
12,1,1.42,5729.220739 
12,2,1.43,5729.240964 
12,3,1.42,5728.524054 
12,4,1.41,5718.714156 
12,5,1.42,5730.696106 
12,6,1.41,5730.141775 
12,7,1.50,5726.584468 
12,8,1.42,5729.975004 
12,9,1.42,5730.258611 
12,10,1.41,5721.719891 
12,11,1.41,5718.229298 
12,13,1.49,5726.615780 
12,14,1.51,5721.977600 
12,15,1.42,5729.778719 
12,16,1.49,5722.541987 
12,17,1.42,5729.875858 
12,18,1.45,5729.515752 
12,19,1.42,5729.692701 
12,20,1.50,5719.763842 
12,21,1.43,5727.295430 
12,22,1.43,5729.181564 
12,23,1.44,5714.901595 
12,24,1.50,5726.161616 
12,25,1.43,5729.187759 
12,26,1.51,5725.273702 
12,27,1.44,5729.766873 
12,28,1.52,5722.172805 
12,29,1.43,5729.907934 
12,30,1.44,5720.263855 
12,31,1.44,5728.831748 
12,32,1.42,5728.757417 
12,33,1.43,5729.164983 
12,34,1.43,5729.817173 
12,35,1.41,5730.106050 
12,36,1.48,5726.954401 
12,37,1.42,5729.788014 
12,38,1.47,5723.804944 
12,39,1.43,5730.058115 
12,40,1.48,5717.110682 
12,41,1.42,5723.468150 
12,42,1.42,5728.665964 
12,43,1.42,5730.094932 
src,dst,lat(us),bandwidth((Mbytes/sec)
0,1,1.44,5728.782558 
0,2,1.42,5728.413118 
0,3,1.41,5728.506748 
0,4,1.41,5728.840493 
0,5,1.47,5726.893956 
0,6,1.49,5728.945798 
0,7,1.47,5728.523508 
0,8,1.48,5729.149132 
0,9,1.47,5728.233879 
0,10,1.48,5728.502377 
0,11,1.47,5729.493884 
0,12,1.48,5728.044817 
0,13,1.41,5726.375128 
0,14,1.48,5728.653577 
0,15,1.43,5730.170755 
0,16,1.41,5729.909392 
0,17,1.43,5667.437717 
0,18,1.46,5730.519277 
0,19,1.42,5729.112691 
0,20,1.53,5727.250819 
0,21,1.52,5728.755960 
0,22,1.44,5729.793481 
0,23,1.53,5728.135158 
0,24,1.51,5727.213310 
0,25,1.45,5729.266838 
0,26,1.52,5727.906034 
0,27,1.43,5730.004165 
0,28,1.52,5728.829562 
0,29,1.42,5728.581437 
0,30,1.53,5728.196357 
0,31,1.51,5728.550104 
0,32,1.42,5722.708143 
0,33,1.50,5729.119250 
0,34,1.51,5729.457075 
0,35,1.42,5722.884127 
0,36,1.50,5727.852854 
0,37,1.49,5729.530330 
0,38,1.50,5729.169903 
0,39,1.51,5729.477119 
0,40,1.49,5728.161386 
0,41,1.51,5728.910088 
0,42,1.41,5730.830284 
0,43,1.51,5728.806606 
10,0,1.48,5725.265878 
10,1,1.42,5728.668333 
10,2,1.42,5725.284619 
10,3,1.41,5729.903195 
10,4,1.40,5729.849067 
10,5,1.41,5729.674477 
10,6,1.41,5730.154351 
10,7,1.47,5728.738653 
10,8,1.40,5729.585364 
10,9,1.40,5729.776350 
10,11,1.47,5723.530705 
10,12,1.47,5727.095141 
10,13,1.42,5729.288704 
10,14,1.49,5726.575184 
10,15,1.40,5730.181145 
10,16,1.51,5716.125995 
10,17,1.41,5729.499169 
10,18,1.43,5730.046450 
10,19,1.41,5730.030046 
10,20,1.50,5720.277841 
10,21,1.43,5729.614157 
10,22,1.42,5714.425178 
10,23,1.44,5728.557026 
10,24,1.50,5721.826207 
10,25,1.42,5728.844319 
10,26,1.51,5722.711597 
10,27,1.44,5727.303260 
10,28,1.43,5729.632198 
10,29,1.41,5730.027677 
10,30,1.43,5728.848145 
10,31,1.43,5729.256635 
10,32,1.41,5730.230358 
10,33,1.42,5729.914860 
10,34,1.42,5729.675388 
10,35,1.41,5729.529783 
10,36,1.48,5726.086445 
10,37,1.47,5722.704325 
10,38,1.48,5726.064057 
10,39,1.43,5730.842682 
10,40,1.48,5721.172201 
10,41,1.41,5729.840501 
10,42,1.40,5728.198725 
10,43,1.41,5729.867839 
10,44,1.48,5722.541987 
10,45,1.42,5729.539077 
10,46,1.44,5730.316575 
10,47,1.41,5729.699626 
10,48,1.52,5720.325613 
10,49,1.49,5725.905168 
10,50,1.49,5725.304271 
10,51,1.44,5727.206937 
10,52,1.51,5720.689288 
10,53,1.50,5726.056959 
10,54,1.50,5726.156155 
10,55,1.43,5729.790383 
1,45,1.42,5729.647688 
1,46,1.42,5730.000885 
1,47,1.42,5730.839765 
1,48,1.44,5729.815715 
1,49,1.43,5722.101737 
1,50,1.43,5730.491204 
1,51,1.42,5729.310570 
1,52,1.44,5729.642585 
1,53,1.44,5730.463861 
1,54,1.43,5730.955353 
1,55,1.44,5729.950946 
22,44,1.44,5729.420266 
22,45,1.44,5729.342640 
22,46,1.43,5730.389306 
22,47,1.43,5730.815153 
22,48,1.44,5729.839043 
22,49,1.54,5727.035058 
22,50,1.44,5729.796579 
22,51,1.45,5729.558758 
22,52,1.52,5726.453219 
22,53,1.45,5729.692519 
22,54,1.52,5723.393049 
22,55,1.54,5726.572089 
14,44,1.48,5726.855906 
14,45,1.43,5730.190441 
14,46,1.41,5730.490293 
14,47,1.43,5730.224890 
14,48,1.45,5729.205798 
14,49,1.49,5727.185088 
14,50,1.42,5729.303646 
14,51,1.50,5725.722993 
14,52,1.45,5729.802229 
14,53,1.44,5727.568210 
14,54,1.43,5729.262101 
14,55,1.45,5729.936912 
19,44,1.43,5729.205798 
19,45,1.44,5724.053929 
19,46,1.43,5729.546913 
19,47,1.43,5722.972304 
19,48,1.50,5726.844982 
19,49,1.53,5727.014666 
19,50,1.44,5729.194865 
19,51,1.49,5726.849534 
19,52,1.50,5727.082760 
19,53,1.51,5725.980335 
19,54,1.51,5726.773798 
19,55,1.45,5728.992804 
42,44,1.48,5728.164482 
42,45,1.42,5731.196573 
42,46,1.42,5731.599927 
42,47,1.42,5730.617170 
42,48,1.49,5727.131192 
42,49,1.49,5726.926363 
42,50,1.42,5729.521219 
42,51,1.44,5729.548735 
42,52,1.43,5729.628371 
42,53,1.44,5730.570319 
42,54,1.44,5729.662814 
42,55,1.44,5729.832664 
36,44,1.48,5726.285207 
36,45,1.43,5729.327334 
36,46,1.41,5728.414575 
36,47,1.42,5728.511120 
36,48,1.49,5715.586266 
36,49,1.43,5728.861262 
36,50,1.43,5729.836127 
36,51,1.43,5727.523595 
36,52,1.50,5724.996410 
36,53,1.52,5724.143598 
36,54,1.44,5725.184543 
36,55,1.50,5725.321375 
11,44,1.43,5727.284323 
11,45,1.50,5723.504155 
11,46,1.42,5730.386024 
11,47,1.41,5726.783265 
11,48,1.50,5726.435926 
11,49,1.43,5722.406196 
11,50,1.43,5720.914564 
11,51,1.41,5729.977373 
11,52,1.43,5729.896088 
11,53,1.43,5726.617418 
11,54,1.44,5729.503907 
11,55,1.50,5727.670737 
34,44,1.49,5726.623061 
34,45,1.42,5730.046450 
34,46,1.43,5730.579799 
34,47,1.42,5729.644043 
34,48,1.50,5726.763603 
34,49,1.43,5729.219099 
34,50,1.44,5728.548647 
34,51,1.50,5726.305229 
34,52,1.45,5729.046370 
34,53,1.51,5722.490360 
34,54,1.45,5729.027421 
34,55,1.51,5720.335603 
17,44,1.44,5729.472564 
17,45,1.44,5729.466368 
17,46,1.42,5730.284312 
17,47,1.43,5729.807696 
17,48,1.45,5716.582377 
17,49,1.50,5726.600306 
17,50,1.43,5728.910088 
17,51,1.49,5727.193645 
17,52,1.50,5720.229706 
17,53,1.50,5719.086159 
17,54,1.50,5725.973236 
17,55,1.44,5725.327562 
6,45,1.42,5723.253218 
6,46,1.49,5728.460843 
6,47,1.42,5729.265381 
6,48,1.44,5728.294717 
6,49,1.43,5728.847416 
6,50,1.49,5726.690783 
6,51,1.43,5729.875493 
6,52,1.48,5721.169839 
6,53,1.49,5717.137173 
6,54,1.52,5727.473335 
6,55,1.50,5727.147761 
28,44,1.50,5726.981711 
28,45,1.49,5727.349875 
28,46,1.43,5730.560111 
28,47,1.43,5730.199190 
28,48,1.52,5727.126641 
28,49,1.45,5728.336612 
28,50,1.44,5729.149132 
28,51,1.50,5726.622697 
28,52,1.44,5729.191768 
28,53,1.45,5729.645866 
28,54,1.51,5726.126487 
28,55,1.45,5729.468737 
21,44,1.50,5727.023951 
21,45,1.51,5727.088951 
21,46,1.43,5730.375270 
21,47,1.43,5730.071420 
21,48,1.54,5724.037560 
21,49,1.44,5730.138858 
21,50,1.44,5728.988978 
21,51,1.52,5727.099147 
21,52,1.45,5729.469466 
21,53,1.51,5726.629979 
21,54,1.51,5724.766446 
21,55,1.45,5729.997969 
48,43,1.41,5729.840501 
48,44,1.43,5729.392203 
48,45,1.44,5729.740266 
48,46,1.43,5730.292150 
48,47,1.42,5729.320045 
48,49,1.52,5726.751588 
48,50,1.44,5729.051107 
48,51,1.51,5720.557582 
48,52,1.52,5726.422819 
48,53,1.45,5729.471288 
48,54,1.52,5721.623029 
48,55,1.45,5729.169174 
16,44,1.50,5727.976517 
16,45,1.49,5725.716805 
16,46,1.43,5730.518366 
16,47,1.43,5730.038430 
16,48,1.51,5723.718923 
16,49,1.50,5726.365662 
16,50,1.43,5729.187030 
16,51,1.45,5725.981791 
16,52,1.46,5728.300546 
16,53,1.45,5726.740847 
16,54,1.45,5721.538891 
16,55,1.51,5726.192013 
50,43,1.42,5731.520601 
50,44,1.43,5731.339710 
50,45,1.44,5731.054537 
50,46,1.43,5731.493612 
50,47,1.43,5731.358673 
50,48,1.44,5727.934446 
50,49,1.43,5730.309284 
50,51,1.50,5729.097021 
50,52,1.52,5728.777093 
50,53,1.45,5730.880968 
50,54,1.52,5727.706066 
50,55,1.47,5722.378748 
30,44,1.50,5726.256083 
30,45,1.44,5729.826650 
30,46,1.44,5729.852165 
30,47,1.43,5728.319490 
30,48,1.46,5728.805878 
30,49,1.45,5729.877316 
30,50,1.44,5729.168081 
30,51,1.53,5719.479821 
30,52,1.46,5727.730834 
30,53,1.51,5725.845109 
30,54,1.45,5727.407052 
30,55,1.45,5729.867110 
7,45,1.47,5728.155557 
7,46,1.41,5729.687780 
7,47,1.47,5725.620536 
7,48,1.50,5728.081973 
7,49,1.50,5727.810601 
7,50,1.43,5730.629384 
7,51,1.49,5727.695140 
7,52,1.43,5730.032233 
7,53,1.43,5730.524017 
7,54,1.43,5730.940768 
7,55,1.58,5721.624483 
9,45,1.48,5726.680770 
9,46,1.42,5729.020315 
9,47,1.40,5729.888980 
9,48,1.43,5722.331306 
9,49,1.41,5730.134119 
9,50,1.44,5729.669010 
9,51,1.49,5727.447113 
9,52,1.44,5724.444636 
9,53,1.43,5721.446214 
9,54,1.44,5729.593200 
9,55,1.49,5726.480524 
45,43,1.40,5730.308919 
45,44,1.42,5729.328063 
45,46,1.42,5730.160548 
45,47,1.41,5730.488652 
45,48,1.50,5717.720749 
45,49,1.51,5726.073340 
45,50,1.43,5729.518667 
45,51,1.43,5729.995417 
45,52,1.44,5728.248087 
45,53,1.50,5725.443292 
45,54,1.49,5723.364501 
45,55,1.44,5729.137470 
49,43,1.41,5729.563496 
49,44,1.43,5728.400731 
49,45,1.43,5730.244758 
49,46,1.43,5729.361591 
49,47,1.42,5729.541628 
49,48,1.43,5729.189581 
49,50,1.43,5728.405831 
49,51,1.50,5726.075524 
49,52,1.44,5728.316211 
49,53,1.50,5726.100641 
49,54,1.51,5725.165984 
49,55,1.53,5724.689310 
27,44,1.50,5726.646363 
27,45,1.44,5730.423757 
27,46,1.44,5728.664143 
27,47,1.43,5729.705275 
27,48,1.46,5728.621514 
27,49,1.54,5726.826958 
27,50,1.44,5728.677624 
27,51,1.52,5726.352556 
27,52,1.47,5728.625158 
27,53,1.51,5726.395515 
27,54,1.47,5728.547189 
27,55,1.53,5717.406082 
3,45,1.42,5730.384384 
3,46,1.41,5730.592924 
3,47,1.41,5730.107691 
3,48,1.49,5727.183449 
3,49,1.43,5730.338084 
3,50,1.50,5727.785833 
3,51,1.51,5725.094660 
3,52,1.50,5727.606634 
3,53,1.49,5727.441650 
3,54,1.49,5727.712258 
3,55,1.43,5730.580163 
15,44,1.44,5729.335716 
15,45,1.49,5727.744128 
15,46,1.43,5729.162797 
15,47,1.42,5729.688692 
15,48,1.50,5727.131192 
15,49,1.44,5729.898457 
15,50,1.43,5721.855830 
15,51,1.49,5723.686916 
15,52,1.50,5727.689494 
15,53,1.50,5727.336947 
15,54,1.50,5726.919263 
15,55,1.43,5730.317304 
32,44,1.49,5726.303773 
32,45,1.43,5729.481128 
32,46,1.43,5729.706004 
32,47,1.42,5728.942883 
32,48,1.50,5726.074068 
32,49,1.50,5726.418815 
32,50,1.44,5728.934138 
32,51,1.50,5725.965228 
32,52,1.45,5728.804056 
32,53,1.51,5726.379496 
32,54,1.44,5728.015676 
32,55,1.52,5726.751588 
51,43,1.42,5731.939321 
51,44,1.43,5731.200402 
51,45,1.44,5729.960059 
51,46,1.43,5731.400978 
51,47,1.42,5719.731153 
51,48,1.43,5730.730015 
51,49,1.43,5731.709528 
51,50,1.43,5731.571661 
51,52,1.51,5727.241351 
51,53,1.50,5720.256044 
51,54,1.45,5730.226531 
51,55,1.52,5728.057202 
24,44,1.46,5728.388344 
24,45,1.45,5725.127411 
24,46,1.44,5730.027495 
24,47,1.44,5729.135284 
24,48,1.54,5726.339086 
24,49,1.52,5726.545147 
24,50,1.45,5729.153140 
24,51,1.46,5725.981245 
24,52,1.55,5724.497571 
24,53,1.46,5729.743182 
24,54,1.52,5726.129399 
24,55,1.46,5728.387251 
54,43,1.44,5730.283765 
54,44,1.44,5729.639305 
54,45,1.44,5729.490604 
54,46,1.44,5729.110869 
54,47,1.44,5730.096390 
54,48,1.45,5728.838671 
54,49,1.44,5729.636754 
54,50,1.44,5730.423757 
54,51,1.45,5729.266838 
54,52,1.45,5729.461084 
54,53,1.45,5729.413706 
54,55,1.53,5725.292262 
43,44,1.48,5720.896760 
43,45,1.48,5726.426642 
43,46,1.41,5728.675255 
43,47,1.41,5728.666511 
43,48,1.43,5724.745343 
43,49,1.42,5729.330067 
43,50,1.42,5728.960191 
43,51,1.42,5726.221863 
43,52,1.49,5726.173447 
43,53,1.49,5725.484782 
43,54,1.50,5714.633827 
43,55,1.50,5725.877140 
41,44,1.43,5728.443538 
41,45,1.46,5727.858317 
41,46,1.41,5730.967933 
41,47,1.41,5730.256241 
41,48,1.49,5727.181992 
41,49,1.50,5727.601171 
41,50,1.41,5731.074411 
41,51,1.48,5727.077298 
41,52,1.43,5729.957143 
41,53,1.49,5728.269216 
41,54,1.44,5730.226348 
41,55,1.49,5727.698964 
44,43,1.42,5731.326581 
44,45,1.48,5727.972693 
44,46,1.43,5730.490110 
44,47,1.43,5729.444683 
44,48,1.54,5721.566331 
44,49,1.50,5728.009483 
44,50,1.43,5730.934204 
44,51,1.49,5728.335884 
44,52,1.50,5727.605906 
44,53,1.44,5731.048703 
44,54,1.44,5730.540423 
44,55,1.50,5726.797101 
46,43,1.41,5730.899928 
46,44,1.42,5730.397144 
46,45,1.42,5730.841952 
46,47,1.43,5730.037337 
46,48,1.51,5725.669671 
46,49,1.49,5727.836098 
46,50,1.43,5730.281213 
46,51,1.51,5727.592430 
46,52,1.51,5727.379010 
46,53,1.45,5729.118886 
46,54,1.52,5723.291039 
46,55,1.50,5727.098237 
40,44,1.48,5727.350239 
40,45,1.42,5731.734695 
40,46,1.41,5730.803485 
40,47,1.41,5731.518413 
40,48,1.50,5728.031339 
40,49,1.49,5725.289350 
40,50,1.42,5730.642874 
40,51,1.43,5730.084725 
40,52,1.50,5726.189100 
40,53,1.44,5728.324772 
40,54,1.50,5727.467326 
40,55,1.44,5730.962464 
0,44,1.50,5721.586684 
0,45,1.50,5729.159335 
0,46,1.42,5730.389852 
0,47,1.42,5730.906127 
0,48,1.43,5730.758819 
0,49,1.51,5728.054653 
0,50,1.51,5728.503105 
0,51,1.51,5728.178507 
0,52,1.44,5728.782558 
0,53,1.51,5724.031921 
0,54,1.44,5729.752294 
0,55,1.53,5726.379496 
12,44,1.49,5725.844927 
12,45,1.50,5726.492174 
12,46,1.42,5729.215091 
12,47,1.43,5729.339724 
12,48,1.44,5721.394426 
12,49,1.52,5724.487566 
12,50,1.42,5729.269936 
12,51,1.49,5726.256265 
12,52,1.44,5728.831019 
12,53,1.50,5726.160888 
12,54,1.50,5723.048848 
12,55,1.45,5728.837213 
