[0] MPI startup(): I_MPI_OFA_TRANSLATION_CACHE variable has been removed from the product, its value is ignored

#------------------------------------------------------------
#    Intel(R) MPI Benchmarks 2019 Update 6, MPI-1 part    
#------------------------------------------------------------
# Date                  : Thu Oct  1 16:21:06 2020
# Machine               : x86_64
# System                : Linux
# Release               : 3.10.0-1127.19.1.el7.x86_64
# Version               : #1 SMP Tue Aug 25 17:23:54 UTC 2020
# MPI Version           : 3.1
# MPI Thread Environment: 


# Calling sequence was: 

# /usr/local/Cluster-Apps/intel/2020.2/compilers_and_libraries_2020.2.254/linux/mpi/intel64/bin/IMB-MPI1 uniband -npmin 1 

# Minimum message length in bytes:   0
# Maximum message length in bytes:   4194304
#
# MPI_Datatype                   :   MPI_BYTE 
# MPI_Datatype for reductions    :   MPI_FLOAT 
# MPI_Op                         :   MPI_SUM  
# 
# 

# List of Benchmarks to run:

# Uniband

#---------------------------------------------------
# Benchmarking Uniband 
# #processes = 2 
# ( 82 additional processes waiting in MPI_Barrier)
#---------------------------------------------------
       #bytes #repetitions   Mbytes/sec      Msg/sec
            0         1000         0.00      3755435
            1         1000         3.79      3791208
            2         1000         7.56      3777620
            4         1000        15.09      3772447
            8         1000        30.40      3799736
           16         1000        60.57      3785598
           32         1000       112.24      3507567
           64         1000       206.12      3220624
          128         1000       401.87      3139580
          256         1000      1081.73      4225515
          512         1000       815.16      1592113
         1024         1000      1258.87      1229364
         2048         1000      2061.61      1006646
         4096         1000      3007.86       734341
         8192         1000      3988.39       486864
        16384         1000      4319.36       263633
        32768         1000      4538.03       138490
        65536          640     10561.08       161149
       131072          320     11204.87        85486
       262144          160     10605.68        40457
       524288           80      4867.44         9284
      1048576           40      5438.46         5187
      2097152           20      5287.80         2521
      4194304           10      4585.69         1093

#---------------------------------------------------
# Benchmarking Uniband 
# #processes = 4 
# ( 80 additional processes waiting in MPI_Barrier)
#---------------------------------------------------
       #bytes #repetitions   Mbytes/sec      Msg/sec
            0         1000         0.00      7644854
            1         1000         7.78      7775009
            2         1000        15.66      7829332
            4         1000        31.23      7808605
            8         1000        62.33      7791712
           16         1000       126.03      7876958
           32         1000       224.58      7018053
           64         1000       452.31      7067417
          128         1000       851.11      6649278
          256         1000      2218.35      8665448
          512         1000      1603.36      3131568
         1024         1000      2618.32      2556957
         2048         1000      4214.03      2057632
         4096         1000      6176.73      1507991
         8192         1000      8145.36       994306
        16384         1000      8941.48       545745
        32768         1000      9433.19       287878
        65536          640      9679.42       147696
       131072          320      8371.41        63869
       262144          160      9054.91        34542
       524288           80     10974.98        20933
      1048576           40     10482.19         9997
      2097152           20     10401.41         4960
      4194304           10      9021.25         2151

#---------------------------------------------------
# Benchmarking Uniband 
# #processes = 8 
# ( 76 additional processes waiting in MPI_Barrier)
#---------------------------------------------------
       #bytes #repetitions   Mbytes/sec      Msg/sec
            0         1000         0.00     15717159
            1         1000        16.01     16012238
            2         1000        31.87     15937281
            4         1000        64.21     16053731
            8         1000       128.18     16022415
           16         1000       253.39     15837104
           32         1000       466.87     14589815
           64         1000       934.60     14603164
          128         1000      1771.09     13836663
          256         1000      4827.12     18855957
          512         1000      3386.54      6614327
         1024         1000      5263.06      5139709
         2048         1000      8456.44      4129123
         4096         1000     12209.18      2980758
         8192         1000     16019.31      1955482
        16384         1000     17238.01      1052125
        32768         1000     18205.08       555575
        65536          640     18498.63       282267
       131072          320     16285.53       124249
       262144          160     17448.24        66560
       524288           80     18825.89        35908
      1048576           40     21551.37        20553
      2097152           20     21202.99        10110
      4194304           10     17491.53         4170

#---------------------------------------------------
# Benchmarking Uniband 
# #processes = 16 
# ( 68 additional processes waiting in MPI_Barrier)
#---------------------------------------------------
       #bytes #repetitions   Mbytes/sec      Msg/sec
            0         1000         0.00     30091438
            1         1000        30.13     30127420
            2         1000        60.82     30408106
            4         1000       121.59     30397091
            8         1000       240.71     30088817
           16         1000       484.78     30298499
           32         1000       893.77     27930356
           64         1000      1790.47     27976111
          128         1000      3409.98     26640491
          256         1000     10000.47     39064348
          512         1000      5765.10     11259961
         1024         1000      9894.59      9662682
         2048         1000     15193.74      7418819
         4096         1000     23778.98      5805415
         8192         1000     31003.05      3784552
        16384         1000     33418.01      2039673
        32768         1000     31321.65       955861
        65536          640     33614.48       512916
       131072          320     35404.68       270116
       262144          160     35960.25       137177
       524288           80     42707.14        81457
      1048576           40     40851.33        38959
      2097152           20     40604.21        19362
      4194304           10     31500.31         7510

#---------------------------------------------------
# Benchmarking Uniband 
# #processes = 32 
# ( 52 additional processes waiting in MPI_Barrier)
#---------------------------------------------------
       #bytes #repetitions   Mbytes/sec      Msg/sec
            0         1000         0.00     59344412
            1         1000        59.00     59003851
            2         1000       119.68     59841369
            4         1000       238.11     59528113
            8         1000       472.00     59000047
           16         1000       950.61     59413349
           32         1000      1655.90     51746773
           64         1000      3333.55     52086744
          128         1000      6140.36     47971575
          256         1000     16169.27     63161227
          512         1000     10589.70     20683006
         1024         1000     19379.17     18924970
         2048         1000     31410.13     15336975
         4096         1000     44785.93     10934064
         8192         1000     58139.76      7097138
        16384         1000     62632.13      3822762
        32768         1000     64718.04      1975038
        65536          640     67540.82      1030591
       131072          320     67915.79       518156
       262144          160     66490.70       253642
       524288           80     70817.40       135073
      1048576           40     70002.50        66760
      2097152           20     68891.80        32850
      4194304           10     45132.29        10760

#---------------------------------------------------
# Benchmarking Uniband 
# #processes = 64 
# ( 20 additional processes waiting in MPI_Barrier)
#---------------------------------------------------
       #bytes #repetitions   Mbytes/sec      Msg/sec
            0         1000         0.00    118800862
            1         1000       119.08    119083069
            2         1000       240.92    120461699
            4         1000       479.02    119753945
            8         1000       956.69    119586035
           16         1000      1920.41    120025346
           32         1000      3377.08    105533713
           64         1000      4901.97     76593242
          128         1000      7918.66     61864521
          256         1000     11612.29     45360504
          512         1000     14810.13     28926045
         1024         1000     16914.14     16517715
         2048         1000     17615.56      8601346
         4096         1000     17567.21      4288869
         8192         1000     17681.52      2158388
        16384         1000     17696.32      1080098
        32768         1000     17661.07       538973
        65536          640     17698.59       270059
       131072          320     17896.96       136543
       262144          160     17932.28        68406
       524288           80     17942.38        34222
      1048576           40     17938.13        17107
      2097152           20     17937.92         8553
      4194304           10     17943.31         4278

#---------------------------------------------------
# Benchmarking Uniband 
# #processes = 84 
#---------------------------------------------------
       #bytes #repetitions   Mbytes/sec      Msg/sec
            0         1000         0.00     94617463
            1         1000        95.08     95081824
            2         1000       186.96     93480942
            4         1000       378.71     94676819
            8         1000       755.75     94469101
           16         1000      1528.24     95515180
           32         1000      2705.52     84547444
           64         1000      3936.02     61500308
          128         1000      2661.17     20790359
          256         1000      7152.19     27938260
          512         1000      9134.37     17840563
         1024         1000     10788.07     10535228
         2048         1000     11996.39      5857611
         4096         1000     12016.64      2933751
         8192         1000     12126.94      1480339
        16384         1000     12166.87       742607
        32768         1000     12151.40       370831
        65536          640     12157.52       185509
       131072          320     12246.78        93436
       262144          160     12263.95        46783
       524288           80     12278.61        23420
      1048576           40     12299.63        11730
      2097152           20     12302.38         5866
      4194304           10     12301.36         2933


# All processes entering MPI_Finalize

