#------------------------------------------------------------
#    Intel(R) MPI Benchmarks 2019 Update 5, MPI-1 part    
#------------------------------------------------------------
# Date                  : Wed Oct  7 10:04:35 2020
# Machine               : x86_64
# System                : Linux
# Release               : 3.10.0-1127.8.2.el7.x86_64
# Version               : #1 SMP Tue May 12 16:57:42 UTC 2020
# MPI Version           : 3.1
# MPI Thread Environment: 


# Calling sequence was: 

# IMB-MPI1 biband -npmin 1 

# Minimum message length in bytes:   0
# Maximum message length in bytes:   4194304
#
# MPI_Datatype                   :   MPI_BYTE 
# MPI_Datatype for reductions    :   MPI_FLOAT 
# MPI_Op                         :   MPI_SUM  
# 
# 

# List of Benchmarks to run:

# Biband

#---------------------------------------------------
# Benchmarking Biband 
# #processes = 2 
#---------------------------------------------------
       #bytes #repetitions   Mbytes/sec      Msg/sec
            0         1000         0.00        60939
            1         1000         0.06        61000
            2         1000         0.12        60939
            4         1000         0.24        61000
            8         1000         0.49        60940
           16         1000         0.98        60939
           32         1000         1.95        61001
           64         1000         3.90        60940
          128         1000         7.80        60939
          256         1000        15.62        61000
          512         1000        31.29        61123
         1024         1000        64.17        62662
         2048         1000       156.85        76586
         4096         1000      7339.48      1791864
         8192         1000      9614.32      1173622
        16384         1000      1380.04        84231
        32768         1000      1703.87        51998
        65536          640      1609.49        24559
       131072          320      1530.99        11681
       262144          160      5404.17        20615
       524288           80      7975.09        15211
      1048576           40     10602.63        10111
      2097152           20     11586.62         5525
      4194304           10     12218.07         2913


# All processes entering MPI_Finalize

