#------------------------------------------------------------
#    Intel(R) MPI Benchmarks 2019 Update 5, MPI-1 part    
#------------------------------------------------------------
# Date                  : Fri Sep 11 15:06:46 2020
# Machine               : x86_64
# System                : Linux
# Release               : 3.10.0-1127.8.2.el7.x86_64
# Version               : #1 SMP Tue May 12 16:57:42 UTC 2020
# MPI Version           : 3.1
# MPI Thread Environment: 


# Calling sequence was: 

# /alaska/steveb/spack/opt/spack/linux-centos7-broadwell/gcc-9.3.0/intel-mpi-benchmarks-2019.5-dwg5q6jdcxgwtiwi2lj32w4ttotvwqnt/bin/IMB-MPI1 biband -npmin 2 

# Minimum message length in bytes:   0
# Maximum message length in bytes:   4194304
#
# MPI_Datatype                   :   MPI_BYTE 
# MPI_Datatype for reductions    :   MPI_FLOAT 
# MPI_Op                         :   MPI_SUM  
# 
# 

# List of Benchmarks to run:

# Biband

#---------------------------------------------------
# Benchmarking Biband 
# #processes = 2 
#---------------------------------------------------
       #bytes #repetitions   Mbytes/sec      Msg/sec
            0         1000         0.00      6800060
            1         1000         6.81      6805642
            2         1000        13.64      6818321
            4         1000        27.14      6785397
            8         1000        54.49      6811795
           16         1000       108.64      6790107
           32         1000       217.02      6781891
           64         1000       408.89      6388871
          128         1000       808.06      6312934
          256         1000      1418.75      5541993
          512         1000      2486.41      4856273
         1024         1000      4090.46      3994591
         2048         1000      6918.68      3378261
         4096         1000      8721.55      2129285
         8192         1000     10257.01      1252076
        16384         1000     11177.93       682247
        32768         1000      7048.18       215093
        65536          640     10367.52       158196
       131072          320     12000.86        91559
       262144          160     12196.62        46526
       524288           80     12312.81        23485
      1048576           40     12366.76        11794
      2097152           20     12393.95         5910
      4194304           10     12405.48         2958


# All processes entering MPI_Finalize

