#------------------------------------------------------------
#    Intel(R) MPI Benchmarks 2019 Update 5, MPI-1 part    
#------------------------------------------------------------
# Date                  : Wed Oct  7 09:34:54 2020
# Machine               : x86_64
# System                : Linux
# Release               : 3.10.0-1127.8.2.el7.x86_64
# Version               : #1 SMP Tue May 12 16:57:42 UTC 2020
# MPI Version           : 3.1
# MPI Thread Environment: 


# Calling sequence was: 

# IMB-MPI1 uniband -npmin 1 

# Minimum message length in bytes:   0
# Maximum message length in bytes:   4194304
#
# MPI_Datatype                   :   MPI_BYTE 
# MPI_Datatype for reductions    :   MPI_FLOAT 
# MPI_Op                         :   MPI_SUM  
# 
# 

# List of Benchmarks to run:

# Uniband

#---------------------------------------------------
# Benchmarking Uniband 
# #processes = 2 
# ( 14 additional processes waiting in MPI_Barrier)
#---------------------------------------------------
       #bytes #repetitions   Mbytes/sec      Msg/sec
            0         1000         0.00      4553450
            1         1000         4.46      4455883
            2         1000         8.90      4448391
            4         1000        17.72      4430242
            8         1000        35.52      4439559
           16         1000        71.18      4448755
           32         1000       137.57      4298966
           64         1000       274.94      4295905
          128         1000       547.85      4280116
          256         1000      1105.52      4318426
          512         1000      1215.59      2374208
         1024         1000      2368.49      2312975
         2048         1000      4163.34      2032879
         4096         1000      6341.57      1548235
         8192         1000      8434.49      1029601
        16384         1000      9278.51       566315
        32768         1000      9771.88       298214
        65536          640      9851.83       150327
       131072          320     10010.15        76371
       262144          160      9717.22        37068
       524288           80      9002.57        17171
      1048576           40      9096.43         8675
      2097152           20      9122.10         4350
      4194304           10      9143.54         2180

#---------------------------------------------------
# Benchmarking Uniband 
# #processes = 4 
# ( 12 additional processes waiting in MPI_Barrier)
#---------------------------------------------------
       #bytes #repetitions   Mbytes/sec      Msg/sec
            0         1000         0.00      8940319
            1         1000         8.76      8755714
            2         1000        17.48      8739709
            4         1000        34.97      8742845
            8         1000        69.94      8741974
           16         1000       139.96      8747738
           32         1000       270.69      8458986
           64         1000       539.44      8428753
          128         1000       985.48      7699063
          256         1000      2179.63      8514180
          512         1000      2370.38      4629653
         1024         1000      4626.69      4518256
         2048         1000      8138.45      3973855
         4096         1000     12328.24      3009825
         8192         1000     16512.25      2015655
        16384         1000     17879.60      1091284
        32768         1000     18936.40       577893
        65536          640     18954.97       289230
       131072          320     19221.24       146646
       262144          160     18533.69        70700
       524288           80     17587.24        33545
      1048576           40     17954.26        17123
      2097152           20     17860.56         8517
      4194304           10     17866.64         4260

#---------------------------------------------------
# Benchmarking Uniband 
# #processes = 8 
# ( 8 additional processes waiting in MPI_Barrier)
#---------------------------------------------------
       #bytes #repetitions   Mbytes/sec      Msg/sec
            0         1000         0.00     16703472
            1         1000        16.40     16400628
            2         1000        32.58     16290272
            4         1000        65.83     16458089
            8         1000       131.65     16455758
           16         1000       262.86     16429002
           32         1000       503.13     15722771
           64         1000      1004.53     15695769
          128         1000      1951.22     15243927
          256         1000      4102.72     16026250
          512         1000      3540.31      6914676
         1024         1000      6229.32      6083316
         2048         1000      9875.73      4822133
         4096         1000     12997.49      3173216
         8192         1000     16543.82      2019509
        16384         1000     17630.50      1076080
        32768         1000     17473.50       533249
        65536          640     17915.85       273374
       131072          320     17177.43       131053
       262144          160     16571.79        63216
       524288           80     16701.77        31856
      1048576           40     16860.89        16080
      2097152           20     16789.66         8006
      4194304           10     18341.70         4373

#---------------------------------------------------
# Benchmarking Uniband 
# #processes = 16 
#---------------------------------------------------
       #bytes #repetitions   Mbytes/sec      Msg/sec
            0         1000         0.00     19310315
            1         1000        18.91     18908311
            2         1000        37.09     18545785
            4         1000        75.53     18881782
            8         1000       138.49     17311722
           16         1000       287.80     17987765
           32         1000       535.07     16720884
           64         1000       925.24     14456909
          128         1000      1439.16     11243414
          256         1000      1980.85      7737691
          512         1000      2426.41      4739090
         1024         1000      2731.78      2667754
         2048         1000      2915.19      1423433
         4096         1000      2959.21       722464
         8192         1000      3010.55       367499
        16384         1000      3025.39       184655
        32768         1000      3038.62        92731
        65536          640      3045.28        46467
       131072          320      3048.62        23259
       262144          160      3059.86        11672
       524288           80      3061.22         5839
      1048576           40      3061.50         2920
      2097152           20      3061.06         1460
      4194304           10      3059.46          729


# All processes entering MPI_Finalize

