#------------------------------------------------------------
#    Intel(R) MPI Benchmarks 2019 Update 5, MPI-1 part    
#------------------------------------------------------------
# Date                  : Wed Oct  7 10:04:38 2020
# Machine               : x86_64
# System                : Linux
# Release               : 3.10.0-1127.8.2.el7.x86_64
# Version               : #1 SMP Tue May 12 16:57:42 UTC 2020
# MPI Version           : 3.1
# MPI Thread Environment: 


# Calling sequence was: 

# IMB-MPI1 biband -npmin 1 

# Minimum message length in bytes:   0
# Maximum message length in bytes:   4194304
#
# MPI_Datatype                   :   MPI_BYTE 
# MPI_Datatype for reductions    :   MPI_FLOAT 
# MPI_Op                         :   MPI_SUM  
# 
# 

# List of Benchmarks to run:

# Biband

#---------------------------------------------------
# Benchmarking Biband 
# #processes = 2 
# ( 2 additional processes waiting in MPI_Barrier)
#---------------------------------------------------
       #bytes #repetitions   Mbytes/sec      Msg/sec
            0         1000         0.00      4460347
            1         1000         4.41      4414886
            2         1000         8.82      4409547
            4         1000        17.69      4422441
            8         1000        35.22      4403019
           16         1000        70.62      4413475
           32         1000       135.79      4243457
           64         1000       272.70      4260893
          128         1000       545.06      4258305
          256         1000      1311.82      5124300
          512         1000       829.02      1619170
         1024         1000      1506.60      1471287
         2048         1000      2585.62      1262509
         4096         1000      4175.51      1019412
         8192         1000      6059.54       739690
        16384         1000      7704.11       470222
        32768         1000      8476.33       258677
        65536          640      8733.44       133262
       131072          320      8238.28        62853
       262144          160      7469.67        28495
       524288           80      7485.03        14277
      1048576           40      6959.62         6637
      2097152           20      7216.01         3441
      4194304           10      9094.93         2168

#---------------------------------------------------
# Benchmarking Biband 
# #processes = 4 
#---------------------------------------------------
       #bytes #repetitions   Mbytes/sec      Msg/sec
            0         1000         0.00       121884
            1         1000         0.12       122006
            2         1000         0.24       121882
            4         1000         0.49       122006
            8         1000         0.98       121883
           16         1000         1.95       121885
           32         1000         3.90       121883
           64         1000         7.81       122005
          128         1000        15.60       121882
          256         1000        31.23       122002
          512         1000        62.46       122001
         1024         1000       124.93       122005
         2048         1000       249.87       122005
         4096         1000       503.77       122990
         8192         1000     13366.99      1631712
        16384         1000      2259.01       137879
        32768         1000      3337.83       101862
        65536          640      3535.40        53946
       131072          320      3819.54        29141
       262144          160     10476.19        39963
       524288           80     13347.31        25458
      1048576           40     15990.02        15249
      2097152           20     17577.01         8381
      4194304           10     17798.29         4243


# All processes entering MPI_Finalize

