[0] MPI startup(): I_MPI_OFA_TRANSLATION_CACHE variable has been removed from the product, its value is ignored

#------------------------------------------------------------
#    Intel(R) MPI Benchmarks 2019 Update 6, MPI-1 part    
#------------------------------------------------------------
# Date                  : Thu Oct  1 16:22:13 2020
# Machine               : x86_64
# System                : Linux
# Release               : 3.10.0-1127.19.1.el7.x86_64
# Version               : #1 SMP Tue Aug 25 17:23:54 UTC 2020
# MPI Version           : 3.1
# MPI Thread Environment: 


# Calling sequence was: 

# /usr/local/Cluster-Apps/intel/2020.2/compilers_and_libraries_2020.2.254/linux/mpi/intel64/bin/IMB-MPI1 biband -npmin 1 

# Minimum message length in bytes:   0
# Maximum message length in bytes:   4194304
#
# MPI_Datatype                   :   MPI_BYTE 
# MPI_Datatype for reductions    :   MPI_FLOAT 
# MPI_Op                         :   MPI_SUM  
# 
# 

# List of Benchmarks to run:

# Biband

#---------------------------------------------------
# Benchmarking Biband 
# #processes = 2 
# ( 54 additional processes waiting in MPI_Barrier)
#---------------------------------------------------
       #bytes #repetitions   Mbytes/sec      Msg/sec
            0         1000         0.00      7521601
            1         1000         7.44      7436194
            2         1000        14.87      7435883
            4         1000        29.66      7416007
            8         1000        59.40      7424715
           16         1000       118.80      7424704
           32         1000       234.22      7319460
           64         1000       467.89      7310719
          128         1000       924.38      7221719
          256         1000      1868.10      7297272
          512         1000      1655.66      3233709
         1024         1000      2828.79      2762495
         2048         1000      4809.32      2348302
         4096         1000      7603.94      1856430
         8192         1000     10800.22      1318387
        16384         1000     12988.25       792740
        32768         1000     13797.48       421066
        65536          640     14406.94       219832
       131072          320     14981.68       114301
       262144          160     14668.57        55956
       524288           80      7962.29        15187
      1048576           40      5991.76         5714
      2097152           20     11938.04         5693
      4194304           10      6615.12         1577

#---------------------------------------------------
# Benchmarking Biband 
# #processes = 4 
# ( 52 additional processes waiting in MPI_Barrier)
#---------------------------------------------------
       #bytes #repetitions   Mbytes/sec      Msg/sec
            0         1000         0.00      8723385
            1         1000         8.90      8897080
            2         1000        17.91      8955506
            4         1000        35.69      8923281
            8         1000        71.50      8937863
           16         1000       143.58      8973814
           32         1000       300.11      9378407
           64         1000       603.14      9424134
          128         1000      1193.51      9324332
          256         1000      2229.88      8710468
          512         1000      1753.47      3424736
         1024         1000      3227.88      3152223
         2048         1000      5264.59      2570601
         4096         1000      7275.69      1776292
         8192         1000      9576.50      1169006
        16384         1000     11685.54       713229
        32768         1000     11978.19       365545
        65536          640     12101.38       184652
       131072          320     12715.45        97011
       262144          160     12320.11        46997
       524288           80     12725.11        24271
      1048576           40     12249.47        11682
      2097152           20     12251.71         5842
      4194304           10      9893.16         2359

#---------------------------------------------------
# Benchmarking Biband 
# #processes = 8 
# ( 48 additional processes waiting in MPI_Barrier)
#---------------------------------------------------
       #bytes #repetitions   Mbytes/sec      Msg/sec
            0         1000         0.00     16934062
            1         1000        16.88     16884225
            2         1000        33.70     16849043
            4         1000        67.64     16908857
            8         1000       135.35     16918424
           16         1000       270.67     16916749
           32         1000       567.96     17748824
           64         1000      1125.74     17589610
          128         1000      2212.26     17283257
          256         1000      4516.02     17640711
          512         1000      3316.61      6477747
         1024         1000      6049.21      5907432
         2048         1000      9416.61      4597955
         4096         1000     13233.50      3230835
         8192         1000     16764.90      2046497
        16384         1000     19629.57      1198094
        32768         1000     21490.28       655831
        65536          640     21985.09       335466
       131072          320     22935.23       174982
       262144          160     24652.77        94043
       524288           80     23720.74        45244
      1048576           40     21299.78        20313
      2097152           20     21700.35        10348
      4194304           10     18575.08         4429

#---------------------------------------------------
# Benchmarking Biband 
# #processes = 16 
# ( 40 additional processes waiting in MPI_Barrier)
#---------------------------------------------------
       #bytes #repetitions   Mbytes/sec      Msg/sec
            0         1000         0.00     35427422
            1         1000        35.00     35002070
            2         1000        70.72     35357734
            4         1000       142.15     35537172
            8         1000       285.47     35684030
           16         1000       569.30     35581468
           32         1000      1170.89     36590242
           64         1000      2338.82     36544121
          128         1000      4626.05     36141019
          256         1000      9301.20     36332805
          512         1000      6434.85     12568070
         1024         1000     11440.44     11172303
         2048         1000     17789.21      8686139
         4096         1000     25135.14      6136509
         8192         1000     31682.99      3867553
        16384         1000     36663.06      2237736
        32768         1000     40125.13      1224522
        65536          640     42189.68       643763
       131072          320     44552.83       339911
       262144          160     45074.02       171944
       524288           80     43262.89        82517
      1048576           40     44572.69        42508
      2097152           20     41307.24        19697
      4194304           10     35153.49         8381

#---------------------------------------------------
# Benchmarking Biband 
# #processes = 32 
# ( 24 additional processes waiting in MPI_Barrier)
#---------------------------------------------------
       #bytes #repetitions   Mbytes/sec      Msg/sec
            0         1000         0.00     68715582
            1         1000        68.58     68577485
            2         1000       137.21     68607451
            4         1000       275.61     68903521
            8         1000       547.92     68490115
           16         1000      1100.11     68756715
           32         1000      2236.40     69887528
           64         1000      4234.15     66158622
          128         1000      7012.95     54788691
          256         1000     11094.33     43337241
          512         1000     11840.32     23125617
         1024         1000     19423.49     18968256
         2048         1000     26632.09     13003949
         4096         1000     36577.15      8929967
         8192         1000     40431.51      4935487
        16384         1000     43399.91      2648920
        32768         1000     53997.73      1647880
        65536          640     54717.07       834916
       131072          320     54016.66       412114
       262144          160     58972.17       224961
       524288           80     55508.43       105874
      1048576           40     57701.68        55029
      2097152           20     54509.72        25992
      4194304           10     50031.54        11928

#---------------------------------------------------
# Benchmarking Biband 
# #processes = 56 
#---------------------------------------------------
       #bytes #repetitions   Mbytes/sec      Msg/sec
            0         1000         0.00    152229354
            1         1000       152.52    152523168
            2         1000       305.42    152710486
            4         1000       608.13    152031879
            8         1000      1214.93    151866517
           16         1000      2428.54    151783828
           32         1000      4357.41    136169161
           64         1000      6694.17    104596473
          128         1000      7230.15     56485528
          256         1000     12830.73     50120031
          512         1000     17361.39     33908955
         1024         1000     21197.84     20701014
         2048         1000     23528.21     11488386
         4096         1000     23605.10      5762964
         8192         1000     23976.59      2926830
        16384         1000     24186.26      1476212
        32768         1000     24139.27       736672
        65536          640     24134.17       368258
       131072          320     24087.37       183772
       262144          160     24558.27        93682
       524288           80     24577.18        46877
      1048576           40     24620.65        23480
      2097152           20     24630.87        11745
      4194304           10     24619.17         5870


# All processes entering MPI_Finalize

