[0] MPI startup(): I_MPI_OFA_TRANSLATION_CACHE variable has been removed from the product, its value is ignored

#------------------------------------------------------------
#    Intel(R) MPI Benchmarks 2019 Update 6, MPI-1 part    
#------------------------------------------------------------
# Date                  : Thu Oct  1 16:21:56 2020
# Machine               : x86_64
# System                : Linux
# Release               : 3.10.0-1127.19.1.el7.x86_64
# Version               : #1 SMP Tue Aug 25 17:23:54 UTC 2020
# MPI Version           : 3.1
# MPI Thread Environment: 


# Calling sequence was: 

# /usr/local/Cluster-Apps/intel/2020.2/compilers_and_libraries_2020.2.254/linux/mpi/intel64/bin/IMB-MPI1 biband -npmin 1 

# Minimum message length in bytes:   0
# Maximum message length in bytes:   4194304
#
# MPI_Datatype                   :   MPI_BYTE 
# MPI_Datatype for reductions    :   MPI_FLOAT 
# MPI_Op                         :   MPI_SUM  
# 
# 

# List of Benchmarks to run:

# Biband

#---------------------------------------------------
# Benchmarking Biband 
# #processes = 2 
# ( 2 additional processes waiting in MPI_Barrier)
#---------------------------------------------------
       #bytes #repetitions   Mbytes/sec      Msg/sec
            0         1000         0.00      5085569
            1         1000         5.06      5058766
            2         1000        10.15      5076752
            4         1000        20.30      5073933
            8         1000        40.41      5051672
           16         1000        80.07      5004224
           32         1000       162.77      5086443
           64         1000       329.21      5143899
          128         1000       670.46      5237969
          256         1000      1612.35      6298245
          512         1000      1008.57      1969863
         1024         1000      1735.85      1695170
         2048         1000      2852.12      1392635
         4096         1000      3983.76       972599
         8192         1000      5141.46       627619
        16384         1000      6200.17       378428
        32768         1000      6442.78       196618
        65536          640      6259.11        95506
       131072          320      6543.67        49924
       262144          160      6665.43        25427
       524288           80      6685.98        12752
      1048576           40      6199.26         5912
      2097152           20      6207.04         2960
      4194304           10      5040.69         1202

#---------------------------------------------------
# Benchmarking Biband 
# #processes = 4 
#---------------------------------------------------
       #bytes #repetitions   Mbytes/sec      Msg/sec
            0         1000         0.00     11266621
            1         1000        11.24     11235462
            2         1000        22.53     11263380
            4         1000        45.01     11251603
            8         1000        90.08     11259591
           16         1000       179.90     11244051
           32         1000       359.23     11225943
           64         1000       507.75      7933536
          128         1000       890.84      6959719
          256         1000      1580.65      6174396
          512         1000      3084.75      6024903
         1024         1000      5450.83      5323074
         2048         1000     10076.26      4920048
         4096         1000     11063.28      2700996
         8192         1000     11298.73      1379239
        16384         1000     11335.62       691871
        32768         1000     11311.04       345186
        65536          640     11311.85       172605
       131072          320     10907.69        83219
       262144          160     11530.46        43985
       524288           80     11552.28        22034
      1048576           40     11565.80        11030
      2097152           20     11566.72         5515
      4194304           10     11570.88         2759


# All processes entering MPI_Finalize

