#------------------------------------------------------------
#    Intel(R) MPI Benchmarks 2019 Update 5, MPI-1 part    
#------------------------------------------------------------
# Date                  : Fri Sep 11 15:07:34 2020
# Machine               : x86_64
# System                : Linux
# Release               : 3.10.0-1127.8.2.el7.x86_64
# Version               : #1 SMP Tue May 12 16:57:42 UTC 2020
# MPI Version           : 3.1
# MPI Thread Environment: 


# Calling sequence was: 

# /alaska/steveb/spack/opt/spack/linux-centos7-broadwell/gcc-9.3.0/intel-mpi-benchmarks-2019.5-dwg5q6jdcxgwtiwi2lj32w4ttotvwqnt/bin/IMB-MPI1 biband -npmin 8 

# Minimum message length in bytes:   0
# Maximum message length in bytes:   4194304
#
# MPI_Datatype                   :   MPI_BYTE 
# MPI_Datatype for reductions    :   MPI_FLOAT 
# MPI_Op                         :   MPI_SUM  
# 
# 

# List of Benchmarks to run:

# Biband

#---------------------------------------------------
# Benchmarking Biband 
# #processes = 8 
#---------------------------------------------------
       #bytes #repetitions   Mbytes/sec      Msg/sec
            0         1000         0.00     24433257
            1         1000        35.82     35820814
            2         1000        58.89     29444763
            4         1000       126.61     31652311
            8         1000       236.93     29615696
           16         1000       461.70     28856208
           32         1000       733.10     22909403
           64         1000      1390.83     21731767
          128         1000      2365.71     18482105
          256         1000      3634.30     14196479
          512         1000      6357.30     12416609
         1024         1000     14969.51     14618657
         2048         1000     18247.94      8910125
         4096         1000     20385.35      4976891
         8192         1000     20425.83      2493388
        16384         1000     20256.89      1236382
        32768         1000     20512.84       626002
        65536          640     18149.57       276941
       131072          320     17749.14       135415
       262144          160     15974.96        60940
       524288           80     17204.11        32814
      1048576           40     20545.70        19594
      2097152           20     20441.36         9747
      4194304           10     20427.74         4870


# All processes entering MPI_Finalize

