#------------------------------------------------------------
#    Intel(R) MPI Benchmarks 2019 Update 5, MPI-1 part    
#------------------------------------------------------------
# Date                  : Fri Sep 11 15:06:14 2020
# Machine               : x86_64
# System                : Linux
# Release               : 3.10.0-1127.8.2.el7.x86_64
# Version               : #1 SMP Tue May 12 16:57:42 UTC 2020
# MPI Version           : 3.1
# MPI Thread Environment: 


# Calling sequence was: 

# IMB-MPI1 biband -npmin 2 

# Minimum message length in bytes:   0
# Maximum message length in bytes:   4194304
#
# MPI_Datatype                   :   MPI_BYTE 
# MPI_Datatype for reductions    :   MPI_FLOAT 
# MPI_Op                         :   MPI_SUM  
# 
# 

# List of Benchmarks to run:

# Biband

#---------------------------------------------------
# Benchmarking Biband 
# #processes = 2 
#---------------------------------------------------
       #bytes #repetitions   Mbytes/sec      Msg/sec
            0         1000         0.00        61003
            1         1000         0.06        61125
            2         1000         0.15        74228
            4         1000         0.80       199171
            8         1000         1.77       220846
           16         1000         2.92       182755
           32         1000         6.28       196287
           64         1000        21.25       332083
          128         1000        41.08       320904
          256         1000       193.57       756135
          512         1000       479.26       936051
         1024         1000      1452.80      1418749
         2048         1000      1990.47       971911
         4096         1000      7323.00      1787841
         8192         1000      8788.40      1072803
        16384         1000      7348.56       448521
        32768         1000      8591.39       262188
        65536          640      7458.08       113801
       131072          320      7455.55        56881
       262144          160      5330.72        20335
       524288           80      7100.45        13543
      1048576           40      8445.82         8055
      2097152           20      8878.43         4234
      4194304           10      9079.64         2165


# All processes entering MPI_Finalize

