#------------------------------------------------------------
#    Intel(R) MPI Benchmarks 2019 Update 6, MPI-1 part    
#------------------------------------------------------------
# Date                  : Thu Oct  1 16:21:56 2020
# Machine               : x86_64
# System                : Linux
# Release               : 3.10.0-1127.19.1.el7.x86_64
# Version               : #1 SMP Tue Aug 25 17:23:54 UTC 2020
# MPI Version           : 3.1
# MPI Thread Environment: 


# Calling sequence was: 

# /home/hpcbras1/spack/opt/spack/linux-scientific7-skylake_avx512/gcc-9.1.0/intel-mpi-benchmarks-2019.6-5tbknirppyjnbofzuo2idr3bqgxprrmf/bin/IMB-MPI1 biband -npmin 1 

# Minimum message length in bytes:   0
# Maximum message length in bytes:   4194304
#
# MPI_Datatype                   :   MPI_BYTE 
# MPI_Datatype for reductions    :   MPI_FLOAT 
# MPI_Op                         :   MPI_SUM  
# 
# 

# List of Benchmarks to run:

# Biband

#---------------------------------------------------
# Benchmarking Biband 
# #processes = 2 
# ( 2 additional processes waiting in MPI_Barrier)
#---------------------------------------------------
       #bytes #repetitions   Mbytes/sec      Msg/sec
            0         1000         0.00     10795651
            1         1000        10.83     10825666
            2         1000        21.73     10864352
            4         1000        43.66     10914430
            8         1000        84.28     10534798
           16         1000       173.03     10814203
           32         1000       269.60      8425076
           64         1000       756.28     11816947
          128         1000       420.51      3285239
          256         1000       631.35      2466199
          512         1000      1178.68      2302117
         1024         1000      1743.10      1702243
         2048         1000      2366.25      1155398
         4096         1000      3093.43       755232
         8192         1000      3760.11       458998
        16384         1000     14060.77       858201
        32768         1000     18469.33       563639
        65536          640     21694.26       331028
       131072          320     23705.89       180862
       262144          160     24696.09        94208
       524288           80     25250.81        48162
      1048576           40     25497.86        24317
      2097152           20     25565.09        12190
      4194304           10     25661.37         6118

#---------------------------------------------------
# Benchmarking Biband 
# #processes = 4 
#---------------------------------------------------
       #bytes #repetitions   Mbytes/sec      Msg/sec
            0         1000         0.00     14272365
            1         1000        13.69     13692805
            2         1000        26.64     13319135
            4         1000        62.69     15672664
            8         1000       119.28     14909484
           16         1000       226.51     14156628
           32         1000       303.61      9487662
           64         1000       594.99      9296647
          128         1000      1014.16      7923145
          256         1000      1960.15      7656835
          512         1000      3742.56      7309686
         1024         1000      6371.37      6222038
         2048         1000     10794.68      5270841
         4096         1000     17840.73      4355646
         8192         1000     23171.66      2828572
        16384         1000     23868.16      1456797
        32768         1000     22628.21       690558
        65536          640     24160.53       368660
       131072          320     24479.80       186766
       262144          160     24497.20        93449
       524288           80     24598.44        46918
      1048576           40     24617.20        23477
      2097152           20     24614.46        11737
      4194304           10     24637.37         5874


# All processes entering MPI_Finalize

