#------------------------------------------------------------
#    Intel(R) MPI Benchmarks 2019 Update 5, MPI-1 part    
#------------------------------------------------------------
# Date                  : Wed Oct  7 10:07:51 2020
# Machine               : x86_64
# System                : Linux
# Release               : 3.10.0-1127.8.2.el7.x86_64
# Version               : #1 SMP Tue May 12 16:57:42 UTC 2020
# MPI Version           : 3.1
# MPI Thread Environment: 


# Calling sequence was: 

# IMB-MPI1 biband -npmin 1 

# Minimum message length in bytes:   0
# Maximum message length in bytes:   4194304
#
# MPI_Datatype                   :   MPI_BYTE 
# MPI_Datatype for reductions    :   MPI_FLOAT 
# MPI_Op                         :   MPI_SUM  
# 
# 

# List of Benchmarks to run:

# Biband

#---------------------------------------------------
# Benchmarking Biband 
# #processes = 2 
# ( 62 additional processes waiting in MPI_Barrier)
#---------------------------------------------------
       #bytes #repetitions   Mbytes/sec      Msg/sec
            0         1000         0.00      5497722
            1         1000         5.43      5432441
            2         1000        10.87      5436548
            4         1000        21.75      5437259
            8         1000        43.50      5437538
           16         1000        86.73      5420686
           32         1000       165.85      5182710
           64         1000       331.38      5177734
          128         1000       658.92      5147805
          256         1000      1403.19      5481199
          512         1000      1336.22      2609795
         1024         1000      2425.30      2368455
         2048         1000      4095.15      1999583
         4096         1000      6460.06      1577163
         8192         1000      9437.53      1152042
        16384         1000     10340.77       631151
        32768         1000     10112.62       308613
        65536          640     10109.25       154255
       131072          320      9906.65        75582
       262144          160      9421.58        35940
       524288           80      7777.00        14833
      1048576           40      9076.35         8656
      2097152           20      9282.82         4426
      4194304           10      9557.57         2279

#---------------------------------------------------
# Benchmarking Biband 
# #processes = 4 
# ( 60 additional processes waiting in MPI_Barrier)
#---------------------------------------------------
       #bytes #repetitions   Mbytes/sec      Msg/sec
            0         1000         0.00     10984378
            1         1000        10.83     10833401
            2         1000        15.36      7681447
            4         1000        43.11     10776333
            8         1000        86.03     10753994
           16         1000       172.89     10805818
           32         1000       198.22      6194288
           64         1000       655.39     10240492
          128         1000      1308.67     10223994
          256         1000      2790.51     10900423
          512         1000      2640.56      5157352
         1024         1000      4759.87      4648308
         2048         1000      7896.08      3855507
         4096         1000     12579.38      3071137
         8192         1000     18346.35      2239545
        16384         1000     20344.51      1241730
        32768         1000     19599.64       598134
        65536          640     19916.77       303906
       131072          320     19347.51       147610
       262144          160     16251.58        61995
       524288           80     12118.25        23114
      1048576           40     17927.78        17097
      2097152           20     18279.91         8717
      4194304           10     18660.82         4449

#---------------------------------------------------
# Benchmarking Biband 
# #processes = 8 
# ( 56 additional processes waiting in MPI_Barrier)
#---------------------------------------------------
       #bytes #repetitions   Mbytes/sec      Msg/sec
            0         1000         0.00     21689659
            1         1000        21.49     21491748
            2         1000        43.04     21518244
            4         1000        86.10     21523909
            8         1000       172.21     21526633
           16         1000       345.02     21563667
           32         1000       656.67     20520825
           64         1000      1305.54     20398998
          128         1000      2603.53     20340082
          256         1000      5550.49     21681615
          512         1000      5129.54     10018635
         1024         1000      8475.46      8276812
         2048         1000     15575.05      7605005
         4096         1000     24639.80      6015575
         8192         1000     35547.72      4339321
        16384         1000     39651.55      2420139
        32768         1000     39068.04      1192262
        65536          640     38445.18       586627
       131072          320     33003.80       251799
       262144          160     22002.79        83934
       524288           80     20926.89        39915
      1048576           40     32755.89        31238
      2097152           20     20333.52         9696
      4194304           10     19549.08         4661

#---------------------------------------------------
# Benchmarking Biband 
# #processes = 16 
# ( 48 additional processes waiting in MPI_Barrier)
#---------------------------------------------------
       #bytes #repetitions   Mbytes/sec      Msg/sec
            0         1000         0.00     28892956
            1         1000        40.77     40774542
            2         1000        75.98     37989555
            4         1000       168.68     42169679
            8         1000       326.64     40829499
           16         1000       677.08     42317457
           32         1000      1036.22     32381811
           64         1000      2548.55     39821054
          128         1000      5220.26     40783302
          256         1000     10292.99     40206988
          512         1000     10159.56     19842890
         1024         1000     17988.24     17566638
         2048         1000     30258.32     14774569
         4096         1000     47140.06     11508803
         8192         1000     68460.03      8356937
        16384         1000     76044.13      4641365
        32768         1000     73479.98      2242431
        65536          640     62092.95       947463
       131072          320     28990.19       221178
       262144          160     29730.73       113414
       524288           80     29943.64        57113
      1048576           40     18086.30        17248
      2097152           20     15932.57         7597
      4194304           10     16909.58         4032

#---------------------------------------------------
# Benchmarking Biband 
# #processes = 32 
# ( 32 additional processes waiting in MPI_Barrier)
#---------------------------------------------------
       #bytes #repetitions   Mbytes/sec      Msg/sec
            0         1000         0.00     66452785
            1         1000        65.68     65675900
            2         1000       135.36     67682209
            4         1000       269.86     67463906
            8         1000       540.43     67553624
           16         1000      1045.14     65321532
           32         1000      1348.80     42150138
           64         1000      2687.50     41992211
          128         1000      4391.43     34308053
          256         1000      8372.77     32706120
          512         1000     10051.72     19632257
         1024         1000     18313.51     17884284
         2048         1000     26050.87     12720150
         4096         1000     29603.31      7227371
         8192         1000     30296.42      3698293
        16384         1000     31034.90      1894220
        32768         1000     31494.74       961143
        65536          640     31619.05       482468
       131072          320     29733.78       226851
       262144          160     28934.15       110375
       524288           80     29548.51        56359
      1048576           40     25952.12        24750
      2097152           20     17246.06         8224
      4194304           10     21305.80         5080

#---------------------------------------------------
# Benchmarking Biband 
# #processes = 64 
#---------------------------------------------------
       #bytes #repetitions   Mbytes/sec      Msg/sec
            0         1000         0.00      2809997
            1         1000         2.45      2449912
            2         1000         6.43      3212740
            4         1000        14.58      3645120
            8         1000       131.11     16388171
           16         1000        77.04      4815246
           32         1000        69.61      2175252
           64         1000       197.79      3090514
          128         1000       233.72      1825969
          256         1000      7399.82     28905558
          512         1000      8361.04     16330147
         1024         1000     11828.16     11550938
         2048         1000     11802.10      5762744
         4096         1000     12094.75      2952819
         8192         1000     12137.51      1481630
        16384         1000     13944.36       851096
        32768          915     14278.39       435742
        65536          640     20201.64       308253
       131072          320     20117.30       153483
       262144          160     19096.02        72846
       524288           80     20178.78        38488
      1048576           40     20508.70        19559
      2097152           20     20483.21         9767
      4194304           10     20488.89         4885


# All processes entering MPI_Finalize

