2020-08-19T17:19:23+01:00|reframe 3.0-dev6 (rev: 3f0c45d4)|Gromacs_1400k_2 on alaska:roce-gcc9-openmpi4-ucx using gromacs|jobid=5025|ns_per_day=3.056|ns/day|ref=0 (l=None, u=None)|num_procs=64,num_nodes=2,1400k-atoms
2020-08-19T17:19:23+01:00|reframe 3.0-dev6 (rev: 3f0c45d4)|Gromacs_1400k_2 on alaska:roce-gcc9-openmpi4-ucx using gromacs|jobid=5025|hour_per_ns=7.854|hour/ns|ref=0 (l=None, u=None)|num_procs=64,num_nodes=2,1400k-atoms
2020-08-19T17:19:23+01:00|reframe 3.0-dev6 (rev: 3f0c45d4)|Gromacs_1400k_2 on alaska:roce-gcc9-openmpi4-ucx using gromacs|jobid=5025|core_t=72394.152|s|ref=0 (l=None, u=None)|num_procs=64,num_nodes=2,1400k-atoms
2020-08-19T17:19:23+01:00|reframe 3.0-dev6 (rev: 3f0c45d4)|Gromacs_1400k_2 on alaska:roce-gcc9-openmpi4-ucx using gromacs|jobid=5025|wall_t=565.579|s|ref=0 (l=None, u=None)|num_procs=64,num_nodes=2,1400k-atoms
2020-08-19T17:19:23+01:00|reframe 3.0-dev6 (rev: 3f0c45d4)|Gromacs_1400k_2 on alaska:roce-gcc9-openmpi4-ucx using gromacs|jobid=5025|runtime_real=575.336|s|ref=0 (l=None, u=None)|num_procs=64,num_nodes=2,1400k-atoms
2020-09-08T16:58:50+01:00|reframe 3.0-dev6 (rev: 3f0c45d4)|Gromacs_1400k_2 on alaska:roce-gcc9-openmpi4-ucx using gromacs|jobid=5214|ns_per_day=3.041|ns/day|ref=0 (l=None, u=None)|1400k-atoms,num_procs=64,num_nodes=2
2020-09-08T16:58:50+01:00|reframe 3.0-dev6 (rev: 3f0c45d4)|Gromacs_1400k_2 on alaska:roce-gcc9-openmpi4-ucx using gromacs|jobid=5214|hour_per_ns=7.892|hour/ns|ref=0 (l=None, u=None)|1400k-atoms,num_procs=64,num_nodes=2
2020-09-08T16:58:50+01:00|reframe 3.0-dev6 (rev: 3f0c45d4)|Gromacs_1400k_2 on alaska:roce-gcc9-openmpi4-ucx using gromacs|jobid=5214|core_t=72742.779|s|ref=0 (l=None, u=None)|1400k-atoms,num_procs=64,num_nodes=2
2020-09-08T16:58:50+01:00|reframe 3.0-dev6 (rev: 3f0c45d4)|Gromacs_1400k_2 on alaska:roce-gcc9-openmpi4-ucx using gromacs|jobid=5214|wall_t=568.303|s|ref=0 (l=None, u=None)|1400k-atoms,num_procs=64,num_nodes=2
2020-09-08T16:58:50+01:00|reframe 3.0-dev6 (rev: 3f0c45d4)|Gromacs_1400k_2 on alaska:roce-gcc9-openmpi4-ucx using gromacs|jobid=5214|runtime_real=579.9590000000001|s|ref=0 (l=None, u=None)|1400k-atoms,num_procs=64,num_nodes=2
2020-09-09T14:35:36+01:00|reframe 3.0-dev6 (rev: 3f0c45d4)|Gromacs_1400k_2 on alaska:roce-gcc9-openmpi4-ucx using gromacs|jobid=5264|ns_per_day=2.613|ns/day|ref=0 (l=None, u=None)|num_nodes=2,num_procs=64,1400k-atoms
2020-09-09T14:35:36+01:00|reframe 3.0-dev6 (rev: 3f0c45d4)|Gromacs_1400k_2 on alaska:roce-gcc9-openmpi4-ucx using gromacs|jobid=5264|hour_per_ns=9.186|hour/ns|ref=0 (l=None, u=None)|num_nodes=2,num_procs=64,1400k-atoms
2020-09-09T14:35:36+01:00|reframe 3.0-dev6 (rev: 3f0c45d4)|Gromacs_1400k_2 on alaska:roce-gcc9-openmpi4-ucx using gromacs|jobid=5264|core_t=84670.591|s|ref=0 (l=None, u=None)|num_nodes=2,num_procs=64,1400k-atoms
2020-09-09T14:35:36+01:00|reframe 3.0-dev6 (rev: 3f0c45d4)|Gromacs_1400k_2 on alaska:roce-gcc9-openmpi4-ucx using gromacs|jobid=5264|wall_t=661.489|s|ref=0 (l=None, u=None)|num_nodes=2,num_procs=64,1400k-atoms
2020-09-09T14:35:36+01:00|reframe 3.0-dev6 (rev: 3f0c45d4)|Gromacs_1400k_2 on alaska:roce-gcc9-openmpi4-ucx using gromacs|jobid=5264|runtime_real=672.183|s|ref=0 (l=None, u=None)|num_nodes=2,num_procs=64,1400k-atoms
2020-09-10T09:58:48+01:00|reframe 3.0-dev6 (rev: 3f0c45d4)|Gromacs_1400k_2 on alaska:roce-gcc9-openmpi4-ucx using gromacs|jobid=5297|ns_per_day=2.631|ns/day|ref=0 (l=None, u=None)|num_nodes=2,1400k-atoms,num_procs=64
2020-09-10T09:58:48+01:00|reframe 3.0-dev6 (rev: 3f0c45d4)|Gromacs_1400k_2 on alaska:roce-gcc9-openmpi4-ucx using gromacs|jobid=5297|hour_per_ns=9.122|hour/ns|ref=0 (l=None, u=None)|num_nodes=2,1400k-atoms,num_procs=64
2020-09-10T09:58:48+01:00|reframe 3.0-dev6 (rev: 3f0c45d4)|Gromacs_1400k_2 on alaska:roce-gcc9-openmpi4-ucx using gromacs|jobid=5297|core_t=84076.309|s|ref=0 (l=None, u=None)|num_nodes=2,1400k-atoms,num_procs=64
2020-09-10T09:58:48+01:00|reframe 3.0-dev6 (rev: 3f0c45d4)|Gromacs_1400k_2 on alaska:roce-gcc9-openmpi4-ucx using gromacs|jobid=5297|wall_t=656.846|s|ref=0 (l=None, u=None)|num_nodes=2,1400k-atoms,num_procs=64
2020-09-10T09:58:48+01:00|reframe 3.0-dev6 (rev: 3f0c45d4)|Gromacs_1400k_2 on alaska:roce-gcc9-openmpi4-ucx using gromacs|jobid=5297|runtime_real=667.132|s|ref=0 (l=None, u=None)|num_nodes=2,1400k-atoms,num_procs=64
2020-09-10T14:48:08+01:00|reframe 3.0-dev6 (rev: 3f0c45d4)|Gromacs_1400k_2 on alaska:roce-gcc9-openmpi4-ucx using gromacs|jobid=6391|ns_per_day=2.668|ns/day|ref=0 (l=None, u=None)|num_nodes=2,num_procs=64,1400k-atoms
2020-09-10T14:48:08+01:00|reframe 3.0-dev6 (rev: 3f0c45d4)|Gromacs_1400k_2 on alaska:roce-gcc9-openmpi4-ucx using gromacs|jobid=6391|hour_per_ns=8.994|hour/ns|ref=0 (l=None, u=None)|num_nodes=2,num_procs=64,1400k-atoms
2020-09-10T14:48:08+01:00|reframe 3.0-dev6 (rev: 3f0c45d4)|Gromacs_1400k_2 on alaska:roce-gcc9-openmpi4-ucx using gromacs|jobid=6391|core_t=82897.634|s|ref=0 (l=None, u=None)|num_nodes=2,num_procs=64,1400k-atoms
2020-09-10T14:48:08+01:00|reframe 3.0-dev6 (rev: 3f0c45d4)|Gromacs_1400k_2 on alaska:roce-gcc9-openmpi4-ucx using gromacs|jobid=6391|wall_t=647.638|s|ref=0 (l=None, u=None)|num_nodes=2,num_procs=64,1400k-atoms
2020-09-10T14:48:08+01:00|reframe 3.0-dev6 (rev: 3f0c45d4)|Gromacs_1400k_2 on alaska:roce-gcc9-openmpi4-ucx using gromacs|jobid=6391|runtime_real=658.542|s|ref=0 (l=None, u=None)|num_nodes=2,num_procs=64,1400k-atoms
