#------------------------------------------------------------
#    Intel(R) MPI Benchmarks 2019 Update 5, MPI-1 part    
#------------------------------------------------------------
# Date                  : Fri Sep 11 15:08:31 2020
# Machine               : x86_64
# System                : Linux
# Release               : 3.10.0-1127.8.2.el7.x86_64
# Version               : #1 SMP Tue May 12 16:57:42 UTC 2020
# MPI Version           : 3.1
# MPI Thread Environment: 


# Calling sequence was: 

# IMB-MPI1 biband -npmin 32 

# Minimum message length in bytes:   0
# Maximum message length in bytes:   4194304
#
# MPI_Datatype                   :   MPI_BYTE 
# MPI_Datatype for reductions    :   MPI_FLOAT 
# MPI_Op                         :   MPI_SUM  
# 
# 

# List of Benchmarks to run:

# Biband

#---------------------------------------------------
# Benchmarking Biband 
# #processes = 32 
#---------------------------------------------------
       #bytes #repetitions   Mbytes/sec      Msg/sec
            0         1000         0.00       650982
            1         1000         0.65       650911
            2         1000         1.30       650932
            4         1000         2.60       650786
            8         1000         5.20       650619
           16         1000        10.41       650667
           32         1000        20.83       650967
           64         1000        41.65       650747
          128         1000       123.28       963093
          256         1000       221.68       865950
          512         1000      7031.05     13732528
         1024         1000     11251.92     10988204
         2048         1000     11824.05      5773463
         4096         1000     11964.08      2920917
         8192         1000     16086.55      1963690
        16384         1000     12319.00       751892
        32768         1000     12323.76       376091
        65536          640     12428.04       189637
       131072          320     13550.03       103379
       262144          160     13700.11        52262
       524288           80     12439.36        23726
      1048576           40     14245.45        13586
      2097152           20     12608.35         6012
      4194304           10     12405.39         2958


# All processes entering MPI_Finalize

