#------------------------------------------------------------
#    Intel(R) MPI Benchmarks 2019 Update 5, MPI-1 part    
#------------------------------------------------------------
# Date                  : Fri Sep 11 15:08:00 2020
# Machine               : x86_64
# System                : Linux
# Release               : 3.10.0-1127.8.2.el7.x86_64
# Version               : #1 SMP Tue May 12 16:57:42 UTC 2020
# MPI Version           : 3.1
# MPI Thread Environment: 


# Calling sequence was: 

# IMB-MPI1 biband -npmin 16 

# Minimum message length in bytes:   0
# Maximum message length in bytes:   4194304
#
# MPI_Datatype                   :   MPI_BYTE 
# MPI_Datatype for reductions    :   MPI_FLOAT 
# MPI_Op                         :   MPI_SUM  
# 
# 

# List of Benchmarks to run:

# Biband

#---------------------------------------------------
# Benchmarking Biband 
# #processes = 16 
#---------------------------------------------------
       #bytes #repetitions   Mbytes/sec      Msg/sec
            0         1000         0.00       490231
            1         1000         0.49       488983
            2         1000         0.98       488508
            4         1000         1.96       490975
            8         1000         3.91       488511
           16         1000         7.82       489029
           32         1000        15.65       489001
           64         1000        31.30       489002
          128         1000        62.91       491463
          256         1000      2401.40      9380474
          512         1000      4219.10      8240427
         1024         1000      5090.03      4970734
         2048         1000      5610.45      2739478
         4096         1000      5800.07      1416032
         8192         1000      5957.00       727173
        16384         1000      5988.72       365523
        32768         1000      6029.71       184012
        65536          640      6050.40        92322
       131072          320      6061.54        46246
       262144          160      6102.00        23277
       524288           80      6110.31        11654
      1048576           40      6108.67         5826
      2097152           20      6104.17         2911
      4194304           10      6089.19         1452


# All processes entering MPI_Finalize

