#------------------------------------------------------------
#    Intel(R) MPI Benchmarks 2019 Update 6, MPI-1 part    
#------------------------------------------------------------
# Date                  : Thu Oct  1 16:21:41 2020
# Machine               : x86_64
# System                : Linux
# Release               : 3.10.0-1127.19.1.el7.x86_64
# Version               : #1 SMP Tue Aug 25 17:23:54 UTC 2020
# MPI Version           : 3.1
# MPI Thread Environment: 


# Calling sequence was: 

# /home/hpcbras1/spack/opt/spack/linux-scientific7-skylake_avx512/gcc-9.1.0/intel-mpi-benchmarks-2019.6-5tbknirppyjnbofzuo2idr3bqgxprrmf/bin/IMB-MPI1 uniband -npmin 1 

# Minimum message length in bytes:   0
# Maximum message length in bytes:   4194304
#
# MPI_Datatype                   :   MPI_BYTE 
# MPI_Datatype for reductions    :   MPI_FLOAT 
# MPI_Op                         :   MPI_SUM  
# 
# 

# List of Benchmarks to run:

# Uniband

#---------------------------------------------------
# Benchmarking Uniband 
# #processes = 2 
# ( 110 additional processes waiting in MPI_Barrier)
#---------------------------------------------------
       #bytes #repetitions   Mbytes/sec      Msg/sec
            0         1000         0.00      8300810
            1         1000         8.04      8036305
            2         1000        13.53      6766479
            4         1000        32.59      8148018
            8         1000        62.38      7797990
           16         1000       115.16      7197259
           32         1000       253.48      7921298
           64         1000       482.54      7539678
          128         1000       336.61      2629736
          256         1000       481.71      1881682
          512         1000       898.09      1754084
         1024         1000      1378.21      1345904
         2048         1000      1774.57       866487
         4096         1000      2253.65       550208
         8192         1000      2747.53       335392
        16384         1000      7598.56       463779
        32768         1000     12254.64       373982
        65536          640     14361.34       219137
       131072          320     18797.54       143414
       262144          160     22127.49        84410
       524288           80     23297.77        44437
      1048576           40     23621.46        22527
      2097152           20     22777.65        10861
      4194304           10     16979.86         4048

#---------------------------------------------------
# Benchmarking Uniband 
# #processes = 4 
# ( 108 additional processes waiting in MPI_Barrier)
#---------------------------------------------------
       #bytes #repetitions   Mbytes/sec      Msg/sec
            0         1000         0.00     19880978
            1         1000        19.45     19452485
            2         1000        39.39     19693550
            4         1000        79.43     19857716
            8         1000       154.88     19359705
           16         1000       316.95     19809415
           32         1000       593.40     18543753
           64         1000      1260.45     19694544
          128         1000      1412.11     11032126
          256         1000      2120.60      8283593
          512         1000      3793.43      7409035
         1024         1000      6191.62      6046504
         2048         1000     10912.98      5328601
         4096         1000     14465.83      3531696
         8192         1000     17605.97      2149167
        16384         1000     16786.24      1024551
        32768         1000     18864.22       575690
        65536          640     22161.03       338150
       131072          320     24050.66       183492
       262144          160     24979.44        95289
       524288           80     25370.07        48390
      1048576           40     25540.18        24357
      2097152           20     25601.33        12208
      4194304           10     25645.23         6114

#---------------------------------------------------
# Benchmarking Uniband 
# #processes = 8 
# ( 104 additional processes waiting in MPI_Barrier)
#---------------------------------------------------
       #bytes #repetitions   Mbytes/sec      Msg/sec
            0         1000         0.00     36762045
            1         1000        36.04     36039724
            2         1000        73.50     36747950
            4         1000       144.69     36172753
            8         1000       288.25     36031000
           16         1000       587.22     36701399
           32         1000      1111.98     34749347
           64         1000      2328.53     36383332
          128         1000      2803.31     21900843
          256         1000      4058.92     15855162
          512         1000      7341.25     14338376
         1024         1000     12172.32     11887035
         2048         1000     21459.24     10478143
         4096         1000     30350.10      7409693
         8192         1000     37751.89      4608385
        16384         1000     20535.26      1253373
        32768         1000     21290.14       649724
        65536          640     22913.98       349640
       131072          320     24257.23       185068
       262144          160     24982.07        95299
       524288           80     25391.31        48430
      1048576           40     25588.70        24403
      2097152           20     25727.65        12268
      4194304           10     25810.43         6154

#---------------------------------------------------
# Benchmarking Uniband 
# #processes = 16 
# ( 96 additional processes waiting in MPI_Barrier)
#---------------------------------------------------
       #bytes #repetitions   Mbytes/sec      Msg/sec
            0         1000         0.00     76531589
            1         1000        77.35     77353484
            2         1000       155.94     77970952
            4         1000       308.89     77222757
            8         1000       611.52     76439541
           16         1000      1245.38     77836106
           32         1000      2486.77     77711625
           64         1000      4816.37     75255826
          128         1000      5834.57     45582581
          256         1000      8590.02     33554782
          512         1000     15555.04     30380930
         1024         1000     24980.29     24394811
         2048         1000     44471.09     21714401
         4096         1000     54692.35     13352625
         8192         1000     65358.06      7978279
        16384         1000     21046.53      1284578
        32768         1000     21285.81       649591
        65536          640     22932.62       349924
       131072          320     24273.47       185192
       262144          160     24981.22        95296
       524288           80     25404.52        48455
      1048576           40     25597.23        24411
      2097152           20     25741.56        12275
      4194304           10     25841.48         6161

#---------------------------------------------------
# Benchmarking Uniband 
# #processes = 32 
# ( 80 additional processes waiting in MPI_Barrier)
#---------------------------------------------------
       #bytes #repetitions   Mbytes/sec      Msg/sec
            0         1000         0.00    142568247
            1         1000       139.83    139829847
            2         1000       278.97    139485268
            4         1000       562.97    140742857
            8         1000      1129.86    141232534
           16         1000      2295.59    143474434
           32         1000      4486.47    140202315
           64         1000      9059.87    141560446
          128         1000     10997.39     85917090
          256         1000     16808.31     65657452
          512         1000     31044.88     60634537
         1024         1000     50118.90     48944236
         2048         1000     84695.16     41355057
         4096         1000    107045.32     26134112
         8192         1000    127529.00     15567505
        16384         1000     20744.96      1266172
        32768         1000     21235.69       648062
        65536          640     22790.39       347754
       131072          320     24046.95       183464
       262144          160     25006.12        95391
       524288           80     25434.34        48512
      1048576           40     25641.05        24453
      2097152           20     25753.81        12280
      4194304           10     25794.15         6150

#---------------------------------------------------
# Benchmarking Uniband 
# #processes = 64 
# ( 48 additional processes waiting in MPI_Barrier)
#---------------------------------------------------
       #bytes #repetitions   Mbytes/sec      Msg/sec
            0         1000         0.00    115490078
            1         1000       112.26    112260072
            2         1000       232.00    116000456
            4         1000       450.94    112736052
            8         1000       926.33    115791246
           16         1000      1829.98    114373991
           32         1000      3664.70    114521910
           64         1000      7246.47    113226033
          128         1000     12331.66     96341090
          256         1000     20225.97     79007709
          512         1000     34299.28     66990783
         1024         1000     43328.17     42312667
         2048         1000     47841.17     23359945
         4096         1000     48143.96     11753897
         8192         1000     48565.00      5928345
        16384         1000     17420.96      1063291
        32768         1000     18117.23       552894
        65536          640     19328.31       294927
       131072          320     20146.68       153707
       262144          160     20511.85        78247
       524288           80     20723.79        39527
      1048576           40     20828.23        19863
      2097152           20     20853.70         9944
      4194304           10     20891.83         4981

#---------------------------------------------------
# Benchmarking Uniband 
# #processes = 112 
#---------------------------------------------------
       #bytes #repetitions   Mbytes/sec      Msg/sec
            0         1000         0.00     61715650
            1         1000        62.51     62512072
            2         1000       131.23     65616198
            4         1000       250.85     62711962
            8         1000       509.99     63748401
           16         1000      1009.34     63083718
           32         1000      2045.54     63923076
           64         1000      1284.86     20075902
          128         1000      1712.62     13379813
          256         1000      5150.77     20120209
          512         1000      7570.16     14785469
         1024         1000      9388.24      9168207
         2048         1000     11133.55      5436304
         4096         1000     11776.73      2875178
         8192         1000     12119.26      1479402
        16384         1000     12130.84       740408
        32768         1000     12150.22       370795
        65536          520     12228.54       186593
       131072          261     12252.92        93482
       262144          131     12252.56        46740
       524288           66     12254.96        23374
      1048576           33     12260.19        11692
      2097152           17     12279.26         5855
      4194304            9     12297.00         2932


# All processes entering MPI_Finalize

