#------------------------------------------------------------
#    Intel(R) MPI Benchmarks 2019 Update 5, MPI-1 part    
#------------------------------------------------------------
# Date                  : Fri Sep 11 15:04:23 2020
# Machine               : x86_64
# System                : Linux
# Release               : 3.10.0-1127.8.2.el7.x86_64
# Version               : #1 SMP Tue May 12 16:57:42 UTC 2020
# MPI Version           : 3.1
# MPI Thread Environment: 


# Calling sequence was: 

# /alaska/steveb/spack/opt/spack/linux-centos7-broadwell/gcc-9.3.0/intel-mpi-benchmarks-2019.5-dwg5q6jdcxgwtiwi2lj32w4ttotvwqnt/bin/IMB-MPI1 uniband -npmin 2 

# Minimum message length in bytes:   0
# Maximum message length in bytes:   4194304
#
# MPI_Datatype                   :   MPI_BYTE 
# MPI_Datatype for reductions    :   MPI_FLOAT 
# MPI_Op                         :   MPI_SUM  
# 
# 

# List of Benchmarks to run:

# Uniband

#---------------------------------------------------
# Benchmarking Uniband 
# #processes = 2 
#---------------------------------------------------
       #bytes #repetitions   Mbytes/sec      Msg/sec
            0         1000         0.00      6622863
            1         1000         6.64      6643771
            2         1000        13.30      6647991
            4         1000        26.48      6621031
            8         1000        53.00      6625456
           16         1000       106.12      6632358
           32         1000       210.94      6591865
           64         1000       415.33      6489510
          128         1000       776.03      6062763
          256         1000      1230.41      4806299
          512         1000      1901.05      3712987
         1024         1000      2358.12      2302851
         2048         1000      2662.26      1299929
         4096         1000      2785.27       679998
         8192         1000      2906.50       354798
        16384         1000      2974.66       181559
        32768         1000      2999.70        91544
        65536          640      3012.97        45974
       131072          320      3019.96        23040
       262144          160      3023.65        11534
       524288           80      3025.55         5771
      1048576           40      3061.83         2920
      2097152           20      3062.71         1460
      4194304           10      3063.22          730


# All processes entering MPI_Finalize

