44,0,1.06,12001.278120 
44,1,0.99,12036.041387 
44,2,0.98,12052.646238 
44,3,1.01,12057.513959 
44,4,0.98,12070.408113 
44,5,1.04,12057.447782 
44,6,0.99,12068.779473 
44,7,1.08,12053.370419 
44,8,0.97,12061.511753 
44,9,1.00,12061.269485 
44,10,0.97,12060.946476 
44,11,0.98,12067.390544 
44,12,0.97,12068.957357 
44,13,0.99,12060.182628 
44,14,0.97,12070.359587 
44,15,0.97,12073.608449 
44,16,0.97,12062.133619 
44,17,0.97,12069.463546 
44,18,0.97,12071.576087 
44,19,0.97,12065.019270 
44,20,0.97,12068.029185 
44,21,0.98,12044.139994 
44,22,0.98,12066.585467 
44,23,0.97,12069.668944 
44,24,0.99,12060.978776 
44,25,0.98,12070.345029 
44,26,0.98,12068.751983 
44,27,0.98,12062.808860 
44,28,0.98,12062.511616 
44,29,0.98,12071.648891 
44,30,0.97,12068.863563 
44,31,0.98,12069.481336 
44,32,0.99,12064.471440 
44,33,0.98,12066.928178 
44,34,0.99,12057.129820 
44,35,0.98,11995.995547 
44,36,0.98,12065.967991 
44,37,1.01,12071.669924 
44,38,0.98,12069.992420 
44,39,0.98,12065.620487 
44,40,0.98,12068.291129 
44,41,0.98,12067.901452 
44,42,1.00,12063.406625 
44,43,0.98,12062.892867 
44,45,1.05,12048.066072 
44,46,1.05,12054.070490 
44,47,1.01,12055.559622 
44,48,1.08,12043.953178 
44,49,0.98,12062.230539 
44,50,0.98,12042.233459 
44,51,0.98,12023.679537 
44,52,1.07,12053.192995 
44,53,0.98,12018.135087 
44,54,0.98,12043.658472 
44,55,0.99,12019.175886 
src,dst,lat(us),bandwidth((Mbytes/sec)
0,1,1.01,12052.686557 
0,2,0.98,12046.944534 
0,3,0.99,12054.852924 
0,4,0.97,12065.992236 
0,5,0.98,12070.930600 
0,6,0.98,12064.443969 
0,7,0.97,12068.273342 
0,8,0.98,12077.453360 
0,9,1.06,12065.245527 
0,10,0.98,12071.877015 
0,11,0.98,12066.507875 
0,12,1.04,12062.566540 
0,13,1.05,12052.963964 
0,14,0.98,11990.953872 
0,15,0.97,12071.721696 
0,16,0.97,12061.327628 
0,17,1.05,12061.607048 
0,18,1.05,12031.935091 
0,19,1.05,12060.873801 
0,20,1.04,12059.389815 
0,21,1.04,12059.567422 
0,22,0.98,12066.564453 
0,23,1.11,12059.496379 
0,24,0.98,12069.484570 
0,25,0.98,12072.627781 
0,26,1.07,12054.370546 
0,27,1.08,12059.026544 
0,28,1.08,12030.016350 
0,29,1.09,12032.205113 
0,30,0.98,12020.005125 
0,31,1.09,12061.345394 
0,32,1.09,12059.870980 
0,33,1.08,12052.247894 
0,34,0.98,12064.498911 
0,35,0.99,12035.057164 
0,36,1.09,12053.401066 
0,37,0.99,11991.999548 
0,38,1.08,11979.136860 
0,39,1.08,12048.871903 
0,40,0.97,12062.278999 
0,41,1.09,12046.830136 
4,0,1.08,12020.656407 
4,1,1.00,12031.211875 
4,2,0.99,12057.996589 
4,3,0.99,12065.798277 
4,5,1.08,12052.552697 
4,6,1.05,12064.849583 
4,7,0.98,12065.294012 
4,8,1.07,12055.901706 
4,9,1.00,12066.527273 
4,10,1.05,12017.485682 
4,11,0.97,12079.474741 
4,12,1.04,12054.207611 
4,13,1.06,12047.239401 
4,14,1.08,12010.037773 
4,15,0.97,12071.461221 
4,16,0.97,12069.641449 
4,17,0.98,12075.120219 
4,18,1.04,12061.804103 
4,19,0.98,12063.304839 
4,20,1.03,12059.715970 
4,21,1.04,12061.946245 
4,22,0.97,12071.182963 
4,23,1.04,12061.049837 
4,24,0.98,12066.171654 
4,25,0.98,12070.189750 
4,26,0.99,12070.089467 
4,27,0.99,12072.673089 
4,28,0.97,12078.841367 
4,29,1.05,12061.214572 
4,30,0.97,12062.324230 
4,31,1.05,12063.285452 
4,32,0.98,12074.472733 
4,33,0.98,12072.655290 
4,34,0.98,12073.153697 
4,35,0.98,12068.585424 
4,36,1.05,12057.970762 
4,37,1.05,12056.227672 
4,38,0.99,12070.522959 
4,39,1.04,12056.502014 
4,40,0.98,12070.964571 
4,41,0.98,12074.841791 
4,42,1.00,12070.131521 
4,43,0.97,12072.983781 
24,0,1.05,11971.217686 
24,1,0.99,12063.482562 
24,2,0.99,12064.471440 
24,3,0.99,12069.415027 
24,4,1.00,12072.854324 
24,5,1.05,12053.546236 
24,6,0.98,12071.305913 
24,7,1.08,12060.870571 
24,8,0.97,12068.504573 
24,9,0.99,12076.253485 
24,10,0.98,12073.202246 
24,11,0.98,12070.789864 
24,12,0.97,12075.916721 
24,13,1.00,12074.356193 
24,14,0.97,12074.598988 
24,15,0.98,12067.456830 
24,16,0.97,12074.064853 
24,17,0.98,12074.977766 
24,18,0.97,12074.734957 
24,19,0.98,12072.134271 
24,20,0.97,12076.886588 
24,21,0.97,12065.575232 
24,22,0.96,12072.347851 
24,23,0.97,12074.043813 
24,25,0.98,12078.535233 
24,26,1.04,12060.964241 
24,27,0.98,12065.418458 
24,28,1.07,12063.246677 
24,29,0.98,12069.842002 
24,30,0.98,12070.464727 
24,31,0.98,12073.383496 
24,32,1.04,12058.740787 
24,33,0.99,12063.569809 
24,34,0.98,12075.601021 
24,35,0.98,12071.427247 
24,36,1.05,12054.304403 
24,37,1.00,12078.548191 
24,38,1.05,12056.579478 
24,39,0.99,12069.596164 
24,40,1.08,12044.094900 
24,41,1.05,12059.517369 
0,42,1.10,12049.257128 
0,43,0.98,12009.852014 
0,44,1.08,12053.855944 
0,45,1.08,11969.219647 
0,46,1.07,12060.101889 
0,47,1.10,12066.515958 
0,48,0.99,12070.814128 
0,49,0.98,12065.775649 
0,50,0.98,12071.800973 
0,51,0.97,12066.661444 
0,52,1.05,11980.811512 
0,53,1.08,12057.646315 
0,54,0.98,12063.624743 
0,55,0.98,12071.715224 
4,44,0.98,12075.113743 
4,45,1.04,12056.755388 
4,46,1.04,12061.154815 
4,47,1.06,12062.227308 
4,48,1.04,12056.468124 
4,49,0.97,12072.093822 
4,50,0.97,12070.731629 
4,51,0.97,12062.282230 
4,52,0.98,12068.431807 
4,53,0.97,12072.847851 
4,54,0.98,12068.734195 
4,55,1.04,12059.825769 
24,42,1.01,12012.945012 
24,43,0.97,12070.616779 
24,44,1.04,12059.060449 
24,45,0.98,12035.396477 
24,46,0.99,12033.323908 
24,47,1.00,12066.333297 
24,48,1.04,12057.575295 
24,49,0.97,12073.098676 
24,50,0.97,12077.059852 
24,51,0.98,12068.821518 
24,52,1.04,12060.145488 
24,53,0.98,12068.168240 
24,54,0.97,12067.230490 
24,55,0.98,12074.435505 
16,0,0.97,12072.142361 
16,1,0.98,12076.395968 
16,2,0.97,12077.589393 
16,3,0.99,12074.629742 
16,4,0.97,12073.076830 
16,5,1.05,12062.611773 
16,6,0.97,12076.632367 
16,7,1.08,12060.000159 
16,8,0.97,12079.603530 
16,9,0.98,12072.246723 
16,10,0.96,12071.325326 
16,11,0.97,12077.940827 
16,12,0.96,12075.983101 
16,13,0.98,12058.845724 
16,14,0.97,12080.386042 
16,15,0.97,12077.683323 
16,17,1.04,12062.757972 
16,18,1.07,12062.244269 
16,19,0.98,12079.123218 
16,20,1.03,12059.989663 
16,21,0.98,12073.959651 
16,22,0.97,12080.414396 
16,23,0.98,12074.904922 
16,24,1.05,12068.338830 
16,25,0.97,12074.571470 
16,26,1.04,12063.638477 
16,27,1.04,12019.199943 
16,28,1.04,12057.978026 
16,29,0.98,12075.201159 
16,30,0.97,12076.337679 
16,31,0.98,12070.230995 
16,32,1.07,12046.415261 
16,33,1.04,12043.717251 
16,34,0.98,12073.254031 
16,35,0.97,12075.221394 
16,36,0.99,12078.806542 
16,37,1.05,12063.926083 
16,38,0.98,12075.648780 
16,39,1.05,12058.180612 
16,40,0.98,12046.570735 
16,41,0.98,12068.460105 
15,0,0.98,12061.477027 
15,1,0.97,12063.006762 
15,2,0.98,12075.315287 
15,3,0.99,12073.046083 
15,4,0.97,12069.664901 
15,5,1.09,12058.651188 
15,6,0.98,12070.936262 
15,7,1.05,12061.695883 
15,8,0.97,12071.777513 
15,9,0.98,12070.294078 
15,10,0.97,12068.136710 
15,11,0.97,12071.988653 
15,12,0.97,12072.830051 
15,13,0.99,12070.314297 
15,14,0.97,12070.137182 
15,16,0.97,12079.345955 
15,17,1.05,12061.331666 
15,18,0.98,12065.127549 
15,19,1.04,12060.232687 
15,20,0.98,12072.649626 
15,21,1.04,12061.015921 
15,22,0.97,12076.977268 
15,23,1.07,12038.653092 
15,24,0.98,12072.364032 
15,25,0.97,12072.920670 
15,26,0.99,12075.048182 
15,27,0.99,12073.605212 
15,28,1.00,12057.074138 
15,29,1.04,12061.653888 
15,30,0.97,12065.971224 
15,31,1.04,12056.432621 
15,32,0.99,12076.900351 
15,33,0.99,12068.650915 
15,34,0.97,12071.614107 
15,35,0.98,12072.684416 
15,36,1.06,12022.286526 
15,37,1.00,12069.157887 
15,38,1.05,12050.983691 
15,39,0.98,12069.977864 
15,40,0.98,12071.856791 
15,41,1.04,12063.190938 
16,42,1.00,12079.000919 
16,43,0.98,12076.980506 
16,44,1.04,12066.446449 
16,45,1.04,12063.298377 
16,46,1.06,12062.230539 
16,47,1.00,12078.668051 
16,48,1.05,12054.852924 
16,49,0.97,12078.221826 
16,50,0.97,12074.498631 
16,51,0.97,12076.490688 
16,52,1.04,12048.370663 
16,53,0.97,12080.149495 
16,54,0.97,12075.749965 
16,55,1.06,12027.919131 
13,0,1.07,12019.354716 
13,1,1.00,12020.009136 
13,2,0.99,12059.625549 
13,3,1.02,12066.956468 
13,4,0.99,12069.067324 
13,5,1.08,12056.426166 
13,6,1.00,12069.655197 
13,7,1.10,12049.865641 
13,8,0.99,12064.787365 
13,9,1.00,12061.355893 
13,10,1.00,12071.002587 
13,11,0.99,12066.578193 
13,12,0.98,12068.765728 
13,14,0.98,12073.055792 
13,15,0.98,12072.826815 
13,16,0.98,12067.231299 
13,17,1.06,12059.552890 
13,18,1.00,12070.572295 
13,19,0.99,12067.637100 
13,20,0.99,12053.356709 
13,21,1.06,12051.897954 
13,22,0.99,12068.189261 
13,23,1.06,12059.320388 
13,24,1.00,12064.634652 
13,25,1.00,12074.539907 
13,26,1.00,12067.498058 
13,27,0.99,12068.137519 
13,28,1.00,12071.676395 
13,29,1.09,12050.800694 
13,30,0.99,12071.106120 
13,31,1.05,12043.755096 
13,32,1.00,12062.278192 
13,33,1.00,12071.978946 
13,34,0.99,12059.187995 
13,35,0.99,12071.624623 
13,36,1.06,11974.832873 
13,37,1.08,12053.813197 
13,38,1.00,12065.873436 
13,39,1.09,12048.972639 
13,40,1.00,12070.054692 
13,41,1.06,12057.868261 
15,42,1.05,12060.675969 
15,43,0.98,12074.925966 
15,44,0.99,12070.721114 
15,45,0.99,12065.884750 
15,46,0.99,12065.089571 
15,47,1.05,12056.727145 
15,48,1.04,12055.043305 
15,49,0.97,12065.023310 
15,50,0.98,12072.774224 
15,51,0.98,12072.389112 
15,52,0.98,12073.087348 
15,53,0.97,12074.470305 
15,54,0.97,12077.679274 
15,55,0.98,12073.907050 
13,42,1.07,12052.916384 
13,43,0.99,12065.488763 
13,44,1.00,12048.200638 
13,45,0.98,12072.398820 
13,46,1.08,12059.847567 
13,47,1.08,12052.556729 
13,48,1.07,12032.616600 
13,49,0.99,12068.912077 
13,50,0.99,12072.503996 
13,51,0.99,12067.418837 
13,52,0.99,12062.591579 
13,53,0.97,12039.782742 
13,54,0.98,12049.307902 
13,55,1.05,12026.098814 
11,0,0.99,12066.942727 
11,1,0.98,12014.345474 
11,2,0.99,12074.164393 
11,3,0.99,12067.310517 
11,4,0.98,12068.348532 
11,5,1.08,12054.689976 
11,6,0.98,12073.122141 
11,7,1.05,12053.155898 
11,8,0.97,12068.870032 
11,9,0.98,12067.025983 
11,10,0.98,12076.289105 
11,12,1.04,12057.493783 
11,13,1.05,12057.184695 
11,14,0.98,12066.883721 
11,15,0.97,12021.917464 
11,16,0.97,12075.579166 
11,17,1.07,12030.696838 
11,18,0.99,12074.136878 
11,19,1.06,12055.192548 
11,20,0.98,12073.695843 
11,21,1.07,12054.769836 
11,22,0.97,12076.841248 
11,23,1.07,12057.812572 
11,24,0.98,12029.944851 
11,25,0.97,12075.770202 
11,26,0.98,12070.019108 
11,27,1.06,12061.390618 
11,28,1.05,12026.154210 
11,29,0.98,12071.207229 
11,30,0.98,12070.387894 
11,31,1.05,12034.297396 
11,32,0.99,12070.432376 
11,33,0.99,12043.955594 
11,34,0.98,12065.522704 
11,35,0.97,12071.572043 
11,36,1.00,12067.491590 
11,37,1.00,12076.935166 
11,38,0.98,12074.974528 
11,39,1.05,12055.396655 
11,40,0.98,12073.629488 
11,41,1.05,12058.720607 
25,0,0.97,12048.051568 
25,1,0.98,12061.796027 
25,2,0.98,12074.722007 
25,3,0.99,12071.864072 
25,4,0.97,12070.036091 
25,5,1.09,12048.377110 
25,6,0.99,12071.763761 
25,7,1.07,11947.584670 
25,8,0.97,12070.623249 
25,9,1.00,12066.664677 
25,10,0.98,12076.980506 
25,11,0.97,12071.540495 
25,12,0.97,12068.886203 
25,13,0.99,12073.059838 
25,14,0.97,12075.965291 
25,15,0.97,12072.975690 
25,16,0.97,12042.064412 
25,17,0.98,12074.380472 
25,18,0.97,12054.949727 
25,19,0.97,12075.701396 
25,20,0.97,12078.698827 
25,21,0.98,12078.128698 
25,22,0.97,12072.650435 
25,23,0.96,12070.864276 
25,24,0.97,12067.916004 
25,26,1.04,11986.698020 
25,27,1.06,12060.797897 
25,28,0.98,11994.524288 
25,29,1.06,12055.117523 
25,30,0.97,12071.255762 
25,31,1.04,12060.565347 
25,32,0.99,12068.648490 
25,33,1.04,12059.625549 
25,34,0.98,12066.022947 
25,35,0.98,12064.831806 
25,36,0.99,12062.938102 
25,37,1.08,12054.530259 
25,38,0.98,12071.579323 
25,39,1.04,12054.149536 
25,40,0.99,12071.648891 
25,41,1.05,12051.480311 
11,42,1.06,11982.544817 
11,43,0.98,12009.120243 
11,44,1.05,12063.594045 
11,45,1.05,12059.535129 
11,46,1.05,12030.418046 
11,47,1.07,12063.783894 
11,48,1.04,12035.840348 
11,49,0.98,12076.650988 
11,50,0.97,12076.086720 
11,51,0.98,12066.456148 
11,52,1.04,12040.332356 
11,53,0.97,12072.309018 
11,54,0.98,12070.147695 
11,55,1.07,12049.457003 
43,0,0.98,12059.875017 
43,1,0.98,12068.456062 
43,2,0.99,12076.145815 
43,3,0.99,12074.310064 
43,4,0.98,12070.425906 
43,5,1.04,12057.572873 
43,6,0.98,12071.676395 
43,7,1.08,12061.224262 
43,8,0.97,12072.787979 
43,9,0.99,12074.815083 
43,10,0.98,12074.790802 
43,11,0.97,12073.635962 
43,12,0.97,12075.683587 
43,13,1.00,12074.717151 
43,14,0.97,12068.488402 
43,15,0.97,12073.535622 
43,16,0.99,12076.556265 
43,17,0.97,12076.163625 
43,18,0.97,12074.724435 
43,19,0.97,12072.173104 
43,20,0.97,12070.574722 
43,21,0.98,12075.715157 
43,22,0.97,12072.955462 
43,23,0.97,12071.676395 
43,24,0.97,12075.158261 
43,25,0.98,12072.260477 
43,26,0.97,12052.546246 
43,27,0.98,12076.201674 
43,28,0.97,12073.612495 
43,29,0.99,12073.205482 
43,30,0.97,12071.568807 
43,31,0.97,12074.321394 
43,32,0.98,12077.196686 
43,33,0.97,12072.190902 
43,34,0.97,12074.170867 
43,35,0.98,12075.277244 
43,36,0.98,12073.611686 
43,37,0.99,12076.208960 
43,38,0.97,12071.631904 
43,39,0.98,12076.730330 
43,40,0.98,12073.719310 
25,42,1.06,12002.648673 
25,43,0.98,12078.416995 
25,44,0.99,12070.144460 
25,45,1.04,12008.923304 
25,46,1.04,12003.974744 
25,47,1.06,12065.454015 
25,48,0.98,12069.549262 
25,49,0.97,12075.617211 
25,50,0.97,12067.713898 
25,51,0.97,12073.365695 
25,52,0.98,12064.552237 
25,53,0.97,12060.717150 
25,54,0.97,12071.428865 
25,55,1.05,12063.972133 
43,41,0.98,12051.593991 
43,42,0.99,12073.343847 
43,44,1.06,12037.775426 
43,45,1.04,12065.786963 
43,46,0.99,12038.625738 
43,47,1.06,12030.164974 
43,48,1.05,12015.884115 
43,49,0.98,12077.116529 
43,50,0.99,12010.921809 
43,51,0.98,12070.154974 
43,52,0.99,12071.213700 
43,53,0.97,12062.330691 
43,54,0.98,12073.538858 
43,55,1.04,12056.121167 
10,0,1.10,12016.179867 
10,1,1.00,12029.847646 
10,2,0.99,12062.913869 
10,3,1.01,12070.925747 
10,4,0.97,12076.191959 
10,5,1.08,12057.191958 
10,6,0.98,12074.272027 
10,7,1.05,12052.812356 
10,8,0.98,12053.847878 
10,9,1.00,12069.407749 
10,11,0.98,12073.650527 
10,12,1.04,12062.237000 
10,13,1.00,12072.520986 
10,14,0.97,12074.491348 
10,15,0.97,12069.508830 
10,16,0.97,12074.057570 
10,17,0.98,12046.377400 
10,18,1.05,12056.911129 
10,19,0.98,12046.522401 
10,20,1.05,12007.352831 
10,21,0.99,12076.466401 
10,22,0.97,12071.728167 
10,23,0.97,11265.383725 
10,24,1.04,11966.541793 
10,25,0.98,11952.366296 
10,26,1.07,12055.011843 
10,27,0.99,12073.149651 
10,28,0.98,12063.326651 
10,29,1.06,12016.241585 
10,30,0.98,12072.850279 
10,31,0.98,12072.844615 
10,32,1.05,12056.117132 
10,33,1.05,11981.339818 
10,34,1.06,12021.552437 
10,35,0.99,12069.689161 
10,36,1.06,12058.634237 
10,37,1.00,12075.291004 
10,38,1.05,12011.396712 
10,39,1.00,12068.852243 
10,40,1.05,12002.843806 
10,41,0.98,12070.554502 
14,0,0.98,12068.012208 
14,1,0.98,12069.081879 
14,2,0.97,12065.526745 
14,3,1.00,12070.362822 
14,4,0.98,12069.095625 
14,5,1.08,12057.632595 
14,6,0.98,12066.768944 
14,7,1.05,12058.457464 
14,8,0.97,12069.855750 
14,9,0.98,12074.133641 
14,10,0.97,12067.772104 
14,11,0.97,12068.883777 
14,12,0.97,12075.478793 
14,13,0.98,12060.312621 
14,15,0.97,12068.582190 
14,16,0.97,12074.866882 
14,17,0.98,12024.409873 
14,18,1.06,12052.164842 
14,19,1.04,12059.243697 
14,20,1.03,12058.818279 
14,21,0.97,12052.805905 
14,22,0.97,12075.548406 
14,23,0.98,12072.135080 
14,24,1.04,12010.750437 
14,25,0.97,12046.023773 
14,26,1.04,12059.049954 
14,27,1.04,12057.205677 
14,28,1.04,12062.184502 
14,29,0.98,12072.837333 
14,30,0.97,12040.767738 
14,31,0.98,12002.459943 
14,32,1.04,12054.745636 
14,33,1.04,12054.335861 
14,34,0.97,12074.380472 
14,35,0.97,12067.435813 
14,36,0.99,11975.449018 
14,37,1.00,12070.863467 
14,38,0.97,12071.446661 
14,39,0.99,12040.826488 
14,40,1.06,12044.197972 
14,41,0.98,12065.811208 
37,0,1.07,11995.807027 
37,1,1.00,12058.175769 
37,2,0.99,12071.419158 
37,3,1.01,12064.692828 
37,4,0.99,12061.078907 
37,5,1.10,12058.256483 
37,6,1.00,12065.937281 
37,7,1.09,12055.695162 
37,8,0.99,12064.618492 
37,9,1.00,12065.454015 
37,10,0.98,12068.108414 
37,11,0.98,12063.787933 
37,12,1.00,12063.951127 
37,13,1.00,12069.765985 
37,14,0.98,11991.451942 
37,15,0.99,12066.685692 
37,16,0.98,12066.016482 
37,17,0.99,12073.859305 
37,18,0.98,12072.776651 
37,19,1.00,12061.841253 
37,20,0.99,12065.255224 
37,21,0.99,12070.194602 
37,22,0.99,12071.301059 
37,23,0.99,12061.479450 
37,24,1.00,12062.015702 
37,25,0.99,12064.232284 
37,26,0.99,12071.936879 
37,27,0.99,12073.791330 
37,28,0.99,12066.385023 
37,29,0.99,12065.001493 
37,30,0.99,12061.841253 
37,31,0.99,12061.450377 
37,32,0.99,12071.509756 
37,33,0.99,12070.307827 
37,34,0.98,12077.544048 
37,35,0.99,12063.594045 
37,36,0.99,12059.499608 
37,38,1.07,12022.883491 
37,39,1.06,12056.955512 
37,40,1.00,12059.076594 
37,41,1.06,12056.460055 
10,42,1.07,12044.491899 
10,43,0.98,12021.193848 
10,44,0.99,12067.321834 
10,45,0.99,12071.423203 
10,46,0.99,12077.972408 
10,47,1.01,12071.220980 
10,48,0.98,12048.045122 
10,49,0.97,12071.349593 
10,50,0.97,12074.557712 
10,51,0.98,12073.525102 
10,52,0.99,12016.259218 
10,53,0.97,12073.247558 
10,54,1.07,12055.771002 
10,55,0.99,12067.911153 
14,42,1.00,12072.351087 
14,43,0.98,12066.835224 
14,44,1.04,12053.370419 
14,45,1.04,12014.527365 
14,46,1.06,12043.447517 
14,47,1.00,12069.943089 
14,48,0.98,12072.186857 
14,49,0.97,12071.951440 
14,50,0.97,12070.515680 
14,51,0.97,12070.648322 
14,52,1.04,12053.467198 
14,53,0.97,12069.943089 
14,54,0.97,12042.966856 
14,55,0.98,12073.673994 
18,0,1.06,12027.801882 
18,1,0.98,12014.964890 
18,2,0.98,12060.027610 
18,3,1.00,12071.095605 
18,4,0.97,12077.867137 
18,5,1.05,12061.661156 
18,6,0.98,12062.729701 
18,7,1.08,12062.820169 
18,8,0.97,12080.180278 
18,9,0.98,12080.608825 
18,10,0.98,12077.463886 
18,11,0.97,12077.613685 
18,12,0.98,12079.105400 
18,13,0.99,12075.813105 
18,14,0.97,12079.077862 
18,15,0.97,12079.314367 
18,16,0.97,12077.682513 
18,17,0.97,12056.585933 
18,19,1.04,12064.981292 
18,20,1.04,12066.585467 
18,21,0.98,12064.388219 
18,22,0.97,12072.361605 
18,23,1.04,12065.908187 
18,24,1.04,12061.730610 
18,25,0.97,12075.053848 
18,26,1.05,12062.861364 
18,27,1.04,12062.354922 
18,28,1.05,12066.390681 
18,29,1.04,12061.092635 
18,30,0.97,12070.692806 
18,31,0.99,12067.543327 
18,32,1.04,12060.742182 
18,33,0.99,12073.991211 
18,34,0.98,12071.169212 
18,35,0.97,12074.539907 
18,36,0.99,12076.560313 
18,37,1.06,12061.113631 
18,38,0.98,12076.625890 
18,39,1.04,12034.666414 
18,40,0.98,12074.665353 
18,41,1.06,12049.681871 
37,42,1.01,12069.626893 
37,43,0.99,12067.361443 
37,44,1.00,12065.449166 
37,45,1.06,12056.755388 
37,46,1.00,12066.721256 
37,47,1.08,12048.705893 
37,48,1.06,12045.613785 
37,49,0.98,12066.279954 
37,50,0.99,12070.065205 
37,51,1.00,12066.161956 
37,52,1.00,12062.947795 
37,53,0.99,12069.581608 
37,54,0.99,12067.810908 
37,55,1.00,12065.887174 
18,42,1.09,12036.763574 
18,43,0.98,12072.485388 
18,44,0.99,12069.432817 
18,45,1.04,12061.175810 
18,46,1.04,12058.997484 
18,47,1.06,12063.219212 
18,48,0.98,12073.546141 
18,49,0.96,12076.598364 
18,50,0.97,12077.940017 
18,51,0.97,12081.509763 
18,52,1.04,12062.323422 
18,53,0.97,12073.799422 
18,54,0.98,12071.537259 
18,55,1.04,12061.345394 
28,0,1.09,12006.634168 
28,1,1.06,12038.988585 
28,2,1.05,12033.544155 
28,3,1.06,12043.547358 
28,4,1.05,12034.322318 
28,5,1.14,12011.227729 
28,6,1.04,12029.303005 
28,7,1.14,12030.589980 
28,8,1.04,12047.827566 
28,9,1.08,12043.346068 
28,10,1.05,12040.747618 
28,11,1.06,12044.391238 
28,12,1.06,12043.474892 
28,13,1.05,12042.217359 
28,14,1.05,12031.541329 
28,15,1.03,12034.314279 
28,16,1.04,12033.614893 
28,17,1.04,12031.186163 
28,18,1.06,12044.785841 
28,19,1.04,12034.130983 
28,20,1.05,12037.254197 
28,21,1.03,12042.627920 
28,22,1.05,12041.541201 
28,23,1.04,12018.611362 
28,24,1.05,12038.612061 
28,25,1.05,12036.946950 
28,26,1.05,12038.911348 
28,27,1.05,12029.989036 
28,29,1.12,12017.601126 
28,30,1.05,12034.063455 
28,31,1.00,12042.275319 
28,32,1.07,12022.726220 
28,33,0.99,12066.629113 
28,34,0.98,12063.464789 
28,35,0.97,12061.556977 
28,36,1.05,12025.122638 
28,37,1.00,12059.420492 
28,38,0.99,12059.399503 
28,39,1.00,12065.037047 
28,40,1.05,12023.045580 
28,41,0.99,12062.552001 
30,0,0.99,12069.525003 
30,1,0.97,12073.948321 
30,2,0.98,12078.083349 
30,3,0.99,12077.793449 
30,4,0.97,12075.353330 
30,5,1.08,12063.110967 
30,6,0.98,12077.009654 
30,7,1.06,12064.464976 
30,8,0.97,12076.619413 
30,9,0.99,12075.656065 
30,10,0.97,12080.309082 
30,11,0.97,12081.700987 
30,12,0.97,12079.951030 
30,13,1.00,12080.612066 
30,14,0.97,12081.067379 
30,15,0.97,12075.086224 
30,16,0.97,12073.334946 
30,17,0.98,12072.273421 
30,18,0.97,12081.649129 
30,19,0.97,12067.783422 
30,20,0.97,12074.511581 
30,21,0.97,12078.792773 
30,22,0.97,12079.902428 
30,23,0.97,12077.558624 
30,24,0.97,12080.197290 
30,25,0.97,12077.820981 
30,26,0.97,12075.843866 
30,27,0.97,12073.847976 
30,28,0.97,12078.180526 
30,29,0.97,12043.510320 
30,31,1.04,12058.259711 
30,32,1.05,12060.059905 
30,33,0.99,12078.914258 
30,34,0.97,12081.843598 
30,35,0.97,12070.159017 
30,36,1.05,12058.931290 
30,37,1.00,12076.910877 
30,38,1.05,12039.624224 
30,39,1.07,12064.296920 
30,40,1.07,12064.925538 
30,41,0.99,12073.865779 
5,0,1.13,12010.993883 
5,1,0.99,12042.218969 
5,2,0.98,12066.692158 
5,3,0.99,12018.091791 
5,4,0.98,12076.475306 
5,6,1.04,12050.766030 
5,7,1.06,12060.720380 
5,8,0.99,12069.403706 
5,9,1.07,12058.763389 
5,10,0.98,12071.263851 
5,11,0.97,12070.137990 
5,12,0.99,12073.841502 
5,13,1.08,12055.711298 
5,14,0.99,12065.647963 
5,15,0.98,12074.647548 
5,16,0.96,12067.248274 
5,17,1.06,12045.865091 
5,18,0.98,12063.584351 
5,19,1.07,12036.445093 
5,20,0.98,12065.901721 
5,21,1.04,12046.124462 
5,22,0.98,12075.704634 
5,23,0.98,12067.872348 
5,24,1.06,12055.157859 
5,25,0.99,12069.778924 
5,26,1.07,12039.250879 
5,27,1.07,12052.894611 
5,28,1.04,12056.561726 
5,29,1.05,12061.012691 
5,30,0.98,12067.272524 
5,31,0.99,12073.281542 
5,32,1.05,12057.686668 
5,33,1.07,12022.578582 
5,34,0.98,12073.359221 
5,35,0.97,12070.385468 
5,36,0.99,12072.069552 
5,37,1.06,12056.090506 
5,38,1.08,12054.801297 
5,39,0.99,12063.482562 
5,40,1.04,12058.966809 
5,41,1.06,12029.343168 
5,42,0.99,12072.485388 
5,43,0.99,12070.335324 
20,0,1.04,11973.961304 
20,1,0.99,12036.801375 
20,2,0.99,12065.475026 
20,3,1.02,12068.796453 
20,4,0.97,12077.850132 
20,5,1.09,12055.562849 
20,6,0.98,12075.075702 
20,7,1.08,12062.497077 
20,8,0.97,12073.216001 
20,9,0.99,12068.136710 
20,10,0.97,12072.023440 
20,11,0.98,12079.294118 
20,12,0.97,12068.696193 
20,13,0.99,12069.495083 
20,14,0.97,12068.897523 
20,15,0.98,12070.755893 
20,16,0.97,12067.068016 
20,17,0.98,12074.303589 
20,18,0.97,12078.145704 
20,19,0.97,12067.300008 
20,21,1.06,12061.071640 
20,22,0.97,12070.759129 
20,23,0.97,12075.485269 
20,24,1.03,12051.514173 
20,25,0.98,12071.801782 
20,26,1.04,12058.585805 
20,27,0.98,12073.194963 
20,28,1.07,12038.904911 
20,29,1.04,12062.005202 
20,30,0.97,12041.379418 
20,31,0.98,12072.565484 
20,32,1.06,12062.913061 
20,33,0.99,12068.824752 
20,34,0.97,12072.461925 
20,35,0.97,12073.515392 
20,36,1.04,12058.509123 
20,37,1.05,12058.433249 
20,38,0.98,12072.409338 
20,39,0.98,12049.630288 
20,40,0.98,12070.752658 
20,41,1.03,12062.150580 
28,42,1.06,12046.643237 
28,43,0.99,12059.428565 
28,44,1.05,12047.874300 
28,45,0.99,12060.701001 
28,46,0.99,12061.067602 
28,47,1.01,12048.881573 
28,48,1.07,12026.246539 
28,49,0.97,12064.023839 
28,50,0.98,12069.693204 
28,51,0.97,12063.322611 
28,52,0.97,12058.033716 
28,53,0.97,12062.532616 
28,54,0.97,12033.688847 
28,55,0.99,12059.441482 
47,0,1.07,12025.471025 
47,1,1.01,12026.651194 
47,2,1.00,12071.846274 
47,3,1.02,12076.988603 
47,4,0.99,12076.616175 
47,5,1.08,12023.302365 
47,6,1.01,12070.610308 
47,7,1.08,12009.635836 
47,8,1.00,12077.634738 
47,9,1.01,12071.922317 
47,10,1.00,12078.640516 
47,11,0.98,12074.283357 
47,12,1.01,12011.946942 
47,13,1.01,12076.616175 
47,14,1.00,12072.941707 
47,15,0.98,12073.935373 
47,16,0.99,12071.736257 
47,17,0.99,12073.302580 
47,18,0.99,12077.356195 
47,19,1.00,12076.300439 
47,20,0.99,12074.262316 
47,21,1.00,12073.781620 
47,22,0.98,12076.525500 
47,23,0.98,12076.548169 
47,24,1.01,12073.152079 
47,25,0.99,12072.226498 
47,26,1.01,12071.721696 
47,27,0.99,12073.535622 
47,28,1.00,12075.277244 
47,29,0.99,12072.972453 
47,30,1.01,12075.926435 
47,31,0.98,12079.793883 
47,32,1.01,12072.291219 
47,33,0.99,12075.047373 
47,34,0.99,12080.574799 
47,35,0.99,12073.645672 
47,36,1.00,12076.379776 
47,37,1.01,12076.988603 
47,38,1.01,12076.465591 
47,39,0.99,12076.122339 
47,40,1.00,12040.974575 
45,0,1.06,11976.290547 
45,1,0.99,12024.779087 
45,2,0.98,12061.731418 
45,3,1.00,12076.073767 
45,4,0.99,12077.335143 
45,5,1.07,12056.852222 
45,6,0.98,12068.677597 
45,7,1.08,12050.409727 
45,8,0.98,12075.756441 
45,9,1.00,12070.658836 
45,10,0.99,12070.971042 
45,11,0.98,12068.242620 
45,12,0.98,12072.179576 
45,13,0.99,12076.531977 
45,14,0.97,12072.017777 
45,15,0.98,12071.700663 
45,16,0.97,12068.336404 
45,17,0.99,12074.181388 
45,18,0.97,12071.839803 
45,19,0.99,12071.155461 
45,20,0.98,12077.676845 
45,21,0.97,12068.737429 
45,22,0.98,12075.026329 
45,23,0.97,12071.394891 
45,24,0.98,12076.483402 
45,25,0.97,12076.797528 
45,26,0.99,12065.127549 
45,27,0.98,12070.696041 
45,28,0.99,12074.341626 
45,29,0.98,12076.486640 
45,30,0.99,12075.089462 
45,31,0.97,12072.605128 
45,32,0.98,12077.522996 
45,33,0.98,12070.304592 
45,34,0.99,12076.744093 
45,35,0.98,12059.924266 
45,36,1.00,12056.952285 
45,37,1.00,12073.359221 
45,38,0.98,12070.880452 
45,39,0.98,12045.840926 
45,40,0.99,12071.809062 
35,0,0.98,12072.815488 
35,1,0.99,12074.767331 
35,2,0.98,12078.426713 
35,3,0.99,12074.293069 
35,4,0.98,12078.336011 
35,5,1.05,12060.273058 
35,6,0.98,12076.638844 
35,7,1.08,12062.497077 
35,8,0.97,12074.526148 
35,9,0.98,12077.981316 
35,10,0.99,12072.899634 
35,11,0.97,12079.026027 
35,12,0.97,12078.225875 
35,13,0.99,12077.932729 
35,14,0.97,12074.186243 
35,15,0.97,12076.961075 
35,16,0.97,12075.898912 
35,17,0.98,12076.684182 
35,18,0.97,12068.289512 
35,19,0.97,12077.505182 
35,20,0.97,12076.444542 
35,21,0.98,12077.168348 
35,22,0.97,12077.412874 
35,23,0.97,12078.661572 
35,24,0.97,12040.332356 
35,25,0.97,12078.834888 
35,26,0.97,12078.413756 
35,27,0.98,12076.089958 
35,28,0.98,12072.849470 
35,29,0.97,12080.910203 
35,30,0.98,12075.110506 
35,31,0.97,12068.388148 
35,32,0.99,12077.377247 
35,33,0.97,12074.234800 
35,34,0.97,12076.983745 
35,36,1.04,12058.619707 
35,37,1.07,12065.235830 
35,38,0.99,12071.194287 
35,39,1.04,12058.471186 
35,40,0.99,12039.944482 
35,41,1.05,12059.801548 
55,0,1.05,11986.551266 
55,1,0.99,12065.151791 
55,2,0.98,12070.440464 
55,3,0.99,12073.428810 
55,4,0.98,12072.736197 
55,5,1.06,11925.003035 
55,6,0.98,12068.803730 
55,7,1.08,12038.573445 
55,8,0.98,12069.848471 
55,9,1.00,12070.189750 
55,10,0.97,12074.105316 
55,11,0.97,12071.687720 
55,12,0.97,12077.071188 
55,13,0.99,12073.168262 
55,14,0.97,12068.624234 
55,15,0.97,12074.759237 
55,16,0.96,12072.203846 
55,17,0.97,12075.210872 
55,18,0.97,12068.515892 
55,19,0.98,12061.209727 
55,20,0.96,12074.369142 
55,21,1.05,12060.931941 
55,22,0.96,12073.639198 
55,23,0.97,12069.977864 
55,24,0.97,12071.037368 
55,25,0.97,12072.658526 
55,26,0.98,12069.284030 
55,27,0.97,12072.791215 
55,28,0.97,12070.697659 
55,29,0.97,12070.480903 
55,30,0.97,12069.757898 
55,31,0.97,12064.668588 
55,32,0.97,12070.116963 
55,33,0.97,12070.841628 
55,34,0.97,12072.294456 
55,35,0.97,12071.412687 
55,36,0.99,12068.818284 
55,37,0.99,12065.415226 
55,38,0.98,12067.009008 
55,39,0.98,12070.040943 
55,40,0.97,12072.524222 
21,0,1.04,12035.785666 
21,1,0.98,12055.867820 
21,2,0.98,12074.849885 
21,3,1.01,12076.136101 
21,4,0.97,12074.968053 
21,5,1.05,12060.579074 
21,6,0.97,12076.229198 
21,7,1.08,12059.728887 
21,8,0.97,12078.521466 
21,9,0.99,12078.639706 
21,10,0.97,12074.838554 
21,11,0.97,12078.897250 
21,12,0.97,12081.342853 
21,13,0.99,12079.303837 
21,14,0.97,12078.009658 
21,15,0.97,12077.777254 
21,16,0.97,12076.264009 
21,17,0.97,12076.048672 
21,18,0.97,12076.525500 
21,19,0.96,12075.780725 
21,20,0.97,12075.363853 
21,22,0.97,12075.944244 
21,23,1.04,12067.331534 
21,24,0.99,12077.230693 
21,25,0.97,12075.565405 
21,26,0.99,12075.482031 
21,27,1.03,12060.721187 
21,28,0.98,12082.895461 
21,29,1.05,12065.661701 
21,30,0.97,12073.247558 
21,31,1.04,12060.707460 
21,32,0.98,12076.650988 
21,33,1.07,12064.797870 
21,34,0.98,12071.933643 
21,35,0.97,12074.957531 
21,36,0.98,12073.414245 
21,37,1.08,12059.184766 
21,38,1.05,12062.295961 
21,39,1.06,12061.768568 
21,40,1.04,12063.798436 
21,41,0.98,12076.521453 
30,42,1.06,12036.062295 
30,43,0.98,12070.319149 
30,44,1.04,12059.795089 
30,45,0.99,12075.962053 
30,46,1.05,12031.867587 
30,47,1.01,12079.155616 
30,48,1.05,12036.247258 
30,49,0.97,12079.960751 
30,50,0.97,12079.772823 
30,51,0.97,12067.338809 
30,52,0.99,12078.706925 
30,53,0.97,12073.589028 
30,54,0.97,12072.166632 
30,55,0.99,12066.845731 
19,0,1.08,12016.689654 
19,1,0.98,12062.164310 
19,2,0.99,12066.942727 
19,3,0.99,12073.682086 
19,4,0.99,12032.481578 
19,5,1.06,12063.722495 
19,6,0.99,12073.546141 
19,7,1.07,12057.933635 
19,8,0.98,12069.599399 
19,9,0.98,12070.821408 
19,10,0.98,12076.375728 
19,11,0.97,12072.611600 
19,12,0.98,12071.332606 
19,13,0.98,12075.819581 
19,14,0.97,12077.502753 
19,15,0.97,12070.304592 
19,16,0.98,12070.554502 
19,17,0.96,12077.606398 
19,18,0.97,12073.038801 
19,20,1.03,12070.339368 
19,21,1.06,12031.055994 
19,22,0.97,12079.464211 
19,23,1.04,12009.336402 
19,24,0.98,12071.346357 
19,25,0.97,12071.894812 
19,26,0.97,12078.945035 
19,27,1.04,12059.604559 
19,28,0.98,12073.806705 
19,29,0.99,12079.379974 
19,30,0.97,12075.043326 
19,31,1.04,12063.964862 
19,32,0.99,12066.827949 
19,33,1.06,12044.467740 
19,34,0.97,12068.248279 
19,35,0.97,12066.797234 
19,36,1.06,12010.797684 
19,37,1.00,12075.979053 
19,38,1.07,12054.752896 
19,39,0.98,12054.548005 
19,40,1.06,12007.225578 
19,41,0.99,12066.296927 
5,44,1.05,12059.310701 
5,45,1.04,12061.817025 
5,46,0.98,12070.220482 
5,47,1.01,12066.748737 
5,48,0.98,12071.919081 
5,49,0.97,12072.909343 
5,50,0.98,12072.885070 
5,51,0.98,12076.013862 
5,52,1.05,12054.693203 
5,53,0.98,12073.355985 
5,54,1.04,12061.337319 
5,55,0.99,12073.660238 
22,0,0.98,12069.946324 
22,1,0.97,12072.593801 
22,2,0.99,12071.943351 
22,3,0.99,12075.183352 
22,4,0.98,12065.832220 
22,5,1.05,12050.523387 
22,6,0.97,12072.003215 
22,7,1.08,12058.994255 
22,8,0.98,12066.216914 
22,9,0.99,12073.017764 
22,10,0.99,12066.519191 
22,11,0.98,12021.611000 
22,12,0.97,12024.926780 
22,13,0.99,12072.860797 
22,14,0.97,12074.512390 
22,15,0.97,12074.348910 
22,16,0.98,12075.628543 
22,17,0.97,12073.824508 
22,18,0.97,12067.422070 
22,19,0.97,12068.811007 
22,20,0.97,12073.114859 
22,21,0.97,12076.337679 
22,23,1.06,12058.620514 
22,24,1.04,12055.632232 
22,25,0.97,12042.825161 
22,26,1.04,12053.213963 
22,27,0.97,12070.877217 
22,28,1.06,12007.857867 
22,29,0.98,12074.116646 
22,30,0.97,12074.497822 
22,31,0.98,12072.357560 
22,32,1.04,12060.107541 
22,33,0.98,12071.377095 
22,34,0.98,12068.998594 
22,35,0.97,12076.448590 
22,36,1.05,12051.804425 
22,37,1.00,12071.272748 
22,38,1.05,12055.195775 
22,39,0.99,12077.544048 
22,40,0.98,12023.896221 
22,41,1.04,12057.531714 
20,42,0.99,12073.576890 
20,43,0.98,12073.875490 
20,44,1.12,11962.466887 
20,45,1.05,12052.774455 
20,46,1.04,12057.670527 
20,47,1.09,12011.826800 
20,48,1.03,12062.004395 
20,49,0.97,12073.063075 
20,50,0.99,12074.519674 
20,51,0.97,12075.363853 
20,52,1.07,12049.238591 
20,53,0.97,12075.381660 
20,54,0.97,12071.659407 
20,55,1.07,12047.751021 
53,0,0.98,12065.765951 
53,1,0.97,12017.033544 
53,2,1.00,12012.888936 
53,3,0.99,11991.503029 
53,4,0.98,12074.323822 
53,5,1.04,12001.567557 
53,6,0.97,12069.537941 
53,7,1.07,12042.347770 
53,8,0.97,12046.604569 
53,9,0.99,12072.478915 
53,10,0.98,12033.738686 
53,11,0.97,12038.980540 
53,12,0.97,12075.079749 
53,13,0.98,12073.881964 
53,14,0.97,12075.196303 
53,15,0.97,12066.700241 
53,16,0.97,12073.597120 
53,17,0.97,12072.875361 
53,18,0.97,12077.307613 
53,19,0.98,12051.512560 
53,20,0.97,12004.638690 
53,21,1.07,12058.613250 
53,22,0.97,12073.869016 
53,23,0.97,12015.821600 
53,24,0.97,12069.811271 
53,25,0.97,12068.244237 
53,26,0.97,12071.457986 
53,27,0.98,12024.133779 
53,28,0.98,12073.362458 
53,29,0.97,12069.832297 
53,30,0.97,12067.966127 
53,31,0.98,12073.645672 
53,32,0.97,12074.874166 
53,33,0.97,12072.606746 
53,34,0.98,12069.714230 
53,35,0.98,12072.781506 
53,36,0.98,12067.106007 
53,37,0.99,12070.147695 
53,38,0.98,12074.874166 
53,39,0.98,12037.847823 
53,40,0.98,12073.566371 
46,0,1.06,11970.797661 
46,1,0.99,12057.212133 
46,2,0.97,12070.040943 
46,3,0.99,12075.900531 
46,4,0.99,12064.978868 
46,5,1.05,12057.933635 
46,6,0.97,12071.461221 
46,7,1.07,12056.994247 
46,8,0.97,12073.597120 
46,9,1.00,12068.748749 
46,10,0.97,12074.984241 
46,11,0.97,12071.365771 
46,12,0.97,12075.465033 
46,13,0.99,12067.143190 
46,14,0.96,12065.251992 
46,15,0.97,12075.099174 
46,16,0.97,12072.330053 
46,17,0.98,12068.512658 
46,18,0.98,12074.799705 
46,19,0.97,12072.198992 
46,20,0.96,12076.340917 
46,21,0.98,12071.545348 
46,22,0.96,12071.021191 
46,23,0.98,12074.901685 
46,24,0.98,12074.199192 
46,25,0.97,12068.077693 
46,26,0.97,12074.432268 
46,27,0.99,12023.478910 
46,28,0.98,12071.985417 
46,29,0.97,12060.885106 
46,30,0.97,12070.477667 
46,31,0.98,12045.331885 
46,32,0.97,12074.238037 
46,33,0.97,12069.887289 
46,34,0.97,12070.925747 
46,35,0.97,12076.204912 
46,36,0.98,12074.395040 
46,37,0.99,12069.732021 
46,38,0.98,12070.317532 
46,39,0.97,12073.534003 
46,40,0.97,12067.547369 
47,41,1.00,12010.900988 
47,42,1.01,12075.565405 
47,43,0.99,12071.058398 
47,44,1.06,12062.789474 
47,45,0.99,12076.525500 
47,46,0.99,12075.426180 
47,48,1.07,12026.191944 
47,49,0.99,12077.547287 
47,50,0.99,12070.616779 
47,51,0.99,12075.471508 
47,52,0.99,12074.102079 
47,53,0.99,12073.504873 
47,54,0.99,12070.265771 
47,55,1.07,12025.788925 
45,41,0.98,12067.206240 
45,42,1.02,12060.353799 
45,43,0.97,12072.378594 
45,44,0.98,12076.465591 
45,46,1.05,12053.463972 
45,47,1.06,12035.361098 
45,48,1.00,12070.293269 
45,49,0.97,12065.074218 
45,50,0.98,12067.466531 
45,51,0.98,12050.080851 
45,52,0.99,12071.203994 
45,53,0.98,12071.398127 
45,54,0.98,12076.771620 
45,55,1.04,12052.755908 
35,42,1.00,12073.579318 
35,43,0.98,12071.267086 
35,44,0.98,12074.168439 
35,45,1.05,12057.032982 
35,46,0.98,12072.223262 
35,47,1.06,12063.107735 
35,48,0.98,12078.663192 
35,49,0.97,12079.411563 
35,50,0.98,12076.319869 
35,51,0.98,12071.763761 
35,52,1.04,12065.124317 
35,53,0.97,12077.126245 
35,54,0.98,12075.662541 
35,55,0.98,12074.147398 
31,0,1.06,11972.442929 
31,1,1.04,11982.706617 
31,2,1.04,11973.202068 
31,3,1.07,11989.399266 
31,4,1.04,11988.034929 
31,5,1.12,11984.610295 
31,6,1.04,11980.851353 
31,7,1.14,11971.432483 
31,8,1.03,11997.499129 
31,9,1.05,11992.778734 
31,10,1.04,11984.434889 
31,11,1.04,11974.258977 
31,12,1.04,11980.840198 
31,13,1.06,11985.571930 
31,14,1.03,11989.740798 
31,15,1.05,11990.069581 
31,16,1.03,11987.900906 
31,17,1.03,11978.142806 
31,18,1.05,11988.512013 
31,19,1.04,11992.631831 
31,20,1.04,11991.238023 
31,21,1.04,11980.111957 
31,22,1.03,11985.311970 
31,23,1.04,11989.158291 
31,24,1.04,11982.706617 
31,25,1.04,11989.905187 
31,26,1.05,11983.954941 
31,27,1.05,11989.970625 
31,28,1.04,11974.964216 
31,29,1.04,11992.967159 
31,30,1.04,11987.655204 
31,32,1.13,11974.082282 
31,33,1.12,11977.507272 
31,34,0.99,12031.184556 
31,35,0.97,12065.832220 
31,36,0.99,12070.822217 
31,37,1.07,12065.547756 
31,38,0.99,12056.821557 
31,39,1.04,12063.531032 
31,40,0.99,12073.490307 
31,41,1.07,12066.241160 
29,0,1.05,12031.377404 
29,1,1.00,12061.799257 
29,2,0.98,12071.855982 
29,3,1.01,12068.095479 
29,4,0.97,12078.852706 
29,5,1.04,12063.230521 
29,6,0.99,12071.527552 
29,7,1.08,12058.537374 
29,8,0.97,12075.735394 
29,9,1.00,12072.485388 
29,10,0.98,12078.637276 
29,11,0.98,12075.902150 
29,12,0.98,12075.108887 
29,13,0.99,12072.961126 
29,14,0.98,12073.011291 
29,15,0.97,12075.325810 
29,16,0.98,12075.659303 
29,17,0.97,12079.298167 
29,18,0.97,12074.446835 
29,19,0.98,12076.326345 
29,20,0.98,12072.402865 
29,21,0.98,12079.638360 
29,22,0.98,12074.620030 
29,23,0.97,12058.175769 
29,24,0.98,12041.869611 
29,25,0.98,12075.304765 
29,26,0.98,12078.598402 
29,27,0.97,12075.847104 
29,28,0.98,12076.111005 
29,30,0.97,12073.755725 
29,31,1.04,12064.338934 
29,32,0.98,12069.203168 
29,33,1.05,12035.975445 
29,34,0.98,12076.970790 
29,35,0.97,12072.944944 
29,36,0.98,12051.997935 
29,37,1.09,12042.344550 
29,38,1.04,12032.370669 
29,39,0.98,12071.058398 
29,40,0.98,12070.822217 
29,41,1.04,12064.432657 
49,0,0.98,12068.210281 
49,1,0.97,12070.450169 
49,2,0.98,12078.216158 
49,3,1.00,12076.692278 
49,4,0.97,12076.880111 
49,5,1.06,12069.914784 
49,6,0.97,12076.340917 
49,7,1.08,12064.742925 
49,8,0.97,12050.166293 
49,9,0.99,12080.621787 
49,10,0.99,12050.545152 
49,11,0.97,12052.812356 
49,12,0.98,12081.485456 
49,13,0.99,12057.601120 
49,14,0.98,12075.921578 
49,15,0.96,12080.890759 
49,16,0.97,12075.743489 
49,17,0.97,12033.759587 
49,18,0.97,12078.170808 
49,19,0.97,12079.495801 
49,20,0.96,12079.759862 
49,21,1.06,12045.159529 
49,22,0.97,12080.203771 
49,23,0.98,12060.340881 
49,24,0.98,12077.555385 
49,25,0.97,12077.829078 
49,26,0.98,12078.810591 
49,27,0.98,12078.336011 
49,28,0.97,12079.230131 
49,29,0.98,12077.825839 
49,30,0.98,12079.422902 
49,31,0.97,12083.094833 
49,32,0.97,12078.868904 
49,33,0.97,12034.293376 
49,34,0.98,12080.845389 
49,35,0.98,12076.370061 
49,36,0.98,12081.705849 
49,37,0.99,12077.769156 
49,38,0.98,12058.269397 
49,39,0.97,12080.083880 
49,40,0.97,12075.877865 
55,41,0.97,12034.741989 
55,42,1.00,12068.074459 
55,43,0.97,12071.538877 
55,44,1.04,12024.954071 
55,45,0.97,12073.402916 
55,46,0.97,12071.888341 
55,47,0.99,12070.254449 
55,48,0.96,12075.926435 
55,49,0.96,12076.399206 
55,50,0.97,12073.789712 
55,51,0.97,12073.566371 
55,52,0.97,12072.702216 
55,53,0.97,12071.888341 
55,54,0.97,12073.054983 
21,42,1.08,12063.680486 
21,43,0.97,12079.516861 
21,44,0.98,12078.183765 
21,45,1.04,12063.430860 
21,46,0.99,12074.557712 
21,47,1.00,12078.295520 
21,48,0.98,12074.140115 
21,49,0.97,12076.765143 
21,50,0.97,12071.457986 
21,51,0.97,12074.706629 
21,52,0.98,12071.155461 
21,53,0.96,12079.282778 
21,54,0.97,12077.331904 
21,55,0.98,12078.038001 
19,42,1.00,12020.777528 
19,43,0.98,12075.941006 
19,44,1.04,12010.161883 
19,45,0.99,12065.550988 
19,46,0.99,12074.195955 
19,47,1.00,12071.520272 
19,48,0.98,12071.161932 
19,49,0.97,12075.589689 
19,50,0.97,12078.385411 
19,51,0.97,12080.381991 
19,52,0.98,12067.543327 
19,53,0.97,12070.891776 
19,54,0.97,12080.191619 
19,55,0.98,12075.280482 
23,0,1.06,12018.545612 
23,1,1.00,12021.594153 
23,2,0.99,12062.809668 
23,3,1.00,12072.020204 
23,4,0.98,12074.789993 
23,5,1.09,12056.595616 
23,6,0.98,12075.112934 
23,7,1.07,12058.755316 
23,8,0.98,12072.024249 
23,9,0.99,12068.519126 
23,10,0.98,12069.328504 
23,11,0.97,12067.245040 
23,12,0.98,12069.992420 
23,13,0.98,12068.505381 
23,14,0.98,12070.853761 
23,15,0.98,12066.873213 
23,16,0.98,12068.511849 
23,17,0.97,12068.716407 
23,18,0.98,12071.860836 
23,19,0.97,12042.379165 
23,20,0.98,12067.789889 
23,21,0.97,12060.229458 
23,22,0.97,12074.390993 
23,24,1.04,11932.337914 
23,25,0.97,12039.983912 
23,26,0.98,12071.072148 
23,27,1.06,12048.138592 
23,28,0.98,12073.924853 
23,29,1.04,12059.518176 
23,30,0.98,12072.893161 
23,31,1.04,12025.826657 
23,32,0.99,12074.008206 
23,33,1.07,12051.870541 
23,34,0.98,12072.843806 
23,35,0.97,12070.085423 
23,36,0.99,12065.345730 
23,37,1.06,12057.739935 
23,38,0.98,12069.220958 
23,39,1.04,12052.382554 
23,40,1.06,12057.684247 
23,41,0.99,12064.742925 
22,42,0.99,12037.229262 
22,43,0.96,12076.006577 
22,44,1.08,12043.661693 
22,45,0.98,12066.602441 
22,46,0.97,12069.803993 
22,47,1.05,12007.806641 
22,48,0.97,12073.695034 
22,49,0.97,12071.353637 
22,50,0.97,12072.493478 
22,51,0.97,12073.045274 
22,52,1.03,12056.681957 
22,53,0.96,12074.811036 
22,54,0.97,12063.267680 
22,55,0.97,12062.850864 
40,0,1.04,11993.550037 
40,1,0.99,12070.748614 
40,2,0.99,12069.106136 
40,3,0.99,12072.343806 
40,4,0.98,12073.604403 
40,5,1.05,12059.275181 
40,6,0.98,12070.036900 
40,7,1.07,12056.938566 
40,8,0.97,12072.694125 
40,9,0.98,12067.056699 
40,10,0.97,12079.773633 
40,11,0.97,12077.899528 
40,12,0.97,12071.343122 
40,13,0.99,12076.483402 
40,14,0.97,12076.271295 
40,15,0.97,12074.641073 
40,16,0.96,12073.594693 
40,17,0.97,12072.287983 
40,18,0.97,12073.590647 
40,19,0.97,12068.782708 
40,20,0.97,12080.075779 
40,21,0.97,12077.443643 
40,22,0.97,12079.631070 
40,23,0.97,12073.727402 
40,24,0.97,12071.818770 
40,25,0.98,12068.362276 
40,26,0.97,12068.310533 
40,27,0.97,12079.930779 
40,28,0.98,12014.372717 
40,29,0.98,12070.172766 
40,30,0.97,12076.374919 
40,31,0.97,12067.772104 
40,32,0.98,12073.915142 
40,33,0.97,12062.480115 
40,34,0.97,12076.097243 
40,35,0.97,12052.735748 
40,36,0.97,12067.706623 
40,37,0.99,12076.514166 
40,38,0.97,12065.210780 
40,39,0.98,12065.026543 
40,41,1.04,12057.548662 
34,0,0.98,12068.483551 
34,1,0.99,12074.257460 
34,2,0.98,12069.377830 
34,3,1.00,12011.716272 
34,4,0.98,12077.064710 
34,5,1.05,12060.642863 
34,6,0.98,12069.115840 
34,7,1.08,12061.109593 
34,8,0.98,12074.375617 
34,9,1.00,12072.703834 
34,10,0.97,12073.054983 
34,11,0.97,12066.840882 
34,12,0.98,12078.172428 
34,13,0.99,12077.098716 
34,14,0.97,12074.001732 
34,15,0.98,12076.865537 
34,16,0.97,12070.662072 
34,17,0.97,12075.482841 
34,18,0.98,12078.083349 
34,19,0.97,12081.864666 
34,20,0.97,12079.429382 
34,21,0.98,12073.184444 
34,22,0.97,12071.082663 
34,23,0.97,12065.200275 
34,24,0.99,12071.521081 
34,25,0.97,12067.820609 
34,26,0.98,12076.107767 
34,27,0.98,12074.637836 
34,28,0.98,12055.196582 
34,29,0.97,12073.236230 
34,30,0.97,12078.334392 
34,31,0.97,12076.685801 
34,32,0.97,12060.738144 
34,33,0.97,12076.591887 
34,35,0.97,12078.392700 
34,36,1.04,12066.608099 
34,37,1.00,12069.505595 
34,38,1.05,12064.195119 
34,39,0.99,12071.360917 
34,40,1.04,12064.450432 
34,41,0.99,12078.726363 
53,41,0.97,12074.132831 
53,42,1.00,12026.594990 
53,43,0.98,12074.171676 
53,44,1.04,12059.514139 
53,45,0.98,12076.838010 
53,46,0.97,12017.915404 
53,47,0.99,12067.348509 
53,48,0.98,12074.081039 
53,49,0.97,12064.838271 
53,50,0.97,12073.344656 
53,51,0.97,12072.951416 
53,52,0.97,12067.783422 
53,54,0.98,12071.694192 
53,55,1.05,12053.313965 
46,41,0.98,12078.969332 
46,42,0.99,12074.310873 
46,43,0.97,12072.291219 
46,44,1.04,12058.932905 
46,45,0.97,12051.843127 
46,47,1.06,12061.275945 
46,48,1.04,12033.294971 
46,49,0.97,12073.608449 
46,50,0.97,12069.943898 
46,51,0.98,12071.037368 
46,52,1.05,12057.328342 
46,53,0.98,12065.218053 
46,54,0.98,12071.116636 
46,55,0.98,12069.256537 
31,42,1.00,12076.099672 
31,43,0.98,12074.568233 
31,44,0.99,12073.966125 
31,45,1.04,12065.862930 
31,46,0.99,12062.791090 
31,47,1.06,12062.448615 
31,48,0.99,12072.524222 
31,49,0.97,12077.516518 
31,50,0.97,12074.843410 
31,51,0.98,12074.513199 
31,52,1.05,12063.718456 
31,53,0.96,12071.009867 
31,54,0.97,12071.894812 
31,55,0.97,12076.493117 
29,42,1.00,12074.163584 
29,43,0.97,12077.968359 
29,44,0.99,12072.584092 
29,45,1.05,12062.430845 
29,46,1.04,12065.985771 
29,47,1.05,12061.726572 
29,48,0.98,12073.556660 
29,49,0.97,12045.816762 
29,50,0.98,12071.857600 
29,51,0.97,12071.352828 
29,52,1.04,12058.506702 
29,53,1.04,12044.502368 
29,54,0.98,12066.873213 
29,55,1.04,12065.804742 
49,41,0.97,12066.031029 
49,42,0.99,12079.881367 
49,43,0.97,12077.534332 
49,44,1.04,12063.954359 
49,45,0.97,12073.444993 
49,46,0.97,12081.691264 
49,47,0.99,12073.990402 
49,48,0.97,12078.629177 
49,50,0.97,12081.882493 
49,51,0.97,12072.179576 
49,52,0.98,12076.872014 
49,53,0.97,12080.357688 
49,54,0.98,12070.476050 
49,55,1.04,12064.985332 
41,0,1.04,12006.926265 
41,1,0.99,12050.811174 
41,2,0.98,12062.448615 
41,3,1.01,12061.945437 
41,4,0.98,12063.326651 
41,5,1.08,12054.215677 
41,6,0.99,12056.828013 
41,7,1.08,12050.135663 
41,8,0.98,12056.651294 
41,9,0.99,12063.392084 
41,10,0.97,12021.177003 
41,11,0.97,12053.013156 
41,12,0.98,12063.367850 
41,13,0.99,12070.613544 
41,14,0.98,12066.928178 
41,15,0.97,12068.959783 
41,16,0.98,12057.503468 
41,17,0.97,12070.092702 
41,18,0.97,12067.650843 
41,19,0.99,12065.727968 
41,20,0.97,12072.295265 
41,21,0.98,12028.871665 
41,22,0.96,12069.474058 
41,23,0.99,12068.824752 
41,24,0.97,12067.161781 
41,25,0.97,12071.839803 
41,26,0.98,12068.272534 
41,27,0.98,12061.349432 
41,28,1.00,12071.409451 
41,29,0.97,12068.199771 
41,30,0.98,12065.383710 
41,31,0.98,12065.592202 
41,32,1.00,12062.309691 
41,33,0.98,12064.252483 
41,34,0.99,12068.814241 
41,35,0.97,12067.244232 
41,36,0.97,12065.675439 
41,37,0.99,12071.750009 
41,38,0.97,12067.637100 
41,39,0.98,12069.849280 
41,40,0.98,12074.509153 
23,42,1.06,12052.085823 
23,43,0.98,12070.019108 
23,44,0.98,12061.727380 
23,45,1.04,11984.924444 
23,46,1.05,12057.833556 
23,47,1.07,12056.498787 
23,48,1.04,12052.110012 
23,49,0.96,12067.984721 
23,50,0.97,12070.273050 
23,51,0.97,12070.800378 
23,52,0.98,12070.954056 
23,53,0.97,12070.509210 
23,54,0.97,12071.929598 
23,55,1.05,12053.692216 
1,0,0.99,12049.859999 
1,2,1.10,12004.933089 
1,3,1.10,12034.545817 
1,4,0.98,12076.716566 
1,5,1.09,12042.454032 
1,6,0.99,12068.546615 
1,7,0.98,12064.810798 
1,8,1.08,12003.785973 
1,9,1.09,12038.718258 
1,10,0.99,12066.040727 
1,11,0.98,12063.878417 
1,12,0.99,12065.929199 
1,13,1.00,12069.618807 
1,14,0.99,12053.767224 
1,15,0.98,12076.240532 
1,16,0.98,12015.980293 
1,17,1.08,12018.755696 
1,18,0.98,12067.023558 
1,19,0.98,12072.435227 
1,20,0.98,12070.586045 
1,21,0.98,12065.990620 
1,22,0.98,12002.095296 
1,23,0.98,12064.852815 
1,24,1.04,12035.539606 
1,25,0.98,12072.745906 
1,26,0.98,12068.664660 
1,27,0.99,12062.750703 
1,28,0.99,12074.429031 
1,29,0.98,12041.515444 
1,30,0.98,12039.178465 
1,31,0.98,12048.087022 
1,32,0.99,12070.168722 
1,33,1.06,12054.965861 
1,34,0.99,12073.885201 
1,35,0.98,12075.065180 
1,36,0.98,12068.276576 
1,37,1.00,12065.623719 
1,38,0.99,12069.856558 
1,39,0.99,12039.257315 
1,40,1.05,12054.794843 
1,41,0.99,12077.040421 
1,42,1.00,12066.068206 
1,43,0.99,12071.225024 
33,0,1.09,12024.212432 
33,1,0.99,12035.261393 
33,2,0.98,12073.423955 
33,3,1.01,12070.269006 
33,4,0.97,12042.061192 
33,5,1.09,12058.300069 
33,6,0.98,12072.673089 
33,7,1.08,12061.103133 
33,8,0.98,12073.801041 
33,9,0.99,12072.760470 
33,10,0.98,12076.757047 
33,11,0.98,12039.548587 
33,12,0.97,12076.386253 
33,13,0.99,12069.381065 
33,14,0.98,12070.034474 
33,15,0.97,12076.956217 
33,16,0.97,12028.016305 
33,17,0.97,12072.033956 
33,18,0.98,12069.702908 
33,19,0.97,12074.537479 
33,20,0.97,12078.246931 
33,21,0.98,12075.652827 
33,22,0.97,12073.720119 
33,23,0.97,12073.948321 
33,24,0.98,12077.620163 
33,25,0.97,12070.516489 
33,26,0.98,12063.497103 
33,27,0.98,12075.076511 
33,28,0.98,11987.074494 
33,29,0.98,12073.451467 
33,30,0.98,11989.937108 
33,31,0.98,12073.823699 
33,32,0.98,12074.429031 
33,34,0.99,12072.972453 
33,35,0.98,12069.793480 
33,36,0.99,12067.359826 
33,37,1.07,12062.123927 
33,38,0.99,12074.526148 
33,39,1.07,12029.078093 
33,40,0.99,12076.459115 
33,41,1.04,12026.843897 
40,42,0.99,12078.639706 
40,43,0.98,12070.607073 
40,44,1.04,12060.982006 
40,45,0.99,12072.385067 
40,46,1.04,12033.700101 
40,47,1.00,12071.123915 
40,48,1.05,11996.750487 
40,49,0.97,12072.402865 
40,50,0.97,12078.424284 
40,51,0.97,12081.430359 
40,52,1.05,12061.196806 
40,53,0.97,12022.961326 
40,54,0.97,12069.762750 
40,55,0.99,12060.842309 
34,42,1.05,12057.281536 
34,43,0.97,12073.067929 
34,44,1.05,12061.665194 
34,45,0.98,12074.713914 
34,46,1.05,12062.396922 
34,47,0.99,12074.595750 
34,48,1.05,12067.190073 
34,49,0.98,12070.259301 
34,50,0.98,12029.934407 
34,51,0.98,12076.684182 
34,52,0.99,12070.256066 
34,53,0.97,12076.281010 
34,54,0.98,12076.616175 
34,55,1.04,12059.943643 
42,0,0.99,12063.645748 
42,1,0.99,12072.813060 
42,2,0.99,12074.467068 
42,3,1.00,12074.441980 
42,4,1.01,12073.549378 
42,5,1.07,12063.489832 
42,6,0.99,12076.111815 
42,7,1.10,12063.437323 
42,8,0.99,12079.920249 
42,9,1.01,12072.920670 
42,10,0.98,12080.455711 
42,11,1.00,12080.911013 
42,12,1.01,12078.082540 
42,13,1.02,12074.373189 
42,14,0.99,12079.759862 
42,15,0.98,12076.191959 
42,16,0.99,12030.576321 
42,17,0.98,12079.043035 
42,18,0.98,12078.416995 
42,19,1.01,12050.146141 
42,20,0.98,12079.624590 
42,21,0.98,12078.493121 
42,22,0.99,12079.767152 
42,23,0.98,12080.111422 
42,24,1.00,12079.307887 
42,25,0.99,12080.678497 
42,26,0.99,12080.006114 
42,27,0.99,12076.065672 
42,28,0.99,12076.410540 
42,29,0.99,12079.868406 
42,30,0.99,12078.583825 
42,31,0.99,12073.271023 
42,32,0.98,12079.623780 
42,33,1.00,12047.425513 
42,34,0.99,12079.290878 
42,35,1.00,12074.574708 
42,36,1.00,12077.794259 
42,37,1.01,12044.294604 
42,38,0.99,12074.862835 
42,39,0.99,11985.914041 
42,40,0.98,12077.561862 
6,0,1.05,11999.372341 
6,1,1.05,11999.973428 
6,2,1.05,12002.429555 
6,3,1.09,11998.817669 
6,4,1.05,11990.550019 
6,5,1.05,12002.116087 
6,7,1.14,11983.924646 
6,8,1.12,11991.293896 
6,9,1.01,12059.851604 
6,10,1.09,12051.112679 
6,11,0.97,12077.113290 
6,12,1.05,12061.535980 
6,13,1.01,12072.956271 
6,14,0.98,12078.796013 
6,15,0.97,12077.769156 
6,16,0.97,12077.328665 
6,17,0.99,12078.240452 
6,18,1.04,12071.203994 
6,19,0.98,12036.345371 
6,20,1.04,12036.372714 
6,21,0.99,12078.486642 
6,22,0.97,12077.437166 
6,23,1.04,12062.219231 
6,24,0.99,12072.839760 
6,25,0.98,12076.734378 
6,26,0.99,12029.765706 
6,27,0.99,12074.480827 
6,28,0.98,12078.000751 
6,29,0.98,12075.707872 
6,30,0.98,12076.021957 
6,31,1.04,12062.739394 
6,32,0.99,12076.442923 
6,33,0.99,12075.996053 
6,34,0.98,12077.471174 
6,35,0.98,12075.503886 
6,36,1.04,12062.896098 
6,37,1.01,12073.765435 
6,38,1.06,12064.919073 
6,39,1.04,12014.573040 
6,40,0.98,12002.789424 
6,41,1.06,12064.335702 
6,42,1.05,12061.221032 
6,43,0.98,12078.723123 
9,0,1.06,11996.242390 
9,1,1.07,11986.407705 
9,2,1.06,11984.954743 
9,3,1.07,11985.197942 
9,4,1.06,11991.098340 
9,5,1.16,11964.834572 
9,6,1.06,11996.644230 
9,7,1.13,11971.073697 
9,8,1.05,11993.512508 
9,10,1.14,11956.523203 
9,11,1.05,12004.627490 
9,12,1.01,12046.727019 
9,13,1.10,12053.699475 
9,14,0.99,12071.061633 
9,15,0.98,12073.504063 
9,16,0.99,12074.936488 
9,17,1.06,12026.702581 
9,18,1.00,12073.441757 
9,19,1.06,12055.638687 
9,20,1.00,12075.471508 
9,21,1.06,12062.535039 
9,22,0.99,12074.543144 
9,23,1.06,12045.248928 
9,24,1.00,12073.101104 
9,25,0.99,12071.645655 
9,26,1.08,12033.885795 
9,27,1.06,12065.436236 
9,28,1.06,12059.743419 
9,29,1.00,12074.484873 
9,30,0.99,12075.745917 
9,31,1.06,12062.275769 
9,32,1.00,12072.503996 
9,33,1.07,11979.140046 
9,34,1.00,12071.950631 
9,35,0.99,12077.728669 
9,36,1.01,12068.515892 
9,37,1.09,12065.525937 
9,38,1.00,12064.217741 
9,39,1.10,12027.657331 
9,40,1.00,12025.174814 
9,41,1.06,12056.155055 
9,42,1.02,12073.063075 
9,43,0.99,12028.470875 
48,0,1.08,12014.315025 
48,1,0.99,12043.664914 
48,2,0.98,12073.948321 
48,3,0.99,12074.662116 
48,4,0.98,12077.119768 
48,5,1.04,12037.450457 
48,6,0.97,12075.419704 
48,7,1.08,12061.550517 
48,8,0.97,12077.498704 
48,9,0.99,12073.181208 
48,10,0.97,12075.481222 
48,11,0.97,12036.427401 
48,12,0.97,12079.335426 
48,13,0.99,12075.439131 
48,14,0.97,12075.256199 
48,15,0.97,12080.503508 
48,16,0.97,12076.768382 
48,17,0.97,12074.717151 
48,18,0.97,12078.567627 
48,19,0.98,12078.541712 
48,20,0.96,12076.005767 
48,21,1.04,12058.703655 
48,22,0.97,12075.432655 
48,23,0.97,12079.004969 
48,24,0.97,12077.631499 
48,25,0.98,12078.135177 
48,26,0.97,12079.317606 
48,27,0.99,12056.879658 
48,28,0.97,12074.535860 
48,29,0.97,12069.405324 
48,30,0.97,12073.156934 
48,31,0.97,12078.434812 
48,32,0.97,12078.232354 
48,33,0.98,12073.048510 
48,34,0.98,12076.284248 
48,35,0.97,12075.746727 
48,36,0.98,12074.610318 
48,37,0.99,12077.586154 
48,38,0.97,12073.283160 
48,39,0.99,12079.701541 
48,40,0.97,12076.986983 
41,42,0.99,12073.893293 
41,43,0.99,12074.216996 
41,44,0.99,12074.272836 
41,45,1.04,12064.114326 
41,46,0.99,12068.911268 
41,47,1.07,12059.971901 
41,48,1.04,12066.949194 
41,49,0.98,12075.287767 
41,50,0.98,12020.852929 
41,51,0.98,12074.703392 
41,52,0.99,12071.798546 
41,53,0.97,12069.495083 
41,54,0.97,12074.675065 
41,55,1.05,12040.156120 
1,44,0.99,12066.129628 
1,45,0.98,12065.707765 
1,46,0.99,12072.569529 
1,47,1.00,12043.880708 
1,48,0.98,12066.630730 
1,49,1.05,11996.565937 
1,50,0.98,12071.495196 
1,51,0.99,12065.835452 
1,52,0.98,12047.215231 
1,53,0.98,12073.189299 
1,54,0.98,12068.441509 
1,55,0.98,12072.118091 
33,42,1.01,12074.509962 
33,43,0.98,12072.093822 
33,44,0.99,12025.957515 
33,45,1.04,12058.752088 
33,46,0.99,12074.492157 
33,47,1.06,12061.451993 
33,48,0.99,12071.027661 
33,49,0.98,12073.017764 
33,50,0.97,12022.596234 
33,51,0.98,12069.143332 
33,52,1.05,12013.629178 
33,53,0.98,12056.514925 
33,54,0.98,12070.647513 
33,55,0.98,12075.907007 
42,41,0.99,12072.364841 
42,43,1.00,12076.581362 
42,44,1.09,12066.213681 
42,45,1.01,12075.593736 
42,46,1.06,12057.157257 
42,47,1.02,12073.101104 
42,48,1.00,12076.827484 
42,49,0.99,12072.572765 
42,50,0.99,12077.860659 
42,51,0.99,12075.711919 
42,52,1.06,12060.568577 
42,53,0.99,12076.174149 
42,54,0.99,12077.115719 
42,55,1.00,12061.574744 
38,0,1.06,12031.076885 
38,1,0.99,12039.431111 
38,2,0.99,12067.776955 
38,3,0.99,12071.791265 
38,4,0.98,12065.327952 
38,5,1.05,12052.468834 
38,6,0.98,12070.783393 
38,7,1.08,12006.450115 
38,8,0.97,12072.281511 
38,9,1.00,12072.948180 
38,10,0.98,12072.344615 
38,11,0.97,12069.588078 
38,12,0.97,12066.903929 
38,13,0.99,12073.032328 
38,14,0.98,12069.659240 
38,15,0.97,12074.451691 
38,16,0.97,12075.758059 
38,17,0.99,12073.647290 
38,18,0.97,12072.153687 
38,19,0.97,12073.270214 
38,20,0.98,12074.477589 
38,21,0.98,12072.624545 
38,22,0.97,12076.536835 
38,23,0.99,12073.254031 
38,24,0.98,12075.625305 
38,25,0.97,12077.979696 
38,26,0.97,12073.375405 
38,27,0.98,12071.697427 
38,28,0.98,12069.415027 
38,29,0.97,12070.584427 
38,30,0.97,12074.181388 
38,31,0.98,12075.346855 
38,32,0.98,12075.280482 
38,33,0.98,12072.478915 
38,34,0.98,12070.783393 
38,35,0.97,12072.478915 
38,36,0.98,12072.409338 
38,37,0.99,12075.955577 
38,39,1.08,12063.694220 
38,40,1.05,12056.297064 
38,41,0.98,12075.895674 
6,44,0.99,12074.509962 
6,45,0.99,12078.310097 
6,46,1.06,12007.485689 
6,47,1.07,12060.675162 
6,48,1.04,12068.331553 
6,49,0.97,12076.098053 
6,50,0.98,12066.362393 
6,51,0.98,12078.135177 
6,52,0.98,12079.742042 
6,53,0.97,12076.402444 
6,54,1.13,11987.832300 
6,55,1.05,12063.270911 
9,44,1.06,12057.666492 
9,45,1.08,12058.401770 
9,46,1.09,12047.079881 
9,47,1.08,12007.713795 
9,48,1.06,12033.872129 
9,49,0.99,12079.115929 
9,50,0.99,12071.225024 
9,51,0.99,12076.615365 
9,52,1.06,12057.652772 
9,53,0.99,12074.835317 
9,54,1.01,12076.021148 
9,55,1.06,12058.672175 
48,41,0.98,12075.594546 
48,42,0.99,12075.683587 
48,43,0.97,12078.497980 
48,44,1.04,12060.650938 
48,45,0.98,12070.183280 
48,46,0.97,12080.129244 
48,47,0.99,12075.240011 
48,49,0.97,12072.006451 
48,50,0.97,12077.189399 
48,51,0.97,12072.844615 
48,52,1.05,12036.974296 
48,53,0.97,12074.911397 
48,54,0.97,12073.796186 
48,55,0.98,12068.931483 
27,0,1.04,12033.375352 
27,1,0.99,12025.798559 
27,2,0.98,12069.051152 
27,3,0.99,12073.444993 
27,4,0.99,12070.901482 
27,5,1.08,12060.843117 
27,6,0.98,12075.864912 
27,7,1.08,12054.073717 
27,8,0.99,12075.881103 
27,9,0.98,12079.565460 
27,10,0.99,12072.097058 
27,11,0.97,12075.793677 
27,12,0.98,12072.163396 
27,13,0.98,12074.304399 
27,14,0.97,12076.813721 
27,15,0.98,12075.463414 
27,16,0.97,12069.178910 
27,17,0.99,12077.531093 
27,18,0.97,12079.905668 
27,19,0.97,12071.260615 
27,20,0.97,12082.807934 
27,21,0.98,12076.925450 
27,22,0.98,12076.407302 
27,23,0.97,12075.526551 
27,24,0.99,12074.820748 
27,25,0.97,12081.096546 
27,26,0.97,12077.644455 
27,28,1.05,12056.287381 
27,29,1.04,12064.670204 
27,30,0.97,12072.784742 
27,31,1.04,12055.850070 
27,32,0.99,12072.796069 
27,33,1.07,12058.718185 
27,34,0.98,12073.359221 
27,35,0.98,12075.432655 
27,36,0.99,12080.463002 
27,37,1.06,12064.545774 
27,38,1.05,12032.115104 
27,39,1.05,12057.257325 
27,40,0.99,12076.629129 
27,41,1.05,12060.867341 
3,0,1.10,12030.130429 
3,1,1.01,12027.773774 
3,2,0.99,12068.014633 
3,4,1.07,12052.230155 
3,5,1.08,12055.971094 
3,6,1.00,12066.997692 
3,7,1.07,12050.901463 
3,8,1.08,12051.662522 
3,9,1.09,12053.055898 
3,10,1.00,12070.356352 
3,11,0.99,12071.739493 
3,12,1.00,12069.036598 
3,13,1.02,12072.291219 
3,14,1.00,12069.875967 
3,15,0.99,12075.231917 
3,16,0.99,12065.336033 
3,17,1.08,12051.988259 
3,18,1.00,12066.357543 
3,19,1.07,12054.735149 
3,20,1.00,12066.352694 
3,21,1.01,12064.062619 
3,22,0.99,12059.854833 
3,23,0.99,12064.418114 
3,24,1.05,12052.015674 
3,25,0.99,12071.624623 
3,26,1.06,12054.286658 
3,27,1.08,12023.509405 
3,28,1.01,12070.589280 
3,29,1.00,12066.355927 
3,30,0.99,12040.142440 
3,31,1.00,12063.745924 
3,32,1.01,12063.001108 
3,33,1.06,12053.601079 
3,34,0.99,12068.241003 
3,35,0.99,12067.296775 
3,36,1.00,12066.229845 
3,37,1.02,12003.115723 
3,38,1.08,12048.654318 
3,39,1.01,12062.577848 
3,40,1.06,12058.440514 
3,41,1.06,12000.616145 
3,42,1.07,12055.806501 
3,43,0.99,12071.648891 
38,42,1.08,12052.555923 
38,43,0.98,12074.904922 
38,44,1.04,12059.066907 
38,45,0.98,12071.294588 
38,46,1.04,12058.312983 
38,47,1.00,12077.610446 
38,48,0.98,12071.828477 
38,49,0.97,12072.106766 
38,50,0.97,12074.658878 
38,51,0.98,12075.508743 
38,52,1.04,12063.007570 
38,53,0.97,12074.925966 
38,54,0.97,12073.451467 
38,55,1.04,12056.771527 
27,42,1.00,12073.946703 
27,43,0.98,12077.386964 
27,44,0.99,12075.842247 
27,45,1.04,12058.193526 
27,46,1.04,12062.039931 
27,47,1.06,12044.276888 
27,48,0.98,12067.241807 
27,49,0.97,12078.510937 
27,50,0.97,12071.606827 
27,51,1.05,12030.556235 
27,52,0.99,12078.078491 
27,53,0.97,12041.141982 
27,54,0.97,12069.825828 
27,55,1.05,12028.139983 
3,44,1.00,12070.298122 
3,45,1.00,12039.461687 
3,46,1.00,12066.918478 
3,47,1.02,12063.497103 
3,48,1.00,12043.284877 
3,49,0.99,12072.715161 
3,50,0.99,12058.942592 
3,51,1.07,12025.124243 
3,52,1.01,12058.459886 
3,53,1.00,12061.529520 
3,54,1.06,12060.662242 
3,55,0.99,12072.300928 
17,0,1.06,12004.445898 
17,1,0.99,12022.690113 
17,2,0.97,12059.021701 
17,3,1.00,12067.776146 
17,4,0.97,12079.805224 
17,5,1.08,12062.657005 
17,6,0.97,12073.917570 
17,7,1.04,12057.906194 
17,8,0.98,12075.885960 
17,9,0.98,12076.271295 
17,10,0.97,12075.030376 
17,11,0.97,12074.084276 
17,12,0.97,12077.303565 
17,13,0.98,12074.161156 
17,14,0.97,12073.254031 
17,15,0.96,12077.631499 
17,16,0.96,12074.644310 
17,18,1.05,12063.215172 
17,19,1.06,12045.584789 
17,20,0.98,12074.345673 
17,21,1.04,12046.950979 
17,22,0.97,12071.603591 
17,23,0.97,12076.333631 
17,24,0.98,12067.637100 
17,25,0.98,12071.978946 
17,26,0.99,12074.512390 
17,27,0.99,12065.995469 
17,28,0.99,12074.741431 
17,29,0.97,11996.077827 
17,30,0.97,12067.033258 
17,31,1.04,12060.034876 
17,32,0.99,12075.763726 
17,33,1.04,12060.055061 
17,34,0.98,12079.638360 
17,35,0.98,12073.188490 
17,36,1.06,12059.711933 
17,37,1.01,12078.747420 
17,38,1.05,12058.318633 
17,39,1.00,12074.306827 
17,40,1.04,12060.662242 
17,41,0.97,12078.180526 
32,0,1.06,12010.468564 
32,1,1.06,12030.948325 
32,2,1.06,12040.221303 
32,3,1.07,12035.927196 
32,4,1.06,12032.192255 
32,5,1.14,12021.858096 
32,6,1.05,12013.044347 
32,7,1.14,12026.015319 
32,8,1.05,12039.263752 
32,9,1.06,12033.876952 
32,10,1.06,11971.787313 
32,11,1.04,12045.894088 
32,12,1.06,12043.703563 
32,13,1.06,12044.128720 
32,14,1.05,12007.211973 
32,15,1.04,12038.193729 
32,16,1.05,12043.225297 
32,17,1.05,12036.597898 
32,18,1.06,12049.997023 
32,19,1.04,12041.618473 
32,20,1.05,12040.090938 
32,21,1.04,12033.897853 
32,22,1.05,12041.866392 
32,23,1.04,12041.901809 
32,24,1.05,12040.654262 
32,25,1.04,12037.506762 
32,26,1.05,11991.862243 
32,27,1.04,12024.409873 
32,28,1.05,12036.852044 
32,29,1.04,12039.637098 
32,30,1.04,12038.018360 
32,31,1.04,12044.481430 
32,33,1.13,11975.948189 
32,34,1.05,12045.599287 
32,35,0.98,12042.299469 
32,36,1.05,12047.253903 
32,37,1.06,12050.786989 
32,38,1.05,12052.844613 
32,39,0.99,12070.702512 
32,40,1.07,12055.175607 
32,41,0.99,12073.323618 
50,0,0.99,11996.949423 
50,1,0.99,12075.583213 
50,2,0.98,12075.568643 
50,3,0.99,12071.281646 
50,4,0.98,12075.855199 
50,5,1.07,12067.502099 
50,6,0.98,12076.198436 
50,7,1.07,12013.815054 
50,8,0.98,12021.965602 
50,9,0.98,12079.735562 
50,10,0.97,12074.974528 
50,11,0.97,12075.385708 
50,12,0.96,12077.965120 
50,13,0.99,12077.134342 
50,14,0.97,12077.208832 
50,15,0.98,12076.336060 
50,16,0.97,12076.716566 
50,17,0.97,12076.336060 
50,18,0.96,12076.365204 
50,19,0.97,12079.993153 
50,20,0.97,12070.925747 
50,21,1.07,12064.377715 
50,22,0.97,12074.713914 
50,23,0.97,12077.179683 
50,24,0.98,12076.959455 
50,25,0.97,12076.548169 
50,26,0.97,12041.769799 
50,27,0.97,12073.726593 
50,28,0.97,12077.608827 
50,29,0.98,12077.710854 
50,30,0.97,12075.308002 
50,31,0.98,12076.689039 
50,32,0.97,12073.906241 
50,33,0.97,12072.577620 
50,34,0.97,12079.359725 
50,35,0.97,12073.635962 
50,36,0.98,12074.310873 
50,37,0.99,12077.147296 
50,38,0.97,12074.971291 
50,39,0.97,12079.171815 
50,40,0.97,12078.622698 
54,0,0.98,12072.038810 
54,1,0.98,12076.928689 
54,2,0.98,12075.777487 
54,3,1.00,12078.459107 
54,4,0.99,12073.828555 
54,5,1.06,12053.155898 
54,6,0.98,12072.097058 
54,7,1.09,12038.998240 
54,8,0.98,12073.257267 
54,9,1.00,12077.953783 
54,10,0.97,12078.358687 
54,11,0.99,12072.339761 
54,12,0.98,12076.225960 
54,13,0.98,12066.037495 
54,14,0.97,12077.825839 
54,15,0.96,12080.198910 
54,16,0.97,12083.098075 
54,17,0.97,12078.962853 
54,18,0.98,12079.089201 
54,19,0.97,12080.555356 
54,20,0.97,12074.995572 
54,21,1.05,12060.833427 
54,22,0.97,12079.908908 
54,23,0.97,12069.345485 
54,24,0.99,12078.313336 
54,25,0.97,12077.197496 
54,26,0.97,12074.495394 
54,27,0.97,12071.669924 
54,28,0.98,12071.776704 
54,29,0.98,12074.105316 
54,30,0.98,12080.241034 
54,31,0.97,12080.135724 
54,32,0.98,12074.435505 
54,33,0.97,12076.169292 
54,34,0.97,12080.960434 
54,35,0.98,12076.483402 
54,36,0.98,12082.331420 
54,37,0.99,12074.398277 
54,38,0.97,12075.165545 
54,39,0.98,12075.837390 
54,40,0.99,12079.510381 
17,42,1.05,12054.856151 
17,43,0.98,12072.809015 
17,44,0.99,12069.953602 
17,45,0.99,12057.542206 
17,46,0.98,12041.154859 
17,47,0.99,12074.898447 
17,48,0.98,12073.722547 
17,49,0.97,12073.924853 
17,50,0.97,12070.387085 
17,51,0.98,12070.636999 
17,52,0.98,12074.804561 
17,53,0.97,12070.137990 
17,54,0.98,12064.016568 
17,55,0.99,12064.200775 
32,42,1.05,12056.042095 
32,43,0.98,12069.039832 
32,44,1.06,12050.229166 
32,45,0.99,12069.267857 
32,46,1.04,12053.044607 
32,47,1.01,12070.940306 
32,48,1.05,12056.224445 
32,49,0.97,12068.034036 
32,50,0.97,12071.537259 
32,51,0.98,12071.079428 
32,52,1.00,12072.566293 
32,53,0.97,12075.850342 
32,54,0.97,12071.182963 
32,55,1.05,12059.044304 
36,0,1.05,11974.617158 
36,1,0.99,12057.697967 
36,2,0.98,12064.595869 
36,3,1.01,12073.684514 
36,4,0.97,12066.640429 
36,5,1.07,12056.290609 
36,6,0.99,12074.508343 
36,7,1.09,12056.560112 
36,8,0.98,12075.728918 
36,9,0.99,12071.569616 
36,10,0.97,12069.693204 
36,11,0.98,12072.914198 
36,12,0.97,12073.708790 
36,13,0.99,12071.252526 
36,14,0.98,12076.782955 
36,15,0.97,12072.545257 
36,16,0.98,12071.249291 
36,17,0.99,12069.217723 
36,18,0.99,12073.150461 
36,19,0.98,12070.704129 
36,20,0.97,12076.068910 
36,21,0.99,12070.628102 
36,22,0.97,12077.293039 
36,23,0.99,12070.637808 
36,24,0.97,12073.532385 
36,25,0.99,12077.090620 
36,26,0.97,12074.543953 
36,27,0.99,12074.181388 
36,28,0.98,12069.408558 
36,29,0.97,12074.071327 
36,30,0.98,12071.567998 
36,31,0.98,12072.741052 
36,32,0.98,12070.498696 
36,33,0.98,12077.203974 
36,34,0.98,12073.744396 
36,35,0.97,12070.605456 
36,37,1.07,12059.359138 
36,38,1.06,12058.262940 
36,39,0.99,12062.668313 
36,40,1.05,12055.483785 
36,41,0.99,12075.473127 
50,41,0.97,12074.443598 
50,42,0.99,12078.107643 
50,43,0.97,12075.958815 
50,44,1.04,12060.998156 
50,45,0.97,12071.564763 
50,46,0.97,12076.616175 
50,47,0.99,12075.565405 
50,48,0.97,12077.683323 
50,49,0.97,12079.022787 
50,51,0.97,12074.238037 
50,52,1.05,12065.166336 
50,53,0.96,12075.398659 
50,54,0.97,12074.713914 
50,55,0.98,12075.401896 
26,0,1.04,11987.569051 
26,1,0.99,12025.936642 
26,2,0.98,12028.019517 
26,3,0.99,12057.622104 
26,4,0.98,12067.797973 
26,5,1.04,12051.527072 
26,6,0.99,12069.175676 
26,7,1.08,12053.373645 
26,8,0.98,12070.835158 
26,9,0.98,12072.681180 
26,10,0.96,12072.927143 
26,11,0.98,12063.707146 
26,12,0.97,12069.470015 
26,13,1.01,12062.201463 
26,14,0.97,12073.003200 
26,15,0.99,12073.663475 
26,16,0.97,12072.893161 
26,17,0.99,12063.603739 
26,18,0.98,12070.205924 
26,19,0.98,12070.411348 
26,20,0.97,12078.156232 
26,21,0.97,12023.854488 
26,22,0.97,12073.566371 
26,23,0.96,12074.835317 
26,24,0.97,12066.609715 
26,25,0.97,12072.305782 
26,27,1.04,12055.861365 
26,28,1.04,12055.356317 
26,29,0.98,12069.696439 
26,30,0.97,12070.141225 
26,31,0.98,12069.214489 
26,32,1.05,12053.031704 
26,33,0.98,12065.541291 
26,34,0.97,12051.881829 
26,35,0.97,12073.914333 
26,36,1.04,12056.905481 
26,37,1.00,12067.657310 
26,38,1.04,12033.130997 
26,39,0.98,12071.197523 
26,40,1.05,12027.826777 
26,41,0.99,12075.766154 
51,0,0.97,12043.278436 
51,1,0.98,12076.656655 
51,2,0.98,12077.320569 
51,3,0.99,12049.544048 
51,4,0.98,12076.329583 
51,5,1.05,12036.501389 
51,6,0.98,12079.414803 
51,7,1.09,12044.644103 
51,8,0.97,12078.428333 
51,9,0.99,12075.664160 
51,10,0.98,12076.423493 
51,11,0.97,12079.265769 
51,12,0.97,12078.389460 
51,13,0.99,12077.286561 
51,14,0.97,12079.016308 
51,15,0.97,12079.793883 
51,16,0.97,12076.680943 
51,17,0.99,12076.284248 
51,18,0.98,12078.386221 
51,19,0.97,12080.339866 
51,20,0.97,12077.595871 
51,21,1.04,12067.306475 
51,22,0.97,12073.605212 
51,23,0.97,12078.068773 
51,24,0.98,12040.868339 
51,25,0.98,12079.902428 
51,26,0.97,12076.935166 
51,27,0.97,12075.248105 
51,28,0.99,12080.454901 
51,29,0.97,12082.316833 
51,30,0.97,12079.102160 
51,31,0.97,12081.746363 
51,32,0.98,12074.463022 
51,33,0.98,12078.452628 
51,34,0.97,12079.328946 
51,35,0.97,12073.221665 
51,36,0.98,12078.059055 
51,37,0.99,12078.507698 
51,38,0.98,12077.926251 
51,39,0.97,12074.550428 
51,40,0.97,12076.389491 
36,42,0.99,12053.962410 
36,43,0.98,12033.812642 
36,44,1.07,12051.773787 
36,45,0.99,12071.818770 
36,46,1.05,12060.510441 
36,47,1.00,12060.510441 
36,48,0.97,12070.416201 
36,49,0.97,12065.158256 
36,50,0.99,12074.647548 
36,51,0.99,12066.346228 
36,52,1.05,12062.102928 
36,53,0.97,12073.169880 
36,54,0.98,12070.401643 
36,55,1.04,12013.573096 
12,0,1.04,11990.515701 
12,1,0.99,12045.723328 
12,2,0.99,12069.817741 
12,3,0.99,12070.036091 
12,4,0.98,12078.139226 
12,5,1.05,12064.784133 
12,6,1.00,12069.578374 
12,7,1.06,12059.694979 
12,8,0.97,12071.568807 
12,9,1.00,12076.813721 
12,10,0.98,12048.447216 
12,11,0.97,12078.410516 
12,13,1.05,12061.162082 
12,14,0.97,12072.770988 
12,15,0.97,12062.622273 
12,16,0.97,12076.010624 
12,17,0.98,12068.553892 
12,18,1.07,12026.423171 
12,19,0.98,12072.683607 
12,20,1.03,12055.448287 
12,21,0.98,12069.578374 
12,22,0.97,12074.471115 
12,23,0.98,12067.640334 
12,24,1.05,12061.317938 
12,25,0.97,12074.668590 
12,26,1.07,12028.026745 
12,27,0.98,12052.975254 
12,28,1.05,12042.593303 
12,29,1.04,12057.604348 
12,30,0.98,12068.664660 
12,31,0.99,12071.377904 
12,32,1.05,12050.361362 
12,33,1.04,12058.526881 
12,34,0.99,12063.804899 
12,35,0.98,12075.854389 
12,36,0.99,12066.273488 
12,37,1.06,12040.367765 
12,38,1.07,12036.330895 
12,39,0.99,12073.000772 
12,40,1.08,12010.585476 
12,41,0.99,12071.665879 
26,42,1.07,12034.666414 
26,43,0.98,12071.818770 
26,44,1.04,12058.416299 
26,45,0.99,12068.189261 
26,46,0.98,12066.887763 
26,47,0.99,12066.766519 
26,48,1.04,12040.810392 
26,49,0.98,12070.652366 
26,50,0.97,12072.609982 
26,51,0.98,12067.351743 
26,52,1.04,12054.030161 
26,53,0.97,12078.289041 
26,54,0.97,12042.938678 
26,55,0.98,12067.890134 
51,41,0.99,12073.163407 
51,42,0.99,12049.876119 
51,43,0.98,12074.004969 
51,44,1.04,12062.518077 
51,45,0.98,12077.335143 
51,46,0.97,12081.725295 
51,47,0.99,12079.231751 
51,48,0.98,12061.217802 
51,49,0.97,12054.627057 
51,50,0.96,12081.897078 
51,52,1.06,12068.422105 
51,53,0.98,12079.362964 
51,54,0.97,12034.645511 
51,55,1.05,12058.718185 
52,0,1.05,11992.186352 
52,1,0.99,12047.237790 
52,2,0.97,12070.129903 
52,3,1.00,12068.310533 
52,4,0.97,12021.452158 
52,5,1.05,12035.039475 
52,6,0.97,12074.947010 
52,7,1.08,12043.854941 
52,8,0.97,12075.562167 
52,9,0.98,12072.656908 
52,10,0.98,12072.275039 
52,11,0.97,12071.415922 
52,12,0.97,12075.835771 
52,13,1.00,12073.945084 
52,14,0.97,12072.385067 
52,15,0.97,12076.413778 
52,16,0.97,12076.716566 
52,17,0.99,12073.399680 
52,18,0.96,12069.394003 
52,19,0.97,12078.570867 
52,20,0.97,12072.920670 
52,21,1.04,12061.230723 
52,22,0.96,12079.959131 
52,23,0.98,12067.754319 
52,24,0.99,12069.657623 
52,25,0.97,12077.213690 
52,26,0.97,12071.464457 
52,27,0.99,12072.082496 
52,28,0.98,12064.849583 
52,29,0.97,12075.607497 
52,30,0.97,12071.331797 
52,31,0.98,12059.640081 
52,32,0.97,12071.736257 
52,33,0.98,12070.940306 
52,34,0.97,12021.880560 
52,35,0.97,12068.863563 
52,36,0.98,12073.179590 
52,37,0.99,12073.605212 
52,38,0.98,12075.333904 
52,39,0.98,12069.259771 
52,40,0.97,12070.697659 
12,42,1.00,12071.249291 
12,43,0.98,12073.052556 
12,44,1.04,12058.935326 
12,45,0.98,12068.383297 
12,46,0.99,12065.876668 
12,47,1.00,12070.172766 
12,48,0.98,12069.036598 
12,49,0.97,12077.290610 
12,50,0.97,12074.369952 
12,51,0.97,12038.674009 
12,52,1.04,12032.888260 
12,53,0.98,12069.005063 
12,54,0.97,12072.246723 
12,55,0.97,12072.372122 
7,0,1.07,11982.078568 
7,1,1.06,11980.851353 
7,2,1.06,11978.717872 
7,3,1.07,11976.016659 
7,4,1.04,11980.575662 
7,5,1.14,11974.123669 
7,6,1.04,11976.812880 
7,8,1.14,11958.807559 
7,9,1.13,11971.317924 
7,10,1.00,12063.909117 
7,11,0.98,12078.478543 
7,12,0.99,12073.254031 
7,13,1.06,12060.638018 
7,14,0.98,12050.533866 
7,15,0.97,12075.040898 
7,16,0.97,12073.317145 
7,17,1.07,12064.304999 
7,18,0.98,12073.559897 
7,19,1.05,12058.458271 
7,20,0.98,12071.828477 
7,21,1.05,12056.193784 
7,22,0.98,12075.324191 
7,23,1.04,12061.379312 
7,24,1.06,12059.423721 
7,25,0.99,12074.477589 
7,26,1.04,12061.574744 
7,27,1.04,12060.200391 
7,28,1.04,12063.212749 
7,29,0.98,12073.139133 
7,30,0.98,12069.887289 
7,31,1.05,12059.081437 
7,32,1.07,12017.530577 
7,33,1.07,12062.157849 
7,34,0.98,12077.843654 
7,35,0.97,12074.508343 
7,36,0.99,12070.367675 
7,37,1.08,12042.260829 
7,38,0.99,12070.492226 
7,39,1.05,12058.752088 
7,40,1.05,12060.839887 
7,41,1.00,12075.864912 
7,42,1.01,12071.276793 
7,43,0.98,12071.385184 
52,41,0.98,12075.601021 
52,42,0.99,12073.859305 
52,43,0.97,12079.484461 
52,44,1.07,12059.296170 
52,45,0.97,11987.822727 
52,46,0.98,12081.425497 
52,47,0.98,12072.731343 
52,48,0.97,12068.383297 
52,49,0.97,12073.093821 
52,50,0.97,12074.874166 
52,51,0.97,12059.441482 
52,53,0.97,12072.124563 
52,54,0.97,12072.218408 
52,55,0.98,12070.249596 
2,0,1.05,12026.419959 
2,1,1.00,12061.254949 
2,3,1.07,12063.996370 
2,4,1.06,12050.014756 
2,5,0.99,12035.132744 
2,6,1.06,12057.220203 
2,7,1.05,12053.633340 
2,8,0.98,12070.810893 
2,9,1.00,12075.036042 
2,10,1.06,12050.633825 
2,11,0.97,12068.409169 
2,12,1.04,12061.792796 
2,13,1.06,12045.236847 
2,14,1.04,12058.017574 
2,15,0.98,12071.857600 
2,16,0.97,12075.753203 
2,17,0.99,12072.485388 
2,18,1.06,12051.804425 
2,19,1.05,12058.245183 
2,20,1.04,12048.565674 
2,21,1.04,12055.298231 
2,22,0.97,12080.420876 
2,23,1.07,12065.529977 
2,24,0.99,12073.835028 
2,25,0.98,12075.105649 
2,26,1.05,12016.196699 
2,27,1.08,12058.595492 
2,28,1.07,12051.996322 
2,29,1.07,12059.447940 
2,30,0.98,12073.409390 
2,31,1.07,12055.895252 
2,32,1.07,12064.537694 
2,33,0.99,12070.095937 
2,34,0.98,12079.014688 
2,35,0.98,12075.311240 
2,36,1.08,12059.125029 
2,37,1.06,12051.509335 
2,38,1.07,12049.695573 
2,39,1.07,12015.428892 
2,40,0.99,12068.829604 
2,41,0.98,12074.540716 
2,42,1.00,12077.995892 
2,43,0.99,12077.553765 
7,44,1.04,12055.117523 
7,45,1.06,12040.184285 
7,46,1.04,12061.547286 
7,47,1.06,12061.988242 
7,48,0.99,12077.145677 
7,49,0.97,12056.184102 
7,50,0.98,12073.521056 
7,51,0.97,12076.765143 
7,52,1.05,12059.998544 
7,53,0.98,12070.683101 
7,54,0.99,12074.532623 
7,55,1.12,11953.970011 
2,44,1.06,12066.347845 
2,45,1.07,12063.448633 
2,46,1.06,12064.085241 
2,47,1.08,12056.421324 
2,48,1.05,12049.457003 
2,49,0.97,12074.014680 
2,50,0.98,12068.043738 
2,51,0.98,12075.711110 
2,52,1.05,12063.913964 
2,53,0.97,12070.235039 
2,54,0.98,12077.053375 
2,55,0.98,12081.231041 
8,0,1.05,12028.874877 
8,1,0.99,12045.121676 
8,2,0.97,12064.572437 
8,3,0.99,12075.453701 
8,4,0.97,12072.840570 
8,5,1.06,12065.731201 
8,6,0.98,12073.973408 
8,7,1.06,12051.783462 
8,9,1.05,12058.172541 
8,10,1.05,12038.919393 
8,11,0.97,12078.841367 
8,12,1.04,12064.548198 
8,13,1.00,12074.828842 
8,14,0.97,12075.621258 
8,15,0.96,12068.675171 
8,16,0.99,12067.689646 
8,17,0.98,12065.841917 
8,18,1.04,12060.346532 
8,19,0.98,12079.711261 
8,20,1.03,12065.269770 
8,21,0.98,12072.760470 
8,22,0.97,12077.338382 
8,23,0.98,12066.859472 
8,24,1.07,12062.153810 
8,25,0.97,12068.908034 
8,26,0.98,12078.803302 
8,27,0.99,12074.898447 
8,28,0.98,12076.903590 
8,29,1.06,12042.686689 
8,30,0.97,12073.750869 
8,31,0.98,12071.326135 
8,32,1.04,12058.637465 
8,33,0.98,12080.156786 
8,34,0.97,12069.912358 
8,35,0.97,12078.841367 
8,36,1.04,12059.799126 
8,37,1.00,12018.882391 
8,38,1.06,12057.306553 
8,39,0.99,12073.146415 
8,40,1.05,12062.261231 
8,41,1.04,12066.487669 
8,42,1.05,12057.555118 
8,43,0.97,12079.353245 
8,44,0.99,12076.556265 
8,45,0.98,12077.700327 
8,46,0.98,12073.529148 
8,47,1.00,12079.690201 
8,48,0.97,12070.978322 
8,49,0.98,12075.868150 
8,50,0.97,12078.740940 
8,51,0.97,12069.995655 
8,52,0.98,12079.307887 
8,53,0.97,12074.021963 
8,54,1.07,12029.817119 
8,55,0.98,12075.968529 
39,0,1.07,11990.708045 
39,1,0.99,12053.889819 
39,2,0.97,12052.899449 
39,3,1.00,12068.449594 
39,4,0.98,12057.255711 
39,5,1.05,12051.206197 
39,6,0.99,12064.266218 
39,7,1.08,12058.429213 
39,8,0.97,12063.172359 
39,9,0.98,12075.856818 
39,10,0.98,12062.732932 
39,11,0.97,12076.264819 
39,12,0.97,12065.358659 
39,13,0.99,12056.571409 
39,14,0.97,12067.818992 
39,15,0.97,12065.974457 
39,16,0.97,12070.484138 
39,17,0.98,12061.910709 
39,18,0.97,12078.468825 
39,19,0.97,12072.745906 
39,20,0.97,12070.235039 
39,21,0.98,12073.898148 
39,22,0.97,12070.168722 
39,23,0.97,12068.092245 
39,24,0.98,12062.490615 
39,25,0.97,12068.769771 
39,26,0.97,12066.772986 
39,27,0.98,12060.713920 
39,28,0.97,12063.582735 
39,29,0.98,12069.275944 
39,30,0.97,12068.265257 
39,31,0.98,12066.042344 
39,32,0.99,12054.062425 
39,33,0.98,12070.592515 
39,34,0.98,12068.294363 
39,35,0.98,12074.937297 
39,36,0.99,12061.492371 
39,37,0.99,12045.370545 
39,38,0.97,12070.852952 
39,40,1.06,12060.166480 
39,41,1.05,12058.516388 
39,42,1.00,12064.759085 
39,43,0.98,12067.553836 
39,44,0.99,12064.453664 
39,45,1.04,12042.492674 
39,46,0.99,12068.970294 
39,47,1.06,12055.212717 
39,48,1.04,12055.649982 
39,49,0.98,12069.280795 
39,50,0.97,12067.321025 
39,51,0.97,12069.088347 
39,52,0.99,12042.974102 
39,53,0.97,12067.707431 
39,54,0.97,12077.131103 
39,55,1.06,12052.154360 
54,41,0.98,12075.220585 
54,42,0.99,12076.404063 
54,43,0.97,12075.753203 
54,44,1.04,12060.951321 
54,45,0.97,12076.671228 
54,46,0.97,12065.796661 
54,47,1.00,12079.220412 
54,48,0.97,12072.820342 
54,49,0.97,12077.777254 
54,50,0.97,12080.511609 
54,51,0.98,12079.972092 
54,52,0.97,12077.814503 
54,53,0.98,12077.307613 
54,55,1.05,12065.426539 
