#------------------------------------------------------------
#    Intel(R) MPI Benchmarks 2019 Update 5, MPI-1 part    
#------------------------------------------------------------
# Date                  : Fri Sep 11 15:04:20 2020
# Machine               : x86_64
# System                : Linux
# Release               : 3.10.0-1127.8.2.el7.x86_64
# Version               : #1 SMP Tue May 12 16:57:42 UTC 2020
# MPI Version           : 3.1
# MPI Thread Environment: 


# Calling sequence was: 

# /alaska/steveb/spack/opt/spack/linux-centos7-broadwell/gcc-9.3.0/intel-mpi-benchmarks-2019.5-dwg5q6jdcxgwtiwi2lj32w4ttotvwqnt/bin/IMB-MPI1 pingpong 

# Minimum message length in bytes:   0
# Maximum message length in bytes:   4194304
#
# MPI_Datatype                   :   MPI_BYTE 
# MPI_Datatype for reductions    :   MPI_FLOAT 
# MPI_Op                         :   MPI_SUM  
# 
# 

# List of Benchmarks to run:

# PingPong

#---------------------------------------------------
# Benchmarking PingPong 
# #processes = 2 
#---------------------------------------------------
       #bytes #repetitions      t[usec]   Mbytes/sec
            0         1000         1.03         0.00
            1         1000         1.10         0.91
            2         1000         1.03         1.94
            4         1000         1.03         3.87
            8         1000         1.05         7.63
           16         1000         1.06        15.07
           32         1000         1.10        28.99
           64         1000         1.15        55.46
          128         1000         1.25       102.30
          256         1000         1.75       146.01
          512         1000         1.85       276.38
         1024         1000         2.06       497.33
         2048         1000         2.40       855.08
         4096         1000         3.23      1267.48
         8192         1000         4.50      1821.46
        16384         1000         6.15      2663.13
        32768         1000         8.09      4051.25
        65536          640        11.41      5742.43
       131072          320        17.84      7347.27
       262144          160        27.14      9657.60
       524288           80        48.42     10827.38
      1048576           40        91.88     11412.63
      2097152           20       178.78     11730.19
      4194304           10       352.68     11892.60


# All processes entering MPI_Finalize

