2020-08-19T17:15:06+01:00|reframe 3.0-dev6 (rev: 3f0c45d4)|Gromacs_1400k_4 on alaska:ib-gcc9-openmpi4-ucx using gromacs|jobid=5026|ns_per_day=5.667|ns/day|ref=0 (l=None, u=None)|num_procs=128,num_nodes=4,1400k-atoms
2020-08-19T17:15:06+01:00|reframe 3.0-dev6 (rev: 3f0c45d4)|Gromacs_1400k_4 on alaska:ib-gcc9-openmpi4-ucx using gromacs|jobid=5026|hour_per_ns=4.235|hour/ns|ref=0 (l=None, u=None)|num_procs=128,num_nodes=4,1400k-atoms
2020-08-19T17:15:06+01:00|reframe 3.0-dev6 (rev: 3f0c45d4)|Gromacs_1400k_4 on alaska:ib-gcc9-openmpi4-ucx using gromacs|jobid=5026|core_t=78074.699|s|ref=0 (l=None, u=None)|num_procs=128,num_nodes=4,1400k-atoms
2020-08-19T17:15:06+01:00|reframe 3.0-dev6 (rev: 3f0c45d4)|Gromacs_1400k_4 on alaska:ib-gcc9-openmpi4-ucx using gromacs|jobid=5026|wall_t=304.979|s|ref=0 (l=None, u=None)|num_procs=128,num_nodes=4,1400k-atoms
2020-08-19T17:15:06+01:00|reframe 3.0-dev6 (rev: 3f0c45d4)|Gromacs_1400k_4 on alaska:ib-gcc9-openmpi4-ucx using gromacs|jobid=5026|runtime_real=315.76|s|ref=0 (l=None, u=None)|num_procs=128,num_nodes=4,1400k-atoms
2020-09-08T16:54:32+01:00|reframe 3.0-dev6 (rev: 3f0c45d4)|Gromacs_1400k_4 on alaska:ib-gcc9-openmpi4-ucx using gromacs|jobid=5215|ns_per_day=5.637|ns/day|ref=0 (l=None, u=None)|1400k-atoms,num_nodes=4,num_procs=128
2020-09-08T16:54:32+01:00|reframe 3.0-dev6 (rev: 3f0c45d4)|Gromacs_1400k_4 on alaska:ib-gcc9-openmpi4-ucx using gromacs|jobid=5215|hour_per_ns=4.258|hour/ns|ref=0 (l=None, u=None)|1400k-atoms,num_nodes=4,num_procs=128
2020-09-08T16:54:32+01:00|reframe 3.0-dev6 (rev: 3f0c45d4)|Gromacs_1400k_4 on alaska:ib-gcc9-openmpi4-ucx using gromacs|jobid=5215|core_t=78487.929|s|ref=0 (l=None, u=None)|1400k-atoms,num_nodes=4,num_procs=128
2020-09-08T16:54:32+01:00|reframe 3.0-dev6 (rev: 3f0c45d4)|Gromacs_1400k_4 on alaska:ib-gcc9-openmpi4-ucx using gromacs|jobid=5215|wall_t=306.593|s|ref=0 (l=None, u=None)|1400k-atoms,num_nodes=4,num_procs=128
2020-09-08T16:54:32+01:00|reframe 3.0-dev6 (rev: 3f0c45d4)|Gromacs_1400k_4 on alaska:ib-gcc9-openmpi4-ucx using gromacs|jobid=5215|runtime_real=319.207|s|ref=0 (l=None, u=None)|1400k-atoms,num_nodes=4,num_procs=128
2020-09-09T14:31:04+01:00|reframe 3.0-dev6 (rev: 3f0c45d4)|Gromacs_1400k_4 on alaska:ib-gcc9-openmpi4-ucx using gromacs|jobid=5265|ns_per_day=4.472|ns/day|ref=0 (l=None, u=None)|num_nodes=4,num_procs=128,1400k-atoms
2020-09-09T14:31:04+01:00|reframe 3.0-dev6 (rev: 3f0c45d4)|Gromacs_1400k_4 on alaska:ib-gcc9-openmpi4-ucx using gromacs|jobid=5265|hour_per_ns=5.366|hour/ns|ref=0 (l=None, u=None)|num_nodes=4,num_procs=128,1400k-atoms
2020-09-09T14:31:04+01:00|reframe 3.0-dev6 (rev: 3f0c45d4)|Gromacs_1400k_4 on alaska:ib-gcc9-openmpi4-ucx using gromacs|jobid=5265|core_t=98922.359|s|ref=0 (l=None, u=None)|num_nodes=4,num_procs=128,1400k-atoms
2020-09-09T14:31:04+01:00|reframe 3.0-dev6 (rev: 3f0c45d4)|Gromacs_1400k_4 on alaska:ib-gcc9-openmpi4-ucx using gromacs|jobid=5265|wall_t=386.415|s|ref=0 (l=None, u=None)|num_nodes=4,num_procs=128,1400k-atoms
2020-09-09T14:31:04+01:00|reframe 3.0-dev6 (rev: 3f0c45d4)|Gromacs_1400k_4 on alaska:ib-gcc9-openmpi4-ucx using gromacs|jobid=5265|runtime_real=396.808|s|ref=0 (l=None, u=None)|num_nodes=4,num_procs=128,1400k-atoms
2020-09-10T09:54:33+01:00|reframe 3.0-dev6 (rev: 3f0c45d4)|Gromacs_1400k_4 on alaska:ib-gcc9-openmpi4-ucx using gromacs|jobid=5298|ns_per_day=4.299|ns/day|ref=0 (l=None, u=None)|num_nodes=4,1400k-atoms,num_procs=128
2020-09-10T09:54:33+01:00|reframe 3.0-dev6 (rev: 3f0c45d4)|Gromacs_1400k_4 on alaska:ib-gcc9-openmpi4-ucx using gromacs|jobid=5298|hour_per_ns=5.583|hour/ns|ref=0 (l=None, u=None)|num_nodes=4,1400k-atoms,num_procs=128
2020-09-10T09:54:33+01:00|reframe 3.0-dev6 (rev: 3f0c45d4)|Gromacs_1400k_4 on alaska:ib-gcc9-openmpi4-ucx using gromacs|jobid=5298|core_t=102917.042|s|ref=0 (l=None, u=None)|num_nodes=4,1400k-atoms,num_procs=128
2020-09-10T09:54:33+01:00|reframe 3.0-dev6 (rev: 3f0c45d4)|Gromacs_1400k_4 on alaska:ib-gcc9-openmpi4-ucx using gromacs|jobid=5298|wall_t=402.02|s|ref=0 (l=None, u=None)|num_nodes=4,1400k-atoms,num_procs=128
2020-09-10T09:54:33+01:00|reframe 3.0-dev6 (rev: 3f0c45d4)|Gromacs_1400k_4 on alaska:ib-gcc9-openmpi4-ucx using gromacs|jobid=5298|runtime_real=412.519|s|ref=0 (l=None, u=None)|num_nodes=4,1400k-atoms,num_procs=128
2020-09-10T14:44:16+01:00|reframe 3.0-dev6 (rev: 3f0c45d4)|Gromacs_1400k_4 on alaska:ib-gcc9-openmpi4-ucx using gromacs|jobid=6392|ns_per_day=4.195|ns/day|ref=0 (l=None, u=None)|num_procs=128,num_nodes=4,1400k-atoms
2020-09-10T14:44:16+01:00|reframe 3.0-dev6 (rev: 3f0c45d4)|Gromacs_1400k_4 on alaska:ib-gcc9-openmpi4-ucx using gromacs|jobid=6392|hour_per_ns=5.721|hour/ns|ref=0 (l=None, u=None)|num_procs=128,num_nodes=4,1400k-atoms
2020-09-10T14:44:16+01:00|reframe 3.0-dev6 (rev: 3f0c45d4)|Gromacs_1400k_4 on alaska:ib-gcc9-openmpi4-ucx using gromacs|jobid=6392|core_t=105461.145|s|ref=0 (l=None, u=None)|num_procs=128,num_nodes=4,1400k-atoms
2020-09-10T14:44:16+01:00|reframe 3.0-dev6 (rev: 3f0c45d4)|Gromacs_1400k_4 on alaska:ib-gcc9-openmpi4-ucx using gromacs|jobid=6392|wall_t=411.958|s|ref=0 (l=None, u=None)|num_procs=128,num_nodes=4,1400k-atoms
2020-09-10T14:44:16+01:00|reframe 3.0-dev6 (rev: 3f0c45d4)|Gromacs_1400k_4 on alaska:ib-gcc9-openmpi4-ucx using gromacs|jobid=6392|runtime_real=423.679|s|ref=0 (l=None, u=None)|num_procs=128,num_nodes=4,1400k-atoms
