#------------------------------------------------------------
#    Intel(R) MPI Benchmarks 2019 Update 5, MPI-1 part    
#------------------------------------------------------------
# Date                  : Wed Oct  7 10:06:50 2020
# Machine               : x86_64
# System                : Linux
# Release               : 3.10.0-1127.8.2.el7.x86_64
# Version               : #1 SMP Tue May 12 16:57:42 UTC 2020
# MPI Version           : 3.1
# MPI Thread Environment: 


# Calling sequence was: 

# IMB-MPI1 biband -npmin 1 

# Minimum message length in bytes:   0
# Maximum message length in bytes:   4194304
#
# MPI_Datatype                   :   MPI_BYTE 
# MPI_Datatype for reductions    :   MPI_FLOAT 
# MPI_Op                         :   MPI_SUM  
# 
# 

# List of Benchmarks to run:

# Biband

#---------------------------------------------------
# Benchmarking Biband 
# #processes = 2 
# ( 46 additional processes waiting in MPI_Barrier)
#---------------------------------------------------
       #bytes #repetitions   Mbytes/sec      Msg/sec
            0         1000         0.00      5485480
            1         1000         5.41      5414337
            2         1000        10.82      5411830
            4         1000        21.57      5391624
            8         1000        43.33      5416682
           16         1000        86.61      5413416
           32         1000       164.20      5131377
           64         1000       328.07      5126089
          128         1000       651.88      5092847
          256         1000      1394.68      5447959
          512         1000      1314.03      2566462
         1024         1000      2443.39      2386120
         2048         1000      3658.26      1786258
         4096         1000      6434.67      1570965
         8192         1000      9394.83      1146830
        16384         1000     10365.41       632654
        32768         1000      9626.26       293770
        65536          640     10173.40       155234
       131072          320      9945.49        75878
       262144          160      9426.39        35959
       524288           80      7513.48        14331
      1048576           40      9316.38         8885
      2097152           20      9406.55         4485
      4194304           10      9647.38         2300

#---------------------------------------------------
# Benchmarking Biband 
# #processes = 4 
# ( 44 additional processes waiting in MPI_Barrier)
#---------------------------------------------------
       #bytes #repetitions   Mbytes/sec      Msg/sec
            0         1000         0.00     10947200
            1         1000        10.79     10785633
            2         1000        21.53     10766814
            4         1000        43.21     10801611
            8         1000        86.34     10792749
           16         1000       172.59     10786936
           32         1000       326.72     10210081
           64         1000       648.02     10125267
          128         1000      1306.68     10208455
          256         1000      2782.45     10868942
          512         1000      2641.88      5159924
         1024         1000      4760.25      4648679
         2048         1000      8026.38      3919129
         4096         1000     12560.46      3066518
         8192         1000     17443.17      2129293
        16384         1000     20243.03      1235536
        32768         1000     19287.20       588599
        65536          640     19735.18       301135
       131072          320     19235.39       146754
       262144          160     15958.61        60877
       524288           80     11459.40        21857
      1048576           40     18459.95        17605
      2097152           20     18422.67         8785
      4194304           10     18831.81         4490

#---------------------------------------------------
# Benchmarking Biband 
# #processes = 8 
# ( 40 additional processes waiting in MPI_Barrier)
#---------------------------------------------------
       #bytes #repetitions   Mbytes/sec      Msg/sec
            0         1000         0.00     21543832
            1         1000        21.33     21327040
            2         1000        42.60     21299759
            4         1000        85.21     21303574
            8         1000       170.01     21250728
           16         1000       341.59     21349168
           32         1000       650.13     20316495
           64         1000      1301.18     20330908
          128         1000      2606.76     20365300
          256         1000      5576.00     21781242
          512         1000      5229.88     10214617
         1024         1000      9394.33      9174146
         2048         1000     15774.33      7702311
         4096         1000     24815.96      6058585
         8192         1000     35689.18      4356589
        16384         1000     39891.40      2434778
        32768         1000     39028.49      1191055
        65536          640     38551.86       588255
       131072          320     32915.29       251124
       262144          160     20936.10        79865
       524288           80     21095.89        40237
      1048576           40     32854.84        31333
      2097152           20     20649.16         9846
      4194304           10     19570.56         4666

#---------------------------------------------------
# Benchmarking Biband 
# #processes = 16 
# ( 32 additional processes waiting in MPI_Barrier)
#---------------------------------------------------
       #bytes #repetitions   Mbytes/sec      Msg/sec
            0         1000         0.00     42468068
            1         1000        42.12     42115800
            2         1000        84.18     42088606
            4         1000       168.11     42028095
            8         1000       336.23     42029352
           16         1000       673.04     42064736
           32         1000      1299.86     40620626
           64         1000      2593.83     40528557
          128         1000      5186.62     40520507
          256         1000     11172.19     43641365
          512         1000     10198.48     19918898
         1024         1000     18168.93     17743096
         2048         1000     30429.16     14857987
         4096         1000     47660.08     11635761
         8192         1000     68186.28      8323520
        16384         1000     76735.33      4683553
        32768         1000     70948.38      2165173
        65536          640     62325.35       951009
       131072          320     29770.29       227129
       262144          160     29676.41       113207
       524288           80     29157.15        55613
      1048576           40     17570.86        16757
      2097152           20     15903.20         7583
      4194304           10     16940.06         4039

#---------------------------------------------------
# Benchmarking Biband 
# #processes = 32 
# ( 16 additional processes waiting in MPI_Barrier)
#---------------------------------------------------
       #bytes #repetitions   Mbytes/sec      Msg/sec
            0         1000         0.00       988934
            1         1000         0.98       983891
            2         1000         1.96       979928
            4         1000         3.99       996980
            8         1000         7.85       980914
           16         1000        15.77       985865
           32         1000        31.58       986904
           64         1000        63.52       992475
          128         1000       125.31       978951
          256         1000      5944.43     23220432
          512         1000      8589.66     16776688
         1024         1000     10179.65      9941068
         2048         1000     11220.82      5478916
         4096         1000     11599.92      2832011
         8192         1000     11914.29      1454381
        16384         1000     11979.04       731142
        32768         1000     12061.70       368094
        65536          640     12103.49       184685
       131072          320     12123.81        92497
       262144          160     12212.22        46586
       524288           80     12222.81        23313
      1048576           40     12205.43        11640
      2097152           20     12174.49         5805
      4194304           10     12087.83         2882

#---------------------------------------------------
# Benchmarking Biband 
# #processes = 48 
#---------------------------------------------------
       #bytes #repetitions   Mbytes/sec      Msg/sec
            0         1000         0.00      7677202
            1         1000        15.24     15237009
            2         1000        22.85     11425855
            4         1000        67.25     16812977
            8         1000       157.07     19634022
           16         1000       352.04     22002308
           32         1000       654.84     20463866
           64         1000      1223.31     19114196
          128         1000      2415.93     18874476
          256         1000      3594.90     14042580
          512         1000      4581.09      8947438
         1024         1000      5302.61      5178326
         2048         1000      5743.26      2804328
         4096         1000      5834.84      1424521
         8192         1000      5959.55       727485
        16384         1000      5999.04       366152
        32768          600      6030.99       184051
        65536          301      6051.78        92343
       131072          151      6062.28        46252
       262144           76      6109.65        23306
       524288           38      6114.86        11663
      1048576           19      6112.60         5829
      2097152           10      6101.43         2909
      4194304            5      6109.25         1457


# All processes entering MPI_Finalize

