#------------------------------------------------------------
#    Intel(R) MPI Benchmarks 2019 Update 6, MPI-1 part    
#------------------------------------------------------------
# Date                  : Thu Oct  1 16:22:13 2020
# Machine               : x86_64
# System                : Linux
# Release               : 3.10.0-1127.19.1.el7.x86_64
# Version               : #1 SMP Tue Aug 25 17:23:54 UTC 2020
# MPI Version           : 3.1
# MPI Thread Environment: 


# Calling sequence was: 

# /home/hpcbras1/spack/opt/spack/linux-scientific7-skylake_avx512/gcc-9.1.0/intel-mpi-benchmarks-2019.6-5tbknirppyjnbofzuo2idr3bqgxprrmf/bin/IMB-MPI1 biband -npmin 1 

# Minimum message length in bytes:   0
# Maximum message length in bytes:   4194304
#
# MPI_Datatype                   :   MPI_BYTE 
# MPI_Datatype for reductions    :   MPI_FLOAT 
# MPI_Op                         :   MPI_SUM  
# 
# 

# List of Benchmarks to run:

# Biband

#---------------------------------------------------
# Benchmarking Biband 
# #processes = 2 
# ( 26 additional processes waiting in MPI_Barrier)
#---------------------------------------------------
       #bytes #repetitions   Mbytes/sec      Msg/sec
            0         1000         0.00     12975983
            1         1000        13.21     13205567
            2         1000        28.53     14264161
            4         1000        55.74     13934531
            8         1000       113.70     14212032
           16         1000       226.52     14157197
           32         1000       437.40     13668680
           64         1000       935.31     14614228
          128         1000       946.14      7391707
          256         1000      1560.23      6094660
          512         1000      2903.46      5670829
         1024         1000      4517.35      4411470
         2048         1000      7182.15      3506910
         4096         1000      9844.84      2403526
         8192         1000     12341.50      1506531
        16384         1000     17061.93      1041377
        32768         1000     18987.33       579447
        65536          640     21850.75       333416
       131072          320     23724.44       181003
       262144          160     24672.24        94117
       524288           80     25245.48        48152
      1048576           40     25501.21        24320
      2097152           20     25561.12        12188
      4194304           10     25639.81         6113

#---------------------------------------------------
# Benchmarking Biband 
# #processes = 4 
# ( 24 additional processes waiting in MPI_Barrier)
#---------------------------------------------------
       #bytes #repetitions   Mbytes/sec      Msg/sec
            0         1000         0.00     28149311
            1         1000        28.41     28408177
            2         1000        57.69     28844021
            4         1000       113.70     28424973
            8         1000       231.13     28891042
           16         1000       324.23     20264679
           32         1000       913.31     28540916
           64         1000      1832.96     28639992
          128         1000      1945.52     15199355
          256         1000      3137.90     12257409
          512         1000      5814.47     11356390
         1024         1000      3806.69      3717472
         2048         1000      4839.89      2363230
         4096         1000      6818.17      1664592
         8192         1000      8604.89      1050402
        16384         1000     19958.35      1218161
        32768         1000     20791.32       634501
        65536          640     22999.39       350943
       131072          320     24220.15       184785
       262144          160     25067.27        95624
       524288           80     25424.32        48493
      1048576           40     25598.88        24413
      2097152           20     25711.27        12260
      4194304           10     25833.54         6159

#---------------------------------------------------
# Benchmarking Biband 
# #processes = 8 
# ( 20 additional processes waiting in MPI_Barrier)
#---------------------------------------------------
       #bytes #repetitions   Mbytes/sec      Msg/sec
            0         1000         0.00     36589290
            1         1000        34.55     34549614
            2         1000        78.14     39069675
            4         1000       146.15     36537949
            8         1000       310.82     38852831
           16         1000       614.23     38389656
           32         1000      1209.01     37781661
           64         1000      2634.60     41165679
          128         1000      1474.35     11518366
          256         1000      2082.89      8136276
          512         1000      3826.41      7473459
         1024         1000      6347.50      6198733
         2048         1000      9448.64      4613592
         4096         1000     12893.50      3147827
         8192         1000     15764.10      1924329
        16384         1000     21182.56      1292881
        32768         1000     21413.67       653493
        65536          640     23103.88       352537
       131072          320     24404.10       186189
       262144          160     25096.90        95737
       524288           80     25502.87        48643
      1048576           40     25686.87        24497
      2097152           20     25759.02        12283
      4194304           10     25851.52         6163

#---------------------------------------------------
# Benchmarking Biband 
# #processes = 16 
# ( 12 additional processes waiting in MPI_Barrier)
#---------------------------------------------------
       #bytes #repetitions   Mbytes/sec      Msg/sec
            0         1000         0.00     52892958
            1         1000        58.48     58475111
            2         1000       116.71     58356976
            4         1000       228.27     57067361
            8         1000       435.03     54379140
           16         1000       876.82     54801189
           32         1000      1281.32     40041146
           64         1000      2481.42     38772232
          128         1000      2405.07     18789633
          256         1000      4049.75     15819345
          512         1000      7514.75     14677242
         1024         1000     11462.13     11193486
         2048         1000     17830.29      8706195
         4096         1000     24266.57      5924455
         8192         1000     30316.47      3700740
        16384         1000     20365.03      1242983
        32768         1000     20998.67       640829
        65536          640     22220.77       339062
       131072          320     23055.82       175902
       262144          160     23483.83        89584
       524288           80     23752.96        45305
      1048576           40     23899.63        22792
      2097152           20     23954.75        11423
      4194304           10     23914.43         5702

#---------------------------------------------------
# Benchmarking Biband 
# #processes = 28 
#---------------------------------------------------
       #bytes #repetitions   Mbytes/sec      Msg/sec
            0         1000         0.00     97818201
            1         1000        96.32     96316946
            2         1000       190.96     95477688
            4         1000       375.98     93995946
            8         1000       772.94     96617498
           16         1000      1546.76     96672648
           32         1000      2262.50     70703053
           64         1000      4540.79     70949920
          128         1000      7567.91     59124296
          256         1000     11958.63     46713393
          512         1000     17750.11     34668190
         1024         1000     21485.09     20981534
         2048         1000     23611.59     11529095
         4096         1000     23862.41      5825783
         8192         1000     24247.63      2959915
        16384         1000     24325.08      1484685
        32768         1000     24247.57       739977
        65536          640     24482.81       373578
       131072          320     24544.11       187257
       262144          160     24590.74        93806
       524288           80     24599.55        46920
      1048576           40     24618.47        23478
      2097152           20     24633.16        11746
      4194304           10     24641.35         5875


# All processes entering MPI_Finalize

