#------------------------------------------------------------
#    Intel(R) MPI Benchmarks 2019 Update 5, MPI-1 part    
#------------------------------------------------------------
# Date                  : Wed Oct  7 09:36:02 2020
# Machine               : x86_64
# System                : Linux
# Release               : 3.10.0-1127.8.2.el7.x86_64
# Version               : #1 SMP Tue May 12 16:57:42 UTC 2020
# MPI Version           : 3.1
# MPI Thread Environment: 


# Calling sequence was: 

# IMB-MPI1 uniband -npmin 1 

# Minimum message length in bytes:   0
# Maximum message length in bytes:   4194304
#
# MPI_Datatype                   :   MPI_BYTE 
# MPI_Datatype for reductions    :   MPI_FLOAT 
# MPI_Op                         :   MPI_SUM  
# 
# 

# List of Benchmarks to run:

# Uniband

#---------------------------------------------------
# Benchmarking Uniband 
# #processes = 2 
# ( 46 additional processes waiting in MPI_Barrier)
#---------------------------------------------------
       #bytes #repetitions   Mbytes/sec      Msg/sec
            0         1000         0.00      4541283
            1         1000         4.43      4428827
            2         1000         8.85      4423478
            4         1000        17.69      4421502
            8         1000        35.40      4425432
           16         1000        70.69      4417912
           32         1000       137.24      4288729
           64         1000       273.42      4272201
          128         1000       547.54      4277657
          256         1000      1105.16      4317036
          512         1000      1198.63      2341069
         1024         1000      2325.83      2271322
         2048         1000      4064.05      1984400
         4096         1000      6126.25      1495666
         8192         1000      8280.91      1010853
        16384         1000      8806.43       537502
        32768         1000      9108.95       277983
        65536          640      9586.00       146271
       131072          320      9370.35        71490
       262144          160      9349.92        35667
       524288           80      8500.84        16214
      1048576           40      8951.69         8537
      2097152           20      8508.29         4057
      4194304           10      8925.05         2128

#---------------------------------------------------
# Benchmarking Uniband 
# #processes = 4 
# ( 44 additional processes waiting in MPI_Barrier)
#---------------------------------------------------
       #bytes #repetitions   Mbytes/sec      Msg/sec
            0         1000         0.00      8944414
            1         1000         8.75      8753196
            2         1000        17.56      8781193
            4         1000        34.89      8722155
            8         1000        70.01      8750904
           16         1000       140.42      8776281
           32         1000       272.05      8501683
           64         1000       541.73      8464583
          128         1000      1084.14      8469828
          256         1000      2192.19      8563243
          512         1000      2353.10      4595900
         1024         1000      4588.71      4481164
         2048         1000      8067.69      3939304
         4096         1000     11896.04      2904307
         8192         1000     16124.26      1968293
        16384         1000     17109.59      1044286
        32768         1000     18410.53       561845
        65536          640     18714.39       285559
       131072          320     18597.49       141888
       262144          160     18075.59        68953
       524288           80     16356.87        31198
      1048576           40     17467.90        16659
      2097152           20     17442.73         8317
      4194304           10     17470.85         4165

#---------------------------------------------------
# Benchmarking Uniband 
# #processes = 8 
# ( 40 additional processes waiting in MPI_Barrier)
#---------------------------------------------------
       #bytes #repetitions   Mbytes/sec      Msg/sec
            0         1000         0.00     18026767
            1         1000        17.60     17599201
            2         1000        35.22     17608195
            4         1000        69.90     17473754
            8         1000       140.69     17586556
           16         1000       281.56     17597711
           32         1000       545.60     17049974
           64         1000      1084.53     16945768
          128         1000      2110.34     16487037
          256         1000      3017.32     11786411
          512         1000      4724.70      9227927
         1024         1000      9115.88      8902229
         2048         1000     15838.06      7733426
         4096         1000     23845.97      5821769
         8192         1000     31689.74      3868376
        16384         1000     33972.28      2073503
        32768         1000     36284.50      1107315
        65536          640     36662.50       559425
       131072          320     36989.35       282206
       262144          160     34700.09       132370
       524288           80     31616.04        60303
      1048576           40     34403.59        32810
      2097152           20     33656.09        16048
      4194304           10     33377.16         7958

#---------------------------------------------------
# Benchmarking Uniband 
# #processes = 16 
# ( 32 additional processes waiting in MPI_Barrier)
#---------------------------------------------------
       #bytes #repetitions   Mbytes/sec      Msg/sec
            0         1000         0.00     35240337
            1         1000        34.60     34597575
            2         1000        68.27     34137160
            4         1000       137.99     34498219
            8         1000       275.89     34486199
           16         1000       550.93     34433115
           32         1000      1062.15     33192122
           64         1000      2062.05     32219532
          128         1000      4215.75     32935528
          256         1000      8524.25     33297845
          512         1000      9289.05     18142671
         1024         1000     18112.28     17687775
         2048         1000     31680.80     15469143
         4096         1000     46340.52     11313605
         8192         1000     62160.45      7587945
        16384         1000     66862.33      4080953
        32768         1000     70616.07      2155032
        65536          640     71484.23      1090763
       131072          320     70427.58       537320
       262144          160     63438.89       242000
       524288           80     60538.61       115468
      1048576           40     58432.74        55726
      2097152           20     33889.92        16160
      4194304           10     26696.53         6365

#---------------------------------------------------
# Benchmarking Uniband 
# #processes = 32 
# ( 16 additional processes waiting in MPI_Barrier)
#---------------------------------------------------
       #bytes #repetitions   Mbytes/sec      Msg/sec
            0         1000         0.00     41790569
            1         1000        40.81     40805876
            2         1000        79.48     39737806
            4         1000       163.32     40830054
            8         1000       318.26     39782547
           16         1000       595.02     37188561
           32         1000      1110.76     34711167
           64         1000      1876.36     29318140
          128         1000      2889.45     22573844
          256         1000      3964.11     15484810
          512         1000      4850.85      9474321
         1024         1000      5463.61      5335561
         2048         1000      5830.44      2846897
         4096         1000      5918.37      1444915
         8192         1000      6021.14       735003
        16384         1000      6050.83       369313
        32768         1000      6077.29       185464
        65536          640      6090.61        92935
       131072          320      6097.28        46519
       262144          160      6119.73        23345
       524288           80      6121.12        11675
      1048576           40      6120.94         5837
      2097152           20      6115.90         2916
      4194304           10      6106.66         1456

#---------------------------------------------------
# Benchmarking Uniband 
# #processes = 48 
#---------------------------------------------------
       #bytes #repetitions   Mbytes/sec      Msg/sec
            0         1000         0.00     21174555
            1         1000        20.60     20595935
            2         1000        41.20     20601899
            4         1000        82.38     20594524
            8         1000       160.54     20068030
           16         1000       305.78     19110959
           32         1000       556.84     17401153
           64         1000       945.11     14767378
          128         1000      1451.30     11338261
          256         1000      1983.23      7746998
          512         1000      2426.61      4739478
         1024         1000      2731.89      2667862
         2048         1000      2915.26      1423467
         4096         1000      2959.31       722488
         8192         1000      3010.59       367504
        16384         1000      3025.42       184657
        32768          604      3038.65        92732
        65536          303      3045.31        46468
       131072          152      3048.64        23259
       262144           76      3059.88        11673
       524288           38      3061.25         5839
      1048576           19      3061.74         2920
      2097152           10      3061.56         1460
      4194304            5      3060.46          730


# All processes entering MPI_Finalize

