[0] MPI startup(): I_MPI_OFA_TRANSLATION_CACHE variable has been removed from the product, its value is ignored

#------------------------------------------------------------
#    Intel(R) MPI Benchmarks 2019 Update 6, MPI-1 part    
#------------------------------------------------------------
# Date                  : Thu Oct  1 16:21:57 2020
# Machine               : x86_64
# System                : Linux
# Release               : 3.10.0-1127.19.1.el7.x86_64
# Version               : #1 SMP Tue Aug 25 17:23:54 UTC 2020
# MPI Version           : 3.1
# MPI Thread Environment: 


# Calling sequence was: 

# /usr/local/Cluster-Apps/intel/2020.2/compilers_and_libraries_2020.2.254/linux/mpi/intel64/bin/IMB-MPI1 biband -npmin 1 

# Minimum message length in bytes:   0
# Maximum message length in bytes:   4194304
#
# MPI_Datatype                   :   MPI_BYTE 
# MPI_Datatype for reductions    :   MPI_FLOAT 
# MPI_Op                         :   MPI_SUM  
# 
# 

# List of Benchmarks to run:

# Biband

#---------------------------------------------------
# Benchmarking Biband 
# #processes = 2 
# ( 26 additional processes waiting in MPI_Barrier)
#---------------------------------------------------
       #bytes #repetitions   Mbytes/sec      Msg/sec
            0         1000         0.00      8830042
            1         1000         8.91      8913965
            2         1000        17.77      8884629
            4         1000        35.52      8879580
            8         1000        71.06      8882400
           16         1000       141.99      8874531
           32         1000       276.62      8644219
           64         1000       561.92      8780026
          128         1000      1096.58      8567005
          256         1000      2239.07      8746366
          512         1000      1844.91      3603346
         1024         1000      3005.30      2934859
         2048         1000      4926.81      2405669
         4096         1000      7925.40      1934911
         8192         1000     10851.13      1324600
        16384         1000      5566.11       339728
        32768         1000      5674.55       173174
        65536          640      6010.76        91717
       131072          320      6277.94        47897
       262144          160      6512.99        24845
       524288           80      7109.40        13560
      1048576           40      6237.25         5948
      2097152           20      6231.93         2972
      4194304           10      5045.86         1203

#---------------------------------------------------
# Benchmarking Biband 
# #processes = 4 
# ( 24 additional processes waiting in MPI_Barrier)
#---------------------------------------------------
       #bytes #repetitions   Mbytes/sec      Msg/sec
            0         1000         0.00     18022758
            1         1000        17.77     17772594
            2         1000        35.48     17738631
            4         1000        70.32     17579323
            8         1000       142.18     17772012
           16         1000       282.81     17675427
           32         1000       561.85     17557877
           64         1000      1122.86     17544628
          128         1000      2204.74     17224549
          256         1000      2269.34      8864608
          512         1000      3436.48      6711878
         1024         1000      5154.85      5034031
         2048         1000      9098.65      4442703
         4096         1000     13306.24      3248594
         8192         1000     17573.40      2145191
        16384         1000     19420.64      1185342
        32768         1000     22514.99       687103
        65536          640     22654.08       345674
       131072          320     23543.70       179624
       262144          160     24479.67        93383
       524288           80     16769.28        31985
      1048576           40     24072.12        22957
      2097152           20     23819.20        11358
      4194304           10     13397.14         3194

#---------------------------------------------------
# Benchmarking Biband 
# #processes = 8 
# ( 20 additional processes waiting in MPI_Barrier)
#---------------------------------------------------
       #bytes #repetitions   Mbytes/sec      Msg/sec
            0         1000         0.00     17506736
            1         1000        17.46     17456092
            2         1000        34.94     17467578
            4         1000        69.79     17446400
            8         1000       139.58     17447569
           16         1000       277.91     17369125
           32         1000       594.88     18590072
           64         1000      1190.96     18608672
          128         1000      2351.29     18369483
          256         1000      4492.65     17549432
          512         1000      3406.09      6652511
         1024         1000      5800.86      5664906
         2048         1000      9283.87      4533142
         4096         1000     13164.36      3213955
         8192         1000     16699.69      2038537
        16384         1000     19246.73      1174727
        32768         1000     20602.51       628739
        65536          640     22430.17       342257
       131072          320     23535.78       179564
       262144          160     24620.25        93919
       524288           80     24246.55        46247
      1048576           40     22776.90        21722
      2097152           20     22696.39        10822
      4194304           10     18786.80         4479

#---------------------------------------------------
# Benchmarking Biband 
# #processes = 16 
# ( 12 additional processes waiting in MPI_Barrier)
#---------------------------------------------------
       #bytes #repetitions   Mbytes/sec      Msg/sec
            0         1000         0.00     35452350
            1         1000        35.55     35551101
            2         1000        71.25     35626773
            4         1000       142.89     35722295
            8         1000       284.94     35617859
           16         1000       570.93     35683032
           32         1000      1204.96     37654854
           64         1000      2344.11     36626694
          128         1000      4072.41     31815707
          256         1000      6920.74     27034149
          512         1000      7413.54     14479570
         1024         1000     12944.55     12641162
         2048         1000     20712.45     10113503
         4096         1000     28674.61      7000637
         8192         1000     37405.98      4566160
        16384         1000     43056.21      2627942
        32768         1000     43772.16      1335820
        65536          640     45031.57       687127
       131072          320     45273.98       345413
       262144          160     41546.87       158489
       524288           80     47950.77        91459
      1048576           40     47147.83        44964
      2097152           20     45384.57        21641
      4194304           10     36927.58         8804

#---------------------------------------------------
# Benchmarking Biband 
# #processes = 28 
#---------------------------------------------------
       #bytes #repetitions   Mbytes/sec      Msg/sec
            0         1000         0.00     79709332
            1         1000        79.76     79757761
            2         1000       159.10     79550686
            4         1000       324.71     81176927
            8         1000       634.77     79345775
           16         1000      1301.69     81355340
           32         1000      2532.99     79156056
           64         1000      3955.48     61804410
          128         1000      6750.17     52735732
          256         1000      9803.45     38294723
          512         1000     15262.89     29810324
         1024         1000     21520.12     21015744
         2048         1000     23588.34     11517742
         4096         1000     23864.17      5826212
         8192         1000     24249.73      2960172
        16384         1000     24330.04      1484988
        32768         1000     24309.82       741877
        65536          640     24296.96       370742
       131072          320     24199.04       184624
       262144          160     24004.33        91569
       524288           80     24623.46        46966
      1048576           40     24637.65        23496
      2097152           20     24640.06        11749
      4194304           10     24644.66         5876


# All processes entering MPI_Finalize

