#------------------------------------------------------------
#    Intel(R) MPI Benchmarks 2019 Update 5, MPI-1 part    
#------------------------------------------------------------
# Date                  : Fri Sep 11 15:06:11 2020
# Machine               : x86_64
# System                : Linux
# Release               : 3.10.0-1127.8.2.el7.x86_64
# Version               : #1 SMP Tue May 12 16:57:42 UTC 2020
# MPI Version           : 3.1
# MPI Thread Environment: 


# Calling sequence was: 

# /alaska/steveb/spack/opt/spack/linux-centos7-broadwell/gcc-9.3.0/intel-mpi-benchmarks-2019.5-dwg5q6jdcxgwtiwi2lj32w4ttotvwqnt/bin/IMB-MPI1 uniband -npmin 64 

# Minimum message length in bytes:   0
# Maximum message length in bytes:   4194304
#
# MPI_Datatype                   :   MPI_BYTE 
# MPI_Datatype for reductions    :   MPI_FLOAT 
# MPI_Op                         :   MPI_SUM  
# 
# 

# List of Benchmarks to run:

# Uniband

#---------------------------------------------------
# Benchmarking Uniband 
# #processes = 64 
#---------------------------------------------------
       #bytes #repetitions   Mbytes/sec      Msg/sec
            0         1000         0.00     32687917
            1         1000        32.78     32775683
            2         1000        65.55     32772666
            4         1000       125.82     31454025
            8         1000       238.37     29795912
           16         1000       448.97     28060696
           32         1000       776.90     24278156
           64         1000      1252.17     19565119
          128         1000      1693.59     13231148
          256         1000      2246.52      8775465
          512         1000      2633.84      5144215
         1024         1000      2858.79      2791783
         2048         1000      2986.03      1458023
         4096         1000      2995.36       731289
         8192         1000      3029.15       369770
        16384          907      3040.55       185580
        32768          453      3033.94        92589
        65536          228      3052.85        46583
       131072          114      3058.28        23333
       262144           58      3061.00        11677
       524288           29      3062.36         5841
      1048576           15      3063.04         2921
      2097152            8      3063.38         1461
      4194304            4      3063.55          730


# All processes entering MPI_Finalize

