2020-08-19T17:17:49+01:00|reframe 3.0-dev6 (rev: 3f0c45d4)|Gromacs_61k_4 on alaska:ib-gcc9-openmpi4-ucx using gromacs|jobid=5036|ns_per_day=72.525|ns/day|ref=0 (l=None, u=None)|num_procs=128,61k-atoms,num_nodes=4
2020-08-19T17:17:49+01:00|reframe 3.0-dev6 (rev: 3f0c45d4)|Gromacs_61k_4 on alaska:ib-gcc9-openmpi4-ucx using gromacs|jobid=5036|hour_per_ns=0.331|hour/ns|ref=0 (l=None, u=None)|num_procs=128,61k-atoms,num_nodes=4
2020-08-19T17:17:49+01:00|reframe 3.0-dev6 (rev: 3f0c45d4)|Gromacs_61k_4 on alaska:ib-gcc9-openmpi4-ucx using gromacs|jobid=5036|core_t=30498.43|s|ref=0 (l=None, u=None)|num_procs=128,61k-atoms,num_nodes=4
2020-08-19T17:17:49+01:00|reframe 3.0-dev6 (rev: 3f0c45d4)|Gromacs_61k_4 on alaska:ib-gcc9-openmpi4-ucx using gromacs|jobid=5036|wall_t=119.134|s|ref=0 (l=None, u=None)|num_procs=128,61k-atoms,num_nodes=4
2020-08-19T17:17:49+01:00|reframe 3.0-dev6 (rev: 3f0c45d4)|Gromacs_61k_4 on alaska:ib-gcc9-openmpi4-ucx using gromacs|jobid=5036|runtime_real=127.292|s|ref=0 (l=None, u=None)|num_procs=128,61k-atoms,num_nodes=4
2020-09-08T16:57:30+01:00|reframe 3.0-dev6 (rev: 3f0c45d4)|Gromacs_61k_4 on alaska:ib-gcc9-openmpi4-ucx using gromacs|jobid=5225|ns_per_day=62.86|ns/day|ref=0 (l=None, u=None)|61k-atoms,num_nodes=4,num_procs=128
2020-09-08T16:57:30+01:00|reframe 3.0-dev6 (rev: 3f0c45d4)|Gromacs_61k_4 on alaska:ib-gcc9-openmpi4-ucx using gromacs|jobid=5225|hour_per_ns=0.382|hour/ns|ref=0 (l=None, u=None)|61k-atoms,num_nodes=4,num_procs=128
2020-09-08T16:57:30+01:00|reframe 3.0-dev6 (rev: 3f0c45d4)|Gromacs_61k_4 on alaska:ib-gcc9-openmpi4-ucx using gromacs|jobid=5225|core_t=35187.464|s|ref=0 (l=None, u=None)|61k-atoms,num_nodes=4,num_procs=128
2020-09-08T16:57:30+01:00|reframe 3.0-dev6 (rev: 3f0c45d4)|Gromacs_61k_4 on alaska:ib-gcc9-openmpi4-ucx using gromacs|jobid=5225|wall_t=137.451|s|ref=0 (l=None, u=None)|61k-atoms,num_nodes=4,num_procs=128
2020-09-08T16:57:30+01:00|reframe 3.0-dev6 (rev: 3f0c45d4)|Gromacs_61k_4 on alaska:ib-gcc9-openmpi4-ucx using gromacs|jobid=5225|runtime_real=145.941|s|ref=0 (l=None, u=None)|61k-atoms,num_nodes=4,num_procs=128
2020-09-09T13:38:02+01:00|reframe 3.0-dev6 (rev: 3f0c45d4)|Gromacs_61k_4 on alaska:ib-gcc9-openmpi4-ucx using gromacs|jobid=5255|ns_per_day=37.069|ns/day|ref=0 (l=None, u=None)|num_procs=128,num_nodes=4,61k-atoms
2020-09-09T13:38:02+01:00|reframe 3.0-dev6 (rev: 3f0c45d4)|Gromacs_61k_4 on alaska:ib-gcc9-openmpi4-ucx using gromacs|jobid=5255|hour_per_ns=0.647|hour/ns|ref=0 (l=None, u=None)|num_procs=128,num_nodes=4,61k-atoms
2020-09-09T13:38:02+01:00|reframe 3.0-dev6 (rev: 3f0c45d4)|Gromacs_61k_4 on alaska:ib-gcc9-openmpi4-ucx using gromacs|jobid=5255|core_t=59670.179|s|ref=0 (l=None, u=None)|num_procs=128,num_nodes=4,61k-atoms
2020-09-09T13:38:02+01:00|reframe 3.0-dev6 (rev: 3f0c45d4)|Gromacs_61k_4 on alaska:ib-gcc9-openmpi4-ucx using gromacs|jobid=5255|wall_t=233.087|s|ref=0 (l=None, u=None)|num_procs=128,num_nodes=4,61k-atoms
2020-09-09T13:38:02+01:00|reframe 3.0-dev6 (rev: 3f0c45d4)|Gromacs_61k_4 on alaska:ib-gcc9-openmpi4-ucx using gromacs|jobid=5255|runtime_real=243.223|s|ref=0 (l=None, u=None)|num_procs=128,num_nodes=4,61k-atoms
2020-09-10T10:03:19+01:00|reframe 3.0-dev6 (rev: 3f0c45d4)|Gromacs_61k_4 on alaska:ib-gcc9-openmpi4-ucx using gromacs|jobid=5308|ns_per_day=34.64|ns/day|ref=0 (l=None, u=None)|num_nodes=4,num_procs=128,61k-atoms
2020-09-10T10:03:19+01:00|reframe 3.0-dev6 (rev: 3f0c45d4)|Gromacs_61k_4 on alaska:ib-gcc9-openmpi4-ucx using gromacs|jobid=5308|hour_per_ns=0.693|hour/ns|ref=0 (l=None, u=None)|num_nodes=4,num_procs=128,61k-atoms
2020-09-10T10:03:19+01:00|reframe 3.0-dev6 (rev: 3f0c45d4)|Gromacs_61k_4 on alaska:ib-gcc9-openmpi4-ucx using gromacs|jobid=5308|core_t=63853.624|s|ref=0 (l=None, u=None)|num_nodes=4,num_procs=128,61k-atoms
2020-09-10T10:03:19+01:00|reframe 3.0-dev6 (rev: 3f0c45d4)|Gromacs_61k_4 on alaska:ib-gcc9-openmpi4-ucx using gromacs|jobid=5308|wall_t=249.428|s|ref=0 (l=None, u=None)|num_nodes=4,num_procs=128,61k-atoms
2020-09-10T10:03:19+01:00|reframe 3.0-dev6 (rev: 3f0c45d4)|Gromacs_61k_4 on alaska:ib-gcc9-openmpi4-ucx using gromacs|jobid=5308|runtime_real=257.537|s|ref=0 (l=None, u=None)|num_nodes=4,num_procs=128,61k-atoms
2020-09-10T14:52:06+01:00|reframe 3.0-dev6 (rev: 3f0c45d4)|Gromacs_61k_4 on alaska:ib-gcc9-openmpi4-ucx using gromacs|jobid=6402|ns_per_day=39.36|ns/day|ref=0 (l=None, u=None)|num_procs=128,num_nodes=4,61k-atoms
2020-09-10T14:52:06+01:00|reframe 3.0-dev6 (rev: 3f0c45d4)|Gromacs_61k_4 on alaska:ib-gcc9-openmpi4-ucx using gromacs|jobid=6402|hour_per_ns=0.61|hour/ns|ref=0 (l=None, u=None)|num_procs=128,num_nodes=4,61k-atoms
2020-09-10T14:52:06+01:00|reframe 3.0-dev6 (rev: 3f0c45d4)|Gromacs_61k_4 on alaska:ib-gcc9-openmpi4-ucx using gromacs|jobid=6402|core_t=56196.479|s|ref=0 (l=None, u=None)|num_procs=128,num_nodes=4,61k-atoms
2020-09-10T14:52:06+01:00|reframe 3.0-dev6 (rev: 3f0c45d4)|Gromacs_61k_4 on alaska:ib-gcc9-openmpi4-ucx using gromacs|jobid=6402|wall_t=219.517|s|ref=0 (l=None, u=None)|num_procs=128,num_nodes=4,61k-atoms
2020-09-10T14:52:06+01:00|reframe 3.0-dev6 (rev: 3f0c45d4)|Gromacs_61k_4 on alaska:ib-gcc9-openmpi4-ucx using gromacs|jobid=6402|runtime_real=227.26|s|ref=0 (l=None, u=None)|num_procs=128,num_nodes=4,61k-atoms
