[0] MPI startup(): I_MPI_OFA_TRANSLATION_CACHE variable has been removed from the product, its value is ignored

#------------------------------------------------------------
#    Intel(R) MPI Benchmarks 2019 Update 6, MPI-1 part    
#------------------------------------------------------------
# Date                  : Thu Oct  1 16:20:53 2020
# Machine               : x86_64
# System                : Linux
# Release               : 3.10.0-1127.19.1.el7.x86_64
# Version               : #1 SMP Tue Aug 25 17:23:54 UTC 2020
# MPI Version           : 3.1
# MPI Thread Environment: 


# Calling sequence was: 

# /usr/local/Cluster-Apps/intel/2020.2/compilers_and_libraries_2020.2.254/linux/mpi/intel64/bin/IMB-MPI1 uniband -npmin 1 

# Minimum message length in bytes:   0
# Maximum message length in bytes:   4194304
#
# MPI_Datatype                   :   MPI_BYTE 
# MPI_Datatype for reductions    :   MPI_FLOAT 
# MPI_Op                         :   MPI_SUM  
# 
# 

# List of Benchmarks to run:

# Uniband

#---------------------------------------------------
# Benchmarking Uniband 
# #processes = 2 
# ( 26 additional processes waiting in MPI_Barrier)
#---------------------------------------------------
       #bytes #repetitions   Mbytes/sec      Msg/sec
            0         1000         0.00      7025833
            1         1000         7.43      7427206
            2         1000        14.35      7173538
            4         1000        29.79      7447091
            8         1000        56.51      7063340
           16         1000       115.23      7202032
           32         1000       231.85      7245441
           64         1000       474.14      7408429
          128         1000       943.91      7374265
          256         1000      1853.95      7241990
          512         1000      1562.65      3052049
         1024         1000      2980.71      2910851
         2048         1000      4853.30      2369774
         4096         1000      6917.55      1688855
         8192         1000      9360.50      1142639
        16384         1000     10843.17       661815
        32768         1000     11900.96       363188
        65536          640     12025.38       183493
       131072          320     12203.42        93105
       262144          160     12256.03        46753
       524288           80      9507.56        18134
      1048576           40      9752.98         9301
      2097152           20      8854.28         4222
      4194304           10      5455.23         1301

#---------------------------------------------------
# Benchmarking Uniband 
# #processes = 4 
# ( 24 additional processes waiting in MPI_Barrier)
#---------------------------------------------------
       #bytes #repetitions   Mbytes/sec      Msg/sec
            0         1000         0.00      7856162
            1         1000         7.93      7930282
            2         1000        15.99      7993950
            4         1000        32.03      8007100
            8         1000        64.00      8000409
           16         1000       129.52      8095090
           32         1000       231.19      7224843
           64         1000       465.04      7266195
          128         1000       867.22      6775173
          256         1000      2242.69      8760525
          512         1000      1665.31      3252567
         1024         1000      2657.41      2595129
         2048         1000      4323.20      2110936
         4096         1000      6312.38      1541108
         8192         1000      8304.54      1013738
        16384         1000      8979.50       548065
        32768         1000      8694.35       265331
        65536          640      9164.26       139835
       131072          320      9901.70        75544
       262144          160     10228.14        39017
       524288           80     11556.13        22042
      1048576           40     10712.37        10216
      2097152           20     10564.25         5037
      4194304           10      9326.23         2224

#---------------------------------------------------
# Benchmarking Uniband 
# #processes = 8 
# ( 20 additional processes waiting in MPI_Barrier)
#---------------------------------------------------
       #bytes #repetitions   Mbytes/sec      Msg/sec
            0         1000         0.00     15856816
            1         1000        15.94     15936239
            2         1000        31.92     15959351
            4         1000        63.80     15949789
            8         1000       127.72     15965030
           16         1000       255.52     15970262
           32         1000       457.46     14295472
           64         1000       917.53     14336450
          128         1000      1688.44     13190958
          256         1000      4294.82     16776655
          512         1000      3093.23      6041469
         1024         1000      5326.00      5201176
         2048         1000      8495.24      4148068
         4096         1000     12306.53      3004524
         8192         1000     15958.66      1948079
        16384         1000     17324.10      1057379
        32768         1000     16620.82       507227
        65536          640     17576.25       268192
       131072          320     18889.05       144112
       262144          160     19442.10        74166
       524288           80     22177.59        42300
      1048576           40     20698.29        19739
      2097152           20     20351.99         9705
      4194304           10     17718.88         4225

#---------------------------------------------------
# Benchmarking Uniband 
# #processes = 16 
# ( 12 additional processes waiting in MPI_Barrier)
#---------------------------------------------------
       #bytes #repetitions   Mbytes/sec      Msg/sec
            0         1000         0.00     31403255
            1         1000        31.69     31688095
            2         1000        63.51     31756165
            4         1000       127.61     31901267
            8         1000       254.78     31846892
           16         1000       503.32     31457578
           32         1000       904.85     28276516
           64         1000      1799.35     28114897
          128         1000      3210.48     25081866
          256         1000      5791.64     22623590
          512         1000      5845.78     11417544
         1024         1000     10330.11     10087998
         2048         1000     16868.80      8236718
         4096         1000     22655.43      5531111
         8192         1000     22896.73      2795011
        16384         1000     22980.05      1402591
        32768         1000     22932.66       699849
        65536          640     22908.25       349552
       131072          320     22898.76       174704
       262144          160     22899.50        87355
       524288           80     23136.40        44129
      1048576           40     23141.28        22069
      2097152           20     23143.76        11036
      4194304           10     23144.72         5518

#---------------------------------------------------
# Benchmarking Uniband 
# #processes = 28 
#---------------------------------------------------
       #bytes #repetitions   Mbytes/sec      Msg/sec
            0         1000         0.00     54290405
            1         1000        54.33     54328779
            2         1000       109.15     54573201
            4         1000       212.51     53127930
            8         1000       415.16     51894599
           16         1000       794.08     49629748
           32         1000      1453.16     45411378
           64         1000      2404.92     37576807
          128         1000      3525.83     27545513
          256         1000      4545.09     17754274
          512         1000      5266.30     10285747
         1024         1000      5327.03      5202178
         2048         1000      5547.02      2708506
         4096         1000      5664.46      1382926
         8192         1000      5724.86       698835
        16384         1000      5745.23       350661
        32768         1000      5733.47       174972
        65536          640      5727.54        87395
       131072          320      5724.73        43676
       262144          160      5724.91        21839
       524288           80      5784.30        11033
      1048576           40      5785.47         5517
      2097152           20      5786.04         2759
      4194304           10      5786.31         1380


# All processes entering MPI_Finalize

