2020-09-08T17:53:41+01:00|reframe 3.0-dev6 (rev: 3f0c45d4)|Gromacs_1400k_16 on alaska:ib-gcc9-openmpi4-ucx using gromacs|jobid=5219|ns_per_day=10.734|ns/day|ref=0 (l=None, u=None)|1400k-atoms,num_procs=512,num_nodes=16
2020-09-08T17:53:41+01:00|reframe 3.0-dev6 (rev: 3f0c45d4)|Gromacs_1400k_16 on alaska:ib-gcc9-openmpi4-ucx using gromacs|jobid=5219|hour_per_ns=2.236|hour/ns|ref=0 (l=None, u=None)|1400k-atoms,num_procs=512,num_nodes=16
2020-09-08T17:53:41+01:00|reframe 3.0-dev6 (rev: 3f0c45d4)|Gromacs_1400k_16 on alaska:ib-gcc9-openmpi4-ucx using gromacs|jobid=5219|core_t=164862.289|s|ref=0 (l=None, u=None)|1400k-atoms,num_procs=512,num_nodes=16
2020-09-08T17:53:41+01:00|reframe 3.0-dev6 (rev: 3f0c45d4)|Gromacs_1400k_16 on alaska:ib-gcc9-openmpi4-ucx using gromacs|jobid=5219|wall_t=160.998|s|ref=0 (l=None, u=None)|1400k-atoms,num_procs=512,num_nodes=16
2020-09-08T17:53:41+01:00|reframe 3.0-dev6 (rev: 3f0c45d4)|Gromacs_1400k_16 on alaska:ib-gcc9-openmpi4-ucx using gromacs|jobid=5219|runtime_real=172.836|s|ref=0 (l=None, u=None)|1400k-atoms,num_procs=512,num_nodes=16
2020-09-09T14:47:05+01:00|reframe 3.0-dev6 (rev: 3f0c45d4)|Gromacs_1400k_16 on alaska:ib-gcc9-openmpi4-ucx using gromacs|jobid=5269|ns_per_day=7.567|ns/day|ref=0 (l=None, u=None)|num_procs=512,num_nodes=16,1400k-atoms
2020-09-09T14:47:05+01:00|reframe 3.0-dev6 (rev: 3f0c45d4)|Gromacs_1400k_16 on alaska:ib-gcc9-openmpi4-ucx using gromacs|jobid=5269|hour_per_ns=3.172|hour/ns|ref=0 (l=None, u=None)|num_procs=512,num_nodes=16,1400k-atoms
2020-09-09T14:47:05+01:00|reframe 3.0-dev6 (rev: 3f0c45d4)|Gromacs_1400k_16 on alaska:ib-gcc9-openmpi4-ucx using gromacs|jobid=5269|core_t=233866.507|s|ref=0 (l=None, u=None)|num_procs=512,num_nodes=16,1400k-atoms
2020-09-09T14:47:05+01:00|reframe 3.0-dev6 (rev: 3f0c45d4)|Gromacs_1400k_16 on alaska:ib-gcc9-openmpi4-ucx using gromacs|jobid=5269|wall_t=228.385|s|ref=0 (l=None, u=None)|num_procs=512,num_nodes=16,1400k-atoms
2020-09-09T14:47:05+01:00|reframe 3.0-dev6 (rev: 3f0c45d4)|Gromacs_1400k_16 on alaska:ib-gcc9-openmpi4-ucx using gromacs|jobid=5269|runtime_real=240.007|s|ref=0 (l=None, u=None)|num_procs=512,num_nodes=16,1400k-atoms
2020-09-10T10:54:36+01:00|reframe 3.0-dev6 (rev: 3f0c45d4)|Gromacs_1400k_16 on alaska:ib-gcc9-openmpi4-ucx using gromacs|jobid=5302|ns_per_day=7.135|ns/day|ref=0 (l=None, u=None)|num_nodes=16,1400k-atoms,num_procs=512
2020-09-10T10:54:36+01:00|reframe 3.0-dev6 (rev: 3f0c45d4)|Gromacs_1400k_16 on alaska:ib-gcc9-openmpi4-ucx using gromacs|jobid=5302|hour_per_ns=3.364|hour/ns|ref=0 (l=None, u=None)|num_nodes=16,1400k-atoms,num_procs=512
2020-09-10T10:54:36+01:00|reframe 3.0-dev6 (rev: 3f0c45d4)|Gromacs_1400k_16 on alaska:ib-gcc9-openmpi4-ucx using gromacs|jobid=5302|core_t=248040.168|s|ref=0 (l=None, u=None)|num_nodes=16,1400k-atoms,num_procs=512
2020-09-10T10:54:36+01:00|reframe 3.0-dev6 (rev: 3f0c45d4)|Gromacs_1400k_16 on alaska:ib-gcc9-openmpi4-ucx using gromacs|jobid=5302|wall_t=242.227|s|ref=0 (l=None, u=None)|num_nodes=16,1400k-atoms,num_procs=512
2020-09-10T10:54:36+01:00|reframe 3.0-dev6 (rev: 3f0c45d4)|Gromacs_1400k_16 on alaska:ib-gcc9-openmpi4-ucx using gromacs|jobid=5302|runtime_real=253.683|s|ref=0 (l=None, u=None)|num_nodes=16,1400k-atoms,num_procs=512
2020-09-10T15:45:11+01:00|reframe 3.0-dev6 (rev: 3f0c45d4)|Gromacs_1400k_16 on alaska:ib-gcc9-openmpi4-ucx using gromacs|jobid=6396|ns_per_day=7.64|ns/day|ref=0 (l=None, u=None)|num_nodes=16,num_procs=512,1400k-atoms
2020-09-10T15:45:11+01:00|reframe 3.0-dev6 (rev: 3f0c45d4)|Gromacs_1400k_16 on alaska:ib-gcc9-openmpi4-ucx using gromacs|jobid=6396|hour_per_ns=3.141|hour/ns|ref=0 (l=None, u=None)|num_nodes=16,num_procs=512,1400k-atoms
2020-09-10T15:45:11+01:00|reframe 3.0-dev6 (rev: 3f0c45d4)|Gromacs_1400k_16 on alaska:ib-gcc9-openmpi4-ucx using gromacs|jobid=6396|core_t=231626.793|s|ref=0 (l=None, u=None)|num_nodes=16,num_procs=512,1400k-atoms
2020-09-10T15:45:11+01:00|reframe 3.0-dev6 (rev: 3f0c45d4)|Gromacs_1400k_16 on alaska:ib-gcc9-openmpi4-ucx using gromacs|jobid=6396|wall_t=226.198|s|ref=0 (l=None, u=None)|num_nodes=16,num_procs=512,1400k-atoms
2020-09-10T15:45:11+01:00|reframe 3.0-dev6 (rev: 3f0c45d4)|Gromacs_1400k_16 on alaska:ib-gcc9-openmpi4-ucx using gromacs|jobid=6396|runtime_real=237.303|s|ref=0 (l=None, u=None)|num_nodes=16,num_procs=512,1400k-atoms
