2020-08-19T17:15:01+01:00|reframe 3.0-dev6 (rev: 3f0c45d4)|Gromacs_61k_1 on alaska:ib-gcc9-openmpi4-ucx using gromacs|jobid=5032|ns_per_day=30.772|ns/day|ref=0 (l=None, u=None)|61k-atoms,num_nodes=1,num_procs=32
2020-08-19T17:15:01+01:00|reframe 3.0-dev6 (rev: 3f0c45d4)|Gromacs_61k_1 on alaska:ib-gcc9-openmpi4-ucx using gromacs|jobid=5032|hour_per_ns=0.78|hour/ns|ref=0 (l=None, u=None)|61k-atoms,num_nodes=1,num_procs=32
2020-08-19T17:15:01+01:00|reframe 3.0-dev6 (rev: 3f0c45d4)|Gromacs_61k_1 on alaska:ib-gcc9-openmpi4-ucx using gromacs|jobid=5032|core_t=17969.879|s|ref=0 (l=None, u=None)|61k-atoms,num_nodes=1,num_procs=32
2020-08-19T17:15:01+01:00|reframe 3.0-dev6 (rev: 3f0c45d4)|Gromacs_61k_1 on alaska:ib-gcc9-openmpi4-ucx using gromacs|jobid=5032|wall_t=280.779|s|ref=0 (l=None, u=None)|61k-atoms,num_nodes=1,num_procs=32
2020-08-19T17:15:01+01:00|reframe 3.0-dev6 (rev: 3f0c45d4)|Gromacs_61k_1 on alaska:ib-gcc9-openmpi4-ucx using gromacs|jobid=5032|runtime_real=289.62|s|ref=0 (l=None, u=None)|61k-atoms,num_nodes=1,num_procs=32
2020-09-08T16:54:22+01:00|reframe 3.0-dev6 (rev: 3f0c45d4)|Gromacs_61k_1 on alaska:ib-gcc9-openmpi4-ucx using gromacs|jobid=5221|ns_per_day=31.346|ns/day|ref=0 (l=None, u=None)|61k-atoms,num_nodes=1,num_procs=32
2020-09-08T16:54:22+01:00|reframe 3.0-dev6 (rev: 3f0c45d4)|Gromacs_61k_1 on alaska:ib-gcc9-openmpi4-ucx using gromacs|jobid=5221|hour_per_ns=0.766|hour/ns|ref=0 (l=None, u=None)|61k-atoms,num_nodes=1,num_procs=32
2020-09-08T16:54:22+01:00|reframe 3.0-dev6 (rev: 3f0c45d4)|Gromacs_61k_1 on alaska:ib-gcc9-openmpi4-ucx using gromacs|jobid=5221|core_t=17640.772|s|ref=0 (l=None, u=None)|61k-atoms,num_nodes=1,num_procs=32
2020-09-08T16:54:22+01:00|reframe 3.0-dev6 (rev: 3f0c45d4)|Gromacs_61k_1 on alaska:ib-gcc9-openmpi4-ucx using gromacs|jobid=5221|wall_t=275.637|s|ref=0 (l=None, u=None)|61k-atoms,num_nodes=1,num_procs=32
2020-09-08T16:54:22+01:00|reframe 3.0-dev6 (rev: 3f0c45d4)|Gromacs_61k_1 on alaska:ib-gcc9-openmpi4-ucx using gromacs|jobid=5221|runtime_real=286.647|s|ref=0 (l=None, u=None)|61k-atoms,num_nodes=1,num_procs=32
2020-09-09T13:39:17+01:00|reframe 3.0-dev6 (rev: 3f0c45d4)|Gromacs_61k_1 on alaska:ib-gcc9-openmpi4-ucx using gromacs|jobid=5251|ns_per_day=27.293|ns/day|ref=0 (l=None, u=None)|num_procs=32,num_nodes=1,61k-atoms
2020-09-09T13:39:17+01:00|reframe 3.0-dev6 (rev: 3f0c45d4)|Gromacs_61k_1 on alaska:ib-gcc9-openmpi4-ucx using gromacs|jobid=5251|hour_per_ns=0.879|hour/ns|ref=0 (l=None, u=None)|num_procs=32,num_nodes=1,61k-atoms
2020-09-09T13:39:17+01:00|reframe 3.0-dev6 (rev: 3f0c45d4)|Gromacs_61k_1 on alaska:ib-gcc9-openmpi4-ucx using gromacs|jobid=5251|core_t=20260.628|s|ref=0 (l=None, u=None)|num_procs=32,num_nodes=1,61k-atoms
2020-09-09T13:39:17+01:00|reframe 3.0-dev6 (rev: 3f0c45d4)|Gromacs_61k_1 on alaska:ib-gcc9-openmpi4-ucx using gromacs|jobid=5251|wall_t=316.572|s|ref=0 (l=None, u=None)|num_procs=32,num_nodes=1,61k-atoms
2020-09-09T13:39:17+01:00|reframe 3.0-dev6 (rev: 3f0c45d4)|Gromacs_61k_1 on alaska:ib-gcc9-openmpi4-ucx using gromacs|jobid=5251|runtime_real=326.247|s|ref=0 (l=None, u=None)|num_procs=32,num_nodes=1,61k-atoms
2020-09-10T09:53:42+01:00|reframe 3.0-dev6 (rev: 3f0c45d4)|Gromacs_61k_1 on alaska:ib-gcc9-openmpi4-ucx using gromacs|jobid=5304|ns_per_day=26.087|ns/day|ref=0 (l=None, u=None)|num_nodes=1,num_procs=32,61k-atoms
2020-09-10T09:53:42+01:00|reframe 3.0-dev6 (rev: 3f0c45d4)|Gromacs_61k_1 on alaska:ib-gcc9-openmpi4-ucx using gromacs|jobid=5304|hour_per_ns=0.92|hour/ns|ref=0 (l=None, u=None)|num_nodes=1,num_procs=32,61k-atoms
2020-09-10T09:53:42+01:00|reframe 3.0-dev6 (rev: 3f0c45d4)|Gromacs_61k_1 on alaska:ib-gcc9-openmpi4-ucx using gromacs|jobid=5304|core_t=21196.869|s|ref=0 (l=None, u=None)|num_nodes=1,num_procs=32,61k-atoms
2020-09-10T09:53:42+01:00|reframe 3.0-dev6 (rev: 3f0c45d4)|Gromacs_61k_1 on alaska:ib-gcc9-openmpi4-ucx using gromacs|jobid=5304|wall_t=331.201|s|ref=0 (l=None, u=None)|num_nodes=1,num_procs=32,61k-atoms
2020-09-10T09:53:42+01:00|reframe 3.0-dev6 (rev: 3f0c45d4)|Gromacs_61k_1 on alaska:ib-gcc9-openmpi4-ucx using gromacs|jobid=5304|runtime_real=340.538|s|ref=0 (l=None, u=None)|num_nodes=1,num_procs=32,61k-atoms
2020-09-10T14:43:27+01:00|reframe 3.0-dev6 (rev: 3f0c45d4)|Gromacs_61k_1 on alaska:ib-gcc9-openmpi4-ucx using gromacs|jobid=6398|ns_per_day=26.295|ns/day|ref=0 (l=None, u=None)|61k-atoms,num_nodes=1,num_procs=32
2020-09-10T14:43:27+01:00|reframe 3.0-dev6 (rev: 3f0c45d4)|Gromacs_61k_1 on alaska:ib-gcc9-openmpi4-ucx using gromacs|jobid=6398|hour_per_ns=0.913|hour/ns|ref=0 (l=None, u=None)|61k-atoms,num_nodes=1,num_procs=32
2020-09-10T14:43:27+01:00|reframe 3.0-dev6 (rev: 3f0c45d4)|Gromacs_61k_1 on alaska:ib-gcc9-openmpi4-ucx using gromacs|jobid=6398|core_t=21029.222|s|ref=0 (l=None, u=None)|61k-atoms,num_nodes=1,num_procs=32
2020-09-10T14:43:27+01:00|reframe 3.0-dev6 (rev: 3f0c45d4)|Gromacs_61k_1 on alaska:ib-gcc9-openmpi4-ucx using gromacs|jobid=6398|wall_t=328.582|s|ref=0 (l=None, u=None)|61k-atoms,num_nodes=1,num_procs=32
2020-09-10T14:43:27+01:00|reframe 3.0-dev6 (rev: 3f0c45d4)|Gromacs_61k_1 on alaska:ib-gcc9-openmpi4-ucx using gromacs|jobid=6398|runtime_real=338.355|s|ref=0 (l=None, u=None)|61k-atoms,num_nodes=1,num_procs=32
