#------------------------------------------------------------
#    Intel(R) MPI Benchmarks 2019 Update 5, MPI-1 part    
#------------------------------------------------------------
# Date                  : Wed Oct  7 10:05:06 2020
# Machine               : x86_64
# System                : Linux
# Release               : 3.10.0-1127.8.2.el7.x86_64
# Version               : #1 SMP Tue May 12 16:57:42 UTC 2020
# MPI Version           : 3.1
# MPI Thread Environment: 


# Calling sequence was: 

# /alaska/steveb/spack/opt/spack/linux-centos7-broadwell/gcc-9.3.0/intel-mpi-benchmarks-2019.5-dwg5q6jdcxgwtiwi2lj32w4ttotvwqnt/bin/IMB-MPI1 biband -npmin 1 

# Minimum message length in bytes:   0
# Maximum message length in bytes:   4194304
#
# MPI_Datatype                   :   MPI_BYTE 
# MPI_Datatype for reductions    :   MPI_FLOAT 
# MPI_Op                         :   MPI_SUM  
# 
# 

# List of Benchmarks to run:

# Biband

#---------------------------------------------------
# Benchmarking Biband 
# #processes = 2 
# ( 14 additional processes waiting in MPI_Barrier)
#---------------------------------------------------
       #bytes #repetitions   Mbytes/sec      Msg/sec
            0         1000         0.00     10398803
            1         1000        10.59     10588120
            2         1000        20.52     10259257
            4         1000        42.19     10548027
            8         1000        80.52     10065479
           16         1000       167.50     10468562
           32         1000       320.75     10023494
           64         1000       639.47      9991764
          128         1000       619.15      4837105
          256         1000      1046.99      4089795
          512         1000      1851.70      3616611
         1024         1000      2114.20      2064649
         2048         1000      2624.69      1281587
         4096         1000      3475.53       848517
         8192         1000      4277.41       522145
        16384         1000     10012.46       611112
        32768         1000     14456.55       441179
        65536          640     18737.35       285909
       131072          320     19739.68       150602
       262144          160     17667.04        67394
       524288           80     17645.77        33657
      1048576           40     18027.27        17192
      2097152           20     18179.91         8669
      4194304           10     17237.89         4110

#---------------------------------------------------
# Benchmarking Biband 
# #processes = 4 
# ( 12 additional processes waiting in MPI_Barrier)
#---------------------------------------------------
       #bytes #repetitions   Mbytes/sec      Msg/sec
            0         1000         0.00     17336573
            1         1000        17.34     17338409
            2         1000        35.48     17741308
            4         1000        69.70     17425616
            8         1000       142.15     17769284
           16         1000       280.72     17544737
           32         1000       542.74     16960557
           64         1000      1148.04     17938051
          128         1000       665.24      5197227
          256         1000      1106.98      4324147
          512         1000      1941.79      3792559
         1024         1000      3520.90      3438382
         2048         1000      5269.56      2573030
         4096         1000      6976.33      1703206
         8192         1000      8592.26      1048860
        16384         1000     17674.92      1078791
        32768         1000     25403.40       775250
        65536          640     33615.08       512925
       131072          320     37369.11       285104
       262144          160     34972.70       133410
       524288           80     33838.43        64542
      1048576           40     34448.16        32852
      2097152           20     34604.55        16501
      4194304           10     33464.74         7979

#---------------------------------------------------
# Benchmarking Biband 
# #processes = 8 
# ( 8 additional processes waiting in MPI_Barrier)
#---------------------------------------------------
       #bytes #repetitions   Mbytes/sec      Msg/sec
            0         1000         0.00     34933749
            1         1000        34.61     34608927
            2         1000        66.42     33209520
            4         1000       138.47     34616433
            8         1000       282.47     35308665
           16         1000       534.22     33389012
           32         1000      1047.57     32736665
           64         1000      2077.37     32458984
          128         1000      1328.06     10375505
          256         1000      2220.32      8673125
          512         1000      3506.32      6848274
         1024         1000      7270.28      7099878
         2048         1000     10324.40      5041213
         4096         1000     13405.32      3272783
         8192         1000     16328.07      1993173
        16384         1000     35404.76      2160935
        32768         1000     50735.47      1548324
        65536          640     57422.49       876198
       131072          320     61655.25       470392
       262144          160     63390.39       241815
       524288           80     66947.24       127692
      1048576           40     68231.28        65070
      2097152           20     68744.88        32780
      4194304           10     55574.69        13250

#---------------------------------------------------
# Benchmarking Biband 
# #processes = 16 
#---------------------------------------------------
       #bytes #repetitions   Mbytes/sec      Msg/sec
            0         1000         0.00     59449874
            1         1000        57.01     57011911
            2         1000       107.67     53834145
            4         1000       206.22     51555589
            8         1000       394.76     49344558
           16         1000       955.94     59746243
           32         1000      1406.50     43953120
           64         1000      2732.19     42690520
          128         1000      4501.38     35167044
          256         1000      7685.90     30023066
          512         1000     14574.67     28466158
         1024         1000     18244.26     17816664
         2048         1000     19913.99      9723629
         4096         1000     20374.04      4974130
         8192         1000     20493.41      2501637
        16384         1000     20639.71      1259748
        32768         1000     20353.09       621127
        65536          640     20331.57       310235
       131072          320     20610.92       157249
       262144          160     20502.04        78209
       524288           80     20538.83        39175
      1048576           40     20632.00        19676
      2097152           20     20557.05         9802
      4194304           10     20544.33         4898


# All processes entering MPI_Finalize

