 starting wrf task            1  of           56
 starting wrf task           11  of           56
 starting wrf task           29  of           56
 starting wrf task           37  of           56
 starting wrf task           15  of           56
 starting wrf task           23  of           56
 starting wrf task           33  of           56
 starting wrf task           17  of           56
 starting wrf task           52  of           56
 starting wrf task           44  of           56
 starting wrf task           45  of           56
 starting wrf task           28  of           56
 starting wrf task           19  of           56
 starting wrf task           38  of           56
 starting wrf task            6  of           56
 starting wrf task           49  of           56
 starting wrf task           55  of           56
 starting wrf task           46  of           56
 starting wrf task           54  of           56
 starting wrf task           35  of           56
 starting wrf task           40  of           56
 starting wrf task            3  of           56
 starting wrf task           13  of           56
 starting wrf task           22  of           56
 starting wrf task           47  of           56
 starting wrf task            9  of           56
 starting wrf task           26  of           56
 starting wrf task           30  of           56
 starting wrf task           25  of           56
 starting wrf task           20  of           56
 starting wrf task           31  of           56
 starting wrf task           43  of           56
 starting wrf task            7  of           56
 starting wrf task           50  of           56
 starting wrf task           51  of           56
 starting wrf task           53  of           56
 starting wrf task           36  of           56
 starting wrf task            5  of           56
 starting wrf task            2  of           56
 starting wrf task            4  of           56
 starting wrf task            0  of           56
 starting wrf task           27  of           56
 starting wrf task            8  of           56
 starting wrf task           32  of           56
 starting wrf task           42  of           56
 starting wrf task           10  of           56
 starting wrf task           18  of           56
 starting wrf task           24  of           56
 starting wrf task           34  of           56
 starting wrf task           14  of           56
 starting wrf task           16  of           56
 starting wrf task           12  of           56
 starting wrf task           21  of           56
 starting wrf task           39  of           56
 starting wrf task           41  of           56
 starting wrf task           48  of           56

real	0m58.601s
user	0m0.016s
sys	0m0.019s
