#------------------------------------------------------------
#    Intel(R) MPI Benchmarks 2019 Update 5, MPI-1 part    
#------------------------------------------------------------
# Date                  : Fri Sep 11 15:06:26 2020
# Machine               : x86_64
# System                : Linux
# Release               : 3.10.0-1127.8.2.el7.x86_64
# Version               : #1 SMP Tue May 12 16:57:42 UTC 2020
# MPI Version           : 3.1
# MPI Thread Environment: 


# Calling sequence was: 

# IMB-MPI1 biband -npmin 2 

# Minimum message length in bytes:   0
# Maximum message length in bytes:   4194304
#
# MPI_Datatype                   :   MPI_BYTE 
# MPI_Datatype for reductions    :   MPI_FLOAT 
# MPI_Op                         :   MPI_SUM  
# 
# 

# List of Benchmarks to run:

# Biband

#---------------------------------------------------
# Benchmarking Biband 
# #processes = 2 
#---------------------------------------------------
       #bytes #repetitions   Mbytes/sec      Msg/sec
            0         1000         0.00        61002
            1         1000         0.06        61309
            2         1000         0.12        61309
            4         1000         0.24        60941
            8         1000         0.49        61186
           16         1000         0.98        60942
           32         1000         1.96        61186
           64         1000         3.91        61064
          128         1000         7.83        61186
          256         1000        15.63        61063
          512         1000        31.86        62217
         1024         1000      1320.12      1289175
         2048         1000      4329.66      2114094
         4096         1000      4962.33      1211507
         8192         1000      5440.43       664116
        16384         1000      5675.89       346429
        32768         1000      5866.07       179018
        65536          640      5967.51        91057
       131072          320      6018.67        45919
       262144          160      3555.08        13562
       524288           80      4274.28         8153
      1048576           40      4880.52         4654
      2097152           20      5121.23         2442
      4194304           10      5149.86         1228


# All processes entering MPI_Finalize

