#------------------------------------------------------------
#    Intel(R) MPI Benchmarks 2019 Update 5, MPI-1 part    
#------------------------------------------------------------
# Date                  : Wed Oct  7 10:08:49 2020
# Machine               : x86_64
# System                : Linux
# Release               : 3.10.0-1127.8.2.el7.x86_64
# Version               : #1 SMP Tue May 12 16:57:42 UTC 2020
# MPI Version           : 3.1
# MPI Thread Environment: 


# Calling sequence was: 

# IMB-MPI1 biband -npmin 1 

# Minimum message length in bytes:   0
# Maximum message length in bytes:   4194304
#
# MPI_Datatype                   :   MPI_BYTE 
# MPI_Datatype for reductions    :   MPI_FLOAT 
# MPI_Op                         :   MPI_SUM  
# 
# 

# List of Benchmarks to run:

# Biband

#---------------------------------------------------
# Benchmarking Biband 
# #processes = 2 
# ( 62 additional processes waiting in MPI_Barrier)
#---------------------------------------------------
       #bytes #repetitions   Mbytes/sec      Msg/sec
            0         1000         0.00      5412049
            1         1000         5.30      5301627
            2         1000        10.61      5306046
            4         1000        21.04      5259447
            8         1000        41.47      5183549
           16         1000        84.20      5262806
           32         1000       162.58      5080532
           64         1000       324.67      5072893
          128         1000       649.61      5075100
          256         1000      1383.39      5403861
          512         1000      1289.49      2518534
         1024         1000      2426.22      2369354
         2048         1000      4067.02      1985849
         4096         1000      6203.88      1514620
         8192         1000      9344.69      1140709
        16384         1000     10394.62       634437
        32768         1000     10030.22       306098
        65536          640     10221.71       155971
       131072          320      9937.72        75819
       262144          160      9227.58        35200
       524288           80      7337.19        13995
      1048576           40      9354.22         8921
      2097152           20      9392.91         4479
      4194304           10      9593.47         2287

#---------------------------------------------------
# Benchmarking Biband 
# #processes = 4 
# ( 60 additional processes waiting in MPI_Barrier)
#---------------------------------------------------
       #bytes #repetitions   Mbytes/sec      Msg/sec
            0         1000         0.00     10787157
            1         1000        10.57     10569263
            2         1000        21.27     10634432
            4         1000        42.58     10643971
            8         1000        84.89     10611486
           16         1000       170.53     10658194
           32         1000       322.63     10082098
           64         1000       645.92     10092501
          128         1000      1287.86     10061415
          256         1000      2729.30     10661331
          512         1000      2612.64      5102811
         1024         1000      4690.56      4580627
         2048         1000      7776.36      3797052
         4096         1000     12409.44      3029648
         8192         1000     18112.84      2211040
        16384         1000     20116.10      1227789
        32768         1000     18494.23       564399
        65536          640     19717.53       300866
       131072          320     18815.28       143549
       262144          160     16027.17        61139
       524288           80     11056.80        21089
      1048576           40     18285.77        17439
      2097152           20     18438.28         8792
      4194304           10     18712.80         4461

#---------------------------------------------------
# Benchmarking Biband 
# #processes = 8 
# ( 56 additional processes waiting in MPI_Barrier)
#---------------------------------------------------
       #bytes #repetitions   Mbytes/sec      Msg/sec
            0         1000         0.00     21486862
            1         1000        21.12     21118484
            2         1000        40.57     20283404
            4         1000        85.04     21259338
            8         1000       163.60     20450224
           16         1000       340.56     21285274
           32         1000       645.62     20175725
           64         1000      1290.48     20163729
          128         1000      2574.68     20114726
          256         1000      5487.03     21433702
          512         1000      5160.11     10078336
         1024         1000      9026.86      8815290
         2048         1000     15575.68      7605312
         4096         1000     24542.63      5991853
         8192         1000     35261.13      4304338
        16384         1000     39557.80      2414416
        32768         1000     38886.17      1186712
        65536          640     38156.99       582229
       131072          320     32689.69       249403
       262144          160     22403.80        85464
       524288           80     20982.37        40021
      1048576           40     32178.69        30688
      2097152           20     20074.05         9572
      4194304           10     19235.20         4586

#---------------------------------------------------
# Benchmarking Biband 
# #processes = 16 
# ( 48 additional processes waiting in MPI_Barrier)
#---------------------------------------------------
       #bytes #repetitions   Mbytes/sec      Msg/sec
            0         1000         0.00     43223902
            1         1000        39.13     39125632
            2         1000        84.65     42322510
            4         1000       169.90     42475041
            8         1000       337.51     42189280
           16         1000       681.36     42585213
           32         1000      1308.80     40899956
           64         1000      2608.53     40758276
          128         1000      4953.51     38699277
          256         1000     10986.88     42917498
          512         1000     10069.57     19667126
         1024         1000     17942.32     17521793
         2048         1000     30266.55     14778589
         4096         1000     47442.05     11582531
         8192         1000     68084.64      8311113
        16384         1000     76413.93      4663936
        32768         1000     70527.47      2152327
        65536          640     59347.57       905572
       131072          320     29005.63       221295
       262144          160     29717.98       113365
       524288           80     29326.08        55935
      1048576           40     18618.78        17756
      2097152           20     15903.74         7583
      4194304           10     16805.81         4007

#---------------------------------------------------
# Benchmarking Biband 
# #processes = 32 
# ( 32 additional processes waiting in MPI_Barrier)
#---------------------------------------------------
       #bytes #repetitions   Mbytes/sec      Msg/sec
            0         1000         0.00     68723325
            1         1000        46.22     46217010
            2         1000       130.51     65253446
            4         1000       268.84     67209802
            8         1000       533.80     66724939
           16         1000      1087.09     67942890
           32         1000      1344.19     42005961
           64         1000      2692.50     42070363
          128         1000      4323.35     33776154
          256         1000      8365.17     32676440
          512         1000     10506.54     20520579
         1024         1000     18340.08     17910233
         2048         1000     25903.23     12648062
         4096         1000     29339.40      7162939
         8192         1000     30365.84      3706768
        16384         1000     30799.41      1879847
        32768         1000     31240.39       953381
        65536          640     31474.28       480259
       131072          320     29795.04       227318
       262144          160     29336.23       111909
       524288           80     29878.09        56988
      1048576           40     25365.69        24191
      2097152           20     18492.09         8818
      4194304           10     21518.07         5130

#---------------------------------------------------
# Benchmarking Biband 
# #processes = 64 
#---------------------------------------------------
       #bytes #repetitions   Mbytes/sec      Msg/sec
            0         1000         0.00     19121603
            1         1000        18.93     18933404
            2         1000        39.80     19900465
            4         1000        79.21     19801367
            8         1000       184.64     23079921
           16         1000       231.17     14448070
           32         1000       761.13     23785272
           64         1000      1580.52     24695620
          128         1000      2666.70     20833627
          256         1000      3822.44     14931404
          512         1000      4787.87      9351305
         1024         1000      5408.98      5282202
         2048         1000      5772.19      2818452
         4096         1000      5860.36      1430752
         8192         1000      5959.37       727462
        16384          893      5990.45       365628
        32768          450      6031.47       184066
        65536          226      6052.55        92355
       131072          113      6062.89        46256
       262144           57      6108.07        23300
       524288           29      6115.29        11664
      1048576           15      6116.64         5833
      2097152            8      6116.63         2917
      4194304            4      6108.37         1456


# All processes entering MPI_Finalize

