#------------------------------------------------------------
#    Intel(R) MPI Benchmarks 2019 Update 5, MPI-1 part    
#------------------------------------------------------------
# Date                  : Fri Sep 11 15:07:00 2020
# Machine               : x86_64
# System                : Linux
# Release               : 3.10.0-1127.8.2.el7.x86_64
# Version               : #1 SMP Tue May 12 16:57:42 UTC 2020
# MPI Version           : 3.1
# MPI Thread Environment: 


# Calling sequence was: 

# IMB-MPI1 biband -npmin 4 

# Minimum message length in bytes:   0
# Maximum message length in bytes:   4194304
#
# MPI_Datatype                   :   MPI_BYTE 
# MPI_Datatype for reductions    :   MPI_FLOAT 
# MPI_Op                         :   MPI_SUM  
# 
# 

# List of Benchmarks to run:

# Biband

#---------------------------------------------------
# Benchmarking Biband 
# #processes = 4 
#---------------------------------------------------
       #bytes #repetitions   Mbytes/sec      Msg/sec
            0         1000         0.00       261241
            1         1000         0.16       164043
            2         1000         0.42       209963
            4         1000         0.79       198053
            8         1000         1.37       171184
           16         1000         3.38       211238
           32         1000         7.00       218860
           64         1000        13.02       203486
          128         1000        21.97       171669
          256         1000       120.09       469114
          512         1000       463.46       905203
         1024         1000      1353.63      1321905
         2048         1000      2098.47      1024642
         4096         1000      9758.44      2382431
         8192         1000     11583.61      1414015
        16384         1000     11008.91       671931
        32768         1000     11526.20       351752
        65536          640     11194.22       170810
       131072          320     10588.02        80780
       262144          160      9961.42        38000
       524288           80     13527.51        25802
      1048576           40     16506.62        15742
      2097152           20     18306.47         8729
      4194304           10     17534.00         4180


# All processes entering MPI_Finalize

