2020-09-08T18:11:57+01:00|reframe 3.0-dev6 (rev: 3f0c45d4)|Gromacs_61k_16 on alaska:roce-gcc9-openmpi4-ucx using gromacs|jobid=5238|ns_per_day=46.018|ns/day|ref=0 (l=None, u=None)|61k-atoms,num_procs=512,num_nodes=16
2020-09-08T18:11:57+01:00|reframe 3.0-dev6 (rev: 3f0c45d4)|Gromacs_61k_16 on alaska:roce-gcc9-openmpi4-ucx using gromacs|jobid=5238|hour_per_ns=0.522|hour/ns|ref=0 (l=None, u=None)|61k-atoms,num_procs=512,num_nodes=16
2020-09-08T18:11:57+01:00|reframe 3.0-dev6 (rev: 3f0c45d4)|Gromacs_61k_16 on alaska:roce-gcc9-openmpi4-ucx using gromacs|jobid=5238|core_t=192262.079|s|ref=0 (l=None, u=None)|61k-atoms,num_procs=512,num_nodes=16
2020-09-08T18:11:57+01:00|reframe 3.0-dev6 (rev: 3f0c45d4)|Gromacs_61k_16 on alaska:roce-gcc9-openmpi4-ucx using gromacs|jobid=5238|wall_t=187.756|s|ref=0 (l=None, u=None)|61k-atoms,num_procs=512,num_nodes=16
2020-09-08T18:11:57+01:00|reframe 3.0-dev6 (rev: 3f0c45d4)|Gromacs_61k_16 on alaska:roce-gcc9-openmpi4-ucx using gromacs|jobid=5238|runtime_real=196.211|s|ref=0 (l=None, u=None)|61k-atoms,num_procs=512,num_nodes=16
2020-09-09T14:02:28+01:00|reframe 3.0-dev6 (rev: 3f0c45d4)|Gromacs_61k_16 on alaska:roce-gcc9-openmpi4-ucx using gromacs|jobid=5260|ns_per_day=15.628|ns/day|ref=0 (l=None, u=None)|num_procs=512,num_nodes=16,61k-atoms
2020-09-09T14:02:28+01:00|reframe 3.0-dev6 (rev: 3f0c45d4)|Gromacs_61k_16 on alaska:roce-gcc9-openmpi4-ucx using gromacs|jobid=5260|hour_per_ns=1.536|hour/ns|ref=0 (l=None, u=None)|num_procs=512,num_nodes=16,61k-atoms
2020-09-09T14:02:28+01:00|reframe 3.0-dev6 (rev: 3f0c45d4)|Gromacs_61k_16 on alaska:roce-gcc9-openmpi4-ucx using gromacs|jobid=5260|core_t=566131.441|s|ref=0 (l=None, u=None)|num_procs=512,num_nodes=16,61k-atoms
2020-09-09T14:02:28+01:00|reframe 3.0-dev6 (rev: 3f0c45d4)|Gromacs_61k_16 on alaska:roce-gcc9-openmpi4-ucx using gromacs|jobid=5260|wall_t=552.863|s|ref=0 (l=None, u=None)|num_procs=512,num_nodes=16,61k-atoms
2020-09-09T14:02:28+01:00|reframe 3.0-dev6 (rev: 3f0c45d4)|Gromacs_61k_16 on alaska:roce-gcc9-openmpi4-ucx using gromacs|jobid=5260|runtime_real=561.239|s|ref=0 (l=None, u=None)|num_procs=512,num_nodes=16,61k-atoms
2020-09-10T11:27:43+01:00|reframe 3.0-dev6 (rev: 3f0c45d4)|Gromacs_61k_16 on alaska:roce-gcc9-openmpi4-ucx using gromacs|jobid=5322|ns_per_day=18.597|ns/day|ref=0 (l=None, u=None)|num_nodes=16,num_procs=512,61k-atoms
2020-09-10T11:27:43+01:00|reframe 3.0-dev6 (rev: 3f0c45d4)|Gromacs_61k_16 on alaska:roce-gcc9-openmpi4-ucx using gromacs|jobid=5322|hour_per_ns=1.291|hour/ns|ref=0 (l=None, u=None)|num_nodes=16,num_procs=512,61k-atoms
2020-09-10T11:27:43+01:00|reframe 3.0-dev6 (rev: 3f0c45d4)|Gromacs_61k_16 on alaska:roce-gcc9-openmpi4-ucx using gromacs|jobid=5322|core_t=475759.69|s|ref=0 (l=None, u=None)|num_nodes=16,num_procs=512,61k-atoms
2020-09-10T11:27:43+01:00|reframe 3.0-dev6 (rev: 3f0c45d4)|Gromacs_61k_16 on alaska:roce-gcc9-openmpi4-ucx using gromacs|jobid=5322|wall_t=464.609|s|ref=0 (l=None, u=None)|num_nodes=16,num_procs=512,61k-atoms
2020-09-10T11:27:43+01:00|reframe 3.0-dev6 (rev: 3f0c45d4)|Gromacs_61k_16 on alaska:roce-gcc9-openmpi4-ucx using gromacs|jobid=5322|runtime_real=473.114|s|ref=0 (l=None, u=None)|num_nodes=16,num_procs=512,61k-atoms
2020-09-10T16:18:13+01:00|reframe 3.0-dev6 (rev: 3f0c45d4)|Gromacs_61k_16 on alaska:roce-gcc9-openmpi4-ucx using gromacs|jobid=6416|ns_per_day=17.07|ns/day|ref=0 (l=None, u=None)|61k-atoms,num_nodes=16,num_procs=512
2020-09-10T16:18:13+01:00|reframe 3.0-dev6 (rev: 3f0c45d4)|Gromacs_61k_16 on alaska:roce-gcc9-openmpi4-ucx using gromacs|jobid=6416|hour_per_ns=1.406|hour/ns|ref=0 (l=None, u=None)|61k-atoms,num_nodes=16,num_procs=512
2020-09-10T16:18:13+01:00|reframe 3.0-dev6 (rev: 3f0c45d4)|Gromacs_61k_16 on alaska:roce-gcc9-openmpi4-ucx using gromacs|jobid=6416|core_t=518305.917|s|ref=0 (l=None, u=None)|61k-atoms,num_nodes=16,num_procs=512
2020-09-10T16:18:13+01:00|reframe 3.0-dev6 (rev: 3f0c45d4)|Gromacs_61k_16 on alaska:roce-gcc9-openmpi4-ucx using gromacs|jobid=6416|wall_t=506.158|s|ref=0 (l=None, u=None)|61k-atoms,num_nodes=16,num_procs=512
2020-09-10T16:18:13+01:00|reframe 3.0-dev6 (rev: 3f0c45d4)|Gromacs_61k_16 on alaska:roce-gcc9-openmpi4-ucx using gromacs|jobid=6416|runtime_real=514.28|s|ref=0 (l=None, u=None)|61k-atoms,num_nodes=16,num_procs=512
