#------------------------------------------------------------
#    Intel(R) MPI Benchmarks 2019 Update 6, MPI-1 part    
#------------------------------------------------------------
# Date                  : Thu Oct  1 16:21:21 2020
# Machine               : x86_64
# System                : Linux
# Release               : 3.10.0-1127.19.1.el7.x86_64
# Version               : #1 SMP Tue Aug 25 17:23:54 UTC 2020
# MPI Version           : 3.1
# MPI Thread Environment: 


# Calling sequence was: 

# /home/hpcbras1/spack/opt/spack/linux-scientific7-skylake_avx512/gcc-9.1.0/intel-mpi-benchmarks-2019.6-5tbknirppyjnbofzuo2idr3bqgxprrmf/bin/IMB-MPI1 uniband -npmin 1 

# Minimum message length in bytes:   0
# Maximum message length in bytes:   4194304
#
# MPI_Datatype                   :   MPI_BYTE 
# MPI_Datatype for reductions    :   MPI_FLOAT 
# MPI_Op                         :   MPI_SUM  
# 
# 

# List of Benchmarks to run:

# Uniband

#---------------------------------------------------
# Benchmarking Uniband 
# #processes = 2 
# ( 82 additional processes waiting in MPI_Barrier)
#---------------------------------------------------
       #bytes #repetitions   Mbytes/sec      Msg/sec
            0         1000         0.00      7961134
            1         1000         8.63      8633772
            2         1000        17.19      8593469
            4         1000        43.74     10935840
            8         1000        88.45     11056678
           16         1000       144.33      9020596
           32         1000       288.98      9030536
           64         1000       548.15      8564804
          128         1000       810.39      6331200
          256         1000       488.42      1907899
          512         1000       919.47      1795831
         1024         1000      1471.14      1436663
         2048         1000      1841.87       899351
         4096         1000      2367.23       577937
         8192         1000      2886.11       352308
        16384         1000      8556.65       522256
        32768         1000     12694.79       387414
        65536          640     16272.70       248302
       131072          320     19210.90       146568
       262144          160     22147.36        84485
       524288           80     22747.01        43386
      1048576           40     22964.87        21901
      2097152           20     23343.85        11131
      4194304           10     18495.36         4410

#---------------------------------------------------
# Benchmarking Uniband 
# #processes = 4 
# ( 80 additional processes waiting in MPI_Barrier)
#---------------------------------------------------
       #bytes #repetitions   Mbytes/sec      Msg/sec
            0         1000         0.00     18442130
            1         1000        19.54     19539771
            2         1000        35.96     17980930
            4         1000        78.80     19701176
            8         1000       153.87     19234312
           16         1000       310.92     19432773
           32         1000       576.15     18004758
           64         1000      1070.10     16720235
          128         1000       478.58      3738930
          256         1000      1038.90      4058191
          512         1000      2002.96      3912039
         1024         1000      2568.40      2508206
         2048         1000      3845.28      1877580
         4096         1000      5534.45      1351183
         8192         1000     19692.33      2403849
        16384         1000     15998.52       976472
        32768         1000     19585.55       597704
        65536          640     22391.08       341661
       131072          320     24089.08       183785
       262144          160     24895.76        94970
       524288           80     25233.52        48129
      1048576           40     25462.11        24283
      2097152           20     25582.17        12199
      4194304           10     25563.52         6095

#---------------------------------------------------
# Benchmarking Uniband 
# #processes = 8 
# ( 76 additional processes waiting in MPI_Barrier)
#---------------------------------------------------
       #bytes #repetitions   Mbytes/sec      Msg/sec
            0         1000         0.00     33541693
            1         1000        33.35     33346068
            2         1000        72.90     36448104
            4         1000       145.96     36490015
            8         1000       278.21     34776083
           16         1000       554.33     34645382
           32         1000       661.21     20662726
           64         1000      2467.79     38559211
          128         1000      1532.13     11969738
          256         1000      1914.77      7479553
          512         1000      3590.91      7013504
         1024         1000      5466.06      5337953
         2048         1000      7633.85      3727468
         4096         1000      9699.25      2367980
         8192         1000     11686.62      1426590
        16384         1000     20484.33      1250265
        32768         1000     21184.08       646487
        65536          640     22954.17       350253
       131072          320     24308.57       185460
       262144          160     24984.90        95310
       524288           80     25392.13        48432
      1048576           40     25627.98        24441
      2097152           20     25737.77        12273
      4194304           10     25771.36         6144

#---------------------------------------------------
# Benchmarking Uniband 
# #processes = 16 
# ( 68 additional processes waiting in MPI_Barrier)
#---------------------------------------------------
       #bytes #repetitions   Mbytes/sec      Msg/sec
            0         1000         0.00     66201756
            1         1000        69.82     69817966
            2         1000       135.63     67816780
            4         1000       272.96     68240791
            8         1000       541.20     67649586
           16         1000      1048.38     65523813
           32         1000      1452.33     45385416
           64         1000      3502.01     54718849
          128         1000      1879.89     14686659
          256         1000      3766.61     14713333
          512         1000      6846.67     13372404
         1024         1000      9462.84      9241059
         2048         1000     14058.75      6864625
         4096         1000     18263.87      4458953
         8192         1000     21700.49      2648985
        16384         1000     20971.38      1279991
        32768         1000     21249.23       648475
        65536          640     22942.79       350079
       131072          320     24283.42       185268
       262144          160     24987.72        95321
       524288           80     25432.21        48508
      1048576           40     25506.97        24325
      2097152           20     25691.84        12251
      4194304           10     25780.93         6147

#---------------------------------------------------
# Benchmarking Uniband 
# #processes = 32 
# ( 52 additional processes waiting in MPI_Barrier)
#---------------------------------------------------
       #bytes #repetitions   Mbytes/sec      Msg/sec
            0         1000         0.00    119209313
            1         1000       128.01    128007635
            2         1000       257.46    128729238
            4         1000       439.63    109906741
            8         1000      1033.86    129232230
           16         1000      1939.80    121237364
           32         1000      3400.28    106258733
           64         1000      7053.43    110209784
          128         1000      3502.21     27361044
          256         1000      6881.06     26879135
          512         1000     12374.02     24168016
         1024         1000     15822.42     15451582
         2048         1000     25418.33     12411294
         4096         1000     32811.45      8010607
         8192         1000     35401.24      4321440
        16384         1000     20714.96      1264341
        32768         1000     21243.94       648314
        65536          640     22642.60       345499
       131072          320     24010.04       183182
       262144          160     25010.72        95408
       524288           80     25385.37        48419
      1048576           40     25606.61        24420
      2097152           20     25701.44        12255
      4194304           10     25773.98         6145

#---------------------------------------------------
# Benchmarking Uniband 
# #processes = 64 
# ( 20 additional processes waiting in MPI_Barrier)
#---------------------------------------------------
       #bytes #repetitions   Mbytes/sec      Msg/sec
            0         1000         0.00    104585850
            1         1000       104.27    104272675
            2         1000       210.19    105094971
            4         1000       420.57    105142737
            8         1000       839.17    104896075
           16         1000      1663.38    103961370
           32         1000      3201.54    100048240
           64         1000      4047.48     63241897
          128         1000      6017.84     47014393
          256         1000      8523.12     33293428
          512         1000     11966.56     23372185
         1024         1000     14860.66     14512365
         2048         1000     17033.52      8317150
         4096         1000     17008.44      4152451
         8192         1000     17151.67      2093710
        16384         1000     14043.09       857122
        32768         1000     14485.91       442075
        65536          640     14873.40       226950
       131072          320     15092.75       115149
       262144          160     15060.29        57450
       524288           80     15156.89        28909
      1048576           40     15167.69        14465
      2097152           20     15189.33         7243
      4194304           10     15175.45         3618

#---------------------------------------------------
# Benchmarking Uniband 
# #processes = 84 
#---------------------------------------------------
       #bytes #repetitions   Mbytes/sec      Msg/sec
            0         1000         0.00     73759462
            1         1000        72.77     72773700
            2         1000       147.18     73590709
            4         1000       295.22     73804503
            8         1000       592.40     74050236
           16         1000      1170.77     73173120
           32         1000      2296.77     71774007
           64         1000      1752.91     27389244
          128         1000      3457.91     27014900
          256         1000      5389.65     21053336
          512         1000      7758.05     15152439
         1024         1000      9399.40      9179098
         2048         1000     11149.21      5443952
         4096         1000     11760.98      2871334
         8192         1000     12053.22      1471341
        16384         1000     12054.27       735735
        32768         1000     12114.94       369719
        65536          640     12150.63       185404
       131072          320     12180.08        92927
       262144          160     12167.80        46416
       524288           80     12189.03        23249
      1048576           40     12176.99        11613
      2097152           20     12221.38         5828
      4194304           10     12238.00         2918


# All processes entering MPI_Finalize

