[0] MPI startup(): I_MPI_OFA_TRANSLATION_CACHE variable has been removed from the product, its value is ignored

#------------------------------------------------------------
#    Intel(R) MPI Benchmarks 2019 Update 6, MPI-1 part    
#------------------------------------------------------------
# Date                  : Thu Oct  1 16:20:15 2020
# Machine               : x86_64
# System                : Linux
# Release               : 3.10.0-1127.19.1.el7.x86_64
# Version               : #1 SMP Tue Aug 25 17:23:54 UTC 2020
# MPI Version           : 3.1
# MPI Thread Environment: 


# Calling sequence was: 

# /usr/local/Cluster-Apps/intel/2020.2/compilers_and_libraries_2020.2.254/linux/mpi/intel64/bin/IMB-MPI1 pingpong 

# Minimum message length in bytes:   0
# Maximum message length in bytes:   4194304
#
# MPI_Datatype                   :   MPI_BYTE 
# MPI_Datatype for reductions    :   MPI_FLOAT 
# MPI_Op                         :   MPI_SUM  
# 
# 

# List of Benchmarks to run:

# PingPong

#---------------------------------------------------
# Benchmarking PingPong 
# #processes = 2 
#---------------------------------------------------
       #bytes #repetitions      t[usec]   Mbytes/sec
            0         1000         1.49         0.00
            1         1000         1.50         0.67
            2         1000         1.49         1.34
            4         1000         1.51         2.64
            8         1000         1.48         5.40
           16         1000         1.49        10.76
           32         1000         1.51        21.20
           64         1000         1.59        40.29
          128         1000         1.64        78.02
          256         1000         1.90       134.72
          512         1000         2.07       247.43
         1024         1000         2.27       451.03
         2048         1000         2.74       748.72
         4096         1000         3.35      1222.18
         8192         1000         4.50      1820.39
        16384         1000         6.10      2684.89
        32768         1000         9.16      3578.08
        65536          640        17.24      3802.01
       131072          320        28.43      4609.69
       262144          160        51.31      5108.68
       524288           80        96.55      5429.98
      1048576           40       187.09      5604.59
      2097152           20       368.31      5693.96
      4194304           10       730.87      5738.79


# All processes entering MPI_Finalize

