[0] MPI startup(): I_MPI_OFA_TRANSLATION_CACHE variable has been removed from the product, its value is ignored

#------------------------------------------------------------
#    Intel(R) MPI Benchmarks 2019 Update 6, MPI-1 part    
#------------------------------------------------------------
# Date                  : Thu Oct  1 16:20:23 2020
# Machine               : x86_64
# System                : Linux
# Release               : 3.10.0-1127.19.1.el7.x86_64
# Version               : #1 SMP Tue Aug 25 17:23:54 UTC 2020
# MPI Version           : 3.1
# MPI Thread Environment: 


# Calling sequence was: 

# /usr/local/Cluster-Apps/intel/2020.2/compilers_and_libraries_2020.2.254/linux/mpi/intel64/bin/IMB-MPI1 uniband -npmin 1 

# Minimum message length in bytes:   0
# Maximum message length in bytes:   4194304
#
# MPI_Datatype                   :   MPI_BYTE 
# MPI_Datatype for reductions    :   MPI_FLOAT 
# MPI_Op                         :   MPI_SUM  
# 
# 

# List of Benchmarks to run:

# Uniband

#---------------------------------------------------
# Benchmarking Uniband 
# #processes = 2 
#---------------------------------------------------
       #bytes #repetitions   Mbytes/sec      Msg/sec
            0         1000         0.00      6257197
            1         1000         6.62      6615500
            2         1000        12.47      6237111
            4         1000        26.37      6593249
            8         1000        49.97      6246663
           16         1000       104.96      6560116
           32         1000       201.11      6284598
           64         1000       372.02      5812774
          128         1000       715.04      5586279
          256         1000      1371.40      5357041
          512         1000      2593.57      5065573
         1024         1000      4393.10      4290139
         2048         1000      6285.13      3068911
         4096         1000      8826.10      2154809
         8192         1000     10274.62      1254226
        16384         1000     11047.44       674282
        32768         1000     10689.74       326225
        65536          640     10753.96       164092
       131072          320     12078.80        92154
       262144          160     12183.07        46475
       524288           80     12188.44        23248
      1048576           40     12273.53        11705
      2097152           20     12304.51         5867
      4194304           10     12315.11         2936


# All processes entering MPI_Finalize

