#------------------------------------------------------------
#    Intel(R) MPI Benchmarks 2019 Update 5, MPI-1 part    
#------------------------------------------------------------
# Date                  : Wed Oct  7 10:05:39 2020
# Machine               : x86_64
# System                : Linux
# Release               : 3.10.0-1127.8.2.el7.x86_64
# Version               : #1 SMP Tue May 12 16:57:42 UTC 2020
# MPI Version           : 3.1
# MPI Thread Environment: 


# Calling sequence was: 

# IMB-MPI1 biband -npmin 1 

# Minimum message length in bytes:   0
# Maximum message length in bytes:   4194304
#
# MPI_Datatype                   :   MPI_BYTE 
# MPI_Datatype for reductions    :   MPI_FLOAT 
# MPI_Op                         :   MPI_SUM  
# 
# 

# List of Benchmarks to run:

# Biband

#---------------------------------------------------
# Benchmarking Biband 
# #processes = 2 
# ( 30 additional processes waiting in MPI_Barrier)
#---------------------------------------------------
       #bytes #repetitions   Mbytes/sec      Msg/sec
            0         1000         0.00      5517167
            1         1000         5.44      5440108
            2         1000        10.92      5461859
            4         1000        21.86      5465261
            8         1000        43.48      5434641
           16         1000        86.95      5434655
           32         1000       166.40      5200124
           64         1000       330.95      5171156
          128         1000       664.46      5191093
          256         1000      1410.39      5509350
          512         1000      1355.40      2647260
         1024         1000      2450.62      2393183
         2048         1000      4128.44      2015841
         4096         1000      6539.00      1596435
         8192         1000      9590.47      1170711
        16384         1000     10471.31       639118
        32768         1000     10147.39       309674
        65536          640     10344.94       157851
       131072          320     10038.51        76588
       262144          160      9431.39        35978
       524288           80      7871.38        15013
      1048576           40      9489.02         9049
      2097152           20      9525.31         4542
      4194304           10      9779.91         2332

#---------------------------------------------------
# Benchmarking Biband 
# #processes = 4 
# ( 28 additional processes waiting in MPI_Barrier)
#---------------------------------------------------
       #bytes #repetitions   Mbytes/sec      Msg/sec
            0         1000         0.00     11021910
            1         1000        10.84     10840382
            2         1000        21.68     10838285
            4         1000        43.35     10836323
            8         1000        86.60     10825371
           16         1000       173.19     10824614
           32         1000       329.76     10305096
           64         1000       659.18     10299708
          128         1000      1317.23     10290856
          256         1000      2803.10     10949592
          512         1000      2616.60      5110550
         1024         1000      4741.25      4630130
         2048         1000      7996.74      3904656
         4096         1000     12687.82      3097613
         8192         1000     18577.84      2267802
        16384         1000     20436.57      1247349
        32768         1000     19939.42       608503
        65536          640     20195.71       308162
       131072          320     19446.18       148363
       262144          160     16394.43        62540
       524288           80     11349.51        21647
      1048576           40     18818.06        17946
      2097152           20     18838.53         8983
      4194304           10     19263.24         4593

#---------------------------------------------------
# Benchmarking Biband 
# #processes = 8 
# ( 24 additional processes waiting in MPI_Barrier)
#---------------------------------------------------
       #bytes #repetitions   Mbytes/sec      Msg/sec
            0         1000         0.00     21708920
            1         1000        21.40     21396434
            2         1000        42.85     21426819
            4         1000        85.27     21316632
            8         1000       133.98     16747962
           16         1000       334.31     20894343
           32         1000       657.45     20545409
           64         1000      1315.94     20561521
          128         1000      2625.23     20509622
          256         1000      5554.28     21696389
          512         1000      5168.15     10094039
         1024         1000      9264.94      9047795
         2048         1000     15603.58      7618933
         4096         1000     24680.47      6025506
         8192         1000     35614.09      4347423
        16384         1000     39353.73      2401961
        32768         1000     38317.91      1169370
        65536          640     37968.01       579346
       131072          320     32679.62       249326
       262144          160     20599.46        78581
       524288           80     20852.01        39772
      1048576           40     32182.86        30692
      2097152           20     21146.33        10083
      4194304           10     19465.89         4641

#---------------------------------------------------
# Benchmarking Biband 
# #processes = 16 
# ( 16 additional processes waiting in MPI_Barrier)
#---------------------------------------------------
       #bytes #repetitions   Mbytes/sec      Msg/sec
            0         1000         0.00     35081510
            1         1000        34.70     34700462
            2         1000        69.40     34700267
            4         1000       138.79     34698439
            8         1000       277.52     34690429
           16         1000       555.24     34702729
           32         1000      1040.38     32511912
           64         1000      2074.88     32420035
          128         1000      3890.27     30392741
          256         1000      7974.47     31150263
          512         1000      6164.36     12039760
         1024         1000     11145.63     10884402
         2048         1000     18521.99      9043941
         4096         1000     26032.25      6355530
         8192         1000     28247.45      3448175
        16384         1000     30333.28      1851397
        32768         1000     29705.21       906531
        65536          640     30145.53       459984
       131072          320     29415.24       224421
       262144          160     28294.38       107935
       524288           80     28210.88        53808
      1048576           40     30915.67        29483
      2097152           20     27062.14        12904
      4194304           10     20860.39         4974

#---------------------------------------------------
# Benchmarking Biband 
# #processes = 32 
#---------------------------------------------------
       #bytes #repetitions   Mbytes/sec      Msg/sec
            0         1000         0.00       643821
            1         1000         0.64       642762
            2         1000         1.28       639178
            4         1000         2.55       637715
            8         1000         5.13       641736
           16         1000        10.33       645738
           32         1000        20.51       641069
           64         1000        41.19       643626
          128         1000        82.08       641277
          256         1000       165.58       646807
          512         1000       382.84       747743
         1024         1000     10138.16      9900543
         2048         1000     17068.87      8334410
         4096         1000     19439.43      4745954
         8192         1000     19903.66      2429646
        16384         1000     20065.89      1224725
        32768         1000     20011.05       610689
        65536          640     20021.96       305511
       131072          320     20016.01       152710
       262144          160     18888.96        72056
       524288           80     20037.26        38218
      1048576           40     20441.20        19494
      2097152           20     20483.31         9767
      4194304           10     20472.42         4881


# All processes entering MPI_Finalize

