[0] MPI startup(): I_MPI_OFA_TRANSLATION_CACHE variable has been removed from the product, its value is ignored

#------------------------------------------------------------
#    Intel(R) MPI Benchmarks 2019 Update 6, MPI-1 part    
#------------------------------------------------------------
# Date                  : Thu Oct  1 16:20:48 2020
# Machine               : x86_64
# System                : Linux
# Release               : 3.10.0-1127.19.1.el7.x86_64
# Version               : #1 SMP Tue Aug 25 17:23:54 UTC 2020
# MPI Version           : 3.1
# MPI Thread Environment: 


# Calling sequence was: 

# /usr/local/Cluster-Apps/intel/2020.2/compilers_and_libraries_2020.2.254/linux/mpi/intel64/bin/IMB-MPI1 uniband -npmin 1 

# Minimum message length in bytes:   0
# Maximum message length in bytes:   4194304
#
# MPI_Datatype                   :   MPI_BYTE 
# MPI_Datatype for reductions    :   MPI_FLOAT 
# MPI_Op                         :   MPI_SUM  
# 
# 

# List of Benchmarks to run:

# Uniband

#---------------------------------------------------
# Benchmarking Uniband 
# #processes = 2 
# ( 26 additional processes waiting in MPI_Barrier)
#---------------------------------------------------
       #bytes #repetitions   Mbytes/sec      Msg/sec
            0         1000         0.00      7618611
            1         1000         7.49      7485345
            2         1000        15.00      7500364
            4         1000        29.88      7470543
            8         1000        59.77      7471005
           16         1000       118.93      7433225
           32         1000       237.79      7431008
           64         1000       475.76      7433687
          128         1000       945.12      7383748
          256         1000      1846.22      7211802
          512         1000      1597.87      3120839
         1024         1000      2991.14      2921040
         2048         1000      4931.14      2407785
         4096         1000      7062.22      1724174
         8192         1000      9458.83      1154643
        16384         1000     10971.86       669669
        32768         1000     11926.44       363966
        65536          640     12221.85       186491
       131072          320     12338.28        94134
       262144          160     12383.97        47241
       524288           80     12152.08        23178
      1048576           40     11758.88        11214
      2097152           20     10711.57         5108
      4194304           10      5288.73         1261

#---------------------------------------------------
# Benchmarking Uniband 
# #processes = 4 
# ( 24 additional processes waiting in MPI_Barrier)
#---------------------------------------------------
       #bytes #repetitions   Mbytes/sec      Msg/sec
            0         1000         0.00      7963704
            1         1000         8.08      8078383
            2         1000        16.21      8105194
            4         1000        32.29      8071703
            8         1000        64.93      8116717
           16         1000       129.82      8113606
           32         1000       233.26      7289530
           64         1000       466.74      7292756
          128         1000       897.37      7010690
          256         1000      2307.34      9013059
          512         1000      1743.44      3405158
         1024         1000      2694.02      2630883
         2048         1000      4422.42      2159386
         4096         1000      6335.69      1546800
         8192         1000      8348.50      1019105
        16384         1000      8994.92       549006
        32768         1000      9370.48       285964
        65536          640      9725.70       148402
       131072          320      9927.01        75737
       262144          160      9984.90        38089
       524288           80     11531.63        21995
      1048576           40     10999.10        10490
      2097152           20     10764.60         5133
      4194304           10      9192.72         2192

#---------------------------------------------------
# Benchmarking Uniband 
# #processes = 8 
# ( 20 additional processes waiting in MPI_Barrier)
#---------------------------------------------------
       #bytes #repetitions   Mbytes/sec      Msg/sec
            0         1000         0.00     15770492
            1         1000        16.04     16040305
            2         1000        32.01     16004035
            4         1000        64.16     16040709
            8         1000       129.22     16152257
           16         1000       257.88     16117287
           32         1000       458.92     14341211
           64         1000       914.95     14296044
          128         1000      1755.97     13718530
          256         1000      4250.85     16604893
          512         1000      2972.98      5806598
         1024         1000      5251.65      5128567
         2048         1000      8468.04      4134783
         4096         1000     12478.22      3046440
         8192         1000     16240.97      1982540
        16384         1000     17442.93      1064632
        32768         1000     18350.12       560001
        65536          640     18721.94       285674
       131072          320     19186.91       146385
       262144          160     19218.00        73311
       524288           80     21942.85        41853
      1048576           40     21507.91        20512
      2097152           20     21105.45        10064
      4194304           10     17890.49         4265

#---------------------------------------------------
# Benchmarking Uniband 
# #processes = 16 
# ( 12 additional processes waiting in MPI_Barrier)
#---------------------------------------------------
       #bytes #repetitions   Mbytes/sec      Msg/sec
            0         1000         0.00     31454663
            1         1000        31.48     31482128
            2         1000        63.12     31562474
            4         1000       126.27     31566942
            8         1000       253.15     31644296
           16         1000       508.66     31791099
           32         1000       899.17     28099006
           64         1000      1789.99     27968581
          128         1000      3136.36     24502801
          256         1000      5633.50     22005871
          512         1000      5830.58     11387845
         1024         1000      9876.33      9644850
         2048         1000     15783.37      7706724
         4096         1000     23574.95      5755604
         8192         1000     29141.37      3557296
        16384         1000     32088.73      1958541
        32768         1000     33842.67      1032796
        65536          640     34971.06       533616
       131072          320     35715.60       272488
       262144          160     35242.90       134441
       524288           80     43296.59        82582
      1048576           40     41504.18        39581
      2097152           20     40828.51        19469
      4194304           10     33075.24         7886

#---------------------------------------------------
# Benchmarking Uniband 
# #processes = 28 
#---------------------------------------------------
       #bytes #repetitions   Mbytes/sec      Msg/sec
            0         1000         0.00     64046900
            1         1000        64.40     64396338
            2         1000       128.67     64336617
            4         1000       257.03     64258294
            8         1000       514.82     64352351
           16         1000      1029.88     64367213
           32         1000      2037.07     63658349
           64         1000      2603.76     40683808
          128         1000      4966.06     38797344
          256         1000      8247.63     32217311
          512         1000     10332.13     20179950
         1024         1000     11764.12     11488399
         2048         1000     12191.31      5952790
         4096         1000     12149.41      2966164
         8192         1000     12247.22      1495022
        16384         1000     12290.30       750140
        32768         1000     12278.78       374718
        65536          640     12270.73       187236
       131072          320     12269.50        93609
       262144          160     12265.64        46790
       524288           80     12341.93        23540
      1048576           40     12343.63        11772
      2097152           20     12344.51         5886
      4194304           10     12345.29         2943


# All processes entering MPI_Finalize

