#------------------------------------------------------------
#    Intel(R) MPI Benchmarks 2019 Update 5, MPI-1 part    
#------------------------------------------------------------
# Date                  : Fri Sep 11 15:08:22 2020
# Machine               : x86_64
# System                : Linux
# Release               : 3.10.0-1127.8.2.el7.x86_64
# Version               : #1 SMP Tue May 12 16:57:42 UTC 2020
# MPI Version           : 3.1
# MPI Thread Environment: 


# Calling sequence was: 

# /alaska/steveb/spack/opt/spack/linux-centos7-broadwell/gcc-9.3.0/intel-mpi-benchmarks-2019.5-dwg5q6jdcxgwtiwi2lj32w4ttotvwqnt/bin/IMB-MPI1 biband -npmin 16 

# Minimum message length in bytes:   0
# Maximum message length in bytes:   4194304
#
# MPI_Datatype                   :   MPI_BYTE 
# MPI_Datatype for reductions    :   MPI_FLOAT 
# MPI_Op                         :   MPI_SUM  
# 
# 

# List of Benchmarks to run:

# Biband

#---------------------------------------------------
# Benchmarking Biband 
# #processes = 16 
#---------------------------------------------------
       #bytes #repetitions   Mbytes/sec      Msg/sec
            0         1000         0.00     52661845
            1         1000        52.72     52719565
            2         1000       105.90     52949064
            4         1000       207.46     51865636
            8         1000       392.98     49123090
           16         1000       779.59     48724088
           32         1000      1407.87     43995945
           64         1000      2335.35     36489863
          128         1000      3449.24     26947187
          256         1000      3686.38     14399909
          512         1000      4625.33      9033846
         1024         1000      5310.77      5186303
         2048         1000      5741.44      2803439
         4096         1000      5869.82      1433062
         8192         1000      5994.19       731713
        16384         1000      6017.48       367278
        32768         1000      6004.07       183230
        65536          640      5996.93        91506
       131072          320      6069.93        46310
       262144          160      6090.65        23234
       524288           80      6120.27        11673
      1048576           40      6122.93         5839
      2097152           20      6125.56         2921
      4194304           10      6125.48         1460


# All processes entering MPI_Finalize

