#------------------------------------------------------------
#    Intel(R) MPI Benchmarks 2019 Update 6, MPI-1 part    
#------------------------------------------------------------
# Date                  : Thu Oct  1 16:20:42 2020
# Machine               : x86_64
# System                : Linux
# Release               : 3.10.0-1127.19.1.el7.x86_64
# Version               : #1 SMP Tue Aug 25 17:23:54 UTC 2020
# MPI Version           : 3.1
# MPI Thread Environment: 


# Calling sequence was: 

# /home/hpcbras1/spack/opt/spack/linux-scientific7-skylake_avx512/gcc-9.1.0/intel-mpi-benchmarks-2019.6-5tbknirppyjnbofzuo2idr3bqgxprrmf/bin/IMB-MPI1 uniband -npmin 1 

# Minimum message length in bytes:   0
# Maximum message length in bytes:   4194304
#
# MPI_Datatype                   :   MPI_BYTE 
# MPI_Datatype for reductions    :   MPI_FLOAT 
# MPI_Op                         :   MPI_SUM  
# 
# 

# List of Benchmarks to run:

# Uniband

#---------------------------------------------------
# Benchmarking Uniband 
# #processes = 2 
# ( 2 additional processes waiting in MPI_Barrier)
#---------------------------------------------------
       #bytes #repetitions   Mbytes/sec      Msg/sec
            0         1000         0.00     10373878
            1         1000        11.52     11520712
            2         1000        20.32     10161771
            4         1000        40.75     10187191
            8         1000        76.41      9551225
           16         1000       173.02     10813463
           32         1000       282.57      8830364
           64         1000       692.06     10813485
          128         1000       413.06      3227018
          256         1000       520.02      2031311
          512         1000       970.68      1895864
         1024         1000      1433.67      1400069
         2048         1000      1916.92       935994
         4096         1000      2462.43       601179
         8192         1000      2982.03       364018
        16384         1000      9162.67       559245
        32768         1000     12582.48       383987
        65536          640     16261.16       248126
       131072          320     19429.88       148238
       262144          160     22388.97        85407
       524288           80     23212.15        44274
      1048576           40     23838.07        22734
      2097152           20     23417.52        11166
      4194304           10     21975.95         5239

#---------------------------------------------------
# Benchmarking Uniband 
# #processes = 4 
#---------------------------------------------------
       #bytes #repetitions   Mbytes/sec      Msg/sec
            0         1000         0.00      9853615
            1         1000         9.88      9875543
            2         1000        19.76      9878069
            4         1000        39.60      9901034
            8         1000        79.20      9900175
           16         1000       158.27      9891754
           32         1000       266.82      8338167
           64         1000       528.01      8250190
          128         1000       997.74      7794878
          256         1000      1521.96      5945168
          512         1000      3058.40      5973428
         1024         1000      5193.07      5071361
         2048         1000      7677.41      3748736
         4096         1000     10929.57      2668352
         8192         1000     11808.07      1441415
        16384         1000     12161.83       742299
        32768         1000     12046.21       367621
        65536          640     12218.80       186444
       131072          320     12306.87        93894
       262144          160     12300.97        46924
       524288           80     12300.19        23461
      1048576           40     12340.17        11769
      2097152           20     12336.26         5882
      4194304           10     12342.85         2943


# All processes entering MPI_Finalize

