#------------------------------------------------------------
#    Intel(R) MPI Benchmarks 2019 Update 5, MPI-1 part    
#------------------------------------------------------------
# Date                  : Fri Sep 11 15:07:33 2020
# Machine               : x86_64
# System                : Linux
# Release               : 3.10.0-1127.8.2.el7.x86_64
# Version               : #1 SMP Tue May 12 16:57:42 UTC 2020
# MPI Version           : 3.1
# MPI Thread Environment: 


# Calling sequence was: 

# IMB-MPI1 biband -npmin 8 

# Minimum message length in bytes:   0
# Maximum message length in bytes:   4194304
#
# MPI_Datatype                   :   MPI_BYTE 
# MPI_Datatype for reductions    :   MPI_FLOAT 
# MPI_Op                         :   MPI_SUM  
# 
# 

# List of Benchmarks to run:

# Biband

#---------------------------------------------------
# Benchmarking Biband 
# #processes = 8 
#---------------------------------------------------
       #bytes #repetitions   Mbytes/sec      Msg/sec
            0         1000         0.00       244009
            1         1000         0.24       243995
            2         1000         0.49       244007
            4         1000         0.98       243997
            8         1000         1.95       243763
           16         1000         3.91       244260
           32         1000         7.82       244254
           64         1000        15.63       244255
          128         1000        31.23       244014
          256         1000        62.84       245483
          512         1000       267.54       522539
         1024         1000      5103.03      4983427
         2048         1000      5618.74      2743526
         4096         1000      5800.12      1416045
         8192         1000      5954.81       726906
        16384         1000      5989.35       365561
        32768         1000      6030.40       184033
        65536          640      6051.75        92342
       131072          320      6062.28        46252
       262144          160      6012.42        22936
       524288           80      6079.52        11596
      1048576           40      6092.12         5810
      2097152           20      6104.28         2911
      4194304           10      6085.58         1451


# All processes entering MPI_Finalize

