#------------------------------------------------------------
#    Intel(R) MPI Benchmarks 2019 Update 5, MPI-1 part    
#------------------------------------------------------------
# Date                  : Wed Oct  7 09:34:44 2020
# Machine               : x86_64
# System                : Linux
# Release               : 3.10.0-1127.8.2.el7.x86_64
# Version               : #1 SMP Tue May 12 16:57:42 UTC 2020
# MPI Version           : 3.1
# MPI Thread Environment: 


# Calling sequence was: 

# /alaska/steveb/spack/opt/spack/linux-centos7-broadwell/gcc-9.3.0/intel-mpi-benchmarks-2019.5-dwg5q6jdcxgwtiwi2lj32w4ttotvwqnt/bin/IMB-MPI1 uniband -npmin 1 

# Minimum message length in bytes:   0
# Maximum message length in bytes:   4194304
#
# MPI_Datatype                   :   MPI_BYTE 
# MPI_Datatype for reductions    :   MPI_FLOAT 
# MPI_Op                         :   MPI_SUM  
# 
# 

# List of Benchmarks to run:

# Uniband

#---------------------------------------------------
# Benchmarking Uniband 
# #processes = 2 
#---------------------------------------------------
       #bytes #repetitions   Mbytes/sec      Msg/sec
            0         1000         0.00      7844532
            1         1000         7.87      7872399
            2         1000        15.78      7888508
            4         1000        31.53      7883540
            8         1000        62.01      7751191
           16         1000       125.36      7835233
           32         1000       248.44      7763840
           64         1000       456.45      7132069
          128         1000       875.04      6836232
          256         1000      1277.45      4990035
          512         1000      2180.55      4258883
         1024         1000      3169.87      3095573
         2048         1000      7150.59      3491500
         4096         1000      9262.08      2261250
         8192         1000     10596.44      1293510
        16384         1000     11228.38       685326
        32768         1000     10556.61       322162
        65536          640     11601.32       177022
       131072          320     11909.87        90865
       262144          160     12001.55        45782
       524288           80     12037.12        22959
      1048576           40     12056.16        11498
      2097152           20     12065.03         5753
      4194304           10     12069.41         2878


# All processes entering MPI_Finalize

