#------------------------------------------------------------
#    Intel(R) MPI Benchmarks 2019 Update 5, MPI-1 part    
#------------------------------------------------------------
# Date                  : Wed Oct  7 09:36:56 2020
# Machine               : x86_64
# System                : Linux
# Release               : 3.10.0-1127.8.2.el7.x86_64
# Version               : #1 SMP Tue May 12 16:57:42 UTC 2020
# MPI Version           : 3.1
# MPI Thread Environment: 


# Calling sequence was: 

# /alaska/steveb/spack/opt/spack/linux-centos7-broadwell/gcc-9.3.0/intel-mpi-benchmarks-2019.5-dwg5q6jdcxgwtiwi2lj32w4ttotvwqnt/bin/IMB-MPI1 uniband -npmin 1 

# Minimum message length in bytes:   0
# Maximum message length in bytes:   4194304
#
# MPI_Datatype                   :   MPI_BYTE 
# MPI_Datatype for reductions    :   MPI_FLOAT 
# MPI_Op                         :   MPI_SUM  
# 
# 

# List of Benchmarks to run:

# Uniband

#---------------------------------------------------
# Benchmarking Uniband 
# #processes = 2 
# ( 46 additional processes waiting in MPI_Barrier)
#---------------------------------------------------
       #bytes #repetitions   Mbytes/sec      Msg/sec
            0         1000         0.00      9087030
            1         1000         9.11      9111312
            2         1000        12.28      6138180
            4         1000        36.39      9097851
            8         1000        73.21      9150896
           16         1000       147.37      9210746
           32         1000       146.12      4566377
           64         1000       297.42      4647189
          128         1000       402.83      3147074
          256         1000       735.16      2871737
          512         1000      1351.77      2640175
         1024         1000      2315.92      2261638
         2048         1000      4409.89      2153267
         4096         1000      6572.75      1604675
         8192         1000      7927.95       967767
        16384         1000      5188.53       316683
        32768         1000      8336.78       254418
        65536          640      9472.36       144537
       131072          320      9656.52        73673
       262144          160      9153.42        34918
       524288           80      8936.88        17046
      1048576           40      9095.27         8674
      2097152           20      9182.30         4378
      4194304           10      9273.65         2211

#---------------------------------------------------
# Benchmarking Uniband 
# #processes = 4 
# ( 44 additional processes waiting in MPI_Barrier)
#---------------------------------------------------
       #bytes #repetitions   Mbytes/sec      Msg/sec
            0         1000         0.00     16160465
            1         1000        16.24     16243271
            2         1000        31.78     15887980
            4         1000        61.72     15429695
            8         1000       127.81     15976726
           16         1000       253.61     15850783
           32         1000       475.61     14862956
           64         1000       958.76     14980676
          128         1000       514.26      4017686
          256         1000       788.97      3081932
          512         1000      1440.08      2812651
         1024         1000      2635.43      2573661
         2048         1000      3802.56      1856720
         4096         1000      5206.45      1271107
         8192         1000      6459.24       788481
        16384         1000     12109.41       739100
        32768         1000     16466.58       502520
        65536          640     20126.20       307101
       131072          320     20549.96       156784
       262144          160     18055.80        68877
       524288           80     17486.43        33353
      1048576           40     18086.24        17248
      2097152           20     18134.19         8647
      4194304           10     18196.45         4338

#---------------------------------------------------
# Benchmarking Uniband 
# #processes = 8 
# ( 40 additional processes waiting in MPI_Barrier)
#---------------------------------------------------
       #bytes #repetitions   Mbytes/sec      Msg/sec
            0         1000         0.00     31469309
            1         1000        32.03     32025685
            2         1000        63.32     31658151
            4         1000       128.58     32145091
            8         1000       254.77     31846203
           16         1000       469.63     29352170
           32         1000       968.93     30278941
           64         1000      1393.90     21779655
          128         1000      1009.74      7888555
          256         1000      1605.71      6272316
          512         1000      2612.74      5103009
         1024         1000      5088.99      4969715
         2048         1000      7418.92      3622520
         4096         1000      9958.44      2431260
         8192         1000     12146.43      1482719
        16384         1000     24361.36      1486900
        32768         1000     33448.91      1020780
        65536          640     40361.50       615868
       131072          320     40921.42       312206
       262144          160     36607.96       139648
       524288           80     35401.41        67523
      1048576           40     36157.96        34483
      2097152           20     36247.12        17284
      4194304           10     35874.98         8553

#---------------------------------------------------
# Benchmarking Uniband 
# #processes = 16 
# ( 32 additional processes waiting in MPI_Barrier)
#---------------------------------------------------
       #bytes #repetitions   Mbytes/sec      Msg/sec
            0         1000         0.00     66061379
            1         1000        66.13     66126334
            2         1000       133.53     66765006
            4         1000       267.70     66923897
            8         1000       526.37     65795941
           16         1000      1047.00     65437565
           32         1000      1887.92     58997370
           64         1000      3785.66     59151007
          128         1000      1974.06     15422349
          256         1000      3164.67     12361996
          512         1000      4588.08      8961102
         1024         1000      9551.03      9327182
         2048         1000     14405.49      7033929
         4096         1000     19115.29      4666819
         8192         1000     22972.63      2804276
        16384         1000     47247.78      2883776
        32768         1000     65983.82      2013666
        65536          640     77005.71      1175014
       131072          320     80601.38       614940
       262144          160     71690.92       273479
       524288           80     70295.26       134078
      1048576           40     71092.18        67799
      2097152           20     71766.35        34221
      4194304           10     47459.31        11315

#---------------------------------------------------
# Benchmarking Uniband 
# #processes = 32 
# ( 16 additional processes waiting in MPI_Barrier)
#---------------------------------------------------
       #bytes #repetitions   Mbytes/sec      Msg/sec
            0         1000         0.00     61006201
            1         1000        61.14     61144823
            2         1000       121.68     60840514
            4         1000       236.34     59085644
            8         1000       458.76     57344879
           16         1000       863.47     53966657
           32         1000      1536.86     48026908
           64         1000      2473.29     38645154
          128         1000      3567.53     27871326
          256         1000      4547.83     17764960
          512         1000      5267.81     10288686
         1024         1000      5717.40      5583394
         2048         1000      5971.85      2915941
         4096         1000      5990.41      1462504
         8192         1000      6058.15       739521
        16384         1000      6080.97       371153
        32768         1000      6067.77       185174
        65536          640      6105.35        93160
       131072          320      6116.33        46664
       262144          160      6121.81        23353
       524288           80      6124.57        11682
      1048576           40      6125.95         5842
      2097152           20      6126.63         2921
      4194304           10      6126.97         1461

#---------------------------------------------------
# Benchmarking Uniband 
# #processes = 48 
#---------------------------------------------------
       #bytes #repetitions   Mbytes/sec      Msg/sec
            0         1000         0.00     32321942
            1         1000        32.77     32770966
            2         1000        65.55     32773926
            4         1000       125.79     31446969
            8         1000       241.84     30229588
           16         1000       448.90     28056313
           32         1000       784.95     24529535
           64         1000      1253.26     19582199
          128         1000      1788.64     13973713
          256         1000      2276.07      8890897
          512         1000      2634.18      5144878
         1024         1000      2858.80      2791792
         2048         1000      2985.97      1457991
         4096         1000      2995.30       731274
         8192         1000      3029.09       369762
        16384         1000      3040.49       185577
        32768          603      3033.89        92587
        65536          304      3052.66        46580
       131072          152      3058.21        23332
       262144           77      3060.93        11677
       524288           39      3062.30         5841
      1048576           20      3062.98         2921
      2097152           10      3063.32         1461
      4194304            5      3063.49          730


# All processes entering MPI_Finalize

