2020-08-19T17:53:58+01:00|reframe 3.0-dev6 (rev: 3f0c45d4)|Gromacs_3000k_8 on alaska:roce-gcc9-openmpi4-ucx using gromacs|jobid=5044|ns_per_day=4.365|ns/day|ref=0 (l=None, u=None)|num_nodes=8,num_procs=256,3000k-atoms
2020-08-19T17:53:58+01:00|reframe 3.0-dev6 (rev: 3f0c45d4)|Gromacs_3000k_8 on alaska:roce-gcc9-openmpi4-ucx using gromacs|jobid=5044|hour_per_ns=5.499|hour/ns|ref=0 (l=None, u=None)|num_nodes=8,num_procs=256,3000k-atoms
2020-08-19T17:53:58+01:00|reframe 3.0-dev6 (rev: 3f0c45d4)|Gromacs_3000k_8 on alaska:roce-gcc9-openmpi4-ucx using gromacs|jobid=5044|core_t=202719.227|s|ref=0 (l=None, u=None)|num_nodes=8,num_procs=256,3000k-atoms
2020-08-19T17:53:58+01:00|reframe 3.0-dev6 (rev: 3f0c45d4)|Gromacs_3000k_8 on alaska:roce-gcc9-openmpi4-ucx using gromacs|jobid=5044|wall_t=395.936|s|ref=0 (l=None, u=None)|num_nodes=8,num_procs=256,3000k-atoms
2020-08-19T17:53:58+01:00|reframe 3.0-dev6 (rev: 3f0c45d4)|Gromacs_3000k_8 on alaska:roce-gcc9-openmpi4-ucx using gromacs|jobid=5044|runtime_real=407.615|s|ref=0 (l=None, u=None)|num_nodes=8,num_procs=256,3000k-atoms
2020-09-08T17:19:37+01:00|reframe 3.0-dev6 (rev: 3f0c45d4)|Gromacs_3000k_8 on alaska:roce-gcc9-openmpi4-ucx using gromacs|jobid=5230|ns_per_day=4.203|ns/day|ref=0 (l=None, u=None)|3000k-atoms,num_procs=256,num_nodes=8
2020-09-08T17:19:37+01:00|reframe 3.0-dev6 (rev: 3f0c45d4)|Gromacs_3000k_8 on alaska:roce-gcc9-openmpi4-ucx using gromacs|jobid=5230|hour_per_ns=5.71|hour/ns|ref=0 (l=None, u=None)|3000k-atoms,num_procs=256,num_nodes=8
2020-09-08T17:19:37+01:00|reframe 3.0-dev6 (rev: 3f0c45d4)|Gromacs_3000k_8 on alaska:roce-gcc9-openmpi4-ucx using gromacs|jobid=5230|core_t=210517.04|s|ref=0 (l=None, u=None)|3000k-atoms,num_procs=256,num_nodes=8
2020-09-08T17:19:37+01:00|reframe 3.0-dev6 (rev: 3f0c45d4)|Gromacs_3000k_8 on alaska:roce-gcc9-openmpi4-ucx using gromacs|jobid=5230|wall_t=411.166|s|ref=0 (l=None, u=None)|3000k-atoms,num_procs=256,num_nodes=8
2020-09-08T17:19:37+01:00|reframe 3.0-dev6 (rev: 3f0c45d4)|Gromacs_3000k_8 on alaska:roce-gcc9-openmpi4-ucx using gromacs|jobid=5230|runtime_real=422.673|s|ref=0 (l=None, u=None)|3000k-atoms,num_procs=256,num_nodes=8
2020-09-10T10:21:38+01:00|reframe 3.0-dev6 (rev: 3f0c45d4)|Gromacs_3000k_8 on alaska:roce-gcc9-openmpi4-ucx using gromacs|jobid=5313|ns_per_day=3.644|ns/day|ref=0 (l=None, u=None)|3000k-atoms,num_nodes=8,num_procs=256
2020-09-10T10:21:38+01:00|reframe 3.0-dev6 (rev: 3f0c45d4)|Gromacs_3000k_8 on alaska:roce-gcc9-openmpi4-ucx using gromacs|jobid=5313|hour_per_ns=6.585|hour/ns|ref=0 (l=None, u=None)|3000k-atoms,num_nodes=8,num_procs=256
2020-09-10T10:21:38+01:00|reframe 3.0-dev6 (rev: 3f0c45d4)|Gromacs_3000k_8 on alaska:roce-gcc9-openmpi4-ucx using gromacs|jobid=5313|core_t=242786.695|s|ref=0 (l=None, u=None)|3000k-atoms,num_nodes=8,num_procs=256
2020-09-10T10:21:38+01:00|reframe 3.0-dev6 (rev: 3f0c45d4)|Gromacs_3000k_8 on alaska:roce-gcc9-openmpi4-ucx using gromacs|jobid=5313|wall_t=474.193|s|ref=0 (l=None, u=None)|3000k-atoms,num_nodes=8,num_procs=256
2020-09-10T10:21:38+01:00|reframe 3.0-dev6 (rev: 3f0c45d4)|Gromacs_3000k_8 on alaska:roce-gcc9-openmpi4-ucx using gromacs|jobid=5313|runtime_real=486.318|s|ref=0 (l=None, u=None)|3000k-atoms,num_nodes=8,num_procs=256
2020-09-10T15:12:05+01:00|reframe 3.0-dev6 (rev: 3f0c45d4)|Gromacs_3000k_8 on alaska:roce-gcc9-openmpi4-ucx using gromacs|jobid=6407|ns_per_day=3.357|ns/day|ref=0 (l=None, u=None)|num_procs=256,3000k-atoms,num_nodes=8
2020-09-10T15:12:05+01:00|reframe 3.0-dev6 (rev: 3f0c45d4)|Gromacs_3000k_8 on alaska:roce-gcc9-openmpi4-ucx using gromacs|jobid=6407|hour_per_ns=7.149|hour/ns|ref=0 (l=None, u=None)|num_procs=256,3000k-atoms,num_nodes=8
2020-09-10T15:12:05+01:00|reframe 3.0-dev6 (rev: 3f0c45d4)|Gromacs_3000k_8 on alaska:roce-gcc9-openmpi4-ucx using gromacs|jobid=6407|core_t=263580.803|s|ref=0 (l=None, u=None)|num_procs=256,3000k-atoms,num_nodes=8
2020-09-10T15:12:05+01:00|reframe 3.0-dev6 (rev: 3f0c45d4)|Gromacs_3000k_8 on alaska:roce-gcc9-openmpi4-ucx using gromacs|jobid=6407|wall_t=514.806|s|ref=0 (l=None, u=None)|num_procs=256,3000k-atoms,num_nodes=8
2020-09-10T15:12:05+01:00|reframe 3.0-dev6 (rev: 3f0c45d4)|Gromacs_3000k_8 on alaska:roce-gcc9-openmpi4-ucx using gromacs|jobid=6407|runtime_real=526.318|s|ref=0 (l=None, u=None)|num_procs=256,3000k-atoms,num_nodes=8
