#------------------------------------------------------------
#    Intel(R) MPI Benchmarks 2019 Update 5, MPI-1 part    
#------------------------------------------------------------
# Date                  : Fri Sep 11 15:08:43 2020
# Machine               : x86_64
# System                : Linux
# Release               : 3.10.0-1127.8.2.el7.x86_64
# Version               : #1 SMP Tue May 12 16:57:42 UTC 2020
# MPI Version           : 3.1
# MPI Thread Environment: 


# Calling sequence was: 

# IMB-MPI1 biband -npmin 64 

# Minimum message length in bytes:   0
# Maximum message length in bytes:   4194304
#
# MPI_Datatype                   :   MPI_BYTE 
# MPI_Datatype for reductions    :   MPI_FLOAT 
# MPI_Op                         :   MPI_SUM  
# 
# 

# List of Benchmarks to run:

# Biband

#---------------------------------------------------
# Benchmarking Biband 
# #processes = 64 
#---------------------------------------------------
       #bytes #repetitions   Mbytes/sec      Msg/sec
            0         1000         0.00     20208447
            1         1000        19.03     19025075
            2         1000        37.50     18750700
            4         1000        67.83     16956872
            8         1000       167.54     20942099
           16         1000       308.94     19308937
           32         1000       717.35     22417155
           64         1000      1610.66     25166531
          128         1000      2641.82     20639189
          256         1000      3765.51     14709032
          512         1000      4796.67      9368489
         1024         1000      5435.71      5308312
         2048         1000      5816.08      2839882
         4096         1000      5908.36      1442471
         8192         1000      6008.33       733439
        16384          901      6041.20       368725
        32768          453      6068.83       185206
        65536          227      6082.42        92810
       131072          114      6089.22        46457
       262144           57      6108.56        23302
       524288           29      6115.19        11664
      1048576           15      6116.82         5833
      2097152            8      6116.57         2917
      4194304            4      6109.80         1457


# All processes entering MPI_Finalize

