#------------------------------------------------------------
#    Intel(R) MPI Benchmarks 2019 Update 5, MPI-1 part    
#------------------------------------------------------------
# Date                  : Wed Oct  7 09:35:10 2020
# Machine               : x86_64
# System                : Linux
# Release               : 3.10.0-1127.8.2.el7.x86_64
# Version               : #1 SMP Tue May 12 16:57:42 UTC 2020
# MPI Version           : 3.1
# MPI Thread Environment: 


# Calling sequence was: 

# IMB-MPI1 uniband -npmin 1 

# Minimum message length in bytes:   0
# Maximum message length in bytes:   4194304
#
# MPI_Datatype                   :   MPI_BYTE 
# MPI_Datatype for reductions    :   MPI_FLOAT 
# MPI_Op                         :   MPI_SUM  
# 
# 

# List of Benchmarks to run:

# Uniband

#---------------------------------------------------
# Benchmarking Uniband 
# #processes = 2 
# ( 30 additional processes waiting in MPI_Barrier)
#---------------------------------------------------
       #bytes #repetitions   Mbytes/sec      Msg/sec
            0         1000         0.00      4535591
            1         1000         4.42      4422696
            2         1000         8.83      4414845
            4         1000        17.69      4423032
            8         1000        35.38      4422320
           16         1000        70.73      4420735
           32         1000       136.54      4266987
           64         1000       271.74      4245931
          128         1000       542.78      4240435
          256         1000      1101.39      4302311
          512         1000      1204.09      2351747
         1024         1000      2337.91      2283113
         2048         1000      4192.59      2047161
         4096         1000      6311.03      1540779
         8192         1000      8528.41      1041066
        16384         1000      9236.18       563732
        32768         1000      9620.08       293582
        65536          640      9887.04       150864
       131072          320     10016.28        76418
       262144          160      9554.00        36446
       524288           80      8896.87        16969
      1048576           40      9173.00         8748
      2097152           20      9113.89         4346
      4194304           10      9219.05         2198

#---------------------------------------------------
# Benchmarking Uniband 
# #processes = 4 
# ( 28 additional processes waiting in MPI_Barrier)
#---------------------------------------------------
       #bytes #repetitions   Mbytes/sec      Msg/sec
            0         1000         0.00      9133348
            1         1000         8.91      8912808
            2         1000        17.79      8894775
            4         1000        35.67      8917561
            8         1000        71.22      8902918
           16         1000       142.30      8893769
           32         1000       275.04      8594844
           64         1000       548.85      8575820
          128         1000      1098.68      8583469
          256         1000      2216.98      8660074
          512         1000      2347.80      4585541
         1024         1000      4590.78      4483186
         2048         1000      7978.97      3895982
         4096         1000     12236.72      2987481
         8192         1000     16440.40      2006884
        16384         1000     17806.01      1086792
        32768         1000     18685.51       570236
        65536          640     19209.73       293117
       131072          320     19332.93       147499
       262144          160     17828.93        68012
       524288           80     17074.46        32567
      1048576           40     17804.78        16980
      2097152           20     17881.99         8527
      4194304           10     17893.64         4266

#---------------------------------------------------
# Benchmarking Uniband 
# #processes = 8 
# ( 24 additional processes waiting in MPI_Barrier)
#---------------------------------------------------
       #bytes #repetitions   Mbytes/sec      Msg/sec
            0         1000         0.00     17906777
            1         1000        17.56     17557588
            2         1000        35.04     17518754
            4         1000        70.20     17549692
            8         1000       140.38     17547155
           16         1000       280.56     17535012
           32         1000       544.19     17005832
           64         1000      1084.17     16940080
          128         1000      2159.26     16869206
          256         1000      4367.09     17058934
          512         1000      4724.94      9228403
         1024         1000      9313.86      9095567
         2048         1000     16578.61      8095025
         4096         1000     24271.15      5925575
         8192         1000     32363.84      3950664
        16384         1000     35332.93      2156551
        32768         1000     36868.17      1125127
        65536          640     36983.91       564330
       131072          320     37193.90       283767
       262144          160     35599.27       135800
       524288           80     32518.36        62024
      1048576           40     34810.07        33197
      2097152           20     34695.13        16544
      4194304           10     33850.46         8071

#---------------------------------------------------
# Benchmarking Uniband 
# #processes = 16 
# ( 16 additional processes waiting in MPI_Barrier)
#---------------------------------------------------
       #bytes #repetitions   Mbytes/sec      Msg/sec
            0         1000         0.00     33711273
            1         1000        33.05     33047282
            2         1000        66.48     33241181
            4         1000       132.93     33231869
            8         1000       265.00     33125315
           16         1000       530.70     33168624
           32         1000      1006.15     31442154
           64         1000      2011.20     31424983
          128         1000      3880.06     30312975
          256         1000      7773.87     30366676
          512         1000      6782.74     13247533
         1024         1000     11621.46     11349077
         2048         1000     16116.91      7869583
         4096         1000     18259.47      4457879
         8192         1000     18301.63      2234085
        16384         1000     18654.64      1138589
        32768         1000     18320.93       559110
        65536          640     18632.69       284312
       131072          320     18543.38       141475
       262144          160     18611.08        70996
       524288           80     18646.82        35566
      1048576           40     17785.05        16961
      2097152           20     17634.55         8409
      4194304           10     17810.46         4246

#---------------------------------------------------
# Benchmarking Uniband 
# #processes = 32 
#---------------------------------------------------
       #bytes #repetitions   Mbytes/sec      Msg/sec
            0         1000         0.00     41411900
            1         1000        41.06     41061100
            2         1000        78.29     39142781
            4         1000       151.20     37799697
            8         1000       328.64     41080194
           16         1000       657.99     41124359
           32         1000      1307.75     40867229
           64         1000      2401.44     37522442
          128         1000      4284.65     33473845
          256         1000      6784.05     26500193
          512         1000      9199.68     17968132
         1024         1000     10997.68     10739920
         2048         1000     11918.56      5819608
         4096         1000     12103.33      2954915
         8192         1000     12248.88      1495225
        16384         1000     12272.45       749051
        32768         1000     12308.93       375639
        65536          640     12327.38       188101
       131072          320     12336.32        94119
       262144          160     12375.27        47208
       524288           80     12378.69        23610
      1048576           40     12377.36        11804
      2097152           20     12370.86         5899
      4194304           10     12356.63         2946


# All processes entering MPI_Finalize

