[0] MPI startup(): I_MPI_OFA_TRANSLATION_CACHE variable has been removed from the product, its value is ignored

#------------------------------------------------------------
#    Intel(R) MPI Benchmarks 2019 Update 6, MPI-1 part    
#------------------------------------------------------------
# Date                  : Thu Oct  1 16:21:05 2020
# Machine               : x86_64
# System                : Linux
# Release               : 3.10.0-1127.19.1.el7.x86_64
# Version               : #1 SMP Tue Aug 25 17:23:54 UTC 2020
# MPI Version           : 3.1
# MPI Thread Environment: 


# Calling sequence was: 

# /usr/local/Cluster-Apps/intel/2020.2/compilers_and_libraries_2020.2.254/linux/mpi/intel64/bin/IMB-MPI1 uniband -npmin 1 

# Minimum message length in bytes:   0
# Maximum message length in bytes:   4194304
#
# MPI_Datatype                   :   MPI_BYTE 
# MPI_Datatype for reductions    :   MPI_FLOAT 
# MPI_Op                         :   MPI_SUM  
# 
# 

# List of Benchmarks to run:

# Uniband

#---------------------------------------------------
# Benchmarking Uniband 
# #processes = 2 
# ( 82 additional processes waiting in MPI_Barrier)
#---------------------------------------------------
       #bytes #repetitions   Mbytes/sec      Msg/sec
            0         1000         0.00      3840686
            1         1000         3.87      3868947
            2         1000         7.74      3871794
            4         1000        15.67      3917298
            8         1000        31.46      3932946
           16         1000        62.57      3910667
           32         1000       113.94      3560535
           64         1000       228.30      3567190
          128         1000       428.93      3350993
          256         1000      1215.85      4749411
          512         1000       747.03      1459037
         1024         1000      1264.41      1234776
         2048         1000      2063.98      1007804
         4096         1000      3048.38       744234
         8192         1000      4036.36       492720
        16384         1000      4340.65       264932
        32768         1000      4619.09       140963
        65536          640      4692.77        71606
       131072          320      4830.84        36856
       262144          160      4833.71        18439
       524288           80      5671.26        10817
      1048576           40      5320.69         5074
      2097152           20      6354.04         3030
      4194304           10      4623.10         1102

#---------------------------------------------------
# Benchmarking Uniband 
# #processes = 4 
# ( 80 additional processes waiting in MPI_Barrier)
#---------------------------------------------------
       #bytes #repetitions   Mbytes/sec      Msg/sec
            0         1000         0.00      7485952
            1         1000         7.54      7543565
            2         1000        15.17      7586687
            4         1000        30.33      7582093
            8         1000        60.69      7585782
           16         1000       121.39      7587042
           32         1000       227.82      7119339
           64         1000       457.11      7142382
          128         1000       876.96      6851211
          256         1000      2658.14     10383363
          512         1000      1680.85      3282901
         1024         1000      2516.11      2457138
         2048         1000      4062.98      1983878
         4096         1000      6013.89      1468234
         8192         1000      7888.35       962934
        16384         1000      8582.51       523835
        32768         1000      9142.92       279020
        65536          640      9296.94       141860
       131072          320      9497.26        72458
       262144          160      9282.28        35409
       524288           80     10716.06        20439
      1048576           40     10653.14        10160
      2097152           20     10409.31         4964
      4194304           10      9042.25         2156

#---------------------------------------------------
# Benchmarking Uniband 
# #processes = 8 
# ( 76 additional processes waiting in MPI_Barrier)
#---------------------------------------------------
       #bytes #repetitions   Mbytes/sec      Msg/sec
            0         1000         0.00     15423197
            1         1000        15.69     15691097
            2         1000        31.42     15711715
            4         1000        62.91     15728711
            8         1000       125.34     15667695
           16         1000       245.07     15317134
           32         1000       445.57     13924127
           64         1000       898.49     14038910
          128         1000      1679.22     13118926
          256         1000      4670.65     18244741
          512         1000      2857.75      5581547
         1024         1000      5090.99      4971668
         2048         1000      8237.42      4022177
         4096         1000     11942.66      2915689
         8192         1000     15754.24      1923125
        16384         1000     17308.58      1056432
        32768         1000     18249.95       556944
        65536          640     18843.55       287530
       131072          320     19294.98       147209
       262144          160     19239.52        73393
       524288           80     21008.13        40070
      1048576           40     20526.82        19576
      2097152           20     20293.53         9677
      4194304           10     17408.23         4150

#---------------------------------------------------
# Benchmarking Uniband 
# #processes = 16 
# ( 68 additional processes waiting in MPI_Barrier)
#---------------------------------------------------
       #bytes #repetitions   Mbytes/sec      Msg/sec
            0         1000         0.00     29869388
            1         1000        30.08     30079129
            2         1000        60.23     30113024
            4         1000       120.63     30157325
            8         1000       241.11     30138546
           16         1000       482.11     30131724
           32         1000       874.49     27327914
           64         1000      1747.40     27303126
          128         1000      3277.25     25603511
          256         1000      9930.23     38789976
          512         1000      5504.20     10750385
         1024         1000      9988.70      9754590
         2048         1000     16317.05      7967308
         4096         1000     23572.98      5755122
         8192         1000     30707.74      3748503
        16384         1000     33277.29      2031085
        32768         1000     35232.18      1075201
        65536          640     35695.30       544667
       131072          320     36347.71       277311
       262144          160     36216.80       138156
       524288           80     43873.56        83682
      1048576           40     41639.92        39711
      2097152           20     40652.54        19385
      4194304           10     31040.63         7401

#---------------------------------------------------
# Benchmarking Uniband 
# #processes = 32 
# ( 52 additional processes waiting in MPI_Barrier)
#---------------------------------------------------
       #bytes #repetitions   Mbytes/sec      Msg/sec
            0         1000         0.00     60065767
            1         1000        60.53     60532860
            2         1000       120.76     60379764
            4         1000       242.39     60596953
            8         1000       483.33     60416206
           16         1000       968.14     60508662
           32         1000      1777.73     55554162
           64         1000      3543.08     55360570
          128         1000      6750.27     52736485
          256         1000     18964.99     74081987
          512         1000     11263.86     21999735
         1024         1000     19842.92     19377849
         2048         1000     32049.29     15649068
         4096         1000     46016.49     11234494
         8192         1000     59584.14      7273455
        16384         1000     64652.33      3946065
        32768         1000     69454.99      2119598
        65536          640     69946.67      1067302
       131072          320     70933.30       541178
       262144          160     69603.86       265518
       524288           80     81111.14       154707
      1048576           40     80356.05        76633
      2097152           20     66962.41        31930
      4194304           10     47691.39        11371

#---------------------------------------------------
# Benchmarking Uniband 
# #processes = 64 
# ( 20 additional processes waiting in MPI_Barrier)
#---------------------------------------------------
       #bytes #repetitions   Mbytes/sec      Msg/sec
            0         1000         0.00     91491783
            1         1000        91.44     91438361
            2         1000       183.14     91569045
            4         1000       356.06     89014191
            8         1000       691.94     86492825
           16         1000      1291.64     80727534
           32         1000      2267.07     70845939
           64         1000      3620.06     56563470
          128         1000      5188.49     40535046
          256         1000      6590.03     25742291
          512         1000      7638.64     14919221
         1024         1000      7719.22      7538298
         2048         1000      8040.33      3925941
         4096         1000      8211.21      2004689
         8192         1000      8298.40      1012988
        16384         1000      8328.26       508317
        32768         1000      8331.08       254244
        65536          621      8329.24       127094
       131072          314      8402.96        64110
       262144          157      8410.09        32082
       524288           79      8413.55        16048
      1048576           40      8414.77         8025
      2097152           20      8415.08         4013
      4194304           10      8416.10         2007

#---------------------------------------------------
# Benchmarking Uniband 
# #processes = 84 
#---------------------------------------------------
       #bytes #repetitions   Mbytes/sec      Msg/sec
            0         1000         0.00     65437812
            1         1000        65.42     65418426
            2         1000       131.00     65498428
            4         1000       251.37     62843655
            8         1000       483.39     60423933
           16         1000       897.78     56111461
           32         1000      1569.37     49042960
           64         1000      2484.75     38824213
          128         1000      3401.22     26572025
          256         1000      4548.48     17767503
          512         1000      5264.75     10282706
         1024         1000      5308.39      5183978
         2048         1000      5501.58      2686317
         4096         1000      5621.02      1372318
         8192         1000      5682.70       693688
        16384         1000      5696.79       347704
        32768          648      5690.25       173653
        65536          324      5690.31        86827
       131072          164      5737.64        43775
       262144           83      5748.14        21927
       524288           42      5758.33        10983
      1048576           21      5765.41         5498
      2097152           11      5760.32         2747
      4194304            6      5762.08         1374


# All processes entering MPI_Finalize

