[0] MPI startup(): I_MPI_OFA_TRANSLATION_CACHE variable has been removed from the product, its value is ignored

#------------------------------------------------------------
#    Intel(R) MPI Benchmarks 2019 Update 6, MPI-1 part    
#------------------------------------------------------------
# Date                  : Thu Oct  1 16:22:28 2020
# Machine               : x86_64
# System                : Linux
# Release               : 3.10.0-1127.19.1.el7.x86_64
# Version               : #1 SMP Tue Aug 25 17:23:54 UTC 2020
# MPI Version           : 3.1
# MPI Thread Environment: 


# Calling sequence was: 

# /usr/local/Cluster-Apps/intel/2020.2/compilers_and_libraries_2020.2.254/linux/mpi/intel64/bin/IMB-MPI1 biband -npmin 1 

# Minimum message length in bytes:   0
# Maximum message length in bytes:   4194304
#
# MPI_Datatype                   :   MPI_BYTE 
# MPI_Datatype for reductions    :   MPI_FLOAT 
# MPI_Op                         :   MPI_SUM  
# 
# 

# List of Benchmarks to run:

# Biband

#---------------------------------------------------
# Benchmarking Biband 
# #processes = 2 
# ( 54 additional processes waiting in MPI_Barrier)
#---------------------------------------------------
       #bytes #repetitions   Mbytes/sec      Msg/sec
            0         1000         0.00      7573644
            1         1000         7.45      7451178
            2         1000        14.93      7467114
            4         1000        29.70      7423986
            8         1000        59.44      7430437
           16         1000       119.11      7444589
           32         1000       235.39      7356012
           64         1000       469.40      7334372
          128         1000       929.42      7261068
          256         1000      1857.63      7256358
          512         1000      1665.31      3252568
         1024         1000      2829.62      2763303
         2048         1000      4814.66      2350910
         4096         1000      7603.29      1856271
         8192         1000     10712.11      1307631
        16384         1000     12844.03       783938
        32768         1000     13770.41       420240
        65536          640     10208.00       155762
       131072          320     15340.74       117041
       262144          160     14852.40        56657
       524288           80      7232.62        13795
      1048576           40      7355.03         7014
      2097152           20     12427.71         5926
      4194304           10      7065.04         1684

#---------------------------------------------------
# Benchmarking Biband 
# #processes = 4 
# ( 52 additional processes waiting in MPI_Barrier)
#---------------------------------------------------
       #bytes #repetitions   Mbytes/sec      Msg/sec
            0         1000         0.00      9647933
            1         1000         9.54      9544329
            2         1000        19.01      9506805
            4         1000        37.57      9393459
            8         1000        75.48      9435189
           16         1000       153.07      9566838
           32         1000       304.00      9500050
           64         1000       613.53      9586355
          128         1000      1266.92      9897788
          256         1000      3101.78     12116313
          512         1000      1736.03      3390683
         1024         1000      3153.22      3079316
         2048         1000      5146.90      2513137
         4096         1000      7230.23      1765192
         8192         1000      9426.04      1150640
        16384         1000     10421.58       636083
        32768         1000     10315.27       314797
        65536          640     15036.52       229439
       131072          320     12440.86        94916
       262144          160     22834.38        87106
       524288           80     15634.54        29821
      1048576           40     11133.64        10618
      2097152           20     11341.48         5408
      4194304           10      9306.39         2219

#---------------------------------------------------
# Benchmarking Biband 
# #processes = 8 
# ( 48 additional processes waiting in MPI_Barrier)
#---------------------------------------------------
       #bytes #repetitions   Mbytes/sec      Msg/sec
            0         1000         0.00     17920131
            1         1000        17.78     17775042
            2         1000        35.95     17975424
            4         1000        71.57     17892449
            8         1000       143.56     17944389
           16         1000       287.54     17971486
           32         1000       601.98     18811799
           64         1000      1213.54     18961573
          128         1000      2399.84     18748775
          256         1000      4581.38     17896019
          512         1000      3415.02      6669970
         1024         1000      6014.16      5873204
         2048         1000      9700.23      4736442
         4096         1000     13588.42      3317486
         8192         1000     17563.81      2144019
        16384         1000     20344.23      1241713
        32768         1000     20523.15       626317
        65536          640     22467.68       342830
       131072          320     22483.64       171537
       262144          160     22997.75        87729
       524288           80     22113.82        42179
      1048576           40     21642.01        20639
      2097152           20     22122.25        10549
      4194304           10     18751.57         4471

#---------------------------------------------------
# Benchmarking Biband 
# #processes = 16 
# ( 40 additional processes waiting in MPI_Barrier)
#---------------------------------------------------
       #bytes #repetitions   Mbytes/sec      Msg/sec
            0         1000         0.00     34603062
            1         1000        34.85     34852427
            2         1000        69.88     34939779
            4         1000       138.81     34701552
            8         1000       279.30     34912062
           16         1000       554.76     34672750
           32         1000      1178.00     36812422
           64         1000      2356.11     36814292
          128         1000      4593.61     35887597
          256         1000      9147.97     35734268
          512         1000      6651.84     12991872
         1024         1000     11542.08     11271559
         2048         1000     18526.08      9045936
         4096         1000     26287.49      6417844
         8192         1000     33698.19      4113549
        16384         1000     38914.34      2375143
        32768         1000     38875.79      1186395
        65536          640     42867.04       654099
       131072          320     42803.07       326562
       262144          160     41318.85       157619
       524288           80     39731.59        75782
      1048576           40     41477.08        39556
      2097152           20     38717.98        18462
      4194304           10     33892.20         8081

#---------------------------------------------------
# Benchmarking Biband 
# #processes = 32 
# ( 24 additional processes waiting in MPI_Barrier)
#---------------------------------------------------
       #bytes #repetitions   Mbytes/sec      Msg/sec
            0         1000         0.00     70311383
            1         1000        70.51     70514041
            2         1000       142.22     71108955
            4         1000       282.75     70686302
            8         1000       567.86     70982488
           16         1000      1138.65     71165666
           32         1000      2359.60     73737577
           64         1000      4524.43     70694252
          128         1000      7747.25     60525356
          256         1000     12317.73     48116114
          512         1000     13433.67     26237641
         1024         1000     22871.56     22335507
         2048         1000     34656.31     16922026
         4096         1000     44282.16     10811074
         8192         1000     45219.72      5519986
        16384         1000     45380.33      2769795
        32768         1000     45295.72      1382316
        65536          640     45255.89       690550
       131072          320     44884.36       342440
       262144          160     46186.00       176186
       524288           80     46204.12        88127
      1048576           40     46261.07        44118
      2097152           20     46277.26        22067
      4194304           10     46284.16        11035

#---------------------------------------------------
# Benchmarking Biband 
# #processes = 56 
#---------------------------------------------------
       #bytes #repetitions   Mbytes/sec      Msg/sec
            0         1000         0.00    111192695
            1         1000       112.35    112352199
            2         1000       225.25    112624463
            4         1000       432.16    108039830
            8         1000       837.54    104692781
           16         1000      1584.96     99059698
           32         1000      2787.12     87097407
           64         1000      4578.17     71533943
          128         1000      6617.43     51698688
          256         1000      8201.79     32038238
          512         1000      9896.50     19329102
         1024         1000     10148.23      9910378
         2048         1000     10715.44      5232147
         4096         1000     11028.08      2692402
         8192         1000     11282.09      1377208
        16384         1000     11321.01       690980
        32768          960     11289.91       344541
        65536          480     11257.98       171783
       131072          226     11217.93        85586
       262144          123     11532.34        43992
       524288           62     11548.24        22027
      1048576           31     11565.12        11029
      2097152           16     11569.62         5517
      4194304            8     11571.29         2759


# All processes entering MPI_Finalize

