2020-08-19T18:10:31+01:00|reframe 3.0-dev6 (rev: 3f0c45d4)|Gromacs_3000k_1 on alaska:roce-gcc9-openmpi4-ucx using gromacs|jobid=5047|ns_per_day=0.684|ns/day|ref=0 (l=None, u=None)|num_nodes=1,3000k-atoms,num_procs=32
2020-08-19T18:10:31+01:00|reframe 3.0-dev6 (rev: 3f0c45d4)|Gromacs_3000k_1 on alaska:roce-gcc9-openmpi4-ucx using gromacs|jobid=5047|hour_per_ns=35.109|hour/ns|ref=0 (l=None, u=None)|num_nodes=1,3000k-atoms,num_procs=32
2020-08-19T18:10:31+01:00|reframe 3.0-dev6 (rev: 3f0c45d4)|Gromacs_3000k_1 on alaska:roce-gcc9-openmpi4-ucx using gromacs|jobid=5047|core_t=161799.505|s|ref=0 (l=None, u=None)|num_nodes=1,3000k-atoms,num_procs=32
2020-08-19T18:10:31+01:00|reframe 3.0-dev6 (rev: 3f0c45d4)|Gromacs_3000k_1 on alaska:roce-gcc9-openmpi4-ucx using gromacs|jobid=5047|wall_t=2528.117|s|ref=0 (l=None, u=None)|num_nodes=1,3000k-atoms,num_procs=32
2020-08-19T18:10:31+01:00|reframe 3.0-dev6 (rev: 3f0c45d4)|Gromacs_3000k_1 on alaska:roce-gcc9-openmpi4-ucx using gromacs|jobid=5047|runtime_real=2539.258|s|ref=0 (l=None, u=None)|num_nodes=1,3000k-atoms,num_procs=32
2020-09-08T17:50:47+01:00|reframe 3.0-dev6 (rev: 3f0c45d4)|Gromacs_3000k_1 on alaska:roce-gcc9-openmpi4-ucx using gromacs|jobid=5237|ns_per_day=0.677|ns/day|ref=0 (l=None, u=None)|3000k-atoms,num_nodes=1,num_procs=32
2020-09-08T17:50:47+01:00|reframe 3.0-dev6 (rev: 3f0c45d4)|Gromacs_3000k_1 on alaska:roce-gcc9-openmpi4-ucx using gromacs|jobid=5237|hour_per_ns=35.435|hour/ns|ref=0 (l=None, u=None)|3000k-atoms,num_nodes=1,num_procs=32
2020-09-08T17:50:47+01:00|reframe 3.0-dev6 (rev: 3f0c45d4)|Gromacs_3000k_1 on alaska:roce-gcc9-openmpi4-ucx using gromacs|jobid=5237|core_t=163299.744|s|ref=0 (l=None, u=None)|3000k-atoms,num_nodes=1,num_procs=32
2020-09-08T17:50:47+01:00|reframe 3.0-dev6 (rev: 3f0c45d4)|Gromacs_3000k_1 on alaska:roce-gcc9-openmpi4-ucx using gromacs|jobid=5237|wall_t=2551.559|s|ref=0 (l=None, u=None)|3000k-atoms,num_nodes=1,num_procs=32
2020-09-08T17:50:47+01:00|reframe 3.0-dev6 (rev: 3f0c45d4)|Gromacs_3000k_1 on alaska:roce-gcc9-openmpi4-ucx using gromacs|jobid=5237|runtime_real=2563.048|s|ref=0 (l=None, u=None)|3000k-atoms,num_nodes=1,num_procs=32
2020-09-10T10:50:00+01:00|reframe 3.0-dev6 (rev: 3f0c45d4)|Gromacs_3000k_1 on alaska:roce-gcc9-openmpi4-ucx using gromacs|jobid=5320|ns_per_day=0.673|ns/day|ref=0 (l=None, u=None)|num_nodes=1,num_procs=32,3000k-atoms
2020-09-10T10:50:00+01:00|reframe 3.0-dev6 (rev: 3f0c45d4)|Gromacs_3000k_1 on alaska:roce-gcc9-openmpi4-ucx using gromacs|jobid=5320|hour_per_ns=35.648|hour/ns|ref=0 (l=None, u=None)|num_nodes=1,num_procs=32,3000k-atoms
2020-09-10T10:50:00+01:00|reframe 3.0-dev6 (rev: 3f0c45d4)|Gromacs_3000k_1 on alaska:roce-gcc9-openmpi4-ucx using gromacs|jobid=5320|core_t=164282.195|s|ref=0 (l=None, u=None)|num_nodes=1,num_procs=32,3000k-atoms
2020-09-10T10:50:00+01:00|reframe 3.0-dev6 (rev: 3f0c45d4)|Gromacs_3000k_1 on alaska:roce-gcc9-openmpi4-ucx using gromacs|jobid=5320|wall_t=2566.909|s|ref=0 (l=None, u=None)|num_nodes=1,num_procs=32,3000k-atoms
2020-09-10T10:50:00+01:00|reframe 3.0-dev6 (rev: 3f0c45d4)|Gromacs_3000k_1 on alaska:roce-gcc9-openmpi4-ucx using gromacs|jobid=5320|runtime_real=2578.661|s|ref=0 (l=None, u=None)|num_nodes=1,num_procs=32,3000k-atoms
2020-09-10T15:40:03+01:00|reframe 3.0-dev6 (rev: 3f0c45d4)|Gromacs_3000k_1 on alaska:roce-gcc9-openmpi4-ucx using gromacs|jobid=6414|ns_per_day=0.662|ns/day|ref=0 (l=None, u=None)|3000k-atoms,num_nodes=1,num_procs=32
2020-09-10T15:40:03+01:00|reframe 3.0-dev6 (rev: 3f0c45d4)|Gromacs_3000k_1 on alaska:roce-gcc9-openmpi4-ucx using gromacs|jobid=6414|hour_per_ns=36.279|hour/ns|ref=0 (l=None, u=None)|3000k-atoms,num_nodes=1,num_procs=32
2020-09-10T15:40:03+01:00|reframe 3.0-dev6 (rev: 3f0c45d4)|Gromacs_3000k_1 on alaska:roce-gcc9-openmpi4-ucx using gromacs|jobid=6414|core_t=167191.398|s|ref=0 (l=None, u=None)|3000k-atoms,num_nodes=1,num_procs=32
2020-09-10T15:40:03+01:00|reframe 3.0-dev6 (rev: 3f0c45d4)|Gromacs_3000k_1 on alaska:roce-gcc9-openmpi4-ucx using gromacs|jobid=6414|wall_t=2612.366|s|ref=0 (l=None, u=None)|3000k-atoms,num_nodes=1,num_procs=32
2020-09-10T15:40:03+01:00|reframe 3.0-dev6 (rev: 3f0c45d4)|Gromacs_3000k_1 on alaska:roce-gcc9-openmpi4-ucx using gromacs|jobid=6414|runtime_real=2624.184|s|ref=0 (l=None, u=None)|3000k-atoms,num_nodes=1,num_procs=32
