#------------------------------------------------------------
#    Intel(R) MPI Benchmarks 2019 Update 5, MPI-1 part    
#------------------------------------------------------------
# Date                  : Wed Oct  7 09:37:01 2020
# Machine               : x86_64
# System                : Linux
# Release               : 3.10.0-1127.8.2.el7.x86_64
# Version               : #1 SMP Tue May 12 16:57:42 UTC 2020
# MPI Version           : 3.1
# MPI Thread Environment: 


# Calling sequence was: 

# IMB-MPI1 uniband -npmin 1 

# Minimum message length in bytes:   0
# Maximum message length in bytes:   4194304
#
# MPI_Datatype                   :   MPI_BYTE 
# MPI_Datatype for reductions    :   MPI_FLOAT 
# MPI_Op                         :   MPI_SUM  
# 
# 

# List of Benchmarks to run:

# Uniband

#---------------------------------------------------
# Benchmarking Uniband 
# #processes = 2 
# ( 62 additional processes waiting in MPI_Barrier)
#---------------------------------------------------
       #bytes #repetitions   Mbytes/sec      Msg/sec
            0         1000         0.00      4539864
            1         1000         4.43      4429468
            2         1000         8.86      4431052
            4         1000        17.74      4434480
            8         1000        35.49      4435711
           16         1000        69.99      4374605
           32         1000       137.46      4295596
           64         1000       274.12      4283178
          128         1000       546.32      4268096
          256         1000      1107.57      4326463
          512         1000      1195.98      2335889
         1024         1000      2324.49      2270013
         2048         1000      4158.20      2030372
         4096         1000      6203.32      1514483
         8192         1000      8212.46      1002498
        16384         1000      8984.99       548400
        32768         1000      9351.19       285376
        65536          640      9534.44       145484
       131072          320      9705.68        74048
       262144          160      8998.49        34327
       524288           80      8330.88        15890
      1048576           40      8864.53         8454
      2097152           20      8946.98         4266
      4194304           10      8939.34         2131

#---------------------------------------------------
# Benchmarking Uniband 
# #processes = 4 
# ( 60 additional processes waiting in MPI_Barrier)
#---------------------------------------------------
       #bytes #repetitions   Mbytes/sec      Msg/sec
            0         1000         0.00      8979461
            1         1000         8.83      8829097
            2         1000        17.66      8830431
            4         1000        34.30      8575081
            8         1000        70.34      8792686
           16         1000       141.15      8821681
           32         1000       271.00      8468594
           64         1000       541.16      8455574
          128         1000      1078.45      8425410
          256         1000      2187.74      8545873
          512         1000      2381.48      4651324
         1024         1000      4631.67      4523115
         2048         1000      8026.07      3918982
         4096         1000     12131.05      2961681
         8192         1000     16104.04      1965825
        16384         1000     17554.53      1071443
        32768         1000     18358.60       560260
        65536          640     18712.31       285527
       131072          320     18937.05       144478
       262144          160     17002.88        64861
       524288           80     16364.09        31212
      1048576           40     17199.86        16403
      2097152           20     17635.94         8409
      4194304           10     17562.85         4187

#---------------------------------------------------
# Benchmarking Uniband 
# #processes = 8 
# ( 56 additional processes waiting in MPI_Barrier)
#---------------------------------------------------
       #bytes #repetitions   Mbytes/sec      Msg/sec
            0         1000         0.00     17696054
            1         1000        17.38     17376908
            2         1000        34.71     17355005
            4         1000        69.42     17354845
            8         1000       138.98     17372827
           16         1000       278.26     17391073
           32         1000       534.78     16711929
           64         1000      1066.89     16670207
          128         1000      2120.56     16566876
          256         1000      4294.63     16775881
          512         1000      4693.78      9167541
         1024         1000      9001.71      8790733
         2048         1000     16054.83      7839272
         4096         1000     24076.89      5878146
         8192         1000     32084.53      3916569
        16384         1000     34550.16      2108774
        32768         1000     36738.30      1121164
        65536          640     37263.58       568597
       131072          320     37335.61       284848
       262144          160     34315.13       130902
       524288           80     32088.25        61203
      1048576           40     34243.88        32658
      2097152           20     34857.08        16621
      4194304           10     33627.73         8017

#---------------------------------------------------
# Benchmarking Uniband 
# #processes = 16 
# ( 48 additional processes waiting in MPI_Barrier)
#---------------------------------------------------
       #bytes #repetitions   Mbytes/sec      Msg/sec
            0         1000         0.00     35579690
            1         1000        34.90     34902419
            2         1000        69.56     34782454
            4         1000       139.41     34851957
            8         1000       279.22     34901971
           16         1000       558.62     34913475
           32         1000      1077.41     33669105
           64         1000      2134.62     33353489
          128         1000      4266.23     33329955
          256         1000      8655.27     33809659
          512         1000      9342.42     18246919
         1024         1000     18256.53     17828639
         2048         1000     31713.51     15485111
         4096         1000     47069.45     11491565
         8192         1000     62161.82      7588113
        16384         1000     65930.15      4024057
        32768         1000     70772.82      2159815
        65536          640     71738.69      1094646
       131072          320     70048.29       534426
       262144          160     61518.18       234673
       524288           80     61114.80       116567
      1048576           40     59528.47        56771
      2097152           20     35068.94        16722
      4194304           10     26761.79         6381

#---------------------------------------------------
# Benchmarking Uniband 
# #processes = 32 
# ( 32 additional processes waiting in MPI_Barrier)
#---------------------------------------------------
       #bytes #repetitions   Mbytes/sec      Msg/sec
            0         1000         0.00     57480603
            1         1000        56.13     56134535
            2         1000       112.46     56228677
            4         1000       223.74     55933942
            8         1000       448.21     56026099
           16         1000       894.90     55931171
           32         1000      1469.44     45919874
           64         1000      2924.73     45698954
          128         1000      4999.59     39059294
          256         1000      9836.14     38422433
          512         1000      7887.84     15405945
         1024         1000     14958.78     14608185
         2048         1000     16599.73      8105336
         4096         1000     17890.86      4367887
         8192         1000     17701.61      2160841
        16384         1000     17996.45      1098416
        32768         1000     18228.94       556303
        65536          640     18417.37       281027
       131072          320     18478.38       140979
       262144          160     18497.41        70562
       524288           80     18613.10        35502
      1048576           40     17962.03        17130
      2097152           20     17777.72         8477
      4194304           10     14646.28         3492

#---------------------------------------------------
# Benchmarking Uniband 
# #processes = 64 
#---------------------------------------------------
       #bytes #repetitions   Mbytes/sec      Msg/sec
            0         1000         0.00     21154043
            1         1000        20.62     20616483
            2         1000        41.18     20588311
            4         1000        82.46     20615580
            8         1000       160.61     20075651
           16         1000       305.39     19086713
           32         1000       556.03     17376043
           64         1000       945.28     14770074
          128         1000      1451.81     11342246
          256         1000      1983.06      7746330
          512         1000      2426.62      4739493
         1024         1000      2731.81      2667787
         2048         1000      2915.24      1423459
         4096         1000      2959.30       722486
         8192         1000      3010.58       367503
        16384          902      3025.41       184656
        32768          453      3038.64        92732
        65536          227      3045.29        46468
       131072          114      3048.63        23259
       262144           57      3059.94        11673
       524288           29      3061.12         5839
      1048576           15      3061.39         2920
      2097152            8      3061.29         1460
      4194304            4      3060.56          730


# All processes entering MPI_Finalize

