[0] MPI startup(): I_MPI_OFA_TRANSLATION_CACHE variable has been removed from the product, its value is ignored

#------------------------------------------------------------
#    Intel(R) MPI Benchmarks 2019 Update 6, MPI-1 part    
#------------------------------------------------------------
# Date                  : Thu Oct  1 16:20:58 2020
# Machine               : x86_64
# System                : Linux
# Release               : 3.10.0-1127.19.1.el7.x86_64
# Version               : #1 SMP Tue Aug 25 17:23:54 UTC 2020
# MPI Version           : 3.1
# MPI Thread Environment: 


# Calling sequence was: 

# /usr/local/Cluster-Apps/intel/2020.2/compilers_and_libraries_2020.2.254/linux/mpi/intel64/bin/IMB-MPI1 uniband -npmin 1 

# Minimum message length in bytes:   0
# Maximum message length in bytes:   4194304
#
# MPI_Datatype                   :   MPI_BYTE 
# MPI_Datatype for reductions    :   MPI_FLOAT 
# MPI_Op                         :   MPI_SUM  
# 
# 

# List of Benchmarks to run:

# Uniband

#---------------------------------------------------
# Benchmarking Uniband 
# #processes = 2 
# ( 54 additional processes waiting in MPI_Barrier)
#---------------------------------------------------
       #bytes #repetitions   Mbytes/sec      Msg/sec
            0         1000         0.00      6121355
            1         1000         6.01      6005859
            2         1000        12.02      6010428
            4         1000        23.88      5971011
            8         1000        47.90      5988023
           16         1000        95.85      5990865
           32         1000       193.89      6059128
           64         1000       383.78      5996569
          128         1000       768.02      6000120
          256         1000      1512.54      5908360
          512         1000      1382.05      2699314
         1024         1000      2655.46      2593227
         2048         1000      4272.55      2086205
         4096         1000      3410.17       832562
         8192         1000      4003.42       488699
        16384         1000      4251.27       259477
        32768         1000      4560.24       139167
        65536          640      4708.85        71851
       131072          320      4851.37        37013
       262144          160      4882.00        18623
       524288           80      5710.98        10893
      1048576           40      5383.14         5134
      2097152           20      5321.51         2537
      4194304           10      4730.15         1128

#---------------------------------------------------
# Benchmarking Uniband 
# #processes = 4 
# ( 52 additional processes waiting in MPI_Barrier)
#---------------------------------------------------
       #bytes #repetitions   Mbytes/sec      Msg/sec
            0         1000         0.00      7745933
            1         1000         7.81      7813069
            2         1000        15.65      7826913
            4         1000        30.83      7706904
            8         1000        62.59      7823757
           16         1000       125.12      7819776
           32         1000       227.31      7103559
           64         1000       455.89      7123258
          128         1000       862.82      6740771
          256         1000      2033.49      7943329
          512         1000      1673.43      3268418
         1024         1000      2602.02      2541035
         2048         1000      4286.84      2093182
         4096         1000      6250.99      1526121
         8192         1000      8278.82      1010598
        16384         1000      8853.03       540346
        32768         1000      9340.48       285049
        65536          640      9794.80       149457
       131072          320      9554.51        72895
       262144          160     10123.33        38617
       524288           80     11282.82        21520
      1048576           40     10582.83        10093
      2097152           20     10442.14         4979
      4194304           10      9310.34         2220

#---------------------------------------------------
# Benchmarking Uniband 
# #processes = 8 
# ( 48 additional processes waiting in MPI_Barrier)
#---------------------------------------------------
       #bytes #repetitions   Mbytes/sec      Msg/sec
            0         1000         0.00     15622576
            1         1000        15.60     15599813
            2         1000        31.60     15801999
            4         1000        63.12     15779767
            8         1000       124.23     15528555
           16         1000       251.71     15731893
           32         1000       453.19     14162186
           64         1000       904.96     14140026
          128         1000      1710.97     13366941
          256         1000      4509.58     17615548
          512         1000      2788.91      5447098
         1024         1000      5120.14      5000141
         2048         1000      8314.46      4059793
         4096         1000     12196.21      2977591
         8192         1000     15966.93      1949089
        16384         1000     16897.47      1031340
        32768         1000     17815.77       543694
        65536          640     18123.65       276545
       131072          320     18575.02       141716
       262144          160     18417.26        70256
       524288           80     22212.78        42368
      1048576           40     21736.82        20730
      2097152           20     21278.23        10146
      4194304           10     17893.15         4266

#---------------------------------------------------
# Benchmarking Uniband 
# #processes = 16 
# ( 40 additional processes waiting in MPI_Barrier)
#---------------------------------------------------
       #bytes #repetitions   Mbytes/sec      Msg/sec
            0         1000         0.00     31720230
            1         1000        32.31     32309476
            2         1000        64.54     32270251
            4         1000       128.61     32152833
            8         1000       257.83     32229318
           16         1000       513.39     32086672
           32         1000       887.31     27728584
           64         1000      1787.31     27926684
          128         1000      3354.31     26205584
          256         1000      8104.75     31659171
          512         1000      5750.36     11231170
         1024         1000     10330.44     10088322
         2048         1000     16039.70      7831886
         4096         1000     24093.40      5882178
         8192         1000     31295.52      3820254
        16384         1000     33871.53      2067354
        32768         1000     35282.36      1076732
        65536          640     36839.72       562130
       131072          320     37877.50       288982
       262144          160     37744.18       143983
       524288           80     41549.69        79250
      1048576           40     39811.77        37967
      2097152           20     39036.43        18614
      4194304           10     31745.36         7569

#---------------------------------------------------
# Benchmarking Uniband 
# #processes = 32 
# ( 24 additional processes waiting in MPI_Barrier)
#---------------------------------------------------
       #bytes #repetitions   Mbytes/sec      Msg/sec
            0         1000         0.00     61797685
            1         1000        62.67     62667627
            2         1000       124.48     62241608
            4         1000       250.54     62634458
            8         1000       500.84     62605409
           16         1000      1000.93     62558328
           32         1000      1738.13     54316406
           64         1000      3493.41     54584524
          128         1000      6115.36     47776247
          256         1000     10857.19     42410891
          512         1000     11255.16     21982733
         1024         1000     20153.69     19681339
         2048         1000     22137.13     10809144
         4096         1000     22627.62      5524321
         8192         1000     22878.23      2792753
        16384         1000     22967.17      1401805
        32768         1000     22909.33       699137
        65536          640     22890.20       349277
       131072          320     22879.29       174555
       262144          160     23126.15        88219
       524288           80     23136.35        44129
      1048576           40     23141.39        22069
      2097152           20     23143.88        11036
      4194304           10     23145.09         5518

#---------------------------------------------------
# Benchmarking Uniband 
# #processes = 56 
#---------------------------------------------------
       #bytes #repetitions   Mbytes/sec      Msg/sec
            0         1000         0.00     64700533
            1         1000        64.50     64495772
            2         1000       129.34     64670530
            4         1000       247.81     61951430
            8         1000       477.77     59721350
           16         1000       888.31     55519255
           32         1000      1557.91     48684789
           64         1000      2498.31     39036054
          128         1000      3563.58     27840489
          256         1000      4539.40     17732022
          512         1000      5258.56     10270630
         1024         1000      5318.68      5194026
         2048         1000      5521.28      2695935
         4096         1000      5639.21      1376760
         8192         1000      5699.10       695691
        16384         1000      5720.50       349151
        32768          974      5713.00       174347
        65536          486      5711.88        87156
       131072          243      5709.24        43558
       262144          123      5773.17        22023
       524288           62      5780.61        11026
      1048576           31      5785.11         5517
      2097152           16      5785.86         2759
      4194304            8      5786.19         1380


# All processes entering MPI_Finalize

