#------------------------------------------------------------
#    Intel(R) MPI Benchmarks 2019 Update 5, MPI-1 part    
#------------------------------------------------------------
# Date                  : Wed Oct  7 10:07:23 2020
# Machine               : x86_64
# System                : Linux
# Release               : 3.10.0-1127.8.2.el7.x86_64
# Version               : #1 SMP Tue May 12 16:57:42 UTC 2020
# MPI Version           : 3.1
# MPI Thread Environment: 


# Calling sequence was: 

# /alaska/steveb/spack/opt/spack/linux-centos7-broadwell/gcc-9.3.0/intel-mpi-benchmarks-2019.5-dwg5q6jdcxgwtiwi2lj32w4ttotvwqnt/bin/IMB-MPI1 biband -npmin 1 

# Minimum message length in bytes:   0
# Maximum message length in bytes:   4194304
#
# MPI_Datatype                   :   MPI_BYTE 
# MPI_Datatype for reductions    :   MPI_FLOAT 
# MPI_Op                         :   MPI_SUM  
# 
# 

# List of Benchmarks to run:

# Biband

#---------------------------------------------------
# Benchmarking Biband 
# #processes = 2 
# ( 46 additional processes waiting in MPI_Barrier)
#---------------------------------------------------
       #bytes #repetitions   Mbytes/sec      Msg/sec
            0         1000         0.00     10120132
            1         1000        10.52     10515430
            2         1000        20.24     10118411
            4         1000        41.19     10296383
            8         1000        84.71     10588642
           16         1000       163.97     10247916
           32         1000       317.31      9915951
           64         1000       612.59      9571655
          128         1000       413.83      3233018
          256         1000       787.93      3077836
          512         1000      1441.05      2814545
         1024         1000      2493.88      2435426
         2048         1000      4813.91      2350544
         4096         1000      6955.91      1698219
         8192         1000      9812.84      1197856
        16384         1000      6870.82       419362
        32768         1000     11497.58       350878
        65536          640     12941.73       197475
       131072          320     14921.42       113841
       262144          160     17779.37        67823
       524288           80     17753.65        33862
      1048576           40     18457.51        17602
      2097152           20     18566.70         8853
      4194304           10     17538.01         4181

#---------------------------------------------------
# Benchmarking Biband 
# #processes = 4 
# ( 44 additional processes waiting in MPI_Barrier)
#---------------------------------------------------
       #bytes #repetitions   Mbytes/sec      Msg/sec
            0         1000         0.00     17176187
            1         1000        17.10     17101878
            2         1000        32.41     16203447
            4         1000        67.23     16806702
            8         1000       137.09     17135965
           16         1000       274.02     17126394
           32         1000       523.33     16353926
           64         1000      1021.27     15957393
          128         1000       663.42      5182952
          256         1000      1087.34      4247429
          512         1000      1829.65      3573528
         1024         1000      3005.43      2934993
         2048         1000      4698.65      2294261
         4096         1000      6746.85      1647180
         8192         1000      8213.27      1002597
        16384         1000     17769.67      1084575
        32768         1000     26466.20       807684
        65536          640     33209.08       506730
       131072          320     36586.32       279131
       262144          160     35423.44       135130
       524288           80     34505.77        65815
      1048576           40     35234.30        33602
      2097152           20     35732.35        17039
      4194304           10     33416.91         7967

#---------------------------------------------------
# Benchmarking Biband 
# #processes = 8 
# ( 40 additional processes waiting in MPI_Barrier)
#---------------------------------------------------
       #bytes #repetitions   Mbytes/sec      Msg/sec
            0         1000         0.00     35159112
            1         1000        33.91     33905504
            2         1000        70.03     35013417
            4         1000       139.00     34750413
            8         1000       269.41     33675663
           16         1000       559.74     34983648
           32         1000      1062.03     33188417
           64         1000      1981.82     30965907
          128         1000      1344.45     10503546
          256         1000      2226.00      8695303
          512         1000      3940.91      7697088
         1024         1000      6649.99      6494135
         2048         1000     10525.17      5139243
         4096         1000     13854.91      3382546
         8192         1000     17081.25      2085113
        16384         1000     35099.86      2142326
        32768         1000     52827.72      1612174
        65536          640     67051.73      1023128
       131072          320     74564.83       568885
       262144          160     67990.32       259362
       524288           80     67250.86       128271
      1048576           40     68644.28        65464
      2097152           20     68888.78        32849
      4194304           10     45420.95        10829

#---------------------------------------------------
# Benchmarking Biband 
# #processes = 16 
# ( 32 additional processes waiting in MPI_Barrier)
#---------------------------------------------------
       #bytes #repetitions   Mbytes/sec      Msg/sec
            0         1000         0.00     68539885
            1         1000        68.65     68648803
            2         1000       137.33     68665830
            4         1000       278.99     69747713
            8         1000       563.08     70385544
           16         1000      1084.18     67761083
           32         1000      2102.69     65709157
           64         1000      4392.84     68638127
          128         1000      2610.67     20395877
          256         1000      4388.07     17140910
          512         1000      7109.41     13885567
         1024         1000     12044.05     11761771
         2048         1000     20534.85     10026781
         4096         1000     26647.56      6505752
         8192         1000     32552.87      3973739
        16384         1000     66681.41      4069910
        32768         1000    105197.14      3210362
        65536          640    114732.60      1750681
       131072          320    125050.62       954060
       262144          160    125259.56       477827
       524288           80    127387.97       242973
      1048576           40    133597.89       127409
      2097152           20    104675.77        49913
      4194304           10     47710.69        11375

#---------------------------------------------------
# Benchmarking Biband 
# #processes = 32 
# ( 16 additional processes waiting in MPI_Barrier)
#---------------------------------------------------
       #bytes #repetitions   Mbytes/sec      Msg/sec
            0         1000         0.00    102748116
            1         1000       105.84    105837173
            2         1000       198.48     99241611
            4         1000       383.38     95844944
            8         1000       860.32    107539422
           16         1000      1624.78    101548838
           32         1000      2695.45     84232956
           64         1000      4965.66     77588392
          128         1000      5272.53     41191637
          256         1000      8525.62     33303197
          512         1000     13712.30     26781840
         1024         1000     21987.85     21472513
         2048         1000     33189.52     16205818
         4096         1000     37062.51      9048465
         8192         1000     39222.01      4787844
        16384         1000     38282.91      2336603
        32768         1000     25437.79       776300
        65536          640     25604.67       390696
       131072          320     26649.75       203321
       262144          160     28031.05       106930
       524288           80     26560.37        50660
      1048576           40     26205.80        24992
      2097152           20     23559.72        11234
      4194304           10     22931.40         5467

#---------------------------------------------------
# Benchmarking Biband 
# #processes = 48 
#---------------------------------------------------
       #bytes #repetitions   Mbytes/sec      Msg/sec
            0         1000         0.00    104879634
            1         1000       103.36    103358401
            2         1000       210.26    105127689
            4         1000       418.73    104681648
            8         1000       828.28    103534950
           16         1000      1777.14    111071448
           32         1000      2146.47     67077089
           64         1000      4077.55     63711673
          128         1000      6208.72     48505606
          256         1000      6498.85     25386138
          512         1000      9498.45     18551668
         1024         1000      9088.25      8875241
         2048         1000      9613.28      4693985
         4096         1000     12196.85      2977746
         8192         1000     20521.29      2505040
        16384         1000     20537.13      1253487
        32768         1000     20134.59       614459
        65536          640     19274.16       294100
       131072          320     16263.35       124079
       262144          155     12998.86        49587
       524288           78     13128.10        25040
      1048576           39     13281.98        12667
      2097152           20     12618.56         6017
      4194304           10     12576.71         2999


# All processes entering MPI_Finalize

