#------------------------------------------------------------
#    Intel(R) MPI Benchmarks 2019 Update 5, MPI-1 part    
#------------------------------------------------------------
# Date                  : Wed Oct  7 09:34:41 2020
# Machine               : x86_64
# System                : Linux
# Release               : 3.10.0-1127.8.2.el7.x86_64
# Version               : #1 SMP Tue May 12 16:57:42 UTC 2020
# MPI Version           : 3.1
# MPI Thread Environment: 


# Calling sequence was: 

# IMB-MPI1 uniband -npmin 1 

# Minimum message length in bytes:   0
# Maximum message length in bytes:   4194304
#
# MPI_Datatype                   :   MPI_BYTE 
# MPI_Datatype for reductions    :   MPI_FLOAT 
# MPI_Op                         :   MPI_SUM  
# 
# 

# List of Benchmarks to run:

# Uniband

#---------------------------------------------------
# Benchmarking Uniband 
# #processes = 2 
#---------------------------------------------------
       #bytes #repetitions   Mbytes/sec      Msg/sec
            0         1000         0.00      3540362
            1         1000         3.53      3527520
            2         1000         7.05      3524521
            4         1000        14.08      3518825
            8         1000        28.19      3524228
           16         1000        56.21      3513303
           32         1000       112.40      3512442
           64         1000       220.21      3440748
          128         1000       441.37      3448170
          256         1000       775.28      3028454
          512         1000      1515.43      2959816
         1024         1000      2825.23      2759016
         2048         1000      4874.62      2380184
         4096         1000      6884.20      1680712
         8192         1000      8737.80      1066626
        16384         1000      8442.68       515300
        32768         1000      9381.07       286288
        65536          640      9982.30       152318
       131072          320      9618.89        73386
       262144          160      8731.34        33307
       524288           80      9847.84        18783
      1048576           40      9829.27         9374
      2097152           20      9656.77         4605
      4194304           10      9977.71         2379


# All processes entering MPI_Finalize

