#------------------------------------------------------------
#    Intel(R) MPI Benchmarks 2019 Update 5, MPI-1 part    
#------------------------------------------------------------
# Date                  : Wed Oct  7 10:05:46 2020
# Machine               : x86_64
# System                : Linux
# Release               : 3.10.0-1127.8.2.el7.x86_64
# Version               : #1 SMP Tue May 12 16:57:42 UTC 2020
# MPI Version           : 3.1
# MPI Thread Environment: 


# Calling sequence was: 

# IMB-MPI1 biband -npmin 1 

# Minimum message length in bytes:   0
# Maximum message length in bytes:   4194304
#
# MPI_Datatype                   :   MPI_BYTE 
# MPI_Datatype for reductions    :   MPI_FLOAT 
# MPI_Op                         :   MPI_SUM  
# 
# 

# List of Benchmarks to run:

# Biband

#---------------------------------------------------
# Benchmarking Biband 
# #processes = 2 
# ( 30 additional processes waiting in MPI_Barrier)
#---------------------------------------------------
       #bytes #repetitions   Mbytes/sec      Msg/sec
            0         1000         0.00      5480280
            1         1000         5.42      5419895
            2         1000        10.85      5424789
            4         1000        21.65      5412586
            8         1000        43.28      5409669
           16         1000        86.67      5416931
           32         1000       164.72      5147645
           64         1000       328.99      5140460
          128         1000       654.29      5111647
          256         1000      1397.01      5457071
          512         1000      1369.57      2674950
         1024         1000      2493.32      2434878
         2048         1000      4210.94      2056124
         4096         1000      6554.24      1600155
         8192         1000      9570.44      1168266
        16384         1000     10548.20       643811
        32768         1000     10360.69       316183
        65536          640     10520.27       160527
       131072          320     10017.53        76428
       262144          160      9659.95        36850
       524288           80      8043.16        15341
      1048576           40      9474.85         9036
      2097152           20      9504.31         4532
      4194304           10      9784.58         2333

#---------------------------------------------------
# Benchmarking Biband 
# #processes = 4 
# ( 28 additional processes waiting in MPI_Barrier)
#---------------------------------------------------
       #bytes #repetitions   Mbytes/sec      Msg/sec
            0         1000         0.00     10915037
            1         1000        10.79     10791040
            2         1000        21.53     10764860
            4         1000        42.65     10662231
            8         1000        85.95     10743193
           16         1000       171.85     10740482
           32         1000       325.56     10173873
           64         1000       651.57     10180754
          128         1000      1297.91     10139952
          256         1000      2767.65     10811143
          512         1000      2651.43      5178582
         1024         1000      4785.98      4673804
         2048         1000      8037.99      3924801
         4096         1000     12596.89      3075411
         8192         1000     18290.83      2232767
        16384         1000     20216.48      1233916
        32768         1000     20062.10       612247
        65536          640     20255.71       309078
       131072          320     19335.29       147517
       262144          160     16431.76        62682
       524288           80     11255.62        21468
      1048576           40     18594.71        17733
      2097152           20     18639.36         8888
      4194304           10     19032.29         4538

#---------------------------------------------------
# Benchmarking Biband 
# #processes = 8 
# ( 24 additional processes waiting in MPI_Barrier)
#---------------------------------------------------
       #bytes #repetitions   Mbytes/sec      Msg/sec
            0         1000         0.00     21871237
            1         1000        21.41     21411380
            2         1000        42.90     21448816
            4         1000        85.84     21460858
            8         1000       171.96     21494843
           16         1000       343.56     21472248
           32         1000       658.71     20584775
           64         1000      1317.53     20586429
          128         1000      2632.80     20568731
          256         1000      5517.60     21553120
          512         1000      5197.92     10152190
         1024         1000      9300.47      9082486
         2048         1000     15749.50      7690186
         4096         1000     24739.79      6039987
         8192         1000     35704.90      4358509
        16384         1000     39560.88      2414604
        32768         1000     38678.44      1180372
        65536          640     38121.42       581687
       131072          320     32726.66       249685
       262144          160     20873.22        79625
       524288           80     21011.15        40076
      1048576           40     31920.44        30442
      2097152           20     21268.69        10142
      4194304           10     19460.39         4640

#---------------------------------------------------
# Benchmarking Biband 
# #processes = 16 
# ( 16 additional processes waiting in MPI_Barrier)
#---------------------------------------------------
       #bytes #repetitions   Mbytes/sec      Msg/sec
            0         1000         0.00     35072331
            1         1000        34.73     34725572
            2         1000        69.44     34719252
            4         1000       137.70     34424640
            8         1000       276.51     34563203
           16         1000       554.28     34642624
           32         1000      1036.47     32389766
           64         1000      2073.09     32392011
          128         1000      3920.60     30629696
          256         1000      7966.95     31120885
          512         1000      6182.14     12074498
         1024         1000     11193.54     10931193
         2048         1000     18517.08      9041542
         4096         1000     25958.94      6337631
         8192         1000     28400.00      3466796
        16384         1000     30310.80      1850024
        32768         1000     29802.33       909495
        65536          640     29593.89       451567
       131072          320     28866.64       220235
       262144          160     28540.34       108873
       524288           80     28236.82        53857
      1048576           40     30259.36        28858
      2097152           20     26750.43        12756
      4194304           10     20155.20         4805

#---------------------------------------------------
# Benchmarking Biband 
# #processes = 32 
#---------------------------------------------------
       #bytes #repetitions   Mbytes/sec      Msg/sec
            0         1000         0.00       654825
            1         1000         0.66       655927
            2         1000         1.31       653290
            4         1000         2.61       653286
            8         1000         5.25       656160
           16         1000        10.48       655032
           32         1000        20.93       654166
           64         1000       497.22      7769066
          128         1000      1795.65     14028489
          256         1000      3227.75     12608391
          512         1000      4292.96      8384693
         1024         1000      5089.99      4970697
         2048         1000      5610.68      2739589
         4096         1000      5799.36      1415859
         8192         1000      5957.25       727203
        16384         1000      5988.45       365506
        32768          899      6029.32       184000
        65536          451      6050.20        92319
       131072          226      6060.89        46241
       262144          114      6110.81        23311
       524288           57      6117.14        11668
      1048576           29      6117.54         5834
      2097152           15      6115.61         2916
      4194304            8      6108.04         1456


# All processes entering MPI_Finalize

