#------------------------------------------------------------
#    Intel(R) MPI Benchmarks 2019 Update 5, MPI-1 part    
#------------------------------------------------------------
# Date                  : Fri Sep 11 15:04:26 2020
# Machine               : x86_64
# System                : Linux
# Release               : 3.10.0-1127.8.2.el7.x86_64
# Version               : #1 SMP Tue May 12 16:57:42 UTC 2020
# MPI Version           : 3.1
# MPI Thread Environment: 


# Calling sequence was: 

# /alaska/steveb/spack/opt/spack/linux-centos7-broadwell/gcc-9.3.0/intel-mpi-benchmarks-2019.5-dwg5q6jdcxgwtiwi2lj32w4ttotvwqnt/bin/IMB-MPI1 uniband -npmin 4 

# Minimum message length in bytes:   0
# Maximum message length in bytes:   4194304
#
# MPI_Datatype                   :   MPI_BYTE 
# MPI_Datatype for reductions    :   MPI_FLOAT 
# MPI_Op                         :   MPI_SUM  
# 
# 

# List of Benchmarks to run:

# Uniband

#---------------------------------------------------
# Benchmarking Uniband 
# #processes = 4 
#---------------------------------------------------
       #bytes #repetitions   Mbytes/sec      Msg/sec
            0         1000         0.00     10811635
            1         1000        10.88     10875740
            2         1000        21.76     10877715
            4         1000        43.54     10885452
            8         1000        86.75     10844129
           16         1000       174.10     10881046
           32         1000       344.57     10767827
           64         1000       684.69     10698278
          128         1000      1236.95      9663651
          256         1000      1868.22      7297734
          512         1000      2542.59      4965986
         1024         1000      2858.39      2791399
         2048         1000      2985.15      1457591
         4096         1000      2995.14       731234
         8192         1000      3029.01       369753
        16384         1000      3040.45       185574
        32768         1000      3033.89        92587
        65536          640      3030.63        46244
       131072          320      3029.00        23109
       262144          160      3028.19        11552
       524288           80      3062.28         5841
      1048576           40      3062.98         2921
      2097152           20      3063.32         1461
      4194304           10      3063.49          730


# All processes entering MPI_Finalize

