[0] MPI startup(): I_MPI_OFA_TRANSLATION_CACHE variable has been removed from the product, its value is ignored

#------------------------------------------------------------
#    Intel(R) MPI Benchmarks 2019 Update 6, MPI-1 part    
#------------------------------------------------------------
# Date                  : Thu Oct  1 16:21:35 2020
# Machine               : x86_64
# System                : Linux
# Release               : 3.10.0-1127.19.1.el7.x86_64
# Version               : #1 SMP Tue Aug 25 17:23:54 UTC 2020
# MPI Version           : 3.1
# MPI Thread Environment: 


# Calling sequence was: 

# /usr/local/Cluster-Apps/intel/2020.2/compilers_and_libraries_2020.2.254/linux/mpi/intel64/bin/IMB-MPI1 biband -npmin 1 

# Minimum message length in bytes:   0
# Maximum message length in bytes:   4194304
#
# MPI_Datatype                   :   MPI_BYTE 
# MPI_Datatype for reductions    :   MPI_FLOAT 
# MPI_Op                         :   MPI_SUM  
# 
# 

# List of Benchmarks to run:

# Biband

#---------------------------------------------------
# Benchmarking Biband 
# #processes = 2 
#---------------------------------------------------
       #bytes #repetitions   Mbytes/sec      Msg/sec
            0         1000         0.00      7451096
            1         1000         7.53      7527276
            2         1000        15.15      7575893
            4         1000        30.94      7735173
            8         1000        60.57      7570916
           16         1000       120.73      7545860
           32         1000       249.31      7790880
           64         1000       428.49      6695140
          128         1000       844.29      6596011
          256         1000      1312.88      5128428
          512         1000      2257.81      4409785
         1024         1000      4311.23      4210185
         2048         1000      7106.94      3470183
         4096         1000     12450.51      3039675
         8192         1000     17867.50      2181092
        16384         1000     19476.62      1188759
        32768         1000     15381.65       469411
        65536          640     21513.01       328263
       131072          320     23613.76       180159
       262144          160     24142.82        92098
       524288           80     24381.79        46505
      1048576           40     24518.21        23382
      2097152           20     24578.46        11720
      4194304           10     24600.40         5865


# All processes entering MPI_Finalize

