[0] MPI startup(): I_MPI_OFA_TRANSLATION_CACHE variable has been removed from the product, its value is ignored

src,dst,lat(us),bandwidth((Mbytes/sec)
0,1,1.48,5726.500002 
0,2,1.48,5727.025772 
0,3,1.47,5727.625938 
0,4,1.46,5727.289422 
0,5,1.46,5729.032523 
0,6,1.47,5727.342227 
0,7,1.45,5728.267395 
0,8,1.46,5727.307266 
0,9,1.45,5727.200565 
0,10,1.46,5728.088530 
0,11,1.46,5727.124820 
0,12,1.47,5727.600807 
0,13,1.46,5727.179807 
0,14,1.46,5727.736662 
0,15,1.47,5727.403774 
0,16,1.47,5728.485253 
0,17,1.47,5726.624882 
0,18,1.48,5727.053811 
0,19,1.47,5727.538527 
0,20,1.48,5725.917908 
0,21,1.47,5725.450935 
0,22,1.49,5725.302088 
0,23,1.49,5726.515657 
0,24,1.48,5726.343091 
0,25,1.48,5726.682773 
0,26,1.49,5726.785085 
0,27,1.48,5727.421620 
0,28,1.47,5727.497008 
0,29,1.47,5723.869689 
0,30,1.48,5727.505020 
0,31,1.48,5724.711869 
0,32,1.55,5726.493449 
0,33,1.46,5726.767244 
0,34,1.47,5727.295248 
0,35,1.46,5726.505827 
0,36,1.46,5727.868880 
0,37,1.45,5728.217851 
0,38,1.46,5728.044817 
0,39,1.46,5728.060845 
0,40,1.46,5727.485354 
0,41,1.46,5727.539620 
0,42,1.46,5727.452940 
0,43,1.46,5728.010212 
0,44,1.46,5727.358251 
0,45,1.46,5726.661291 
0,46,1.46,5727.849940 
0,47,1.46,5727.202021 
0,48,1.47,5726.788727 
0,49,1.46,5727.794211 
0,50,1.48,5727.635043 
0,51,1.48,5726.663111 
0,52,1.47,5727.352060 
0,53,1.47,5726.111926 
0,54,1.49,5727.190368 
0,55,1.47,5726.585560 
1,0,1.46,5726.416630 
1,2,1.46,5727.079301 
1,3,1.45,5729.121437 
1,4,1.46,5728.443720 
1,5,1.45,5727.718450 
1,6,1.45,5726.403160 
1,7,1.44,5728.069223 
1,8,1.45,5727.259559 
1,9,1.45,5728.627344 
1,10,1.45,5727.568392 
1,11,1.45,5728.224044 
1,12,1.46,5720.155781 
1,13,1.45,5728.017133 
1,14,1.46,5728.091444 
1,15,1.47,5727.447841 
1,16,1.47,5727.281774 
1,17,1.47,5728.008026 
1,18,1.47,5727.350239 
1,19,1.46,5728.030246 
1,20,1.47,5724.848314 
1,21,1.47,5728.188707 
1,22,1.46,5726.916168 
1,23,1.46,5728.128965 
1,24,1.47,5727.643056 
1,25,1.48,5727.647062 
1,26,1.48,5726.847713 
1,27,1.47,5727.325839 
1,28,1.46,5727.307266 
1,29,1.47,5727.863052 
1,30,1.47,5728.158836 
1,31,1.46,5728.326412 
1,32,1.53,5726.136680 
1,33,1.45,5727.932989 
1,34,1.46,5727.886000 
1,35,1.46,5726.787998 
1,36,1.46,5727.909676 
1,37,1.45,5728.118401 
1,38,1.45,5728.283788 
1,39,1.44,5720.187022 
1,40,1.45,5728.175593 
1,41,1.47,5728.253187 
1,42,1.46,5728.035711 
1,43,1.45,5728.795676 
1,44,1.46,5728.367214 
1,45,1.46,5727.384472 
1,46,1.46,5728.296174 
1,47,1.46,5727.905305 
1,48,1.47,5727.312000 
1,49,1.46,5727.597893 
1,50,1.47,5727.208212 
1,51,1.47,5728.017133 
1,52,1.47,5727.375004 
1,53,1.47,5727.479526 
1,54,1.48,5726.805112 
1,55,1.48,5727.249363 
2,0,1.46,5728.013490 
2,1,1.45,5728.558119 
2,3,1.45,5729.491333 
2,4,1.45,5728.493997 
2,5,1.45,5729.645501 
2,6,1.45,5728.575243 
2,7,1.44,5727.785469 
2,8,1.45,5727.854675 
2,9,1.44,5727.965043 
2,10,1.45,5728.899521 
2,11,1.45,5728.504563 
2,12,1.47,5728.494361 
2,13,1.45,5726.212763 
2,14,1.45,5728.825554 
2,15,1.46,5727.851032 
2,16,1.46,5727.412515 
2,17,1.46,5728.364300 
2,18,1.46,5729.054386 
2,19,1.46,5728.033161 
2,20,1.47,5728.200365 
2,21,1.47,5727.607727 
2,22,1.47,5727.789111 
2,23,1.47,5727.091318 
2,24,1.47,5728.653577 
2,25,1.47,5726.868832 
2,26,1.47,5727.495915 
2,27,1.47,5728.123136 
2,28,1.47,5727.496644 
2,29,1.47,5728.737013 
2,30,1.47,5727.149218 
2,31,1.46,5728.528973 
2,32,1.54,5725.933560 
2,33,1.46,5727.811694 
2,34,1.46,5728.197086 
2,35,1.46,5726.407893 
2,36,1.45,5728.175957 
2,37,1.45,5723.155395 
2,38,1.45,5728.451007 
2,39,1.46,5728.031339 
2,40,1.46,5728.438984 
2,41,1.45,5728.247723 
2,42,1.45,5727.679842 
2,43,1.45,5728.528973 
2,44,1.46,5727.930803 
2,45,1.46,5727.711166 
2,46,1.46,5729.022320 
2,47,1.46,5728.076873 
2,48,1.47,5727.620110 
2,49,1.46,5728.033525 
2,50,1.47,5727.488996 
2,51,1.47,5727.130282 
2,52,1.47,5727.824443 
2,53,1.47,5728.141715 
2,54,1.48,5726.627430 
2,55,1.47,5727.510119 
3,0,1.46,5727.687127 
3,1,1.45,5728.989524 
3,2,1.45,5727.877258 
3,4,1.45,5729.503725 
3,5,1.44,5729.556571 
3,6,1.45,5729.142937 
3,7,1.44,5728.961102 
3,8,1.45,5728.111115 
3,9,1.44,5728.256466 
3,10,1.46,5728.434977 
3,11,1.44,5729.084996 
3,12,1.45,5728.695477 
3,13,1.45,5729.849614 
3,14,1.45,5728.190893 
3,15,1.45,5728.567592 
3,16,1.46,5728.538081 
3,17,1.46,5729.036167 
3,18,1.46,5730.172214 
3,19,1.46,5728.552654 
3,20,1.47,5728.879845 
3,21,1.46,5727.336400 
3,22,1.47,5727.266115 
3,23,1.46,5728.789846 
3,24,1.47,5728.549011 
3,25,1.47,5728.492540 
3,26,1.47,5727.474064 
3,27,1.47,5727.757059 
3,28,1.46,5728.540267 
3,29,1.46,5727.684213 
3,30,1.47,5728.716974 
3,31,1.46,5728.656127 
3,32,1.54,5726.984989 
3,33,1.45,5727.793846 
3,34,1.47,5727.841926 
3,35,1.46,5727.745403 
3,36,1.45,5728.484525 
3,37,1.44,5729.106496 
3,38,1.45,5727.812423 
3,39,1.45,5728.869278 
3,40,1.45,5728.741386 
3,41,1.45,5729.508098 
3,42,1.46,5728.395630 
3,43,1.45,5728.909724 
3,44,1.46,5727.733384 
3,45,1.46,5727.860503 
3,46,1.46,5728.890412 
3,47,1.46,5729.316765 
3,48,1.47,5728.433519 
3,49,1.46,5728.577429 
3,50,1.47,5727.431817 
3,51,1.46,5728.617506 
3,52,1.47,5727.806959 
3,53,1.47,5727.469693 
3,54,1.48,5727.003924 
3,55,1.47,5727.884543 
4,0,1.46,5723.704920 
4,1,1.45,5728.499462 
4,2,1.45,5728.000012 
4,3,1.45,5728.745029 
4,5,1.44,5728.106744 
4,6,1.45,5727.964315 
4,7,1.44,5728.616413 
4,8,1.44,5728.167579 
4,9,1.44,5727.397219 
4,10,1.45,5728.938146 
4,11,1.45,5728.034253 
4,12,1.45,5729.390381 
4,13,1.45,5727.677657 
4,14,1.45,5726.526943 
4,15,1.45,5727.468236 
4,16,1.46,5727.018125 
4,17,1.46,5728.173407 
4,18,1.46,5728.543910 
4,19,1.45,5727.743218 
4,20,1.46,5727.588788 
4,21,1.46,5726.778167 
4,22,1.46,5727.476977 
4,23,1.46,5728.590181 
4,24,1.47,5727.370633 
4,25,1.46,5728.312932 
4,26,1.47,5727.217316 
4,27,1.46,5727.722821 
4,28,1.46,5727.175437 
4,29,1.46,5727.831727 
4,30,1.47,5727.125548 
4,31,1.46,5727.505385 
4,32,1.53,5726.943842 
4,33,1.45,5728.291803 
4,34,1.46,5728.278324 
4,35,1.45,5727.246085 
4,36,1.44,5728.227322 
4,37,1.44,5728.014219 
4,38,1.44,5728.482703 
4,39,1.45,5728.819724 
4,40,1.45,5727.945009 
4,41,1.44,5729.236956 
4,42,1.45,5728.473959 
4,43,1.44,5728.791303 
4,44,1.45,5727.726099 
4,45,1.45,5727.786926 
4,46,1.45,5727.938817 
4,47,1.45,5727.495551 
4,48,1.46,5727.174709 
4,49,1.46,5728.037532 
4,50,1.46,5728.617506 
4,51,1.47,5728.913368 
4,52,1.47,5728.550468 
4,53,1.46,5727.526144 
4,54,1.48,5726.586289 
4,55,1.47,5728.114029 
5,0,1.45,5726.180728 
5,1,1.44,5728.220765 
5,2,1.45,5727.144848 
5,3,1.44,5729.312392 
5,4,1.44,5727.737026 
5,6,1.44,5728.579615 
5,7,1.44,5728.570871 
5,8,1.44,5728.739199 
5,9,1.43,5729.032887 
5,10,1.44,5728.371221 
5,11,1.45,5728.321311 
5,12,1.45,5728.550104 
5,13,1.45,5729.548917 
5,14,1.45,5727.892192 
5,15,1.44,5728.016404 
5,16,1.46,5728.024782 
5,17,1.45,5728.359564 
5,18,1.46,5728.355556 
5,19,1.45,5727.748317 
5,20,1.46,5727.367720 
5,21,1.46,5727.204206 
5,22,1.46,5727.768714 
5,23,1.46,5727.452212 
5,24,1.46,5726.835333 
5,25,1.46,5727.525780 
5,26,1.47,5727.769443 
5,27,1.46,5726.221499 
5,28,1.46,5727.636136 
5,29,1.46,5727.425262 
5,30,1.46,5727.496644 
5,31,1.46,5729.132733 
5,32,1.54,5725.734822 
5,33,1.45,5728.324590 
5,34,1.45,5727.762886 
5,35,1.45,5725.750109 
5,36,1.45,5728.604026 
5,37,1.43,5727.985442 
5,38,1.44,5728.241530 
5,39,1.45,5728.098001 
5,40,1.45,5728.354828 
5,41,1.44,5728.836485 
5,42,1.45,5727.736662 
5,43,1.44,5728.218579 
5,44,1.45,5728.585080 
5,45,1.45,5727.245721 
5,46,1.46,5729.357946 
5,47,1.46,5727.495187 
5,48,1.46,5727.009022 
5,49,1.45,5728.016769 
5,50,1.47,5727.526508 
5,51,1.46,5727.622660 
5,52,1.47,5727.074567 
5,53,1.46,5727.455854 
5,54,1.47,5726.637261 
5,55,1.47,5727.480255 
6,0,1.46,5729.594111 
6,1,1.45,5729.972088 
6,2,1.45,5728.707500 
6,3,1.45,5729.320045 
6,4,1.45,5728.532252 
6,5,1.44,5728.701306 
6,7,1.44,5729.157877 
6,8,1.44,5728.857254 
6,9,1.44,5728.958551 
6,10,1.45,5729.128725 
6,11,1.45,5729.099937 
6,12,1.45,5728.998634 
6,13,1.45,5728.175229 
6,14,1.45,5728.293989 
6,15,1.45,5728.596010 
6,16,1.46,5728.872922 
6,17,1.45,5728.601475 
6,18,1.46,5729.268296 
6,19,1.45,5729.403866 
6,20,1.47,5727.965772 
6,21,1.46,5728.222951 
6,22,1.46,5727.911498 
6,23,1.47,5728.429876 
6,24,1.47,5728.934502 
6,25,1.46,5728.210200 
6,26,1.47,5728.545368 
6,27,1.47,5729.154233 
6,28,1.46,5726.887402 
6,29,1.46,5727.873616 
6,30,1.47,5727.389935 
6,31,1.46,5727.796032 
6,32,1.53,5727.057452 
6,33,1.45,5729.732612 
6,34,1.46,5728.262295 
6,35,1.45,5728.112572 
6,36,1.45,5727.297069 
6,37,1.44,5729.064590 
6,38,1.44,5728.537352 
6,39,1.44,5729.933814 
6,40,1.45,5728.401824 
6,41,1.45,5728.973127 
6,42,1.45,5729.061674 
6,43,1.44,5729.236227 
6,44,1.46,5728.338798 
6,45,1.46,5728.173043 
6,46,1.45,5728.501648 
6,47,1.45,5728.570871 
6,48,1.46,5727.563293 
6,49,1.45,5728.505291 
6,50,1.47,5728.008391 
6,51,1.46,5728.370129 
6,52,1.47,5728.733370 
6,53,1.47,5726.830964 
6,54,1.48,5727.647062 
6,55,1.46,5728.851060 
7,0,1.45,5726.783993 
7,1,1.44,5729.071513 
7,2,1.44,5727.812058 
7,3,1.44,5728.735556 
7,4,1.44,5728.569414 
7,5,1.43,5729.326969 
7,6,1.43,5728.014219 
7,8,1.43,5729.363413 
7,9,1.43,5728.855432 
7,10,1.44,5729.002642 
7,11,1.44,5729.176098 
7,12,1.44,5728.186522 
7,13,1.44,5728.540267 
7,14,1.44,5728.904623 
7,15,1.44,5728.840493 
7,16,1.45,5727.109890 
7,17,1.44,5728.923206 
7,18,1.45,5729.149860 
7,19,1.45,5727.752688 
7,20,1.46,5728.481246 
7,21,1.45,5728.406924 
7,22,1.45,5728.121679 
7,23,1.46,5727.347690 
7,24,1.46,5728.298360 
7,25,1.46,5727.184541 
7,26,1.46,5727.525052 
7,27,1.46,5726.728649 
7,28,1.46,5727.091318 
7,29,1.45,5727.610641 
7,30,1.46,5727.874708 
7,31,1.45,5728.348634 
7,32,1.52,5727.102607 
7,33,1.44,5728.898793 
7,34,1.45,5727.856132 
7,35,1.45,5728.981508 
7,36,1.44,5728.135886 
7,37,1.43,5729.492791 
7,38,1.43,5728.469587 
7,39,1.43,5728.443356 
7,40,1.44,5728.865634 
7,41,1.44,5728.500555 
7,42,1.44,5728.625886 
7,43,1.43,5728.680538 
7,44,1.45,5728.630987 
7,45,1.45,5728.007662 
7,46,1.44,5728.824825 
7,47,1.44,5729.169903 
7,48,1.45,5727.585146 
7,49,1.45,5729.245337 
7,50,1.46,5721.472927 
7,51,1.46,5726.891772 
7,52,1.46,5726.946391 
7,53,1.46,5726.936559 
7,54,1.47,5728.595646 
7,55,1.47,5727.837920 
8,0,1.45,5728.201275 
8,1,1.45,5728.683818 
8,2,1.44,5729.502449 
8,3,1.44,5728.024418 
8,4,1.44,5729.304374 
8,5,1.44,5729.965527 
8,6,1.44,5729.290708 
8,7,1.43,5729.405688 
8,9,1.43,5728.854339 
8,10,1.45,5727.961036 
8,11,1.44,5728.862902 
8,12,1.45,5727.747771 
8,13,1.45,5729.131640 
8,14,1.45,5729.097568 
8,15,1.45,5729.277953 
8,16,1.45,5728.501284 
8,17,1.45,5726.896323 
8,18,1.45,5729.249346 
8,19,1.45,5728.386523 
8,20,1.47,5728.228962 
8,21,1.46,5727.895471 
8,22,1.46,5727.724460 
8,23,1.46,5727.419981 
8,24,1.47,5727.234796 
8,25,1.46,5727.202021 
8,26,1.47,5728.189254 
8,27,1.46,5728.534802 
8,28,1.45,5727.702242 
8,29,1.46,5728.629712 
8,30,1.46,5729.216548 
8,31,1.46,5729.509556 
8,32,1.53,5727.680206 
8,33,1.45,5727.092957 
8,34,1.45,5728.672523 
8,35,1.45,5727.011024 
8,36,1.44,5728.401642 
8,37,1.43,5728.541178 
8,38,1.44,5729.076797 
8,39,1.44,5728.599836 
8,40,1.45,5727.794211 
8,41,1.44,5727.872523 
8,42,1.44,5728.817902 
8,43,1.44,5729.371977 
8,44,1.45,5728.271948 
8,45,1.45,5727.387204 
8,46,1.45,5728.383790 
8,47,1.45,5728.561945 
8,48,1.46,5729.091009 
8,49,1.45,5729.080441 
8,50,1.46,5727.885454 
8,51,1.47,5727.752142 
8,52,1.47,5728.318215 
8,53,1.46,5728.272495 
8,54,1.48,5727.911862 
8,55,1.47,5727.777274 
9,0,1.45,5728.446635 
9,1,1.44,5729.449239 
9,2,1.44,5729.277407 
9,3,1.44,5729.469102 
9,4,1.44,5727.982528 
9,5,1.43,5728.826647 
9,6,1.44,5729.144759 
9,7,1.43,5729.181746 
9,8,1.43,5728.471591 
9,10,1.44,5729.413523 
9,11,1.43,5728.078148 
9,12,1.44,5728.812436 
9,13,1.44,5728.325501 
9,14,1.44,5728.531523 
9,15,1.45,5727.289239 
9,16,1.45,5729.485502 
9,17,1.45,5729.353755 
9,18,1.46,5728.543546 
9,19,1.45,5728.560670 
9,20,1.46,5727.527055 
9,21,1.45,5726.569541 
9,22,1.45,5728.500191 
9,23,1.45,5728.165029 
9,24,1.46,5727.565661 
9,25,1.46,5728.592003 
9,26,1.46,5728.522961 
9,27,1.46,5724.877059 
9,28,1.45,5728.867274 
9,29,1.45,5728.060299 
9,30,1.45,5728.190711 
9,31,1.45,5728.903712 
9,32,1.52,5726.251533 
9,33,1.44,5727.983256 
9,34,1.45,5727.816429 
9,35,1.45,5728.743207 
9,36,1.44,5727.558558 
9,37,1.43,5728.472320 
9,38,1.44,5727.622660 
9,39,1.43,5728.912275 
9,40,1.44,5729.503360 
9,41,1.43,5729.494795 
9,42,1.44,5728.684728 
9,43,1.43,5729.216002 
9,44,1.45,5728.093812 
9,45,1.45,5728.456654 
9,46,1.45,5729.148221 
9,47,1.45,5727.460770 
9,48,1.46,5727.999648 
9,49,1.45,5728.127326 
9,50,1.46,5727.988356 
9,51,1.47,5727.975425 
9,52,1.46,5728.671976 
9,53,1.46,5727.905670 
9,54,1.46,5727.703881 
9,55,1.46,5728.242076 
10,0,1.46,5722.102828 
10,1,1.44,5728.243169 
10,2,1.45,5728.991893 
10,3,1.45,5728.914097 
10,4,1.45,5728.440624 
10,5,1.44,5726.142504 
10,6,1.44,5724.718782 
10,7,1.44,5727.819707 
10,8,1.44,5728.282513 
10,9,1.44,5728.654487 
10,11,1.44,5728.866363 
10,12,1.45,5728.389984 
10,13,1.45,5728.418036 
10,14,1.45,5728.430787 
10,15,1.45,5727.449845 
10,16,1.45,5728.915554 
10,17,1.45,5728.205465 
10,18,1.46,5728.596010 
10,19,1.45,5728.221129 
10,20,1.47,5727.582596 
10,21,1.47,5728.077055 
10,22,1.46,5727.440011 
10,23,1.46,5727.769989 
10,24,1.47,5728.515492 
10,25,1.46,5727.742854 
10,26,1.47,5727.908948 
10,27,1.47,5726.963141 
10,28,1.46,5727.545447 
10,29,1.47,5728.357378 
10,30,1.46,5727.527601 
10,31,1.46,5728.881485 
10,32,1.53,5725.913176 
10,33,1.45,5729.180835 
10,34,1.46,5728.405649 
10,35,1.45,5728.054288 
10,36,1.45,5727.405777 
10,37,1.44,5728.568321 
10,38,1.45,5720.015018 
10,39,1.45,5727.657443 
10,40,1.45,5725.361771 
10,41,1.44,5729.153140 
10,42,1.45,5728.525694 
10,43,1.45,5728.252641 
10,44,1.46,5727.875437 
10,45,1.46,5727.445656 
10,46,1.46,5728.279599 
10,47,1.45,5728.834298 
10,48,1.46,5727.549818 
10,49,1.45,5727.994548 
10,50,1.46,5727.814790 
10,51,1.47,5728.130604 
10,52,1.47,5726.977342 
10,53,1.46,5727.104974 
10,54,1.47,5711.354669 
10,55,1.47,5726.924907 
11,0,1.46,5728.216940 
11,1,1.46,5728.795858 
11,2,1.46,5728.680356 
11,3,1.45,5728.082155 
11,4,1.46,5728.546461 
11,5,1.45,5728.207650 
11,6,1.45,5727.259742 
11,7,1.44,5728.326047 
11,8,1.44,5728.747398 
11,9,1.43,5729.178285 
11,10,1.44,5728.616960 
11,12,1.45,5727.491363 
11,13,1.44,5728.245537 
11,14,1.45,5727.739393 
11,15,1.45,5729.053475 
11,16,1.46,5728.219126 
11,17,1.45,5728.262659 
11,18,1.47,5728.633355 
11,19,1.45,5729.165894 
11,20,1.47,5726.748311 
11,21,1.47,5727.821347 
11,22,1.46,5728.514946 
11,23,1.46,5727.843565 
11,24,1.47,5728.343170 
11,25,1.46,5727.600443 
11,26,1.46,5727.853400 
11,27,1.47,5727.660356 
11,28,1.46,5727.921150 
11,29,1.46,5728.058660 
11,30,1.47,5728.375229 
11,31,1.47,5729.094835 
11,32,1.54,5726.468874 
11,33,1.46,5728.368125 
11,34,1.46,5727.581868 
11,35,1.46,5728.468676 
11,36,1.45,5728.294717 
11,37,1.44,5728.470862 
11,38,1.45,5728.701124 
11,39,1.45,5727.778548 
11,40,1.45,5728.868003 
11,41,1.44,5728.423683 
11,42,1.45,5728.311111 
11,43,1.44,5728.813712 
11,44,1.46,5728.091444 
11,45,1.46,5727.962493 
11,46,1.45,5728.982054 
11,47,1.46,5728.335337 
11,48,1.47,5727.432181 
11,49,1.46,5727.698782 
11,50,1.46,5728.235519 
11,51,1.47,5727.816429 
11,52,1.47,5727.737390 
11,53,1.47,5727.321833 
11,54,1.48,5726.581556 
11,55,1.47,5727.980342 
12,0,1.46,5728.137343 
12,1,1.45,5727.438190 
12,2,1.46,5726.639992 
12,3,1.45,5727.237891 
12,4,1.45,5727.498101 
12,5,1.45,5728.624247 
12,6,1.46,5726.791093 
12,7,1.44,5727.995641 
12,8,1.45,5728.298360 
12,9,1.44,5728.441170 
12,10,1.45,5726.878663 
12,11,1.45,5728.471045 
12,13,1.46,5727.829360 
12,14,1.45,5728.152279 
12,15,1.45,5727.575676 
12,16,1.46,5728.095269 
12,17,1.46,5727.784558 
12,18,1.47,5727.299983 
12,19,1.46,5726.907975 
12,20,1.47,5726.590294 
12,21,1.47,5727.137383 
12,22,1.47,5726.831146 
12,23,1.47,5726.749039 
12,24,1.47,5727.044161 
12,25,1.47,5727.225692 
12,26,1.48,5727.356248 
12,27,1.48,5727.508116 
12,28,1.46,5728.078330 
12,29,1.47,5726.890133 
12,30,1.47,5727.559287 
12,31,1.47,5728.269216 
12,32,1.56,5726.008909 
12,33,1.46,5727.609912 
12,34,1.47,5727.476613 
12,35,1.46,5727.267935 
12,36,1.45,5728.026968 
12,37,1.44,5727.660539 
12,38,1.45,5728.067584 
12,39,1.46,5727.822986 
12,40,1.45,5728.955090 
12,41,1.45,5726.261726 
12,42,1.46,5728.195811 
12,43,1.45,5728.619146 
12,44,1.46,5727.188729 
12,45,1.46,5727.919875 
12,46,1.46,5727.557102 
12,47,1.46,5727.336947 
12,48,1.47,5712.940965 
12,49,1.53,5725.622174 
12,50,1.47,5727.367538 
12,51,1.47,5727.768168 
12,52,1.47,5726.911616 
12,53,1.47,5727.497372 
12,54,1.48,5727.417431 
12,55,1.47,5725.959768 
13,0,1.46,5728.431880 
13,1,1.45,5727.877804 
13,2,1.45,5728.835392 
13,3,1.45,5728.445178 
13,4,1.45,5728.659953 
13,5,1.45,5729.840137 
13,6,1.45,5728.744665 
13,7,1.45,5728.024600 
13,8,1.45,5728.936506 
13,9,1.44,5728.221311 
13,10,1.44,5727.373365 
13,11,1.44,5729.897181 
13,12,1.45,5728.544457 
13,14,1.46,5728.439531 
13,15,1.45,5728.145904 
13,16,1.46,5729.193772 
13,17,1.46,5727.854311 
13,18,1.46,5728.491629 
13,19,1.46,5728.857436 
13,20,1.47,5728.060481 
13,21,1.47,5726.334353 
13,22,1.47,5729.078437 
13,23,1.47,5727.487175 
13,24,1.47,5728.261202 
13,25,1.47,5728.668515 
13,26,1.47,5727.747406 
13,27,1.47,5727.132285 
13,28,1.46,5728.274134 
13,29,1.46,5728.624975 
13,30,1.47,5728.431698 
13,31,1.47,5727.561290 
13,32,1.53,5727.538527 
13,33,1.45,5725.054450 
13,34,1.47,5727.580775 
13,35,1.46,5727.009204 
13,36,1.45,5728.051738 
13,37,1.44,5729.281598 
13,38,1.45,5728.706954 
13,39,1.46,5728.020411 
13,40,1.45,5729.253901 
13,41,1.45,5728.779097 
13,42,1.46,5728.750495 
13,43,1.44,5728.127508 
13,44,1.46,5729.427190 
13,45,1.46,5727.535067 
13,46,1.46,5728.853064 
13,47,1.46,5728.910271 
13,48,1.47,5727.858681 
13,49,1.53,5727.137383 
13,50,1.48,5728.775453 
13,51,1.47,5728.818813 
13,52,1.47,5726.713357 
13,53,1.47,5727.136109 
13,54,1.49,5727.524323 
13,55,1.47,5728.960191 
14,0,1.46,5728.091808 
14,1,1.45,5727.777456 
14,2,1.46,5727.381195 
14,3,1.46,5728.577247 
14,4,1.45,5728.887497 
14,5,1.46,5729.254812 
14,6,1.46,5728.175229 
14,7,1.45,5728.469587 
14,8,1.45,5727.603539 
14,9,1.44,5728.037532 
14,10,1.45,5728.386340 
14,11,1.45,5727.996188 
14,12,1.46,5726.786178 
14,13,1.46,5728.354099 
14,15,1.46,5729.184115 
14,16,1.47,5727.917872 
14,17,1.46,5728.215847 
14,18,1.47,5728.161022 
14,19,1.46,5727.912773 
14,20,1.48,5727.094049 
14,21,1.47,5726.993546 
14,22,1.47,5727.561472 
14,23,1.47,5727.424715 
14,24,1.48,5727.593523 
14,25,1.47,5728.190893 
14,26,1.48,5727.623570 
14,27,1.47,5727.803863 
14,28,1.47,5727.556555 
14,29,1.47,5727.913683 
14,30,1.47,5727.272123 
14,31,1.47,5727.869427 
14,32,1.54,5726.113746 
14,33,1.46,5727.734658 
14,34,1.47,5727.545083 
14,35,1.46,5728.460297 
14,36,1.45,5727.387750 
14,37,1.45,5728.081973 
14,38,1.45,5728.384155 
14,39,1.45,5727.148308 
14,40,1.46,5728.427690 
14,41,1.46,5726.871017 
14,42,1.46,5728.392716 
14,43,1.45,5728.617871 
14,44,1.46,5728.087619 
14,45,1.46,5728.079059 
14,46,1.46,5728.774725 
14,47,1.46,5727.894196 
14,48,1.47,5727.267935 
14,49,1.54,5727.145941 
14,50,1.48,5726.698611 
14,51,1.47,5728.164482 
14,52,1.47,5727.046892 
14,53,1.48,5727.617197 
14,54,1.48,5727.696232 
14,55,1.48,5726.531130 
15,0,1.45,5728.402006 
15,1,1.45,5728.536806 
15,2,1.45,5729.393115 
15,3,1.45,5727.772539 
15,4,1.45,5728.300910 
15,5,1.45,5729.576434 
15,6,1.45,5729.312756 
15,7,1.44,5728.344445 
15,8,1.45,5728.602568 
15,9,1.44,5728.864906 
15,10,1.44,5729.069327 
15,11,1.45,5729.523770 
15,12,1.46,5729.406052 
15,13,1.45,5729.117975 
15,14,1.46,5728.643011 
15,16,1.46,5728.563949 
15,17,1.45,5729.087183 
15,18,1.46,5729.858179 
15,19,1.46,5728.742843 
15,20,1.47,5728.072138 
15,21,1.46,5727.995823 
15,22,1.47,5728.745029 
15,23,1.46,5728.506202 
15,24,1.47,5729.010295 
15,25,1.46,5729.337538 
15,26,1.48,5727.244446 
15,27,1.47,5728.536806 
15,28,1.47,5728.947438 
15,29,1.46,5727.591702 
15,30,1.48,5728.608216 
15,31,1.46,5729.058759 
15,32,1.53,5727.348600 
15,33,1.45,5729.279229 
15,34,1.46,5729.403866 
15,35,1.45,5729.200696 
15,36,1.45,5728.998270 
15,37,1.45,5728.856890 
15,38,1.45,5729.303281 
15,39,1.45,5728.667968 
15,40,1.45,5728.993897 
15,41,1.45,5729.025964 
15,42,1.45,5729.013210 
15,43,1.44,5728.816991 
15,44,1.46,5728.787113 
15,45,1.45,5729.729878 
15,46,1.46,5730.073607 
15,47,1.45,5728.929765 
15,48,1.47,5728.685275 
15,49,1.53,5727.147761 
15,50,1.47,5728.123318 
15,51,1.46,5728.881303 
15,52,1.48,5728.069952 
15,53,1.47,5727.224599 
15,54,1.48,5727.231701 
15,55,1.47,5728.680903 
16,0,1.47,5726.246072 
16,1,1.47,5727.896563 
16,2,1.47,5727.287783 
16,3,1.47,5726.875932 
16,4,1.47,5727.994184 
16,5,1.47,5728.749219 
16,6,1.47,5726.995002 
16,7,1.46,5727.959944 
16,8,1.46,5727.204570 
16,9,1.46,5727.931349 
16,10,1.46,5728.072502 
16,11,1.46,5728.394902 
16,12,1.47,5728.156104 
16,13,1.47,5727.392667 
16,14,1.47,5726.850444 
16,15,1.46,5727.888550 
16,17,1.47,5726.714267 
16,18,1.48,5727.838102 
16,19,1.47,5727.307084 
16,20,1.48,5727.431089 
16,21,1.48,5726.999918 
16,22,1.48,5719.007724 
16,23,1.49,5727.227877 
16,24,1.48,5727.548543 
16,25,1.49,5727.966500 
16,26,1.49,5727.256646 
16,27,1.48,5726.902331 
16,28,1.48,5727.322015 
16,29,1.48,5728.149547 
16,30,1.48,5727.573673 
16,31,1.47,5729.180471 
16,32,1.54,5726.552611 
16,33,1.47,5727.210215 
16,34,1.47,5727.451119 
16,35,1.47,5727.838830 
16,36,1.46,5727.126094 
16,37,1.46,5727.545083 
16,38,1.46,5728.311293 
16,39,1.47,5728.233697 
16,40,1.46,5727.607909 
16,41,1.45,5728.380511 
16,42,1.46,5728.024965 
16,43,1.46,5728.734827 
16,44,1.46,5728.133154 
16,45,1.46,5727.168701 
16,46,1.46,5728.697116 
16,47,1.47,5728.142443 
16,48,1.48,5727.165241 
16,49,1.54,5725.664212 
16,50,1.47,5726.248438 
16,51,1.47,5728.020593 
16,52,1.48,5727.869427 
16,53,1.47,5726.212034 
16,54,1.49,5727.390481 
16,55,1.48,5726.812576 
17,0,1.48,5726.810937 
17,1,1.47,5727.963222 
17,2,1.46,5726.918535 
17,3,1.46,5727.988174 
17,4,1.45,5728.288888 
17,5,1.45,5728.243351 
17,6,1.46,5727.264112 
17,7,1.44,5728.429512 
17,8,1.45,5726.945662 
17,9,1.46,5728.245537 
17,10,1.45,5728.434977 
17,11,1.45,5727.317645 
17,12,1.46,5727.585510 
17,13,1.45,5728.735192 
17,14,1.46,5727.641053 
17,15,1.45,5728.034436 
17,16,1.46,5729.204522 
17,18,1.47,5728.251183 
17,19,1.46,5728.059388 
17,20,1.47,5726.249530 
17,21,1.47,5727.721000 
17,22,1.47,5727.651069 
17,23,1.47,5725.563577 
17,24,1.48,5727.793664 
17,25,1.48,5728.107108 
17,26,1.48,5727.829906 
17,27,1.47,5727.749410 
17,28,1.47,5728.235519 
17,29,1.47,5727.713715 
17,30,1.49,5726.823681 
17,31,1.47,5723.910246 
17,32,1.55,5725.312823 
17,33,1.48,5728.378872 
17,34,1.47,5727.735933 
17,35,1.47,5728.303825 
17,36,1.46,5727.303989 
17,37,1.45,5728.919198 
17,38,1.45,5728.132243 
17,39,1.46,5728.549193 
17,40,1.45,5729.093924 
17,41,1.45,5728.272495 
17,42,1.46,5728.164847 
17,43,1.45,5727.494277 
17,44,1.47,5727.973968 
17,45,1.46,5728.912093 
17,46,1.46,5728.512760 
17,47,1.47,5726.885764 
17,48,1.47,5726.472333 
17,49,1.54,5726.439566 
17,50,1.48,5727.936813 
17,51,1.47,5728.480153 
17,52,1.48,5727.385929 
17,53,1.47,5728.192715 
17,54,1.48,5727.753781 
17,55,1.48,5727.484989 
18,0,1.47,5727.492820 
18,1,1.47,5727.204934 
18,2,1.47,5726.082804 
18,3,1.47,5727.527237 
18,4,1.46,5727.324747 
18,5,1.46,5728.095087 
18,6,1.47,5727.392485 
18,7,1.45,5728.097273 
18,8,1.46,5728.485800 
18,9,1.45,5728.435159 
18,10,1.46,5727.775088 
18,11,1.46,5727.797125 
18,12,1.47,5727.136655 
18,13,1.46,5728.223497 
18,14,1.47,5727.787837 
18,15,1.47,5726.971151 
18,16,1.47,5728.089441 
18,17,1.47,5726.889951 
18,19,1.47,5726.872291 
18,20,1.48,5725.731000 
18,21,1.48,5726.963505 
18,22,1.48,5726.966236 
18,23,1.48,5726.976067 
18,24,1.48,5727.453669 
18,25,1.48,5724.923999 
18,26,1.49,5727.116626 
18,27,1.48,5726.840067 
18,28,1.48,5724.615815 
18,29,1.48,5727.522866 
18,30,1.50,5726.736113 
18,31,1.47,5724.722602 
18,32,1.54,5725.528091 
18,33,1.47,5728.342623 
18,34,1.48,5726.782537 
18,35,1.47,5727.603174 
18,36,1.46,5726.867193 
18,37,1.45,5727.343866 
18,38,1.46,5727.033237 
18,39,1.46,5728.461572 
18,40,1.46,5727.254097 
18,41,1.45,5727.833549 
18,42,1.47,5727.560015 
18,43,1.46,5727.998920 
18,44,1.47,5727.856314 
18,45,1.47,5727.398858 
18,46,1.47,5727.739393 
18,47,1.48,5727.033237 
18,48,1.48,5726.601398 
18,49,1.54,5726.546604 
18,50,1.48,5726.424640 
18,51,1.48,5727.503564 
18,52,1.48,5727.393031 
18,53,1.48,5726.917806 
18,54,1.50,5726.155427 
18,55,1.49,5728.078148 
19,0,1.47,5728.455743 
19,1,1.46,5727.993091 
19,2,1.46,5728.549011 
19,3,1.46,5728.861262 
19,4,1.46,5729.380541 
19,5,1.45,5728.361021 
19,6,1.45,5729.061857 
19,7,1.45,5729.524499 
19,8,1.45,5727.905487 
19,9,1.45,5728.599107 
19,10,1.45,5728.828469 
19,11,1.46,5728.984787 
19,12,1.46,5727.035786 
19,13,1.46,5728.648840 
19,14,1.46,5728.623336 
19,15,1.46,5729.236409 
19,16,1.47,5729.145123 
19,17,1.46,5729.584453 
19,18,1.47,5727.911680 
19,20,1.47,5728.456472 
19,21,1.47,5727.328753 
19,22,1.47,5728.421497 
19,23,1.48,5727.724278 
19,24,1.48,5728.569596 
19,25,1.48,5728.872011 
19,26,1.49,5727.375186 
19,27,1.48,5728.431516 
19,28,1.47,5727.982346 
19,29,1.47,5728.960556 
19,30,1.48,5727.554552 
19,31,1.47,5729.248435 
19,32,1.54,5727.269028 
19,33,1.46,5729.157149 
19,34,1.47,5728.660317 
19,35,1.47,5728.893327 
19,36,1.46,5728.469223 
19,37,1.45,5728.842861 
19,38,1.46,5727.869791 
19,39,1.47,5729.173001 
19,40,1.47,5728.720799 
19,41,1.46,5730.060849 
19,42,1.46,5727.637957 
19,43,1.45,5729.180835 
19,44,1.47,5729.225659 
19,45,1.46,5728.018772 
19,46,1.48,5728.306011 
19,47,1.47,5727.298162 
19,48,1.48,5726.587017 
19,49,1.54,5725.725723 
19,50,1.48,5715.024519 
19,51,1.49,5727.157776 
19,52,1.49,5728.459204 
19,53,1.48,5727.629580 
19,54,1.48,5726.973882 
19,55,1.49,5726.693149 
20,0,1.47,5727.168701 
20,1,1.47,5727.599168 
20,2,1.47,5727.514308 
20,3,1.47,5728.323315 
20,4,1.47,5727.344048 
20,5,1.46,5727.738119 
20,6,1.47,5728.245537 
20,7,1.46,5728.052467 
20,8,1.46,5726.803837 
20,9,1.45,5727.713169 
20,10,1.47,5727.425262 
20,11,1.46,5727.652526 
20,12,1.47,5727.290514 
20,13,1.47,5728.195811 
20,14,1.47,5727.037607 
20,15,1.47,5727.365353 
20,16,1.48,5727.493002 
20,17,1.47,5727.260652 
20,18,1.48,5727.658900 
20,19,1.48,5726.776893 
20,21,1.48,5727.051262 
20,22,1.48,5727.061094 
20,23,1.48,5726.841705 
20,24,1.49,5727.497190 
20,25,1.48,5727.058909 
20,26,1.49,5726.853175 
20,27,1.48,5727.312547 
20,28,1.49,5725.628543 
20,29,1.48,5727.005562 
20,30,1.49,5727.415975 
20,31,1.48,5726.994092 
20,32,1.56,5725.715350 
20,33,1.47,5719.053115 
20,34,1.48,5727.321105 
20,35,1.47,5726.833148 
20,36,1.47,5726.342181 
20,37,1.47,5727.824443 
20,38,1.46,5728.141715 
20,39,1.46,5728.307103 
20,40,1.47,5727.510666 
20,41,1.46,5727.770171 
20,42,1.47,5726.999190 
20,43,1.46,5727.910587 
20,44,1.48,5726.350918 
20,45,1.47,5727.688948 
20,46,1.47,5727.557830 
20,47,1.47,5727.088041 
20,48,1.48,5727.320559 
20,49,1.54,5725.805798 
20,50,1.48,5727.114624 
20,51,1.49,5726.776893 
20,52,1.49,5727.480073 
20,53,1.48,5727.163056 
20,54,1.49,5727.079665 
20,55,1.49,5727.183631 
21,0,1.47,5726.981347 
21,1,1.47,5728.207286 
21,2,1.46,5728.262112 
21,3,1.46,5727.971964 
21,4,1.46,5728.476692 
21,5,1.46,5727.603539 
21,6,1.46,5727.168701 
21,7,1.45,5727.727556 
21,8,1.46,5728.050281 
21,9,1.45,5727.180900 
21,10,1.46,5727.060548 
21,11,1.46,5728.774725 
21,12,1.47,5728.047549 
21,13,1.47,5728.493815 
21,14,1.46,5728.690558 
21,15,1.47,5727.745950 
21,16,1.47,5728.396906 
21,17,1.47,5729.000638 
21,18,1.48,5728.480335 
21,19,1.47,5728.338434 
21,20,1.49,5727.965590 
21,22,1.48,5727.147397 
21,23,1.48,5727.349875 
21,24,1.48,5727.677657 
21,25,1.48,5727.664727 
21,26,1.48,5725.155067 
21,27,1.48,5727.604813 
21,28,1.48,5727.161782 
21,29,1.48,5727.980524 
21,30,1.49,5727.843019 
21,31,1.48,5727.960672 
21,32,1.55,5725.263876 
21,33,1.47,5726.617418 
21,34,1.48,5728.212204 
21,35,1.47,5727.240076 
21,36,1.46,5727.885636 
21,37,1.46,5727.816611 
21,38,1.46,5727.219319 
21,39,1.46,5721.180014 
21,40,1.47,5727.503746 
21,41,1.47,5728.320583 
21,42,1.47,5726.340906 
21,43,1.46,5728.166668 
21,44,1.48,5727.140296 
21,45,1.47,5727.568574 
21,46,1.47,5727.233521 
21,47,1.47,5726.718454 
21,48,1.48,5725.523178 
21,49,1.54,5726.288301 
21,50,1.48,5726.193469 
21,51,1.48,5728.348270 
21,52,1.48,5727.411240 
21,53,1.48,5726.688416 
21,54,1.49,5726.744123 
21,55,1.49,5726.935831 
22,0,1.47,5727.197651 
22,1,1.47,5727.386475 
22,2,1.47,5727.494641 
22,3,1.47,5728.870371 
22,4,1.46,5727.798946 
22,5,1.46,5726.353102 
22,6,1.47,5727.362803 
22,7,1.46,5728.121133 
22,8,1.46,5726.749403 
22,9,1.46,5727.826810 
22,10,1.46,5727.757787 
22,11,1.46,5728.039900 
22,12,1.47,5727.871794 
22,13,1.47,5728.521139 
22,14,1.47,5727.030142 
22,15,1.47,5727.347872 
22,16,1.48,5728.154647 
22,17,1.47,5727.548725 
22,18,1.48,5728.328051 
22,19,1.48,5727.705702 
22,20,1.49,5726.626702 
22,21,1.48,5727.169065 
22,23,1.49,5727.217498 
22,24,1.49,5728.360839 
22,25,1.49,5727.562383 
22,26,1.49,5727.458949 
22,27,1.49,5726.950942 
22,28,1.48,5728.134065 
22,29,1.49,5727.399222 
22,30,1.49,5726.905972 
22,31,1.48,5728.749402 
22,32,1.55,5724.837580 
22,33,1.47,5727.466051 
22,34,1.48,5727.345141 
22,35,1.48,5728.099823 
22,36,1.47,5727.395762 
22,37,1.46,5728.098365 
22,38,1.47,5728.538992 
22,39,1.47,5727.767804 
22,40,1.47,5727.825353 
22,41,1.46,5728.386340 
22,42,1.47,5727.416885 
22,43,1.47,5727.648701 
22,44,1.48,5727.828267 
22,45,1.48,5727.624299 
22,46,1.48,5728.421315 
22,47,1.48,5727.661449 
22,48,1.48,5727.577315 
22,49,1.55,5726.829871 
22,50,1.48,5727.429814 
22,51,1.49,5727.037242 
22,52,1.49,5727.546722 
22,53,1.49,5726.835515 
22,54,1.49,5727.589516 
22,55,1.50,5726.333261 
23,0,1.47,5727.997645 
23,1,1.47,5727.858135 
23,2,1.47,5727.340588 
23,3,1.47,5727.617925 
23,4,1.47,5728.250091 
23,5,1.46,5726.626702 
23,6,1.47,5728.069223 
23,7,1.46,5728.442627 
23,8,1.46,5726.762875 
23,9,1.46,5728.703675 
23,10,1.46,5728.990800 
23,11,1.46,5726.754865 
23,12,1.47,5726.920173 
23,13,1.47,5727.073475 
23,14,1.48,5727.702606 
23,15,1.47,5726.816217 
23,16,1.48,5727.471696 
23,17,1.47,5727.546540 
23,18,1.48,5727.598804 
23,19,1.47,5728.323497 
23,20,1.49,5727.268664 
23,21,1.48,5727.499557 
23,22,1.49,5726.169443 
23,24,1.49,5727.250819 
23,25,1.48,5727.116262 
23,26,1.49,5728.142443 
23,27,1.49,5727.496644 
23,28,1.48,5727.784012 
23,29,1.49,5727.765254 
23,30,1.49,5727.378463 
23,31,1.49,5725.004234 
23,32,1.55,5724.332039 
23,33,1.47,5728.106926 
23,34,1.48,5726.381499 
23,35,1.47,5726.511106 
23,36,1.47,5727.972875 
23,37,1.46,5727.466780 
23,38,1.47,5727.183267 
23,39,1.47,5728.732094 
23,40,1.47,5728.383426 
23,41,1.46,5728.397816 
23,42,1.47,5727.754691 
23,43,1.46,5727.352606 
23,44,1.48,5726.988630 
23,45,1.48,5728.091080 
23,46,1.48,5727.410330 
23,47,1.48,5727.300893 
23,48,1.48,5726.759234 
23,49,1.55,5725.326834 
23,50,1.49,5727.498101 
23,51,1.49,5727.711348 
23,52,1.48,5727.415428 
23,53,1.49,5725.908626 
23,54,1.49,5726.568995 
23,55,1.49,5727.253004 
24,0,1.49,5729.261737 
24,1,1.48,5727.519589 
24,2,1.48,5727.240623 
24,3,1.47,5728.192715 
24,4,1.47,5728.789481 
24,5,1.47,5729.281051 
24,6,1.47,5729.375804 
24,7,1.46,5728.477238 
24,8,1.47,5727.384108 
24,9,1.46,5728.511120 
24,10,1.47,5728.942518 
24,11,1.47,5729.621082 
24,12,1.47,5726.860093 
24,13,1.47,5728.179964 
24,14,1.48,5729.253355 
24,15,1.47,5727.477341 
24,16,1.48,5727.209669 
24,17,1.47,5727.773085 
24,18,1.48,5729.080623 
24,19,1.48,5728.367578 
24,20,1.50,5725.621992 
24,21,1.49,5727.531971 
24,22,1.50,5727.976335 
24,23,1.48,5726.614687 
24,25,1.49,5727.144120 
24,26,1.50,5727.362621 
24,27,1.49,5728.243715 
24,28,1.48,5727.060730 
24,29,1.48,5727.005744 
24,30,1.49,5727.986170 
24,31,1.48,5727.840833 
24,32,1.55,5726.892136 
24,33,1.48,5728.755960 
24,34,1.48,5728.477238 
24,35,1.48,5728.305282 
24,36,1.47,5728.528973 
24,37,1.46,5728.451735 
24,38,1.47,5728.147543 
24,39,1.47,5729.362319 
24,40,1.47,5728.573421 
24,41,1.47,5728.252094 
24,42,1.48,5726.774526 
24,43,1.47,5728.854703 
24,44,1.49,5728.208743 
24,45,1.48,5727.844840 
24,46,1.48,5728.450278 
24,47,1.48,5728.726811 
24,48,1.48,5727.686398 
24,49,1.55,5726.125759 
24,50,1.49,5727.357523 
24,51,1.49,5727.756694 
24,52,1.49,5727.585146 
24,53,1.49,5727.280681 
24,54,1.49,5727.341863 
24,55,1.50,5725.954672 
25,0,1.47,5728.296174 
25,1,1.46,5728.218943 
25,2,1.47,5728.163572 
25,3,1.47,5727.777820 
25,4,1.47,5726.790547 
25,5,1.46,5727.858317 
25,6,1.46,5727.361529 
25,7,1.45,5727.290150 
25,8,1.46,5727.365171 
25,9,1.45,5727.724278 
25,10,1.46,5727.440558 
25,11,1.46,5728.653212 
25,12,1.47,5727.160143 
25,13,1.46,5727.508298 
25,14,1.47,5728.400367 
25,15,1.48,5726.245890 
25,16,1.48,5727.093867 
25,17,1.47,5728.857983 
25,18,1.47,5727.343320 
25,19,1.47,5727.696597 
25,20,1.49,5726.866283 
25,21,1.48,5726.479250 
25,22,1.49,5727.415428 
25,23,1.48,5726.147601 
25,24,1.49,5727.445656 
25,26,1.49,5727.118629 
25,27,1.48,5727.132103 
25,28,1.48,5726.609226 
25,29,1.48,5726.762511 
25,30,1.48,5727.509755 
25,31,1.49,5727.651069 
25,32,1.55,5726.715906 
25,33,1.47,5727.742125 
25,34,1.48,5728.013490 
25,35,1.47,5727.754509 
25,36,1.46,5726.986081 
25,37,1.45,5727.611005 
25,38,1.46,5727.666002 
25,39,1.47,5728.303096 
25,40,1.47,5727.110982 
25,41,1.46,5728.787659 
25,42,1.47,5727.640142 
25,43,1.46,5728.588359 
25,44,1.48,5727.386658 
25,45,1.47,5727.961765 
25,46,1.47,5727.422712 
25,47,1.48,5727.230426 
25,48,1.49,5726.841523 
25,49,1.55,5726.302317 
25,50,1.48,5727.018125 
25,51,1.48,5728.314025 
25,52,1.48,5727.905305 
25,53,1.49,5726.840067 
25,54,1.49,5727.143027 
25,55,1.49,5726.666752 
26,0,1.48,5727.001375 
26,1,1.47,5727.089497 
26,2,1.48,5727.820072 
26,3,1.47,5727.712258 
26,4,1.48,5728.570142 
26,5,1.47,5727.995277 
26,6,1.47,5727.180172 
26,7,1.46,5728.954908 
26,8,1.47,5728.385065 
26,9,1.46,5728.217851 
26,10,1.48,5728.825918 
26,11,1.47,5728.968754 
26,12,1.48,5727.632494 
26,13,1.48,5728.450278 
26,14,1.48,5728.099823 
26,15,1.48,5727.736297 
26,16,1.49,5727.974878 
26,17,1.48,5728.098001 
26,18,1.49,5728.281602 
26,19,1.48,5727.088405 
26,20,1.50,5726.954766 
26,21,1.49,5727.879444 
26,22,1.49,5727.667459 
26,23,1.49,5728.197086 
26,24,1.49,5728.362478 
26,25,1.49,5726.826594 
26,27,1.49,5727.315642 
26,28,1.49,5728.038260 
26,29,1.49,5715.262405 
26,30,1.49,5726.573910 
26,31,1.49,5728.887497 
26,32,1.56,5726.936195 
26,33,1.47,5728.401824 
26,34,1.49,5727.460952 
26,35,1.48,5727.708252 
26,36,1.47,5727.906398 
26,37,1.47,5727.511576 
26,38,1.47,5728.446635 
26,39,1.47,5728.508206 
26,40,1.48,5727.391028 
26,41,1.47,5727.829178 
26,42,1.48,5727.554188 
26,43,1.47,5729.295993 
26,44,1.48,5726.410077 
26,45,1.49,5727.969779 
26,46,1.48,5729.236956 
26,47,1.48,5727.446020 
26,48,1.49,5727.417249 
26,49,1.56,5725.915724 
26,50,1.50,5727.833184 
26,51,1.49,5728.472137 
26,52,1.50,5727.815701 
26,53,1.50,5727.073839 
26,54,1.50,5727.353153 
26,55,1.49,5727.533428 
27,0,1.48,5727.807687 
27,1,1.47,5726.983896 
27,2,1.47,5729.036167 
27,3,1.47,5727.580411 
27,4,1.48,5727.677293 
27,5,1.46,5728.268852 
27,6,1.46,5728.307103 
27,7,1.46,5728.332969 
27,8,1.46,5728.278688 
27,9,1.46,5723.621266 
27,10,1.46,5728.674344 
27,11,1.47,5727.239894 
27,12,1.47,5727.941002 
27,13,1.47,5728.327869 
27,14,1.47,5727.906762 
27,15,1.47,5727.981435 
27,16,1.48,5726.676583 
27,17,1.47,5728.491082 
27,18,1.48,5727.185634 
27,19,1.47,5728.714423 
27,20,1.49,5728.234608 
27,21,1.48,5727.471878 
27,22,1.49,5722.735049 
27,23,1.48,5727.540348 
27,24,1.49,5727.818250 
27,25,1.48,5726.131219 
27,26,1.49,5725.263512 
27,28,1.48,5727.759608 
27,29,1.48,5727.334944 
27,30,1.49,5727.231883 
27,31,1.48,5728.222586 
27,32,1.55,5726.475609 
27,33,1.47,5727.992363 
27,34,1.48,5728.090716 
27,35,1.47,5728.033525 
27,36,1.47,5728.139165 
27,37,1.46,5727.679842 
27,38,1.46,5727.723549 
27,39,1.46,5728.176686 
27,40,1.47,5726.628159 
27,41,1.47,5727.060001 
27,42,1.48,5728.129693 
27,43,1.46,5729.010295 
27,44,1.48,5728.578522 
27,45,1.47,5727.463866 
27,46,1.48,5728.822639 
27,47,1.47,5727.971600 
27,48,1.48,5726.847713 
27,49,1.55,5726.565172 
27,50,1.49,5727.700967 
27,51,1.48,5728.311475 
27,52,1.50,5727.953751 
27,53,1.49,5728.159929 
27,54,1.49,5726.500002 
27,55,1.49,5727.013755 
28,0,1.47,5727.342956 
28,1,1.46,5726.913619 
28,2,1.47,5727.686398 
28,3,1.47,5726.763239 
28,4,1.47,5728.052103 
28,5,1.46,5727.942824 
28,6,1.47,5727.140478 
28,7,1.46,5728.032796 
28,8,1.46,5728.270309 
28,9,1.46,5727.963586 
28,10,1.46,5728.987338 
28,11,1.47,5727.764708 
28,12,1.47,5727.351332 
28,13,1.47,5726.825502 
28,14,1.47,5727.334944 
28,15,1.47,5727.691862 
28,16,1.48,5727.903848 
28,17,1.47,5728.514764 
28,18,1.48,5727.411422 
28,19,1.47,5726.913983 
28,20,1.48,5726.983532 
28,21,1.48,5726.455585 
28,22,1.49,5726.486167 
28,23,1.48,5727.648519 
28,24,1.49,5728.622243 
28,25,1.49,5727.744675 
28,26,1.49,5727.163056 
28,27,1.48,5726.937287 
28,29,1.48,5727.932260 
28,30,1.49,5727.368448 
28,31,1.48,5727.491181 
28,32,1.55,5726.058415 
28,33,1.47,5728.344263 
28,34,1.48,5727.458039 
28,35,1.47,5727.106248 
28,36,1.47,5727.741761 
28,37,1.46,5727.647791 
28,38,1.46,5727.468965 
28,39,1.46,5727.059273 
28,40,1.47,5728.019683 
28,41,1.46,5727.528329 
28,42,1.48,5727.238802 
28,43,1.46,5728.267395 
28,44,1.48,5728.378143 
28,45,1.47,5727.562929 
28,46,1.47,5727.014484 
28,47,1.47,5727.361893 
28,48,1.47,5728.041175 
28,49,1.54,5726.038394 
28,50,1.49,5727.191096 
28,51,1.47,5727.495915 
28,52,1.49,5717.343298 
28,53,1.49,5726.980619 
28,54,1.49,5726.649276 
28,55,1.48,5727.612462 
29,0,1.47,5727.104063 
29,1,1.47,5727.082214 
29,2,1.46,5727.371726 
29,3,1.46,5728.283060 
29,4,1.46,5728.215301 
29,5,1.46,5728.158472 
29,6,1.46,5727.975607 
29,7,1.45,5727.160507 
29,8,1.46,5727.907491 
29,9,1.45,5727.039609 
29,10,1.46,5727.766529 
29,11,1.46,5728.345720 
29,12,1.46,5728.095815 
29,13,1.46,5728.213843 
29,14,1.46,5727.601535 
29,15,1.47,5727.535249 
29,16,1.47,5727.625209 
29,17,1.54,5726.197837 
29,18,1.47,5726.563351 
29,19,1.47,5727.153588 
29,20,1.48,5727.262473 
29,21,1.48,5727.163420 
29,22,1.48,5727.364442 
29,23,1.48,5727.394670 
29,24,1.48,5727.786926 
29,25,1.48,5727.722092 
29,26,1.49,5726.793460 
29,27,1.48,5726.115202 
29,28,1.47,5726.391146 
29,30,1.48,5726.732290 
29,31,1.48,5726.901967 
29,32,1.54,5725.358496 
29,33,1.46,5727.826992 
29,34,1.48,5727.161235 
29,35,1.47,5727.234796 
29,36,1.46,5727.788383 
29,37,1.46,5727.923518 
29,38,1.46,5727.425626 
29,39,1.46,5728.352277 
29,40,1.46,5727.403410 
29,41,1.46,5729.258457 
29,42,1.47,5727.686398 
29,43,1.46,5728.556662 
29,44,1.47,5726.849534 
29,45,1.47,5728.154829 
29,46,1.48,5728.276502 
29,47,1.47,5726.817856 
29,48,1.47,5728.138072 
29,49,1.55,5725.505163 
29,50,1.48,5726.775619 
29,51,1.48,5727.773449 
29,52,1.49,5727.421984 
29,53,1.48,5726.637625 
29,54,1.49,5727.720636 
29,55,1.48,5727.493366 
30,0,1.47,5725.347942 
30,1,1.47,5728.046639 
30,2,1.47,5728.601840 
30,3,1.47,5726.168350 
30,4,1.46,5728.331148 
30,5,1.46,5729.043819 
30,6,1.47,5727.201293 
30,7,1.46,5727.257739 
30,8,1.46,5726.968603 
30,9,1.46,5727.819343 
30,10,1.47,5727.849940 
30,11,1.46,5728.826647 
30,12,1.47,5727.259559 
30,13,1.47,5727.107341 
30,14,1.47,5727.353881 
30,15,1.47,5727.608455 
30,16,1.48,5727.259195 
30,17,1.54,5726.099185 
30,18,1.48,5727.106612 
30,19,1.47,5727.357887 
30,20,1.49,5726.544055 
30,21,1.48,5726.862278 
30,22,1.49,5726.694060 
30,23,1.48,5726.366026 
30,24,1.49,5727.522866 
30,25,1.48,5727.799674 
30,26,1.49,5727.861231 
30,27,1.48,5726.432649 
30,28,1.49,5728.064488 
30,29,1.48,5726.498910 
30,31,1.48,5727.687127 
30,32,1.55,5726.370031 
30,33,1.47,5727.185634 
30,34,1.49,5727.676928 
30,35,1.47,5727.707888 
30,36,1.47,5727.552003 
30,37,1.46,5726.712629 
30,38,1.46,5727.476249 
30,39,1.46,5728.310382 
30,40,1.47,5726.181092 
30,41,1.46,5728.658677 
30,42,1.47,5727.631765 
30,43,1.46,5727.792025 
30,44,1.48,5727.549818 
30,45,1.48,5727.200565 
30,46,1.47,5727.164149 
30,47,1.47,5728.092901 
30,48,1.48,5727.566935 
30,49,1.56,5725.778864 
30,50,1.48,5727.756330 
30,51,1.48,5727.023951 
30,52,1.50,5727.114259 
30,53,1.48,5726.570997 
30,54,1.49,5727.163056 
30,55,1.49,5727.143392 
31,0,1.47,5727.210033 
31,1,1.46,5727.118629 
31,2,1.46,5727.170703 
31,3,1.46,5726.729013 
31,4,1.46,5727.627030 
31,5,1.46,5728.225501 
31,6,1.46,5727.760701 
31,7,1.46,5727.747953 
31,8,1.46,5727.522138 
31,9,1.45,5726.950396 
31,10,1.46,5727.717358 
31,11,1.46,5728.480881 
31,12,1.46,5727.208576 
31,13,1.46,5728.313297 
31,14,1.46,5726.679132 
31,15,1.46,5727.884907 
31,16,1.47,5727.174345 
31,17,1.54,5725.304271 
31,18,1.47,5728.656127 
31,19,1.47,5727.093867 
31,20,1.48,5726.550973 
31,21,1.48,5726.516021 
31,22,1.48,5727.293792 
31,23,1.48,5727.216588 
31,24,1.48,5727.817158 
31,25,1.48,5727.814608 
31,26,1.49,5725.991073 
31,27,1.48,5727.253733 
31,28,1.48,5727.326932 
31,29,1.48,5726.127215 
31,30,1.48,5727.091682 
31,32,1.56,5725.064457 
31,33,1.47,5728.103830 
31,34,1.48,5725.930284 
31,35,1.47,5710.297749 
31,36,1.46,5727.630308 
31,37,1.45,5728.017497 
31,38,1.46,5727.341863 
31,39,1.46,5727.653254 
31,40,1.46,5728.022961 
31,41,1.46,5727.186362 
31,42,1.47,5727.797125 
31,43,1.46,5728.341712 
31,44,1.47,5727.576405 
31,45,1.47,5727.155773 
31,46,1.47,5728.010940 
31,47,1.47,5727.616832 
31,48,1.48,5725.963772 
31,49,1.54,5726.039122 
31,50,1.48,5727.044707 
31,51,1.48,5727.383380 
31,52,1.48,5724.215262 
31,53,1.48,5727.251184 
31,54,1.49,5725.512442 
31,55,1.49,5727.068013 
32,0,1.54,5726.306686 
32,1,1.54,5727.164513 
32,2,1.53,5726.937651 
32,3,1.54,5727.088041 
32,4,1.53,5727.006837 
32,5,1.53,5727.386293 
32,6,1.53,5727.004288 
32,7,1.52,5727.198744 
32,8,1.52,5727.178715 
32,9,1.52,5727.919875 
32,10,1.53,5726.400248 
32,11,1.53,5727.572398 
32,12,1.53,5726.532405 
32,13,1.54,5727.039245 
32,14,1.53,5727.072382 
32,15,1.53,5726.867740 
32,16,1.54,5726.949304 
32,17,1.61,5725.026977 
32,18,1.54,5727.297798 
32,19,1.54,5726.553157 
32,20,1.55,5726.537502 
32,21,1.54,5725.939748 
32,22,1.55,5726.596483 
32,23,1.55,5726.504735 
32,24,1.55,5726.732654 
32,25,1.56,5726.009637 
32,26,1.55,5727.433274 
32,27,1.55,5725.403987 
32,28,1.55,5726.889951 
32,29,1.55,5727.179443 
32,30,1.55,5725.920456 
32,31,1.55,5726.827322 
32,33,1.53,5726.675855 
32,34,1.54,5726.471240 
32,35,1.54,5726.414446 
32,36,1.53,5727.044343 
32,37,1.52,5726.346367 
32,38,1.53,5726.974793 
32,39,1.53,5727.127369 
32,40,1.54,5727.250819 
32,41,1.53,5727.096780 
32,42,1.53,5727.000646 
32,43,1.53,5728.322769 
32,44,1.54,5726.918717 
32,45,1.54,5726.943842 
32,46,1.54,5727.166333 
32,47,1.54,5726.062783 
32,48,1.54,5727.443107 
32,49,1.61,5725.580865 
32,50,1.55,5726.867375 
32,51,1.54,5727.364078 
32,52,1.55,5724.228722 
32,53,1.55,5725.672219 
32,54,1.56,5724.781000 
32,55,1.56,5725.847293 
33,0,1.46,5726.793096 
33,1,1.46,5726.850626 
33,2,1.46,5727.013391 
33,3,1.46,5727.872159 
33,4,1.45,5728.695841 
33,5,1.44,5728.275409 
33,6,1.45,5727.093503 
33,7,1.44,5728.784016 
33,8,1.45,5727.503564 
33,9,1.44,5728.593460 
33,10,1.45,5727.174709 
33,11,1.44,5728.575607 
33,12,1.46,5726.834605 
33,13,1.46,5727.889643 
33,14,1.45,5726.793096 
33,15,1.46,5727.368812 
33,16,1.46,5726.862642 
33,17,1.53,5726.005997 
33,18,1.47,5727.998191 
33,19,1.46,5727.087312 
33,20,1.47,5726.907065 
33,21,1.46,5727.039609 
33,22,1.47,5727.290878 
33,23,1.48,5726.461046 
33,24,1.48,5726.970787 
33,25,1.47,5726.379132 
33,26,1.48,5727.090225 
33,27,1.47,5726.664204 
33,28,1.46,5726.419907 
33,29,1.46,5727.745039 
33,30,1.47,5727.730834 
33,31,1.47,5720.358491 
33,32,1.54,5725.244225 
33,34,1.46,5727.377553 
33,35,1.46,5726.947483 
33,36,1.45,5727.964679 
33,37,1.44,5728.241165 
33,38,1.45,5726.852811 
33,39,1.45,5727.538891 
33,40,1.46,5727.637593 
33,41,1.45,5725.968140 
33,42,1.46,5728.005476 
33,43,1.45,5728.951264 
33,44,1.47,5728.254644 
33,45,1.47,5726.646363 
33,46,1.46,5728.395995 
33,47,1.46,5728.103830 
33,48,1.47,5726.895777 
33,49,1.53,5725.110672 
33,50,1.48,5727.976700 
33,51,1.46,5727.212582 
33,52,1.48,5727.265386 
33,53,1.47,5727.265022 
33,54,1.48,5726.886310 
33,55,1.47,5726.721003 
34,0,1.47,5725.823998 
34,1,1.46,5727.200200 
34,2,1.46,5727.080393 
34,3,1.46,5727.173252 
34,4,1.46,5725.987069 
34,5,1.45,5727.584782 
34,6,1.46,5727.112439 
34,7,1.45,5728.627344 
34,8,1.45,5727.771628 
34,9,1.45,5727.715536 
34,10,1.47,5727.991999 
34,11,1.46,5728.292896 
34,12,1.46,5727.078937 
34,13,1.46,5726.442115 
34,14,1.46,5728.498005 
34,15,1.46,5727.535978 
34,16,1.47,5727.632858 
34,17,1.54,5724.006458 
34,18,1.47,5727.355702 
34,19,1.47,5727.114624 
34,20,1.48,5726.970059 
34,21,1.48,5726.647455 
34,22,1.49,5726.804019 
34,23,1.47,5726.862642 
34,24,1.48,5727.185270 
34,25,1.49,5726.797829 
34,26,1.49,5726.453401 
34,27,1.48,5727.637228 
34,28,1.48,5726.857544 
34,29,1.47,5727.626302 
34,30,1.48,5726.366390 
34,31,1.48,5727.222414 
34,32,1.54,5725.805070 
34,33,1.47,5725.958312 
34,35,1.46,5727.396126 
34,36,1.46,5727.406688 
34,37,1.45,5727.078937 
34,38,1.46,5727.298526 
34,39,1.46,5726.631799 
34,40,1.46,5726.365662 
34,41,1.47,5727.463138 
34,42,1.46,5726.111562 
34,43,1.46,5720.459488 
34,44,1.46,5726.873201 
34,45,1.48,5726.502550 
34,46,1.47,5727.589881 
34,47,1.48,5727.388478 
34,48,1.49,5727.118993 
34,49,1.54,5726.623061 
34,50,1.48,5727.346962 
34,51,1.47,5727.379738 
34,52,1.49,5716.940859 
34,53,1.48,5725.939748 
34,54,1.50,5725.457122 
34,55,1.48,5726.838246 
35,0,1.46,5728.202550 
35,1,1.46,5727.118629 
35,2,1.46,5727.480983 
35,3,1.45,5727.276675 
35,4,1.45,5728.625522 
35,5,1.45,5728.688918 
35,6,1.45,5728.814258 
35,7,1.44,5727.974514 
35,8,1.45,5728.951264 
35,9,1.44,5727.652890 
35,10,1.45,5728.487803 
35,11,1.45,5728.496912 
35,12,1.46,5727.333851 
35,13,1.46,5727.734841 
35,14,1.46,5726.867011 
35,15,1.46,5728.723532 
35,16,1.47,5727.999648 
35,17,1.53,5726.088629 
35,18,1.47,5728.935595 
35,19,1.46,5727.631037 
35,20,1.47,5728.397816 
35,21,1.47,5727.338221 
35,22,1.47,5727.244629 
35,23,1.47,5727.831363 
35,24,1.47,5728.351549 
35,25,1.48,5727.734841 
35,26,1.48,5727.428539 
35,27,1.47,5728.558119 
35,28,1.47,5727.689312 
35,29,1.47,5727.362986 
35,30,1.47,5727.659446 
35,31,1.47,5728.507113 
35,32,1.54,5725.873864 
35,33,1.46,5728.070681 
35,34,1.46,5727.065099 
35,36,1.45,5729.022684 
35,37,1.45,5727.774906 
35,38,1.46,5728.100551 
35,39,1.46,5728.564313 
35,40,1.46,5728.221129 
35,41,1.45,5728.457200 
35,42,1.46,5727.460224 
35,43,1.45,5728.570507 
35,44,1.46,5727.784376 
35,45,1.46,5728.699485 
35,46,1.46,5727.875437 
35,47,1.46,5727.529786 
35,48,1.47,5727.832456 
35,49,1.54,5726.025654 
35,50,1.47,5728.619693 
35,51,1.47,5728.291074 
35,52,1.47,5727.519953 
35,53,1.48,5727.352060 
35,54,1.48,5727.451483 
35,55,1.48,5727.481347 
36,0,1.45,5727.698418 
36,1,1.45,5728.266666 
36,2,1.45,5728.384701 
36,3,1.45,5728.387251 
36,4,1.44,5728.922842 
36,5,1.44,5728.579615 
36,6,1.45,5728.184700 
36,7,1.44,5729.305832 
36,8,1.44,5728.483432 
36,9,1.44,5729.003007 
36,10,1.45,5728.129329 
36,11,1.44,5728.119129 
36,12,1.45,5727.469693 
36,13,1.45,5727.994548 
36,14,1.45,5727.943916 
36,15,1.45,5728.560670 
36,16,1.45,5728.259744 
36,17,1.52,5725.335568 
36,18,1.46,5727.628851 
36,19,1.45,5727.822257 
36,20,1.47,5727.095688 
36,21,1.46,5727.840833 
36,22,1.47,5726.727193 
36,23,1.47,5727.496280 
36,24,1.47,5725.378876 
36,25,1.47,5727.124456 
36,26,1.47,5727.330938 
36,27,1.46,5727.651797 
36,28,1.46,5726.582648 
36,29,1.46,5727.950473 
36,30,1.47,5727.405231 
36,31,1.47,5728.665964 
36,32,1.53,5726.598303 
36,33,1.45,5729.040904 
36,34,1.46,5728.528608 
36,35,1.45,5727.387022 
36,37,1.44,5727.935903 
36,38,1.44,5727.660903 
36,39,1.45,5728.727540 
36,40,1.45,5727.313093 
36,41,1.44,5729.364871 
36,42,1.45,5727.521774 
36,43,1.44,5728.374500 
36,44,1.45,5727.757787 
36,45,1.45,5728.429876 
36,46,1.45,5728.341712 
36,47,1.46,5728.566863 
36,48,1.46,5727.263201 
36,49,1.53,5726.800014 
36,50,1.47,5727.835370 
36,51,1.46,5727.343684 
36,52,1.47,5728.355192 
36,53,1.47,5728.397088 
36,54,1.47,5726.796373 
36,55,1.47,5727.747953 
37,0,1.44,5727.269392 
37,1,1.45,5727.687127 
37,2,1.44,5728.573057 
37,3,1.44,5728.218943 
37,4,1.44,5728.401095 
37,5,1.44,5728.816809 
37,6,1.44,5728.753409 
37,7,1.43,5729.094471 
37,8,1.44,5728.307832 
37,9,1.44,5729.114148 
37,10,1.44,5728.587995 
37,11,1.44,5728.604390 
37,12,1.45,5728.190165 
37,13,1.45,5728.213843 
37,14,1.46,5728.696934 
37,15,1.45,5728.321311 
37,16,1.46,5728.242258 
37,17,1.53,5726.012549 
37,18,1.45,5728.237887 
37,19,1.45,5728.436434 
37,20,1.46,5727.081850 
37,21,1.47,5729.046370 
37,22,1.47,5726.902331 
37,23,1.46,5727.731927 
37,24,1.47,5728.875473 
37,25,1.47,5728.254280 
37,26,1.48,5728.438256 
37,27,1.46,5727.400497 
37,28,1.46,5727.661995 
37,29,1.46,5728.296539 
37,30,1.46,5725.474955 
37,31,1.46,5729.212540 
37,32,1.53,5726.823317 
37,33,1.45,5727.705338 
37,34,1.46,5728.374136 
37,35,1.45,5727.742854 
37,36,1.44,5728.052467 
37,38,1.44,5722.204250 
37,39,1.45,5729.509920 
37,40,1.45,5727.629944 
37,41,1.45,5728.253551 
37,42,1.45,5728.003291 
37,43,1.44,5728.886768 
37,44,1.45,5728.353006 
37,45,1.45,5728.377415 
37,46,1.45,5729.564225 
37,47,1.45,5728.018954 
37,48,1.46,5728.996083 
37,49,1.53,5726.727193 
37,50,1.47,5728.243715 
37,51,1.45,5727.465323 
37,52,1.47,5729.232583 
37,53,1.46,5727.408145 
37,54,1.47,5727.883450 
37,55,1.48,5727.289422 
38,0,1.45,5728.102737 
38,1,1.45,5728.750859 
38,2,1.45,5727.482076 
38,3,1.44,5729.080988 
38,4,1.44,5728.979321 
38,5,1.44,5730.040982 
38,6,1.44,5729.224565 
38,7,1.43,5729.172089 
38,8,1.44,5728.845958 
38,9,1.43,5729.046734 
38,10,1.45,5729.989585 
38,11,1.44,5730.073789 
38,12,1.45,5729.991407 
38,13,1.45,5727.820800 
38,14,1.45,5728.814987 
38,15,1.45,5728.848873 
38,16,1.45,5728.118765 
38,17,1.52,5726.806568 
38,18,1.46,5728.298360 
38,19,1.45,5728.348999 
38,20,1.46,5727.371726 
38,21,1.46,5727.310180 
38,22,1.47,5723.205579 
38,23,1.46,5727.491181 
38,24,1.47,5727.703881 
38,25,1.46,5728.851424 
38,26,1.47,5727.828449 
38,27,1.46,5727.455854 
38,28,1.46,5728.429876 
38,29,1.46,5729.111962 
38,30,1.47,5728.218943 
38,31,1.46,5728.335884 
38,32,1.53,5726.412626 
38,33,1.45,5727.828449 
38,34,1.45,5729.144394 
38,35,1.45,5728.394538 
38,36,1.45,5728.200729 
38,37,1.44,5729.140386 
38,39,1.44,5729.145852 
38,40,1.45,5727.819707 
38,41,1.44,5728.811708 
38,42,1.45,5728.847051 
38,43,1.44,5729.033251 
38,44,1.45,5727.996006 
38,45,1.45,5728.589817 
38,46,1.45,5728.792396 
38,47,1.45,5728.884946 
38,48,1.46,5727.271213 
38,49,1.52,5727.494094 
38,50,1.46,5725.584868 
38,51,1.46,5728.446999 
38,52,1.47,5726.376948 
38,53,1.46,5727.918783 
38,54,1.48,5727.618653 
38,55,1.47,5727.839012 
39,0,1.45,5728.058660 
39,1,1.45,5727.726099 
39,2,1.45,5727.546540 
39,3,1.44,5727.931167 
39,4,1.44,5728.368307 
39,5,1.44,5728.008391 
39,6,1.44,5727.320012 
39,7,1.44,5727.343320 
39,8,1.44,5727.244993 
39,9,1.44,5727.996734 
39,10,1.44,5729.024142 
39,11,1.44,5728.361385 
39,12,1.46,5727.426718 
39,13,1.45,5727.714079 
39,14,1.45,5727.864509 
39,15,1.45,5728.238615 
39,16,1.45,5728.239344 
39,17,1.52,5725.905896 
39,18,1.45,5728.166486 
39,19,1.46,5728.519136 
39,20,1.46,5727.621203 
39,21,1.46,5726.672214 
39,22,1.46,5727.329117 
39,23,1.46,5727.664545 
39,24,1.46,5727.990542 
39,25,1.46,5727.607727 
39,26,1.48,5726.481070 
39,27,1.46,5727.382651 
39,28,1.46,5727.385929 
39,29,1.46,5727.599714 
39,30,1.46,5727.578590 
39,31,1.46,5728.008026 
39,32,1.53,5726.083896 
39,33,1.45,5728.062302 
39,34,1.45,5727.685306 
39,35,1.45,5727.482440 
39,36,1.45,5727.934081 
39,37,1.44,5727.919147 
39,38,1.44,5728.576336 
39,40,1.45,5728.259744 
39,41,1.45,5727.356066 
39,42,1.45,5726.800378 
39,43,1.44,5728.784016 
39,44,1.45,5727.557830 
39,45,1.45,5727.412151 
39,46,1.45,5727.399040 
39,47,1.45,5727.215131 
39,48,1.46,5728.515128 
39,49,1.52,5726.525487 
39,50,1.46,5727.407416 
39,51,1.45,5727.851761 
39,52,1.46,5727.399404 
39,53,1.47,5725.387246 
39,54,1.47,5727.133924 
39,55,1.47,5726.960592 
40,0,1.45,5726.798558 
40,1,1.45,5726.741029 
40,2,1.46,5728.391441 
40,3,1.45,5728.387251 
40,4,1.45,5728.655945 
40,5,1.45,5729.165166 
40,6,1.45,5728.895513 
40,7,1.44,5728.722986 
40,8,1.45,5727.793482 
40,9,1.45,5729.083174 
40,10,1.45,5729.253537 
40,11,1.44,5729.127996 
40,12,1.46,5727.437098 
40,13,1.45,5728.915554 
40,14,1.46,5729.396212 
40,15,1.46,5728.682360 
40,16,1.47,5728.665236 
40,17,1.53,5726.420453 
40,18,1.47,5728.474141 
40,19,1.46,5727.898931 
40,20,1.47,5728.167032 
40,21,1.47,5727.176894 
40,22,1.47,5727.681481 
40,23,1.47,5726.721003 
40,24,1.47,5727.997280 
40,25,1.47,5728.783651 
40,26,1.48,5728.330783 
40,27,1.47,5727.583871 
40,28,1.47,5726.708806 
40,29,1.47,5727.687309 
40,30,1.47,5727.129918 
40,31,1.46,5729.841230 
40,32,1.54,5726.533497 
40,33,1.46,5727.305991 
40,34,1.47,5727.930985 
40,35,1.47,5727.765618 
40,36,1.45,5728.505655 
40,37,1.45,5728.080698 
40,38,1.45,5728.529155 
40,39,1.45,5728.022233 
40,41,1.44,5729.088822 
40,42,1.45,5727.618107 
40,43,1.45,5727.913865 
40,44,1.45,5728.717338 
40,45,1.45,5727.478434 
40,46,1.46,5728.224044 
40,47,1.46,5728.556298 
40,48,1.46,5727.975060 
40,49,1.53,5725.824180 
40,50,1.48,5728.302368 
40,51,1.46,5728.065763 
40,52,1.47,5727.200382 
40,53,1.47,5728.037896 
40,54,1.48,5727.030142 
40,55,1.47,5727.586056 
41,0,1.45,5728.559577 
41,1,1.44,5728.281420 
41,2,1.44,5727.498101 
41,3,1.44,5728.875290 
41,4,1.44,5728.042814 
41,5,1.44,5728.950171 
41,6,1.44,5727.925704 
41,7,1.44,5728.448274 
41,8,1.44,5728.145175 
41,9,1.43,5728.273588 
41,10,1.44,5728.343534 
41,11,1.44,5728.717885 
41,12,1.45,5727.123909 
41,13,1.44,5727.986353 
41,14,1.45,5727.349875 
41,15,1.45,5727.153770 
41,16,1.46,5727.717722 
41,17,1.52,5725.773222 
41,18,1.45,5727.986353 
41,19,1.45,5727.932807 
41,20,1.46,5727.345687 
41,21,1.46,5726.771249 
41,22,1.46,5726.901785 
41,23,1.46,5727.486628 
41,24,1.46,5727.916597 
41,25,1.46,5726.765606 
41,26,1.47,5727.017033 
41,27,1.46,5726.696608 
41,28,1.46,5725.886604 
41,29,1.46,5727.160325 
41,30,1.47,5727.263019 
41,31,1.46,5728.253734 
41,32,1.53,5726.286117 
41,33,1.45,5728.017133 
41,34,1.45,5728.131697 
41,35,1.45,5727.268664 
41,36,1.44,5728.686368 
41,37,1.44,5727.631219 
41,38,1.44,5727.815154 
41,39,1.44,5728.049006 
41,40,1.44,5728.756142 
41,42,1.45,5728.288706 
41,43,1.44,5727.701149 
41,44,1.45,5727.297798 
41,45,1.45,5728.057020 
41,46,1.45,5727.803135 
41,47,1.46,5728.235701 
41,48,1.45,5727.394123 
41,49,1.52,5726.560257 
41,50,1.46,5727.073293 
41,51,1.45,5726.286845 
41,52,1.46,5727.900024 
41,53,1.47,5727.238802 
41,54,1.47,5726.803291 
41,55,1.46,5727.106066 
42,0,1.46,5727.029413 
42,1,1.45,5727.781098 
42,2,1.45,5727.021584 
42,3,1.45,5727.938635 
42,4,1.48,5728.637910 
42,5,1.45,5729.185573 
42,6,1.46,5729.023048 
42,7,1.44,5728.437709 
42,8,1.45,5726.653827 
42,9,1.44,5728.859805 
42,10,1.45,5729.133462 
42,11,1.44,5727.621567 
42,12,1.46,5727.564568 
42,13,1.45,5727.437644 
42,14,1.46,5727.735569 
42,15,1.46,5728.022050 
42,16,1.46,5727.052172 
42,17,1.53,5726.407347 
42,18,1.47,5728.043542 
42,19,1.46,5727.502471 
42,20,1.47,5727.483351 
42,21,1.47,5727.057088 
42,22,1.47,5726.706621 
42,23,1.47,5727.256646 
42,24,1.47,5726.970787 
42,25,1.47,5727.266479 
42,26,1.48,5727.116991 
42,27,1.47,5727.030142 
42,28,1.46,5727.370633 
42,29,1.47,5727.410694 
42,30,1.47,5726.636715 
42,31,1.47,5727.041430 
42,32,1.53,5726.301771 
42,33,1.46,5727.803863 
42,34,1.46,5726.996641 
42,35,1.46,5727.176166 
42,36,1.45,5726.979344 
42,37,1.44,5727.674197 
42,38,1.45,5727.314368 
42,39,1.45,5727.843930 
42,40,1.45,5727.554370 
42,41,1.45,5729.102852 
42,43,1.45,5728.037168 
42,44,1.46,5727.806048 
42,45,1.46,5727.573127 
42,46,1.46,5727.394852 
42,47,1.47,5727.069833 
42,48,1.46,5726.256265 
42,49,1.54,5726.059689 
42,50,1.47,5728.421315 
42,51,1.46,5727.227331 
42,52,1.47,5726.218587 
42,53,1.48,5727.598804 
42,54,1.48,5727.082032 
42,55,1.47,5727.632858 
43,0,1.45,5728.071045 
43,1,1.44,5727.917872 
43,2,1.45,5727.847936 
43,3,1.44,5728.481063 
43,4,1.45,5729.336627 
43,5,1.44,5729.682495 
43,6,1.44,5728.475234 
43,7,1.43,5728.732641 
43,8,1.44,5728.400367 
43,9,1.43,5728.366121 
43,10,1.44,5728.581437 
43,11,1.44,5727.931349 
43,12,1.45,5728.203097 
43,13,1.44,5727.762522 
43,14,1.45,5728.814076 
43,15,1.45,5729.057119 
43,16,1.46,5728.245719 
43,17,1.52,5727.346233 
43,18,1.46,5728.650662 
43,19,1.45,5726.878845 
43,20,1.46,5728.019683 
43,21,1.46,5727.510119 
43,22,1.46,5728.140986 
43,23,1.46,5727.209304 
43,24,1.46,5727.465141 
43,25,1.46,5728.239344 
43,26,1.47,5727.477341 
43,27,1.46,5727.237163 
43,28,1.46,5727.493730 
43,29,1.46,5727.934264 
43,30,1.46,5727.987081 
43,31,1.46,5729.449421 
43,32,1.53,5726.079346 
43,33,1.45,5728.892416 
43,34,1.45,5728.051192 
43,35,1.45,5727.709709 
43,36,1.44,5728.553019 
43,37,1.44,5729.326058 
43,38,1.44,5727.165241 
43,39,1.44,5728.996448 
43,40,1.44,5728.829015 
43,41,1.44,5728.955090 
43,42,1.45,5728.586538 
43,44,1.45,5727.265022 
43,45,1.45,5728.738289 
43,46,1.45,5728.932316 
43,47,1.46,5729.171178 
43,48,1.46,5728.232240 
43,49,1.52,5727.322562 
43,50,1.46,5727.634861 
43,51,1.46,5727.671829 
43,52,1.46,5727.175255 
43,53,1.47,5727.820982 
43,54,1.47,5726.892136 
43,55,1.47,5728.155922 
44,0,1.46,5728.346084 
44,1,1.45,5728.758146 
44,2,1.45,5727.063279 
44,3,1.46,5726.974065 
44,4,1.45,5728.070316 
44,5,1.45,5728.835756 
44,6,1.45,5728.910088 
44,7,1.44,5726.946755 
44,8,1.45,5727.832092 
44,9,1.44,5727.555645 
44,10,1.45,5729.110869 
44,11,1.44,5729.120343 
44,12,1.46,5728.437163 
44,13,1.46,5728.037896 
44,14,1.45,5727.312365 
44,15,1.46,5713.964065 
44,16,1.47,5728.167943 
44,17,1.53,5726.552429 
44,18,1.47,5728.163936 
44,19,1.46,5727.693683 
44,20,1.47,5727.004652 
44,21,1.47,5728.430241 
44,22,1.48,5727.338585 
44,23,1.48,5727.738483 
44,24,1.47,5727.510483 
44,25,1.47,5726.483255 
44,26,1.49,5728.510027 
44,27,1.47,5728.707500 
44,28,1.47,5727.514854 
44,29,1.47,5726.367482 
44,30,1.47,5728.416396 
44,31,1.47,5727.902756 
44,32,1.54,5726.434469 
44,33,1.47,5726.601944 
44,34,1.46,5726.716998 
44,35,1.46,5727.146305 
44,36,1.45,5728.183243 
44,37,1.45,5728.337705 
44,38,1.46,5728.559941 
44,39,1.45,5728.233515 
44,40,1.46,5728.132243 
44,41,1.45,5728.182150 
44,42,1.46,5728.571235 
44,43,1.47,5728.303825 
44,45,1.47,5727.878351 
44,46,1.47,5727.659810 
44,47,1.47,5726.983896 
44,48,1.47,5726.712993 
44,49,1.54,5726.359837 
44,50,1.48,5728.350456 
44,51,1.47,5727.339678 
44,52,1.48,5727.598986 
44,53,1.48,5727.656168 
44,54,1.49,5727.270849 
44,55,1.48,5727.657989 
45,0,1.46,5728.366121 
45,1,1.45,5728.252094 
45,2,1.46,5728.754503 
45,3,1.46,5728.454286 
45,4,1.46,5728.839764 
45,5,1.45,5729.100301 
45,6,1.45,5728.947620 
45,7,1.45,5729.166623 
45,8,1.45,5728.674344 
45,9,1.45,5729.142572 
45,10,1.45,5729.300730 
45,11,1.45,5729.030701 
45,12,1.46,5728.196722 
45,13,1.46,5729.010295 
45,14,1.46,5728.656856 
45,15,1.46,5729.203794 
45,16,1.47,5729.083903 
45,17,1.53,5726.652553 
45,18,1.47,5728.338798 
45,19,1.46,5729.448328 
45,20,1.47,5728.366850 
45,21,1.47,5728.821546 
45,22,1.47,5728.509299 
45,23,1.47,5728.397816 
45,24,1.48,5729.353573 
45,25,1.47,5728.036803 
45,26,1.48,5728.260837 
45,27,1.47,5727.973786 
45,28,1.47,5727.994184 
45,29,1.47,5728.342805 
45,30,1.47,5727.643420 
45,31,1.47,5728.638274 
45,32,1.54,5726.485075 
45,33,1.46,5727.950837 
45,34,1.47,5728.029154 
45,35,1.46,5728.127143 
45,36,1.45,5729.080988 
45,37,1.45,5728.448457 
45,38,1.45,5729.649510 
45,39,1.45,5729.066047 
45,40,1.46,5729.499716 
45,41,1.45,5729.147674 
45,42,1.46,5729.390017 
45,43,1.45,5727.433274 
45,44,1.46,5726.791639 
45,46,1.46,5729.082445 
45,47,1.46,5728.440077 
45,48,1.46,5728.520593 
45,49,1.53,5726.301589 
45,50,1.47,5729.689967 
45,51,1.46,5724.672937 
45,52,1.47,5728.151186 
45,53,1.48,5727.822621 
45,54,1.48,5727.978157 
45,55,1.47,5727.887457 
46,0,1.46,5726.534953 
46,1,1.46,5728.306739 
46,2,1.45,5726.459590 
46,3,1.46,5728.165757 
46,4,1.46,5728.821546 
46,5,1.45,5728.789117 
46,6,1.46,5727.961036 
46,7,1.44,5728.024054 
46,8,1.45,5728.033889 
46,9,1.44,5727.147033 
46,10,1.45,5728.136250 
46,11,1.45,5728.367214 
46,12,1.46,5728.000012 
46,13,1.46,5728.268123 
46,14,1.46,5728.201093 
46,15,1.46,5727.987992 
46,16,1.46,5727.876894 
46,17,1.53,5726.688962 
46,18,1.47,5728.797862 
46,19,1.46,5726.534225 
46,20,1.47,5727.652526 
46,21,1.47,5727.396126 
46,22,1.47,5727.239530 
46,23,1.47,5727.598622 
46,24,1.48,5728.041539 
46,25,1.47,5726.702434 
46,26,1.48,5727.266479 
46,27,1.47,5726.463595 
46,28,1.47,5727.641599 
46,29,1.47,5726.751588 
46,30,1.47,5727.668551 
46,31,1.47,5729.015396 
46,32,1.54,5725.574313 
46,33,1.46,5727.625938 
46,34,1.46,5726.820040 
46,35,1.46,5727.422348 
46,36,1.45,5728.012762 
46,37,1.45,5728.961831 
46,38,1.45,5726.664568 
46,39,1.45,5727.610276 
46,40,1.45,5728.096908 
46,41,1.45,5727.147033 
46,42,1.46,5728.179236 
46,43,1.45,5728.145722 
46,44,1.46,5727.955937 
46,45,1.46,5728.124593 
46,47,1.46,5727.301075 
46,48,1.47,5727.792025 
46,49,1.53,5725.704248 
46,50,1.47,5728.911182 
46,51,1.46,5720.018469 
46,52,1.47,5727.620110 
46,53,1.48,5726.990086 
46,54,1.48,5727.460588 
46,55,1.47,5727.521045 
47,0,1.46,5727.255554 
47,1,1.46,5727.010842 
47,2,1.46,5726.855724 
47,3,1.46,5726.030750 
47,4,1.45,5727.707888 
47,5,1.45,5728.065216 
47,6,1.45,5727.198015 
47,7,1.45,5728.370857 
47,8,1.45,5726.362750 
47,9,1.44,5727.580775 
47,10,1.45,5727.549818 
47,11,1.45,5728.133700 
47,12,1.46,5727.462045 
47,13,1.46,5728.366485 
47,14,1.46,5727.269028 
47,15,1.46,5726.656194 
47,16,1.47,5726.948939 
47,17,1.53,5725.660208 
47,18,1.48,5728.178507 
47,19,1.46,5726.794552 
47,20,1.48,5727.684577 
47,21,1.47,5726.387141 
47,22,1.48,5726.421363 
47,23,1.47,5725.920456 
47,24,1.48,5726.662747 
47,25,1.48,5726.974793 
47,26,1.49,5725.720263 
47,27,1.47,5726.035846 
47,28,1.47,5726.619785 
47,29,1.47,5727.535613 
47,30,1.47,5726.970059 
47,31,1.48,5727.693319 
47,32,1.54,5724.664933 
47,33,1.46,5727.663816 
47,34,1.46,5726.470512 
47,35,1.47,5726.919809 
47,36,1.46,5727.393577 
47,37,1.45,5727.656532 
47,38,1.45,5726.099913 
47,39,1.46,5727.439101 
47,40,1.46,5727.056724 
47,41,1.45,5727.354974 
47,42,1.46,5727.696961 
47,43,1.45,5727.560015 
47,44,1.46,5727.220594 
47,45,1.46,5727.327296 
47,46,1.46,5726.646363 
47,48,1.48,5727.260652 
47,49,1.54,5725.867677 
47,50,1.48,5727.531243 
47,51,1.47,5726.956222 
47,52,1.48,5726.767244 
47,53,1.48,5726.094817 
47,54,1.48,5726.639809 
47,55,1.47,5727.529786 
48,0,1.47,5727.341499 
48,1,1.46,5727.863417 
48,2,1.47,5728.507477 
48,3,1.46,5728.637181 
48,4,1.46,5728.556662 
48,5,1.46,5728.909724 
48,6,1.46,5728.037896 
48,7,1.45,5728.388708 
48,8,1.45,5728.069952 
48,9,1.45,5727.340770 
48,10,1.46,5727.440558 
48,11,1.45,5729.066047 
48,12,1.46,5728.460115 
48,13,1.46,5727.246085 
48,14,1.46,5727.535249 
48,15,1.46,5727.985078 
48,16,1.47,5717.125197 
48,17,1.54,5725.079740 
48,18,1.48,5727.669280 
48,19,1.47,5727.985806 
48,20,1.48,5727.298890 
48,21,1.47,5727.118993 
48,22,1.48,5727.367720 
48,23,1.47,5727.659446 
48,24,1.48,5727.534521 
48,25,1.48,5726.577187 
48,26,1.49,5727.391756 
48,27,1.47,5725.187455 
48,28,1.47,5727.541077 
48,29,1.47,5726.207302 
48,30,1.48,5727.983985 
48,31,1.48,5727.932624 
48,32,1.54,5725.640190 
48,33,1.46,5726.698429 
48,34,1.47,5727.841198 
48,35,1.47,5726.988630 
48,36,1.46,5727.302168 
48,37,1.45,5728.049917 
48,38,1.46,5726.717362 
48,39,1.46,5728.627344 
48,40,1.46,5728.150457 
48,41,1.45,5726.835697 
48,42,1.46,5727.415793 
48,43,1.45,5727.500650 
48,44,1.47,5726.828415 
48,45,1.47,5727.018853 
48,46,1.47,5727.159050 
48,47,1.47,5726.784357 
48,49,1.54,5724.988041 
48,50,1.48,5726.659470 
48,51,1.47,5727.975971 
48,52,1.48,5726.945298 
48,53,1.48,5727.271213 
48,54,1.49,5726.479978 
48,55,1.48,5727.891100 
49,0,1.53,5725.729727 
49,1,1.47,5727.846661 
49,2,1.46,5727.740668 
49,3,1.46,5727.819343 
49,4,1.45,5728.228051 
49,5,1.45,5727.623024 
49,6,1.46,5728.018954 
49,7,1.45,5727.843019 
49,8,1.46,5727.431817 
49,9,1.45,5728.552290 
49,10,1.46,5727.739211 
49,11,1.46,5727.775999 
49,12,1.46,5727.544354 
49,13,1.46,5726.968603 
49,14,1.46,5726.563351 
49,15,1.46,5727.967229 
49,16,1.47,5727.417978 
49,17,1.55,5725.531003 
49,18,1.47,5727.407052 
49,19,1.47,5728.019683 
49,20,1.48,5728.398545 
49,21,1.47,5727.412151 
49,22,1.48,5727.220229 
49,23,1.47,5727.515946 
49,24,1.47,5726.960227 
49,25,1.47,5728.440441 
49,26,1.48,5727.747953 
49,27,1.48,5727.596436 
49,28,1.47,5728.077602 
49,29,1.48,5727.504292 
49,30,1.47,5727.879808 
49,31,1.47,5727.456582 
49,32,1.54,5725.466221 
49,33,1.46,5728.138800 
49,34,1.46,5727.513033 
49,35,1.47,5727.066920 
49,36,1.45,5727.509755 
49,37,1.45,5727.810966 
49,38,1.45,5726.870288 
49,39,1.45,5728.354099 
49,40,1.45,5727.973057 
49,41,1.45,5728.197086 
49,42,1.46,5727.443107 
49,43,1.45,5728.295081 
49,44,1.46,5727.572763 
49,45,1.46,5728.530794 
49,46,1.46,5727.741761 
49,47,1.46,5727.497372 
49,48,1.47,5727.822986 
49,50,1.47,5727.290150 
49,51,1.47,5727.451119 
49,52,1.47,5726.827687 
49,53,1.48,5726.735567 
49,54,1.48,5726.768336 
49,55,1.48,5727.136837 
50,0,1.47,5726.358381 
50,1,1.47,5727.924247 
50,2,1.47,5727.559651 
50,3,1.47,5727.981435 
50,4,1.46,5726.881212 
50,5,1.46,5728.855068 
50,6,1.46,5727.938088 
50,7,1.46,5728.880574 
50,8,1.46,5728.142079 
50,9,1.46,5727.960672 
50,10,1.46,5729.023048 
50,11,1.46,5729.339724 
50,12,1.47,5727.865966 
50,13,1.47,5726.742485 
50,14,1.47,5728.284881 
50,15,1.47,5727.466051 
50,16,1.48,5727.749046 
50,17,1.54,5726.060599 
50,18,1.48,5728.188343 
50,19,1.47,5728.579615 
50,20,1.48,5728.482703 
50,21,1.48,5726.988266 
50,22,1.49,5727.531971 
50,23,1.48,5727.386658 
50,24,1.49,5728.135886 
50,25,1.48,5728.200000 
50,26,1.49,5727.545447 
50,27,1.49,5727.225328 
50,28,1.48,5728.230601 
50,29,1.48,5726.887038 
50,30,1.49,5727.339678 
50,31,1.48,5728.069223 
50,32,1.56,5724.566334 
50,33,1.47,5727.676564 
50,34,1.48,5728.277959 
50,35,1.48,5727.518860 
50,36,1.46,5727.898749 
50,37,1.46,5727.894742 
50,38,1.47,5726.376584 
50,39,1.47,5725.660936 
50,40,1.47,5727.934446 
50,41,1.47,5728.265937 
50,42,1.49,5728.461208 
50,43,1.46,5727.605542 
50,44,1.47,5726.427188 
50,45,1.47,5727.388114 
50,46,1.48,5729.121437 
50,47,1.47,5727.936267 
50,48,1.48,5727.660174 
50,49,1.48,5727.947559 
50,51,1.48,5727.792025 
50,52,1.49,5727.051626 
50,53,1.49,5726.843344 
50,54,1.49,5727.027957 
50,55,1.49,5727.459860 
51,0,1.46,5726.635440 
51,1,1.46,5727.903848 
51,2,1.47,5726.896869 
51,3,1.47,5727.166333 
51,4,1.46,5727.002467 
51,5,1.46,5727.494094 
51,6,1.46,5726.411898 
51,7,1.45,5728.208015 
51,8,1.46,5727.261016 
51,9,1.45,5727.303260 
51,10,1.46,5727.593158 
51,11,1.46,5728.487075 
51,12,1.47,5725.870952 
51,13,1.46,5727.931532 
51,14,1.47,5726.580099 
51,15,1.47,5727.701332 
51,16,1.48,5727.905670 
51,17,1.54,5725.092841 
51,18,1.48,5726.668209 
51,19,1.48,5726.834241 
51,20,1.49,5727.377917 
51,21,1.48,5726.808389 
51,22,1.49,5726.580099 
51,23,1.48,5726.075524 
51,24,1.49,5726.944934 
51,25,1.48,5727.436916 
51,26,1.49,5727.106248 
51,27,1.48,5727.360800 
51,28,1.48,5726.604857 
51,29,1.48,5727.324382 
51,30,1.49,5726.594298 
51,31,1.48,5727.617197 
51,32,1.55,5725.018243 
51,33,1.46,5728.213479 
51,34,1.48,5726.735203 
51,35,1.48,5727.397219 
51,36,1.46,5727.905305 
51,37,1.46,5727.832456 
51,38,1.46,5727.892192 
51,39,1.46,5728.250273 
51,40,1.46,5727.513397 
51,41,1.46,5726.920902 
51,42,1.47,5727.605542 
51,43,1.46,5727.274855 
51,44,1.47,5727.029413 
51,45,1.47,5726.246618 
51,46,1.47,5727.785469 
51,47,1.48,5727.439101 
51,48,1.48,5727.349511 
51,49,1.47,5725.876776 
51,50,1.49,5726.513473 
51,52,1.48,5726.192377 
51,53,1.48,5727.034147 
51,54,1.49,5727.303989 
51,55,1.48,5727.441286 
52,0,1.47,5727.542898 
52,1,1.47,5728.235701 
52,2,1.47,5727.266843 
52,3,1.47,5727.719907 
52,4,1.47,5726.739572 
52,5,1.47,5727.786926 
52,6,1.47,5727.144120 
52,7,1.46,5727.752324 
52,8,1.46,5726.404980 
52,9,1.46,5728.246265 
52,10,1.47,5727.271213 
52,11,1.46,5728.452828 
52,12,1.47,5726.926363 
52,13,1.47,5727.715172 
52,14,1.47,5726.548788 
52,15,1.47,5726.822953 
52,16,1.48,5726.638717 
52,17,1.55,5725.333385 
52,18,1.48,5727.725735 
52,19,1.48,5727.375368 
52,20,1.49,5727.510848 
52,21,1.48,5727.255554 
52,22,1.49,5725.845837 
52,23,1.48,5727.653254 
52,24,1.49,5727.070926 
52,25,1.48,5727.621203 
52,26,1.50,5726.367118 
52,27,1.48,5726.938380 
52,28,1.49,5726.441751 
52,29,1.48,5726.263000 
52,30,1.50,5726.841523 
52,31,1.48,5727.633951 
52,32,1.55,5725.567398 
52,33,1.47,5727.353881 
52,34,1.48,5727.750867 
52,35,1.47,5727.041430 
52,36,1.47,5727.041794 
52,37,1.46,5727.077844 
52,38,1.47,5727.946830 
52,39,1.47,5728.426597 
52,40,1.47,5727.824807 
52,41,1.46,5727.026136 
52,42,1.47,5727.463502 
52,43,1.46,5726.138500 
52,44,1.48,5727.543262 
52,45,1.47,5727.917690 
52,46,1.47,5727.033419 
52,47,1.48,5726.971151 
52,48,1.48,5727.496280 
52,49,1.47,5727.494094 
52,50,1.49,5726.696244 
52,51,1.48,5726.874294 
52,53,1.49,5726.620513 
52,54,1.50,5726.138136 
52,55,1.49,5726.343455 
53,0,1.48,5726.904152 
53,1,1.47,5727.696597 
53,2,1.47,5729.047463 
53,3,1.47,5728.215301 
53,4,1.46,5728.542817 
53,5,1.46,5728.946162 
53,6,1.46,5727.686034 
53,7,1.46,5726.741757 
53,8,1.46,5727.762158 
53,9,1.46,5728.040810 
53,10,1.46,5729.399492 
53,11,1.46,5729.774163 
53,12,1.47,5727.535613 
53,13,1.47,5728.152643 
53,14,1.47,5728.002927 
53,15,1.47,5727.767257 
53,16,1.48,5728.154100 
53,17,1.54,5726.821133 
53,18,1.48,5728.104922 
53,19,1.47,5727.570213 
53,20,1.48,5727.908219 
53,21,1.48,5726.913619 
53,22,1.49,5727.960672 
53,23,1.48,5727.679842 
53,24,1.49,5727.814608 
53,25,1.48,5727.180172 
53,26,1.49,5726.298677 
53,27,1.48,5727.922425 
53,28,1.48,5727.244629 
53,29,1.48,5727.894742 
53,30,1.48,5727.158686 
53,31,1.48,5727.769807 
53,32,1.55,5726.734475 
53,33,1.47,5726.797465 
53,34,1.47,5728.647383 
53,35,1.48,5727.318191 
53,36,1.46,5727.217316 
53,37,1.46,5728.645925 
53,38,1.47,5727.149946 
53,39,1.47,5728.696934 
53,40,1.47,5728.409474 
53,41,1.47,5728.864177 
53,42,1.48,5728.904623 
53,43,1.47,5728.872193 
53,44,1.47,5727.587331 
53,45,1.47,5727.421255 
53,46,1.47,5727.193281 
53,47,1.47,5728.708958 
53,48,1.48,5727.714444 
53,49,1.47,5727.788747 
53,50,1.48,5727.138293 
53,51,1.48,5726.913255 
53,52,1.48,5726.130127 
53,54,1.50,5726.877935 
53,55,1.49,5726.434834 
54,0,1.49,5726.806204 
54,1,1.48,5726.149785 
54,2,1.48,5726.817856 
54,3,1.48,5727.304717 
54,4,1.48,5727.905305 
54,5,1.48,5727.499922 
54,6,1.48,5727.252640 
54,7,1.47,5728.185065 
54,8,1.48,5726.737388 
54,9,1.47,5727.325475 
54,10,1.48,5726.372943 
54,11,1.47,5727.613919 
54,12,1.48,5727.985442 
54,13,1.48,5726.884853 
54,14,1.48,5727.311272 
54,15,1.48,5727.035968 
54,16,1.50,5726.143232 
54,17,1.56,5725.717351 
54,18,1.49,5726.590294 
54,19,1.48,5727.698053 
54,20,1.50,5726.997733 
54,21,1.50,5725.584504 
54,22,1.50,5726.246618 
54,23,1.50,5726.664204 
54,24,1.50,5727.396491 
54,25,1.50,5726.208394 
54,26,1.51,5726.726464 
54,27,1.49,5727.147761 
54,28,1.50,5726.488352 
54,29,1.49,5726.674034 
54,30,1.50,5726.422819 
54,31,1.50,5727.464230 
54,32,1.56,5724.826482 
54,33,1.49,5727.492273 
54,34,1.49,5727.180172 
54,35,1.49,5726.653645 
54,36,1.48,5727.784376 
54,37,1.47,5727.341135 
54,38,1.48,5727.088405 
54,39,1.47,5726.571725 
54,40,1.48,5726.267369 
54,41,1.48,5727.244993 
54,42,1.48,5726.184004 
54,43,1.48,5726.591386 
54,44,1.49,5726.260816 
54,45,1.48,5723.064848 
54,46,1.49,5727.638321 
54,47,1.49,5726.774162 
54,48,1.50,5727.208576 
54,49,1.49,5727.065464 
54,50,1.50,5726.962776 
54,51,1.50,5726.336902 
54,52,1.50,5725.609253 
54,53,1.50,5725.110672 
54,55,1.50,5728.343170 
55,0,1.47,5727.134652 
55,1,1.47,5728.941425 
55,2,1.47,5727.273398 
55,3,1.48,5728.401095 
55,4,1.47,5728.979321 
55,5,1.47,5728.921749 
55,6,1.47,5727.796760 
55,7,1.46,5726.545511 
55,8,1.46,5728.843043 
55,9,1.46,5728.764705 
55,10,1.46,5728.616413 
55,11,1.47,5728.787659 
55,12,1.47,5727.919511 
55,13,1.47,5729.122165 
55,14,1.47,5727.008293 
55,15,1.48,5728.423318 
55,16,1.48,5728.945798 
55,17,1.55,5726.599396 
55,18,1.48,5728.831019 
55,19,1.48,5728.786202 
55,20,1.49,5728.378872 
55,21,1.49,5727.821893 
55,22,1.49,5727.021766 
55,23,1.49,5727.694047 
55,24,1.49,5727.571670 
55,25,1.49,5728.959645 
55,26,1.50,5726.997733 
55,27,1.49,5728.389801 
55,28,1.48,5728.164300 
55,29,1.48,5728.645561 
55,30,1.49,5728.073959 
55,31,1.49,5728.064488 
55,32,1.56,5723.223035 
55,33,1.48,5726.786906 
55,34,1.48,5728.967297 
55,35,1.48,5728.150093 
55,36,1.47,5728.910088 
55,37,1.47,5729.279593 
55,38,1.47,5729.082810 
55,39,1.47,5728.073230 
55,40,1.47,5727.726827 
55,41,1.47,5728.927214 
55,42,1.47,5729.131276 
55,43,1.47,5727.101150 
55,44,1.48,5727.521410 
55,45,1.48,5728.470316 
55,46,1.48,5728.446999 
55,47,1.48,5727.902756 
55,48,1.49,5726.602308 
55,49,1.48,5726.571725 
55,50,1.49,5728.189436 
55,51,1.49,5727.919147 
55,52,1.49,5726.920173 
55,53,1.49,5728.336976 
55,54,1.50,5727.165241 
