#------------------------------------------------------------
#    Intel(R) MPI Benchmarks 2019 Update 5, MPI-1 part    
#------------------------------------------------------------
# Date                  : Wed Oct  7 10:05:22 2020
# Machine               : x86_64
# System                : Linux
# Release               : 3.10.0-1127.8.2.el7.x86_64
# Version               : #1 SMP Tue May 12 16:57:42 UTC 2020
# MPI Version           : 3.1
# MPI Thread Environment: 


# Calling sequence was: 

# /alaska/steveb/spack/opt/spack/linux-centos7-broadwell/gcc-9.3.0/intel-mpi-benchmarks-2019.5-dwg5q6jdcxgwtiwi2lj32w4ttotvwqnt/bin/IMB-MPI1 biband -npmin 1 

# Minimum message length in bytes:   0
# Maximum message length in bytes:   4194304
#
# MPI_Datatype                   :   MPI_BYTE 
# MPI_Datatype for reductions    :   MPI_FLOAT 
# MPI_Op                         :   MPI_SUM  
# 
# 

# List of Benchmarks to run:

# Biband

#---------------------------------------------------
# Benchmarking Biband 
# #processes = 2 
# ( 14 additional processes waiting in MPI_Barrier)
#---------------------------------------------------
       #bytes #repetitions   Mbytes/sec      Msg/sec
            0         1000         0.00      6626008
            1         1000         7.95      7953017
            2         1000        20.21     10106363
            4         1000        41.83     10458522
            8         1000        81.19     10148903
           16         1000       166.90     10431303
           32         1000       321.29     10040209
           64         1000       630.84      9856835
          128         1000       614.61      4801615
          256         1000      1040.69      4065212
          512         1000      1888.62      3688713
         1024         1000      3078.37      3006224
         2048         1000      5523.00      2696777
         4096         1000      3441.65       840247
         8192         1000      4261.41       520192
        16384         1000      9243.30       564166
        32768         1000     14020.62       427875
        65536          640     17037.80       259976
       131072          320     18567.26       141657
       262144          160     17708.20        67551
       524288           80     17447.71        33279
      1048576           40     17680.55        16861
      2097152           20     17951.12         8560
      4194304           10     17427.54         4155

#---------------------------------------------------
# Benchmarking Biband 
# #processes = 4 
# ( 12 additional processes waiting in MPI_Barrier)
#---------------------------------------------------
       #bytes #repetitions   Mbytes/sec      Msg/sec
            0         1000         0.00     17450653
            1         1000        16.03     16032296
            2         1000        35.15     17575700
            4         1000        67.74     16934351
            8         1000       141.25     17656663
           16         1000       281.08     17567802
           32         1000       536.30     16759393
           64         1000      1106.77     17293245
          128         1000       667.39      5213950
          256         1000      1106.18      4321023
          512         1000      1887.70      3686908
         1024         1000      3385.30      3305955
         2048         1000      5172.88      2525820
         4096         1000      6831.60      1667872
         8192         1000      8536.33      1042032
        16384         1000     18142.04      1107302
        32768         1000     25832.03       788331
        65536          640     33012.35       503728
       131072          320     36390.30       277636
       262144          160     34740.82       132526
       524288           80     33482.16        63862
      1048576           40     34087.28        32508
      2097152           20     34150.13        16284
      4194304           10     32794.90         7819

#---------------------------------------------------
# Benchmarking Biband 
# #processes = 8 
# ( 8 additional processes waiting in MPI_Barrier)
#---------------------------------------------------
       #bytes #repetitions   Mbytes/sec      Msg/sec
            0         1000         0.00     33815705
            1         1000        34.19     34186676
            2         1000        66.97     33484811
            4         1000       135.98     33995746
            8         1000       274.84     34354999
           16         1000       527.49     32968338
           32         1000      1009.43     31544632
           64         1000      2107.61     32931462
          128         1000      1327.01     10367245
          256         1000      2175.64      8498603
          512         1000      3485.43      6807471
         1024         1000      6086.05      5943410
         2048         1000     10192.34      4976728
         4096         1000     13372.93      3264875
         8192         1000     16351.78      1996067
        16384         1000     34046.42      2078029
        32768         1000     51971.71      1586051
        65536          640     65746.38      1003210
       131072          320     71486.29       545397
       262144          160     69862.44       266504
       524288           80     64509.53       123042
      1048576           40     69908.80        66670
      2097152           20     70850.26        33784
      4194304           10     58895.06        14042

#---------------------------------------------------
# Benchmarking Biband 
# #processes = 16 
#---------------------------------------------------
       #bytes #repetitions   Mbytes/sec      Msg/sec
            0         1000         0.00     48281729
            1         1000        48.44     48444132
            2         1000        97.45     48724663
            4         1000       192.78     48195811
            8         1000       378.74     47342504
           16         1000       740.00     46250101
           32         1000      1371.09     42846651
           64         1000      2322.77     36293270
          128         1000      3410.07     26641184
          256         1000      3691.03     14418086
          512         1000      4624.84      9032884
         1024         1000      5311.28      5186796
         2048         1000      5741.44      2803438
         4096         1000      5869.84      1433067
         8192         1000      5994.27       731722
        16384         1000      6017.80       367297
        32768         1000      6003.94       183226
        65536          640      5997.12        91509
       131072          320      6099.20        46533
       262144          160      6112.41        23317
       524288           80      6119.38        11672
      1048576           40      6122.42         5839
      2097152           20      6124.63         2920
      4194304           10      6125.04         1460


# All processes entering MPI_Finalize

