2020-08-19T17:33:21+01:00|reframe 3.0-dev6 (rev: 3f0c45d4)|Gromacs_3000k_4 on alaska:roce-gcc9-openmpi4-ucx using gromacs|jobid=5045|ns_per_day=2.626|ns/day|ref=0 (l=None, u=None)|num_procs=128,num_nodes=4,3000k-atoms
2020-08-19T17:33:21+01:00|reframe 3.0-dev6 (rev: 3f0c45d4)|Gromacs_3000k_4 on alaska:roce-gcc9-openmpi4-ucx using gromacs|jobid=5045|hour_per_ns=9.138|hour/ns|ref=0 (l=None, u=None)|num_procs=128,num_nodes=4,3000k-atoms
2020-08-19T17:33:21+01:00|reframe 3.0-dev6 (rev: 3f0c45d4)|Gromacs_3000k_4 on alaska:roce-gcc9-openmpi4-ucx using gromacs|jobid=5045|core_t=168451.157|s|ref=0 (l=None, u=None)|num_procs=128,num_nodes=4,3000k-atoms
2020-08-19T17:33:21+01:00|reframe 3.0-dev6 (rev: 3f0c45d4)|Gromacs_3000k_4 on alaska:roce-gcc9-openmpi4-ucx using gromacs|jobid=5045|wall_t=658.012|s|ref=0 (l=None, u=None)|num_procs=128,num_nodes=4,3000k-atoms
2020-08-19T17:33:21+01:00|reframe 3.0-dev6 (rev: 3f0c45d4)|Gromacs_3000k_4 on alaska:roce-gcc9-openmpi4-ucx using gromacs|jobid=5045|runtime_real=669.192|s|ref=0 (l=None, u=None)|num_procs=128,num_nodes=4,3000k-atoms
2020-09-08T17:24:14+01:00|reframe 3.0-dev6 (rev: 3f0c45d4)|Gromacs_3000k_4 on alaska:roce-gcc9-openmpi4-ucx using gromacs|jobid=5234|ns_per_day=2.626|ns/day|ref=0 (l=None, u=None)|3000k-atoms,num_nodes=4,num_procs=128
2020-09-08T17:24:14+01:00|reframe 3.0-dev6 (rev: 3f0c45d4)|Gromacs_3000k_4 on alaska:roce-gcc9-openmpi4-ucx using gromacs|jobid=5234|hour_per_ns=9.139|hour/ns|ref=0 (l=None, u=None)|3000k-atoms,num_nodes=4,num_procs=128
2020-09-08T17:24:14+01:00|reframe 3.0-dev6 (rev: 3f0c45d4)|Gromacs_3000k_4 on alaska:roce-gcc9-openmpi4-ucx using gromacs|jobid=5234|core_t=168460.157|s|ref=0 (l=None, u=None)|3000k-atoms,num_nodes=4,num_procs=128
2020-09-08T17:24:14+01:00|reframe 3.0-dev6 (rev: 3f0c45d4)|Gromacs_3000k_4 on alaska:roce-gcc9-openmpi4-ucx using gromacs|jobid=5234|wall_t=658.047|s|ref=0 (l=None, u=None)|3000k-atoms,num_nodes=4,num_procs=128
2020-09-08T17:24:14+01:00|reframe 3.0-dev6 (rev: 3f0c45d4)|Gromacs_3000k_4 on alaska:roce-gcc9-openmpi4-ucx using gromacs|jobid=5234|runtime_real=669.401|s|ref=0 (l=None, u=None)|3000k-atoms,num_nodes=4,num_procs=128
2020-09-10T10:32:54+01:00|reframe 3.0-dev6 (rev: 3f0c45d4)|Gromacs_3000k_4 on alaska:roce-gcc9-openmpi4-ucx using gromacs|jobid=5316|ns_per_day=2.367|ns/day|ref=0 (l=None, u=None)|3000k-atoms,num_nodes=4,num_procs=128
2020-09-10T10:32:54+01:00|reframe 3.0-dev6 (rev: 3f0c45d4)|Gromacs_3000k_4 on alaska:roce-gcc9-openmpi4-ucx using gromacs|jobid=5316|hour_per_ns=10.139|hour/ns|ref=0 (l=None, u=None)|3000k-atoms,num_nodes=4,num_procs=128
2020-09-10T10:32:54+01:00|reframe 3.0-dev6 (rev: 3f0c45d4)|Gromacs_3000k_4 on alaska:roce-gcc9-openmpi4-ucx using gromacs|jobid=5316|core_t=186900.207|s|ref=0 (l=None, u=None)|3000k-atoms,num_nodes=4,num_procs=128
2020-09-10T10:32:54+01:00|reframe 3.0-dev6 (rev: 3f0c45d4)|Gromacs_3000k_4 on alaska:roce-gcc9-openmpi4-ucx using gromacs|jobid=5316|wall_t=730.079|s|ref=0 (l=None, u=None)|3000k-atoms,num_nodes=4,num_procs=128
2020-09-10T10:32:54+01:00|reframe 3.0-dev6 (rev: 3f0c45d4)|Gromacs_3000k_4 on alaska:roce-gcc9-openmpi4-ucx using gromacs|jobid=5316|runtime_real=741.826|s|ref=0 (l=None, u=None)|3000k-atoms,num_nodes=4,num_procs=128
2020-09-10T15:22:29+01:00|reframe 3.0-dev6 (rev: 3f0c45d4)|Gromacs_3000k_4 on alaska:roce-gcc9-openmpi4-ucx using gromacs|jobid=6410|ns_per_day=2.22|ns/day|ref=0 (l=None, u=None)|num_procs=128,3000k-atoms,num_nodes=4
2020-09-10T15:22:29+01:00|reframe 3.0-dev6 (rev: 3f0c45d4)|Gromacs_3000k_4 on alaska:roce-gcc9-openmpi4-ucx using gromacs|jobid=6410|hour_per_ns=10.809|hour/ns|ref=0 (l=None, u=None)|num_procs=128,3000k-atoms,num_nodes=4
2020-09-10T15:22:29+01:00|reframe 3.0-dev6 (rev: 3f0c45d4)|Gromacs_3000k_4 on alaska:roce-gcc9-openmpi4-ucx using gromacs|jobid=6410|core_t=199250.272|s|ref=0 (l=None, u=None)|num_procs=128,3000k-atoms,num_nodes=4
2020-09-10T15:22:29+01:00|reframe 3.0-dev6 (rev: 3f0c45d4)|Gromacs_3000k_4 on alaska:roce-gcc9-openmpi4-ucx using gromacs|jobid=6410|wall_t=778.321|s|ref=0 (l=None, u=None)|num_procs=128,3000k-atoms,num_nodes=4
2020-09-10T15:22:29+01:00|reframe 3.0-dev6 (rev: 3f0c45d4)|Gromacs_3000k_4 on alaska:roce-gcc9-openmpi4-ucx using gromacs|jobid=6410|runtime_real=789.737|s|ref=0 (l=None, u=None)|num_procs=128,3000k-atoms,num_nodes=4
