#------------------------------------------------------------
#    Intel(R) MPI Benchmarks 2019 Update 5, MPI-1 part    
#------------------------------------------------------------
# Date                  : Fri Sep 11 15:08:38 2020
# Machine               : x86_64
# System                : Linux
# Release               : 3.10.0-1127.8.2.el7.x86_64
# Version               : #1 SMP Tue May 12 16:57:42 UTC 2020
# MPI Version           : 3.1
# MPI Thread Environment: 


# Calling sequence was: 

# /alaska/steveb/spack/opt/spack/linux-centos7-broadwell/gcc-9.3.0/intel-mpi-benchmarks-2019.5-dwg5q6jdcxgwtiwi2lj32w4ttotvwqnt/bin/IMB-MPI1 biband -npmin 32 

# Minimum message length in bytes:   0
# Maximum message length in bytes:   4194304
#
# MPI_Datatype                   :   MPI_BYTE 
# MPI_Datatype for reductions    :   MPI_FLOAT 
# MPI_Op                         :   MPI_SUM  
# 
# 

# List of Benchmarks to run:

# Biband

#---------------------------------------------------
# Benchmarking Biband 
# #processes = 32 
#---------------------------------------------------
       #bytes #repetitions   Mbytes/sec      Msg/sec
            0         1000         0.00     72729267
            1         1000        97.64     97636347
            2         1000       180.79     90393545
            4         1000       331.59     82896424
            8         1000       622.50     77812239
           16         1000      1152.61     72038084
           32         1000      2743.91     85747102
           64         1000      5450.16     85158822
          128         1000      9274.08     72453762
          256         1000     12010.31     46915263
          512         1000     15005.65     29307907
         1024         1000     18056.19     17633002
         2048         1000     19757.10      9647021
         4096         1000     20118.54      4911752
         8192         1000     20293.61      2477247
        16384         1000     20609.80      1257923
        32768         1000     20692.00       631470
        65536          640     20065.57       306176
       131072          320     19975.19       152399
       262144          160     20477.20        78114
       524288           80     13390.46        25540
      1048576           40     12863.80        12268
      2097152           20     13082.20         6238
      4194304           10     13921.52         3319


# All processes entering MPI_Finalize

