#------------------------------------------------------------
#    Intel(R) MPI Benchmarks 2019 Update 5, MPI-1 part    
#------------------------------------------------------------
# Date                  : Wed Oct  7 10:09:53 2020
# Machine               : x86_64
# System                : Linux
# Release               : 3.10.0-1127.8.2.el7.x86_64
# Version               : #1 SMP Tue May 12 16:57:42 UTC 2020
# MPI Version           : 3.1
# MPI Thread Environment: 


# Calling sequence was: 

# /alaska/steveb/spack/opt/spack/linux-centos7-broadwell/gcc-9.3.0/intel-mpi-benchmarks-2019.5-dwg5q6jdcxgwtiwi2lj32w4ttotvwqnt/bin/IMB-MPI1 biband -npmin 1 

# Minimum message length in bytes:   0
# Maximum message length in bytes:   4194304
#
# MPI_Datatype                   :   MPI_BYTE 
# MPI_Datatype for reductions    :   MPI_FLOAT 
# MPI_Op                         :   MPI_SUM  
# 
# 

# List of Benchmarks to run:

# Biband

#---------------------------------------------------
# Benchmarking Biband 
# #processes = 2 
# ( 62 additional processes waiting in MPI_Barrier)
#---------------------------------------------------
       #bytes #repetitions   Mbytes/sec      Msg/sec
            0         1000         0.00      5566595
            1         1000         5.71      5709768
            2         1000        11.52      5761004
            4         1000        21.92      5481122
            8         1000        45.16      5645225
           16         1000        92.17      5760778
           32         1000       182.37      5699178
           64         1000       349.74      5464745
          128         1000       461.94      3608890
          256         1000       808.97      3160057
          512         1000      1495.95      2921780
         1024         1000      2401.37      2345086
         2048         1000      4518.80      2206447
         4096         1000      6638.78      1620796
         8192         1000      8291.70      1012171
        16384         1000      7405.83       452016
        32768         1000     10687.14       326146
        65536          640     13449.29       205220
       131072          320     17126.44       130664
       262144          160     16799.23        64084
       524288           80     17920.48        34181
      1048576           40     17041.17        16252
      2097152           20     17991.84         8579
      4194304           10     17122.25         4082

#---------------------------------------------------
# Benchmarking Biband 
# #processes = 4 
# ( 60 additional processes waiting in MPI_Barrier)
#---------------------------------------------------
       #bytes #repetitions   Mbytes/sec      Msg/sec
            0         1000         0.00     16790347
            1         1000        16.51     16507230
            2         1000        35.19     17592759
            4         1000        69.46     17364403
            8         1000       138.32     17289635
           16         1000       276.47     17279579
           32         1000       522.63     16332071
           64         1000      1036.47     16194869
          128         1000       670.97      5241915
          256         1000      1124.00      4390610
          512         1000      1823.76      3562033
         1024         1000      3056.61      2984975
         2048         1000      5128.32      2504064
         4096         1000      6675.33      1629720
         8192         1000      8157.97       995845
        16384         1000     17489.43      1067470
        32768         1000     24313.79       741998
        65536          640     25956.58       396066
       131072          320     28925.90       220687
       262144          160     30528.47       116457
       524288           80     33339.65        63590
      1048576           40     33813.18        32247
      2097152           20     34209.89        16313
      4194304           10     32691.40         7794

#---------------------------------------------------
# Benchmarking Biband 
# #processes = 8 
# ( 56 additional processes waiting in MPI_Barrier)
#---------------------------------------------------
       #bytes #repetitions   Mbytes/sec      Msg/sec
            0         1000         0.00     34064251
            1         1000        34.80     34797398
            2         1000        69.85     34927296
            4         1000       142.83     35706477
            8         1000       279.83     34978385
           16         1000       554.22     34638743
           32         1000      1057.46     33045570
           64         1000      2161.19     33768668
          128         1000      1361.32     10635301
          256         1000      2232.29      8719899
          512         1000      3898.01      7613310
         1024         1000      6982.46      6818804
         2048         1000     10606.26      5178839
         4096         1000     13930.56      3401016
         8192         1000     17259.15      2106830
        16384         1000     36502.64      2227944
        32768         1000     51880.34      1583262
        65536          640     69881.13      1066301
       131072          320     73567.25       561274
       262144          160     70846.03       270256
       524288           80     66249.88       126362
      1048576           40     68683.32        65502
      2097152           20     61746.09        29443
      4194304           10     52414.16        12497

#---------------------------------------------------
# Benchmarking Biband 
# #processes = 16 
# ( 48 additional processes waiting in MPI_Barrier)
#---------------------------------------------------
       #bytes #repetitions   Mbytes/sec      Msg/sec
            0         1000         0.00     46376595
            1         1000        46.24     46238068
            2         1000       103.34     51671106
            4         1000       209.69     52422592
            8         1000       418.37     52295726
           16         1000       835.79     52237124
           32         1000      1993.44     62294929
           64         1000      4182.09     65345129
          128         1000      2597.87     20295831
          256         1000      4283.37     16731933
          512         1000      6753.35     13190127
         1024         1000     12296.41     12008213
         2048         1000     19817.03      9676285
         4096         1000     26205.22      6397758
         8192         1000     32123.23      3921292
        16384         1000     68937.90      4207635
        32768         1000    101284.03      3090943
        65536          640    101337.73      1546291
       131072          320    109717.89       837081
       262144          160    120340.86       459064
       524288           80    131249.02       250338
      1048576           40    125018.73       119227
      2097152           20     92045.39        43891
      4194304           10     45593.73        10870

#---------------------------------------------------
# Benchmarking Biband 
# #processes = 32 
# ( 32 additional processes waiting in MPI_Barrier)
#---------------------------------------------------
       #bytes #repetitions   Mbytes/sec      Msg/sec
            0         1000         0.00     86780499
            1         1000        89.00     88998669
            2         1000       170.40     85197823
            4         1000       349.81     87451369
            8         1000       703.00     87875464
           16         1000      1339.18     83698674
           32         1000      2684.26     83883038
           64         1000      5573.29     87082620
          128         1000      4713.51     36824273
          256         1000      7113.10     27785556
          512         1000     12056.00     23546867
         1024         1000     18931.30     18487600
         2048         1000     31477.65     15369945
         4096         1000     37942.07      9263200
         8192         1000     43807.60      5347607
        16384         1000    140915.96      8600828
        32768         1000    205123.29      6259866
        65536          640    224647.48      3427849
       131072          320    245460.99      1872719
       262144          160    246015.01       938473
       524288           80    256815.31       489836
      1048576           40    202176.52       192811
      2097152           20     59495.14        28369
      4194304           10     48546.91        11574

#---------------------------------------------------
# Benchmarking Biband 
# #processes = 64 
#---------------------------------------------------
       #bytes #repetitions   Mbytes/sec      Msg/sec
            0         1000         0.00     64081579
            1         1000        64.08     64080311
            2         1000       128.15     64077444
            4         1000       246.18     61546125
            8         1000       473.75     59218491
           16         1000       880.29     55018238
           32         1000      1535.20     47975048
           64         1000      2463.72     38495684
          128         1000      3508.83     27412750
          256         1000      4456.40     17407810
          512         1000      5206.33     10168614
         1024         1000      5662.22      5529510
         2048         1000      5912.94      2887176
         4096         1000      5932.80      1448437
         8192         1000      5999.91       732410
        16384          898      6020.16       367441
        32768          448      6007.32       183329
        65536          226      6070.96        92636
       131072          114      6100.38        46542
       262144           57      6113.66        23322
       524288           29      6120.10        11673
      1048576           15      6123.67         5840
      2097152            8      6125.64         2921
      4194304            4      6126.48         1461


# All processes entering MPI_Finalize

