2020-08-19T17:15:12+01:00|reframe 3.0-dev6 (rev: 3f0c45d4)|Gromacs_1400k_4 on alaska:roce-gcc9-openmpi4-ucx using gromacs|jobid=5027|ns_per_day=5.604|ns/day|ref=0 (l=None, u=None)|num_procs=128,num_nodes=4,1400k-atoms
2020-08-19T17:15:12+01:00|reframe 3.0-dev6 (rev: 3f0c45d4)|Gromacs_1400k_4 on alaska:roce-gcc9-openmpi4-ucx using gromacs|jobid=5027|hour_per_ns=4.282|hour/ns|ref=0 (l=None, u=None)|num_procs=128,num_nodes=4,1400k-atoms
2020-08-19T17:15:12+01:00|reframe 3.0-dev6 (rev: 3f0c45d4)|Gromacs_1400k_4 on alaska:roce-gcc9-openmpi4-ucx using gromacs|jobid=5027|core_t=78942.527|s|ref=0 (l=None, u=None)|num_procs=128,num_nodes=4,1400k-atoms
2020-08-19T17:15:12+01:00|reframe 3.0-dev6 (rev: 3f0c45d4)|Gromacs_1400k_4 on alaska:roce-gcc9-openmpi4-ucx using gromacs|jobid=5027|wall_t=308.369|s|ref=0 (l=None, u=None)|num_procs=128,num_nodes=4,1400k-atoms
2020-08-19T17:15:12+01:00|reframe 3.0-dev6 (rev: 3f0c45d4)|Gromacs_1400k_4 on alaska:roce-gcc9-openmpi4-ucx using gromacs|jobid=5027|runtime_real=318.399|s|ref=0 (l=None, u=None)|num_procs=128,num_nodes=4,1400k-atoms
2020-09-08T16:54:39+01:00|reframe 3.0-dev6 (rev: 3f0c45d4)|Gromacs_1400k_4 on alaska:roce-gcc9-openmpi4-ucx using gromacs|jobid=5216|ns_per_day=5.557|ns/day|ref=0 (l=None, u=None)|1400k-atoms,num_nodes=4,num_procs=128
2020-09-08T16:54:39+01:00|reframe 3.0-dev6 (rev: 3f0c45d4)|Gromacs_1400k_4 on alaska:roce-gcc9-openmpi4-ucx using gromacs|jobid=5216|hour_per_ns=4.319|hour/ns|ref=0 (l=None, u=None)|1400k-atoms,num_nodes=4,num_procs=128
2020-09-08T16:54:39+01:00|reframe 3.0-dev6 (rev: 3f0c45d4)|Gromacs_1400k_4 on alaska:roce-gcc9-openmpi4-ucx using gromacs|jobid=5216|core_t=79611.073|s|ref=0 (l=None, u=None)|1400k-atoms,num_nodes=4,num_procs=128
2020-09-08T16:54:39+01:00|reframe 3.0-dev6 (rev: 3f0c45d4)|Gromacs_1400k_4 on alaska:roce-gcc9-openmpi4-ucx using gromacs|jobid=5216|wall_t=310.981|s|ref=0 (l=None, u=None)|1400k-atoms,num_nodes=4,num_procs=128
2020-09-08T16:54:39+01:00|reframe 3.0-dev6 (rev: 3f0c45d4)|Gromacs_1400k_4 on alaska:roce-gcc9-openmpi4-ucx using gromacs|jobid=5216|runtime_real=323.556|s|ref=0 (l=None, u=None)|1400k-atoms,num_nodes=4,num_procs=128
2020-09-09T14:31:17+01:00|reframe 3.0-dev6 (rev: 3f0c45d4)|Gromacs_1400k_4 on alaska:roce-gcc9-openmpi4-ucx using gromacs|jobid=5266|ns_per_day=4.333|ns/day|ref=0 (l=None, u=None)|num_nodes=4,num_procs=128,1400k-atoms
2020-09-09T14:31:17+01:00|reframe 3.0-dev6 (rev: 3f0c45d4)|Gromacs_1400k_4 on alaska:roce-gcc9-openmpi4-ucx using gromacs|jobid=5266|hour_per_ns=5.539|hour/ns|ref=0 (l=None, u=None)|num_nodes=4,num_procs=128,1400k-atoms
2020-09-09T14:31:17+01:00|reframe 3.0-dev6 (rev: 3f0c45d4)|Gromacs_1400k_4 on alaska:roce-gcc9-openmpi4-ucx using gromacs|jobid=5266|core_t=102098.458|s|ref=0 (l=None, u=None)|num_nodes=4,num_procs=128,1400k-atoms
2020-09-09T14:31:17+01:00|reframe 3.0-dev6 (rev: 3f0c45d4)|Gromacs_1400k_4 on alaska:roce-gcc9-openmpi4-ucx using gromacs|jobid=5266|wall_t=398.822|s|ref=0 (l=None, u=None)|num_nodes=4,num_procs=128,1400k-atoms
2020-09-09T14:31:17+01:00|reframe 3.0-dev6 (rev: 3f0c45d4)|Gromacs_1400k_4 on alaska:roce-gcc9-openmpi4-ucx using gromacs|jobid=5266|runtime_real=409.332|s|ref=0 (l=None, u=None)|num_nodes=4,num_procs=128,1400k-atoms
2020-09-10T09:54:40+01:00|reframe 3.0-dev6 (rev: 3f0c45d4)|Gromacs_1400k_4 on alaska:roce-gcc9-openmpi4-ucx using gromacs|jobid=5299|ns_per_day=4.259|ns/day|ref=0 (l=None, u=None)|num_nodes=4,1400k-atoms,num_procs=128
2020-09-10T09:54:40+01:00|reframe 3.0-dev6 (rev: 3f0c45d4)|Gromacs_1400k_4 on alaska:roce-gcc9-openmpi4-ucx using gromacs|jobid=5299|hour_per_ns=5.634|hour/ns|ref=0 (l=None, u=None)|num_nodes=4,1400k-atoms,num_procs=128
2020-09-10T09:54:40+01:00|reframe 3.0-dev6 (rev: 3f0c45d4)|Gromacs_1400k_4 on alaska:roce-gcc9-openmpi4-ucx using gromacs|jobid=5299|core_t=103865.442|s|ref=0 (l=None, u=None)|num_nodes=4,1400k-atoms,num_procs=128
2020-09-10T09:54:40+01:00|reframe 3.0-dev6 (rev: 3f0c45d4)|Gromacs_1400k_4 on alaska:roce-gcc9-openmpi4-ucx using gromacs|jobid=5299|wall_t=405.724|s|ref=0 (l=None, u=None)|num_nodes=4,1400k-atoms,num_procs=128
2020-09-10T09:54:40+01:00|reframe 3.0-dev6 (rev: 3f0c45d4)|Gromacs_1400k_4 on alaska:roce-gcc9-openmpi4-ucx using gromacs|jobid=5299|runtime_real=416.183|s|ref=0 (l=None, u=None)|num_nodes=4,1400k-atoms,num_procs=128
2020-09-10T14:44:15+01:00|reframe 3.0-dev6 (rev: 3f0c45d4)|Gromacs_1400k_4 on alaska:roce-gcc9-openmpi4-ucx using gromacs|jobid=6393|ns_per_day=4.238|ns/day|ref=0 (l=None, u=None)|num_procs=128,num_nodes=4,1400k-atoms
2020-09-10T14:44:15+01:00|reframe 3.0-dev6 (rev: 3f0c45d4)|Gromacs_1400k_4 on alaska:roce-gcc9-openmpi4-ucx using gromacs|jobid=6393|hour_per_ns=5.663|hour/ns|ref=0 (l=None, u=None)|num_procs=128,num_nodes=4,1400k-atoms
2020-09-10T14:44:15+01:00|reframe 3.0-dev6 (rev: 3f0c45d4)|Gromacs_1400k_4 on alaska:roce-gcc9-openmpi4-ucx using gromacs|jobid=6393|core_t=104383.364|s|ref=0 (l=None, u=None)|num_procs=128,num_nodes=4,1400k-atoms
2020-09-10T14:44:15+01:00|reframe 3.0-dev6 (rev: 3f0c45d4)|Gromacs_1400k_4 on alaska:roce-gcc9-openmpi4-ucx using gromacs|jobid=6393|wall_t=407.748|s|ref=0 (l=None, u=None)|num_procs=128,num_nodes=4,1400k-atoms
2020-09-10T14:44:15+01:00|reframe 3.0-dev6 (rev: 3f0c45d4)|Gromacs_1400k_4 on alaska:roce-gcc9-openmpi4-ucx using gromacs|jobid=6393|runtime_real=420.008|s|ref=0 (l=None, u=None)|num_procs=128,num_nodes=4,1400k-atoms
