2020-08-19T17:49:24+01:00|reframe 3.0-dev6 (rev: 3f0c45d4)|Gromacs_1400k_1 on alaska:ib-gcc9-openmpi4-ucx using gromacs|jobid=5022|ns_per_day=0.729|ns/day|ref=0 (l=None, u=None)|num_nodes=1,1400k-atoms,num_procs=32
2020-08-19T17:49:24+01:00|reframe 3.0-dev6 (rev: 3f0c45d4)|Gromacs_1400k_1 on alaska:ib-gcc9-openmpi4-ucx using gromacs|jobid=5022|hour_per_ns=32.911|hour/ns|ref=0 (l=None, u=None)|num_nodes=1,1400k-atoms,num_procs=32
2020-08-19T17:49:24+01:00|reframe 3.0-dev6 (rev: 3f0c45d4)|Gromacs_1400k_1 on alaska:ib-gcc9-openmpi4-ucx using gromacs|jobid=5022|core_t=151667.022|s|ref=0 (l=None, u=None)|num_nodes=1,1400k-atoms,num_procs=32
2020-08-19T17:49:24+01:00|reframe 3.0-dev6 (rev: 3f0c45d4)|Gromacs_1400k_1 on alaska:ib-gcc9-openmpi4-ucx using gromacs|jobid=5022|wall_t=2369.797|s|ref=0 (l=None, u=None)|num_nodes=1,1400k-atoms,num_procs=32
2020-08-19T17:49:24+01:00|reframe 3.0-dev6 (rev: 3f0c45d4)|Gromacs_1400k_1 on alaska:ib-gcc9-openmpi4-ucx using gromacs|jobid=5022|runtime_real=2382.498|s|ref=0 (l=None, u=None)|num_nodes=1,1400k-atoms,num_procs=32
2020-09-08T17:07:35+01:00|reframe 3.0-dev6 (rev: 3f0c45d4)|Gromacs_1400k_1 on alaska:ib-gcc9-openmpi4-ucx using gromacs|jobid=5211|ns_per_day=1.572|ns/day|ref=0 (l=None, u=None)|1400k-atoms,num_nodes=1,num_procs=32
2020-09-08T17:07:35+01:00|reframe 3.0-dev6 (rev: 3f0c45d4)|Gromacs_1400k_1 on alaska:ib-gcc9-openmpi4-ucx using gromacs|jobid=5211|hour_per_ns=15.263|hour/ns|ref=0 (l=None, u=None)|1400k-atoms,num_nodes=1,num_procs=32
2020-09-08T17:07:35+01:00|reframe 3.0-dev6 (rev: 3f0c45d4)|Gromacs_1400k_1 on alaska:ib-gcc9-openmpi4-ucx using gromacs|jobid=5211|core_t=70339.371|s|ref=0 (l=None, u=None)|1400k-atoms,num_nodes=1,num_procs=32
2020-09-08T17:07:35+01:00|reframe 3.0-dev6 (rev: 3f0c45d4)|Gromacs_1400k_1 on alaska:ib-gcc9-openmpi4-ucx using gromacs|jobid=5211|wall_t=1099.053|s|ref=0 (l=None, u=None)|1400k-atoms,num_nodes=1,num_procs=32
2020-09-08T17:07:35+01:00|reframe 3.0-dev6 (rev: 3f0c45d4)|Gromacs_1400k_1 on alaska:ib-gcc9-openmpi4-ucx using gromacs|jobid=5211|runtime_real=1111.355|s|ref=0 (l=None, u=None)|1400k-atoms,num_nodes=1,num_procs=32
2020-09-09T14:43:04+01:00|reframe 3.0-dev6 (rev: 3f0c45d4)|Gromacs_1400k_1 on alaska:ib-gcc9-openmpi4-ucx using gromacs|jobid=5261|ns_per_day=1.548|ns/day|ref=0 (l=None, u=None)|num_procs=32,num_nodes=1,1400k-atoms
2020-09-09T14:43:04+01:00|reframe 3.0-dev6 (rev: 3f0c45d4)|Gromacs_1400k_1 on alaska:ib-gcc9-openmpi4-ucx using gromacs|jobid=5261|hour_per_ns=15.499|hour/ns|ref=0 (l=None, u=None)|num_procs=32,num_nodes=1,1400k-atoms
2020-09-09T14:43:04+01:00|reframe 3.0-dev6 (rev: 3f0c45d4)|Gromacs_1400k_1 on alaska:ib-gcc9-openmpi4-ucx using gromacs|jobid=5261|core_t=71428.455|s|ref=0 (l=None, u=None)|num_procs=32,num_nodes=1,1400k-atoms
2020-09-09T14:43:04+01:00|reframe 3.0-dev6 (rev: 3f0c45d4)|Gromacs_1400k_1 on alaska:ib-gcc9-openmpi4-ucx using gromacs|jobid=5261|wall_t=1116.07|s|ref=0 (l=None, u=None)|num_procs=32,num_nodes=1,1400k-atoms
2020-09-09T14:43:04+01:00|reframe 3.0-dev6 (rev: 3f0c45d4)|Gromacs_1400k_1 on alaska:ib-gcc9-openmpi4-ucx using gromacs|jobid=5261|runtime_real=1126.226|s|ref=0 (l=None, u=None)|num_procs=32,num_nodes=1,1400k-atoms
2020-09-10T10:06:34+01:00|reframe 3.0-dev6 (rev: 3f0c45d4)|Gromacs_1400k_1 on alaska:ib-gcc9-openmpi4-ucx using gromacs|jobid=5294|ns_per_day=1.526|ns/day|ref=0 (l=None, u=None)|num_nodes=1,1400k-atoms,num_procs=32
2020-09-10T10:06:34+01:00|reframe 3.0-dev6 (rev: 3f0c45d4)|Gromacs_1400k_1 on alaska:ib-gcc9-openmpi4-ucx using gromacs|jobid=5294|hour_per_ns=15.723|hour/ns|ref=0 (l=None, u=None)|num_nodes=1,1400k-atoms,num_procs=32
2020-09-10T10:06:34+01:00|reframe 3.0-dev6 (rev: 3f0c45d4)|Gromacs_1400k_1 on alaska:ib-gcc9-openmpi4-ucx using gromacs|jobid=5294|core_t=72457.664|s|ref=0 (l=None, u=None)|num_nodes=1,1400k-atoms,num_procs=32
2020-09-10T10:06:34+01:00|reframe 3.0-dev6 (rev: 3f0c45d4)|Gromacs_1400k_1 on alaska:ib-gcc9-openmpi4-ucx using gromacs|jobid=5294|wall_t=1132.151|s|ref=0 (l=None, u=None)|num_nodes=1,1400k-atoms,num_procs=32
2020-09-10T10:06:34+01:00|reframe 3.0-dev6 (rev: 3f0c45d4)|Gromacs_1400k_1 on alaska:ib-gcc9-openmpi4-ucx using gromacs|jobid=5294|runtime_real=1142.171|s|ref=0 (l=None, u=None)|num_nodes=1,1400k-atoms,num_procs=32
2020-09-10T14:56:16+01:00|reframe 3.0-dev6 (rev: 3f0c45d4)|Gromacs_1400k_1 on alaska:ib-gcc9-openmpi4-ucx using gromacs|jobid=6388|ns_per_day=1.512|ns/day|ref=0 (l=None, u=None)|num_procs=32,num_nodes=1,1400k-atoms
2020-09-10T14:56:16+01:00|reframe 3.0-dev6 (rev: 3f0c45d4)|Gromacs_1400k_1 on alaska:ib-gcc9-openmpi4-ucx using gromacs|jobid=6388|hour_per_ns=15.869|hour/ns|ref=0 (l=None, u=None)|num_procs=32,num_nodes=1,1400k-atoms
2020-09-10T14:56:16+01:00|reframe 3.0-dev6 (rev: 3f0c45d4)|Gromacs_1400k_1 on alaska:ib-gcc9-openmpi4-ucx using gromacs|jobid=6388|core_t=73132.479|s|ref=0 (l=None, u=None)|num_procs=32,num_nodes=1,1400k-atoms
2020-09-10T14:56:16+01:00|reframe 3.0-dev6 (rev: 3f0c45d4)|Gromacs_1400k_1 on alaska:ib-gcc9-openmpi4-ucx using gromacs|jobid=6388|wall_t=1142.695|s|ref=0 (l=None, u=None)|num_procs=32,num_nodes=1,1400k-atoms
2020-09-10T14:56:16+01:00|reframe 3.0-dev6 (rev: 3f0c45d4)|Gromacs_1400k_1 on alaska:ib-gcc9-openmpi4-ucx using gromacs|jobid=6388|runtime_real=1153.022|s|ref=0 (l=None, u=None)|num_procs=32,num_nodes=1,1400k-atoms
