#------------------------------------------------------------
#    Intel(R) MPI Benchmarks 2019 Update 5, MPI-1 part    
#------------------------------------------------------------
# Date                  : Fri Sep 11 15:04:23 2020
# Machine               : x86_64
# System                : Linux
# Release               : 3.10.0-1127.8.2.el7.x86_64
# Version               : #1 SMP Tue May 12 16:57:42 UTC 2020
# MPI Version           : 3.1
# MPI Thread Environment: 


# Calling sequence was: 

# IMB-MPI1 uniband -npmin 2 

# Minimum message length in bytes:   0
# Maximum message length in bytes:   4194304
#
# MPI_Datatype                   :   MPI_BYTE 
# MPI_Datatype for reductions    :   MPI_FLOAT 
# MPI_Op                         :   MPI_SUM  
# 
# 

# List of Benchmarks to run:

# Uniband

#---------------------------------------------------
# Benchmarking Uniband 
# #processes = 2 
#---------------------------------------------------
       #bytes #repetitions   Mbytes/sec      Msg/sec
            0         1000         0.00      3486792
            1         1000         3.50      3504840
            2         1000         7.00      3501189
            4         1000        14.00      3499307
            8         1000        27.97      3496197
           16         1000        55.98      3499002
           32         1000       111.62      3487974
           64         1000       221.18      3455939
          128         1000       425.45      3323800
          256         1000       777.20      3035951
          512         1000      1047.16      2045228
         1024         1000      2855.24      2788322
         2048         1000      4909.63      2397279
         4096         1000      6921.13      1689729
         8192         1000      8709.42      1063161
        16384         1000      8477.17       517405
        32768         1000      9320.89       284451
        65536          640      9974.83       152204
       131072          320      9522.99        72655
       262144          160      8841.56        33728
       524288           80      9183.53        17516
      1048576           40      9359.99         8926
      2097152           20      9281.06         4426
      4194304           10      9566.11         2281


# All processes entering MPI_Finalize

