Log file opened on Fri Oct 16 12:21:43 2020
Host: cpu-p-284  pid: 180255  rank ID: 0  number of ranks:  224
                      :-) GROMACS - gmx mdrun, 2016.6 (-:

                            GROMACS is written by:
     Emile Apol      Rossen Apostolov  Herman J.C. Berendsen    Par Bjelkmar   
 Aldert van Buuren   Rudi van Drunen     Anton Feenstra    Gerrit Groenhof  
 Christoph Junghans   Anca Hamuraru    Vincent Hindriksen Dimitrios Karkoulis
    Peter Kasson        Jiri Kraus      Carsten Kutzner      Per Larsson    
  Justin A. Lemkul   Magnus Lundborg   Pieter Meulenhoff    Erik Marklund   
   Teemu Murtola       Szilard Pall       Sander Pronk      Roland Schulz   
  Alexey Shvetsov     Michael Shirts     Alfons Sijbers     Peter Tieleman  
  Teemu Virolainen  Christian Wennberg    Maarten Wolf   
                           and the project leaders:
        Mark Abraham, Berk Hess, Erik Lindahl, and David van der Spoel

Copyright (c) 1991-2000, University of Groningen, The Netherlands.
Copyright (c) 2001-2017, The GROMACS development team at
Uppsala University, Stockholm University and
the Royal Institute of Technology, Sweden.
check out http://www.gromacs.org for more information.

GROMACS is free software; you can redistribute it and/or modify it
under the terms of the GNU Lesser General Public License
as published by the Free Software Foundation; either version 2.1
of the License, or (at your option) any later version.

GROMACS:      gmx mdrun, version 2016.6
Executable:   /home/hpcbras1/spack/opt/spack/linux-scientific7-skylake_avx512/gcc-9.1.0/gromacs-2016.6-kgomb677so5w42qytvzkbdmclmzk5mvl/bin/gmx_mpi
Data prefix:  /home/hpcbras1/spack/opt/spack/linux-scientific7-skylake_avx512/gcc-9.1.0/gromacs-2016.6-kgomb677so5w42qytvzkbdmclmzk5mvl
Working dir:  /rds/user/hpcbras1/hpc-work/csd3/cclake-roce-gcc9-ompi3-ucx/gromacs/Gromacs_HECBioSim_3000k_atoms_csd3_cclake_roce_gcc9_ompi3_ucx_224_56
Command line:
  gmx_mpi mdrun -s benchmark.tpr -g 3000k-atoms.log -noconfout

GROMACS version:    2016.6
Precision:          single
Memory model:       64 bit
MPI library:        MPI
OpenMP support:     enabled (GMX_OPENMP_MAX_THREADS = 32)
GPU support:        disabled
SIMD instructions:  AVX_512
FFT library:        fftw-3.3.8-sse2-avx-avx2-avx2_128-avx512
RDTSCP usage:       enabled
TNG support:        enabled
Hwloc support:      hwloc-1.11.6
Tracing support:    disabled
Built on:           Thu Sep 17 16:26:13 BST 2020
Built by:           hpcbras1@login-e-16 [CMAKE]
Build OS/arch:      Linux 3.10.0-957.58.2.el7.csd3.x86_64 x86_64
Build CPU vendor:   Unknown
Build CPU brand:    Unknown
Build CPU family:   0   Model: 0   Stepping: 0
Build CPU features: Unknown
C compiler:         /home/hpcbras1/spack/lib/spack/env/gcc/gcc GNU 9.1.0
C compiler flags:    -mavx512f -mfma -pthread    -O2 -g -DNDEBUG -funroll-all-loops -fexcess-precision=fast 
C++ compiler:       /home/hpcbras1/spack/lib/spack/env/gcc/g++ GNU 9.1.0
C++ compiler flags:  -mavx512f -mfma -pthread   -std=c++0x   -O2 -g -DNDEBUG -funroll-all-loops -fexcess-precision=fast 

Note: 56 CPUs configured, but only 1 were detected to be online.

Running on 4 nodes with total 4 cores, 4 logical cores
  Cores per node:            1 - 56
  Logical cores per node:    1 - 56
Hardware detected on host cpu-p-284 (the node of MPI rank 0):
  CPU info:
    Vendor: Intel
    Brand:  Intel(R) Xeon(R) Platinum 8276 CPU @ 2.20GHz
    Family: 6   Model: 85   Stepping: 7
    Features: aes apic avx avx2 avx512f avx512cd avx512bw avx512vl clfsh cmov cx8 cx16 f16c fma hle htt lahf mmx msr nonstop_tsc pcid pclmuldq pdcm pdpe1gb popcnt pse rdrnd rdtscp rtm sse2 sse3 sse4.1 sse4.2 ssse3 tdt x2apic
    SIMD instructions most likely to fit this hardware: AVX_512
    SIMD instructions selected at GROMACS compile time: AVX_512

  Hardware topology: Full, with devices
    Sockets, cores, and logical processors:
      Socket  0: [   0]
    Numa nodes:
      Node  0 (99745538048 bytes mem):   0
      Node  1 (101429641216 bytes mem):
      Latency:
               0     1
         0  1.00  2.10
         1  2.10  1.00
    Caches:
      L1: 32768 bytes, linesize 64 bytes, assoc. 8, shared 1 ways
      L2: 1048576 bytes, linesize 64 bytes, assoc. 16, shared 1 ways
      L3: 40370176 bytes, linesize 64 bytes, assoc. 11, shared 1 ways
    PCI devices:
      0000:00:11.5  Id: 8086:a1d2  Class: 0x0106  Numa: -1
      0000:00:17.0  Id: 8086:a182  Class: 0x0106  Numa: -1
      0000:03:00.0  Id: 102b:0536  Class: 0x0300  Numa: -1
      0000:5e:00.0  Id: 15b3:101b  Class: 0x0207  Numa: -1
      0000:5e:00.1  Id: 15b3:101b  Class: 0x0200  Numa: -1


++++ PLEASE READ AND CITE THE FOLLOWING REFERENCE ++++
M. J. Abraham, T. Murtola, R. Schulz, S. Páll, J. C. Smith, B. Hess, E.
Lindahl
GROMACS: High performance molecular simulations through multi-level
parallelism from laptops to supercomputers
SoftwareX 1 (2015) pp. 19-25
-------- -------- --- Thank You --- -------- --------


++++ PLEASE READ AND CITE THE FOLLOWING REFERENCE ++++
S. Páll, M. J. Abraham, C. Kutzner, B. Hess, E. Lindahl
Tackling Exascale Software Challenges in Molecular Dynamics Simulations with
GROMACS
In S. Markidis & E. Laure (Eds.), Solving Software Challenges for Exascale 8759 (2015) pp. 3-27
-------- -------- --- Thank You --- -------- --------


++++ PLEASE READ AND CITE THE FOLLOWING REFERENCE ++++
S. Pronk, S. Páll, R. Schulz, P. Larsson, P. Bjelkmar, R. Apostolov, M. R.
Shirts, J. C. Smith, P. M. Kasson, D. van der Spoel, B. Hess, and E. Lindahl
GROMACS 4.5: a high-throughput and highly parallel open source molecular
simulation toolkit
Bioinformatics 29 (2013) pp. 845-54
-------- -------- --- Thank You --- -------- --------


++++ PLEASE READ AND CITE THE FOLLOWING REFERENCE ++++
B. Hess and C. Kutzner and D. van der Spoel and E. Lindahl
GROMACS 4: Algorithms for highly efficient, load-balanced, and scalable
molecular simulation
J. Chem. Theory Comput. 4 (2008) pp. 435-447
-------- -------- --- Thank You --- -------- --------


++++ PLEASE READ AND CITE THE FOLLOWING REFERENCE ++++
D. van der Spoel, E. Lindahl, B. Hess, G. Groenhof, A. E. Mark and H. J. C.
Berendsen
GROMACS: Fast, Flexible and Free
J. Comp. Chem. 26 (2005) pp. 1701-1719
-------- -------- --- Thank You --- -------- --------


++++ PLEASE READ AND CITE THE FOLLOWING REFERENCE ++++
E. Lindahl and B. Hess and D. van der Spoel
GROMACS 3.0: A package for molecular simulation and trajectory analysis
J. Mol. Mod. 7 (2001) pp. 306-317
-------- -------- --- Thank You --- -------- --------


++++ PLEASE READ AND CITE THE FOLLOWING REFERENCE ++++
H. J. C. Berendsen, D. van der Spoel and R. van Drunen
GROMACS: A message-passing parallel molecular dynamics implementation
Comp. Phys. Comm. 91 (1995) pp. 43-56
-------- -------- --- Thank You --- -------- --------

Changing nstlist from 10 to 25, rlist from 1.2 to 1.223

Input Parameters:
   integrator                     = md
   tinit                          = 0
   dt                             = 0.002
   nsteps                         = 10000
   init-step                      = 0
   simulation-part                = 1
   comm-mode                      = Linear
   nstcomm                        = 5000
   bd-fric                        = 0
   ld-seed                        = 3448832404
   emtol                          = 10
   emstep                         = 0.01
   niter                          = 20
   fcstep                         = 0
   nstcgsteep                     = 1000
   nbfgscorr                      = 10
   rtpi                           = 0.05
   nstxout                        = 5000
   nstvout                        = 0
   nstfout                        = 0
   nstlog                         = 5000
   nstcalcenergy                  = 100
   nstenergy                      = 5000
   nstxout-compressed             = 0
   compressed-x-precision         = 1000
   cutoff-scheme                  = Verlet
   nstlist                        = 25
   ns-type                        = Grid
   pbc                            = xyz
   periodic-molecules             = false
   verlet-buffer-tolerance        = 0.005
   rlist                          = 1.223
   coulombtype                    = PME
   coulomb-modifier               = None
   rcoulomb-switch                = 0
   rcoulomb                       = 1.2
   epsilon-r                      = 1
   epsilon-rf                     = inf
   vdw-type                       = Cut-off
   vdw-modifier                   = Force-switch
   rvdw-switch                    = 1
   rvdw                           = 1.2
   DispCorr                       = No
   table-extension                = 1
   fourierspacing                 = 0.12
   fourier-nx                     = 384
   fourier-ny                     = 384
   fourier-nz                     = 128
   pme-order                      = 4
   ewald-rtol                     = 1e-05
   ewald-rtol-lj                  = 0.001
   lj-pme-comb-rule               = Geometric
   ewald-geometry                 = 0
   epsilon-surface                = 0
   implicit-solvent               = No
   gb-algorithm                   = Still
   nstgbradii                     = 1
   rgbradii                       = 1
   gb-epsilon-solvent             = 80
   gb-saltconc                    = 0
   gb-obc-alpha                   = 1
   gb-obc-beta                    = 0.8
   gb-obc-gamma                   = 4.85
   gb-dielectric-offset           = 0.009
   sa-algorithm                   = Ace-approximation
   sa-surface-tension             = 2.05016
   tcoupl                         = Berendsen
   nsttcouple                     = 10
   nh-chain-length                = 0
   print-nose-hoover-chain-variables = false
   pcoupl                         = Berendsen
   pcoupltype                     = Semiisotropic
   nstpcouple                     = 10
   tau-p                          = 5
   compressibility (3x3):
      compressibility[    0]={ 0.00000e+00,  0.00000e+00,  0.00000e+00}
      compressibility[    1]={ 0.00000e+00,  0.00000e+00,  0.00000e+00}
      compressibility[    2]={ 0.00000e+00,  0.00000e+00,  4.50000e-05}
   ref-p (3x3):
      ref-p[    0]={ 0.00000e+00,  0.00000e+00,  0.00000e+00}
      ref-p[    1]={ 0.00000e+00,  0.00000e+00,  0.00000e+00}
      ref-p[    2]={ 0.00000e+00,  0.00000e+00,  1.00000e+00}
   refcoord-scaling               = No
   posres-com (3):
      posres-com[0]= 0.00000e+00
      posres-com[1]= 0.00000e+00
      posres-com[2]= 0.00000e+00
   posres-comB (3):
      posres-comB[0]= 0.00000e+00
      posres-comB[1]= 0.00000e+00
      posres-comB[2]= 0.00000e+00
   QMMM                           = false
   QMconstraints                  = 0
   QMMMscheme                     = 0
   MMChargeScaleFactor            = 1
qm-opts:
   ngQM                           = 0
   constraint-algorithm           = Lincs
   continuation                   = true
   Shake-SOR                      = false
   shake-tol                      = 0.0001
   lincs-order                    = 4
   lincs-iter                     = 1
   lincs-warnangle                = 30
   nwall                          = 0
   wall-type                      = 9-3
   wall-r-linpot                  = -1
   wall-atomtype[0]               = -1
   wall-atomtype[1]               = -1
   wall-density[0]                = 0
   wall-density[1]                = 0
   wall-ewald-zfac                = 3
   pull                           = false
   rotation                       = false
   interactiveMD                  = false
   disre                          = No
   disre-weighting                = Conservative
   disre-mixed                    = false
   dr-fc                          = 1000
   dr-tau                         = 0
   nstdisreout                    = 100
   orire-fc                       = 0
   orire-tau                      = 0
   nstorireout                    = 100
   free-energy                    = no
   cos-acceleration               = 0
   deform (3x3):
      deform[    0]={ 0.00000e+00,  0.00000e+00,  0.00000e+00}
      deform[    1]={ 0.00000e+00,  0.00000e+00,  0.00000e+00}
      deform[    2]={ 0.00000e+00,  0.00000e+00,  0.00000e+00}
   simulated-tempering            = false
   E-x:
      n = 0
   E-xt:
      n = 0
   E-y:
      n = 0
   E-yt:
      n = 0
   E-z:
      n = 0
   E-zt:
      n = 0
   swapcoords                     = no
   userint1                       = 0
   userint2                       = 0
   userint3                       = 0
   userint4                       = 0
   userreal1                      = 0
   userreal2                      = 0
   userreal3                      = 0
   userreal4                      = 0
grpopts:
   nrdf:  6.37861e+06
   ref-t:         300
   tau-t:           1
annealing:          No
annealing-npoints:           0
   acc:	           0           0           0
   nfreeze:           N           N           N
   energygrp-flags[  0]: 0


Initializing Domain Decomposition on 224 ranks
Dynamic load balancing: auto
Initial maximum inter charge-group distances:
    two-body bonded interactions: 0.463 nm, LJ-14, atoms 3653 4056
  multi-body bonded interactions: 0.504 nm, CMAP Dih., atoms 72708 72725
Minimum cell size due to bonded interactions: 0.555 nm
Maximum distance for 5 constraints, at 120 deg. angles, all-trans: 0.222 nm
Estimated maximum distance required for P-LINCS: 0.222 nm
Guess for relative PME load: 0.22
Will use 168 particle-particle and 56 PME only ranks
This is a guess, check the performance at the end of the log file
Using 56 separate PME ranks, as guessed by mdrun
Scaling the initial minimum size with 1/0.8 (option -dds) = 1.25
Optimizing the DD grid for 168 cells with a minimum initial size of 0.694 nm
The maximum allowed number of cells is: X 62 Y 64 Z 21
Domain decomposition grid 7 x 8 x 3, separate PME ranks 56
PME domain decomposition: 7 x 8 x 1
Interleaving PP and PME ranks
This rank does only particle-particle work.

Domain decomposition rank 0, coordinates 0 0 0

The initial number of communication pulses is: X 1 Y 1 Z 1
The initial domain decomposition cell size is: X 6.23 nm Y 5.62 nm Z 5.00 nm

The maximum allowed distance for charge groups involved in interactions is:
                 non-bonded interactions           1.223 nm
(the following are initial values, they could change due to box deformation)
            two-body bonded interactions  (-rdd)   1.223 nm
          multi-body bonded interactions  (-rdd)   1.223 nm
  atoms separated by up to 5 constraints  (-rcon)  5.004 nm

When dynamic load balancing gets turned on, these settings will change to:
The maximum number of communication pulses is: X 1 Y 1 Z 1
The minimum size for domain decomposition cells is 1.223 nm
The requested allowed shrink of DD cells (option -dds) is: 0.80
The allowed shrink of domain decomposition cells is: X 0.20 Y 0.22 Z 0.24
The maximum allowed distance for charge groups involved in interactions is:
                 non-bonded interactions           1.223 nm
            two-body bonded interactions  (-rdd)   1.223 nm
          multi-body bonded interactions  (-rdd)   1.223 nm
  atoms separated by up to 5 constraints  (-rcon)  1.223 nm

Using two step summing over 4 groups of on average 42.0 ranks

Using 224 MPI processes
Using 1 OpenMP thread per MPI process

Will do PME sum in reciprocal space for electrostatic interactions.

++++ PLEASE READ AND CITE THE FOLLOWING REFERENCE ++++
U. Essmann, L. Perera, M. L. Berkowitz, T. Darden, H. Lee and L. G. Pedersen 
A smooth particle mesh Ewald method
J. Chem. Phys. 103 (1995) pp. 8577-8592
-------- -------- --- Thank You --- -------- --------

Will do ordinary reciprocal space Ewald sum.
Using a Gaussian width (1/beta) of 0.384195 nm for Ewald
Cut-off's:   NS: 1.223   Coulomb: 1.2   LJ: 1.2
System total charge: 0.001
Generated table with 1111 data points for 1-4 COUL.
Tabscale = 500 points/nm
Generated table with 1111 data points for 1-4 LJ6.
Tabscale = 500 points/nm
Generated table with 1111 data points for 1-4 LJ12.
Tabscale = 500 points/nm
Potential shift: LJ r^-12: -2.648e-01 r^-6: -5.349e-01, Ewald -0.000e+00
Initialized non-bonded Ewald correction tables, spacing: 1.02e-03 size: 1176


Using SIMD 4x8 non-bonded kernels


Non-default thread affinity set probably by the OpenMP library,
disabling internal thread affinity

Initializing Parallel LINear Constraint Solver

++++ PLEASE READ AND CITE THE FOLLOWING REFERENCE ++++
B. Hess
P-LINCS: A Parallel Linear Constraint Solver for molecular simulation
J. Chem. Theory Comput. 4 (2008) pp. 116-122
-------- -------- --- Thank You --- -------- --------

The number of constraints is 573928
There are inter charge-group constraints,
will communicate selected coordinates each lincs iteration

++++ PLEASE READ AND CITE THE FOLLOWING REFERENCE ++++
S. Miyamoto and P. A. Kollman
SETTLE: An Analytical Version of the SHAKE and RATTLE Algorithms for Rigid
Water Models
J. Comp. Chem. 13 (1992) pp. 952-962
-------- -------- --- Thank You --- -------- --------


Linking all bonded interactions to atoms

Intra-simulation communication will occur every 5 steps.
Center of mass motion removal mode is Linear
We have the following groups for center of mass motion removal:
  0:  rest

++++ PLEASE READ AND CITE THE FOLLOWING REFERENCE ++++
H. J. C. Berendsen, J. P. M. Postma, A. DiNola and J. R. Haak
Molecular dynamics with coupling to an external bath
J. Chem. Phys. 81 (1984) pp. 3684-3690
-------- -------- --- Thank You --- -------- --------

There are: 2997924 Atoms
Atom distribution over 168 domains: av 17844 stddev 704 min 17079 max 19246

Started mdrun on rank 0 Fri Oct 16 12:21:52 2020
           Step           Time
              0        0.00000

   Energies (kJ/mol)
           Bond            U-B    Proper Dih.  Improper Dih.      CMAP Dih.
    4.39630e+05    2.30393e+06    1.04149e+06    2.71773e+04   -2.47970e+04
          LJ-14     Coulomb-14        LJ (SR)   Coulomb (SR)   Coul. recip.
    3.07430e+05   -3.34243e+06    2.45027e+06   -3.22748e+07    1.36497e+05
      Potential    Kinetic En.   Total Energy    Temperature Pressure (bar)
   -2.89356e+07    7.96082e+06   -2.09748e+07    3.00212e+02    1.15331e+01
   Constr. rmsd
    9.79634e-06

DD  step 24 load imb.: force 47.3%  pme mesh/force 0.686


step 75 Turning on dynamic load balancing, because the performance loss due to load imbalance is 22.1 %.

DD  step 4999  vol min/aver 0.647  load imb.: force  0.9%  pme mesh/force 0.926

           Step           Time
           5000       10.00000

   Energies (kJ/mol)
           Bond            U-B    Proper Dih.  Improper Dih.      CMAP Dih.
    4.39030e+05    2.30696e+06    1.04014e+06    2.64338e+04   -2.44465e+04
          LJ-14     Coulomb-14        LJ (SR)   Coulomb (SR)   Coul. recip.
    3.07046e+05   -3.33876e+06    2.45755e+06   -3.22832e+07    1.37165e+05
      Potential    Kinetic En.   Total Energy    Temperature Pressure (bar)
   -2.89321e+07    7.95410e+06   -2.09780e+07    2.99958e+02    6.98349e+00
   Constr. rmsd
    9.79810e-06

DD  step 9999  vol min/aver 0.646  load imb.: force  1.2%  pme mesh/force 0.921

           Step           Time
          10000       20.00000

   Energies (kJ/mol)
           Bond            U-B    Proper Dih.  Improper Dih.      CMAP Dih.
    4.39086e+05    2.30562e+06    1.04098e+06    2.63651e+04   -2.49486e+04
          LJ-14     Coulomb-14        LJ (SR)   Coulomb (SR)   Coul. recip.
    3.07777e+05   -3.34136e+06    2.45700e+06   -3.22873e+07    1.36291e+05
      Potential    Kinetic En.   Total Energy    Temperature Pressure (bar)
   -2.89405e+07    7.95734e+06   -2.09832e+07    3.00080e+02    2.50575e+01
   Constr. rmsd
    9.80070e-06

	<======  ###############  ==>
	<====  A V E R A G E S  ====>
	<==  ###############  ======>

	Statistics over 10001 steps using 101 frames

   Energies (kJ/mol)
           Bond            U-B    Proper Dih.  Improper Dih.      CMAP Dih.
    4.39794e+05    2.30472e+06    1.04001e+06    2.68266e+04   -2.48491e+04
          LJ-14     Coulomb-14        LJ (SR)   Coulomb (SR)   Coul. recip.
    3.07090e+05   -3.34036e+06    2.45850e+06   -3.22843e+07    1.36546e+05
      Potential    Kinetic En.   Total Energy    Temperature Pressure (bar)
   -2.89360e+07    7.95728e+06   -2.09787e+07    3.00078e+02    1.56411e+01
   Constr. rmsd
    0.00000e+00

          Box-X          Box-Y          Box-Z
    4.36018e+01    4.49954e+01    1.50139e+01

   Total Virial (kJ/mol)
    2.58652e+06    6.80419e+01   -3.15202e+03
    1.17995e+02    2.59009e+06    4.74293e+03
   -3.14909e+03    4.81373e+03    2.73905e+06

   Pressure (bar)
    2.56346e+01   -5.22324e-01    2.53305e+00
   -5.78636e-01    2.14204e+01   -4.99718e+00
    2.52975e+00   -5.07701e+00   -1.31852e-01


	M E G A - F L O P S   A C C O U N T I N G

 NB=Group-cutoff nonbonded kernels    NxN=N-by-N cluster Verlet kernels
 RF=Reaction-Field  VdW=Van der Waals  QSTab=quadratic-spline table
 W3=SPC/TIP3p  W4=TIP4p (single or pairs)
 V&F=Potential and force  V=Potential only  F=Force only

 Computing:                               M-Number         M-Flops  % Flops
-----------------------------------------------------------------------------
 Pair Search distance check          621214.303222     5590928.729     0.3
 NxN Ewald Elec. + LJ [F]          15390780.843600  1200480905.801    66.6
 NxN Ewald Elec. + LJ [V&F]          157013.408880    20254729.746     1.1
 NxN LJ [F]                              48.406528        2178.294     0.0
 NxN LJ [V&F]                             0.475136          30.884     0.0
 NxN Ewald Elec. [F]                7571137.046800   461839359.855    25.6
 NxN Ewald Elec. [V&F]                77242.395440     6488361.217     0.4
 1,4 nonbonded interactions           25358.295576     2282246.602     0.1
 Calc Weights                         89946.713772     3238081.696     0.2
 Spread Q Bspline                   1918863.227136     3837726.454     0.2
 Gather F Bspline                   1918863.227136    11513179.363     0.6
 3D-FFT                             9124753.104072    72998024.833     4.0
 Solve PME                            11797.659648      755050.217     0.0
 Reset In Box                          1199.169600        3597.509     0.0
 CG-CoM                                1202.167524        3606.503     0.0
 Bonds                                 3754.935456      221541.192     0.0
 Propers                              27709.930716     6345574.134     0.4
 Impropers                              282.628260       58786.678     0.0
 Virial                                3008.489484       54152.811     0.0
 Stop-CM                                  8.993772          89.938     0.0
 P-Coupling                            2997.924000       17987.544     0.0
 Calc-Ekin                            11997.691848      323937.680     0.0
 Lincs                                 6110.008012      366600.481     0.0
 Lincs-Mat                            41447.169528      165788.678     0.0
 Constraint-V                         33471.338789      267770.710     0.0
 Constraint-Vir                        2738.601831       65726.444     0.0
 Settle                                7083.774255     2288059.084     0.1
 CMAP                                    56.685668       96365.636     0.0
 Urey-Bradley                         18173.217140     3325698.737     0.2
-----------------------------------------------------------------------------
 Total                                              1802886087.447   100.0
-----------------------------------------------------------------------------


    D O M A I N   D E C O M P O S I T I O N   S T A T I S T I C S

 av. #atoms communicated per step for force:  2 x 2499304.5
 av. #atoms communicated per step for LINCS:  2 x 141613.4

 Average load imbalance: 1.3 %
 Part of the total run time spent waiting due to load imbalance: 1.0 %
 Steps where the load balancing was limited by -rdd, -rcon and/or -dds: X 0 % Y 0 % Z 0 %
 Average PME mesh/force load: 0.923
 Part of the total run time spent waiting due to PP/PME imbalance: 1.6 %


     R E A L   C Y C L E   A N D   T I M E   A C C O U N T I N G

On 168 MPI ranks doing PP, and
on 56 MPI ranks doing PME

 Computing:          Num   Num      Call    Wall time         Giga-Cycles
                     Ranks Threads  Count      (s)         total sum    %
-----------------------------------------------------------------------------
 Domain decomp.       168    1        400       7.036       2594.315   1.7
 DD comm. load        168    1        399       0.025          9.091   0.0
 DD comm. bounds      168    1        398       0.154         56.804   0.0
 Send X to PME        168    1      10001       2.536        935.100   0.6
 Neighbor search      168    1        401      16.259       5995.219   3.9
 Comm. coord.         168    1       9600       4.377       1613.843   1.1
 Force                168    1      10001     248.701      91705.149  60.2
 Wait + Comm. F       168    1      10001       8.271       3049.731   2.0
 PME mesh *            56    1      10001     239.594      29449.029  19.3
 PME wait for PP *                             70.174       8625.268   5.7
 Wait + Recv. PME F   168    1      10001       2.468        910.195   0.6
 NB X/F buffer ops.   168    1      29201       2.895       1067.631   0.7
 Write traj.          168    1          3       0.018          6.469   0.0
 Update               168    1      10001       2.243        827.217   0.5
 Constraints          168    1      10001      11.676       4305.181   2.8
 Comm. energies       168    1       2001       2.241        826.229   0.5
 Rest                                           0.870        320.877   0.2
-----------------------------------------------------------------------------
 Total                                        309.769     152297.403 100.0
-----------------------------------------------------------------------------
(*) Note that with separate PME ranks, the walltime column actually sums to
    twice the total reported, but the cycle count total and % are correct.
-----------------------------------------------------------------------------
 Breakdown of PME mesh computation
-----------------------------------------------------------------------------
 PME redist. X/F       56    1      20002      19.661       2416.594   1.6
 PME spread/gather     56    1      20002      82.843      10182.446   6.7
 PME 3D-FFT            56    1      20002      51.762       6362.210   4.2
 PME 3D-FFT Comm.      56    1      40004      74.988       9216.957   6.1
 PME solve Elec        56    1      10001      10.278       1263.326   0.8
-----------------------------------------------------------------------------

               Core t (s)   Wall t (s)        (%)
       Time:    69388.270      309.769    22400.0
                 (ns/day)    (hour/ns)
Performance:        5.579        4.302
Finished mdrun on rank 0 Fri Oct 16 12:27:02 2020
