#------------------------------------------------------------
#    Intel(R) MPI Benchmarks 2019 Update 5, MPI-1 part    
#------------------------------------------------------------
# Date                  : Fri Sep 11 15:04:32 2020
# Machine               : x86_64
# System                : Linux
# Release               : 3.10.0-1127.8.2.el7.x86_64
# Version               : #1 SMP Tue May 12 16:57:42 UTC 2020
# MPI Version           : 3.1
# MPI Thread Environment: 


# Calling sequence was: 

# IMB-MPI1 uniband -npmin 8 

# Minimum message length in bytes:   0
# Maximum message length in bytes:   4194304
#
# MPI_Datatype                   :   MPI_BYTE 
# MPI_Datatype for reductions    :   MPI_FLOAT 
# MPI_Op                         :   MPI_SUM  
# 
# 

# List of Benchmarks to run:

# Uniband

#---------------------------------------------------
# Benchmarking Uniband 
# #processes = 8 
#---------------------------------------------------
       #bytes #repetitions   Mbytes/sec      Msg/sec
            0         1000         0.00     10093256
            1         1000         9.98      9983551
            2         1000        19.95      9974087
            4         1000        39.95      9987613
            8         1000        79.98      9997219
           16         1000       108.73      6795620
           32         1000       318.43      9950831
           64         1000       623.41      9740794
          128         1000      1071.99      8374932
          256         1000      2140.45      8361131
          512         1000      4440.52      8672891
         1024         1000      7675.14      7495251
         2048         1000     11478.38      5604678
         4096         1000     12071.27      2947088
         8192         1000     12231.13      1493057
        16384         1000     12267.27       748735
        32768         1000     12306.70       375571
        65536          640     12314.46       187904
       131072          320     12334.17        94102
       262144          160     12355.56        47133
       524288           80     12359.13        23573
      1048576           40     12343.51        11772
      2097152           20     12304.90         5867
      4194304           10     12279.24         2928


# All processes entering MPI_Finalize

