#------------------------------------------------------------
#    Intel(R) MPI Benchmarks 2019 Update 5, MPI-1 part    
#------------------------------------------------------------
# Date                  : Fri Sep 11 15:08:01 2020
# Machine               : x86_64
# System                : Linux
# Release               : 3.10.0-1127.8.2.el7.x86_64
# Version               : #1 SMP Tue May 12 16:57:42 UTC 2020
# MPI Version           : 3.1
# MPI Thread Environment: 


# Calling sequence was: 

# /alaska/steveb/spack/opt/spack/linux-centos7-broadwell/gcc-9.3.0/intel-mpi-benchmarks-2019.5-dwg5q6jdcxgwtiwi2lj32w4ttotvwqnt/bin/IMB-MPI1 biband -npmin 16 

# Minimum message length in bytes:   0
# Maximum message length in bytes:   4194304
#
# MPI_Datatype                   :   MPI_BYTE 
# MPI_Datatype for reductions    :   MPI_FLOAT 
# MPI_Op                         :   MPI_SUM  
# 
# 

# List of Benchmarks to run:

# Biband

#---------------------------------------------------
# Benchmarking Biband 
# #processes = 16 
#---------------------------------------------------
       #bytes #repetitions   Mbytes/sec      Msg/sec
            0         1000         0.00     58426962
            1         1000        58.04     58035736
            2         1000       136.09     68045890
            4         1000       254.19     63546473
            8         1000       485.72     60715407
           16         1000       894.94     55933510
           32         1000      2081.53     65047761
           64         1000      3345.06     52266615
          128         1000      7024.00     54875039
          256         1000     12275.74     47952103
          512         1000     14968.39     29235130
         1024         1000     17858.96     17440392
         2048         1000     19683.57      9611117
         4096         1000     20218.80      4936230
         8192         1000     20294.57      2477364
        16384         1000     20470.43      1249416
        32768         1000     20279.61       618885
        65536          640     20321.62       310083
       131072          320     20469.33       156169
       262144          160     20373.04        77717
       524288           80     20476.69        39056
      1048576           40     20446.79        19500
      2097152           20     20441.74         9747
      4194304           10     20484.15         4884


# All processes entering MPI_Finalize

