2020-08-19T17:28:02+01:00|reframe 3.0-dev6 (rev: 3f0c45d4)|Gromacs_1400k_1 on alaska:roce-gcc9-openmpi4-ucx using gromacs|jobid=5023|ns_per_day=1.588|ns/day|ref=0 (l=None, u=None)|num_nodes=1,1400k-atoms,num_procs=32
2020-08-19T17:28:02+01:00|reframe 3.0-dev6 (rev: 3f0c45d4)|Gromacs_1400k_1 on alaska:roce-gcc9-openmpi4-ucx using gromacs|jobid=5023|hour_per_ns=15.11|hour/ns|ref=0 (l=None, u=None)|num_nodes=1,1400k-atoms,num_procs=32
2020-08-19T17:28:02+01:00|reframe 3.0-dev6 (rev: 3f0c45d4)|Gromacs_1400k_1 on alaska:roce-gcc9-openmpi4-ucx using gromacs|jobid=5023|core_t=69631.585|s|ref=0 (l=None, u=None)|num_nodes=1,1400k-atoms,num_procs=32
2020-08-19T17:28:02+01:00|reframe 3.0-dev6 (rev: 3f0c45d4)|Gromacs_1400k_1 on alaska:roce-gcc9-openmpi4-ucx using gromacs|jobid=5023|wall_t=1087.994|s|ref=0 (l=None, u=None)|num_nodes=1,1400k-atoms,num_procs=32
2020-08-19T17:28:02+01:00|reframe 3.0-dev6 (rev: 3f0c45d4)|Gromacs_1400k_1 on alaska:roce-gcc9-openmpi4-ucx using gromacs|jobid=5023|runtime_real=1097.87|s|ref=0 (l=None, u=None)|num_nodes=1,1400k-atoms,num_procs=32
2020-09-08T17:07:29+01:00|reframe 3.0-dev6 (rev: 3f0c45d4)|Gromacs_1400k_1 on alaska:roce-gcc9-openmpi4-ucx using gromacs|jobid=5212|ns_per_day=1.582|ns/day|ref=0 (l=None, u=None)|1400k-atoms,num_nodes=1,num_procs=32
2020-09-08T17:07:29+01:00|reframe 3.0-dev6 (rev: 3f0c45d4)|Gromacs_1400k_1 on alaska:roce-gcc9-openmpi4-ucx using gromacs|jobid=5212|hour_per_ns=15.167|hour/ns|ref=0 (l=None, u=None)|1400k-atoms,num_nodes=1,num_procs=32
2020-09-08T17:07:29+01:00|reframe 3.0-dev6 (rev: 3f0c45d4)|Gromacs_1400k_1 on alaska:roce-gcc9-openmpi4-ucx using gromacs|jobid=5212|core_t=69895.505|s|ref=0 (l=None, u=None)|1400k-atoms,num_nodes=1,num_procs=32
2020-09-08T17:07:29+01:00|reframe 3.0-dev6 (rev: 3f0c45d4)|Gromacs_1400k_1 on alaska:roce-gcc9-openmpi4-ucx using gromacs|jobid=5212|wall_t=1092.117|s|ref=0 (l=None, u=None)|1400k-atoms,num_nodes=1,num_procs=32
2020-09-08T17:07:29+01:00|reframe 3.0-dev6 (rev: 3f0c45d4)|Gromacs_1400k_1 on alaska:roce-gcc9-openmpi4-ucx using gromacs|jobid=5212|runtime_real=1102.856|s|ref=0 (l=None, u=None)|1400k-atoms,num_nodes=1,num_procs=32
2020-09-09T14:43:01+01:00|reframe 3.0-dev6 (rev: 3f0c45d4)|Gromacs_1400k_1 on alaska:roce-gcc9-openmpi4-ucx using gromacs|jobid=5262|ns_per_day=1.553|ns/day|ref=0 (l=None, u=None)|num_procs=32,num_nodes=1,1400k-atoms
2020-09-09T14:43:01+01:00|reframe 3.0-dev6 (rev: 3f0c45d4)|Gromacs_1400k_1 on alaska:roce-gcc9-openmpi4-ucx using gromacs|jobid=5262|hour_per_ns=15.45|hour/ns|ref=0 (l=None, u=None)|num_procs=32,num_nodes=1,1400k-atoms
2020-09-09T14:43:01+01:00|reframe 3.0-dev6 (rev: 3f0c45d4)|Gromacs_1400k_1 on alaska:roce-gcc9-openmpi4-ucx using gromacs|jobid=5262|core_t=71202.653|s|ref=0 (l=None, u=None)|num_procs=32,num_nodes=1,1400k-atoms
2020-09-09T14:43:01+01:00|reframe 3.0-dev6 (rev: 3f0c45d4)|Gromacs_1400k_1 on alaska:roce-gcc9-openmpi4-ucx using gromacs|jobid=5262|wall_t=1112.541|s|ref=0 (l=None, u=None)|num_procs=32,num_nodes=1,1400k-atoms
2020-09-09T14:43:01+01:00|reframe 3.0-dev6 (rev: 3f0c45d4)|Gromacs_1400k_1 on alaska:roce-gcc9-openmpi4-ucx using gromacs|jobid=5262|runtime_real=1122.71|s|ref=0 (l=None, u=None)|num_procs=32,num_nodes=1,1400k-atoms
2020-09-10T10:06:33+01:00|reframe 3.0-dev6 (rev: 3f0c45d4)|Gromacs_1400k_1 on alaska:roce-gcc9-openmpi4-ucx using gromacs|jobid=5295|ns_per_day=1.531|ns/day|ref=0 (l=None, u=None)|num_nodes=1,1400k-atoms,num_procs=32
2020-09-10T10:06:33+01:00|reframe 3.0-dev6 (rev: 3f0c45d4)|Gromacs_1400k_1 on alaska:roce-gcc9-openmpi4-ucx using gromacs|jobid=5295|hour_per_ns=15.672|hour/ns|ref=0 (l=None, u=None)|num_nodes=1,1400k-atoms,num_procs=32
2020-09-10T10:06:33+01:00|reframe 3.0-dev6 (rev: 3f0c45d4)|Gromacs_1400k_1 on alaska:roce-gcc9-openmpi4-ucx using gromacs|jobid=5295|core_t=72222.367|s|ref=0 (l=None, u=None)|num_nodes=1,1400k-atoms,num_procs=32
2020-09-10T10:06:33+01:00|reframe 3.0-dev6 (rev: 3f0c45d4)|Gromacs_1400k_1 on alaska:roce-gcc9-openmpi4-ucx using gromacs|jobid=5295|wall_t=1128.474|s|ref=0 (l=None, u=None)|num_nodes=1,1400k-atoms,num_procs=32
2020-09-10T10:06:33+01:00|reframe 3.0-dev6 (rev: 3f0c45d4)|Gromacs_1400k_1 on alaska:roce-gcc9-openmpi4-ucx using gromacs|jobid=5295|runtime_real=1138.351|s|ref=0 (l=None, u=None)|num_nodes=1,1400k-atoms,num_procs=32
2020-09-10T14:56:12+01:00|reframe 3.0-dev6 (rev: 3f0c45d4)|Gromacs_1400k_1 on alaska:roce-gcc9-openmpi4-ucx using gromacs|jobid=6389|ns_per_day=1.521|ns/day|ref=0 (l=None, u=None)|num_procs=32,num_nodes=1,1400k-atoms
2020-09-10T14:56:12+01:00|reframe 3.0-dev6 (rev: 3f0c45d4)|Gromacs_1400k_1 on alaska:roce-gcc9-openmpi4-ucx using gromacs|jobid=6389|hour_per_ns=15.78|hour/ns|ref=0 (l=None, u=None)|num_procs=32,num_nodes=1,1400k-atoms
2020-09-10T14:56:12+01:00|reframe 3.0-dev6 (rev: 3f0c45d4)|Gromacs_1400k_1 on alaska:roce-gcc9-openmpi4-ucx using gromacs|jobid=6389|core_t=72721.856|s|ref=0 (l=None, u=None)|num_procs=32,num_nodes=1,1400k-atoms
2020-09-10T14:56:12+01:00|reframe 3.0-dev6 (rev: 3f0c45d4)|Gromacs_1400k_1 on alaska:roce-gcc9-openmpi4-ucx using gromacs|jobid=6389|wall_t=1136.279|s|ref=0 (l=None, u=None)|num_procs=32,num_nodes=1,1400k-atoms
2020-09-10T14:56:12+01:00|reframe 3.0-dev6 (rev: 3f0c45d4)|Gromacs_1400k_1 on alaska:roce-gcc9-openmpi4-ucx using gromacs|jobid=6389|runtime_real=1146.071|s|ref=0 (l=None, u=None)|num_procs=32,num_nodes=1,1400k-atoms
