#------------------------------------------------------------
#    Intel(R) MPI Benchmarks 2019 Update 5, MPI-1 part    
#------------------------------------------------------------
# Date                  : Wed Oct  7 10:06:13 2020
# Machine               : x86_64
# System                : Linux
# Release               : 3.10.0-1127.8.2.el7.x86_64
# Version               : #1 SMP Tue May 12 16:57:42 UTC 2020
# MPI Version           : 3.1
# MPI Thread Environment: 


# Calling sequence was: 

# IMB-MPI1 biband -npmin 1 

# Minimum message length in bytes:   0
# Maximum message length in bytes:   4194304
#
# MPI_Datatype                   :   MPI_BYTE 
# MPI_Datatype for reductions    :   MPI_FLOAT 
# MPI_Op                         :   MPI_SUM  
# 
# 

# List of Benchmarks to run:

# Biband

#---------------------------------------------------
# Benchmarking Biband 
# #processes = 2 
# ( 46 additional processes waiting in MPI_Barrier)
#---------------------------------------------------
       #bytes #repetitions   Mbytes/sec      Msg/sec
            0         1000         0.00      5529854
            1         1000         5.46      5462560
            2         1000        10.77      5383408
            4         1000        21.78      5444235
            8         1000        43.60      5449547
           16         1000        87.07      5441727
           32         1000       165.68      5177454
           64         1000       330.81      5168916
          128         1000       572.79      4474928
          256         1000      1416.03      5531373
          512         1000      1360.18      2656609
         1024         1000      2461.43      2403744
         2048         1000      4151.34      2027024
         4096         1000      6489.13      1584261
         8192         1000      9500.94      1159783
        16384         1000     10266.93       626644
        32768         1000     10124.27       308968
        65536          640     10282.72       156902
       131072          320      9600.14        73243
       262144          160      9467.95        36117
       524288           80      5819.83        11100
      1048576           40      9377.29         8943
      2097152           20      9180.24         4377
      4194304           10      9619.66         2294

#---------------------------------------------------
# Benchmarking Biband 
# #processes = 4 
# ( 44 additional processes waiting in MPI_Barrier)
#---------------------------------------------------
       #bytes #repetitions   Mbytes/sec      Msg/sec
            0         1000         0.00     10890624
            1         1000        10.69     10685720
            2         1000        20.48     10241199
            4         1000        43.16     10790379
            8         1000        86.28     10785403
           16         1000       172.70     10793955
           32         1000       328.99     10280849
           64         1000       657.94     10280263
          128         1000      1307.95     10218394
          256         1000      2810.17     10977222
          512         1000      2376.80      4642188
         1024         1000      4756.16      4644692
         2048         1000      8013.17      3912683
         4096         1000     12590.76      3073916
         8192         1000     18384.54      2244207
        16384         1000     20026.19      1222302
        32768         1000     19755.86       602901
        65536          640     19954.40       304480
       131072          320     19310.32       147326
       262144          160     16160.25        61646
       524288           80     11162.69        21291
      1048576           40     18430.95        17577
      2097152           20     18438.83         8792
      4194304           10     18770.81         4475

#---------------------------------------------------
# Benchmarking Biband 
# #processes = 8 
# ( 40 additional processes waiting in MPI_Barrier)
#---------------------------------------------------
       #bytes #repetitions   Mbytes/sec      Msg/sec
            0         1000         0.00     21437570
            1         1000        21.22     21220535
            2         1000        42.43     21215094
            4         1000        84.55     21136527
            8         1000       168.97     21121351
           16         1000       339.24     21202584
           32         1000       648.44     20263693
           64         1000      1297.74     20277137
          128         1000      2591.87     20249012
          256         1000      5565.53     21740351
          512         1000      5171.97     10101501
         1024         1000      9272.28      9054958
         2048         1000     15607.61      7620904
         4096         1000     24698.08      6029805
         8192         1000     35747.69      4363732
        16384         1000     37313.51      2277436
        32768         1000     39124.49      1193985
        65536          640     37940.87       578932
       131072          320     32879.45       250850
       262144          160     20822.09        79430
       524288           80     21050.69        40151
      1048576           40     32767.37        31249
      2097152           20     20774.74         9906
      4194304           10     19791.29         4719

#---------------------------------------------------
# Benchmarking Biband 
# #processes = 16 
# ( 32 additional processes waiting in MPI_Barrier)
#---------------------------------------------------
       #bytes #repetitions   Mbytes/sec      Msg/sec
            0         1000         0.00     42295074
            1         1000        42.16     42162616
            2         1000        84.26     42130011
            4         1000       168.37     42091422
            8         1000       336.67     42083934
           16         1000       673.43     42089128
           32         1000      1295.95     40498462
           64         1000      2579.21     40300131
          128         1000      5170.39     40393699
          256         1000     11061.05     43207212
          512         1000      8313.29     16236886
         1024         1000     17929.69     17509465
         2048         1000     30217.61     14754694
         4096         1000     47724.85     11651575
         8192         1000     68235.91      8329579
        16384         1000     76546.87      4672050
        32768         1000     73267.03      2235932
        65536          640     60920.29       929570
       131072          320     29033.15       221505
       262144          160     29874.19       113961
       524288           80     29274.90        55837
      1048576           40     17650.64        16833
      2097152           20     15841.34         7554
      4194304           10     16961.43         4044

#---------------------------------------------------
# Benchmarking Biband 
# #processes = 32 
# ( 16 additional processes waiting in MPI_Barrier)
#---------------------------------------------------
       #bytes #repetitions   Mbytes/sec      Msg/sec
            0         1000         0.00       974596
            1         1000         0.97       974584
            2         1000         1.95       975557
            4         1000         3.90       974588
            8         1000         7.80       974572
           16         1000        15.59       974570
           32         1000        31.20       975141
           64         1000        62.47       976079
          128         1000       124.75       974581
          256         1000       307.79      1202290
          512         1000       596.11      1164278
         1024         1000     10916.75     10660886
         2048         1000     23237.84     11346601
         4096         1000     23746.09      5797385
         8192         1000     24175.25      2951080
        16384         1000     27624.88      1686089
        32768         1000     24365.51       743576
        65536          640     23682.37       361364
       131072          320     22801.39       173961
       262144          160     25859.57        98646
       524288           80     25878.00        49358
      1048576           40     24654.22        23512
      2097152           20     26219.90        12503
      4194304           10     21937.12         5230

#---------------------------------------------------
# Benchmarking Biband 
# #processes = 48 
#---------------------------------------------------
       #bytes #repetitions   Mbytes/sec      Msg/sec
            0         1000         0.00      5873878
            1         1000         3.80      3796662
            2         1000         3.95      1972534
            4         1000         9.22      2305126
            8         1000        14.40      1800125
           16         1000        32.41      2025703
           32         1000        62.99      1968514
           64         1000       125.34      1958510
          128         1000       233.28      1822470
          256         1000      6803.48     26576093
          512         1000      9919.82     19374648
         1024         1000     11226.54     10963421
         2048         1000     11714.09      5719770
         4096         1000     16042.51      3916629
         8192         1000     12135.59      1481395
        16384         1000     12172.83       742971
        32768         1000     13182.48       402297
        65536          607     13022.44       198707
       131072          305     13003.13        99206
       262144          152     13220.29        50431
       524288           77     15325.07        29230
      1048576           40     20656.06        19699
      2097152           20     20632.60         9838
      4194304           10     20618.17         4916


# All processes entering MPI_Finalize

