2020-08-19T17:30:22+01:00|reframe 3.0-dev6 (rev: 3f0c45d4)|Gromacs_3000k_4 on alaska:ib-gcc9-openmpi4-ucx using gromacs|jobid=5041|ns_per_day=2.626|ns/day|ref=0 (l=None, u=None)|num_procs=128,num_nodes=4,3000k-atoms
2020-08-19T17:30:22+01:00|reframe 3.0-dev6 (rev: 3f0c45d4)|Gromacs_3000k_4 on alaska:ib-gcc9-openmpi4-ucx using gromacs|jobid=5041|hour_per_ns=9.138|hour/ns|ref=0 (l=None, u=None)|num_procs=128,num_nodes=4,3000k-atoms
2020-08-19T17:30:22+01:00|reframe 3.0-dev6 (rev: 3f0c45d4)|Gromacs_3000k_4 on alaska:ib-gcc9-openmpi4-ucx using gromacs|jobid=5041|core_t=168446.822|s|ref=0 (l=None, u=None)|num_procs=128,num_nodes=4,3000k-atoms
2020-08-19T17:30:22+01:00|reframe 3.0-dev6 (rev: 3f0c45d4)|Gromacs_3000k_4 on alaska:ib-gcc9-openmpi4-ucx using gromacs|jobid=5041|wall_t=657.995|s|ref=0 (l=None, u=None)|num_procs=128,num_nodes=4,3000k-atoms
2020-08-19T17:30:22+01:00|reframe 3.0-dev6 (rev: 3f0c45d4)|Gromacs_3000k_4 on alaska:ib-gcc9-openmpi4-ucx using gromacs|jobid=5041|runtime_real=670.2|s|ref=0 (l=None, u=None)|num_procs=128,num_nodes=4,3000k-atoms
2020-09-08T17:12:41+01:00|reframe 3.0-dev6 (rev: 3f0c45d4)|Gromacs_3000k_4 on alaska:ib-gcc9-openmpi4-ucx using gromacs|jobid=5231|ns_per_day=2.641|ns/day|ref=0 (l=None, u=None)|3000k-atoms,num_nodes=4,num_procs=128
2020-09-08T17:12:41+01:00|reframe 3.0-dev6 (rev: 3f0c45d4)|Gromacs_3000k_4 on alaska:ib-gcc9-openmpi4-ucx using gromacs|jobid=5231|hour_per_ns=9.087|hour/ns|ref=0 (l=None, u=None)|3000k-atoms,num_nodes=4,num_procs=128
2020-09-08T17:12:41+01:00|reframe 3.0-dev6 (rev: 3f0c45d4)|Gromacs_3000k_4 on alaska:ib-gcc9-openmpi4-ucx using gromacs|jobid=5231|core_t=167501.869|s|ref=0 (l=None, u=None)|3000k-atoms,num_nodes=4,num_procs=128
2020-09-08T17:12:41+01:00|reframe 3.0-dev6 (rev: 3f0c45d4)|Gromacs_3000k_4 on alaska:ib-gcc9-openmpi4-ucx using gromacs|jobid=5231|wall_t=654.304|s|ref=0 (l=None, u=None)|3000k-atoms,num_nodes=4,num_procs=128
2020-09-08T17:12:41+01:00|reframe 3.0-dev6 (rev: 3f0c45d4)|Gromacs_3000k_4 on alaska:ib-gcc9-openmpi4-ucx using gromacs|jobid=5231|runtime_real=666.695|s|ref=0 (l=None, u=None)|3000k-atoms,num_nodes=4,num_procs=128
2020-09-09T15:58:55+01:00|reframe 3.0-dev6 (rev: 3f0c45d4)|Gromacs_3000k_4 on alaska:ib-gcc9-openmpi4-ucx using gromacs|jobid=5273|ns_per_day=2.447|ns/day|ref=0 (l=None, u=None)|3000k-atoms,num_procs=128,num_nodes=4
2020-09-09T15:58:55+01:00|reframe 3.0-dev6 (rev: 3f0c45d4)|Gromacs_3000k_4 on alaska:ib-gcc9-openmpi4-ucx using gromacs|jobid=5273|hour_per_ns=9.808|hour/ns|ref=0 (l=None, u=None)|3000k-atoms,num_procs=128,num_nodes=4
2020-09-09T15:58:55+01:00|reframe 3.0-dev6 (rev: 3f0c45d4)|Gromacs_3000k_4 on alaska:ib-gcc9-openmpi4-ucx using gromacs|jobid=5273|core_t=180802.976|s|ref=0 (l=None, u=None)|3000k-atoms,num_procs=128,num_nodes=4
2020-09-09T15:58:55+01:00|reframe 3.0-dev6 (rev: 3f0c45d4)|Gromacs_3000k_4 on alaska:ib-gcc9-openmpi4-ucx using gromacs|jobid=5273|wall_t=706.262|s|ref=0 (l=None, u=None)|3000k-atoms,num_procs=128,num_nodes=4
2020-09-09T15:58:55+01:00|reframe 3.0-dev6 (rev: 3f0c45d4)|Gromacs_3000k_4 on alaska:ib-gcc9-openmpi4-ucx using gromacs|jobid=5273|runtime_real=717.669|s|ref=0 (l=None, u=None)|3000k-atoms,num_procs=128,num_nodes=4
2020-09-10T10:20:20+01:00|reframe 3.0-dev6 (rev: 3f0c45d4)|Gromacs_3000k_4 on alaska:ib-gcc9-openmpi4-ucx using gromacs|jobid=5314|ns_per_day=2.379|ns/day|ref=0 (l=None, u=None)|3000k-atoms,num_nodes=4,num_procs=128
2020-09-10T10:20:20+01:00|reframe 3.0-dev6 (rev: 3f0c45d4)|Gromacs_3000k_4 on alaska:ib-gcc9-openmpi4-ucx using gromacs|jobid=5314|hour_per_ns=10.088|hour/ns|ref=0 (l=None, u=None)|3000k-atoms,num_nodes=4,num_procs=128
2020-09-10T10:20:20+01:00|reframe 3.0-dev6 (rev: 3f0c45d4)|Gromacs_3000k_4 on alaska:ib-gcc9-openmpi4-ucx using gromacs|jobid=5314|core_t=185954.267|s|ref=0 (l=None, u=None)|3000k-atoms,num_nodes=4,num_procs=128
2020-09-10T10:20:20+01:00|reframe 3.0-dev6 (rev: 3f0c45d4)|Gromacs_3000k_4 on alaska:ib-gcc9-openmpi4-ucx using gromacs|jobid=5314|wall_t=726.384|s|ref=0 (l=None, u=None)|3000k-atoms,num_nodes=4,num_procs=128
2020-09-10T10:20:20+01:00|reframe 3.0-dev6 (rev: 3f0c45d4)|Gromacs_3000k_4 on alaska:ib-gcc9-openmpi4-ucx using gromacs|jobid=5314|runtime_real=737.953|s|ref=0 (l=None, u=None)|3000k-atoms,num_nodes=4,num_procs=128
2020-09-10T15:09:08+01:00|reframe 3.0-dev6 (rev: 3f0c45d4)|Gromacs_3000k_4 on alaska:ib-gcc9-openmpi4-ucx using gromacs|jobid=6408|ns_per_day=2.281|ns/day|ref=0 (l=None, u=None)|num_procs=128,3000k-atoms,num_nodes=4
2020-09-10T15:09:08+01:00|reframe 3.0-dev6 (rev: 3f0c45d4)|Gromacs_3000k_4 on alaska:ib-gcc9-openmpi4-ucx using gromacs|jobid=6408|hour_per_ns=10.52|hour/ns|ref=0 (l=None, u=None)|num_procs=128,3000k-atoms,num_nodes=4
2020-09-10T15:09:08+01:00|reframe 3.0-dev6 (rev: 3f0c45d4)|Gromacs_3000k_4 on alaska:ib-gcc9-openmpi4-ucx using gromacs|jobid=6408|core_t=193927.787|s|ref=0 (l=None, u=None)|num_procs=128,3000k-atoms,num_nodes=4
2020-09-10T15:09:08+01:00|reframe 3.0-dev6 (rev: 3f0c45d4)|Gromacs_3000k_4 on alaska:ib-gcc9-openmpi4-ucx using gromacs|jobid=6408|wall_t=757.53|s|ref=0 (l=None, u=None)|num_procs=128,3000k-atoms,num_nodes=4
2020-09-10T15:09:08+01:00|reframe 3.0-dev6 (rev: 3f0c45d4)|Gromacs_3000k_4 on alaska:ib-gcc9-openmpi4-ucx using gromacs|jobid=6408|runtime_real=768.884|s|ref=0 (l=None, u=None)|num_procs=128,3000k-atoms,num_nodes=4
