 starting wrf task           81  of          112
 starting wrf task           67  of          112
 starting wrf task           83  of          112
 starting wrf task           87  of          112
 starting wrf task           93  of          112
 starting wrf task          105  of          112
 starting wrf task          111  of          112
 starting wrf task           77  of          112
 starting wrf task           99  of          112
 starting wrf task           89  of          112
 starting wrf task          107  of          112
 starting wrf task           59  of          112
 starting wrf task           90  of          112
 starting wrf task          109  of          112
 starting wrf task           63  of          112
 starting wrf task           73  of          112
 starting wrf task           56  of          112
 starting wrf task           57  of          112
 starting wrf task           91  of          112
 starting wrf task           76  of          112
 starting wrf task          103  of          112
 starting wrf task           97  of          112
 starting wrf task           62  of          112
 starting wrf task           64  of          112
 starting wrf task          101  of          112
 starting wrf task          110  of          112
 starting wrf task           95  of          112
 starting wrf task           80  of          112
 starting wrf task          108  of          112
 starting wrf task           68  of          112
 starting wrf task           72  of          112
 starting wrf task          104  of          112
 starting wrf task          102  of          112
 starting wrf task           96  of          112
 starting wrf task           66  of          112
 starting wrf task           98  of          112
 starting wrf task           79  of          112
 starting wrf task           84  of          112
 starting wrf task           85  of          112
 starting wrf task           74  of          112
 starting wrf task           69  of          112
 starting wrf task           92  of          112
 starting wrf task           60  of          112
 starting wrf task           71  of          112
 starting wrf task           75  of          112
 starting wrf task           78  of          112
 starting wrf task           82  of          112
 starting wrf task           86  of          112
 starting wrf task          106  of          112
 starting wrf task           58  of          112
 starting wrf task           61  of          112
 starting wrf task           10  of          112
 starting wrf task           14  of          112
 starting wrf task           46  of          112
 starting wrf task           16  of          112
 starting wrf task           17  of          112
 starting wrf task            6  of          112
 starting wrf task           24  of          112
 starting wrf task            3  of          112
 starting wrf task           31  of          112
 starting wrf task           51  of          112
 starting wrf task           54  of          112
 starting wrf task           40  of          112
 starting wrf task           48  of          112
 starting wrf task           33  of          112
 starting wrf task           32  of          112
 starting wrf task            1  of          112
 starting wrf task           29  of          112
 starting wrf task            8  of          112
 starting wrf task            9  of          112
 starting wrf task           15  of          112
 starting wrf task           37  of          112
 starting wrf task           47  of          112
 starting wrf task           53  of          112
 starting wrf task            2  of          112
 starting wrf task            4  of          112
 starting wrf task           11  of          112
 starting wrf task           45  of          112
 starting wrf task           55  of          112
 starting wrf task           19  of          112
 starting wrf task           30  of          112
 starting wrf task           21  of          112
 starting wrf task           22  of          112
 starting wrf task            0  of          112
 starting wrf task           23  of          112
 starting wrf task           49  of          112
 starting wrf task           36  of          112
 starting wrf task           52  of          112
 starting wrf task           20  of          112
 starting wrf task           35  of          112
 starting wrf task           41  of          112
 starting wrf task           27  of          112
 starting wrf task           34  of          112
 starting wrf task           39  of          112
 starting wrf task            7  of          112
 starting wrf task           13  of          112
 starting wrf task           25  of          112
 starting wrf task           28  of          112
 starting wrf task           18  of          112
 starting wrf task           43  of          112
 starting wrf task           42  of          112
 starting wrf task           38  of          112
 starting wrf task            5  of          112
 starting wrf task           26  of          112
 starting wrf task           50  of          112
 starting wrf task           44  of          112
 starting wrf task           12  of          112
 starting wrf task           88  of          112
 starting wrf task           70  of          112
 starting wrf task           94  of          112
 starting wrf task          100  of          112
 starting wrf task           65  of          112

real	0m36.001s
user	0m0.016s
sys	0m0.023s
