#------------------------------------------------------------
#    Intel(R) MPI Benchmarks 2019 Update 6, MPI-1 part    
#------------------------------------------------------------
# Date                  : Thu Oct  1 16:23:28 2020
# Machine               : x86_64
# System                : Linux
# Release               : 3.10.0-1127.19.1.el7.x86_64
# Version               : #1 SMP Tue Aug 25 17:23:54 UTC 2020
# MPI Version           : 3.1
# MPI Thread Environment: 


# Calling sequence was: 

# /home/hpcbras1/spack/opt/spack/linux-scientific7-skylake_avx512/gcc-9.1.0/intel-mpi-benchmarks-2019.6-5tbknirppyjnbofzuo2idr3bqgxprrmf/bin/IMB-MPI1 biband -npmin 1 

# Minimum message length in bytes:   0
# Maximum message length in bytes:   4194304
#
# MPI_Datatype                   :   MPI_BYTE 
# MPI_Datatype for reductions    :   MPI_FLOAT 
# MPI_Op                         :   MPI_SUM  
# 
# 

# List of Benchmarks to run:

# Biband

#---------------------------------------------------
# Benchmarking Biband 
# #processes = 2 
# ( 110 additional processes waiting in MPI_Barrier)
#---------------------------------------------------
       #bytes #repetitions   Mbytes/sec      Msg/sec
            0         1000         0.00      7889805
            1         1000         8.47      8472726
            2         1000        15.87      7934896
            4         1000        33.78      8444621
            8         1000        68.32      8540067
           16         1000       137.55      8596583
           32         1000       251.25      7851491
           64         1000       522.30      8161012
          128         1000       368.72      2880654
          256         1000       557.66      2178347
          512         1000       717.85      1402056
         1024         1000      1572.04      1535198
         2048         1000      2138.69      1044283
         4096         1000      2770.52       676396
         8192         1000      3325.43       405936
        16384         1000     10679.88       651848
        32768         1000     18152.32       553965
        65536          640     19564.06       298524
       131072          320     23413.94       178634
       262144          160     24494.24        93438
       524288           80     25082.36        47841
      1048576           40     25340.84        24167
      2097152           20     25449.34        12135
      4194304           10     25592.56         6102

#---------------------------------------------------
# Benchmarking Biband 
# #processes = 4 
# ( 108 additional processes waiting in MPI_Barrier)
#---------------------------------------------------
       #bytes #repetitions   Mbytes/sec      Msg/sec
            0         1000         0.00     21972763
            1         1000        22.67     22669167
            2         1000        45.03     22515678
            4         1000        87.25     21811395
            8         1000       174.61     21826019
           16         1000       354.06     22128862
           32         1000       684.42     21388001
           64         1000      1379.38     21552845
          128         1000      1536.81     12006362
          256         1000      2652.88     10362816
          512         1000      4830.30      9434179
         1024         1000      7541.23      7364478
         2048         1000     12284.26      5998176
         4096         1000     16689.85      4074671
         8192         1000     21235.59      2592235
        16384         1000     19929.66      1216410
        32768         1000     20810.26       635079
        65536          640     22574.23       344455
       131072          320     23515.15       179406
       262144          160     24920.42        95064
       524288           80     25433.72        48511
      1048576           40     25579.34        24394
      2097152           20     25728.92        12269
      4194304           10     25754.71         6140

#---------------------------------------------------
# Benchmarking Biband 
# #processes = 8 
# ( 104 additional processes waiting in MPI_Barrier)
#---------------------------------------------------
       #bytes #repetitions   Mbytes/sec      Msg/sec
            0         1000         0.00     45155275
            1         1000        44.11     44113136
            2         1000        86.86     43428508
            4         1000       175.45     43861967
            8         1000       351.14     43892293
           16         1000       698.50     43656044
           32         1000      1347.19     42099654
           64         1000      2743.20     42862523
          128         1000      3104.15     24251154
          256         1000      5286.77     20651438
          512         1000      9803.22     19146911
         1024         1000     15146.21     14791216
         2048         1000     24779.02     12099132
         4096         1000     34081.74      8320738
         8192         1000     43180.01      5270998
        16384         1000     20993.36      1281333
        32768         1000     21316.66       650533
        65536          640     22595.18       344775
       131072          320     23562.44       179767
       262144          160     24540.37        93614
       524288           80     24894.54        47483
      1048576           40     25055.15        23894
      2097152           20     25139.73        11988
      4194304           10     25189.76         6006

#---------------------------------------------------
# Benchmarking Biband 
# #processes = 16 
# ( 96 additional processes waiting in MPI_Barrier)
#---------------------------------------------------
       #bytes #repetitions   Mbytes/sec      Msg/sec
            0         1000         0.00     86815991
            1         1000        85.73     85728147
            2         1000       172.00     86001746
            4         1000       339.65     84911289
            8         1000       696.47     87058395
           16         1000      1346.83     84177063
           32         1000      2670.06     83439309
           64         1000      5339.62     83431593
          128         1000      6148.86     48037961
          256         1000     10580.16     41328758
          512         1000     19469.73     38026814
         1024         1000     29491.84     28800628
         2048         1000     49501.25     24170534
         4096         1000     68016.00     16605468
         8192         1000     84950.88     10369980
        16384         1000     20938.74      1277999
        32768         1000     21315.30       650491
        65536          640     22795.39       347830
       131072          320     23939.93       182647
       262144          160     24561.12        93693
       524288           80     24897.16        47488
      1048576           40     25038.71        23879
      2097152           20     25112.94        11975
      4194304           10     25161.79         5999

#---------------------------------------------------
# Benchmarking Biband 
# #processes = 32 
# ( 80 additional processes waiting in MPI_Barrier)
#---------------------------------------------------
       #bytes #repetitions   Mbytes/sec      Msg/sec
            0         1000         0.00    168788682
            1         1000       168.43    168427216
            2         1000       343.30    171651373
            4         1000       678.37    169591640
            8         1000      1360.07    170008336
           16         1000      2689.44    168090223
           32         1000      5194.09    162315313
           64         1000     10559.76    164996240
          128         1000     12327.66     96309815
          256         1000     21093.41     82396135
          512         1000     38891.52     75960002
         1024         1000     58425.52     57056168
         2048         1000     95853.59     46803511
         4096         1000    135404.65     33057775
         8192         1000    168027.42     20511160
        16384         1000     20183.05      1231876
        32768         1000     21207.07       647188
        65536          640     22786.63       347696
       131072          320     23981.88       182967
       262144          160     24756.35        94438
       524288           80     25131.04        47934
      1048576           40     25284.82        24113
      2097152           20     25369.33        12097
      4194304           10     25281.59         6028

#---------------------------------------------------
# Benchmarking Biband 
# #processes = 64 
# ( 48 additional processes waiting in MPI_Barrier)
#---------------------------------------------------
       #bytes #repetitions   Mbytes/sec      Msg/sec
            0         1000         0.00    116779514
            1         1000       117.57    117574041
            2         1000       235.99    117996436
            4         1000       473.41    118351932
            8         1000       957.78    119722173
           16         1000      1892.72    118294853
           32         1000      3823.70    119490617
           64         1000      7487.26    116988371
          128         1000     13683.42    106901683
          256         1000     25009.63     97693878
          512         1000     48936.43     95578955
         1024         1000     77040.19     75234563
         2048         1000     89824.13     43859439
         4096         1000     94225.39     23004245
         8192         1000     95682.84     11680034
        16384         1000     19547.08      1193059
        32768         1000     20650.87       630215
        65536          640     21993.05       335587
       131072          320     22762.97       173668
       262144          160     23127.79        88226
       524288           80     23396.15        44625
      1048576           40     23473.05        22386
      2097152           20     23577.78        11243
      4194304           10     23442.71         5589

#---------------------------------------------------
# Benchmarking Biband 
# #processes = 112 
#---------------------------------------------------
       #bytes #repetitions   Mbytes/sec      Msg/sec
            0         1000         0.00     98654263
            1         1000        99.59     99589585
            2         1000       201.21    100605155
            4         1000       394.03     98508588
            8         1000       792.10     99012962
           16         1000      1561.20     97574724
           32         1000      3021.37     94417967
           64         1000      3338.86     52169678
          128         1000      5087.10     39742986
          256         1000      9754.98     38105373
          512         1000     14112.64     27563746
         1024         1000     17801.80     17384566
         2048         1000     21351.14     10425363
         4096         1000     22688.74      5539244
         8192         1000     23662.09      2888438
        16384         1000     23776.79      1451220
        32768         1000     24054.08       734072
        65536          517     24278.05       370454
       131072          260     24363.34       185878
       262144          130     24408.26        93110
       524288           65     24414.48        46567
      1048576           33     24397.62        23267
      2097152           17     24435.93        11652
      4194304            9     24470.23         5834


# All processes entering MPI_Finalize

