#------------------------------------------------------------
#    Intel(R) MPI Benchmarks 2019 Update 5, MPI-1 part    
#------------------------------------------------------------
# Date                  : Fri Sep 11 15:09:21 2020
# Machine               : x86_64
# System                : Linux
# Release               : 3.10.0-1127.8.2.el7.x86_64
# Version               : #1 SMP Tue May 12 16:57:42 UTC 2020
# MPI Version           : 3.1
# MPI Thread Environment: 


# Calling sequence was: 

# /alaska/steveb/spack/opt/spack/linux-centos7-broadwell/gcc-9.3.0/intel-mpi-benchmarks-2019.5-dwg5q6jdcxgwtiwi2lj32w4ttotvwqnt/bin/IMB-MPI1 biband -npmin 64 

# Minimum message length in bytes:   0
# Maximum message length in bytes:   4194304
#
# MPI_Datatype                   :   MPI_BYTE 
# MPI_Datatype for reductions    :   MPI_FLOAT 
# MPI_Op                         :   MPI_SUM  
# 
# 

# List of Benchmarks to run:

# Biband

#---------------------------------------------------
# Benchmarking Biband 
# #processes = 64 
#---------------------------------------------------
       #bytes #repetitions   Mbytes/sec      Msg/sec
            0         1000         0.00     63965753
            1         1000        63.90     63900750
            2         1000       127.39     63697052
            4         1000       246.04     61509390
            8         1000       473.92     59239446
           16         1000       879.88     54992600
           32         1000      1521.99     47562176
           64         1000      2462.55     38477404
          128         1000      3520.02     27500161
          256         1000      4435.24     17325173
          512         1000      5203.12     10162345
         1024         1000      5661.99      5529288
         2048         1000      5912.33      2886881
         4096         1000      5932.54      1448374
         8192         1000      5999.33       732340
        16384          898      6020.16       367442
        32768          448      6007.27       183327
        65536          227      6070.69        92631
       131072          114      6100.41        46542
       262144           57      6113.81        23322
       524288           29      6120.58        11674
      1048576           15      6123.97         5840
      2097152            8      6125.25         2921
      4194304            4      6126.47         1461


# All processes entering MPI_Finalize

