2020-08-19T18:05:31+01:00|reframe 3.0-dev6 (rev: 3f0c45d4)|Gromacs_3000k_1 on alaska:ib-gcc9-openmpi4-ucx using gromacs|jobid=5043|ns_per_day=0.645|ns/day|ref=0 (l=None, u=None)|num_nodes=1,3000k-atoms,num_procs=32
2020-08-19T18:05:31+01:00|reframe 3.0-dev6 (rev: 3f0c45d4)|Gromacs_3000k_1 on alaska:ib-gcc9-openmpi4-ucx using gromacs|jobid=5043|hour_per_ns=37.183|hour/ns|ref=0 (l=None, u=None)|num_nodes=1,3000k-atoms,num_procs=32
2020-08-19T18:05:31+01:00|reframe 3.0-dev6 (rev: 3f0c45d4)|Gromacs_3000k_1 on alaska:ib-gcc9-openmpi4-ucx using gromacs|jobid=5043|core_t=171357.515|s|ref=0 (l=None, u=None)|num_nodes=1,3000k-atoms,num_procs=32
2020-08-19T18:05:31+01:00|reframe 3.0-dev6 (rev: 3f0c45d4)|Gromacs_3000k_1 on alaska:ib-gcc9-openmpi4-ucx using gromacs|jobid=5043|wall_t=2677.461|s|ref=0 (l=None, u=None)|num_nodes=1,3000k-atoms,num_procs=32
2020-08-19T18:05:31+01:00|reframe 3.0-dev6 (rev: 3f0c45d4)|Gromacs_3000k_1 on alaska:ib-gcc9-openmpi4-ucx using gromacs|jobid=5043|runtime_real=2689.496|s|ref=0 (l=None, u=None)|num_nodes=1,3000k-atoms,num_procs=32
2020-09-08T17:49:59+01:00|reframe 3.0-dev6 (rev: 3f0c45d4)|Gromacs_3000k_1 on alaska:ib-gcc9-openmpi4-ucx using gromacs|jobid=5233|ns_per_day=0.682|ns/day|ref=0 (l=None, u=None)|3000k-atoms,num_nodes=1,num_procs=32
2020-09-08T17:49:59+01:00|reframe 3.0-dev6 (rev: 3f0c45d4)|Gromacs_3000k_1 on alaska:ib-gcc9-openmpi4-ucx using gromacs|jobid=5233|hour_per_ns=35.178|hour/ns|ref=0 (l=None, u=None)|3000k-atoms,num_nodes=1,num_procs=32
2020-09-08T17:49:59+01:00|reframe 3.0-dev6 (rev: 3f0c45d4)|Gromacs_3000k_1 on alaska:ib-gcc9-openmpi4-ucx using gromacs|jobid=5233|core_t=162118.507|s|ref=0 (l=None, u=None)|3000k-atoms,num_nodes=1,num_procs=32
2020-09-08T17:49:59+01:00|reframe 3.0-dev6 (rev: 3f0c45d4)|Gromacs_3000k_1 on alaska:ib-gcc9-openmpi4-ucx using gromacs|jobid=5233|wall_t=2533.102|s|ref=0 (l=None, u=None)|3000k-atoms,num_nodes=1,num_procs=32
2020-09-08T17:49:59+01:00|reframe 3.0-dev6 (rev: 3f0c45d4)|Gromacs_3000k_1 on alaska:ib-gcc9-openmpi4-ucx using gromacs|jobid=5233|runtime_real=2545.166|s|ref=0 (l=None, u=None)|3000k-atoms,num_nodes=1,num_procs=32
2020-09-09T16:30:04+01:00|reframe 3.0-dev6 (rev: 3f0c45d4)|Gromacs_3000k_1 on alaska:ib-gcc9-openmpi4-ucx using gromacs|jobid=5271|ns_per_day=0.67|ns/day|ref=0 (l=None, u=None)|3000k-atoms,num_nodes=1,num_procs=32
2020-09-09T16:30:04+01:00|reframe 3.0-dev6 (rev: 3f0c45d4)|Gromacs_3000k_1 on alaska:ib-gcc9-openmpi4-ucx using gromacs|jobid=5271|hour_per_ns=35.834|hour/ns|ref=0 (l=None, u=None)|3000k-atoms,num_nodes=1,num_procs=32
2020-09-09T16:30:04+01:00|reframe 3.0-dev6 (rev: 3f0c45d4)|Gromacs_3000k_1 on alaska:ib-gcc9-openmpi4-ucx using gromacs|jobid=5271|core_t=165139.408|s|ref=0 (l=None, u=None)|3000k-atoms,num_nodes=1,num_procs=32
2020-09-09T16:30:04+01:00|reframe 3.0-dev6 (rev: 3f0c45d4)|Gromacs_3000k_1 on alaska:ib-gcc9-openmpi4-ucx using gromacs|jobid=5271|wall_t=2580.303|s|ref=0 (l=None, u=None)|3000k-atoms,num_nodes=1,num_procs=32
2020-09-09T16:30:04+01:00|reframe 3.0-dev6 (rev: 3f0c45d4)|Gromacs_3000k_1 on alaska:ib-gcc9-openmpi4-ucx using gromacs|jobid=5271|runtime_real=2591.944|s|ref=0 (l=None, u=None)|3000k-atoms,num_nodes=1,num_procs=32
2020-09-10T10:50:21+01:00|reframe 3.0-dev6 (rev: 3f0c45d4)|Gromacs_3000k_1 on alaska:ib-gcc9-openmpi4-ucx using gromacs|jobid=5317|ns_per_day=0.668|ns/day|ref=0 (l=None, u=None)|num_nodes=1,num_procs=32,3000k-atoms
2020-09-10T10:50:21+01:00|reframe 3.0-dev6 (rev: 3f0c45d4)|Gromacs_3000k_1 on alaska:ib-gcc9-openmpi4-ucx using gromacs|jobid=5317|hour_per_ns=35.937|hour/ns|ref=0 (l=None, u=None)|num_nodes=1,num_procs=32,3000k-atoms
2020-09-10T10:50:21+01:00|reframe 3.0-dev6 (rev: 3f0c45d4)|Gromacs_3000k_1 on alaska:ib-gcc9-openmpi4-ucx using gromacs|jobid=5317|core_t=165616.044|s|ref=0 (l=None, u=None)|num_nodes=1,num_procs=32,3000k-atoms
2020-09-10T10:50:21+01:00|reframe 3.0-dev6 (rev: 3f0c45d4)|Gromacs_3000k_1 on alaska:ib-gcc9-openmpi4-ucx using gromacs|jobid=5317|wall_t=2587.751|s|ref=0 (l=None, u=None)|num_nodes=1,num_procs=32,3000k-atoms
2020-09-10T10:50:21+01:00|reframe 3.0-dev6 (rev: 3f0c45d4)|Gromacs_3000k_1 on alaska:ib-gcc9-openmpi4-ucx using gromacs|jobid=5317|runtime_real=2599.352|s|ref=0 (l=None, u=None)|num_nodes=1,num_procs=32,3000k-atoms
2020-09-10T15:41:13+01:00|reframe 3.0-dev6 (rev: 3f0c45d4)|Gromacs_3000k_1 on alaska:ib-gcc9-openmpi4-ucx using gromacs|jobid=6411|ns_per_day=0.644|ns/day|ref=0 (l=None, u=None)|3000k-atoms,num_nodes=1,num_procs=32
2020-09-10T15:41:13+01:00|reframe 3.0-dev6 (rev: 3f0c45d4)|Gromacs_3000k_1 on alaska:ib-gcc9-openmpi4-ucx using gromacs|jobid=6411|hour_per_ns=37.251|hour/ns|ref=0 (l=None, u=None)|3000k-atoms,num_nodes=1,num_procs=32
2020-09-10T15:41:13+01:00|reframe 3.0-dev6 (rev: 3f0c45d4)|Gromacs_3000k_1 on alaska:ib-gcc9-openmpi4-ucx using gromacs|jobid=6411|core_t=171671.801|s|ref=0 (l=None, u=None)|3000k-atoms,num_nodes=1,num_procs=32
2020-09-10T15:41:13+01:00|reframe 3.0-dev6 (rev: 3f0c45d4)|Gromacs_3000k_1 on alaska:ib-gcc9-openmpi4-ucx using gromacs|jobid=6411|wall_t=2682.372|s|ref=0 (l=None, u=None)|3000k-atoms,num_nodes=1,num_procs=32
2020-09-10T15:41:13+01:00|reframe 3.0-dev6 (rev: 3f0c45d4)|Gromacs_3000k_1 on alaska:ib-gcc9-openmpi4-ucx using gromacs|jobid=6411|runtime_real=2694.058|s|ref=0 (l=None, u=None)|3000k-atoms,num_nodes=1,num_procs=32
