#------------------------------------------------------------
#    Intel(R) MPI Benchmarks 2019 Update 5, MPI-1 part    
#------------------------------------------------------------
# Date                  : Wed Oct  7 10:04:41 2020
# Machine               : x86_64
# System                : Linux
# Release               : 3.10.0-1127.8.2.el7.x86_64
# Version               : #1 SMP Tue May 12 16:57:42 UTC 2020
# MPI Version           : 3.1
# MPI Thread Environment: 


# Calling sequence was: 

# IMB-MPI1 biband -npmin 1 

# Minimum message length in bytes:   0
# Maximum message length in bytes:   4194304
#
# MPI_Datatype                   :   MPI_BYTE 
# MPI_Datatype for reductions    :   MPI_FLOAT 
# MPI_Op                         :   MPI_SUM  
# 
# 

# List of Benchmarks to run:

# Biband

#---------------------------------------------------
# Benchmarking Biband 
# #processes = 2 
# ( 2 additional processes waiting in MPI_Barrier)
#---------------------------------------------------
       #bytes #repetitions   Mbytes/sec      Msg/sec
            0         1000         0.00      4331661
            1         1000         4.32      4320876
            2         1000         8.64      4320206
            4         1000        17.32      4330362
            8         1000        34.62      4327918
           16         1000        69.36      4334857
           32         1000       132.86      4151817
           64         1000       266.45      4163306
          128         1000       541.82      4232972
          256         1000      1293.22      5051658
          512         1000       829.31      1619752
         1024         1000      1496.94      1461858
         2048         1000      2547.91      1244098
         4096         1000      4154.85      1014368
         8192         1000      5905.91       720936
        16384         1000      7480.98       456603
        32768         1000      8133.71       248221
        65536          640      8391.30       128041
       131072          320      7964.11        60761
       262144          160      7378.83        28148
       524288           80      7457.69        14224
      1048576           40      7358.13         7017
      2097152           20      7355.38         3507
      4194304           10      9080.57         2165

#---------------------------------------------------
# Benchmarking Biband 
# #processes = 4 
#---------------------------------------------------
       #bytes #repetitions   Mbytes/sec      Msg/sec
            0         1000         0.00       121881
            1         1000         0.12       121880
            2         1000         0.24       121879
            4         1000         0.49       121881
            8         1000         0.98       121882
           16         1000         1.95       121881
           32         1000         3.90       121883
           64         1000         7.80       121884
          128         1000        15.60       121880
          256         1000        31.23       122002
          512         1000        62.46       122001
         1024         1000      1650.39      1611707
         2048         1000      5617.36      2742849
         4096         1000      5801.36      1416349
         8192         1000      5953.12       726700
        16384         1000      5989.18       365551
        32768         1000      6030.07       184023
        65536          640      6051.36        92336
       131072          320      6061.97        46249
       262144          160      5970.23        22775
       524288           80      6036.01        11513
      1048576           40      6064.19         5783
      2097152           20      6088.25         2903
      4194304           10      6051.39         1443


# All processes entering MPI_Finalize

