#------------------------------------------------------------
#    Intel(R) MPI Benchmarks 2019 Update 5, MPI-1 part    
#------------------------------------------------------------
# Date                  : Fri Sep 11 15:06:54 2020
# Machine               : x86_64
# System                : Linux
# Release               : 3.10.0-1127.8.2.el7.x86_64
# Version               : #1 SMP Tue May 12 16:57:42 UTC 2020
# MPI Version           : 3.1
# MPI Thread Environment: 


# Calling sequence was: 

# /alaska/steveb/spack/opt/spack/linux-centos7-broadwell/gcc-9.3.0/intel-mpi-benchmarks-2019.5-dwg5q6jdcxgwtiwi2lj32w4ttotvwqnt/bin/IMB-MPI1 biband -npmin 2 

# Minimum message length in bytes:   0
# Maximum message length in bytes:   4194304
#
# MPI_Datatype                   :   MPI_BYTE 
# MPI_Datatype for reductions    :   MPI_FLOAT 
# MPI_Op                         :   MPI_SUM  
# 
# 

# List of Benchmarks to run:

# Biband

#---------------------------------------------------
# Benchmarking Biband 
# #processes = 2 
#---------------------------------------------------
       #bytes #repetitions   Mbytes/sec      Msg/sec
            0         1000         0.00      7554841
            1         1000         9.70      9696697
            2         1000        17.75      8875892
            4         1000        33.33      8331529
            8         1000        62.27      7783775
           16         1000       118.36      7397468
           32         1000       280.51      8766002
           64         1000       437.62      6837806
          128         1000       956.50      7472641
          256         1000      1591.20      6215628
          512         1000      2739.73      5351038
         1024         1000      4088.48      3992654
         2048         1000      4891.15      2388255
         4096         1000      5299.73      1293880
         8192         1000      5654.67       690268
        16384         1000      5831.30       355914
        32768         1000      5907.95       180296
        65536          640      5948.04        90760
       131072          320      4793.52        36572
       262144          160      4800.62        18313
       524288           80      4581.49         8738
      1048576           40      6115.58         5832
      2097152           20      6122.03         2919
      4194304           10      6124.37         1460


# All processes entering MPI_Finalize

