#------------------------------------------------------------
#    Intel(R) MPI Benchmarks 2019 Update 5, MPI-1 part    
#------------------------------------------------------------
# Date                  : Wed Oct  7 09:35:29 2020
# Machine               : x86_64
# System                : Linux
# Release               : 3.10.0-1127.8.2.el7.x86_64
# Version               : #1 SMP Tue May 12 16:57:42 UTC 2020
# MPI Version           : 3.1
# MPI Thread Environment: 


# Calling sequence was: 

# /alaska/steveb/spack/opt/spack/linux-centos7-broadwell/gcc-9.3.0/intel-mpi-benchmarks-2019.5-dwg5q6jdcxgwtiwi2lj32w4ttotvwqnt/bin/IMB-MPI1 uniband -npmin 1 

# Minimum message length in bytes:   0
# Maximum message length in bytes:   4194304
#
# MPI_Datatype                   :   MPI_BYTE 
# MPI_Datatype for reductions    :   MPI_FLOAT 
# MPI_Op                         :   MPI_SUM  
# 
# 

# List of Benchmarks to run:

# Uniband

#---------------------------------------------------
# Benchmarking Uniband 
# #processes = 2 
# ( 30 additional processes waiting in MPI_Barrier)
#---------------------------------------------------
       #bytes #repetitions   Mbytes/sec      Msg/sec
            0         1000         0.00      7748010
            1         1000         8.23      8232745
            2         1000        17.12      8561600
            4         1000        30.76      7689448
            8         1000        67.90      8487724
           16         1000       113.26      7078807
           32         1000       267.65      8364155
           64         1000       529.16      8268177
          128         1000       468.70      3661705
          256         1000       797.86      3116623
          512         1000      1360.72      2657652
         1024         1000      2456.72      2399145
         2048         1000      4431.88      2164006
         4096         1000      6113.34      1492515
         8192         1000      8703.53      1062443
        16384         1000      6428.88       392388
        32768         1000      8339.84       254512
        65536          640     10242.16       156283
       131072          320     10425.85        79543
       262144          160      9566.71        36494
       524288           80      9199.98        17548
      1048576           40      9363.81         8930
      2097152           20      9501.03         4530
      4194304           10      9509.81         2267

#---------------------------------------------------
# Benchmarking Uniband 
# #processes = 4 
# ( 28 additional processes waiting in MPI_Barrier)
#---------------------------------------------------
       #bytes #repetitions   Mbytes/sec      Msg/sec
            0         1000         0.00     14942063
            1         1000        15.89     15893318
            2         1000        31.86     15929538
            4         1000        63.20     15800524
            8         1000       128.09     16011673
           16         1000       253.50     15843712
           32         1000       462.21     14443942
           64         1000       968.52     15133086
          128         1000       533.28      4166229
          256         1000       790.43      3087616
          512         1000      1356.32      2649060
         1024         1000      2762.94      2698180
         2048         1000      3943.98      1925772
         4096         1000      5439.74      1328061
         8192         1000      6837.52       834658
        16384         1000     12243.53       747286
        32768         1000     16747.60       511096
        65536          640     20501.57       312829
       131072          320     20951.37       159846
       262144          160     18672.25        71229
       524288           80     18021.84        34374
      1048576           40     18607.79        17746
      2097152           20     18635.12         8886
      4194304           10     18663.49         4450

#---------------------------------------------------
# Benchmarking Uniband 
# #processes = 8 
# ( 24 additional processes waiting in MPI_Barrier)
#---------------------------------------------------
       #bytes #repetitions   Mbytes/sec      Msg/sec
            0         1000         0.00     33124777
            1         1000        33.06     33056157
            2         1000        65.78     32890544
            4         1000       132.36     33089839
            8         1000       264.90     33112210
           16         1000       478.08     29880083
           32         1000      1022.44     31951370
           64         1000      2034.30     31785918
          128         1000      1080.35      8440208
          256         1000      1599.19      6246820
          512         1000      2728.92      5329925
         1024         1000      5271.12      5147576
         2048         1000      7821.41      3819046
         4096         1000     10662.40      2603125
         8192         1000     13491.46      1646907
        16384         1000     24334.17      1485240
        32768         1000     31784.58       969988
        65536          640     31991.52       488152
       131072          320     33672.54       256901
       262144          160     36816.27       140443
       524288           80     35871.99        68420
      1048576           40     36494.72        34804
      2097152           20     36745.15        17521
      4194304           10     36669.24         8743

#---------------------------------------------------
# Benchmarking Uniband 
# #processes = 16 
# ( 16 additional processes waiting in MPI_Barrier)
#---------------------------------------------------
       #bytes #repetitions   Mbytes/sec      Msg/sec
            0         1000         0.00     63710159
            1         1000        63.08     63079644
            2         1000       125.33     62664494
            4         1000       255.98     63996232
            8         1000       509.97     63746472
           16         1000      1021.52     63845239
           32         1000      1779.81     55619099
           64         1000      4046.14     63220921
          128         1000      2033.57     15887257
          256         1000      3127.24     12215792
          512         1000      4600.56      8985465
         1024         1000     10012.49      9777821
         2048         1000     14733.01      7193851
         4096         1000     19797.76      4833439
         8192         1000     24331.38      2970140
        16384         1000     47061.64      2872415
        32768         1000     64910.58      1980914
        65536          640     64153.86       978910
       131072          320     66362.29       506304
       262144          160     71527.46       272856
       524288           80     70228.02       133949
      1048576           40     71632.31        68314
      2097152           20     72101.46        34381
      4194304           10     47944.55        11431

#---------------------------------------------------
# Benchmarking Uniband 
# #processes = 32 
#---------------------------------------------------
       #bytes #repetitions   Mbytes/sec      Msg/sec
            0         1000         0.00     77660938
            1         1000        77.68     77678228
            2         1000       157.04     78519882
            4         1000       310.18     77544188
            8         1000       616.66     77082511
           16         1000      1229.59     76849351
           32         1000      1342.87     41964836
           64         1000      2721.29     42520142
          128         1000      5125.88     40045959
          256         1000      7995.07     31230750
          512         1000     10006.93     19544787
         1024         1000     11719.07     11444400
         2048         1000     12235.47      5974352
         4096         1000     12185.61      2975002
         8192         1000     12295.77      1500949
        16384         1000     12337.65       753031
        32768         1000     12325.56       376146
        65536          640     12317.07       187944
       131072          320     12313.92        93948
       262144          160     12384.09        47242
       524288           80     12388.68        23630
      1048576           40     12390.49        11816
      2097152           20     12391.74         5909
      4194304           10     12392.49         2955


# All processes entering MPI_Finalize

