[0] MPI startup(): I_MPI_OFA_TRANSLATION_CACHE variable has been removed from the product, its value is ignored

#------------------------------------------------------------
#    Intel(R) MPI Benchmarks 2019 Update 6, MPI-1 part    
#------------------------------------------------------------
# Date                  : Thu Oct  1 16:22:48 2020
# Machine               : x86_64
# System                : Linux
# Release               : 3.10.0-1127.19.1.el7.x86_64
# Version               : #1 SMP Tue Aug 25 17:23:54 UTC 2020
# MPI Version           : 3.1
# MPI Thread Environment: 


# Calling sequence was: 

# /usr/local/Cluster-Apps/intel/2020.2/compilers_and_libraries_2020.2.254/linux/mpi/intel64/bin/IMB-MPI1 biband -npmin 1 

# Minimum message length in bytes:   0
# Maximum message length in bytes:   4194304
#
# MPI_Datatype                   :   MPI_BYTE 
# MPI_Datatype for reductions    :   MPI_FLOAT 
# MPI_Op                         :   MPI_SUM  
# 
# 

# List of Benchmarks to run:

# Biband

#---------------------------------------------------
# Benchmarking Biband 
# #processes = 2 
# ( 110 additional processes waiting in MPI_Barrier)
#---------------------------------------------------
       #bytes #repetitions   Mbytes/sec      Msg/sec
            0         1000         0.00      4445049
            1         1000         4.42      4417298
            2         1000         8.83      4413944
            4         1000        17.66      4414569
            8         1000        35.25      4406328
           16         1000        70.59      4411908
           32         1000       142.66      4458082
           64         1000       283.22      4425362
          128         1000       578.14      4516692
          256         1000      1419.83      5546220
          512         1000       892.99      1744129
         1024         1000      1618.52      1580584
         2048         1000      2575.53      1257585
         4096         1000      3609.40       881200
         8192         1000      4805.05       586554
        16384         1000      5958.00       363647
        32768         1000      5976.81       182398
        65536          640      6016.19        91800
       131072          320      6178.68        47140
       262144          160      6375.38        24320
       524288           80      6440.48        12284
      1048576           40      5970.83         5694
      2097152           20      5964.81         2844
      4194304           10      4860.81         1159

#---------------------------------------------------
# Benchmarking Biband 
# #processes = 4 
# ( 108 additional processes waiting in MPI_Barrier)
#---------------------------------------------------
       #bytes #repetitions   Mbytes/sec      Msg/sec
            0         1000         0.00     14820556
            1         1000        14.60     14604360
            2         1000        29.42     14707993
            4         1000        58.25     14561431
            8         1000       116.32     14540039
           16         1000       234.19     14636778
           32         1000       461.77     14430357
           64         1000       919.06     14360322
          128         1000      1814.32     14174410
          256         1000      3664.86     14315846
          512         1000      3099.19      6053109
         1024         1000      5281.37      5157583
         2048         1000      8864.01      4328129
         4096         1000     14048.77      3429875
         8192         1000     19612.29      2394078
        16384         1000     22748.70      1388471
        32768         1000     23395.21       713965
        65536          640     24682.23       376621
       131072          320     24838.32       189501
       262144          160     22949.24        87544
       524288           80     17311.77        33020
      1048576           40     22437.73        21398
      2097152           20     22625.39        10789
      4194304           10     12790.93         3050

#---------------------------------------------------
# Benchmarking Biband 
# #processes = 8 
# ( 104 additional processes waiting in MPI_Barrier)
#---------------------------------------------------
       #bytes #repetitions   Mbytes/sec      Msg/sec
            0         1000         0.00     29614431
            1         1000        29.05     29053161
            2         1000        58.62     29307972
            4         1000       116.61     29152725
            8         1000       232.61     29076793
           16         1000       466.93     29182899
           32         1000       919.04     28719912
           64         1000      1838.52     28726857
          128         1000      3628.71     28349279
          256         1000      7274.16     28414705
          512         1000      6240.23     12187941
         1024         1000     10580.18     10332209
         2048         1000     17755.01      8669440
         4096         1000     28250.93      6897200
         8192         1000     39253.46      4791682
        16384         1000     45869.02      2799623
        32768         1000     48521.83      1480769
        65536          640     50572.33       771673
       131072          320     49597.80       378401
       262144          160     35717.17       136250
       524288           80     28650.17        54646
      1048576           40     45178.72        43086
      2097152           20     44908.71        21414
      4194304           10     24486.41         5838

#---------------------------------------------------
# Benchmarking Biband 
# #processes = 16 
# ( 96 additional processes waiting in MPI_Barrier)
#---------------------------------------------------
       #bytes #repetitions   Mbytes/sec      Msg/sec
            0         1000         0.00     59042043
            1         1000        58.40     58397657
            2         1000       116.16     58080057
            4         1000       232.74     58185178
            8         1000       463.61     57950629
           16         1000       929.41     58087920
           32         1000      1833.89     57309028
           64         1000      3660.90     57201607
          128         1000      7207.68     56309983
          256         1000     14317.71     55928537
          512         1000     12206.64     23841102
         1024         1000     20970.48     20478988
         2048         1000     35035.93     17107386
         4096         1000     55877.85     13642053
         8192         1000     78428.73      9573819
        16384         1000     91294.08      5572149
        32768         1000     97172.69      2965475
        65536          640    100195.18      1528857
       131072          320     83639.26       638117
       262144          160     59373.77       226493
       524288           80     51557.20        98338
      1048576           40     79257.95        75586
      2097152           20     56810.39        27089
      4194304           10     43460.54        10362

#---------------------------------------------------
# Benchmarking Biband 
# #processes = 32 
# ( 80 additional processes waiting in MPI_Barrier)
#---------------------------------------------------
       #bytes #repetitions   Mbytes/sec      Msg/sec
            0         1000         0.00    118106201
            1         1000       116.58    116576758
            2         1000       233.70    116851418
            4         1000       463.87    115966323
            8         1000       930.32    116289804
           16         1000      1860.51    116282157
           32         1000      3631.14    113473187
           64         1000      7246.53    113227040
          128         1000     14315.60    111840589
          256         1000     28935.99    113031193
          512         1000     23737.68     46362654
         1024         1000     39961.28     39024684
         2048         1000     67095.13     32761292
         4096         1000    107188.86     26169155
         8192         1000    147286.58     17979319
        16384         1000    173333.44     10579434
        32768         1000    187418.94      5719572
        65536          640    173625.87      2649321
       131072          320    104264.11       795472
       262144          160     84184.33       321138
       524288           80     73791.36       140746
      1048576           40     82863.43        79025
      2097152           20     52953.62        25250
      4194304           10     54474.53        12988

#---------------------------------------------------
# Benchmarking Biband 
# #processes = 64 
# ( 48 additional processes waiting in MPI_Barrier)
#---------------------------------------------------
       #bytes #repetitions   Mbytes/sec      Msg/sec
            0         1000         0.00    159874337
            1         1000       159.06    159055987
            2         1000       318.47    159233105
            4         1000       635.89    158971475
            8         1000      1272.01    159000633
           16         1000      2557.35    159834649
           32         1000      4851.33    151604013
           64         1000      7239.55    113117933
          128         1000     12765.52     99730594
          256         1000     22166.40     86587499
          512         1000     36825.59     71924989
         1024         1000     38416.32     37515938
         2048         1000     42664.04     20832049
         4096         1000     44351.65     10828040
         8192         1000     45262.17      5525167
        16384         1000     45365.88      2768914
        32768         1000     45291.65      1382192
        65536          640     45226.11       690096
       131072          320     46076.94       351539
       262144          160     46159.52       176085
       524288           80     46202.49        88124
      1048576           40     46195.46        44055
      2097152           20     46224.62        22042
      4194304           10     46090.50        10989

#---------------------------------------------------
# Benchmarking Biband 
# #processes = 112 
#---------------------------------------------------
       #bytes #repetitions   Mbytes/sec      Msg/sec
            0         1000         0.00    122049391
            1         1000       121.56    121561237
            2         1000       242.22    121111125
            4         1000       454.03    113507650
            8         1000       904.84    113105314
           16         1000      1687.02    105438440
           32         1000      2978.50     93078243
           64         1000      4630.71     72354783
          128         1000      6538.69     51083529
          256         1000      8857.70     34600387
          512         1000     10344.83     20204744
         1024         1000     10486.07     10240301
         2048         1000     10936.77      5340219
         4096         1000     11173.21      2727835
         8192         1000     11300.11      1379408
        16384          966     11330.49       691558
        32768          482     11305.50       345017
        65536          241     11292.26       172306
       131072          123     11500.20        87740
       262144           62     11519.40        43943
       524288           31     11534.99        22001
      1048576           16     11542.19        11007
      2097152            8     11544.27         5505
      4194304            4     11546.06         2753


# All processes entering MPI_Finalize

