#------------------------------------------------------------
#    Intel(R) MPI Benchmarks 2019 Update 5, MPI-1 part    
#------------------------------------------------------------
# Date                  : Wed Oct  7 09:35:11 2020
# Machine               : x86_64
# System                : Linux
# Release               : 3.10.0-1127.8.2.el7.x86_64
# Version               : #1 SMP Tue May 12 16:57:42 UTC 2020
# MPI Version           : 3.1
# MPI Thread Environment: 


# Calling sequence was: 

# IMB-MPI1 uniband -npmin 1 

# Minimum message length in bytes:   0
# Maximum message length in bytes:   4194304
#
# MPI_Datatype                   :   MPI_BYTE 
# MPI_Datatype for reductions    :   MPI_FLOAT 
# MPI_Op                         :   MPI_SUM  
# 
# 

# List of Benchmarks to run:

# Uniband

#---------------------------------------------------
# Benchmarking Uniband 
# #processes = 2 
# ( 30 additional processes waiting in MPI_Barrier)
#---------------------------------------------------
       #bytes #repetitions   Mbytes/sec      Msg/sec
            0         1000         0.00      4557986
            1         1000         4.44      4444564
            2         1000         8.88      4438901
            4         1000        17.75      4436707
            8         1000        35.48      4434604
           16         1000        70.99      4437102
           32         1000       137.74      4304455
           64         1000       274.13      4283295
          128         1000       546.76      4271540
          256         1000      1110.59      4338233
          512         1000      1212.19      2367551
         1024         1000      2365.86      2310411
         2048         1000      4159.32      2030919
         4096         1000      6350.00      1550292
         8192         1000      8593.75      1049042
        16384         1000      9202.39       561669
        32768         1000      9636.44       294081
        65536          640      9915.97       151306
       131072          320     10014.65        76406
       262144          160      9704.97        37022
       524288           80      8913.58        17001
      1048576           40      9220.86         8794
      2097152           20      9234.04         4403
      4194304           10      9252.69         2206

#---------------------------------------------------
# Benchmarking Uniband 
# #processes = 4 
# ( 28 additional processes waiting in MPI_Barrier)
#---------------------------------------------------
       #bytes #repetitions   Mbytes/sec      Msg/sec
            0         1000         0.00      8985046
            1         1000         8.79      8789300
            2         1000        17.50      8749812
            4         1000        35.07      8768590
            8         1000        70.11      8763866
           16         1000       140.15      8759430
           32         1000       271.80      8493802
           64         1000       541.81      8465838
          128         1000      1085.48      8480299
          256         1000      2192.42      8564144
          512         1000      2372.04      4632892
         1024         1000      4615.57      4507394
         2048         1000      8180.32      3994295
         4096         1000     12470.88      3044648
         8192         1000     16754.35      2045209
        16384         1000     17980.90      1097467
        32768         1000     18884.77       576318
        65536          640     19386.37       295812
       131072          320     19511.44       148860
       262144          160     18776.70        71627
       524288           80     17072.20        32563
      1048576           40     18081.66        17244
      2097152           20     18135.86         8648
      4194304           10     18079.80         4311

#---------------------------------------------------
# Benchmarking Uniband 
# #processes = 8 
# ( 24 additional processes waiting in MPI_Barrier)
#---------------------------------------------------
       #bytes #repetitions   Mbytes/sec      Msg/sec
            0         1000         0.00     18034518
            1         1000        17.57     17569924
            2         1000        35.18     17590551
            4         1000        70.50     17625994
            8         1000       140.58     17572880
           16         1000       278.99     17436931
           32         1000       539.16     16848834
           64         1000      1070.49     16726451
          128         1000      2157.70     16857030
          256         1000      4396.62     17174290
          512         1000      4769.24      9314930
         1024         1000      9298.30      9080374
         2048         1000     16195.85      7908128
         4096         1000     24170.56      5901015
         8192         1000     32397.00      3954712
        16384         1000     34920.29      2131365
        32768         1000     36987.32      1128763
        65536          640     37316.13       569399
       131072          320     37593.62       286817
       262144          160     35533.75       135551
       524288           80     32751.06        62468
      1048576           40     35097.52        33472
      2097152           20     34801.43        16595
      4194304           10     34217.59         8158

#---------------------------------------------------
# Benchmarking Uniband 
# #processes = 16 
# ( 16 additional processes waiting in MPI_Barrier)
#---------------------------------------------------
       #bytes #repetitions   Mbytes/sec      Msg/sec
            0         1000         0.00     33574211
            1         1000        33.04     33035800
            2         1000        65.85     32923618
            4         1000       132.08     33020922
            8         1000       263.35     32919005
           16         1000       528.94     33058919
           32         1000      1006.26     31445744
           64         1000      1986.66     31041625
          128         1000      3881.75     30326165
          256         1000      7646.73     29870046
          512         1000      6778.05     13238384
         1024         1000     11740.02     11464865
         2048         1000     16267.21      7942973
         4096         1000     18248.34      4455162
         8192         1000     18257.93      2228751
        16384         1000     18468.60      1127234
        32768         1000     18356.73       560203
        65536          640     18311.21       279407
       131072          320     18470.09       140916
       262144          160     18534.72        70704
       524288           80     18581.48        35441
      1048576           40     17564.00        16750
      2097152           20     17532.50         8360
      4194304           10     17558.25         4186

#---------------------------------------------------
# Benchmarking Uniband 
# #processes = 32 
#---------------------------------------------------
       #bytes #repetitions   Mbytes/sec      Msg/sec
            0         1000         0.00     21166319
            1         1000        20.61     20612810
            2         1000        41.21     20603843
            4         1000        82.37     20592711
            8         1000       160.67     20084201
           16         1000       305.49     19092831
           32         1000       556.66     17395768
           64         1000       945.71     14776757
          128         1000      1451.57     11340399
          256         1000      1983.03      7746204
          512         1000      2426.57      4739401
         1024         1000      2731.87      2667840
         2048         1000      2915.25      1423462
         4096         1000      2959.27       722478
         8192         1000      3010.59       367504
        16384         1000      3025.42       184657
        32768          906      3038.65        92732
        65536          454      3045.31        46468
       131072          228      3048.65        23259
       262144          114      3060.02        11673
       524288           57      3061.33         5839
      1048576           29      3061.98         2920
      2097152           15      3061.72         1460
      4194304            8      3060.85          730


# All processes entering MPI_Finalize

