#------------------------------------------------------------
#    Intel(R) MPI Benchmarks 2019 Update 5, MPI-1 part    
#------------------------------------------------------------
# Date                  : Wed Oct  7 09:34:52 2020
# Machine               : x86_64
# System                : Linux
# Release               : 3.10.0-1127.8.2.el7.x86_64
# Version               : #1 SMP Tue May 12 16:57:42 UTC 2020
# MPI Version           : 3.1
# MPI Thread Environment: 


# Calling sequence was: 

# IMB-MPI1 uniband -npmin 1 

# Minimum message length in bytes:   0
# Maximum message length in bytes:   4194304
#
# MPI_Datatype                   :   MPI_BYTE 
# MPI_Datatype for reductions    :   MPI_FLOAT 
# MPI_Op                         :   MPI_SUM  
# 
# 

# List of Benchmarks to run:

# Uniband

#---------------------------------------------------
# Benchmarking Uniband 
# #processes = 2 
# ( 14 additional processes waiting in MPI_Barrier)
#---------------------------------------------------
       #bytes #repetitions   Mbytes/sec      Msg/sec
            0         1000         0.00      4475569
            1         1000         4.39      4386605
            2         1000         8.78      4388024
            4         1000        16.97      4241916
            8         1000        35.12      4390299
           16         1000        70.34      4396537
           32         1000       136.27      4258353
           64         1000       271.86      4247788
          128         1000       543.05      4242588
          256         1000      1098.26      4290093
          512         1000      1205.82      2355108
         1024         1000      2351.26      2296150
         2048         1000      4155.53      2029069
         4096         1000      6279.40      1533056
         8192         1000      8413.38      1027024
        16384         1000      9291.17       567088
        32768         1000      9698.43       295973
        65536          640      9699.58       148004
       131072          320      9782.75        74636
       262144          160      9424.52        35952
       524288           80      8910.98        16996
      1048576           40      8939.79         8526
      2097152           20      9014.73         4299
      4194304           10      9040.32         2155

#---------------------------------------------------
# Benchmarking Uniband 
# #processes = 4 
# ( 12 additional processes waiting in MPI_Barrier)
#---------------------------------------------------
       #bytes #repetitions   Mbytes/sec      Msg/sec
            0         1000         0.00      8934907
            1         1000         8.75      8752099
            2         1000        17.56      8778832
            4         1000        34.95      8737896
            8         1000        69.72      8715078
           16         1000       139.49      8717824
           32         1000       271.52      8484871
           64         1000       538.73      8417610
          128         1000      1073.49      8386662
          256         1000      2168.28      8469860
          512         1000      2374.89      4638449
         1024         1000      4691.22      4581267
         2048         1000      8102.43      3956267
         4096         1000     12348.12      3014679
         8192         1000     16384.83      2000101
        16384         1000     17929.67      1094340
        32768         1000     18722.47       571364
        65536          640     18836.42       287421
       131072          320     19049.77       145338
       262144          160     18416.19        70252
       524288           80     17182.59        32773
      1048576           40     17647.62        16830
      2097152           20     17762.27         8470
      4194304           10     17728.44         4227

#---------------------------------------------------
# Benchmarking Uniband 
# #processes = 8 
# ( 8 additional processes waiting in MPI_Barrier)
#---------------------------------------------------
       #bytes #repetitions   Mbytes/sec      Msg/sec
            0         1000         0.00     17096103
            1         1000        16.79     16786203
            2         1000        33.56     16780700
            4         1000        67.10     16776018
            8         1000       134.33     16790906
           16         1000       267.25     16702997
           32         1000       513.52     16047368
           64         1000      1024.76     16011823
          128         1000      2008.68     15692780
          256         1000      4166.27     16274479
          512         1000      3585.97      7003838
         1024         1000      6259.29      6112589
         2048         1000     10144.17      4953207
         4096         1000     13087.03      3195077
         8192         1000     16386.54      2000310
        16384         1000     17568.23      1072280
        32768         1000     17575.01       536347
        65536          640     17924.22       273502
       131072          320     17382.98       132622
       262144          160     16538.83        63091
       524288           80     16702.22        31857
      1048576           40     16946.62        16162
      2097152           20     16767.52         7995
      4194304           10     18305.65         4364

#---------------------------------------------------
# Benchmarking Uniband 
# #processes = 16 
#---------------------------------------------------
       #bytes #repetitions   Mbytes/sec      Msg/sec
            0         1000         0.00     20938725
            1         1000        19.58     19581144
            2         1000        41.49     20743463
            4         1000        82.89     20722084
            8         1000       165.99     20748691
           16         1000       331.89     20743262
           32         1000       623.65     19488984
           64         1000      1293.39     20209242
          128         1000      2177.87     17014614
          256         1000      4322.43     16884501
          512         1000      7916.15     15461223
         1024         1000     10970.20     10713084
         2048         1000     11867.69      5794769
         4096         1000     12095.62      2953032
         8192         1000     12248.37      1495162
        16384         1000     12272.99       749084
        32768         1000     12309.26       375649
        65536          640     12326.50       188087
       131072          320     12335.63        94113
       262144          160     12363.01        47161
       524288           80     12361.53        23578
      1048576           40     12354.48        11782
      2097152           20     12324.84         5877
      4194304           10     12231.14         2916


# All processes entering MPI_Finalize

