#------------------------------------------------------------
#    Intel(R) MPI Benchmarks 2019 Update 5, MPI-1 part    
#------------------------------------------------------------
# Date                  : Wed Oct  7 09:35:04 2020
# Machine               : x86_64
# System                : Linux
# Release               : 3.10.0-1127.8.2.el7.x86_64
# Version               : #1 SMP Tue May 12 16:57:42 UTC 2020
# MPI Version           : 3.1
# MPI Thread Environment: 


# Calling sequence was: 

# /alaska/steveb/spack/opt/spack/linux-centos7-broadwell/gcc-9.3.0/intel-mpi-benchmarks-2019.5-dwg5q6jdcxgwtiwi2lj32w4ttotvwqnt/bin/IMB-MPI1 uniband -npmin 1 

# Minimum message length in bytes:   0
# Maximum message length in bytes:   4194304
#
# MPI_Datatype                   :   MPI_BYTE 
# MPI_Datatype for reductions    :   MPI_FLOAT 
# MPI_Op                         :   MPI_SUM  
# 
# 

# List of Benchmarks to run:

# Uniband

#---------------------------------------------------
# Benchmarking Uniband 
# #processes = 2 
# ( 14 additional processes waiting in MPI_Barrier)
#---------------------------------------------------
       #bytes #repetitions   Mbytes/sec      Msg/sec
            0         1000         0.00      8839028
            1         1000         9.15      9150113
            2         1000        18.48      9240727
            4         1000        36.57      9142616
            8         1000        73.41      9176661
           16         1000       146.95      9184336
           32         1000       279.31      8728378
           64         1000       580.88      9076314
          128         1000       620.53      4847873
          256         1000      1092.97      4269421
          512         1000      1922.14      3754186
         1024         1000      2980.77      2910904
         2048         1000      4642.74      2266962
         4096         1000      6925.71      1690847
         8192         1000      8583.61      1047804
        16384         1000      6283.40       383508
        32768         1000      8302.38       253368
        65536          640      9956.95       151931
       131072          320     10366.87        79093
       262144          160      9216.12        35157
       524288           80      8933.65        17040
      1048576           40      9141.17         8718
      2097152           20      9207.82         4391
      4194304           10      8764.24         2090

#---------------------------------------------------
# Benchmarking Uniband 
# #processes = 4 
# ( 12 additional processes waiting in MPI_Barrier)
#---------------------------------------------------
       #bytes #repetitions   Mbytes/sec      Msg/sec
            0         1000         0.00     16416501
            1         1000        16.83     16833066
            2         1000        34.10     17049052
            4         1000        65.47     16368316
            8         1000       136.23     17029066
           16         1000       259.90     16243552
           32         1000       486.66     15208047
           64         1000      1055.04     16484937
          128         1000       527.11      4118085
          256         1000       794.67      3104178
          512         1000      1341.27      2619663
         1024         1000      2688.04      2625036
         2048         1000      3825.52      1867931
         4096         1000      5228.61      1276515
         8192         1000      6537.45       798029
        16384         1000     11653.84       711294
        32768         1000     15943.54       486558
        65536          640     20131.58       307184
       131072          320     21049.07       160592
       262144          160     18047.61        68846
       524288           80     17583.29        33537
      1048576           40     17930.43        17100
      2097152           20     18062.72         8613
      4194304           10     18131.53         4323

#---------------------------------------------------
# Benchmarking Uniband 
# #processes = 8 
# ( 8 additional processes waiting in MPI_Barrier)
#---------------------------------------------------
       #bytes #repetitions   Mbytes/sec      Msg/sec
            0         1000         0.00     33799940
            1         1000        32.85     32852165
            2         1000        67.77     33886002
            4         1000       128.09     32021775
            8         1000       273.89     34236124
           16         1000       546.28     34142775
           32         1000       968.60     30268602
           64         1000      1956.24     30566226
          128         1000      1011.77      7904441
          256         1000      1556.81      6081283
          512         1000      2466.43      4817256
         1024         1000      5349.54      5224160
         2048         1000      7653.19      3736908
         4096         1000     10390.32      2536700
         8192         1000     13073.91      1595937
        16384         1000     24211.33      1477743
        32768         1000     32220.32       983286
        65536          640     38473.47       587059
       131072          320     40814.73       311392
       262144          160     36418.58       138926
       524288           80     35730.30        68150
      1048576           40     36206.06        34529
      2097152           20     36479.15        17395
      4194304           10     35619.82         8492

#---------------------------------------------------
# Benchmarking Uniband 
# #processes = 16 
#---------------------------------------------------
       #bytes #repetitions   Mbytes/sec      Msg/sec
            0         1000         0.00     42464138
            1         1000        42.42     42422855
            2         1000        84.65     42327115
            4         1000       170.00     42499438
            8         1000       339.78     42471908
           16         1000       680.51     42532010
           32         1000      1262.67     39458530
           64         1000      2368.33     37005131
          128         1000      3697.85     28889443
          256         1000      6380.12     24922325
          512         1000     10126.06     19777466
         1024         1000     11937.36     11657581
         2048         1000     12230.68      5972011
         4096         1000     12189.07      2975848
         8192         1000     12295.25      1500884
        16384         1000     12337.04       752993
        32768         1000     12325.92       376157
        65536          640     12321.67       188014
       131072          320     12319.45        93990
       262144          160     12318.48        46991
       524288           80     12389.36        23631
      1048576           40     12391.06        11817
      2097152           20     12390.81         5908
      4194304           10     12392.29         2955


# All processes entering MPI_Finalize

