#------------------------------------------------------------
#    Intel(R) MPI Benchmarks 2019 Update 6, MPI-1 part    
#------------------------------------------------------------
# Date                  : Thu Oct  1 16:23:28 2020
# Machine               : x86_64
# System                : Linux
# Release               : 3.10.0-1127.19.1.el7.x86_64
# Version               : #1 SMP Tue Aug 25 17:23:54 UTC 2020
# MPI Version           : 3.1
# MPI Thread Environment: 


# Calling sequence was: 

# /home/hpcbras1/spack/opt/spack/linux-scientific7-skylake_avx512/gcc-9.1.0/intel-mpi-benchmarks-2019.6-5tbknirppyjnbofzuo2idr3bqgxprrmf/bin/IMB-MPI1 biband -npmin 1 

# Minimum message length in bytes:   0
# Maximum message length in bytes:   4194304
#
# MPI_Datatype                   :   MPI_BYTE 
# MPI_Datatype for reductions    :   MPI_FLOAT 
# MPI_Op                         :   MPI_SUM  
# 
# 

# List of Benchmarks to run:

# Biband

#---------------------------------------------------
# Benchmarking Biband 
# #processes = 2 
# ( 110 additional processes waiting in MPI_Barrier)
#---------------------------------------------------
       #bytes #repetitions   Mbytes/sec      Msg/sec
            0         1000         0.00      8678667
            1         1000         8.82      8822611
            2         1000        17.40      8701598
            4         1000        34.46      8615723
            8         1000        68.17      8521052
           16         1000       139.78      8736211
           32         1000       289.30      9040513
           64         1000       568.80      8887485
          128         1000       354.33      2768186
          256         1000       556.16      2172518
          512         1000      1041.07      2033341
         1024         1000      1552.06      1515682
         2048         1000      2098.06      1024442
         4096         1000      2775.97       677728
         8192         1000      3340.22       407741
        16384         1000      7916.22       483167
        32768         1000     14787.91       451291
        65536          640     20576.90       313979
       131072          320     23474.61       179097
       262144          160     23336.65        89022
       524288           80     24434.56        46605
      1048576           40     24477.12        23343
      2097152           20     23740.55        11320
      4194304           10     24715.08         5893

#---------------------------------------------------
# Benchmarking Biband 
# #processes = 4 
# ( 108 additional processes waiting in MPI_Barrier)
#---------------------------------------------------
       #bytes #repetitions   Mbytes/sec      Msg/sec
            0         1000         0.00     22980992
            1         1000        22.66     22656628
            2         1000        45.43     22712630
            4         1000        87.77     21942351
            8         1000       177.10     22137135
           16         1000       358.09     22380684
           32         1000       697.25     21789070
           64         1000      1401.30     21895384
          128         1000      1586.68     12395968
          256         1000      2681.10     10473061
          512         1000      4927.79      9624586
         1024         1000      7620.69      7442079
         2048         1000     12530.06      6118192
         4096         1000     17071.29      4167795
         8192         1000     21673.63      2645707
        16384         1000     17487.08      1067327
        32768         1000     22227.79       678338
        65536          640     23161.81       353421
       131072          320     24108.84       183936
       262144          160     23862.56        91028
       524288           80     24574.28        46872
      1048576           40     24733.74        23588
      2097152           20     24644.94        11752
      4194304           10     24789.38         5910

#---------------------------------------------------
# Benchmarking Biband 
# #processes = 8 
# ( 104 additional processes waiting in MPI_Barrier)
#---------------------------------------------------
       #bytes #repetitions   Mbytes/sec      Msg/sec
            0         1000         0.00     44761157
            1         1000        43.47     43474875
            2         1000        87.75     43874153
            4         1000       177.71     44427638
            8         1000       355.99     44499033
           16         1000       693.56     43347357
           32         1000      1368.99     42781028
           64         1000      2745.07     42891655
          128         1000      3081.08     24070958
          256         1000      5268.61     20580520
          512         1000      9783.48     19108361
         1024         1000     15323.29     14964148
         2048         1000     25005.01     12209480
         4096         1000     34890.79      8518260
         8192         1000     43925.20      5361963
        16384         1000     21734.84      1326589
        32768         1000     23213.78       708428
        65536          640     23314.68       355754
       131072          320     23775.71       181394
       262144          160     24468.59        93340
       524288           80     24642.05        47001
      1048576           40     24752.44        23606
      2097152           20     24841.19        11845
      4194304           10     24720.52         5894

#---------------------------------------------------
# Benchmarking Biband 
# #processes = 16 
# ( 96 additional processes waiting in MPI_Barrier)
#---------------------------------------------------
       #bytes #repetitions   Mbytes/sec      Msg/sec
            0         1000         0.00     90288390
            1         1000        86.65     86653661
            2         1000       177.54     88770536
            4         1000       351.26     87814925
            8         1000       705.68     88209507
           16         1000      1396.57     87285815
           32         1000      2744.21     85756635
           64         1000      5580.50     87195368
          128         1000      6274.84     49022173
          256         1000     10801.96     42195155
          512         1000     19446.66     37981752
         1024         1000     30067.67     29362962
         2048         1000     50364.30     24591943
         4096         1000     69378.28     16938057
         8192         1000     85478.91     10434438
        16384         1000     21386.00      1305298
        32768         1000     23147.65       706410
        65536          640     23781.39       362875
       131072          320     24137.51       184155
       262144          160     24342.05        92858
       524288           80     24284.48        46319
      1048576           40     24450.65        23318
      2097152           20     24355.16        11613
      4194304           10     24381.78         5813

#---------------------------------------------------
# Benchmarking Biband 
# #processes = 32 
# ( 80 additional processes waiting in MPI_Barrier)
#---------------------------------------------------
       #bytes #repetitions   Mbytes/sec      Msg/sec
            0         1000         0.00    173482401
            1         1000       171.16    171159749
            2         1000       346.51    173257135
            4         1000       685.64    171409383
            8         1000      1390.90    173862049
           16         1000      2768.12    173007751
           32         1000      5261.07    164408498
           64         1000     11077.52    173086327
          128         1000     12333.85     96358178
          256         1000     21143.35     82591226
          512         1000     38668.43     75524278
         1024         1000     58266.88     56901254
         2048         1000     96389.50     47065188
         4096         1000    128515.76     31375918
         8192         1000    166143.36     20281172
        16384         1000     20718.55      1264560
        32768         1000     22644.27       691048
        65536          640     23467.62       358087
       131072          320     24154.89       184287
       262144          160     24411.71        93123
       524288           80     24389.16        46519
      1048576           40     24559.13        23421
      2097152           20     24376.85        11624
      4194304           10     24269.96         5786

#---------------------------------------------------
# Benchmarking Biband 
# #processes = 64 
# ( 48 additional processes waiting in MPI_Barrier)
#---------------------------------------------------
       #bytes #repetitions   Mbytes/sec      Msg/sec
            0         1000         0.00    117573599
            1         1000       119.21    119212736
            2         1000       240.22    120111677
            4         1000       484.17    121042428
            8         1000       973.88    121735376
           16         1000      1945.64    121602493
           32         1000      3832.92    119778687
           64         1000      7553.52    118023673
          128         1000     13276.93    103726023
          256         1000     24339.19     95074962
          512         1000     34748.89     67868925
         1024         1000     37465.39     36587297
         2048         1000     40810.96     19927226
         4096         1000     42912.32     10476640
         8192         1000     44020.87      5373641
        16384         1000     17906.81      1092945
        32768         1000     18803.91       573850
        65536          640     19220.67       293284
       131072          320     19462.84       148490
       262144          160     19476.14        74296
       524288           80     19440.92        37081
      1048576           40     19509.48        18606
      2097152           20     19499.03         9298
      4194304           10     19400.45         4625

#---------------------------------------------------
# Benchmarking Biband 
# #processes = 112 
#---------------------------------------------------
       #bytes #repetitions   Mbytes/sec      Msg/sec
            0         1000         0.00     76663249
            1         1000        76.95     76951161
            2         1000       154.17     77082653
            4         1000       306.74     76683980
            8         1000       606.86     75857139
           16         1000      1192.59     74537009
           32         1000      2227.34     69604320
           64         1000      3198.83     49981667
          128         1000      4692.49     36660084
          256         1000      8081.59     31568720
          512         1000      9781.50     19104484
         1024         1000     10028.86      9793804
         2048         1000     10600.27      5175912
         4096         1000     10892.93      2659408
         8192         1000     11050.46      1348934
        16384          946     11120.80       678760
        32768          472     11087.68       338369
        65536          239     11243.28       171559
       131072          121     11292.30        86153
       262144           61     11310.21        43145
       524288           31     11322.90        21597
      1048576           11     11334.30        10809
      2097152            8     11346.91         5411
      4194304            4     11365.23         2710


# All processes entering MPI_Finalize

