#------------------------------------------------------------
#    Intel(R) MPI Benchmarks 2019 Update 6, MPI-1 part    
#------------------------------------------------------------
# Date                  : Thu Oct  1 16:21:18 2020
# Machine               : x86_64
# System                : Linux
# Release               : 3.10.0-1127.19.1.el7.x86_64
# Version               : #1 SMP Tue Aug 25 17:23:54 UTC 2020
# MPI Version           : 3.1
# MPI Thread Environment: 


# Calling sequence was: 

# /home/hpcbras1/spack/opt/spack/linux-scientific7-skylake_avx512/gcc-9.1.0/intel-mpi-benchmarks-2019.6-5tbknirppyjnbofzuo2idr3bqgxprrmf/bin/IMB-MPI1 uniband -npmin 1 

# Minimum message length in bytes:   0
# Maximum message length in bytes:   4194304
#
# MPI_Datatype                   :   MPI_BYTE 
# MPI_Datatype for reductions    :   MPI_FLOAT 
# MPI_Op                         :   MPI_SUM  
# 
# 

# List of Benchmarks to run:

# Uniband

#---------------------------------------------------
# Benchmarking Uniband 
# #processes = 2 
# ( 82 additional processes waiting in MPI_Barrier)
#---------------------------------------------------
       #bytes #repetitions   Mbytes/sec      Msg/sec
            0         1000         0.00      8653429
            1         1000         8.91      8911143
            2         1000        17.99      8992917
            4         1000        35.87      8967875
            8         1000        67.57      8446267
           16         1000       122.60      7662247
           32         1000       280.86      8776922
           64         1000       543.57      8493221
          128         1000       339.40      2651540
          256         1000       470.98      1839769
          512         1000       914.71      1786545
         1024         1000      1421.81      1388485
         2048         1000      1926.57       940707
         4096         1000      8113.13      1980744
         8192         1000     10145.61      1238477
        16384         1000      6359.50       388153
        32768         1000     10484.92       319974
        65536          640     15013.82       229093
       131072          320     15562.40       118732
       262144          160     15183.57        57921
       524288           80     16264.74        31023
      1048576           40     15939.93        15201
      2097152           20     15894.44         7579
      4194304           10     15520.26         3700

#---------------------------------------------------
# Benchmarking Uniband 
# #processes = 4 
# ( 80 additional processes waiting in MPI_Barrier)
#---------------------------------------------------
       #bytes #repetitions   Mbytes/sec      Msg/sec
            0         1000         0.00     17351410
            1         1000        17.52     17522823
            2         1000        35.15     17574890
            4         1000        70.86     17716157
            8         1000       138.77     17346853
           16         1000       289.43     18089127
           32         1000       401.39     12543362
           64         1000      1160.33     18130214
          128         1000       753.01      5882856
          256         1000       977.55      3818548
          512         1000      1821.65      3557905
         1024         1000      3027.55      2956587
         2048         1000      3694.45      1803929
         4096         1000      4749.53      1159553
         8192         1000      5759.40       703052
        16384         1000     12781.65       780130
        32768         1000     20630.69       629599
        65536          640     23482.28       358311
       131072          320     23919.12       182488
       262144          160     23918.65        91242
       524288           80     24640.71        46998
      1048576           40     24523.76        23388
      2097152           20     24156.97        11519
      4194304           10     24712.33         5892

#---------------------------------------------------
# Benchmarking Uniband 
# #processes = 8 
# ( 76 additional processes waiting in MPI_Barrier)
#---------------------------------------------------
       #bytes #repetitions   Mbytes/sec      Msg/sec
            0         1000         0.00     43859131
            1         1000        42.56     42563069
            2         1000        85.95     42976391
            4         1000       172.14     43035741
            8         1000       340.70     42587767
           16         1000       688.28     43017553
           32         1000      1299.21     40600437
           64         1000      2753.00     43015689
          128         1000      3155.29     24650742
          256         1000      4608.55     18002149
          512         1000      8312.48     16235322
         1024         1000     13299.18     12987482
         2048         1000     23520.04     11484394
         4096         1000     30203.53      7373909
         8192         1000     37237.52      4545596
        16384         1000     21608.40      1318872
        32768         1000     23058.70       703696
        65536          640     24034.87       366743
       131072          320     24284.60       185277
       262144          160     24205.35        92336
       524288           80     24730.16        47169
      1048576           40     24660.42        23518
      2097152           20     24428.10        11648
      4194304           10     24852.27         5925

#---------------------------------------------------
# Benchmarking Uniband 
# #processes = 16 
# ( 68 additional processes waiting in MPI_Barrier)
#---------------------------------------------------
       #bytes #repetitions   Mbytes/sec      Msg/sec
            0         1000         0.00     69564859
            1         1000        69.05     69047129
            2         1000       137.27     68636056
            4         1000       274.17     68543748
            8         1000       557.35     69669002
           16         1000      1071.36     66959974
           32         1000      1767.88     55246341
           64         1000      3712.93     58014586
          128         1000      1845.08     14414692
          256         1000      3811.37     14888147
          512         1000      6885.06     13447384
         1024         1000     10078.31      9842098
         2048         1000     14203.58      6935342
         4096         1000     18284.03      4463874
         8192         1000     21948.52      2679262
        16384         1000     21796.76      1330368
        32768         1000     23124.23       705696
        65536          640     22998.84       350934
       131072          320     23578.07       179886
       262144          160     24240.92        92472
       524288           80     24643.98        47005
      1048576           40     24632.87        23492
      2097152           20     24472.20        11669
      4194304           10     24850.14         5925

#---------------------------------------------------
# Benchmarking Uniband 
# #processes = 32 
# ( 52 additional processes waiting in MPI_Barrier)
#---------------------------------------------------
       #bytes #repetitions   Mbytes/sec      Msg/sec
            0         1000         0.00    142772594
            1         1000       147.81    147808759
            2         1000       281.52    140759650
            4         1000       545.70    136425178
            8         1000      1063.63    132953513
           16         1000      2160.12    135007461
           32         1000      3285.31    102665987
           64         1000      6517.35    101833630
          128         1000      3578.36     27955971
          256         1000      7335.53     28654409
          512         1000     13825.71     27003349
         1024         1000     19763.24     19300036
         2048         1000     27673.79     13512593
         4096         1000     35562.19      8682176
         8192         1000     42519.26      5190340
        16384         1000     21861.51      1334320
        32768         1000     22812.85       696193
        65536          640     23540.55       359200
       131072          320     24291.47       185329
       262144          160     24421.21        93160
       524288           80     24422.85        46583
      1048576           40     24644.03        23502
      2097152           20     24690.23        11773
      4194304           10     24579.08         5860

#---------------------------------------------------
# Benchmarking Uniband 
# #processes = 64 
# ( 20 additional processes waiting in MPI_Barrier)
#---------------------------------------------------
       #bytes #repetitions   Mbytes/sec      Msg/sec
            0         1000         0.00     65810221
            1         1000        65.57     65565564
            2         1000       130.90     65450045
            4         1000       258.28     64570010
            8         1000       499.90     62487033
           16         1000       966.81     60425686
           32         1000      1729.27     54039717
           64         1000      2569.46     40147877
          128         1000      3698.51     28894591
          256         1000      6121.11     23910584
          512         1000      7300.84     14259449
         1024         1000      7404.30      7230762
         2048         1000      7788.55      3803002
         4096         1000      7996.85      1952356
         8192         1000      8108.21       989772
        16384         1000      8138.69       496746
        32768         1000      8106.55       247392
        65536          613      8183.90       124876
       131072          305      8193.03        62508
       262144          153      8178.93        31200
       524288           77      8204.86        15650
      1048576           39      8216.22         7836
      2097152           20      8231.60         3925
      4194304           10      8238.44         1964

#---------------------------------------------------
# Benchmarking Uniband 
# #processes = 84 
#---------------------------------------------------
       #bytes #repetitions   Mbytes/sec      Msg/sec
            0         1000         0.00     35980768
            1         1000        33.70     33704502
            2         1000        65.10     32551619
            4         1000       132.40     33100698
            8         1000       273.49     34185804
           16         1000       485.57     30347964
           32         1000       975.67     30489778
           64         1000      1314.88     20545056
          128         1000      1532.19     11970210
          256         1000      4190.01     16367242
          512         1000      4995.89      9757593
         1024         1000      5078.32      4959297
         2048         1000      5364.65      2619459
         4096         1000      5493.57      1341204
         8192         1000      5570.19       679955
        16384         1000      5597.39       341638
        32768          637      5584.79       170434
        65536          320      5635.22        85987
       131072          160      5642.41        43048
       262144           81      5645.51        21536
       524288           41      5650.26        10777
      1048576           21      5650.93         5389
      2097152           11      5657.48         2698
      4194304            6      5669.64         1352


# All processes entering MPI_Finalize

