#------------------------------------------------------------
#    Intel(R) MPI Benchmarks 2019 Update 5, MPI-1 part    
#------------------------------------------------------------
# Date                  : Wed Oct  7 09:35:55 2020
# Machine               : x86_64
# System                : Linux
# Release               : 3.10.0-1127.8.2.el7.x86_64
# Version               : #1 SMP Tue May 12 16:57:42 UTC 2020
# MPI Version           : 3.1
# MPI Thread Environment: 


# Calling sequence was: 

# IMB-MPI1 uniband -npmin 1 

# Minimum message length in bytes:   0
# Maximum message length in bytes:   4194304
#
# MPI_Datatype                   :   MPI_BYTE 
# MPI_Datatype for reductions    :   MPI_FLOAT 
# MPI_Op                         :   MPI_SUM  
# 
# 

# List of Benchmarks to run:

# Uniband

#---------------------------------------------------
# Benchmarking Uniband 
# #processes = 2 
# ( 46 additional processes waiting in MPI_Barrier)
#---------------------------------------------------
       #bytes #repetitions   Mbytes/sec      Msg/sec
            0         1000         0.00      4551012
            1         1000         4.43      4434732
            2         1000         8.87      4437032
            4         1000        17.72      4429534
            8         1000        35.40      4425419
           16         1000        70.96      4435085
           32         1000       137.31      4290928
           64         1000       274.25      4285168
          128         1000       541.50      4230477
          256         1000      1100.99      4300742
          512         1000      1165.66      2276688
         1024         1000      2272.21      2218957
         2048         1000      4049.07      1977084
         4096         1000      6025.17      1470988
         8192         1000      8116.66       990803
        16384         1000      8722.65       532389
        32768         1000      9140.36       278942
        65536          640      9405.56       143517
       131072          320      9580.89        73096
       262144          160      9278.20        35394
       524288           80      8374.05        15972
      1048576           40      8810.03         8402
      2097152           20      8821.67         4206
      4194304           10      8807.96         2100

#---------------------------------------------------
# Benchmarking Uniband 
# #processes = 4 
# ( 44 additional processes waiting in MPI_Barrier)
#---------------------------------------------------
       #bytes #repetitions   Mbytes/sec      Msg/sec
            0         1000         0.00      8899805
            1         1000         8.73      8726585
            2         1000        17.42      8710701
            4         1000        34.77      8693676
            8         1000        69.54      8693118
           16         1000       139.21      8700853
           32         1000       269.45      8420453
           64         1000       537.18      8393394
          128         1000      1072.77      8381044
          256         1000      2170.45      8478303
          512         1000      2333.94      4558478
         1024         1000      4554.27      4447525
         2048         1000      7889.17      3852135
         4096         1000     11926.43      2911726
         8192         1000     16039.86      1957990
        16384         1000     16777.96      1024045
        32768         1000     18105.00       552521
        65536          640     18486.81       282086
       131072          320     18690.80       142599
       262144          160     18046.79        68843
       524288           80     16285.84        31063
      1048576           40     17378.18        16573
      2097152           20     17345.25         8271
      4194304           10     17319.33         4129

#---------------------------------------------------
# Benchmarking Uniband 
# #processes = 8 
# ( 40 additional processes waiting in MPI_Barrier)
#---------------------------------------------------
       #bytes #repetitions   Mbytes/sec      Msg/sec
            0         1000         0.00     17772213
            1         1000        17.36     17360990
            2         1000        33.38     16689433
            4         1000        69.42     17354931
            8         1000       138.75     17344230
           16         1000       277.68     17355187
           32         1000       539.09     16846465
           64         1000      1075.41     16803208
          128         1000      2142.27     16736460
          256         1000      4340.25     16954110
          512         1000      4671.59      9124197
         1024         1000      9071.92      8859301
         2048         1000     15981.92      7803671
         4096         1000     23942.91      5845437
         8192         1000     32159.24      3925688
        16384         1000     33999.40      2075159
        32768         1000     36604.61      1117084
        65536          640     36856.61       562387
       131072          320     37157.71       283491
       262144          160     34864.70       132998
       524288           80     32321.89        61649
      1048576           40     35004.23        33383
      2097152           20     34988.23        16684
      4194304           10     33516.17         7991

#---------------------------------------------------
# Benchmarking Uniband 
# #processes = 16 
# ( 32 additional processes waiting in MPI_Barrier)
#---------------------------------------------------
       #bytes #repetitions   Mbytes/sec      Msg/sec
            0         1000         0.00     35204420
            1         1000        34.53     34528115
            2         1000        68.89     34444601
            4         1000       137.95     34488687
            8         1000       276.52     34565259
           16         1000       551.36     34460168
           32         1000      1071.91     33497231
           64         1000      1479.59     23118637
          128         1000      4243.00     33148444
          256         1000      8611.82     33639912
          512         1000      9272.18     18109720
         1024         1000     17912.67     17492839
         2048         1000     31472.42     15367391
         4096         1000     46903.63     11451081
         8192         1000     62159.92      7587880
        16384         1000     66687.55      4070285
        32768         1000     71123.40      2170514
        65536          640     71398.62      1089456
       131072          320     71005.47       541729
       262144          160     64098.13       244515
       524288           80     60877.40       116114
      1048576           40     57977.12        55291
      2097152           20     33594.05        16019
      4194304           10     27083.74         6457

#---------------------------------------------------
# Benchmarking Uniband 
# #processes = 32 
# ( 16 additional processes waiting in MPI_Barrier)
#---------------------------------------------------
       #bytes #repetitions   Mbytes/sec      Msg/sec
            0         1000         0.00     42621309
            1         1000        51.90     51903315
            2         1000        79.81     39902940
            4         1000       191.56     47890081
            8         1000       353.00     44124973
           16         1000       750.59     46911708
           32         1000      1532.11     47878303
           64         1000      2532.83     39575491
          128         1000      6263.52     48933755
          256         1000     10611.57     41451434
          512         1000     13545.48     26456019
         1024         1000     22345.66     21821936
         2048         1000     23829.35     11635426
         4096         1000     24211.45      5910998
         8192         1000     24496.07      2990242
        16384         1000     24546.42      1498195
        32768         1000     24618.14       751286
        65536          640     24515.97       374084
       131072          320     19496.76       148748
       262144          160     17700.19        67521
       524288           80     17940.46        34219
      1048576           40     17777.69        16954
      2097152           20     17785.98         8481
      4194304           10     17096.42         4076

#---------------------------------------------------
# Benchmarking Uniband 
# #processes = 48 
#---------------------------------------------------
       #bytes #repetitions   Mbytes/sec      Msg/sec
            0         1000         0.00     41757907
            1         1000        41.39     41385404
            2         1000        82.29     41146966
            4         1000       166.14     41534359
            8         1000       331.44     41430486
           16         1000       661.18     41323447
           32         1000      1312.76     41023882
           64         1000      3015.68     47119986
          128         1000      4547.09     35524141
          256         1000      6513.89     25444866
          512         1000      8860.38     17305427
         1024         1000     10866.96     10612269
         2048         1000     11917.84      5819257
         4096         1000     12104.82      2955278
         8192         1000     12248.26      1495149
        16384         1000     12233.16       746653
        32768         1000     12292.05       375124
        65536          640     12327.07       188096
       131072          320     12336.16        94117
       262144          160     12376.62        47213
       524288           80     12380.10        23613
      1048576           40     12378.26        11805
      2097152           20     12368.48         5898
      4194304           10     12352.67         2945


# All processes entering MPI_Finalize

