#------------------------------------------------------------
#    Intel(R) MPI Benchmarks 2019 Update 5, MPI-1 part    
#------------------------------------------------------------
# Date                  : Fri Sep 11 15:04:45 2020
# Machine               : x86_64
# System                : Linux
# Release               : 3.10.0-1127.8.2.el7.x86_64
# Version               : #1 SMP Tue May 12 16:57:42 UTC 2020
# MPI Version           : 3.1
# MPI Thread Environment: 


# Calling sequence was: 

# IMB-MPI1 uniband -npmin 16 

# Minimum message length in bytes:   0
# Maximum message length in bytes:   4194304
#
# MPI_Datatype                   :   MPI_BYTE 
# MPI_Datatype for reductions    :   MPI_FLOAT 
# MPI_Op                         :   MPI_SUM  
# 
# 

# List of Benchmarks to run:

# Uniband

#---------------------------------------------------
# Benchmarking Uniband 
# #processes = 16 
#---------------------------------------------------
       #bytes #repetitions   Mbytes/sec      Msg/sec
            0         1000         0.00     20680394
            1         1000        20.60     20599297
            2         1000        41.20     20601874
            4         1000        82.51     20627094
            8         1000       164.91     20613712
           16         1000       329.76     20609947
           32         1000       657.25     20539033
           64         1000      1219.60     19056185
          128         1000      2158.66     16864551
          256         1000      4261.60     16646874
          512         1000      7980.00     15585933
         1024         1000     11028.44     10769965
         2048         1000     11878.38      5799988
         4096         1000     12102.31      2954665
         8192         1000     12247.76      1495089
        16384         1000     12268.19       748791
        32768         1000     12309.14       375645
        65536          640     12327.85       188108
       131072          320     12335.72        94114
       262144          160     12373.67        47202
       524288           80     12374.42        23602
      1048576           40     12368.68        11796
      2097152           20     12355.59         5892
      4194304           10     12331.31         2940


# All processes entering MPI_Finalize

