#------------------------------------------------------------
#    Intel(R) MPI Benchmarks 2019 Update 5, MPI-1 part    
#------------------------------------------------------------
# Date                  : Wed Oct  7 09:38:10 2020
# Machine               : x86_64
# System                : Linux
# Release               : 3.10.0-1127.8.2.el7.x86_64
# Version               : #1 SMP Tue May 12 16:57:42 UTC 2020
# MPI Version           : 3.1
# MPI Thread Environment: 


# Calling sequence was: 

# /alaska/steveb/spack/opt/spack/linux-centos7-broadwell/gcc-9.3.0/intel-mpi-benchmarks-2019.5-dwg5q6jdcxgwtiwi2lj32w4ttotvwqnt/bin/IMB-MPI1 uniband -npmin 1 

# Minimum message length in bytes:   0
# Maximum message length in bytes:   4194304
#
# MPI_Datatype                   :   MPI_BYTE 
# MPI_Datatype for reductions    :   MPI_FLOAT 
# MPI_Op                         :   MPI_SUM  
# 
# 

# List of Benchmarks to run:

# Uniband

#---------------------------------------------------
# Benchmarking Uniband 
# #processes = 2 
# ( 62 additional processes waiting in MPI_Barrier)
#---------------------------------------------------
       #bytes #repetitions   Mbytes/sec      Msg/sec
            0         1000         0.00      8144567
            1         1000         7.27      7270386
            2         1000        16.28      8139153
            4         1000        34.16      8538972
            8         1000        66.69      8336498
           16         1000       127.47      7966936
           32         1000       240.07      7502059
           64         1000       378.03      5906705
          128         1000       233.88      1827224
          256         1000       368.76      1440454
          512         1000       631.55      1233487
         1024         1000      1355.20      1323434
         2048         1000      1942.01       948247
         4096         1000      2580.85       630090
         8192         1000      3227.11       393935
        16384         1000      6215.06       379337
        32768         1000      8625.52       263230
        65536          640     10446.28       159398
       131072          320     11303.99        86243
       262144          160      9876.42        37676
       524288           80      9427.51        17982
      1048576           40      9612.66         9167
      2097152           20      9933.39         4737
      4194304           10      9440.70         2251

#---------------------------------------------------
# Benchmarking Uniband 
# #processes = 4 
# ( 60 additional processes waiting in MPI_Barrier)
#---------------------------------------------------
       #bytes #repetitions   Mbytes/sec      Msg/sec
            0         1000         0.00     16436650
            1         1000        16.40     16403888
            2         1000        31.48     15739488
            4         1000        64.31     16077164
            8         1000       130.17     16270654
           16         1000       256.22     16013469
           32         1000       264.13      8253936
           64         1000       531.81      8309478
          128         1000       516.57      4035716
          256         1000       812.71      3174661
          512         1000      1236.28      2414601
         1024         1000      2778.69      2713569
         2048         1000      3714.47      1813706
         4096         1000      5075.26      1239078
         8192         1000      6320.34       771526
        16384         1000      9477.35       578452
        32768         1000     15279.86       466304
        65536          640     17598.80       268536
       131072          320     18805.80       143477
       262144          160     19062.24        72717
       524288           80     18870.57        35993
      1048576           40     19232.54        18342
      2097152           20     19377.92         9240
      4194304           10     19420.33         4630

#---------------------------------------------------
# Benchmarking Uniband 
# #processes = 8 
# ( 56 additional processes waiting in MPI_Barrier)
#---------------------------------------------------
       #bytes #repetitions   Mbytes/sec      Msg/sec
            0         1000         0.00     32863923
            1         1000        30.07     30066244
            2         1000        65.93     32964326
            4         1000       130.51     32627047
            8         1000       259.49     32436194
           16         1000       415.40     25962409
           32         1000       923.39     28855836
           64         1000      1785.82     27903471
          128         1000      1113.23      8697115
          256         1000      1672.63      6533712
          512         1000      2509.27      4900911
         1024         1000      5590.83      5459793
         2048         1000      7514.84      3669354
         4096         1000     10396.79      2538279
         8192         1000     13034.89      1591174
        16384         1000     20252.19      1236095
        32768         1000     33557.49      1024093
        65536          640     37730.21       575717
       131072          320     39171.94       298858
       262144          160     28708.83       109515
       524288           80     36456.49        69535
      1048576           40     36831.01        35125
      2097152           20     36818.23        17556
      4194304           10     36278.54         8649

#---------------------------------------------------
# Benchmarking Uniband 
# #processes = 16 
# ( 48 additional processes waiting in MPI_Barrier)
#---------------------------------------------------
       #bytes #repetitions   Mbytes/sec      Msg/sec
            0         1000         0.00     66385858
            1         1000        62.24     62237005
            2         1000       126.40     63199359
            4         1000       261.38     65344354
            8         1000       505.73     63216034
           16         1000      1074.49     67155626
           32         1000      1346.21     42068961
           64         1000      2441.13     38142695
          128         1000      1988.77     15537281
          256         1000      3242.71     12666845
          512         1000      4893.92      9558434
         1024         1000      9962.51      9729011
         2048         1000     14268.04      6966815
         4096         1000     19224.78      4693550
         8192         1000     23056.44      2814507
        16384         1000     48615.10      2967230
        32768         1000     62618.63      1910969
        65536          640     77512.74      1182751
       131072          320     82498.07       629410
       262144          160     72798.04       277702
       524288           80     55055.33       105010
      1048576           40     72065.49        68727
      2097152           20     72381.14        34514
      4194304           10     47258.67        11267

#---------------------------------------------------
# Benchmarking Uniband 
# #processes = 32 
# ( 32 additional processes waiting in MPI_Barrier)
#---------------------------------------------------
       #bytes #repetitions   Mbytes/sec      Msg/sec
            0         1000         0.00    105285605
            1         1000       112.86    112855883
            2         1000       197.49     98745593
            4         1000       439.52    109879061
            8         1000       917.76    114720397
           16         1000      1837.52    114844788
           32         1000      2405.97     75186601
           64         1000      5104.99     79765421
          128         1000      3773.05     29476970
          256         1000      5854.31     22868408
          512         1000      8183.61     15983621
         1024         1000      9030.38      8818727
         2048         1000     15172.87      7408628
         4096         1000     16003.84      3907189
         8192         1000     16792.03      2049808
        16384         1000     94305.02      5755921
        32768         1000    123344.79      3764184
        65536          640    121475.44      1853568
       131072          320    125490.08       957413
       262144          160    141058.86       538097
       524288           80    139700.89       266458
      1048576           40    143136.20       136505
      2097152           20    108639.03        51803
      4194304           10     44011.19        10493

#---------------------------------------------------
# Benchmarking Uniband 
# #processes = 64 
#---------------------------------------------------
       #bytes #repetitions   Mbytes/sec      Msg/sec
            0         1000         0.00     61569006
            1         1000        61.45     61447347
            2         1000       121.87     60936372
            4         1000       248.25     62061844
            8         1000       493.36     61669667
           16         1000       968.50     60530984
           32         1000      1970.00     61562493
           64         1000      3210.96     50171231
          128         1000      4629.19     36165520
          256         1000      5517.86     21554153
          512         1000      7755.94     15148313
         1024         1000     10046.45      9810991
         2048         1000     11581.48      5655022
         4096         1000     11841.84      2891074
         8192         1000     11951.70      1458947
        16384         1000     11988.45       731717
        32768         1000     11896.22       363044
        65536          640     11758.56       179421
       131072          320     12037.39        91838
       262144          160     12043.62        45943
       524288           80     12047.15        22978
      1048576           40     12048.92        11491
      2097152           20     12049.87         5746
      4194304           10     12050.35         2873


# All processes entering MPI_Finalize

