2020-08-19T17:19:25+01:00|reframe 3.0-dev6 (rev: 3f0c45d4)|Gromacs_1400k_2 on alaska:ib-gcc9-openmpi4-ucx using gromacs|jobid=5024|ns_per_day=3.046|ns/day|ref=0 (l=None, u=None)|num_procs=64,num_nodes=2,1400k-atoms
2020-08-19T17:19:25+01:00|reframe 3.0-dev6 (rev: 3f0c45d4)|Gromacs_1400k_2 on alaska:ib-gcc9-openmpi4-ucx using gromacs|jobid=5024|hour_per_ns=7.878|hour/ns|ref=0 (l=None, u=None)|num_procs=64,num_nodes=2,1400k-atoms
2020-08-19T17:19:25+01:00|reframe 3.0-dev6 (rev: 3f0c45d4)|Gromacs_1400k_2 on alaska:ib-gcc9-openmpi4-ucx using gromacs|jobid=5024|core_t=72611.503|s|ref=0 (l=None, u=None)|num_procs=64,num_nodes=2,1400k-atoms
2020-08-19T17:19:25+01:00|reframe 3.0-dev6 (rev: 3f0c45d4)|Gromacs_1400k_2 on alaska:ib-gcc9-openmpi4-ucx using gromacs|jobid=5024|wall_t=567.277|s|ref=0 (l=None, u=None)|num_procs=64,num_nodes=2,1400k-atoms
2020-08-19T17:19:25+01:00|reframe 3.0-dev6 (rev: 3f0c45d4)|Gromacs_1400k_2 on alaska:ib-gcc9-openmpi4-ucx using gromacs|jobid=5024|runtime_real=577.891|s|ref=0 (l=None, u=None)|num_procs=64,num_nodes=2,1400k-atoms
2020-09-08T16:58:44+01:00|reframe 3.0-dev6 (rev: 3f0c45d4)|Gromacs_1400k_2 on alaska:ib-gcc9-openmpi4-ucx using gromacs|jobid=5213|ns_per_day=3.069|ns/day|ref=0 (l=None, u=None)|1400k-atoms,num_procs=64,num_nodes=2
2020-09-08T16:58:44+01:00|reframe 3.0-dev6 (rev: 3f0c45d4)|Gromacs_1400k_2 on alaska:ib-gcc9-openmpi4-ucx using gromacs|jobid=5213|hour_per_ns=7.82|hour/ns|ref=0 (l=None, u=None)|1400k-atoms,num_procs=64,num_nodes=2
2020-09-08T16:58:44+01:00|reframe 3.0-dev6 (rev: 3f0c45d4)|Gromacs_1400k_2 on alaska:ib-gcc9-openmpi4-ucx using gromacs|jobid=5213|core_t=72074.445|s|ref=0 (l=None, u=None)|1400k-atoms,num_procs=64,num_nodes=2
2020-09-08T16:58:44+01:00|reframe 3.0-dev6 (rev: 3f0c45d4)|Gromacs_1400k_2 on alaska:ib-gcc9-openmpi4-ucx using gromacs|jobid=5213|wall_t=563.082|s|ref=0 (l=None, u=None)|1400k-atoms,num_procs=64,num_nodes=2
2020-09-08T16:58:44+01:00|reframe 3.0-dev6 (rev: 3f0c45d4)|Gromacs_1400k_2 on alaska:ib-gcc9-openmpi4-ucx using gromacs|jobid=5213|runtime_real=574.842|s|ref=0 (l=None, u=None)|1400k-atoms,num_procs=64,num_nodes=2
2020-09-09T14:34:32+01:00|reframe 3.0-dev6 (rev: 3f0c45d4)|Gromacs_1400k_2 on alaska:ib-gcc9-openmpi4-ucx using gromacs|jobid=5263|ns_per_day=2.876|ns/day|ref=0 (l=None, u=None)|num_nodes=2,num_procs=64,1400k-atoms
2020-09-09T14:34:32+01:00|reframe 3.0-dev6 (rev: 3f0c45d4)|Gromacs_1400k_2 on alaska:ib-gcc9-openmpi4-ucx using gromacs|jobid=5263|hour_per_ns=8.344|hour/ns|ref=0 (l=None, u=None)|num_nodes=2,num_procs=64,1400k-atoms
2020-09-09T14:34:32+01:00|reframe 3.0-dev6 (rev: 3f0c45d4)|Gromacs_1400k_2 on alaska:ib-gcc9-openmpi4-ucx using gromacs|jobid=5263|core_t=76904.776|s|ref=0 (l=None, u=None)|num_nodes=2,num_procs=64,1400k-atoms
2020-09-09T14:34:32+01:00|reframe 3.0-dev6 (rev: 3f0c45d4)|Gromacs_1400k_2 on alaska:ib-gcc9-openmpi4-ucx using gromacs|jobid=5263|wall_t=600.819|s|ref=0 (l=None, u=None)|num_nodes=2,num_procs=64,1400k-atoms
2020-09-09T14:34:32+01:00|reframe 3.0-dev6 (rev: 3f0c45d4)|Gromacs_1400k_2 on alaska:ib-gcc9-openmpi4-ucx using gromacs|jobid=5263|runtime_real=610.802|s|ref=0 (l=None, u=None)|num_nodes=2,num_procs=64,1400k-atoms
2020-09-10T09:58:06+01:00|reframe 3.0-dev6 (rev: 3f0c45d4)|Gromacs_1400k_2 on alaska:ib-gcc9-openmpi4-ucx using gromacs|jobid=5296|ns_per_day=2.798|ns/day|ref=0 (l=None, u=None)|num_nodes=2,1400k-atoms,num_procs=64
2020-09-10T09:58:06+01:00|reframe 3.0-dev6 (rev: 3f0c45d4)|Gromacs_1400k_2 on alaska:ib-gcc9-openmpi4-ucx using gromacs|jobid=5296|hour_per_ns=8.577|hour/ns|ref=0 (l=None, u=None)|num_nodes=2,1400k-atoms,num_procs=64
2020-09-10T09:58:06+01:00|reframe 3.0-dev6 (rev: 3f0c45d4)|Gromacs_1400k_2 on alaska:ib-gcc9-openmpi4-ucx using gromacs|jobid=5296|core_t=79049.95|s|ref=0 (l=None, u=None)|num_nodes=2,1400k-atoms,num_procs=64
2020-09-10T09:58:06+01:00|reframe 3.0-dev6 (rev: 3f0c45d4)|Gromacs_1400k_2 on alaska:ib-gcc9-openmpi4-ucx using gromacs|jobid=5296|wall_t=617.578|s|ref=0 (l=None, u=None)|num_nodes=2,1400k-atoms,num_procs=64
2020-09-10T09:58:06+01:00|reframe 3.0-dev6 (rev: 3f0c45d4)|Gromacs_1400k_2 on alaska:ib-gcc9-openmpi4-ucx using gromacs|jobid=5296|runtime_real=627.574|s|ref=0 (l=None, u=None)|num_nodes=2,1400k-atoms,num_procs=64
2020-09-10T14:47:58+01:00|reframe 3.0-dev6 (rev: 3f0c45d4)|Gromacs_1400k_2 on alaska:ib-gcc9-openmpi4-ucx using gromacs|jobid=6390|ns_per_day=2.707|ns/day|ref=0 (l=None, u=None)|num_nodes=2,num_procs=64,1400k-atoms
2020-09-10T14:47:58+01:00|reframe 3.0-dev6 (rev: 3f0c45d4)|Gromacs_1400k_2 on alaska:ib-gcc9-openmpi4-ucx using gromacs|jobid=6390|hour_per_ns=8.866|hour/ns|ref=0 (l=None, u=None)|num_nodes=2,num_procs=64,1400k-atoms
2020-09-10T14:47:58+01:00|reframe 3.0-dev6 (rev: 3f0c45d4)|Gromacs_1400k_2 on alaska:ib-gcc9-openmpi4-ucx using gromacs|jobid=6390|core_t=81712.728|s|ref=0 (l=None, u=None)|num_nodes=2,num_procs=64,1400k-atoms
2020-09-10T14:47:58+01:00|reframe 3.0-dev6 (rev: 3f0c45d4)|Gromacs_1400k_2 on alaska:ib-gcc9-openmpi4-ucx using gromacs|jobid=6390|wall_t=638.381|s|ref=0 (l=None, u=None)|num_nodes=2,num_procs=64,1400k-atoms
2020-09-10T14:47:58+01:00|reframe 3.0-dev6 (rev: 3f0c45d4)|Gromacs_1400k_2 on alaska:ib-gcc9-openmpi4-ucx using gromacs|jobid=6390|runtime_real=649.122|s|ref=0 (l=None, u=None)|num_nodes=2,num_procs=64,1400k-atoms
