#------------------------------------------------------------
#    Intel(R) MPI Benchmarks 2019 Update 6, MPI-1 part    
#------------------------------------------------------------
# Date                  : Thu Oct  1 16:21:56 2020
# Machine               : x86_64
# System                : Linux
# Release               : 3.10.0-1127.19.1.el7.x86_64
# Version               : #1 SMP Tue Aug 25 17:23:54 UTC 2020
# MPI Version           : 3.1
# MPI Thread Environment: 


# Calling sequence was: 

# /home/hpcbras1/spack/opt/spack/linux-scientific7-skylake_avx512/gcc-9.1.0/intel-mpi-benchmarks-2019.6-5tbknirppyjnbofzuo2idr3bqgxprrmf/bin/IMB-MPI1 biband -npmin 1 

# Minimum message length in bytes:   0
# Maximum message length in bytes:   4194304
#
# MPI_Datatype                   :   MPI_BYTE 
# MPI_Datatype for reductions    :   MPI_FLOAT 
# MPI_Op                         :   MPI_SUM  
# 
# 

# List of Benchmarks to run:

# Biband

#---------------------------------------------------
# Benchmarking Biband 
# #processes = 2 
# ( 2 additional processes waiting in MPI_Barrier)
#---------------------------------------------------
       #bytes #repetitions   Mbytes/sec      Msg/sec
            0         1000         0.00     10604702
            1         1000        11.53     11527840
            2         1000        21.92     10959059
            4         1000        44.48     11119095
            8         1000        83.94     10491917
           16         1000       168.69     10542943
           32         1000       351.10     10971736
           64         1000       761.25     11894473
          128         1000       423.19      3306145
          256         1000       620.28      2422964
          512         1000      1168.69      2282605
         1024         1000      1739.51      1698736
         2048         1000      2357.28      1151015
         4096         1000      3098.49       756468
         8192         1000      3749.30       457678
        16384         1000     10207.86       623038
        32768         1000     17689.83       539851
        65536          640     22520.83       343641
       131072          320     23919.07       182488
       262144          160     24305.36        92718
       524288           80     24654.69        47025
      1048576           40     24693.91        23550
      2097152           20     23855.11        11375
      4194304           10     24119.08         5750

#---------------------------------------------------
# Benchmarking Biband 
# #processes = 4 
#---------------------------------------------------
       #bytes #repetitions   Mbytes/sec      Msg/sec
            0         1000         0.00     16261149
            1         1000        13.80     13801480
            2         1000        28.21     14105242
            4         1000        61.70     15426247
            8         1000       125.29     15660639
           16         1000       229.67     14354242
           32         1000       304.35      9510941
           64         1000       613.06      9579011
          128         1000      1087.71      8497731
          256         1000      1928.70      7533990
          512         1000      3449.26      6736829
         1024         1000      5858.43      5721128
         2048         1000     10041.80      4903221
         4096         1000     11073.74      2703550
         8192         1000     11307.61      1380324
        16384         1000     11340.54       692172
        32768         1000     11312.12       345219
        65536          640     11465.17       174945
       131072          320     11501.19        87747
       262144          160     11542.09        44030
       524288           80     11538.36        22008
      1048576           40     11546.17        11011
      2097152           20     11557.63         5511
      4194304           10     11569.97         2758


# All processes entering MPI_Finalize

