 starting wrf task          188  of          224
 starting wrf task          185  of          224
 starting wrf task          220  of          224
 starting wrf task          217  of          224
 starting wrf task          181  of          224
 starting wrf task          184  of          224
 starting wrf task          204  of          224
 starting wrf task          212  of          224
 starting wrf task          223  of          224
 starting wrf task          208  of          224
 starting wrf task          210  of          224
 starting wrf task          183  of          224
 starting wrf task          169  of          224
 starting wrf task          190  of          224
 starting wrf task          194  of          224
 starting wrf task          221  of          224
 starting wrf task          218  of          224
 starting wrf task          176  of          224
 starting wrf task          198  of          224
 starting wrf task          186  of          224
 starting wrf task          172  of          224
 starting wrf task          189  of          224
 starting wrf task          215  of          224
 starting wrf task          168  of          224
 starting wrf task          182  of          224
 starting wrf task          196  of          224
 starting wrf task          200  of          224
 starting wrf task          170  of          224
 starting wrf task          171  of          224
 starting wrf task          175  of          224
 starting wrf task          178  of          224
 starting wrf task          180  of          224
 starting wrf task          205  of          224
 starting wrf task          213  of          224
 starting wrf task          202  of          224
 starting wrf task          209  of          224
 starting wrf task          191  of          224
 starting wrf task          197  of          224
 starting wrf task          206  of          224
 starting wrf task          173  of          224
 starting wrf task          177  of          224
 starting wrf task          193  of          224
 starting wrf task          219  of          224
 starting wrf task          201  of          224
 starting wrf task          203  of          224
 starting wrf task          174  of          224
 starting wrf task          211  of          224
 starting wrf task          222  of          224
 starting wrf task          207  of          224
 starting wrf task          187  of          224
 starting wrf task          192  of          224
 starting wrf task          214  of          224
 starting wrf task          195  of          224
 starting wrf task          199  of          224
 starting wrf task            4  of          224
 starting wrf task          216  of          224
 starting wrf task           23  of          224
 starting wrf task           35  of          224
 starting wrf task           48  of          224
 starting wrf task           13  of          224
 starting wrf task           29  of          224
 starting wrf task           31  of          224
 starting wrf task           37  of          224
 starting wrf task          179  of          224
 starting wrf task           16  of          224
 starting wrf task            2  of          224
 starting wrf task           54  of          224
 starting wrf task            3  of          224
 starting wrf task           24  of          224
 starting wrf task            0  of          224
 starting wrf task           30  of          224
 starting wrf task           52  of          224
 starting wrf task           26  of          224
 starting wrf task           36  of          224
 starting wrf task            6  of          224
 starting wrf task           28  of          224
 starting wrf task           27  of          224
 starting wrf task           46  of          224
 starting wrf task           10  of          224
 starting wrf task           17  of          224
 starting wrf task           34  of          224
 starting wrf task           47  of          224
 starting wrf task           51  of          224
 starting wrf task           19  of          224
 starting wrf task           38  of          224
 starting wrf task           40  of          224
 starting wrf task           50  of          224
 starting wrf task            8  of          224
 starting wrf task           12  of          224
 starting wrf task           22  of          224
 starting wrf task           43  of          224
 starting wrf task            5  of          224
 starting wrf task            9  of          224
 starting wrf task           33  of          224
 starting wrf task           45  of          224
 starting wrf task           14  of          224
 starting wrf task           32  of          224
 starting wrf task           41  of          224
 starting wrf task           39  of          224
 starting wrf task           11  of          224
 starting wrf task           15  of          224
 starting wrf task           21  of          224
 starting wrf task           20  of          224
 starting wrf task           55  of          224
 starting wrf task           49  of          224
 starting wrf task           18  of          224
 starting wrf task           25  of          224
 starting wrf task           42  of          224
 starting wrf task           44  of          224
 starting wrf task            1  of          224
 starting wrf task            7  of          224
 starting wrf task           53  of          224
 starting wrf task           65  of          224
 starting wrf task           89  of          224
 starting wrf task           94  of          224
 starting wrf task           90  of          224
 starting wrf task           58  of          224
 starting wrf task           83  of          224
 starting wrf task           87  of          224
 starting wrf task           96  of          224
 starting wrf task          100  of          224
 starting wrf task           98  of          224
 starting wrf task           99  of          224
 starting wrf task           79  of          224
 starting wrf task           81  of          224
 starting wrf task          111  of          224
 starting wrf task           85  of          224
 starting wrf task           63  of          224
 starting wrf task           80  of          224
 starting wrf task           77  of          224
 starting wrf task          107  of          224
 starting wrf task           84  of          224
 starting wrf task           59  of          224
 starting wrf task           68  of          224
 starting wrf task           88  of          224
 starting wrf task          106  of          224
 starting wrf task           66  of          224
 starting wrf task           56  of          224
 starting wrf task           69  of          224
 starting wrf task          104  of          224
 starting wrf task           70  of          224
 starting wrf task           92  of          224
 starting wrf task          102  of          224
 starting wrf task           86  of          224
 starting wrf task           93  of          224
 starting wrf task           73  of          224
 starting wrf task          109  of          224
 starting wrf task           57  of          224
 starting wrf task          110  of          224
 starting wrf task           75  of          224
 starting wrf task           97  of          224
 starting wrf task          103  of          224
 starting wrf task           64  of          224
 starting wrf task           82  of          224
 starting wrf task           61  of          224
 starting wrf task           72  of          224
 starting wrf task           95  of          224
 starting wrf task           67  of          224
 starting wrf task          105  of          224
 starting wrf task           91  of          224
 starting wrf task          101  of          224
 starting wrf task           78  of          224
 starting wrf task           74  of          224
 starting wrf task           62  of          224
 starting wrf task           60  of          224
 starting wrf task           76  of          224
 starting wrf task          108  of          224
 starting wrf task           71  of          224
 starting wrf task          134  of          224
 starting wrf task          154  of          224
 starting wrf task          162  of          224
 starting wrf task          136  of          224
 starting wrf task          156  of          224
 starting wrf task          167  of          224
 starting wrf task          164  of          224
 starting wrf task          135  of          224
 starting wrf task          117  of          224
 starting wrf task          124  of          224
 starting wrf task          157  of          224
 starting wrf task          122  of          224
 starting wrf task          132  of          224
 starting wrf task          138  of          224
 starting wrf task          141  of          224
 starting wrf task          153  of          224
 starting wrf task          126  of          224
 starting wrf task          145  of          224
 starting wrf task          123  of          224
 starting wrf task          142  of          224
 starting wrf task          143  of          224
 starting wrf task          115  of          224
 starting wrf task          150  of          224
 starting wrf task          131  of          224
 starting wrf task          140  of          224
 starting wrf task          163  of          224
 starting wrf task          118  of          224
 starting wrf task          155  of          224
 starting wrf task          119  of          224
 starting wrf task          121  of          224
 starting wrf task          159  of          224
 starting wrf task          160  of          224
 starting wrf task          128  of          224
 starting wrf task          152  of          224
 starting wrf task          158  of          224
 starting wrf task          113  of          224
 starting wrf task          129  of          224
 starting wrf task          130  of          224
 starting wrf task          147  of          224
 starting wrf task          165  of          224
 starting wrf task          139  of          224
 starting wrf task          125  of          224
 starting wrf task          151  of          224
 starting wrf task          161  of          224
 starting wrf task          112  of          224
 starting wrf task          127  of          224
 starting wrf task          146  of          224
 starting wrf task          137  of          224
 starting wrf task          149  of          224
 starting wrf task          120  of          224
 starting wrf task          166  of          224
 starting wrf task          116  of          224
 starting wrf task          133  of          224
 starting wrf task          144  of          224
 starting wrf task          148  of          224
 starting wrf task          114  of          224

real	0m29.614s
user	0m0.029s
sys	0m0.017s
