#------------------------------------------------------------
#    Intel(R) MPI Benchmarks 2019 Update 6, MPI-1 part    
#------------------------------------------------------------
# Date                  : Thu Oct  1 16:22:42 2020
# Machine               : x86_64
# System                : Linux
# Release               : 3.10.0-1127.19.1.el7.x86_64
# Version               : #1 SMP Tue Aug 25 17:23:54 UTC 2020
# MPI Version           : 3.1
# MPI Thread Environment: 


# Calling sequence was: 

# /home/hpcbras1/spack/opt/spack/linux-scientific7-skylake_avx512/gcc-9.1.0/intel-mpi-benchmarks-2019.6-5tbknirppyjnbofzuo2idr3bqgxprrmf/bin/IMB-MPI1 biband -npmin 1 

# Minimum message length in bytes:   0
# Maximum message length in bytes:   4194304
#
# MPI_Datatype                   :   MPI_BYTE 
# MPI_Datatype for reductions    :   MPI_FLOAT 
# MPI_Op                         :   MPI_SUM  
# 
# 

# List of Benchmarks to run:

# Biband

#---------------------------------------------------
# Benchmarking Biband 
# #processes = 2 
# ( 82 additional processes waiting in MPI_Barrier)
#---------------------------------------------------
       #bytes #repetitions   Mbytes/sec      Msg/sec
            0         1000         0.00     11963542
            1         1000        12.56     12556937
            2         1000        24.94     12469439
            4         1000        48.91     12226744
            8         1000       101.16     12645450
           16         1000       192.15     12009245
           32         1000       381.19     11912325
           64         1000       794.16     12408711
          128         1000       844.67      6599023
          256         1000      1403.77      5483458
          512         1000      2636.80      5150006
         1024         1000      4216.86      4118026
         2048         1000      6759.28      3300430
         4096         1000      9751.07      2380633
         8192         1000     12581.67      1535848
        16384         1000     13497.07       823796
        32768         1000     17971.41       548444
        65536          640     21314.67       325236
       131072          320     23561.91       179763
       262144          160     24580.48        93767
       524288           80     25064.19        47806
      1048576           40     25375.79        24200
      2097152           20     25437.78        12130
      4194304           10     25559.17         6094

#---------------------------------------------------
# Benchmarking Biband 
# #processes = 4 
# ( 80 additional processes waiting in MPI_Barrier)
#---------------------------------------------------
       #bytes #repetitions   Mbytes/sec      Msg/sec
            0         1000         0.00     16374596
            1         1000        17.44     17439091
            2         1000        34.93     17466089
            4         1000        72.39     18096383
            8         1000       133.65     16706194
           16         1000       279.95     17497053
           32         1000       521.58     16299230
           64         1000      1194.19     18659155
          128         1000       688.09      5375676
          256         1000      1056.66      4127565
          512         1000      1940.63      3790284
         1024         1000      2958.00      2888671
         2048         1000      4593.35      2242847
         4096         1000      6373.45      1556019
         8192         1000      8086.92       987173
        16384         1000     19116.84      1166799
        32768         1000     20333.36       620525
        65536          640     22379.80       341489
       131072          320     23988.48       183018
       262144          160     25013.58        95419
       524288           80     25373.17        48395
      1048576           40     25564.59        24380
      2097152           20     25567.10        12191
      4194304           10     25711.27         6130

#---------------------------------------------------
# Benchmarking Biband 
# #processes = 8 
# ( 76 additional processes waiting in MPI_Barrier)
#---------------------------------------------------
       #bytes #repetitions   Mbytes/sec      Msg/sec
            0         1000         0.00     35345637
            1         1000        33.55     33552640
            2         1000        69.94     34969802
            4         1000       138.49     34622218
            8         1000       260.24     32530264
           16         1000       558.58     34910940
           32         1000      1123.33     35103963
           64         1000      2333.04     36453722
          128         1000      1239.69      9685042
          256         1000      2063.31      8059823
          512         1000      3866.27      7551313
         1024         1000      5952.73      5813213
         2048         1000      9229.39      4506538
         4096         1000     12682.50      3096313
         8192         1000     16122.09      1968029
        16384         1000     20985.42      1280848
        32768         1000     21241.73       648246
        65536          640     22837.23       348469
       131072          320     24255.83       185057
       262144          160     24885.01        94929
       524288           80     25248.13        48157
      1048576           40     25518.68        24337
      2097152           20     25667.30        12239
      4194304           10     25740.98         6137

#---------------------------------------------------
# Benchmarking Biband 
# #processes = 16 
# ( 68 additional processes waiting in MPI_Barrier)
#---------------------------------------------------
       #bytes #repetitions   Mbytes/sec      Msg/sec
            0         1000         0.00     68580551
            1         1000        68.02     68019131
            2         1000       142.73     71366146
            4         1000       283.26     70813953
            8         1000       539.09     67386336
           16         1000      1118.72     69920243
           32         1000      2071.13     64722702
           64         1000      4915.01     76796978
          128         1000      2498.05     19516009
          256         1000      4052.73     15830971
          512         1000      7656.93     14954941
         1024         1000     11750.58     11475177
         2048         1000     18546.61      9055964
         4096         1000     25988.99      6344968
         8192         1000     32372.21      3951685
        16384         1000     20753.13      1266671
        32768         1000     21189.96       646666
        65536          640     22768.76       347424
       131072          320     24033.91       183364
       262144          160     24956.74        95202
       524288           80     25357.86        48366
      1048576           40     25545.26        24362
      2097152           20     25688.64        12249
      4194304           10     25771.41         6144

#---------------------------------------------------
# Benchmarking Biband 
# #processes = 32 
# ( 52 additional processes waiting in MPI_Barrier)
#---------------------------------------------------
       #bytes #repetitions   Mbytes/sec      Msg/sec
            0         1000         0.00    133264514
            1         1000       126.42    126422930
            2         1000       269.72    134861847
            4         1000       541.51    135377158
            8         1000      1045.71    130713823
           16         1000      2208.07    138004164
           32         1000      4098.05    128064151
           64         1000      7745.52    121023774
          128         1000      4579.50     35777310
          256         1000      7769.82     30350873
          512         1000     13846.79     27044515
         1024         1000     20187.46     19714313
         2048         1000     32818.11     16024467
         4096         1000     44413.57     10843157
         8192         1000     54110.21      6605250
        16384         1000     20192.40      1232446
        32768         1000     21147.80       645380
        65536          640     22804.13       347963
       131072          320     24109.99       183945
       262144          160     24819.01        94677
       524288           80     25230.92        48124
      1048576           40     25416.38        24239
      2097152           20     25560.32        12188
      4194304           10     25387.55         6053

#---------------------------------------------------
# Benchmarking Biband 
# #processes = 64 
# ( 20 additional processes waiting in MPI_Barrier)
#---------------------------------------------------
       #bytes #repetitions   Mbytes/sec      Msg/sec
            0         1000         0.00    124775341
            1         1000       125.25    125249915
            2         1000       250.75    125374198
            4         1000       491.60    122900239
            8         1000       985.10    123136882
           16         1000      1976.05    123503187
           32         1000      3958.96    123717537
           64         1000      6951.66    108619717
          128         1000      7975.62     62309530
          256         1000     15505.78     60569448
          512         1000     22057.52     43081101
         1024         1000     28198.37     27537472
         2048         1000     32996.07     16111364
         4096         1000     33998.62      8300444
         8192         1000     34464.89      4207140
        16384         1000     22726.48      1387114
        32768         1000     22975.96       701171
        65536          640     24202.23       369297
       131072          320     24685.74       188337
       262144          160     25029.85        95481
       524288           80     25103.96        47882
      1048576           40     25189.80        24023
      2097152           20     25235.79        12033
      4194304           10     25290.95         6030

#---------------------------------------------------
# Benchmarking Biband 
# #processes = 84 
#---------------------------------------------------
       #bytes #repetitions   Mbytes/sec      Msg/sec
            0         1000         0.00    105242353
            1         1000       104.85    104851664
            2         1000       208.01    104006257
            4         1000       413.08    103269480
            8         1000       818.62    102327858
           16         1000      1630.30    101893840
           32         1000      3183.89     99496642
           64         1000      3480.75     54386719
          128         1000      5441.37     42510741
          256         1000      9979.01     38980527
          512         1000     14182.59     27700364
         1024         1000     17728.54     17313028
         2048         1000     21465.09     10481003
         4096         1000     22483.25      5489075
         8192         1000     23772.96      2901972
        16384         1000     23755.64      1449929
        32768         1000     23959.86       731197
        65536          640     24141.42       368369
       131072          320     24213.63       184735
       262144          160     24271.54        92589
       524288           80     24257.20        46267
      1048576           40     24295.13        23170
      2097152           20     24364.88        11618
      4194304           10     24402.27         5818


# All processes entering MPI_Finalize

