#------------------------------------------------------------
#    Intel(R) MPI Benchmarks 2019 Update 5, MPI-1 part    
#------------------------------------------------------------
# Date                  : Wed Oct  7 09:34:45 2020
# Machine               : x86_64
# System                : Linux
# Release               : 3.10.0-1127.8.2.el7.x86_64
# Version               : #1 SMP Tue May 12 16:57:42 UTC 2020
# MPI Version           : 3.1
# MPI Thread Environment: 


# Calling sequence was: 

# IMB-MPI1 uniband -npmin 1 

# Minimum message length in bytes:   0
# Maximum message length in bytes:   4194304
#
# MPI_Datatype                   :   MPI_BYTE 
# MPI_Datatype for reductions    :   MPI_FLOAT 
# MPI_Op                         :   MPI_SUM  
# 
# 

# List of Benchmarks to run:

# Uniband

#---------------------------------------------------
# Benchmarking Uniband 
# #processes = 2 
# ( 2 additional processes waiting in MPI_Barrier)
#---------------------------------------------------
       #bytes #repetitions   Mbytes/sec      Msg/sec
            0         1000         0.00      3535027
            1         1000         3.46      3461432
            2         1000         6.91      3455265
            4         1000        13.82      3455448
            8         1000        27.64      3455412
           16         1000        55.34      3458963
           32         1000       109.09      3409020
           64         1000       216.99      3390442
          128         1000       428.73      3349449
          256         1000       878.97      3433488
          512         1000       896.30      1750588
         1024         1000      1613.79      1575965
         2048         1000      2682.90      1310010
         4096         1000      3934.38       960542
         8192         1000      5442.41       664357
        16384         1000      6219.35       379599
        32768         1000      6462.86       197231
        65536          640      6801.61       103784
       131072          320      6201.44        47313
       262144          160      5762.08        21981
       524288           80      5862.94        11183
      1048576           40      6175.10         5889
      2097152           20      5987.36         2855
      4194304           10      8251.85         1967

#---------------------------------------------------
# Benchmarking Uniband 
# #processes = 4 
#---------------------------------------------------
       #bytes #repetitions   Mbytes/sec      Msg/sec
            0         1000         0.00      5196408
            1         1000         5.16      5164745
            2         1000        10.34      5168100
            4         1000        20.68      5169112
            8         1000        41.36      5169465
           16         1000        82.77      5172846
           32         1000       165.05      5157935
           64         1000       323.57      5055763
          128         1000       545.56      4262156
          256         1000      1082.23      4227475
          512         1000      2086.60      4075384
         1024         1000      2731.11      2667103
         2048         1000      2914.92      1423298
         4096         1000      2959.11       722440
         8192         1000      3010.45       367486
        16384         1000      3025.33       184651
        32768         1000      3038.58        92730
        65536          640      3045.25        46467
       131072          320      3048.59        23259
       262144          160      3045.40        11617
       524288           80      3047.29         5812
      1048576           40      3051.77         2910
      2097152           20      3055.31         1457
      4194304           10      3049.38          727


# All processes entering MPI_Finalize

