Log file opened on Wed Sep 30 15:29:28 2020
Host: cpu-p-196  pid: 113047  rank ID: 0  number of ranks:  112
                      :-) GROMACS - gmx mdrun, 2016.6 (-:

                            GROMACS is written by:
     Emile Apol      Rossen Apostolov  Herman J.C. Berendsen    Par Bjelkmar   
 Aldert van Buuren   Rudi van Drunen     Anton Feenstra    Gerrit Groenhof  
 Christoph Junghans   Anca Hamuraru    Vincent Hindriksen Dimitrios Karkoulis
    Peter Kasson        Jiri Kraus      Carsten Kutzner      Per Larsson    
  Justin A. Lemkul   Magnus Lundborg   Pieter Meulenhoff    Erik Marklund   
   Teemu Murtola       Szilard Pall       Sander Pronk      Roland Schulz   
  Alexey Shvetsov     Michael Shirts     Alfons Sijbers     Peter Tieleman  
  Teemu Virolainen  Christian Wennberg    Maarten Wolf   
                           and the project leaders:
        Mark Abraham, Berk Hess, Erik Lindahl, and David van der Spoel

Copyright (c) 1991-2000, University of Groningen, The Netherlands.
Copyright (c) 2001-2017, The GROMACS development team at
Uppsala University, Stockholm University and
the Royal Institute of Technology, Sweden.
check out http://www.gromacs.org for more information.

GROMACS is free software; you can redistribute it and/or modify it
under the terms of the GNU Lesser General Public License
as published by the Free Software Foundation; either version 2.1
of the License, or (at your option) any later version.

GROMACS:      gmx mdrun, version 2016.6
Executable:   /home/hpcbras1/spack/opt/spack/linux-scientific7-skylake_avx512/gcc-9.1.0/gromacs-2016.6-kgomb677so5w42qytvzkbdmclmzk5mvl/bin/gmx_mpi
Data prefix:  /home/hpcbras1/spack/opt/spack/linux-scientific7-skylake_avx512/gcc-9.1.0/gromacs-2016.6-kgomb677so5w42qytvzkbdmclmzk5mvl
Working dir:  /home/hpcbras1/hpc-tests/stage/csd3/cclake-ib-gcc9-ompi3-ucx/gromacs/Gromacs_HECBioSim_3000k_atoms_csd3_cclake_ib_gcc9_ompi3_ucx_112_56
Command line:
  gmx_mpi mdrun -s benchmark.tpr -g 3000k-atoms.log -noconfout

GROMACS version:    2016.6
Precision:          single
Memory model:       64 bit
MPI library:        MPI
OpenMP support:     enabled (GMX_OPENMP_MAX_THREADS = 32)
GPU support:        disabled
SIMD instructions:  AVX_512
FFT library:        fftw-3.3.8-sse2-avx-avx2-avx2_128-avx512
RDTSCP usage:       enabled
TNG support:        enabled
Hwloc support:      hwloc-1.11.6
Tracing support:    disabled
Built on:           Thu Sep 17 16:26:13 BST 2020
Built by:           hpcbras1@login-e-16 [CMAKE]
Build OS/arch:      Linux 3.10.0-957.58.2.el7.csd3.x86_64 x86_64
Build CPU vendor:   Unknown
Build CPU brand:    Unknown
Build CPU family:   0   Model: 0   Stepping: 0
Build CPU features: Unknown
C compiler:         /home/hpcbras1/spack/lib/spack/env/gcc/gcc GNU 9.1.0
C compiler flags:    -mavx512f -mfma -pthread    -O2 -g -DNDEBUG -funroll-all-loops -fexcess-precision=fast 
C++ compiler:       /home/hpcbras1/spack/lib/spack/env/gcc/g++ GNU 9.1.0
C++ compiler flags:  -mavx512f -mfma -pthread   -std=c++0x   -O2 -g -DNDEBUG -funroll-all-loops -fexcess-precision=fast 

Note: 56 CPUs configured, but only 1 were detected to be online.

Running on 2 nodes with total 2 cores, 2 logical cores
  Cores per node:            1 - 56
  Logical cores per node:    1 - 56
Hardware detected on host cpu-p-196 (the node of MPI rank 0):
  CPU info:
    Vendor: Intel
    Brand:  Intel(R) Xeon(R) Platinum 8276 CPU @ 2.20GHz
    Family: 6   Model: 85   Stepping: 7
    Features: aes apic avx avx2 avx512f avx512cd avx512bw avx512vl clfsh cmov cx8 cx16 f16c fma hle htt lahf mmx msr nonstop_tsc pcid pclmuldq pdcm pdpe1gb popcnt pse rdrnd rdtscp rtm sse2 sse3 sse4.1 sse4.2 ssse3 tdt x2apic
    SIMD instructions most likely to fit this hardware: AVX_512
    SIMD instructions selected at GROMACS compile time: AVX_512

  Hardware topology: Full, with devices
    Sockets, cores, and logical processors:
      Socket  0: [   0]
    Numa nodes:
      Node  0 (99745538048 bytes mem):   0
      Node  1 (101429641216 bytes mem):
      Latency:
               0     1
         0  1.00  2.10
         1  2.10  1.00
    Caches:
      L1: 32768 bytes, linesize 64 bytes, assoc. 8, shared 1 ways
      L2: 1048576 bytes, linesize 64 bytes, assoc. 16, shared 1 ways
      L3: 40370176 bytes, linesize 64 bytes, assoc. 11, shared 1 ways
    PCI devices:
      0000:00:11.5  Id: 8086:a1d2  Class: 0x0106  Numa: -1
      0000:00:17.0  Id: 8086:a182  Class: 0x0106  Numa: -1
      0000:03:00.0  Id: 102b:0536  Class: 0x0300  Numa: -1
      0000:5e:00.0  Id: 15b3:101b  Class: 0x0207  Numa: -1
      0000:5e:00.1  Id: 15b3:101b  Class: 0x0200  Numa: -1


++++ PLEASE READ AND CITE THE FOLLOWING REFERENCE ++++
M. J. Abraham, T. Murtola, R. Schulz, S. Páll, J. C. Smith, B. Hess, E.
Lindahl
GROMACS: High performance molecular simulations through multi-level
parallelism from laptops to supercomputers
SoftwareX 1 (2015) pp. 19-25
-------- -------- --- Thank You --- -------- --------


++++ PLEASE READ AND CITE THE FOLLOWING REFERENCE ++++
S. Páll, M. J. Abraham, C. Kutzner, B. Hess, E. Lindahl
Tackling Exascale Software Challenges in Molecular Dynamics Simulations with
GROMACS
In S. Markidis & E. Laure (Eds.), Solving Software Challenges for Exascale 8759 (2015) pp. 3-27
-------- -------- --- Thank You --- -------- --------


++++ PLEASE READ AND CITE THE FOLLOWING REFERENCE ++++
S. Pronk, S. Páll, R. Schulz, P. Larsson, P. Bjelkmar, R. Apostolov, M. R.
Shirts, J. C. Smith, P. M. Kasson, D. van der Spoel, B. Hess, and E. Lindahl
GROMACS 4.5: a high-throughput and highly parallel open source molecular
simulation toolkit
Bioinformatics 29 (2013) pp. 845-54
-------- -------- --- Thank You --- -------- --------


++++ PLEASE READ AND CITE THE FOLLOWING REFERENCE ++++
B. Hess and C. Kutzner and D. van der Spoel and E. Lindahl
GROMACS 4: Algorithms for highly efficient, load-balanced, and scalable
molecular simulation
J. Chem. Theory Comput. 4 (2008) pp. 435-447
-------- -------- --- Thank You --- -------- --------


++++ PLEASE READ AND CITE THE FOLLOWING REFERENCE ++++
D. van der Spoel, E. Lindahl, B. Hess, G. Groenhof, A. E. Mark and H. J. C.
Berendsen
GROMACS: Fast, Flexible and Free
J. Comp. Chem. 26 (2005) pp. 1701-1719
-------- -------- --- Thank You --- -------- --------


++++ PLEASE READ AND CITE THE FOLLOWING REFERENCE ++++
E. Lindahl and B. Hess and D. van der Spoel
GROMACS 3.0: A package for molecular simulation and trajectory analysis
J. Mol. Mod. 7 (2001) pp. 306-317
-------- -------- --- Thank You --- -------- --------


++++ PLEASE READ AND CITE THE FOLLOWING REFERENCE ++++
H. J. C. Berendsen, D. van der Spoel and R. van Drunen
GROMACS: A message-passing parallel molecular dynamics implementation
Comp. Phys. Comm. 91 (1995) pp. 43-56
-------- -------- --- Thank You --- -------- --------

Changing nstlist from 10 to 25, rlist from 1.2 to 1.223

Input Parameters:
   integrator                     = md
   tinit                          = 0
   dt                             = 0.002
   nsteps                         = 10000
   init-step                      = 0
   simulation-part                = 1
   comm-mode                      = Linear
   nstcomm                        = 5000
   bd-fric                        = 0
   ld-seed                        = 3448832404
   emtol                          = 10
   emstep                         = 0.01
   niter                          = 20
   fcstep                         = 0
   nstcgsteep                     = 1000
   nbfgscorr                      = 10
   rtpi                           = 0.05
   nstxout                        = 5000
   nstvout                        = 0
   nstfout                        = 0
   nstlog                         = 5000
   nstcalcenergy                  = 100
   nstenergy                      = 5000
   nstxout-compressed             = 0
   compressed-x-precision         = 1000
   cutoff-scheme                  = Verlet
   nstlist                        = 25
   ns-type                        = Grid
   pbc                            = xyz
   periodic-molecules             = false
   verlet-buffer-tolerance        = 0.005
   rlist                          = 1.223
   coulombtype                    = PME
   coulomb-modifier               = None
   rcoulomb-switch                = 0
   rcoulomb                       = 1.2
   epsilon-r                      = 1
   epsilon-rf                     = inf
   vdw-type                       = Cut-off
   vdw-modifier                   = Force-switch
   rvdw-switch                    = 1
   rvdw                           = 1.2
   DispCorr                       = No
   table-extension                = 1
   fourierspacing                 = 0.12
   fourier-nx                     = 384
   fourier-ny                     = 384
   fourier-nz                     = 128
   pme-order                      = 4
   ewald-rtol                     = 1e-05
   ewald-rtol-lj                  = 0.001
   lj-pme-comb-rule               = Geometric
   ewald-geometry                 = 0
   epsilon-surface                = 0
   implicit-solvent               = No
   gb-algorithm                   = Still
   nstgbradii                     = 1
   rgbradii                       = 1
   gb-epsilon-solvent             = 80
   gb-saltconc                    = 0
   gb-obc-alpha                   = 1
   gb-obc-beta                    = 0.8
   gb-obc-gamma                   = 4.85
   gb-dielectric-offset           = 0.009
   sa-algorithm                   = Ace-approximation
   sa-surface-tension             = 2.05016
   tcoupl                         = Berendsen
   nsttcouple                     = 10
   nh-chain-length                = 0
   print-nose-hoover-chain-variables = false
   pcoupl                         = Berendsen
   pcoupltype                     = Semiisotropic
   nstpcouple                     = 10
   tau-p                          = 5
   compressibility (3x3):
      compressibility[    0]={ 0.00000e+00,  0.00000e+00,  0.00000e+00}
      compressibility[    1]={ 0.00000e+00,  0.00000e+00,  0.00000e+00}
      compressibility[    2]={ 0.00000e+00,  0.00000e+00,  4.50000e-05}
   ref-p (3x3):
      ref-p[    0]={ 0.00000e+00,  0.00000e+00,  0.00000e+00}
      ref-p[    1]={ 0.00000e+00,  0.00000e+00,  0.00000e+00}
      ref-p[    2]={ 0.00000e+00,  0.00000e+00,  1.00000e+00}
   refcoord-scaling               = No
   posres-com (3):
      posres-com[0]= 0.00000e+00
      posres-com[1]= 0.00000e+00
      posres-com[2]= 0.00000e+00
   posres-comB (3):
      posres-comB[0]= 0.00000e+00
      posres-comB[1]= 0.00000e+00
      posres-comB[2]= 0.00000e+00
   QMMM                           = false
   QMconstraints                  = 0
   QMMMscheme                     = 0
   MMChargeScaleFactor            = 1
qm-opts:
   ngQM                           = 0
   constraint-algorithm           = Lincs
   continuation                   = true
   Shake-SOR                      = false
   shake-tol                      = 0.0001
   lincs-order                    = 4
   lincs-iter                     = 1
   lincs-warnangle                = 30
   nwall                          = 0
   wall-type                      = 9-3
   wall-r-linpot                  = -1
   wall-atomtype[0]               = -1
   wall-atomtype[1]               = -1
   wall-density[0]                = 0
   wall-density[1]                = 0
   wall-ewald-zfac                = 3
   pull                           = false
   rotation                       = false
   interactiveMD                  = false
   disre                          = No
   disre-weighting                = Conservative
   disre-mixed                    = false
   dr-fc                          = 1000
   dr-tau                         = 0
   nstdisreout                    = 100
   orire-fc                       = 0
   orire-tau                      = 0
   nstorireout                    = 100
   free-energy                    = no
   cos-acceleration               = 0
   deform (3x3):
      deform[    0]={ 0.00000e+00,  0.00000e+00,  0.00000e+00}
      deform[    1]={ 0.00000e+00,  0.00000e+00,  0.00000e+00}
      deform[    2]={ 0.00000e+00,  0.00000e+00,  0.00000e+00}
   simulated-tempering            = false
   E-x:
      n = 0
   E-xt:
      n = 0
   E-y:
      n = 0
   E-yt:
      n = 0
   E-z:
      n = 0
   E-zt:
      n = 0
   swapcoords                     = no
   userint1                       = 0
   userint2                       = 0
   userint3                       = 0
   userint4                       = 0
   userreal1                      = 0
   userreal2                      = 0
   userreal3                      = 0
   userreal4                      = 0
grpopts:
   nrdf:  6.37861e+06
   ref-t:         300
   tau-t:           1
annealing:          No
annealing-npoints:           0
   acc:	           0           0           0
   nfreeze:           N           N           N
   energygrp-flags[  0]: 0


Initializing Domain Decomposition on 112 ranks
Dynamic load balancing: auto
Initial maximum inter charge-group distances:
    two-body bonded interactions: 0.463 nm, LJ-14, atoms 3653 4056
  multi-body bonded interactions: 0.504 nm, CMAP Dih., atoms 72708 72725
Minimum cell size due to bonded interactions: 0.555 nm
Maximum distance for 5 constraints, at 120 deg. angles, all-trans: 0.222 nm
Estimated maximum distance required for P-LINCS: 0.222 nm
Guess for relative PME load: 0.22
Will use 84 particle-particle and 28 PME only ranks
This is a guess, check the performance at the end of the log file
Using 28 separate PME ranks, as guessed by mdrun
Scaling the initial minimum size with 1/0.8 (option -dds) = 1.25
Optimizing the DD grid for 84 cells with a minimum initial size of 0.694 nm
The maximum allowed number of cells is: X 62 Y 64 Z 21
Domain decomposition grid 28 x 3 x 1, separate PME ranks 28
PME domain decomposition: 28 x 1 x 1
Interleaving PP and PME ranks
This rank does only particle-particle work.

Domain decomposition rank 0, coordinates 0 0 0

The initial number of communication pulses is: X 1 Y 1
The initial domain decomposition cell size is: X 1.56 nm Y 15.00 nm

The maximum allowed distance for charge groups involved in interactions is:
                 non-bonded interactions           1.223 nm
(the following are initial values, they could change due to box deformation)
            two-body bonded interactions  (-rdd)   1.223 nm
          multi-body bonded interactions  (-rdd)   1.223 nm
  atoms separated by up to 5 constraints  (-rcon)  1.557 nm

When dynamic load balancing gets turned on, these settings will change to:
The maximum number of communication pulses is: X 1 Y 1
The minimum size for domain decomposition cells is 1.223 nm
The requested allowed shrink of DD cells (option -dds) is: 0.80
The allowed shrink of domain decomposition cells is: X 0.79 Y 0.08
The maximum allowed distance for charge groups involved in interactions is:
                 non-bonded interactions           1.223 nm
            two-body bonded interactions  (-rdd)   1.223 nm
          multi-body bonded interactions  (-rdd)   1.223 nm
  atoms separated by up to 5 constraints  (-rcon)  1.223 nm

Using two step summing over 2 groups of on average 42.0 ranks

Using 112 MPI processes
Using 1 OpenMP thread per MPI process

Will do PME sum in reciprocal space for electrostatic interactions.

++++ PLEASE READ AND CITE THE FOLLOWING REFERENCE ++++
U. Essmann, L. Perera, M. L. Berkowitz, T. Darden, H. Lee and L. G. Pedersen 
A smooth particle mesh Ewald method
J. Chem. Phys. 103 (1995) pp. 8577-8592
-------- -------- --- Thank You --- -------- --------

Will do ordinary reciprocal space Ewald sum.
Using a Gaussian width (1/beta) of 0.384195 nm for Ewald
Cut-off's:   NS: 1.223   Coulomb: 1.2   LJ: 1.2
System total charge: 0.001
Generated table with 1111 data points for 1-4 COUL.
Tabscale = 500 points/nm
Generated table with 1111 data points for 1-4 LJ6.
Tabscale = 500 points/nm
Generated table with 1111 data points for 1-4 LJ12.
Tabscale = 500 points/nm
Potential shift: LJ r^-12: -2.648e-01 r^-6: -5.349e-01, Ewald -0.000e+00
Initialized non-bonded Ewald correction tables, spacing: 1.02e-03 size: 1176


Using SIMD 4x8 non-bonded kernels


Non-default thread affinity set probably by the OpenMP library,
disabling internal thread affinity

Initializing Parallel LINear Constraint Solver

++++ PLEASE READ AND CITE THE FOLLOWING REFERENCE ++++
B. Hess
P-LINCS: A Parallel Linear Constraint Solver for molecular simulation
J. Chem. Theory Comput. 4 (2008) pp. 116-122
-------- -------- --- Thank You --- -------- --------

The number of constraints is 573928
There are inter charge-group constraints,
will communicate selected coordinates each lincs iteration

++++ PLEASE READ AND CITE THE FOLLOWING REFERENCE ++++
S. Miyamoto and P. A. Kollman
SETTLE: An Analytical Version of the SHAKE and RATTLE Algorithms for Rigid
Water Models
J. Comp. Chem. 13 (1992) pp. 952-962
-------- -------- --- Thank You --- -------- --------


Linking all bonded interactions to atoms

Intra-simulation communication will occur every 5 steps.
Center of mass motion removal mode is Linear
We have the following groups for center of mass motion removal:
  0:  rest

++++ PLEASE READ AND CITE THE FOLLOWING REFERENCE ++++
H. J. C. Berendsen, J. P. M. Postma, A. DiNola and J. R. Haak
Molecular dynamics with coupling to an external bath
J. Chem. Phys. 81 (1984) pp. 3684-3690
-------- -------- --- Thank You --- -------- --------

There are: 2997924 Atoms
Atom distribution over 84 domains: av 35689 stddev 345 min 35204 max 36310

Started mdrun on rank 0 Wed Sep 30 15:29:37 2020
           Step           Time
              0        0.00000

   Energies (kJ/mol)
           Bond            U-B    Proper Dih.  Improper Dih.      CMAP Dih.
    4.39630e+05    2.30394e+06    1.04149e+06    2.71773e+04   -2.47970e+04
          LJ-14     Coulomb-14        LJ (SR)   Coulomb (SR)   Coul. recip.
    3.07430e+05   -3.34243e+06    2.45027e+06   -3.22723e+07    1.36485e+05
      Potential    Kinetic En.   Total Energy    Temperature Pressure (bar)
   -2.89331e+07    7.96080e+06   -2.09723e+07    3.00211e+02    1.07419e+01
   Constr. rmsd
    9.79637e-06

DD  step 24 load imb.: force 10.0%  pme mesh/force 0.937


step 75 Turning on dynamic load balancing, because the performance loss due to load imbalance is 6.8 %.

DD  step 4999  vol min/aver 0.909  load imb.: force  0.3%  pme mesh/force 0.871

           Step           Time
           5000       10.00000

   Energies (kJ/mol)
           Bond            U-B    Proper Dih.  Improper Dih.      CMAP Dih.
    4.38355e+05    2.30226e+06    1.04056e+06    2.67994e+04   -2.51431e+04
          LJ-14     Coulomb-14        LJ (SR)   Coulomb (SR)   Coul. recip.
    3.07476e+05   -3.33932e+06    2.46543e+06   -3.22871e+07    1.36622e+05
      Potential    Kinetic En.   Total Energy    Temperature Pressure (bar)
   -2.89341e+07    7.95777e+06   -2.09763e+07    3.00097e+02    3.46368e+01
   Constr. rmsd
    9.78335e-06

DD  step 9999  vol min/aver 0.912  load imb.: force  0.7%  pme mesh/force 0.891

           Step           Time
          10000       20.00000

   Energies (kJ/mol)
           Bond            U-B    Proper Dih.  Improper Dih.      CMAP Dih.
    4.40399e+05    2.30639e+06    1.03999e+06    2.67864e+04   -2.45478e+04
          LJ-14     Coulomb-14        LJ (SR)   Coulomb (SR)   Coul. recip.
    3.07265e+05   -3.34012e+06    2.46953e+06   -3.22950e+07    1.36047e+05
      Potential    Kinetic En.   Total Energy    Temperature Pressure (bar)
   -2.89333e+07    7.95590e+06   -2.09774e+07    3.00026e+02    1.51686e+01
   Constr. rmsd
    9.78739e-06

	<======  ###############  ==>
	<====  A V E R A G E S  ====>
	<==  ###############  ======>

	Statistics over 10001 steps using 101 frames

   Energies (kJ/mol)
           Bond            U-B    Proper Dih.  Improper Dih.      CMAP Dih.
    4.39469e+05    2.30400e+06    1.03994e+06    2.68151e+04   -2.48411e+04
          LJ-14     Coulomb-14        LJ (SR)   Coulomb (SR)   Coul. recip.
    3.07147e+05   -3.34115e+06    2.45818e+06   -3.22795e+07    1.36456e+05
      Potential    Kinetic En.   Total Energy    Temperature Pressure (bar)
   -2.89335e+07    7.95710e+06   -2.09764e+07    3.00071e+02    1.52889e+01
   Constr. rmsd
    0.00000e+00

          Box-X          Box-Y          Box-Z
    4.36018e+01    4.49954e+01    1.50138e+01

   Total Virial (kJ/mol)
    2.58544e+06   -7.95133e+01   -4.09357e+03
   -3.19195e+02    2.59498e+06    2.96362e+03
   -5.65531e+03    2.63678e+03    2.73600e+06

   Pressure (bar)
    2.65836e+01    2.28822e-01    4.09183e+00
    4.99035e-01    1.55858e+01   -3.17624e+00
    5.85267e+00   -2.80776e+00    3.69737e+00


	M E G A - F L O P S   A C C O U N T I N G

 NB=Group-cutoff nonbonded kernels    NxN=N-by-N cluster Verlet kernels
 RF=Reaction-Field  VdW=Van der Waals  QSTab=quadratic-spline table
 W3=SPC/TIP3p  W4=TIP4p (single or pairs)
 V&F=Potential and force  V=Potential only  F=Force only

 Computing:                               M-Number         M-Flops  % Flops
-----------------------------------------------------------------------------
 Pair Search distance check          719993.051304     6479937.462     0.4
 NxN Ewald Elec. + LJ [F]          15263219.684640  1190531135.402    66.9
 NxN Ewald Elec. + LJ [V&F]          155710.011280    20086591.455     1.1
 NxN LJ [F]                               5.313216         239.095     0.0
 NxN LJ [V&F]                             0.036384           2.365     0.0
 NxN Ewald Elec. [F]                7369389.782272   449532776.719    25.2
 NxN Ewald Elec. [V&F]                75179.955376     6315116.252     0.4
 1,4 nonbonded interactions           25358.295576     2282246.602     0.1
 Calc Weights                         89946.713772     3238081.696     0.2
 Spread Q Bspline                   1918863.227136     3837726.454     0.2
 Gather F Bspline                   1918863.227136    11513179.363     0.6
 3D-FFT                             9124753.104072    72998024.833     4.1
 Solve PME                             1474.707456       94381.277     0.0
 Reset In Box                          1199.169600        3597.509     0.0
 CG-CoM                                1202.167524        3606.503     0.0
 Bonds                                 3754.935456      221541.192     0.0
 Propers                              27709.930716     6345574.134     0.4
 Impropers                              282.628260       58786.678     0.0
 Virial                                3004.705704       54084.703     0.0
 Stop-CM                                  8.993772          89.938     0.0
 P-Coupling                            2997.924000       17987.544     0.0
 Calc-Ekin                            11997.691848      323937.680     0.0
 Lincs                                 6201.603723      372096.223     0.0
 Lincs-Mat                            42064.726248      168258.905     0.0
 Constraint-V                         34057.686864      272461.495     0.0
 Constraint-Vir                        2788.114312       66914.743     0.0
 Settle                                7218.159806     2331465.617     0.1
 CMAP                                    56.685668       96365.636     0.0
 Urey-Bradley                         18173.217140     3325698.737     0.2
-----------------------------------------------------------------------------
 Total                                              1780571906.209   100.0
-----------------------------------------------------------------------------


    D O M A I N   D E C O M P O S I T I O N   S T A T I S T I C S

 av. #atoms communicated per step for force:  2 x 2760018.2
 av. #atoms communicated per step for LINCS:  2 x 193536.8

 Average load imbalance: 0.7 %
 Part of the total run time spent waiting due to load imbalance: 0.5 %
 Steps where the load balancing was limited by -rdd, -rcon and/or -dds: X 0 % Y 0 %
 Average PME mesh/force load: 0.876
 Part of the total run time spent waiting due to PP/PME imbalance: 2.7 %


     R E A L   C Y C L E   A N D   T I M E   A C C O U N T I N G

On 84 MPI ranks doing PP, and
on 28 MPI ranks doing PME

 Computing:          Num   Num      Call    Wall time         Giga-Cycles
                     Ranks Threads  Count      (s)         total sum    %
-----------------------------------------------------------------------------
 Domain decomp.        84    1        400      13.516       2491.830   1.7
 DD comm. load         84    1        399       0.024          4.467   0.0
 DD comm. bounds       84    1        398       0.322         59.452   0.0
 Send X to PME         84    1      10001       5.254        968.626   0.7
 Neighbor search       84    1        401      30.228       5573.047   3.8
 Comm. coord.          84    1       9600       8.339       1537.412   1.0
 Force                 84    1      10001     496.728      91580.722  61.8
 Wait + Comm. F        84    1      10001       9.712       1790.536   1.2
 PME mesh *            28    1      10001     442.825      27214.207  18.4
 PME wait for PP *                            159.888       9826.067   6.6
 Wait + Recv. PME F    84    1      10001       4.934        909.731   0.6
 NB X/F buffer ops.    84    1      29201       6.411       1181.926   0.8
 Write traj.           84    1          3       0.060         10.993   0.0
 Update                84    1      10001       4.427        816.128   0.6
 Constraints           84    1      10001      16.513       3044.384   2.1
 Comm. energies        84    1       2001       4.476        825.158   0.6
 Rest                                           1.772        326.733   0.2
-----------------------------------------------------------------------------
 Total                                        602.715     148161.529 100.0
-----------------------------------------------------------------------------
(*) Note that with separate PME ranks, the walltime column actually sums to
    twice the total reported, but the cycle count total and % are correct.
-----------------------------------------------------------------------------
 Breakdown of PME mesh computation
-----------------------------------------------------------------------------
 PME redist. X/F       28    1      20002      26.076       1602.547   1.1
 PME spread/gather     28    1      20002     178.607      10976.460   7.4
 PME 3D-FFT            28    1      20002     162.315       9975.228   6.7
 PME 3D-FFT Comm.      28    1      20002      55.175       3390.837   2.3
 PME solve Elec        28    1      10001      20.561       1263.565   0.9
-----------------------------------------------------------------------------

               Core t (s)   Wall t (s)        (%)
       Time:    67504.029      602.715    11200.0
                 (ns/day)    (hour/ns)
Performance:        2.867        8.370
Finished mdrun on rank 0 Wed Sep 30 15:39:40 2020
