[0] MPI startup(): I_MPI_OFA_TRANSLATION_CACHE variable has been removed from the product, its value is ignored

#------------------------------------------------------------
#    Intel(R) MPI Benchmarks 2019 Update 6, MPI-1 part    
#------------------------------------------------------------
# Date                  : Thu Oct  1 16:20:37 2020
# Machine               : x86_64
# System                : Linux
# Release               : 3.10.0-1127.19.1.el7.x86_64
# Version               : #1 SMP Tue Aug 25 17:23:54 UTC 2020
# MPI Version           : 3.1
# MPI Thread Environment: 


# Calling sequence was: 

# /usr/local/Cluster-Apps/intel/2020.2/compilers_and_libraries_2020.2.254/linux/mpi/intel64/bin/IMB-MPI1 uniband -npmin 1 

# Minimum message length in bytes:   0
# Maximum message length in bytes:   4194304
#
# MPI_Datatype                   :   MPI_BYTE 
# MPI_Datatype for reductions    :   MPI_FLOAT 
# MPI_Op                         :   MPI_SUM  
# 
# 

# List of Benchmarks to run:

# Uniband

#---------------------------------------------------
# Benchmarking Uniband 
# #processes = 2 
# ( 2 additional processes waiting in MPI_Barrier)
#---------------------------------------------------
       #bytes #repetitions   Mbytes/sec      Msg/sec
            0         1000         0.00      3917053
            1         1000         3.96      3959159
            2         1000         7.93      3965811
            4         1000        15.79      3947719
            8         1000        31.59      3948896
           16         1000        63.83      3989152
           32         1000       116.29      3634031
           64         1000       232.18      3627883
          128         1000       428.41      3346916
          256         1000      1071.69      4186308
          512         1000       927.69      1811888
         1024         1000      1297.70      1267290
         2048         1000      2129.01      1039555
         4096         1000      3071.75       749939
         8192         1000      4051.80       494605
        16384         1000      4265.04       260317
        32768         1000      4568.32       139414
        65536          640      4725.99        72113
       131072          320      4846.57        36976
       262144          160      4890.13        18654
       524288           80      5682.57        10839
      1048576           40      5479.32         5225
      2097152           20      5352.16         2552
      4194304           10      4749.50         1132

#---------------------------------------------------
# Benchmarking Uniband 
# #processes = 4 
#---------------------------------------------------
       #bytes #repetitions   Mbytes/sec      Msg/sec
            0         1000         0.00      9674277
            1         1000         9.65      9653676
            2         1000        19.35      9675602
            4         1000        38.67      9668123
            8         1000        77.43      9679246
           16         1000       153.77      9610544
           32         1000       308.80      9649955
           64         1000       413.51      6461128
          128         1000       669.84      5233098
          256         1000      1265.08      4941703
          512         1000      2482.87      4849351
         1024         1000      4479.66      4374665
         2048         1000      7071.61      3452934
         4096         1000     10713.53      2615609
         8192         1000     12046.02      1470461
        16384         1000     12150.56       741611
        32768         1000     12226.46       373122
        65536          640     12230.96       186630
       131072          320     12289.77        93764
       262144          160     12324.52        47014
       524288           80     12332.68        23523
      1048576           40     12339.35        11768
      2097152           20     12341.16         5885
      4194304           10     12343.63         2943


# All processes entering MPI_Finalize

