#------------------------------------------------------------
#    Intel(R) MPI Benchmarks 2019 Update 5, MPI-1 part    
#------------------------------------------------------------
# Date                  : Wed Oct  7 10:04:40 2020
# Machine               : x86_64
# System                : Linux
# Release               : 3.10.0-1127.8.2.el7.x86_64
# Version               : #1 SMP Tue May 12 16:57:42 UTC 2020
# MPI Version           : 3.1
# MPI Thread Environment: 


# Calling sequence was: 

# /alaska/steveb/spack/opt/spack/linux-centos7-broadwell/gcc-9.3.0/intel-mpi-benchmarks-2019.5-dwg5q6jdcxgwtiwi2lj32w4ttotvwqnt/bin/IMB-MPI1 biband -npmin 1 

# Minimum message length in bytes:   0
# Maximum message length in bytes:   4194304
#
# MPI_Datatype                   :   MPI_BYTE 
# MPI_Datatype for reductions    :   MPI_FLOAT 
# MPI_Op                         :   MPI_SUM  
# 
# 

# List of Benchmarks to run:

# Biband

#---------------------------------------------------
# Benchmarking Biband 
# #processes = 2 
# ( 2 additional processes waiting in MPI_Barrier)
#---------------------------------------------------
       #bytes #repetitions   Mbytes/sec      Msg/sec
            0         1000         0.00     10324911
            1         1000        10.05     10046651
            2         1000        20.75     10372998
            4         1000        40.46     10115907
            8         1000        83.19     10399175
           16         1000       162.24     10140203
           32         1000       321.63     10050842
           64         1000       615.65      9619582
          128         1000       630.46      4925445
          256         1000      1070.30      4180865
          512         1000      1831.26      3576684
         1024         1000      3027.88      2956918
         2048         1000      5654.27      2760873
         4096         1000      8045.43      1964217
         8192         1000     10312.09      1258800
        16384         1000      8713.89       531854
        32768         1000     12968.37       395763
        65536          640     16774.58       255960
       131072          320     18658.51       142353
       262144          160     17708.77        67554
       524288           80     17587.69        33546
      1048576           40     18043.89        17208
      2097152           20     18179.37         8669
      4194304           10     17227.93         4107

#---------------------------------------------------
# Benchmarking Biband 
# #processes = 4 
#---------------------------------------------------
       #bytes #repetitions   Mbytes/sec      Msg/sec
            0         1000         0.00     12297687
            1         1000        12.08     12078459
            2         1000        23.00     11500819
            4         1000        56.26     14065235
            8         1000       104.89     13111468
           16         1000       202.37     12648345
           32         1000       309.33      9666577
           64         1000       632.86      9888438
          128         1000      1028.75      8037119
          256         1000      1985.45      7755657
          512         1000      3719.37      7264386
         1024         1000      5510.70      5381545
         2048         1000      9273.17      4527917
         4096         1000     12749.51      3112672
         8192         1000     15303.83      1868143
        16384         1000     15041.34       918051
        32768         1000     14274.12       435612
        65536          640     20239.26       308827
       131072          320     17423.49       132931
       262144          160     17694.47        67499
       524288           80     13783.57        26290
      1048576           40     20486.37        19537
      2097152           20     20524.87         9787
      4194304           10     20545.43         4898


# All processes entering MPI_Finalize

