#------------------------------------------------------------
#    Intel(R) MPI Benchmarks 2019 Update 5, MPI-1 part    
#------------------------------------------------------------
# Date                  : Wed Oct  7 10:06:13 2020
# Machine               : x86_64
# System                : Linux
# Release               : 3.10.0-1127.8.2.el7.x86_64
# Version               : #1 SMP Tue May 12 16:57:42 UTC 2020
# MPI Version           : 3.1
# MPI Thread Environment: 


# Calling sequence was: 

# /alaska/steveb/spack/opt/spack/linux-centos7-broadwell/gcc-9.3.0/intel-mpi-benchmarks-2019.5-dwg5q6jdcxgwtiwi2lj32w4ttotvwqnt/bin/IMB-MPI1 biband -npmin 1 

# Minimum message length in bytes:   0
# Maximum message length in bytes:   4194304
#
# MPI_Datatype                   :   MPI_BYTE 
# MPI_Datatype for reductions    :   MPI_FLOAT 
# MPI_Op                         :   MPI_SUM  
# 
# 

# List of Benchmarks to run:

# Biband

#---------------------------------------------------
# Benchmarking Biband 
# #processes = 2 
# ( 30 additional processes waiting in MPI_Barrier)
#---------------------------------------------------
       #bytes #repetitions   Mbytes/sec      Msg/sec
            0         1000         0.00      6604315
            1         1000         6.49      6494969
            2         1000        13.23      6612697
            4         1000        26.06      6514362
            8         1000        51.70      6463019
           16         1000       103.60      6475222
           32         1000       186.52      5828647
           64         1000       357.41      5584557
          128         1000       454.75      3552749
          256         1000      1089.00      4253923
          512         1000      1675.09      3271668
         1024         1000      2963.53      2894074
         2048         1000      5714.84      2790451
         4096         1000      8010.70      1955737
         8192         1000     10323.39      1260180
        16384         1000      8758.74       534591
        32768         1000     13415.41       409406
        65536          640     16420.68       250560
       131072          320     19175.17       146295
       262144          160     18265.86        69679
       524288           80     17575.37        33522
      1048576           40     18217.98        17374
      2097152           20     18308.97         8730
      4194304           10     17788.50         4241

#---------------------------------------------------
# Benchmarking Biband 
# #processes = 4 
# ( 28 additional processes waiting in MPI_Barrier)
#---------------------------------------------------
       #bytes #repetitions   Mbytes/sec      Msg/sec
            0         1000         0.00     17040614
            1         1000        17.13     17125041
            2         1000        33.84     16919794
            4         1000        68.76     17191047
            8         1000       135.63     16954230
           16         1000       276.01     17250630
           32         1000       514.94     16091912
           64         1000      1052.63     16447319
          128         1000       662.02      5172041
          256         1000      1097.71      4287938
          512         1000      1766.07      3449355
         1024         1000      3242.64      3166644
         2048         1000      5191.27      2534799
         4096         1000      6767.12      1652128
         8192         1000      8228.37      1004440
        16384         1000     16932.14      1033456
        32768         1000     25333.43       773115
        65536          640     30437.94       464446
       131072          320     33150.31       252917
       262144          160     32990.00       125847
       524288           80     33696.55        64271
      1048576           40     34957.00        33338
      2097152           20     35504.69        16930
      4194304           10     33578.87         8006

#---------------------------------------------------
# Benchmarking Biband 
# #processes = 8 
# ( 24 additional processes waiting in MPI_Barrier)
#---------------------------------------------------
       #bytes #repetitions   Mbytes/sec      Msg/sec
            0         1000         0.00     33789677
            1         1000        33.90     33903661
            2         1000        67.60     33801569
            4         1000       135.68     33920790
            8         1000       270.09     33761037
           16         1000       546.28     34142354
           32         1000      1075.47     33608307
           64         1000      2109.73     32964521
          128         1000      1308.54     10222960
          256         1000      2172.27      8485446
          512         1000      3436.62      6712154
         1024         1000      6160.53      6016146
         2048         1000      9770.01      4770513
         4096         1000     12204.00      2979493
         8192         1000     17363.35      2119549
        16384         1000     33078.79      2018969
        32768         1000     50134.85      1529994
        65536          640     58723.53       896050
       131072          320     67862.17       517747
       262144          160     65873.88       251289
       524288           80     66670.47       127164
      1048576           40     68749.67        65565
      2097152           20     69192.19        32993
      4194304           10     46821.69        11163

#---------------------------------------------------
# Benchmarking Biband 
# #processes = 16 
# ( 16 additional processes waiting in MPI_Barrier)
#---------------------------------------------------
       #bytes #repetitions   Mbytes/sec      Msg/sec
            0         1000         0.00     68336424
            1         1000        67.68     67682870
            2         1000       135.66     67829955
            4         1000       275.04     68761160
            8         1000       554.10     69262350
           16         1000      1078.59     67412075
           32         1000      2057.93     64310382
           64         1000      4194.25     65535090
          128         1000      2632.21     20564159
          256         1000      4352.06     17000253
          512         1000      7059.06     13787221
         1024         1000     11935.54     11655801
         2048         1000     18352.89      8961371
         4096         1000     23449.97      5725090
         8192         1000     27009.23      3297025
        16384         1000     66362.78      4050462
        32768         1000     99487.65      3036122
        65536          640    116907.12      1783861
       131072          320    126811.63       967496
       262144          160    126728.32       483430
       524288           80    134096.51       255769
      1048576           40    137739.15       131358
      2097152           20    111314.90        53079
      4194304           10     47691.23        11370

#---------------------------------------------------
# Benchmarking Biband 
# #processes = 32 
#---------------------------------------------------
       #bytes #repetitions   Mbytes/sec      Msg/sec
            0         1000         0.00     62136232
            1         1000        62.10     62095204
            2         1000       124.26     62128692
            4         1000       239.20     59800237
            8         1000       462.01     57750960
           16         1000       864.10     54006314
           32         1000      1524.54     47641882
           64         1000      2459.59     38431169
          128         1000      3524.62     27536109
          256         1000      3658.42     14290694
          512         1000      4615.39      9014424
         1024         1000      5309.64      5185198
         2048         1000      5741.60      2803514
         4096         1000      5868.87      1432829
         8192         1000      5994.18       731711
        16384         1000      6017.18       367259
        32768          895      6003.30       183206
        65536          453      6076.54        92721
       131072          228      6099.24        46534
       262144          114      6112.15        23316
       524288           57      6118.96        11671
      1048576           29      6123.99         5840
      2097152           15      6123.97         2920
      4194304            8      6126.57         1461


# All processes entering MPI_Finalize

