#------------------------------------------------------------
#    Intel(R) MPI Benchmarks 2019 Update 5, MPI-1 part    
#------------------------------------------------------------
# Date                  : Wed Oct  7 10:05:00 2020
# Machine               : x86_64
# System                : Linux
# Release               : 3.10.0-1127.8.2.el7.x86_64
# Version               : #1 SMP Tue May 12 16:57:42 UTC 2020
# MPI Version           : 3.1
# MPI Thread Environment: 


# Calling sequence was: 

# IMB-MPI1 biband -npmin 1 

# Minimum message length in bytes:   0
# Maximum message length in bytes:   4194304
#
# MPI_Datatype                   :   MPI_BYTE 
# MPI_Datatype for reductions    :   MPI_FLOAT 
# MPI_Op                         :   MPI_SUM  
# 
# 

# List of Benchmarks to run:

# Biband

#---------------------------------------------------
# Benchmarking Biband 
# #processes = 2 
# ( 14 additional processes waiting in MPI_Barrier)
#---------------------------------------------------
       #bytes #repetitions   Mbytes/sec      Msg/sec
            0         1000         0.00      5606206
            1         1000         5.53      5532117
            2         1000        11.04      5519155
            4         1000        22.11      5528550
            8         1000        44.22      5527668
           16         1000        88.40      5525111
           32         1000       169.02      5281847
           64         1000       337.63      5275463
          128         1000       671.06      5242623
          256         1000      1417.04      5535296
          512         1000      1409.42      2752765
         1024         1000      2558.52      2498559
         2048         1000      4297.98      2098625
         4096         1000      6780.15      1655311
         8192         1000      9906.08      1209238
        16384         1000     10783.79       658190
        32768         1000     10603.81       323602
        65536          640     10892.38       166205
       131072          320     10569.52        80639
       262144          160     10127.30        38633
       524288           80      8319.83        15869
      1048576           40     10004.91         9541
      2097152           20     10054.05         4794
      4194304           10     10271.17         2449

#---------------------------------------------------
# Benchmarking Biband 
# #processes = 4 
# ( 12 additional processes waiting in MPI_Barrier)
#---------------------------------------------------
       #bytes #repetitions   Mbytes/sec      Msg/sec
            0         1000         0.00     11076930
            1         1000        10.94     10937689
            2         1000        21.88     10938220
            4         1000        43.68     10920638
            8         1000        87.36     10920134
           16         1000       174.60     10912512
           32         1000       336.23     10507059
           64         1000       670.58     10477879
          128         1000      1341.64     10481594
          256         1000      2821.57     11021745
          512         1000      2660.42      5196138
         1024         1000      4807.86      4695174
         2048         1000      8161.78      3985244
         4096         1000     12834.81      3133499
         8192         1000     18658.34      2277630
        16384         1000     20341.51      1241548
        32768         1000     19604.01       598267
        65536          640     20012.65       305369
       131072          320     19450.52       148396
       262144          160     15066.14        57473
       524288           80     11199.12        21361
      1048576           40     18369.58        17519
      2097152           20     18333.64         8742
      4194304           10     18935.17         4514

#---------------------------------------------------
# Benchmarking Biband 
# #processes = 8 
# ( 8 additional processes waiting in MPI_Barrier)
#---------------------------------------------------
       #bytes #repetitions   Mbytes/sec      Msg/sec
            0         1000         0.00     17361161
            1         1000        17.18     17177762
            2         1000        34.31     17154766
            4         1000        68.67     17168587
            8         1000       137.23     17153832
           16         1000       274.89     17180885
           32         1000       525.29     16415292
           64         1000      1048.25     16378840
          128         1000      2103.80     16435951
          256         1000      5007.71     19561386
          512         1000      3201.72      6253359
         1024         1000      5806.33      5670240
         2048         1000      9894.53      4831316
         4096         1000     15608.94      3810777
         8192         1000     21094.96      2575069
        16384         1000     24880.99      1518615
        32768         1000     25638.45       782423
        65536          640     26191.92       399657
       131072          320     25313.78       193129
       262144          160     23572.24        89921
       524288           80     22644.00        43190
      1048576           40     21598.01        20597
      2097152           20     22586.83        10770
      4194304           10     24385.88         5814

#---------------------------------------------------
# Benchmarking Biband 
# #processes = 16 
#---------------------------------------------------
       #bytes #repetitions   Mbytes/sec      Msg/sec
            0         1000         0.00       489024
            1         1000         0.49       488750
            2         1000         0.98       490988
            4         1000         1.96       488998
            8         1000         3.92       490474
           16         1000         7.87       491960
           32         1000        15.63       488511
           64         1000        31.30       488999
          128         1000        62.72       489986
          256         1000      2248.93      8784865
          512         1000      4183.63      8171159
         1024         1000      5089.69      4970403
         2048         1000      5610.43      2739466
         4096         1000      5800.12      1416044
         8192         1000      5957.30       727210
        16384         1000      5988.68       365520
        32768         1000      6029.68       184011
        65536          640      6050.37        92321
       131072          320      6060.99        46242
       262144          160      6109.65        23306
       524288           80      6115.70        11665
      1048576           40      6117.38         5834
      2097152           20      6112.80         2915
      4194304           10      6106.12         1456


# All processes entering MPI_Finalize

