#------------------------------------------------------------
#    Intel(R) MPI Benchmarks 2019 Update 5, MPI-1 part    
#------------------------------------------------------------
# Date                  : Wed Oct  7 09:36:56 2020
# Machine               : x86_64
# System                : Linux
# Release               : 3.10.0-1127.8.2.el7.x86_64
# Version               : #1 SMP Tue May 12 16:57:42 UTC 2020
# MPI Version           : 3.1
# MPI Thread Environment: 


# Calling sequence was: 

# IMB-MPI1 uniband -npmin 1 

# Minimum message length in bytes:   0
# Maximum message length in bytes:   4194304
#
# MPI_Datatype                   :   MPI_BYTE 
# MPI_Datatype for reductions    :   MPI_FLOAT 
# MPI_Op                         :   MPI_SUM  
# 
# 

# List of Benchmarks to run:

# Uniband

#---------------------------------------------------
# Benchmarking Uniband 
# #processes = 2 
# ( 62 additional processes waiting in MPI_Barrier)
#---------------------------------------------------
       #bytes #repetitions   Mbytes/sec      Msg/sec
            0         1000         0.00      4498179
            1         1000         3.99      3993243
            2         1000         8.77      4383298
            4         1000        17.44      4359553
            8         1000        34.91      4363635
           16         1000        69.84      4364984
           32         1000       136.35      4261007
           64         1000       271.54      4242833
          128         1000       542.63      4239292
          256         1000      1100.66      4299468
          512         1000      1184.64      2313742
         1024         1000      2321.13      2266725
         2048         1000      4005.46      1955789
         4096         1000      6063.51      1480349
         8192         1000      8055.32       983315
        16384         1000      8892.43       542751
        32768         1000      9384.26       286385
        65536          640      9517.18       145221
       131072          320      9650.91        73631
       262144          160      9122.39        34799
       524288           80      8327.03        15883
      1048576           40      8862.73         8452
      2097152           20      8879.94         4234
      4194304           10      8843.41         2108

#---------------------------------------------------
# Benchmarking Uniband 
# #processes = 4 
# ( 60 additional processes waiting in MPI_Barrier)
#---------------------------------------------------
       #bytes #repetitions   Mbytes/sec      Msg/sec
            0         1000         0.00      8707283
            1         1000         8.70      8701995
            2         1000        17.40      8698654
            4         1000        34.67      8667920
            8         1000        69.21      8651377
           16         1000       138.90      8681073
           32         1000       245.91      7684537
           64         1000       544.20      8503117
          128         1000      1087.99      8499960
          256         1000      2207.97      8624888
          512         1000      2355.08      4599773
         1024         1000      4617.73      4509499
         2048         1000      8036.14      3923896
         4096         1000     11870.32      2898027
         8192         1000     16058.97      1960324
        16384         1000     17478.56      1066807
        32768         1000     18441.65       562795
        65536          640     18652.00       284607
       131072          320     18842.63       143758
       262144          160     17256.11        65827
       524288           80     16152.00        30807
      1048576           40     17381.31        16576
      2097152           20     17383.71         8289
      4194304           10     17305.78         4126

#---------------------------------------------------
# Benchmarking Uniband 
# #processes = 8 
# ( 56 additional processes waiting in MPI_Barrier)
#---------------------------------------------------
       #bytes #repetitions   Mbytes/sec      Msg/sec
            0         1000         0.00     17572721
            1         1000        17.26     17259383
            2         1000        34.45     17226650
            4         1000        68.74     17185592
            8         1000       137.73     17216036
           16         1000       275.15     17196997
           32         1000       535.33     16729169
           64         1000      1067.52     16679926
          128         1000      2127.08     16617777
          256         1000      4310.30     16837116
          512         1000      4709.65      9198536
         1024         1000      9137.25      8923095
         2048         1000     15736.94      7684053
         4096         1000     23652.51      5774539
         8192         1000     32030.74      3910003
        16384         1000     34162.70      2085126
        32768         1000     36620.81      1117579
        65536          640     36872.10       562624
       131072          320     37259.80       284270
       262144          160     34158.04       130303
       524288           80     31733.41        60527
      1048576           40     34337.19        32746
      2097152           20     34535.35        16468
      4194304           10     33688.62         8032

#---------------------------------------------------
# Benchmarking Uniband 
# #processes = 16 
# ( 48 additional processes waiting in MPI_Barrier)
#---------------------------------------------------
       #bytes #repetitions   Mbytes/sec      Msg/sec
            0         1000         0.00     35768769
            1         1000        34.97     34972429
            2         1000        69.77     34884453
            4         1000       139.71     34927622
            8         1000       280.01     35001197
           16         1000       560.88     35055020
           32         1000      1077.33     33666639
           64         1000      2154.67     33666689
          128         1000      4287.45     33495692
          256         1000      8702.31     33993400
          512         1000      9303.41     18170718
         1024         1000     18220.84     17793792
         2048         1000     31559.09     15409712
         4096         1000     46518.77     11357121
         8192         1000     62229.78      7596408
        16384         1000     65061.14      3971017
        32768         1000     70287.62      2145008
        65536          640     71310.41      1088111
       131072          320     69770.80       532309
       262144          160     62980.56       240252
       524288           80     60613.27       115611
      1048576           40     58178.16        55483
      2097152           20     33679.97        16060
      4194304           10     27090.13         6459

#---------------------------------------------------
# Benchmarking Uniband 
# #processes = 32 
# ( 32 additional processes waiting in MPI_Barrier)
#---------------------------------------------------
       #bytes #repetitions   Mbytes/sec      Msg/sec
            0         1000         0.00     65982617
            1         1000        64.74     64738900
            2         1000       129.45     64724198
            4         1000       257.13     64281919
            8         1000       516.53     64566450
           16         1000      1032.57     64535745
           32         1000      1592.28     49758619
           64         1000      3153.54     49274100
          128         1000      5299.89     41405372
          256         1000     10176.71     39752774
          512         1000      8432.28     16469290
         1024         1000     16128.59     15750575
         2048         1000     17130.32      8364416
         4096         1000     19811.13      4836701
         8192         1000     18412.66      2247639
        16384         1000     18254.20      1114148
        32768         1000     18156.76       554100
        65536          640     18357.94       280120
       131072          320     18445.44       140728
       262144          160     18423.56        70280
       524288           80     18585.10        35448
      1048576           40     18034.75        17199
      2097152           20     17857.28         8515
      4194304           10     14814.84         3532

#---------------------------------------------------
# Benchmarking Uniband 
# #processes = 64 
#---------------------------------------------------
       #bytes #repetitions   Mbytes/sec      Msg/sec
            0         1000         0.00     40237330
            1         1000        40.08     40080055
            2         1000        79.75     39876513
            4         1000       158.64     39660943
            8         1000       318.27     39783585
           16         1000       634.78     39673764
           32         1000      1253.92     39185008
           64         1000      2684.60     41946943
          128         1000      4636.57     36223232
          256         1000      6300.88     24612812
          512         1000      8721.78     17034726
         1024         1000     10748.82     10496892
         2048         1000     11902.37      5811702
         4096         1000     12098.25      2953674
         8192         1000     12247.58      1495066
        16384         1000     12203.63       744851
        32768         1000     12286.02       374940
        65536          640     12326.72       188091
       131072          320     12335.93        94116
       262144          160     12377.54        47217
       524288           80     11898.27        22694
      1048576           40     12241.00        11674
      2097152           20     12209.73         5822
      4194304           10     12343.95         2943


# All processes entering MPI_Finalize

