2020-09-08T18:01:05+01:00|reframe 3.0-dev6 (rev: 3f0c45d4)|Gromacs_3000k_16 on alaska:ib-gcc9-openmpi4-ucx using gromacs|jobid=5227|ns_per_day=6.764|ns/day|ref=0 (l=None, u=None)|3000k-atoms,num_procs=512,num_nodes=16
2020-09-08T18:01:05+01:00|reframe 3.0-dev6 (rev: 3f0c45d4)|Gromacs_3000k_16 on alaska:ib-gcc9-openmpi4-ucx using gromacs|jobid=5227|hour_per_ns=3.548|hour/ns|ref=0 (l=None, u=None)|3000k-atoms,num_procs=512,num_nodes=16
2020-09-08T18:01:05+01:00|reframe 3.0-dev6 (rev: 3f0c45d4)|Gromacs_3000k_16 on alaska:ib-gcc9-openmpi4-ucx using gromacs|jobid=5227|core_t=261633.764|s|ref=0 (l=None, u=None)|3000k-atoms,num_procs=512,num_nodes=16
2020-09-08T18:01:05+01:00|reframe 3.0-dev6 (rev: 3f0c45d4)|Gromacs_3000k_16 on alaska:ib-gcc9-openmpi4-ucx using gromacs|jobid=5227|wall_t=255.502|s|ref=0 (l=None, u=None)|3000k-atoms,num_procs=512,num_nodes=16
2020-09-08T18:01:05+01:00|reframe 3.0-dev6 (rev: 3f0c45d4)|Gromacs_3000k_16 on alaska:ib-gcc9-openmpi4-ucx using gromacs|jobid=5227|runtime_real=267.932|s|ref=0 (l=None, u=None)|3000k-atoms,num_procs=512,num_nodes=16
2020-09-09T16:36:05+01:00|reframe 3.0-dev6 (rev: 3f0c45d4)|Gromacs_3000k_16 on alaska:ib-gcc9-openmpi4-ucx using gromacs|jobid=5275|ns_per_day=4.968|ns/day|ref=0 (l=None, u=None)|3000k-atoms,num_nodes=16,num_procs=512
2020-09-09T16:36:05+01:00|reframe 3.0-dev6 (rev: 3f0c45d4)|Gromacs_3000k_16 on alaska:ib-gcc9-openmpi4-ucx using gromacs|jobid=5275|hour_per_ns=4.831|hour/ns|ref=0 (l=None, u=None)|3000k-atoms,num_nodes=16,num_procs=512
2020-09-09T16:36:05+01:00|reframe 3.0-dev6 (rev: 3f0c45d4)|Gromacs_3000k_16 on alaska:ib-gcc9-openmpi4-ucx using gromacs|jobid=5275|core_t=356211.092|s|ref=0 (l=None, u=None)|3000k-atoms,num_nodes=16,num_procs=512
2020-09-09T16:36:05+01:00|reframe 3.0-dev6 (rev: 3f0c45d4)|Gromacs_3000k_16 on alaska:ib-gcc9-openmpi4-ucx using gromacs|jobid=5275|wall_t=347.862|s|ref=0 (l=None, u=None)|3000k-atoms,num_nodes=16,num_procs=512
2020-09-09T16:36:05+01:00|reframe 3.0-dev6 (rev: 3f0c45d4)|Gromacs_3000k_16 on alaska:ib-gcc9-openmpi4-ucx using gromacs|jobid=5275|runtime_real=360.676|s|ref=0 (l=None, u=None)|3000k-atoms,num_nodes=16,num_procs=512
2020-09-10T11:05:22+01:00|reframe 3.0-dev6 (rev: 3f0c45d4)|Gromacs_3000k_16 on alaska:ib-gcc9-openmpi4-ucx using gromacs|jobid=5310|ns_per_day=4.917|ns/day|ref=0 (l=None, u=None)|num_nodes=16,num_procs=512,3000k-atoms
2020-09-10T11:05:22+01:00|reframe 3.0-dev6 (rev: 3f0c45d4)|Gromacs_3000k_16 on alaska:ib-gcc9-openmpi4-ucx using gromacs|jobid=5310|hour_per_ns=4.881|hour/ns|ref=0 (l=None, u=None)|num_nodes=16,num_procs=512,3000k-atoms
2020-09-10T11:05:22+01:00|reframe 3.0-dev6 (rev: 3f0c45d4)|Gromacs_3000k_16 on alaska:ib-gcc9-openmpi4-ucx using gromacs|jobid=5310|core_t=359870.828|s|ref=0 (l=None, u=None)|num_nodes=16,num_procs=512,3000k-atoms
2020-09-10T11:05:22+01:00|reframe 3.0-dev6 (rev: 3f0c45d4)|Gromacs_3000k_16 on alaska:ib-gcc9-openmpi4-ucx using gromacs|jobid=5310|wall_t=351.436|s|ref=0 (l=None, u=None)|num_nodes=16,num_procs=512,3000k-atoms
2020-09-10T11:05:22+01:00|reframe 3.0-dev6 (rev: 3f0c45d4)|Gromacs_3000k_16 on alaska:ib-gcc9-openmpi4-ucx using gromacs|jobid=5310|runtime_real=363.793|s|ref=0 (l=None, u=None)|num_nodes=16,num_procs=512,3000k-atoms
2020-09-10T15:55:09+01:00|reframe 3.0-dev6 (rev: 3f0c45d4)|Gromacs_3000k_16 on alaska:ib-gcc9-openmpi4-ucx using gromacs|jobid=6404|ns_per_day=5.223|ns/day|ref=0 (l=None, u=None)|3000k-atoms,num_nodes=16,num_procs=512
2020-09-10T15:55:09+01:00|reframe 3.0-dev6 (rev: 3f0c45d4)|Gromacs_3000k_16 on alaska:ib-gcc9-openmpi4-ucx using gromacs|jobid=6404|hour_per_ns=4.595|hour/ns|ref=0 (l=None, u=None)|3000k-atoms,num_nodes=16,num_procs=512
2020-09-10T15:55:09+01:00|reframe 3.0-dev6 (rev: 3f0c45d4)|Gromacs_3000k_16 on alaska:ib-gcc9-openmpi4-ucx using gromacs|jobid=6404|core_t=338805.728|s|ref=0 (l=None, u=None)|3000k-atoms,num_nodes=16,num_procs=512
2020-09-10T15:55:09+01:00|reframe 3.0-dev6 (rev: 3f0c45d4)|Gromacs_3000k_16 on alaska:ib-gcc9-openmpi4-ucx using gromacs|jobid=6404|wall_t=330.865|s|ref=0 (l=None, u=None)|3000k-atoms,num_nodes=16,num_procs=512
2020-09-10T15:55:09+01:00|reframe 3.0-dev6 (rev: 3f0c45d4)|Gromacs_3000k_16 on alaska:ib-gcc9-openmpi4-ucx using gromacs|jobid=6404|runtime_real=342.631|s|ref=0 (l=None, u=None)|3000k-atoms,num_nodes=16,num_procs=512
