#------------------------------------------------------------
#    Intel(R) MPI Benchmarks 2019 Update 5, MPI-1 part    
#------------------------------------------------------------
# Date                  : Wed Oct  7 09:35:06 2020
# Machine               : x86_64
# System                : Linux
# Release               : 3.10.0-1127.8.2.el7.x86_64
# Version               : #1 SMP Tue May 12 16:57:42 UTC 2020
# MPI Version           : 3.1
# MPI Thread Environment: 


# Calling sequence was: 

# /alaska/steveb/spack/opt/spack/linux-centos7-broadwell/gcc-9.3.0/intel-mpi-benchmarks-2019.5-dwg5q6jdcxgwtiwi2lj32w4ttotvwqnt/bin/IMB-MPI1 uniband -npmin 1 

# Minimum message length in bytes:   0
# Maximum message length in bytes:   4194304
#
# MPI_Datatype                   :   MPI_BYTE 
# MPI_Datatype for reductions    :   MPI_FLOAT 
# MPI_Op                         :   MPI_SUM  
# 
# 

# List of Benchmarks to run:

# Uniband

#---------------------------------------------------
# Benchmarking Uniband 
# #processes = 2 
# ( 14 additional processes waiting in MPI_Barrier)
#---------------------------------------------------
       #bytes #repetitions   Mbytes/sec      Msg/sec
            0         1000         0.00      9048256
            1         1000         8.77      8772455
            2         1000        18.09      9045948
            4         1000        35.91      8976861
            8         1000        72.63      9079218
           16         1000       143.32      8957584
           32         1000       276.09      8627823
           64         1000       576.72      9011247
          128         1000       622.76      4865306
          256         1000      1080.47      4220582
          512         1000      1521.14      2970981
         1024         1000      2915.33      2847003
         2048         1000      5202.54      2540302
         4096         1000      7028.77      1716009
         8192         1000      8718.72      1064297
        16384         1000      6119.81       373524
        32768         1000      8308.67       253560
        65536          640     10166.66       155131
       131072          320     10708.89        81702
       262144          160      9341.57        35635
       524288           80      9273.76        17688
      1048576           40      9413.32         8977
      2097152           20      9510.38         4535
      4194304           10      9477.53         2260

#---------------------------------------------------
# Benchmarking Uniband 
# #processes = 4 
# ( 12 additional processes waiting in MPI_Barrier)
#---------------------------------------------------
       #bytes #repetitions   Mbytes/sec      Msg/sec
            0         1000         0.00     15839334
            1         1000        16.31     16305111
            2         1000        31.82     15907822
            4         1000        65.32     16330361
            8         1000       126.71     15838548
           16         1000       256.99     16061637
           32         1000       464.20     14506222
           64         1000       915.09     14298294
          128         1000       521.46      4073882
          256         1000       813.32      3177035
          512         1000      1470.50      2872064
         1024         1000      2774.73      2709692
         2048         1000      3878.83      1893962
         4096         1000      5255.57      1283099
         8192         1000      6644.32       811074
        16384         1000     12125.09       740057
        32768         1000     16510.23       503852
        65536          640     19313.27       294697
       131072          320     19810.96       151146
       262144          160     18830.10        71831
       524288           80     18557.93        35396
      1048576           40     18892.99        18018
      2097152           20     19020.25         9070
      4194304           10     18472.13         4404

#---------------------------------------------------
# Benchmarking Uniband 
# #processes = 8 
# ( 8 additional processes waiting in MPI_Barrier)
#---------------------------------------------------
       #bytes #repetitions   Mbytes/sec      Msg/sec
            0         1000         0.00     33178797
            1         1000        30.96     30962594
            2         1000        65.59     32794584
            4         1000       132.07     33018714
            8         1000       259.06     32382764
           16         1000       545.11     34069501
           32         1000       848.83     26525955
           64         1000      1974.39     30849770
          128         1000      1071.41      8370389
          256         1000      1619.81      6327392
          512         1000      2540.70      4962310
         1024         1000      5301.49      5177236
         2048         1000      7893.45      3854226
         4096         1000     10844.92      2647686
         8192         1000     13594.05      1659430
        16384         1000     20721.20      1264722
        32768         1000     33420.26      1019905
        65536          640     37873.85       577909
       131072          320     38437.04       293251
       262144          160     36837.38       140523
       524288           80     35631.86        67962
      1048576           40     36029.78        34361
      2097152           20     36322.79        17320
      4194304           10     35664.66         8503

#---------------------------------------------------
# Benchmarking Uniband 
# #processes = 16 
#---------------------------------------------------
       #bytes #repetitions   Mbytes/sec      Msg/sec
            0         1000         0.00     30718025
            1         1000        30.34     30341032
            2         1000        61.89     30945161
            4         1000       120.02     30005717
            8         1000       232.48     29060452
           16         1000       436.74     27296231
           32         1000       772.67     24145923
           64         1000      1244.42     19444082
          128         1000      1788.83     13975212
          256         1000      2272.51      8877008
          512         1000      2633.49      5143531
         1024         1000      2858.71      2791709
         2048         1000      2985.94      1457977
         4096         1000      2995.25       731261
         8192         1000      3029.09       369762
        16384         1000      3040.50       185577
        32768         1000      3033.90        92587
        65536          640      3030.64        46244
       131072          320      3058.42        23334
       262144          160      3060.93        11677
       524288           80      3062.30         5841
      1048576           40      3062.99         2921
      2097152           20      3063.33         1461
      4194304           10      3063.50          730


# All processes entering MPI_Finalize

